<?xml version="1.0" encoding="UTF-8"?>
<testsuites name="Landingly" time="1057.395" tests="34" failures="4" errors="0">
   <testsuite name="Landingly" tests="34" failures="4" errors="0" time="1057.395" skipped="0" timestamp="2023-10-09 19:38:22" hostname="TDS - DESKTOP-3BHH4MD" id="Test Suites/Landingly">
      <properties>
         <property name="deviceName" value=""/>
         <property name="devicePlatform" value=""/>
         <property name="logFolder" value="C:\\Users\\TDS\\git\\Landingly\\Reports\\20231009_193811\\Landingly\\20231009_193811"/>
         <property name="logFiles" value="C:\\Users\\TDS\\git\\Landingly\\Reports\\20231009_193811\\Landingly\\20231009_193811\\execution0.log"/>
         <property name="attachments" value="C:\\Users\\TDS\\git\\Landingly\\Reports\\20231009_193811\\Landingly\\20231009_193811\\1696862487159.png, C:\\Users\\TDS\\git\\Landingly\\Reports\\20231009_193811\\Landingly\\20231009_193811\\1696863359294.png"/>
         <property name="hostName" value="TDS - DESKTOP-3BHH4MD"/>
         <property name="os" value="Windows 10 64bit"/>
         <property name="katalonVersion" value="8.6.6.208"/>
         <property name="browser" value="Chrome 117.0.0.0"/>
         <property name="hostAddress" value="192.168.0.108"/>
         <property name="sessionId" value="8ce8467b1e5f714a748960407ab4ecfa"/>
         <property name="seleniumVersion" value="3.141.59"/>
         <property name="proxyInformation" value="ProxyInformation { proxyOption=NO_PROXY, proxyServerType=HTTP, username=, password=********, proxyServerAddress=, proxyServerPort=0, executionList=&quot;&quot;, isApplyToDesiredCapabilities=true }"/>
         <property name="platform" value="Windows 10"/>
      </properties>
      <testcase name="Test Cases/Contacts/TC001-contacts-Verify user can add new contact" time="37.94" classname="Test Cases/Contacts/TC001-contacts-Verify user can add new contact" status="PASSED">
         <system-out><![CDATA[2023-10-09 19:38:23 - [TEST_CASE][PASSED] - Test Cases/Contacts/TC001-contacts-Verify user can add new contact: Test Cases/Contacts/TC001-contacts-Verify user can add new contact

2023-10-09 19:38:25 - [TEST_STEP][PASSED] - openBrowser(""): Browser is opened with url: ''

2023-10-09 19:38:26 - [MESSAGE][INFO] - Starting 'Chrome' driver

2023-10-09 19:38:26 - [MESSAGE][INFO] - Action delay is set to 0 milliseconds

2023-10-09 19:38:33 - [MESSAGE][PASSED] - Browser is opened with url: ''

2023-10-09 19:38:33 - [TEST_STEP][PASSED] - maximizeWindow(): Current window maximized

2023-10-09 19:38:33 - [MESSAGE][PASSED] - Current window maximized

2023-10-09 19:38:33 - [TEST_STEP][PASSED] - navigateToUrl("https://app.landingly.com/"): Navigate to 'https://app.landingly.com/' successfully

2023-10-09 19:38:42 - [MESSAGE][PASSED] - Navigate to 'https://app.landingly.com/' successfully

2023-10-09 19:38:42 - [TEST_STEP][PASSED] - setText(findTestObject("Object Repository/Contacts/TC001-contacts-Verify user can add new contact/Page_Landingly  Login/input_Email_login-email"), "sqaahmadtahir@gmail.com"): Text 'sqaahmadtahir@gmail.com' is set on object 'Object Repository/Contacts/TC001-contacts-Verify user can add new contact/Page_Landingly  Login/input_Email_login-email'

2023-10-09 19:38:44 - [MESSAGE][PASSED] - Text 'sqaahmadtahir@gmail.com' is set on object 'Object Repository/Contacts/TC001-contacts-Verify user can add new contact/Page_Landingly  Login/input_Email_login-email'

2023-10-09 19:38:44 - [TEST_STEP][PASSED] - setEncryptedText(findTestObject("Object Repository/Contacts/TC001-contacts-Verify user can add new contact/Page_Landingly  Login/input_Forgot Password_login-password"), "/5S6MFFLcE5DAenbZpYNsQ=="): Text ****** has been set on object 'Object Repository/Contacts/TC001-contacts-Verify user can add new contact/Page_Landingly  Login/input_Forgot Password_login-password'

2023-10-09 19:38:45 - [MESSAGE][PASSED] - Text ****** has been set on object 'Object Repository/Contacts/TC001-contacts-Verify user can add new contact/Page_Landingly  Login/input_Forgot Password_login-password'

2023-10-09 19:38:45 - [TEST_STEP][PASSED] - click(findTestObject("Object Repository/Contacts/TC001-contacts-Verify user can add new contact/Page_Landingly  Login/button_Sign in")): Object: 'Object Repository/Contacts/TC001-contacts-Verify user can add new contact/Page_Landingly  Login/button_Sign in' is clicked on

2023-10-09 19:38:46 - [MESSAGE][PASSED] - Object: 'Object Repository/Contacts/TC001-contacts-Verify user can add new contact/Page_Landingly  Login/button_Sign in' is clicked on

2023-10-09 19:38:46 - [TEST_STEP][PASSED] - click(findTestObject("Object Repository/Contacts/TC001-contacts-Verify user can add new contact/Page_Landingly/a_Contacts")): Object: 'Object Repository/Contacts/TC001-contacts-Verify user can add new contact/Page_Landingly/a_Contacts' is clicked on

2023-10-09 19:38:48 - [MESSAGE][PASSED] - Object: 'Object Repository/Contacts/TC001-contacts-Verify user can add new contact/Page_Landingly/a_Contacts' is clicked on

2023-10-09 19:38:48 - [TEST_STEP][PASSED] - click(findTestObject("Object Repository/Contacts/TC001-contacts-Verify user can add new contact/Page_Landingly  Contacts/button_New Contact")): Object: 'Object Repository/Contacts/TC001-contacts-Verify user can add new contact/Page_Landingly  Contacts/button_New Contact' is clicked on

2023-10-09 19:38:51 - [MESSAGE][PASSED] - Object: 'Object Repository/Contacts/TC001-contacts-Verify user can add new contact/Page_Landingly  Contacts/button_New Contact' is clicked on

2023-10-09 19:38:51 - [TEST_STEP][PASSED] - setText(findTestObject("Object Repository/Contacts/TC001-contacts-Verify user can add new contact/Page_Landingly  Contacts/input__Name"), "new test contact"): Text 'new test contact' is set on object 'Object Repository/Contacts/TC001-contacts-Verify user can add new contact/Page_Landingly  Contacts/input__Name'

2023-10-09 19:38:54 - [MESSAGE][PASSED] - Text 'new test contact' is set on object 'Object Repository/Contacts/TC001-contacts-Verify user can add new contact/Page_Landingly  Contacts/input__Name'

2023-10-09 19:38:54 - [TEST_STEP][PASSED] - address = customKeywords.Emailautomation.populateEmail(): customKeywords.Emailautomation.populateEmail is PASSED

2023-10-09 19:38:54 - [MESSAGE][PASSED] - customKeywords.Emailautomation.populateEmail is PASSED

2023-10-09 19:38:54 - [TEST_STEP][PASSED] - setText(findTestObject("Object Repository/Contacts/TC001-contacts-Verify user can add new contact/Page_Landingly  Contacts/input__Email"), address): Text 'test1582222263774800@itest.com' is set on object 'Object Repository/Contacts/TC001-contacts-Verify user can add new contact/Page_Landingly  Contacts/input__Email'

2023-10-09 19:38:56 - [MESSAGE][PASSED] - Text 'test1582222263774800@itest.com' is set on object 'Object Repository/Contacts/TC001-contacts-Verify user can add new contact/Page_Landingly  Contacts/input__Email'

2023-10-09 19:38:56 - [TEST_STEP][PASSED] - click(findTestObject("Object Repository/Contacts/TC001-contacts-Verify user can add new contact/Page_Landingly  Contacts/input__ProjectIds")): Object: 'Object Repository/Contacts/TC001-contacts-Verify user can add new contact/Page_Landingly  Contacts/input__ProjectIds' is clicked on

2023-10-09 19:38:56 - [MESSAGE][PASSED] - Object: 'Object Repository/Contacts/TC001-contacts-Verify user can add new contact/Page_Landingly  Contacts/input__ProjectIds' is clicked on

2023-10-09 19:38:56 - [TEST_STEP][PASSED] - click(findTestObject("Object Repository/Contacts/TC001-contacts-Verify user can add new contact/Page_Landingly  Contacts/span_new optin project")): Object: 'Object Repository/Contacts/TC001-contacts-Verify user can add new contact/Page_Landingly  Contacts/span_new optin project' is clicked on

2023-10-09 19:38:57 - [MESSAGE][PASSED] - Object: 'Object Repository/Contacts/TC001-contacts-Verify user can add new contact/Page_Landingly  Contacts/span_new optin project' is clicked on

2023-10-09 19:38:57 - [TEST_STEP][PASSED] - click(findTestObject("Object Repository/Contacts/TC001-contacts-Verify user can add new contact/Page_Landingly  Contacts/button_Save")): Object: 'Object Repository/Contacts/TC001-contacts-Verify user can add new contact/Page_Landingly  Contacts/button_Save' is clicked on

2023-10-09 19:38:58 - [MESSAGE][PASSED] - Object: 'Object Repository/Contacts/TC001-contacts-Verify user can add new contact/Page_Landingly  Contacts/button_Save' is clicked on

2023-10-09 19:38:58 - [TEST_STEP][PASSED] - verifyElementText(findTestObject("Object Repository/Contacts/TC001-contacts-Verify user can add new contact/Page_Landingly  Contacts/div_Contact is added successfully"), "Contact is added successfully"): Actual text and expected text of test object 'Object Repository/Contacts/TC001-contacts-Verify user can add new contact/Page_Landingly  Contacts/div_Contact is added successfully' are matched.

2023-10-09 19:39:00 - [MESSAGE][PASSED] - Actual text and expected text of test object 'Object Repository/Contacts/TC001-contacts-Verify user can add new contact/Page_Landingly  Contacts/div_Contact is added successfully' are matched.

2023-10-09 19:39:00 - [TEST_STEP][PASSED] - closeBrowser(): Browser is closed

2023-10-09 19:39:01 - [MESSAGE][PASSED] - Browser is closed]]></system-out>
         <system-err><![CDATA[]]></system-err>
      </testcase>
      <testcase name="Test Cases/Dashboard/TC014-Verify user can click on continue button" time="21.998" classname="Test Cases/Dashboard/TC014-Verify user can click on continue button" status="PASSED">
         <system-out><![CDATA[2023-10-09 19:39:01 - [TEST_CASE][PASSED] - Test Cases/Dashboard/TC014-Verify user can click on continue button: Test Cases/Dashboard/TC014-Verify user can click on continue button

2023-10-09 19:39:02 - [TEST_STEP][PASSED] - openBrowser(""): Browser is opened with url: ''

2023-10-09 19:39:02 - [MESSAGE][INFO] - Starting 'Chrome' driver

2023-10-09 19:39:02 - [MESSAGE][INFO] - Action delay is set to 0 milliseconds

2023-10-09 19:39:05 - [MESSAGE][PASSED] - Browser is opened with url: ''

2023-10-09 19:39:05 - [TEST_STEP][PASSED] - maximizeWindow(): Current window maximized

2023-10-09 19:39:05 - [MESSAGE][PASSED] - Current window maximized

2023-10-09 19:39:05 - [TEST_STEP][PASSED] - navigateToUrl("https://app.landingly.com/"): Navigate to 'https://app.landingly.com/' successfully

2023-10-09 19:39:11 - [MESSAGE][PASSED] - Navigate to 'https://app.landingly.com/' successfully

2023-10-09 19:39:11 - [TEST_STEP][PASSED] - setText(findTestObject("Object Repository/Dashboard/TC014-Verify user can click on continue button/Page_Landingly  Login/input_Email_login-email"), "sqaahmadtahir@gmail.com"): Text 'sqaahmadtahir@gmail.com' is set on object 'Object Repository/Dashboard/TC014-Verify user can click on continue button/Page_Landingly  Login/input_Email_login-email'

2023-10-09 19:39:12 - [MESSAGE][PASSED] - Text 'sqaahmadtahir@gmail.com' is set on object 'Object Repository/Dashboard/TC014-Verify user can click on continue button/Page_Landingly  Login/input_Email_login-email'

2023-10-09 19:39:12 - [TEST_STEP][PASSED] - setEncryptedText(findTestObject("Object Repository/Dashboard/TC014-Verify user can click on continue button/Page_Landingly  Login/input_Forgot Password_login-password"), "/5S6MFFLcE5DAenbZpYNsQ=="): Text ****** has been set on object 'Object Repository/Dashboard/TC014-Verify user can click on continue button/Page_Landingly  Login/input_Forgot Password_login-password'

2023-10-09 19:39:13 - [MESSAGE][PASSED] - Text ****** has been set on object 'Object Repository/Dashboard/TC014-Verify user can click on continue button/Page_Landingly  Login/input_Forgot Password_login-password'

2023-10-09 19:39:13 - [TEST_STEP][PASSED] - click(findTestObject("Object Repository/Dashboard/TC014-Verify user can click on continue button/Page_Landingly  Login/button_Sign in")): Object: 'Object Repository/Dashboard/TC014-Verify user can click on continue button/Page_Landingly  Login/button_Sign in' is clicked on

2023-10-09 19:39:13 - [MESSAGE][PASSED] - Object: 'Object Repository/Dashboard/TC014-Verify user can click on continue button/Page_Landingly  Login/button_Sign in' is clicked on

2023-10-09 19:39:13 - [TEST_STEP][PASSED] - click(findTestObject("Object Repository/Dashboard/TC014-Verify user can click on continue button/Page_Landingly/button_Continue")): Object: 'Object Repository/Dashboard/TC014-Verify user can click on continue button/Page_Landingly/button_Continue' is clicked on

2023-10-09 19:39:16 - [MESSAGE][PASSED] - Object: 'Object Repository/Dashboard/TC014-Verify user can click on continue button/Page_Landingly/button_Continue' is clicked on

2023-10-09 19:39:16 - [TEST_STEP][PASSED] - verifyElementText(findTestObject("Object Repository/Dashboard/TC014-Verify user can click on continue button/Page_Landingly  Projects/h2_Projects"), "Projects"): Actual text and expected text of test object 'Object Repository/Dashboard/TC014-Verify user can click on continue button/Page_Landingly  Projects/h2_Projects' are matched.

2023-10-09 19:39:21 - [MESSAGE][PASSED] - Actual text and expected text of test object 'Object Repository/Dashboard/TC014-Verify user can click on continue button/Page_Landingly  Projects/h2_Projects' are matched.

2023-10-09 19:39:21 - [TEST_STEP][PASSED] - closeBrowser(): Browser is closed

2023-10-09 19:39:23 - [MESSAGE][PASSED] - Browser is closed]]></system-out>
         <system-err><![CDATA[]]></system-err>
      </testcase>
      <testcase name="Test Cases/Dashboard/TC015-Verify user can change theme dark-light" time="4.31" classname="Test Cases/Dashboard/TC015-Verify user can change theme dark-light" status="FAILED">
         <failure type="FAILED" message="Test Cases/Dashboard/TC015-Verify user can change theme dark-light FAILED.
Reason:
com.kms.katalon.core.exception.StepFailedException: Unable to open browser with url: ''
	at com.kms.katalon.core.webui.keyword.internal.WebUIKeywordMain.stepFailed(WebUIKeywordMain.groovy:64)
	at com.kms.katalon.core.webui.keyword.internal.WebUIKeywordMain.runKeyword(WebUIKeywordMain.groovy:26)
	at com.kms.katalon.core.webui.keyword.builtin.OpenBrowserKeyword.openBrowser(OpenBrowserKeyword.groovy:81)
	at com.kms.katalon.core.webui.keyword.builtin.OpenBrowserKeyword.execute(OpenBrowserKeyword.groovy:67)
	at com.kms.katalon.core.keyword.internal.KeywordExecutor.executeKeywordForPlatform(KeywordExecutor.groovy:74)
	at com.kms.katalon.core.webui.keyword.WebUiBuiltInKeywords.openBrowser(WebUiBuiltInKeywords.groovy:64)
	at com.kms.katalon.core.webui.keyword.WebUiBuiltInKeywords$openBrowser.call(Unknown Source)
	at TC015-Verify user can change theme dark-light.run(TC015-Verify user can change theme dark-light:20)
	at com.kms.katalon.core.main.ScriptEngine.run(ScriptEngine.java:194)
	at com.kms.katalon.core.main.ScriptEngine.runScriptAsRawText(ScriptEngine.java:119)
	at com.kms.katalon.core.main.TestCaseExecutor.runScript(TestCaseExecutor.java:448)
	at com.kms.katalon.core.main.TestCaseExecutor.doExecute(TestCaseExecutor.java:439)
	at com.kms.katalon.core.main.TestCaseExecutor.processExecutionPhase(TestCaseExecutor.java:418)
	at com.kms.katalon.core.main.TestCaseExecutor.accessMainPhase(TestCaseExecutor.java:410)
	at com.kms.katalon.core.main.TestCaseExecutor.execute(TestCaseExecutor.java:285)
	at com.kms.katalon.core.common.CommonExecutor.accessTestCaseMainPhase(CommonExecutor.java:65)
	at com.kms.katalon.core.main.TestSuiteExecutor.accessTestSuiteMainPhase(TestSuiteExecutor.java:148)
	at com.kms.katalon.core.main.TestSuiteExecutor.execute(TestSuiteExecutor.java:106)
	at com.kms.katalon.core.main.TestCaseMain.startTestSuite(TestCaseMain.java:187)
	at com.kms.katalon.core.main.TestCaseMain$startTestSuite$0.call(Unknown Source)
	at TempTestSuite1696862291107.run(TempTestSuite1696862291107.groovy:36)
Caused by: org.openqa.selenium.SessionNotCreatedException: session not created
from no such execution context: uniqueContextId not found
  (Session info: chrome=117.0.5938.149)
Build info: version: '3.141.59', revision: 'e82be7d358', time: '2018-11-14T08:25:53'
System info: host: 'DESKTOP-3BHH4MD', ip: '192.168.0.108', os.name: 'Windows 10', os.arch: 'amd64', os.version: '10.0', java.version: '1.8.0_362'
Driver info: driver.version: CChromeDriver
remote stacktrace: 	GetHandleVerifier [0x00007FF6CAD052A2+57122]
	(No symbol) [0x00007FF6CAC7EA92]
	(No symbol) [0x00007FF6CAB4E3AB]
	(No symbol) [0x00007FF6CAB3C6E6]
	(No symbol) [0x00007FF6CAB3AA3B]
	(No symbol) [0x00007FF6CAB3B31E]
	(No symbol) [0x00007FF6CAB51FE7]
	(No symbol) [0x00007FF6CAB53D2F]
	(No symbol) [0x00007FF6CAB53E20]
	(No symbol) [0x00007FF6CABAFF28]
	(No symbol) [0x00007FF6CABAE5B0]
	(No symbol) [0x00007FF6CABA6DB3]
	(No symbol) [0x00007FF6CAB7D2B1]
	(No symbol) [0x00007FF6CAB7E494]
	GetHandleVerifier [0x00007FF6CAFAEF82+2849794]
	GetHandleVerifier [0x00007FF6CB001D24+3189156]
	GetHandleVerifier [0x00007FF6CAFFACAF+3160367]
	GetHandleVerifier [0x00007FF6CAD96D06+653702]
	(No symbol) [0x00007FF6CAC8A208]
	(No symbol) [0x00007FF6CAC862C4]
	(No symbol) [0x00007FF6CAC863F6]
	(No symbol) [0x00007FF6CAC767A3]
	BaseThreadInitThunk [0x00007FFFA9FD7344+20]
	RtlUserThreadStart [0x00007FFFABC826B1+33]

	at org.openqa.selenium.remote.W3CHandshakeResponse.lambda$errorHandler$0(W3CHandshakeResponse.java:62)
	at org.openqa.selenium.remote.HandshakeResponse.lambda$getResponseFunction$0(HandshakeResponse.java:30)
	at org.openqa.selenium.remote.ProtocolHandshake.lambda$createSession$0(ProtocolHandshake.java:126)
	at org.openqa.selenium.remote.ProtocolHandshake.createSession(ProtocolHandshake.java:128)
	at org.openqa.selenium.remote.ProtocolHandshake.createSession(ProtocolHandshake.java:74)
	at org.openqa.selenium.remote.HttpCommandExecutor.execute(HttpCommandExecutor.java:136)
	at org.openqa.selenium.remote.service.DriverCommandExecutor.execute(DriverCommandExecutor.java:83)
	at org.openqa.selenium.remote.RemoteWebDriver.execute(RemoteWebDriver.java:552)
	at com.kms.katalon.selenium.driver.CChromeDriver.execute(CChromeDriver.java:19)
	at org.openqa.selenium.remote.RemoteWebDriver.startSession(RemoteWebDriver.java:213)
	at org.openqa.selenium.remote.RemoteWebDriver.&lt;init>(RemoteWebDriver.java:131)
	at org.openqa.selenium.chrome.ChromeDriver.&lt;init>(ChromeDriver.java:181)
	at org.openqa.selenium.chrome.ChromeDriver.&lt;init>(ChromeDriver.java:147)
	at com.kms.katalon.selenium.driver.CChromeDriver.&lt;init>(CChromeDriver.java:13)
	at com.kms.katalon.core.webui.driver.DriverFactory.createNewChromeDriver(DriverFactory.java:441)
	at com.kms.katalon.core.webui.driver.DriverFactory.startNewBrowser(DriverFactory.java:374)
	at com.kms.katalon.core.webui.driver.DriverFactory.openWebDriver(DriverFactory.java:263)
	at com.kms.katalon.core.webui.keyword.builtin.OpenBrowserKeyword$_openBrowser_closure1.doCall(OpenBrowserKeyword.groovy:74)
	at com.kms.katalon.core.webui.keyword.builtin.OpenBrowserKeyword$_openBrowser_closure1.call(OpenBrowserKeyword.groovy)
	at com.kms.katalon.core.webui.keyword.internal.WebUIKeywordMain.runKeyword(WebUIKeywordMain.groovy:20)
	... 19 more
"/>
         <system-out><![CDATA[2023-10-09 19:39:23 - [TEST_CASE][FAILED] - Test Cases/Dashboard/TC015-Verify user can change theme dark-light: Test Cases/Dashboard/TC015-Verify user can change theme dark-light FAILED.
Reason:
com.kms.katalon.core.exception.StepFailedException: Unable to open browser with url: ''
	at com.kms.katalon.core.webui.keyword.internal.WebUIKeywordMain.stepFailed(WebUIKeywordMain.groovy:64)
	at com.kms.katalon.core.webui.keyword.internal.WebUIKeywordMain.runKeyword(WebUIKeywordMain.groovy:26)
	at com.kms.katalon.core.webui.keyword.builtin.OpenBrowserKeyword.openBrowser(OpenBrowserKeyword.groovy:81)
	at com.kms.katalon.core.webui.keyword.builtin.OpenBrowserKeyword.execute(OpenBrowserKeyword.groovy:67)
	at com.kms.katalon.core.keyword.internal.KeywordExecutor.executeKeywordForPlatform(KeywordExecutor.groovy:74)
	at com.kms.katalon.core.webui.keyword.WebUiBuiltInKeywords.openBrowser(WebUiBuiltInKeywords.groovy:64)
	at com.kms.katalon.core.webui.keyword.WebUiBuiltInKeywords$openBrowser.call(Unknown Source)
	at TC015-Verify user can change theme dark-light.run(TC015-Verify user can change theme dark-light:20)
	at com.kms.katalon.core.main.ScriptEngine.run(ScriptEngine.java:194)
	at com.kms.katalon.core.main.ScriptEngine.runScriptAsRawText(ScriptEngine.java:119)
	at com.kms.katalon.core.main.TestCaseExecutor.runScript(TestCaseExecutor.java:448)
	at com.kms.katalon.core.main.TestCaseExecutor.doExecute(TestCaseExecutor.java:439)
	at com.kms.katalon.core.main.TestCaseExecutor.processExecutionPhase(TestCaseExecutor.java:418)
	at com.kms.katalon.core.main.TestCaseExecutor.accessMainPhase(TestCaseExecutor.java:410)
	at com.kms.katalon.core.main.TestCaseExecutor.execute(TestCaseExecutor.java:285)
	at com.kms.katalon.core.common.CommonExecutor.accessTestCaseMainPhase(CommonExecutor.java:65)
	at com.kms.katalon.core.main.TestSuiteExecutor.accessTestSuiteMainPhase(TestSuiteExecutor.java:148)
	at com.kms.katalon.core.main.TestSuiteExecutor.execute(TestSuiteExecutor.java:106)
	at com.kms.katalon.core.main.TestCaseMain.startTestSuite(TestCaseMain.java:187)
	at com.kms.katalon.core.main.TestCaseMain$startTestSuite$0.call(Unknown Source)
	at TempTestSuite1696862291107.run(TempTestSuite1696862291107.groovy:36)
Caused by: org.openqa.selenium.SessionNotCreatedException: session not created
from no such execution context: uniqueContextId not found
  (Session info: chrome=117.0.5938.149)
Build info: version: '3.141.59', revision: 'e82be7d358', time: '2018-11-14T08:25:53'
System info: host: 'DESKTOP-3BHH4MD', ip: '192.168.0.108', os.name: 'Windows 10', os.arch: 'amd64', os.version: '10.0', java.version: '1.8.0_362'
Driver info: driver.version: CChromeDriver
remote stacktrace: 	GetHandleVerifier [0x00007FF6CAD052A2+57122]
	(No symbol) [0x00007FF6CAC7EA92]
	(No symbol) [0x00007FF6CAB4E3AB]
	(No symbol) [0x00007FF6CAB3C6E6]
	(No symbol) [0x00007FF6CAB3AA3B]
	(No symbol) [0x00007FF6CAB3B31E]
	(No symbol) [0x00007FF6CAB51FE7]
	(No symbol) [0x00007FF6CAB53D2F]
	(No symbol) [0x00007FF6CAB53E20]
	(No symbol) [0x00007FF6CABAFF28]
	(No symbol) [0x00007FF6CABAE5B0]
	(No symbol) [0x00007FF6CABA6DB3]
	(No symbol) [0x00007FF6CAB7D2B1]
	(No symbol) [0x00007FF6CAB7E494]
	GetHandleVerifier [0x00007FF6CAFAEF82+2849794]
	GetHandleVerifier [0x00007FF6CB001D24+3189156]
	GetHandleVerifier [0x00007FF6CAFFACAF+3160367]
	GetHandleVerifier [0x00007FF6CAD96D06+653702]
	(No symbol) [0x00007FF6CAC8A208]
	(No symbol) [0x00007FF6CAC862C4]
	(No symbol) [0x00007FF6CAC863F6]
	(No symbol) [0x00007FF6CAC767A3]
	BaseThreadInitThunk [0x00007FFFA9FD7344+20]
	RtlUserThreadStart [0x00007FFFABC826B1+33]

	at org.openqa.selenium.remote.W3CHandshakeResponse.lambda$errorHandler$0(W3CHandshakeResponse.java:62)
	at org.openqa.selenium.remote.HandshakeResponse.lambda$getResponseFunction$0(HandshakeResponse.java:30)
	at org.openqa.selenium.remote.ProtocolHandshake.lambda$createSession$0(ProtocolHandshake.java:126)
	at org.openqa.selenium.remote.ProtocolHandshake.createSession(ProtocolHandshake.java:128)
	at org.openqa.selenium.remote.ProtocolHandshake.createSession(ProtocolHandshake.java:74)
	at org.openqa.selenium.remote.HttpCommandExecutor.execute(HttpCommandExecutor.java:136)
	at org.openqa.selenium.remote.service.DriverCommandExecutor.execute(DriverCommandExecutor.java:83)
	at org.openqa.selenium.remote.RemoteWebDriver.execute(RemoteWebDriver.java:552)
	at com.kms.katalon.selenium.driver.CChromeDriver.execute(CChromeDriver.java:19)
	at org.openqa.selenium.remote.RemoteWebDriver.startSession(RemoteWebDriver.java:213)
	at org.openqa.selenium.remote.RemoteWebDriver.<init>(RemoteWebDriver.java:131)
	at org.openqa.selenium.chrome.ChromeDriver.<init>(ChromeDriver.java:181)
	at org.openqa.selenium.chrome.ChromeDriver.<init>(ChromeDriver.java:147)
	at com.kms.katalon.selenium.driver.CChromeDriver.<init>(CChromeDriver.java:13)
	at com.kms.katalon.core.webui.driver.DriverFactory.createNewChromeDriver(DriverFactory.java:441)
	at com.kms.katalon.core.webui.driver.DriverFactory.startNewBrowser(DriverFactory.java:374)
	at com.kms.katalon.core.webui.driver.DriverFactory.openWebDriver(DriverFactory.java:263)
	at com.kms.katalon.core.webui.keyword.builtin.OpenBrowserKeyword$_openBrowser_closure1.doCall(OpenBrowserKeyword.groovy:74)
	at com.kms.katalon.core.webui.keyword.builtin.OpenBrowserKeyword$_openBrowser_closure1.call(OpenBrowserKeyword.groovy)
	at com.kms.katalon.core.webui.keyword.internal.WebUIKeywordMain.runKeyword(WebUIKeywordMain.groovy:20)
	... 19 more


2023-10-09 19:39:24 - [TEST_STEP][FAILED] - openBrowser(""): Unable to open browser with url: '' (Root cause: com.kms.katalon.core.exception.StepFailedException: Unable to open browser with url: ''
	at com.kms.katalon.core.webui.keyword.internal.WebUIKeywordMain.stepFailed(WebUIKeywordMain.groovy:64)
	at com.kms.katalon.core.webui.keyword.internal.WebUIKeywordMain.runKeyword(WebUIKeywordMain.groovy:26)
	at com.kms.katalon.core.webui.keyword.builtin.OpenBrowserKeyword.openBrowser(OpenBrowserKeyword.groovy:81)
	at com.kms.katalon.core.webui.keyword.builtin.OpenBrowserKeyword.execute(OpenBrowserKeyword.groovy:67)
	at com.kms.katalon.core.keyword.internal.KeywordExecutor.executeKeywordForPlatform(KeywordExecutor.groovy:74)
	at com.kms.katalon.core.webui.keyword.WebUiBuiltInKeywords.openBrowser(WebUiBuiltInKeywords.groovy:64)
	at com.kms.katalon.core.webui.keyword.WebUiBuiltInKeywords$openBrowser.call(Unknown Source)
	at TC015-Verify user can change theme dark-light.run(TC015-Verify user can change theme dark-light:20)
	at com.kms.katalon.core.main.ScriptEngine.run(ScriptEngine.java:194)
	at com.kms.katalon.core.main.ScriptEngine.runScriptAsRawText(ScriptEngine.java:119)
	at com.kms.katalon.core.main.TestCaseExecutor.runScript(TestCaseExecutor.java:448)
	at com.kms.katalon.core.main.TestCaseExecutor.doExecute(TestCaseExecutor.java:439)
	at com.kms.katalon.core.main.TestCaseExecutor.processExecutionPhase(TestCaseExecutor.java:418)
	at com.kms.katalon.core.main.TestCaseExecutor.accessMainPhase(TestCaseExecutor.java:410)
	at com.kms.katalon.core.main.TestCaseExecutor.execute(TestCaseExecutor.java:285)
	at com.kms.katalon.core.common.CommonExecutor.accessTestCaseMainPhase(CommonExecutor.java:65)
	at com.kms.katalon.core.main.TestSuiteExecutor.accessTestSuiteMainPhase(TestSuiteExecutor.java:148)
	at com.kms.katalon.core.main.TestSuiteExecutor.execute(TestSuiteExecutor.java:106)
	at com.kms.katalon.core.main.TestCaseMain.startTestSuite(TestCaseMain.java:187)
	at com.kms.katalon.core.main.TestCaseMain$startTestSuite$0.call(Unknown Source)
	at TempTestSuite1696862291107.run(TempTestSuite1696862291107.groovy:36)
Caused by: org.openqa.selenium.SessionNotCreatedException: session not created
from no such execution context: uniqueContextId not found
  (Session info: chrome=117.0.5938.149)
Build info: version: '3.141.59', revision: 'e82be7d358', time: '2018-11-14T08:25:53'
System info: host: 'DESKTOP-3BHH4MD', ip: '192.168.0.108', os.name: 'Windows 10', os.arch: 'amd64', os.version: '10.0', java.version: '1.8.0_362'
Driver info: driver.version: CChromeDriver
remote stacktrace: 	GetHandleVerifier [0x00007FF6CAD052A2+57122]
	(No symbol) [0x00007FF6CAC7EA92]
	(No symbol) [0x00007FF6CAB4E3AB]
	(No symbol) [0x00007FF6CAB3C6E6]
	(No symbol) [0x00007FF6CAB3AA3B]
	(No symbol) [0x00007FF6CAB3B31E]
	(No symbol) [0x00007FF6CAB51FE7]
	(No symbol) [0x00007FF6CAB53D2F]
	(No symbol) [0x00007FF6CAB53E20]
	(No symbol) [0x00007FF6CABAFF28]
	(No symbol) [0x00007FF6CABAE5B0]
	(No symbol) [0x00007FF6CABA6DB3]
	(No symbol) [0x00007FF6CAB7D2B1]
	(No symbol) [0x00007FF6CAB7E494]
	GetHandleVerifier [0x00007FF6CAFAEF82+2849794]
	GetHandleVerifier [0x00007FF6CB001D24+3189156]
	GetHandleVerifier [0x00007FF6CAFFACAF+3160367]
	GetHandleVerifier [0x00007FF6CAD96D06+653702]
	(No symbol) [0x00007FF6CAC8A208]
	(No symbol) [0x00007FF6CAC862C4]
	(No symbol) [0x00007FF6CAC863F6]
	(No symbol) [0x00007FF6CAC767A3]
	BaseThreadInitThunk [0x00007FFFA9FD7344+20]
	RtlUserThreadStart [0x00007FFFABC826B1+33]

	at org.openqa.selenium.remote.W3CHandshakeResponse.lambda$errorHandler$0(W3CHandshakeResponse.java:62)
	at org.openqa.selenium.remote.HandshakeResponse.lambda$getResponseFunction$0(HandshakeResponse.java:30)
	at org.openqa.selenium.remote.ProtocolHandshake.lambda$createSession$0(ProtocolHandshake.java:126)
	at org.openqa.selenium.remote.ProtocolHandshake.createSession(ProtocolHandshake.java:128)
	at org.openqa.selenium.remote.ProtocolHandshake.createSession(ProtocolHandshake.java:74)
	at org.openqa.selenium.remote.HttpCommandExecutor.execute(HttpCommandExecutor.java:136)
	at org.openqa.selenium.remote.service.DriverCommandExecutor.execute(DriverCommandExecutor.java:83)
	at org.openqa.selenium.remote.RemoteWebDriver.execute(RemoteWebDriver.java:552)
	at com.kms.katalon.selenium.driver.CChromeDriver.execute(CChromeDriver.java:19)
	at org.openqa.selenium.remote.RemoteWebDriver.startSession(RemoteWebDriver.java:213)
	at org.openqa.selenium.remote.RemoteWebDriver.<init>(RemoteWebDriver.java:131)
	at org.openqa.selenium.chrome.ChromeDriver.<init>(ChromeDriver.java:181)
	at org.openqa.selenium.chrome.ChromeDriver.<init>(ChromeDriver.java:147)
	at com.kms.katalon.selenium.driver.CChromeDriver.<init>(CChromeDriver.java:13)
	at com.kms.katalon.core.webui.driver.DriverFactory.createNewChromeDriver(DriverFactory.java:441)
	at com.kms.katalon.core.webui.driver.DriverFactory.startNewBrowser(DriverFactory.java:374)
	at com.kms.katalon.core.webui.driver.DriverFactory.openWebDriver(DriverFactory.java:263)
	at com.kms.katalon.core.webui.keyword.builtin.OpenBrowserKeyword$_openBrowser_closure1.doCall(OpenBrowserKeyword.groovy:74)
	at com.kms.katalon.core.webui.keyword.builtin.OpenBrowserKeyword$_openBrowser_closure1.call(OpenBrowserKeyword.groovy)
	at com.kms.katalon.core.webui.keyword.internal.WebUIKeywordMain.runKeyword(WebUIKeywordMain.groovy:20)
	at com.kms.katalon.core.webui.keyword.builtin.OpenBrowserKeyword.openBrowser(OpenBrowserKeyword.groovy:81)
	at com.kms.katalon.core.webui.keyword.builtin.OpenBrowserKeyword.execute(OpenBrowserKeyword.groovy:67)
	at com.kms.katalon.core.keyword.internal.KeywordExecutor.executeKeywordForPlatform(KeywordExecutor.groovy:74)
	at com.kms.katalon.core.webui.keyword.WebUiBuiltInKeywords.openBrowser(WebUiBuiltInKeywords.groovy:64)
	at com.kms.katalon.core.webui.keyword.WebUiBuiltInKeywords$openBrowser.call(Unknown Source)
	at Script1695801408208.run(Script1695801408208.groovy:20)
	... 13 more
)

2023-10-09 19:39:24 - [MESSAGE][INFO] - Starting 'Chrome' driver

2023-10-09 19:39:24 - [MESSAGE][INFO] - Action delay is set to 0 milliseconds

2023-10-09 19:39:27 - [MESSAGE][FAILED] - Unable to open browser with url: '' (Root cause: com.kms.katalon.core.exception.StepFailedException: Unable to open browser with url: ''
	at com.kms.katalon.core.webui.keyword.internal.WebUIKeywordMain.stepFailed(WebUIKeywordMain.groovy:64)
	at com.kms.katalon.core.webui.keyword.internal.WebUIKeywordMain.runKeyword(WebUIKeywordMain.groovy:26)
	at com.kms.katalon.core.webui.keyword.builtin.OpenBrowserKeyword.openBrowser(OpenBrowserKeyword.groovy:81)
	at com.kms.katalon.core.webui.keyword.builtin.OpenBrowserKeyword.execute(OpenBrowserKeyword.groovy:67)
	at com.kms.katalon.core.keyword.internal.KeywordExecutor.executeKeywordForPlatform(KeywordExecutor.groovy:74)
	at com.kms.katalon.core.webui.keyword.WebUiBuiltInKeywords.openBrowser(WebUiBuiltInKeywords.groovy:64)
	at com.kms.katalon.core.webui.keyword.WebUiBuiltInKeywords$openBrowser.call(Unknown Source)
	at TC015-Verify user can change theme dark-light.run(TC015-Verify user can change theme dark-light:20)
	at com.kms.katalon.core.main.ScriptEngine.run(ScriptEngine.java:194)
	at com.kms.katalon.core.main.ScriptEngine.runScriptAsRawText(ScriptEngine.java:119)
	at com.kms.katalon.core.main.TestCaseExecutor.runScript(TestCaseExecutor.java:448)
	at com.kms.katalon.core.main.TestCaseExecutor.doExecute(TestCaseExecutor.java:439)
	at com.kms.katalon.core.main.TestCaseExecutor.processExecutionPhase(TestCaseExecutor.java:418)
	at com.kms.katalon.core.main.TestCaseExecutor.accessMainPhase(TestCaseExecutor.java:410)
	at com.kms.katalon.core.main.TestCaseExecutor.execute(TestCaseExecutor.java:285)
	at com.kms.katalon.core.common.CommonExecutor.accessTestCaseMainPhase(CommonExecutor.java:65)
	at com.kms.katalon.core.main.TestSuiteExecutor.accessTestSuiteMainPhase(TestSuiteExecutor.java:148)
	at com.kms.katalon.core.main.TestSuiteExecutor.execute(TestSuiteExecutor.java:106)
	at com.kms.katalon.core.main.TestCaseMain.startTestSuite(TestCaseMain.java:187)
	at com.kms.katalon.core.main.TestCaseMain$startTestSuite$0.call(Unknown Source)
	at TempTestSuite1696862291107.run(TempTestSuite1696862291107.groovy:36)
Caused by: org.openqa.selenium.SessionNotCreatedException: session not created
from no such execution context: uniqueContextId not found
  (Session info: chrome=117.0.5938.149)
Build info: version: '3.141.59', revision: 'e82be7d358', time: '2018-11-14T08:25:53'
System info: host: 'DESKTOP-3BHH4MD', ip: '192.168.0.108', os.name: 'Windows 10', os.arch: 'amd64', os.version: '10.0', java.version: '1.8.0_362'
Driver info: driver.version: CChromeDriver
remote stacktrace: 	GetHandleVerifier [0x00007FF6CAD052A2+57122]
	(No symbol) [0x00007FF6CAC7EA92]
	(No symbol) [0x00007FF6CAB4E3AB]
	(No symbol) [0x00007FF6CAB3C6E6]
	(No symbol) [0x00007FF6CAB3AA3B]
	(No symbol) [0x00007FF6CAB3B31E]
	(No symbol) [0x00007FF6CAB51FE7]
	(No symbol) [0x00007FF6CAB53D2F]
	(No symbol) [0x00007FF6CAB53E20]
	(No symbol) [0x00007FF6CABAFF28]
	(No symbol) [0x00007FF6CABAE5B0]
	(No symbol) [0x00007FF6CABA6DB3]
	(No symbol) [0x00007FF6CAB7D2B1]
	(No symbol) [0x00007FF6CAB7E494]
	GetHandleVerifier [0x00007FF6CAFAEF82+2849794]
	GetHandleVerifier [0x00007FF6CB001D24+3189156]
	GetHandleVerifier [0x00007FF6CAFFACAF+3160367]
	GetHandleVerifier [0x00007FF6CAD96D06+653702]
	(No symbol) [0x00007FF6CAC8A208]
	(No symbol) [0x00007FF6CAC862C4]
	(No symbol) [0x00007FF6CAC863F6]
	(No symbol) [0x00007FF6CAC767A3]
	BaseThreadInitThunk [0x00007FFFA9FD7344+20]
	RtlUserThreadStart [0x00007FFFABC826B1+33]

	at org.openqa.selenium.remote.W3CHandshakeResponse.lambda$errorHandler$0(W3CHandshakeResponse.java:62)
	at org.openqa.selenium.remote.HandshakeResponse.lambda$getResponseFunction$0(HandshakeResponse.java:30)
	at org.openqa.selenium.remote.ProtocolHandshake.lambda$createSession$0(ProtocolHandshake.java:126)
	at org.openqa.selenium.remote.ProtocolHandshake.createSession(ProtocolHandshake.java:128)
	at org.openqa.selenium.remote.ProtocolHandshake.createSession(ProtocolHandshake.java:74)
	at org.openqa.selenium.remote.HttpCommandExecutor.execute(HttpCommandExecutor.java:136)
	at org.openqa.selenium.remote.service.DriverCommandExecutor.execute(DriverCommandExecutor.java:83)
	at org.openqa.selenium.remote.RemoteWebDriver.execute(RemoteWebDriver.java:552)
	at com.kms.katalon.selenium.driver.CChromeDriver.execute(CChromeDriver.java:19)
	at org.openqa.selenium.remote.RemoteWebDriver.startSession(RemoteWebDriver.java:213)
	at org.openqa.selenium.remote.RemoteWebDriver.<init>(RemoteWebDriver.java:131)
	at org.openqa.selenium.chrome.ChromeDriver.<init>(ChromeDriver.java:181)
	at org.openqa.selenium.chrome.ChromeDriver.<init>(ChromeDriver.java:147)
	at com.kms.katalon.selenium.driver.CChromeDriver.<init>(CChromeDriver.java:13)
	at com.kms.katalon.core.webui.driver.DriverFactory.createNewChromeDriver(DriverFactory.java:441)
	at com.kms.katalon.core.webui.driver.DriverFactory.startNewBrowser(DriverFactory.java:374)
	at com.kms.katalon.core.webui.driver.DriverFactory.openWebDriver(DriverFactory.java:263)
	at com.kms.katalon.core.webui.keyword.builtin.OpenBrowserKeyword$_openBrowser_closure1.doCall(OpenBrowserKeyword.groovy:74)
	at com.kms.katalon.core.webui.keyword.builtin.OpenBrowserKeyword$_openBrowser_closure1.call(OpenBrowserKeyword.groovy)
	at com.kms.katalon.core.webui.keyword.internal.WebUIKeywordMain.runKeyword(WebUIKeywordMain.groovy:20)
	at com.kms.katalon.core.webui.keyword.builtin.OpenBrowserKeyword.openBrowser(OpenBrowserKeyword.groovy:81)
	at com.kms.katalon.core.webui.keyword.builtin.OpenBrowserKeyword.execute(OpenBrowserKeyword.groovy:67)
	at com.kms.katalon.core.keyword.internal.KeywordExecutor.executeKeywordForPlatform(KeywordExecutor.groovy:74)
	at com.kms.katalon.core.webui.keyword.WebUiBuiltInKeywords.openBrowser(WebUiBuiltInKeywords.groovy:64)
	at com.kms.katalon.core.webui.keyword.WebUiBuiltInKeywords$openBrowser.call(Unknown Source)
	at Script1695801408208.run(Script1695801408208.groovy:20)
	... 13 more
)]]></system-out>
         <system-err><![CDATA[2023-10-09 19:39:23 - [TEST_CASE][FAILED] - Test Cases/Dashboard/TC015-Verify user can change theme dark-light: Test Cases/Dashboard/TC015-Verify user can change theme dark-light FAILED.
Reason:
com.kms.katalon.core.exception.StepFailedException: Unable to open browser with url: ''
	at com.kms.katalon.core.webui.keyword.internal.WebUIKeywordMain.stepFailed(WebUIKeywordMain.groovy:64)
	at com.kms.katalon.core.webui.keyword.internal.WebUIKeywordMain.runKeyword(WebUIKeywordMain.groovy:26)
	at com.kms.katalon.core.webui.keyword.builtin.OpenBrowserKeyword.openBrowser(OpenBrowserKeyword.groovy:81)
	at com.kms.katalon.core.webui.keyword.builtin.OpenBrowserKeyword.execute(OpenBrowserKeyword.groovy:67)
	at com.kms.katalon.core.keyword.internal.KeywordExecutor.executeKeywordForPlatform(KeywordExecutor.groovy:74)
	at com.kms.katalon.core.webui.keyword.WebUiBuiltInKeywords.openBrowser(WebUiBuiltInKeywords.groovy:64)
	at com.kms.katalon.core.webui.keyword.WebUiBuiltInKeywords$openBrowser.call(Unknown Source)
	at TC015-Verify user can change theme dark-light.run(TC015-Verify user can change theme dark-light:20)
	at com.kms.katalon.core.main.ScriptEngine.run(ScriptEngine.java:194)
	at com.kms.katalon.core.main.ScriptEngine.runScriptAsRawText(ScriptEngine.java:119)
	at com.kms.katalon.core.main.TestCaseExecutor.runScript(TestCaseExecutor.java:448)
	at com.kms.katalon.core.main.TestCaseExecutor.doExecute(TestCaseExecutor.java:439)
	at com.kms.katalon.core.main.TestCaseExecutor.processExecutionPhase(TestCaseExecutor.java:418)
	at com.kms.katalon.core.main.TestCaseExecutor.accessMainPhase(TestCaseExecutor.java:410)
	at com.kms.katalon.core.main.TestCaseExecutor.execute(TestCaseExecutor.java:285)
	at com.kms.katalon.core.common.CommonExecutor.accessTestCaseMainPhase(CommonExecutor.java:65)
	at com.kms.katalon.core.main.TestSuiteExecutor.accessTestSuiteMainPhase(TestSuiteExecutor.java:148)
	at com.kms.katalon.core.main.TestSuiteExecutor.execute(TestSuiteExecutor.java:106)
	at com.kms.katalon.core.main.TestCaseMain.startTestSuite(TestCaseMain.java:187)
	at com.kms.katalon.core.main.TestCaseMain$startTestSuite$0.call(Unknown Source)
	at TempTestSuite1696862291107.run(TempTestSuite1696862291107.groovy:36)
Caused by: org.openqa.selenium.SessionNotCreatedException: session not created
from no such execution context: uniqueContextId not found
  (Session info: chrome=117.0.5938.149)
Build info: version: '3.141.59', revision: 'e82be7d358', time: '2018-11-14T08:25:53'
System info: host: 'DESKTOP-3BHH4MD', ip: '192.168.0.108', os.name: 'Windows 10', os.arch: 'amd64', os.version: '10.0', java.version: '1.8.0_362'
Driver info: driver.version: CChromeDriver
remote stacktrace: 	GetHandleVerifier [0x00007FF6CAD052A2+57122]
	(No symbol) [0x00007FF6CAC7EA92]
	(No symbol) [0x00007FF6CAB4E3AB]
	(No symbol) [0x00007FF6CAB3C6E6]
	(No symbol) [0x00007FF6CAB3AA3B]
	(No symbol) [0x00007FF6CAB3B31E]
	(No symbol) [0x00007FF6CAB51FE7]
	(No symbol) [0x00007FF6CAB53D2F]
	(No symbol) [0x00007FF6CAB53E20]
	(No symbol) [0x00007FF6CABAFF28]
	(No symbol) [0x00007FF6CABAE5B0]
	(No symbol) [0x00007FF6CABA6DB3]
	(No symbol) [0x00007FF6CAB7D2B1]
	(No symbol) [0x00007FF6CAB7E494]
	GetHandleVerifier [0x00007FF6CAFAEF82+2849794]
	GetHandleVerifier [0x00007FF6CB001D24+3189156]
	GetHandleVerifier [0x00007FF6CAFFACAF+3160367]
	GetHandleVerifier [0x00007FF6CAD96D06+653702]
	(No symbol) [0x00007FF6CAC8A208]
	(No symbol) [0x00007FF6CAC862C4]
	(No symbol) [0x00007FF6CAC863F6]
	(No symbol) [0x00007FF6CAC767A3]
	BaseThreadInitThunk [0x00007FFFA9FD7344+20]
	RtlUserThreadStart [0x00007FFFABC826B1+33]

	at org.openqa.selenium.remote.W3CHandshakeResponse.lambda$errorHandler$0(W3CHandshakeResponse.java:62)
	at org.openqa.selenium.remote.HandshakeResponse.lambda$getResponseFunction$0(HandshakeResponse.java:30)
	at org.openqa.selenium.remote.ProtocolHandshake.lambda$createSession$0(ProtocolHandshake.java:126)
	at org.openqa.selenium.remote.ProtocolHandshake.createSession(ProtocolHandshake.java:128)
	at org.openqa.selenium.remote.ProtocolHandshake.createSession(ProtocolHandshake.java:74)
	at org.openqa.selenium.remote.HttpCommandExecutor.execute(HttpCommandExecutor.java:136)
	at org.openqa.selenium.remote.service.DriverCommandExecutor.execute(DriverCommandExecutor.java:83)
	at org.openqa.selenium.remote.RemoteWebDriver.execute(RemoteWebDriver.java:552)
	at com.kms.katalon.selenium.driver.CChromeDriver.execute(CChromeDriver.java:19)
	at org.openqa.selenium.remote.RemoteWebDriver.startSession(RemoteWebDriver.java:213)
	at org.openqa.selenium.remote.RemoteWebDriver.<init>(RemoteWebDriver.java:131)
	at org.openqa.selenium.chrome.ChromeDriver.<init>(ChromeDriver.java:181)
	at org.openqa.selenium.chrome.ChromeDriver.<init>(ChromeDriver.java:147)
	at com.kms.katalon.selenium.driver.CChromeDriver.<init>(CChromeDriver.java:13)
	at com.kms.katalon.core.webui.driver.DriverFactory.createNewChromeDriver(DriverFactory.java:441)
	at com.kms.katalon.core.webui.driver.DriverFactory.startNewBrowser(DriverFactory.java:374)
	at com.kms.katalon.core.webui.driver.DriverFactory.openWebDriver(DriverFactory.java:263)
	at com.kms.katalon.core.webui.keyword.builtin.OpenBrowserKeyword$_openBrowser_closure1.doCall(OpenBrowserKeyword.groovy:74)
	at com.kms.katalon.core.webui.keyword.builtin.OpenBrowserKeyword$_openBrowser_closure1.call(OpenBrowserKeyword.groovy)
	at com.kms.katalon.core.webui.keyword.internal.WebUIKeywordMain.runKeyword(WebUIKeywordMain.groovy:20)
	... 19 more]]></system-err>
      </testcase>
      <testcase name="Test Cases/Login/TC001-Validlogin" time="15.596" classname="Test Cases/Login/TC001-Validlogin" status="PASSED">
         <system-out><![CDATA[2023-10-09 19:39:27 - [TEST_CASE][PASSED] - Test Cases/Login/TC001-Validlogin: Test Cases/Login/TC001-Validlogin

2023-10-09 19:39:28 - [TEST_STEP][PASSED] - openBrowser(""): Browser is opened with url: ''

2023-10-09 19:39:29 - [MESSAGE][INFO] - Starting 'Chrome' driver

2023-10-09 19:39:29 - [MESSAGE][INFO] - Action delay is set to 0 milliseconds

2023-10-09 19:39:31 - [MESSAGE][PASSED] - Browser is opened with url: ''

2023-10-09 19:39:31 - [TEST_STEP][PASSED] - maximizeWindow(): Current window maximized

2023-10-09 19:39:32 - [MESSAGE][PASSED] - Current window maximized

2023-10-09 19:39:32 - [TEST_STEP][PASSED] - navigateToUrl("https://app.landingly.com/"): Navigate to 'https://app.landingly.com/' successfully

2023-10-09 19:39:39 - [MESSAGE][PASSED] - Navigate to 'https://app.landingly.com/' successfully

2023-10-09 19:39:39 - [TEST_STEP][PASSED] - setText(findTestObject("Object Repository/Login/TC001-Validlogin/Page_Landingly  Login/input_Email_login-email"), "sqaahmadtahir@gmail.com"): Text 'sqaahmadtahir@gmail.com' is set on object 'Object Repository/Login/TC001-Validlogin/Page_Landingly  Login/input_Email_login-email'

2023-10-09 19:39:40 - [MESSAGE][PASSED] - Text 'sqaahmadtahir@gmail.com' is set on object 'Object Repository/Login/TC001-Validlogin/Page_Landingly  Login/input_Email_login-email'

2023-10-09 19:39:40 - [TEST_STEP][PASSED] - setEncryptedText(findTestObject("Object Repository/Login/TC001-Validlogin/Page_Landingly  Login/input_Forgot Password_login-password"), "/5S6MFFLcE5DAenbZpYNsQ=="): Text ****** has been set on object 'Object Repository/Login/TC001-Validlogin/Page_Landingly  Login/input_Forgot Password_login-password'

2023-10-09 19:39:41 - [MESSAGE][PASSED] - Text ****** has been set on object 'Object Repository/Login/TC001-Validlogin/Page_Landingly  Login/input_Forgot Password_login-password'

2023-10-09 19:39:41 - [TEST_STEP][PASSED] - click(findTestObject("Object Repository/Login/TC001-Validlogin/Page_Landingly  Login/button_Sign in")): Object: 'Object Repository/Login/TC001-Validlogin/Page_Landingly  Login/button_Sign in' is clicked on

2023-10-09 19:39:42 - [MESSAGE][PASSED] - Object: 'Object Repository/Login/TC001-Validlogin/Page_Landingly  Login/button_Sign in' is clicked on

2023-10-09 19:39:42 - [TEST_STEP][PASSED] - closeBrowser(): Browser is closed

2023-10-09 19:39:43 - [MESSAGE][PASSED] - Browser is closed]]></system-out>
         <system-err><![CDATA[]]></system-err>
      </testcase>
      <testcase name="Test Cases/Login/TC002-Valid Email and Invalid Password" time="16.058" classname="Test Cases/Login/TC002-Valid Email and Invalid Password" status="PASSED">
         <system-out><![CDATA[2023-10-09 19:39:43 - [TEST_CASE][PASSED] - Test Cases/Login/TC002-Valid Email and Invalid Password: Test Cases/Login/TC002-Valid Email and Invalid Password

2023-10-09 19:39:44 - [TEST_STEP][PASSED] - openBrowser(""): Browser is opened with url: ''

2023-10-09 19:39:44 - [MESSAGE][INFO] - Starting 'Chrome' driver

2023-10-09 19:39:44 - [MESSAGE][INFO] - Action delay is set to 0 milliseconds

2023-10-09 19:39:47 - [MESSAGE][PASSED] - Browser is opened with url: ''

2023-10-09 19:39:47 - [TEST_STEP][PASSED] - navigateToUrl("https://app.landingly.com/"): Navigate to 'https://app.landingly.com/' successfully

2023-10-09 19:39:53 - [MESSAGE][PASSED] - Navigate to 'https://app.landingly.com/' successfully

2023-10-09 19:39:53 - [TEST_STEP][PASSED] - setText(findTestObject("Object Repository/Login/TC002-Valid Email and Invalid Password/Page_Landingly  Login/input_Email_login-email"), "sqaahmadtahir@gmail.com"): Text 'sqaahmadtahir@gmail.com' is set on object 'Object Repository/Login/TC002-Valid Email and Invalid Password/Page_Landingly  Login/input_Email_login-email'

2023-10-09 19:39:55 - [MESSAGE][PASSED] - Text 'sqaahmadtahir@gmail.com' is set on object 'Object Repository/Login/TC002-Valid Email and Invalid Password/Page_Landingly  Login/input_Email_login-email'

2023-10-09 19:39:55 - [TEST_STEP][PASSED] - setEncryptedText(findTestObject("Object Repository/Login/TC002-Valid Email and Invalid Password/Page_Landingly  Login/input_Forgot Password_login-password"), "aeHFOx8jV/A="): Text ****** has been set on object 'Object Repository/Login/TC002-Valid Email and Invalid Password/Page_Landingly  Login/input_Forgot Password_login-password'

2023-10-09 19:39:55 - [MESSAGE][PASSED] - Text ****** has been set on object 'Object Repository/Login/TC002-Valid Email and Invalid Password/Page_Landingly  Login/input_Forgot Password_login-password'

2023-10-09 19:39:55 - [TEST_STEP][PASSED] - click(findTestObject("Object Repository/Login/TC002-Valid Email and Invalid Password/Page_Landingly  Login/button_Sign in")): Object: 'Object Repository/Login/TC002-Valid Email and Invalid Password/Page_Landingly  Login/button_Sign in' is clicked on

2023-10-09 19:39:56 - [MESSAGE][PASSED] - Object: 'Object Repository/Login/TC002-Valid Email and Invalid Password/Page_Landingly  Login/button_Sign in' is clicked on

2023-10-09 19:39:56 - [TEST_STEP][PASSED] - verifyElementText(findTestObject("Object Repository/Login/TC002-Valid Email and Invalid Password/Page_Landingly  Login/h5_Invalid Login Attempt"), "Invalid Login Attempt"): Actual text and expected text of test object 'Object Repository/Login/TC002-Valid Email and Invalid Password/Page_Landingly  Login/h5_Invalid Login Attempt' are matched.

2023-10-09 19:39:58 - [MESSAGE][PASSED] - Actual text and expected text of test object 'Object Repository/Login/TC002-Valid Email and Invalid Password/Page_Landingly  Login/h5_Invalid Login Attempt' are matched.

2023-10-09 19:39:58 - [TEST_STEP][PASSED] - closeBrowser(): Browser is closed

2023-10-09 19:39:59 - [MESSAGE][PASSED] - Browser is closed]]></system-out>
         <system-err><![CDATA[]]></system-err>
      </testcase>
      <testcase name="Test Cases/Login/TC003-Invalid Email and valid Password" time="17.859" classname="Test Cases/Login/TC003-Invalid Email and valid Password" status="PASSED">
         <system-out><![CDATA[2023-10-09 19:39:59 - [TEST_CASE][PASSED] - Test Cases/Login/TC003-Invalid Email and valid Password: Test Cases/Login/TC003-Invalid Email and valid Password

2023-10-09 19:40:00 - [TEST_STEP][PASSED] - openBrowser(""): Browser is opened with url: ''

2023-10-09 19:40:00 - [MESSAGE][INFO] - Starting 'Chrome' driver

2023-10-09 19:40:00 - [MESSAGE][INFO] - Action delay is set to 0 milliseconds

2023-10-09 19:40:03 - [MESSAGE][PASSED] - Browser is opened with url: ''

2023-10-09 19:40:03 - [TEST_STEP][PASSED] - maximizeWindow(): Current window maximized

2023-10-09 19:40:03 - [MESSAGE][PASSED] - Current window maximized

2023-10-09 19:40:03 - [TEST_STEP][PASSED] - navigateToUrl("https://app.landingly.com/"): Navigate to 'https://app.landingly.com/' successfully

2023-10-09 19:40:09 - [MESSAGE][PASSED] - Navigate to 'https://app.landingly.com/' successfully

2023-10-09 19:40:09 - [TEST_STEP][PASSED] - setText(findTestObject("Object Repository/Login/TC003-Invalid Email and valid Password/Page_Landingly  Login/input_Email_login-email"), "sqahmadtahir@gmail.com"): Text 'sqahmadtahir@gmail.com' is set on object 'Object Repository/Login/TC003-Invalid Email and valid Password/Page_Landingly  Login/input_Email_login-email'

2023-10-09 19:40:10 - [MESSAGE][PASSED] - Text 'sqahmadtahir@gmail.com' is set on object 'Object Repository/Login/TC003-Invalid Email and valid Password/Page_Landingly  Login/input_Email_login-email'

2023-10-09 19:40:10 - [TEST_STEP][PASSED] - setEncryptedText(findTestObject("Object Repository/Login/TC003-Invalid Email and valid Password/Page_Landingly  Login/input_Forgot Password_login-password"), "/5S6MFFLcE5DAenbZpYNsQ=="): Text ****** has been set on object 'Object Repository/Login/TC003-Invalid Email and valid Password/Page_Landingly  Login/input_Forgot Password_login-password'

2023-10-09 19:40:11 - [MESSAGE][PASSED] - Text ****** has been set on object 'Object Repository/Login/TC003-Invalid Email and valid Password/Page_Landingly  Login/input_Forgot Password_login-password'

2023-10-09 19:40:11 - [TEST_STEP][PASSED] - click(findTestObject("Login/TC003-Invalid Email and valid Password/Page_Landingly  Login/button_Sign in")): Object: 'Object Repository/Login/TC003-Invalid Email and valid Password/Page_Landingly  Login/button_Sign in' is clicked on

2023-10-09 19:40:12 - [MESSAGE][PASSED] - Object: 'Object Repository/Login/TC003-Invalid Email and valid Password/Page_Landingly  Login/button_Sign in' is clicked on

2023-10-09 19:40:12 - [TEST_STEP][PASSED] - verifyElementText(findTestObject("Object Repository/Login/TC003-Invalid Email and valid Password/Page_Landingly  Login/h5_Invalid Login Attempt"), "Invalid Login Attempt"): Actual text and expected text of test object 'Object Repository/Login/TC003-Invalid Email and valid Password/Page_Landingly  Login/h5_Invalid Login Attempt' are matched.

2023-10-09 19:40:16 - [MESSAGE][PASSED] - Actual text and expected text of test object 'Object Repository/Login/TC003-Invalid Email and valid Password/Page_Landingly  Login/h5_Invalid Login Attempt' are matched.

2023-10-09 19:40:16 - [TEST_STEP][PASSED] - closeBrowser(): Browser is closed

2023-10-09 19:40:17 - [MESSAGE][PASSED] - Browser is closed]]></system-out>
         <system-err><![CDATA[]]></system-err>
      </testcase>
      <testcase name="Test Cases/Login/TC004-Empty Login Fields" time="14.073" classname="Test Cases/Login/TC004-Empty Login Fields" status="PASSED">
         <system-out><![CDATA[2023-10-09 19:40:17 - [TEST_CASE][PASSED] - Test Cases/Login/TC004-Empty Login Fields: Test Cases/Login/TC004-Empty Login Fields

2023-10-09 19:40:18 - [TEST_STEP][PASSED] - openBrowser(""): Browser is opened with url: ''

2023-10-09 19:40:18 - [MESSAGE][INFO] - Starting 'Chrome' driver

2023-10-09 19:40:18 - [MESSAGE][INFO] - Action delay is set to 0 milliseconds

2023-10-09 19:40:21 - [MESSAGE][PASSED] - Browser is opened with url: ''

2023-10-09 19:40:21 - [TEST_STEP][PASSED] - maximizeWindow(): Current window maximized

2023-10-09 19:40:21 - [MESSAGE][PASSED] - Current window maximized

2023-10-09 19:40:21 - [TEST_STEP][PASSED] - navigateToUrl("https://app.landingly.com/"): Navigate to 'https://app.landingly.com/' successfully

2023-10-09 19:40:29 - [MESSAGE][PASSED] - Navigate to 'https://app.landingly.com/' successfully

2023-10-09 19:40:29 - [TEST_STEP][PASSED] - verifyElementNotClickable(findTestObject("Object Repository/Login/TC004-Empty Login Fields/Page_Landingly  Login/button_Sign in")): Object 'Object Repository/Login/TC004-Empty Login Fields/Page_Landingly  Login/button_Sign in' is NOT clickable

2023-10-09 19:40:30 - [MESSAGE][PASSED] - Object 'Object Repository/Login/TC004-Empty Login Fields/Page_Landingly  Login/button_Sign in' is NOT clickable

2023-10-09 19:40:30 - [TEST_STEP][PASSED] - closeBrowser(): Browser is closed

2023-10-09 19:40:31 - [MESSAGE][PASSED] - Browser is closed]]></system-out>
         <system-err><![CDATA[]]></system-err>
      </testcase>
      <testcase name="Test Cases/Login/TC005-Invalid Email and invalid Password" time="14.656" classname="Test Cases/Login/TC005-Invalid Email and invalid Password" status="PASSED">
         <system-out><![CDATA[2023-10-09 19:40:31 - [TEST_CASE][PASSED] - Test Cases/Login/TC005-Invalid Email and invalid Password: Test Cases/Login/TC005-Invalid Email and invalid Password

2023-10-09 19:40:32 - [TEST_STEP][PASSED] - openBrowser(""): Browser is opened with url: ''

2023-10-09 19:40:32 - [MESSAGE][INFO] - Starting 'Chrome' driver

2023-10-09 19:40:32 - [MESSAGE][INFO] - Action delay is set to 0 milliseconds

2023-10-09 19:40:35 - [MESSAGE][PASSED] - Browser is opened with url: ''

2023-10-09 19:40:35 - [TEST_STEP][PASSED] - navigateToUrl("https://app.landingly.com/"): Navigate to 'https://app.landingly.com/' successfully

2023-10-09 19:40:40 - [MESSAGE][PASSED] - Navigate to 'https://app.landingly.com/' successfully

2023-10-09 19:40:40 - [TEST_STEP][PASSED] - setText(findTestObject("Object Repository/Login/TC005-Invalid Email and invalid Password/Page_Landingly  Login/input_Email_login-email"), "sqahmadtahri@gmail.com"): Text 'sqahmadtahri@gmail.com' is set on object 'Object Repository/Login/TC005-Invalid Email and invalid Password/Page_Landingly  Login/input_Email_login-email'

2023-10-09 19:40:41 - [MESSAGE][PASSED] - Text 'sqahmadtahri@gmail.com' is set on object 'Object Repository/Login/TC005-Invalid Email and invalid Password/Page_Landingly  Login/input_Email_login-email'

2023-10-09 19:40:41 - [TEST_STEP][PASSED] - setEncryptedText(findTestObject("Object Repository/Login/TC005-Invalid Email and invalid Password/Page_Landingly  Login/input_Forgot Password_login-password"), "iGDxf8hSRT4="): Text ****** has been set on object 'Object Repository/Login/TC005-Invalid Email and invalid Password/Page_Landingly  Login/input_Forgot Password_login-password'

2023-10-09 19:40:42 - [MESSAGE][PASSED] - Text ****** has been set on object 'Object Repository/Login/TC005-Invalid Email and invalid Password/Page_Landingly  Login/input_Forgot Password_login-password'

2023-10-09 19:40:42 - [TEST_STEP][PASSED] - click(findTestObject("Object Repository/Login/TC005-Invalid Email and invalid Password/Page_Landingly  Login/button_Sign in")): Object: 'Object Repository/Login/TC005-Invalid Email and invalid Password/Page_Landingly  Login/button_Sign in' is clicked on

2023-10-09 19:40:43 - [MESSAGE][PASSED] - Object: 'Object Repository/Login/TC005-Invalid Email and invalid Password/Page_Landingly  Login/button_Sign in' is clicked on

2023-10-09 19:40:43 - [TEST_STEP][PASSED] - verifyElementText(findTestObject("Object Repository/Login/TC005-Invalid Email and invalid Password/Page_Landingly  Login/h5_Invalid Login Attempt"), "Invalid Login Attempt"): Actual text and expected text of test object 'Object Repository/Login/TC005-Invalid Email and invalid Password/Page_Landingly  Login/h5_Invalid Login Attempt' are matched.

2023-10-09 19:40:44 - [MESSAGE][PASSED] - Actual text and expected text of test object 'Object Repository/Login/TC005-Invalid Email and invalid Password/Page_Landingly  Login/h5_Invalid Login Attempt' are matched.

2023-10-09 19:40:44 - [TEST_STEP][PASSED] - closeBrowser(): Browser is closed

2023-10-09 19:40:46 - [MESSAGE][PASSED] - Browser is closed]]></system-out>
         <system-err><![CDATA[]]></system-err>
      </testcase>
      <testcase name="Test Cases/Login/TC006-Empty Username and Valid Password" time="12.606" classname="Test Cases/Login/TC006-Empty Username and Valid Password" status="PASSED">
         <system-out><![CDATA[2023-10-09 19:40:46 - [TEST_CASE][PASSED] - Test Cases/Login/TC006-Empty Username and Valid Password: Test Cases/Login/TC006-Empty Username and Valid Password

2023-10-09 19:40:47 - [TEST_STEP][PASSED] - openBrowser(""): Browser is opened with url: ''

2023-10-09 19:40:47 - [MESSAGE][INFO] - Starting 'Chrome' driver

2023-10-09 19:40:47 - [MESSAGE][INFO] - Action delay is set to 0 milliseconds

2023-10-09 19:40:50 - [MESSAGE][PASSED] - Browser is opened with url: ''

2023-10-09 19:40:50 - [TEST_STEP][PASSED] - navigateToUrl("https://app.landingly.com/"): Navigate to 'https://app.landingly.com/' successfully

2023-10-09 19:40:55 - [MESSAGE][PASSED] - Navigate to 'https://app.landingly.com/' successfully

2023-10-09 19:40:55 - [TEST_STEP][PASSED] - setEncryptedText(findTestObject("Object Repository/Login/TC006-Empty Username and Valid Password/Page_Landingly  Login/input_Forgot Password_login-password"), "7Dxoto1EjKfQbGop/Ov+1g=="): Text ****** has been set on object 'Object Repository/Login/TC006-Empty Username and Valid Password/Page_Landingly  Login/input_Forgot Password_login-password'

2023-10-09 19:40:56 - [MESSAGE][PASSED] - Text ****** has been set on object 'Object Repository/Login/TC006-Empty Username and Valid Password/Page_Landingly  Login/input_Forgot Password_login-password'

2023-10-09 19:40:56 - [TEST_STEP][PASSED] - verifyElementText(findTestObject("Object Repository/Login/TC006-Empty Username and Valid Password/Page_Landingly  Login/input_Email_login-email"), ""): Actual text and expected text of test object 'Object Repository/Login/TC006-Empty Username and Valid Password/Page_Landingly  Login/input_Email_login-email' are matched.

2023-10-09 19:40:57 - [MESSAGE][PASSED] - Actual text and expected text of test object 'Object Repository/Login/TC006-Empty Username and Valid Password/Page_Landingly  Login/input_Email_login-email' are matched.

2023-10-09 19:40:57 - [TEST_STEP][PASSED] - verifyElementNotClickable(findTestObject("Login/TC006-Empty Username and Valid Password/Page_Landingly  Login/button_Sign in")): Object 'Object Repository/Login/TC006-Empty Username and Valid Password/Page_Landingly  Login/button_Sign in' is NOT clickable

2023-10-09 19:40:57 - [MESSAGE][PASSED] - Object 'Object Repository/Login/TC006-Empty Username and Valid Password/Page_Landingly  Login/button_Sign in' is NOT clickable

2023-10-09 19:40:57 - [TEST_STEP][PASSED] - closeBrowser(): Browser is closed

2023-10-09 19:40:58 - [MESSAGE][PASSED] - Browser is closed]]></system-out>
         <system-err><![CDATA[]]></system-err>
      </testcase>
      <testcase name="Test Cases/Login/TC007-Valid Username and Empty Password" time="13.028" classname="Test Cases/Login/TC007-Valid Username and Empty Password" status="PASSED">
         <system-out><![CDATA[2023-10-09 19:40:58 - [TEST_CASE][PASSED] - Test Cases/Login/TC007-Valid Username and Empty Password: Test Cases/Login/TC007-Valid Username and Empty Password

2023-10-09 19:40:59 - [TEST_STEP][PASSED] - openBrowser(""): Browser is opened with url: ''

2023-10-09 19:40:59 - [MESSAGE][INFO] - Starting 'Chrome' driver

2023-10-09 19:40:59 - [MESSAGE][INFO] - Action delay is set to 0 milliseconds

2023-10-09 19:41:02 - [MESSAGE][PASSED] - Browser is opened with url: ''

2023-10-09 19:41:02 - [TEST_STEP][PASSED] - navigateToUrl("https://app.landingly.com/"): Navigate to 'https://app.landingly.com/' successfully

2023-10-09 19:41:08 - [MESSAGE][PASSED] - Navigate to 'https://app.landingly.com/' successfully

2023-10-09 19:41:08 - [TEST_STEP][PASSED] - setText(findTestObject("Login/TC007-Valid Username and Empty Password/Page_Landingly  Login/input_Email_login-email"), "sqaahmadtahir@gmail.com"): Text 'sqaahmadtahir@gmail.com' is set on object 'Object Repository/Login/TC007-Valid Username and Empty Password/Page_Landingly  Login/input_Email_login-email'

2023-10-09 19:41:09 - [MESSAGE][PASSED] - Text 'sqaahmadtahir@gmail.com' is set on object 'Object Repository/Login/TC007-Valid Username and Empty Password/Page_Landingly  Login/input_Email_login-email'

2023-10-09 19:41:09 - [TEST_STEP][PASSED] - verifyElementText(findTestObject("Object Repository/Login/TC006-Empty Username and Valid Password/Page_Landingly  Login/input_Forgot Password_login-password"), ""): Actual text and expected text of test object 'Object Repository/Login/TC006-Empty Username and Valid Password/Page_Landingly  Login/input_Forgot Password_login-password' are matched.

2023-10-09 19:41:10 - [MESSAGE][PASSED] - Actual text and expected text of test object 'Object Repository/Login/TC006-Empty Username and Valid Password/Page_Landingly  Login/input_Forgot Password_login-password' are matched.

2023-10-09 19:41:10 - [TEST_STEP][PASSED] - verifyElementNotClickable(findTestObject("Object Repository/Login/TC007-Valid Username and Empty Password/Page_Landingly  Login/button_Sign in")): Object 'Object Repository/Login/TC007-Valid Username and Empty Password/Page_Landingly  Login/button_Sign in' is NOT clickable

2023-10-09 19:41:10 - [MESSAGE][PASSED] - Object 'Object Repository/Login/TC007-Valid Username and Empty Password/Page_Landingly  Login/button_Sign in' is NOT clickable

2023-10-09 19:41:10 - [TEST_STEP][PASSED] - closeBrowser(): Browser is closed

2023-10-09 19:41:11 - [MESSAGE][PASSED] - Browser is closed]]></system-out>
         <system-err><![CDATA[]]></system-err>
      </testcase>
      <testcase name="Test Cases/Login/TC008-Verify user can logout" time="15.845" classname="Test Cases/Login/TC008-Verify user can logout" status="FAILED">
         <failure type="FAILED" message="Test Cases/Login/TC008-Verify user can logout FAILED.
Reason:
com.kms.katalon.core.exception.StepFailedException: Unable to click on object 'Object Repository/Login/TC008-Verify user can logout/Page_Landingly/img'
	at com.kms.katalon.core.webui.keyword.internal.WebUIKeywordMain.stepFailed(WebUIKeywordMain.groovy:64)
	at com.kms.katalon.core.webui.keyword.internal.WebUIKeywordMain.runKeyword(WebUIKeywordMain.groovy:26)
	at com.kms.katalon.core.webui.keyword.builtin.ClickKeyword.click(ClickKeyword.groovy:74)
	at com.kms.katalon.core.webui.keyword.builtin.ClickKeyword.execute(ClickKeyword.groovy:40)
	at com.kms.katalon.core.keyword.internal.KeywordExecutor.executeKeywordForPlatform(KeywordExecutor.groovy:74)
	at com.kms.katalon.core.webui.keyword.WebUiBuiltInKeywords.click(WebUiBuiltInKeywords.groovy:620)
	at com.kms.katalon.core.webui.keyword.WebUiBuiltInKeywords$click$4.call(Unknown Source)
	at TC008-Verify user can logout.run(TC008-Verify user can logout:35)
	at com.kms.katalon.core.main.ScriptEngine.run(ScriptEngine.java:194)
	at com.kms.katalon.core.main.ScriptEngine.runScriptAsRawText(ScriptEngine.java:119)
	at com.kms.katalon.core.main.TestCaseExecutor.runScript(TestCaseExecutor.java:448)
	at com.kms.katalon.core.main.TestCaseExecutor.doExecute(TestCaseExecutor.java:439)
	at com.kms.katalon.core.main.TestCaseExecutor.processExecutionPhase(TestCaseExecutor.java:418)
	at com.kms.katalon.core.main.TestCaseExecutor.accessMainPhase(TestCaseExecutor.java:410)
	at com.kms.katalon.core.main.TestCaseExecutor.execute(TestCaseExecutor.java:285)
	at com.kms.katalon.core.common.CommonExecutor.accessTestCaseMainPhase(CommonExecutor.java:65)
	at com.kms.katalon.core.main.TestSuiteExecutor.accessTestSuiteMainPhase(TestSuiteExecutor.java:148)
	at com.kms.katalon.core.main.TestSuiteExecutor.execute(TestSuiteExecutor.java:106)
	at com.kms.katalon.core.main.TestCaseMain.startTestSuite(TestCaseMain.java:187)
	at com.kms.katalon.core.main.TestCaseMain$startTestSuite$0.call(Unknown Source)
	at TempTestSuite1696862291107.run(TempTestSuite1696862291107.groovy:36)
Caused by: org.openqa.selenium.StaleElementReferenceException: stale element reference: stale element not found
  (Session info: chrome=117.0.5938.149)
For documentation on this error, please visit: https://www.seleniumhq.org/exceptions/stale_element_reference.html
Build info: version: '3.141.59', revision: 'e82be7d358', time: '2018-11-14T08:25:53'
System info: host: 'DESKTOP-3BHH4MD', ip: '192.168.0.108', os.name: 'Windows 10', os.arch: 'amd64', os.version: '10.0', java.version: '1.8.0_362'
Driver info: com.kms.katalon.selenium.driver.CChromeDriver
Capabilities {acceptInsecureCerts: false, browserName: chrome, browserVersion: 117.0.5938.149, chrome: {chromedriverVersion: 116.0.5845.96 (1a3918166880..., userDataDir: C:\Users\TDS\AppData\Local\...}, fedcm:accounts: true, goog:chromeOptions: {debuggerAddress: localhost:59942}, javascriptEnabled: true, networkConnectionEnabled: false, pageLoadStrategy: normal, platform: WINDOWS, platformName: WINDOWS, proxy: Proxy(), setWindowRect: true, strictFileInteractability: false, timeouts: {implicit: 0, pageLoad: 300000, script: 30000}, unhandledPromptBehavior: dismiss and notify, webauthn:extension:credBlob: true, webauthn:extension:largeBlob: true, webauthn:extension:minPinLength: true, webauthn:extension:prf: true, webauthn:virtualAuthenticators: true}
Session ID: 67f424c3a8d273e453254319973c3ccd
	at org.openqa.selenium.remote.http.W3CHttpResponseCodec.createException(W3CHttpResponseCodec.java:187)
	at org.openqa.selenium.remote.http.W3CHttpResponseCodec.decode(W3CHttpResponseCodec.java:122)
	at org.openqa.selenium.remote.http.W3CHttpResponseCodec.decode(W3CHttpResponseCodec.java:49)
	at org.openqa.selenium.remote.HttpCommandExecutor.execute(HttpCommandExecutor.java:158)
	at org.openqa.selenium.remote.service.DriverCommandExecutor.execute(DriverCommandExecutor.java:83)
	at org.openqa.selenium.remote.RemoteWebDriver.execute(RemoteWebDriver.java:552)
	at com.kms.katalon.selenium.driver.CChromeDriver.execute(CChromeDriver.java:19)
	at org.openqa.selenium.remote.RemoteWebElement.execute(RemoteWebElement.java:285)
	at org.openqa.selenium.remote.RemoteWebElement.click(RemoteWebElement.java:84)
	at org.openqa.selenium.support.events.EventFiringWebDriver$EventFiringWebElement.lambda$new$0(EventFiringWebDriver.java:404)
	at com.sun.proxy.$Proxy11.click(Unknown Source)
	at org.openqa.selenium.support.events.EventFiringWebDriver$EventFiringWebElement.click(EventFiringWebDriver.java:417)
	at org.openqa.selenium.WebElement$click.call(Unknown Source)
	at com.kms.katalon.core.webui.keyword.builtin.ClickKeyword.clickUntilSuccessWithTimeout(ClickKeyword.groovy:81)
	at com.kms.katalon.core.webui.keyword.builtin.ClickKeyword.clickUntilSuccessWithTimeout(ClickKeyword.groovy)
	at com.kms.katalon.core.webui.keyword.builtin.ClickKeyword$_click_closure1.doCall(ClickKeyword.groovy:67)
	at com.kms.katalon.core.webui.keyword.builtin.ClickKeyword$_click_closure1.call(ClickKeyword.groovy)
	at com.kms.katalon.core.webui.keyword.internal.WebUIKeywordMain.runKeyword(WebUIKeywordMain.groovy:20)
	... 19 more
"/>
         <system-out><![CDATA[2023-10-09 19:41:11 - [TEST_CASE][FAILED] - Test Cases/Login/TC008-Verify user can logout: Test Cases/Login/TC008-Verify user can logout FAILED.
Reason:
com.kms.katalon.core.exception.StepFailedException: Unable to click on object 'Object Repository/Login/TC008-Verify user can logout/Page_Landingly/img'
	at com.kms.katalon.core.webui.keyword.internal.WebUIKeywordMain.stepFailed(WebUIKeywordMain.groovy:64)
	at com.kms.katalon.core.webui.keyword.internal.WebUIKeywordMain.runKeyword(WebUIKeywordMain.groovy:26)
	at com.kms.katalon.core.webui.keyword.builtin.ClickKeyword.click(ClickKeyword.groovy:74)
	at com.kms.katalon.core.webui.keyword.builtin.ClickKeyword.execute(ClickKeyword.groovy:40)
	at com.kms.katalon.core.keyword.internal.KeywordExecutor.executeKeywordForPlatform(KeywordExecutor.groovy:74)
	at com.kms.katalon.core.webui.keyword.WebUiBuiltInKeywords.click(WebUiBuiltInKeywords.groovy:620)
	at com.kms.katalon.core.webui.keyword.WebUiBuiltInKeywords$click$4.call(Unknown Source)
	at TC008-Verify user can logout.run(TC008-Verify user can logout:35)
	at com.kms.katalon.core.main.ScriptEngine.run(ScriptEngine.java:194)
	at com.kms.katalon.core.main.ScriptEngine.runScriptAsRawText(ScriptEngine.java:119)
	at com.kms.katalon.core.main.TestCaseExecutor.runScript(TestCaseExecutor.java:448)
	at com.kms.katalon.core.main.TestCaseExecutor.doExecute(TestCaseExecutor.java:439)
	at com.kms.katalon.core.main.TestCaseExecutor.processExecutionPhase(TestCaseExecutor.java:418)
	at com.kms.katalon.core.main.TestCaseExecutor.accessMainPhase(TestCaseExecutor.java:410)
	at com.kms.katalon.core.main.TestCaseExecutor.execute(TestCaseExecutor.java:285)
	at com.kms.katalon.core.common.CommonExecutor.accessTestCaseMainPhase(CommonExecutor.java:65)
	at com.kms.katalon.core.main.TestSuiteExecutor.accessTestSuiteMainPhase(TestSuiteExecutor.java:148)
	at com.kms.katalon.core.main.TestSuiteExecutor.execute(TestSuiteExecutor.java:106)
	at com.kms.katalon.core.main.TestCaseMain.startTestSuite(TestCaseMain.java:187)
	at com.kms.katalon.core.main.TestCaseMain$startTestSuite$0.call(Unknown Source)
	at TempTestSuite1696862291107.run(TempTestSuite1696862291107.groovy:36)
Caused by: org.openqa.selenium.StaleElementReferenceException: stale element reference: stale element not found
  (Session info: chrome=117.0.5938.149)
For documentation on this error, please visit: https://www.seleniumhq.org/exceptions/stale_element_reference.html
Build info: version: '3.141.59', revision: 'e82be7d358', time: '2018-11-14T08:25:53'
System info: host: 'DESKTOP-3BHH4MD', ip: '192.168.0.108', os.name: 'Windows 10', os.arch: 'amd64', os.version: '10.0', java.version: '1.8.0_362'
Driver info: com.kms.katalon.selenium.driver.CChromeDriver
Capabilities {acceptInsecureCerts: false, browserName: chrome, browserVersion: 117.0.5938.149, chrome: {chromedriverVersion: 116.0.5845.96 (1a3918166880..., userDataDir: C:\Users\TDS\AppData\Local\...}, fedcm:accounts: true, goog:chromeOptions: {debuggerAddress: localhost:59942}, javascriptEnabled: true, networkConnectionEnabled: false, pageLoadStrategy: normal, platform: WINDOWS, platformName: WINDOWS, proxy: Proxy(), setWindowRect: true, strictFileInteractability: false, timeouts: {implicit: 0, pageLoad: 300000, script: 30000}, unhandledPromptBehavior: dismiss and notify, webauthn:extension:credBlob: true, webauthn:extension:largeBlob: true, webauthn:extension:minPinLength: true, webauthn:extension:prf: true, webauthn:virtualAuthenticators: true}
Session ID: 67f424c3a8d273e453254319973c3ccd
	at org.openqa.selenium.remote.http.W3CHttpResponseCodec.createException(W3CHttpResponseCodec.java:187)
	at org.openqa.selenium.remote.http.W3CHttpResponseCodec.decode(W3CHttpResponseCodec.java:122)
	at org.openqa.selenium.remote.http.W3CHttpResponseCodec.decode(W3CHttpResponseCodec.java:49)
	at org.openqa.selenium.remote.HttpCommandExecutor.execute(HttpCommandExecutor.java:158)
	at org.openqa.selenium.remote.service.DriverCommandExecutor.execute(DriverCommandExecutor.java:83)
	at org.openqa.selenium.remote.RemoteWebDriver.execute(RemoteWebDriver.java:552)
	at com.kms.katalon.selenium.driver.CChromeDriver.execute(CChromeDriver.java:19)
	at org.openqa.selenium.remote.RemoteWebElement.execute(RemoteWebElement.java:285)
	at org.openqa.selenium.remote.RemoteWebElement.click(RemoteWebElement.java:84)
	at org.openqa.selenium.support.events.EventFiringWebDriver$EventFiringWebElement.lambda$new$0(EventFiringWebDriver.java:404)
	at com.sun.proxy.$Proxy11.click(Unknown Source)
	at org.openqa.selenium.support.events.EventFiringWebDriver$EventFiringWebElement.click(EventFiringWebDriver.java:417)
	at org.openqa.selenium.WebElement$click.call(Unknown Source)
	at com.kms.katalon.core.webui.keyword.builtin.ClickKeyword.clickUntilSuccessWithTimeout(ClickKeyword.groovy:81)
	at com.kms.katalon.core.webui.keyword.builtin.ClickKeyword.clickUntilSuccessWithTimeout(ClickKeyword.groovy)
	at com.kms.katalon.core.webui.keyword.builtin.ClickKeyword$_click_closure1.doCall(ClickKeyword.groovy:67)
	at com.kms.katalon.core.webui.keyword.builtin.ClickKeyword$_click_closure1.call(ClickKeyword.groovy)
	at com.kms.katalon.core.webui.keyword.internal.WebUIKeywordMain.runKeyword(WebUIKeywordMain.groovy:20)
	... 19 more


2023-10-09 19:41:12 - [TEST_STEP][PASSED] - openBrowser(""): Browser is opened with url: ''

2023-10-09 19:41:12 - [MESSAGE][INFO] - Starting 'Chrome' driver

2023-10-09 19:41:12 - [MESSAGE][INFO] - Action delay is set to 0 milliseconds

2023-10-09 19:41:15 - [MESSAGE][PASSED] - Browser is opened with url: ''

2023-10-09 19:41:15 - [TEST_STEP][PASSED] - navigateToUrl("https://app.landingly.com/"): Navigate to 'https://app.landingly.com/' successfully

2023-10-09 19:41:21 - [MESSAGE][PASSED] - Navigate to 'https://app.landingly.com/' successfully

2023-10-09 19:41:21 - [TEST_STEP][PASSED] - setText(findTestObject("Object Repository/Login/TC008-Verify user can logout/Page_Landingly  Login/input_Email_login-email"), "sqaahmadtahir@gmail.com"): Text 'sqaahmadtahir@gmail.com' is set on object 'Object Repository/Login/TC008-Verify user can logout/Page_Landingly  Login/input_Email_login-email'

2023-10-09 19:41:22 - [MESSAGE][PASSED] - Text 'sqaahmadtahir@gmail.com' is set on object 'Object Repository/Login/TC008-Verify user can logout/Page_Landingly  Login/input_Email_login-email'

2023-10-09 19:41:22 - [TEST_STEP][PASSED] - setEncryptedText(findTestObject("Object Repository/Login/TC008-Verify user can logout/Page_Landingly  Login/input_Forgot Password_login-password"), "/5S6MFFLcE5DAenbZpYNsQ=="): Text ****** has been set on object 'Object Repository/Login/TC008-Verify user can logout/Page_Landingly  Login/input_Forgot Password_login-password'

2023-10-09 19:41:23 - [MESSAGE][PASSED] - Text ****** has been set on object 'Object Repository/Login/TC008-Verify user can logout/Page_Landingly  Login/input_Forgot Password_login-password'

2023-10-09 19:41:23 - [TEST_STEP][PASSED] - click(findTestObject("Login/TC008-Verify user can logout/Page_Landingly  Login/button_Sign in")): Object: 'Object Repository/Login/TC008-Verify user can logout/Page_Landingly  Login/button_Sign in' is clicked on

2023-10-09 19:41:24 - [MESSAGE][PASSED] - Object: 'Object Repository/Login/TC008-Verify user can logout/Page_Landingly  Login/button_Sign in' is clicked on

2023-10-09 19:41:24 - [TEST_STEP][PASSED] - verifyElementText(findTestObject("Object Repository/Login/TC008-Verify user can logout/Page_Landingly/h5_Welcome Muhammad Ahmad Tahir"), "Welcome Muhammad Ahmad Tahir"): Actual text and expected text of test object 'Object Repository/Login/TC008-Verify user can logout/Page_Landingly/h5_Welcome Muhammad Ahmad Tahir' are matched.

2023-10-09 19:41:26 - [MESSAGE][PASSED] - Actual text and expected text of test object 'Object Repository/Login/TC008-Verify user can logout/Page_Landingly/h5_Welcome Muhammad Ahmad Tahir' are matched.

2023-10-09 19:41:26 - [TEST_STEP][FAILED] - click(findTestObject("Object Repository/Login/TC008-Verify user can logout/Page_Landingly/img")): Unable to click on object 'Object Repository/Login/TC008-Verify user can logout/Page_Landingly/img' (Root cause: com.kms.katalon.core.exception.StepFailedException: Unable to click on object 'Object Repository/Login/TC008-Verify user can logout/Page_Landingly/img'
	at com.kms.katalon.core.webui.keyword.internal.WebUIKeywordMain.stepFailed(WebUIKeywordMain.groovy:64)
	at com.kms.katalon.core.webui.keyword.internal.WebUIKeywordMain.runKeyword(WebUIKeywordMain.groovy:26)
	at com.kms.katalon.core.webui.keyword.builtin.ClickKeyword.click(ClickKeyword.groovy:74)
	at com.kms.katalon.core.webui.keyword.builtin.ClickKeyword.execute(ClickKeyword.groovy:40)
	at com.kms.katalon.core.keyword.internal.KeywordExecutor.executeKeywordForPlatform(KeywordExecutor.groovy:74)
	at com.kms.katalon.core.webui.keyword.WebUiBuiltInKeywords.click(WebUiBuiltInKeywords.groovy:620)
	at com.kms.katalon.core.webui.keyword.WebUiBuiltInKeywords$click$4.call(Unknown Source)
	at TC008-Verify user can logout.run(TC008-Verify user can logout:35)
	at com.kms.katalon.core.main.ScriptEngine.run(ScriptEngine.java:194)
	at com.kms.katalon.core.main.ScriptEngine.runScriptAsRawText(ScriptEngine.java:119)
	at com.kms.katalon.core.main.TestCaseExecutor.runScript(TestCaseExecutor.java:448)
	at com.kms.katalon.core.main.TestCaseExecutor.doExecute(TestCaseExecutor.java:439)
	at com.kms.katalon.core.main.TestCaseExecutor.processExecutionPhase(TestCaseExecutor.java:418)
	at com.kms.katalon.core.main.TestCaseExecutor.accessMainPhase(TestCaseExecutor.java:410)
	at com.kms.katalon.core.main.TestCaseExecutor.execute(TestCaseExecutor.java:285)
	at com.kms.katalon.core.common.CommonExecutor.accessTestCaseMainPhase(CommonExecutor.java:65)
	at com.kms.katalon.core.main.TestSuiteExecutor.accessTestSuiteMainPhase(TestSuiteExecutor.java:148)
	at com.kms.katalon.core.main.TestSuiteExecutor.execute(TestSuiteExecutor.java:106)
	at com.kms.katalon.core.main.TestCaseMain.startTestSuite(TestCaseMain.java:187)
	at com.kms.katalon.core.main.TestCaseMain$startTestSuite$0.call(Unknown Source)
	at TempTestSuite1696862291107.run(TempTestSuite1696862291107.groovy:36)
Caused by: org.openqa.selenium.StaleElementReferenceException: stale element reference: stale element not found
  (Session info: chrome=117.0.5938.149)
For documentation on this error, please visit: https://www.seleniumhq.org/exceptions/stale_element_reference.html
Build info: version: '3.141.59', revision: 'e82be7d358', time: '2018-11-14T08:25:53'
System info: host: 'DESKTOP-3BHH4MD', ip: '192.168.0.108', os.name: 'Windows 10', os.arch: 'amd64', os.version: '10.0', java.version: '1.8.0_362'
Driver info: com.kms.katalon.selenium.driver.CChromeDriver
Capabilities {acceptInsecureCerts: false, browserName: chrome, browserVersion: 117.0.5938.149, chrome: {chromedriverVersion: 116.0.5845.96 (1a3918166880..., userDataDir: C:\Users\TDS\AppData\Local\...}, fedcm:accounts: true, goog:chromeOptions: {debuggerAddress: localhost:59942}, javascriptEnabled: true, networkConnectionEnabled: false, pageLoadStrategy: normal, platform: WINDOWS, platformName: WINDOWS, proxy: Proxy(), setWindowRect: true, strictFileInteractability: false, timeouts: {implicit: 0, pageLoad: 300000, script: 30000}, unhandledPromptBehavior: dismiss and notify, webauthn:extension:credBlob: true, webauthn:extension:largeBlob: true, webauthn:extension:minPinLength: true, webauthn:extension:prf: true, webauthn:virtualAuthenticators: true}
Session ID: 67f424c3a8d273e453254319973c3ccd
	at org.openqa.selenium.remote.http.W3CHttpResponseCodec.createException(W3CHttpResponseCodec.java:187)
	at org.openqa.selenium.remote.http.W3CHttpResponseCodec.decode(W3CHttpResponseCodec.java:122)
	at org.openqa.selenium.remote.http.W3CHttpResponseCodec.decode(W3CHttpResponseCodec.java:49)
	at org.openqa.selenium.remote.HttpCommandExecutor.execute(HttpCommandExecutor.java:158)
	at org.openqa.selenium.remote.service.DriverCommandExecutor.execute(DriverCommandExecutor.java:83)
	at org.openqa.selenium.remote.RemoteWebDriver.execute(RemoteWebDriver.java:552)
	at com.kms.katalon.selenium.driver.CChromeDriver.execute(CChromeDriver.java:19)
	at org.openqa.selenium.remote.RemoteWebElement.execute(RemoteWebElement.java:285)
	at org.openqa.selenium.remote.RemoteWebElement.click(RemoteWebElement.java:84)
	at org.openqa.selenium.support.events.EventFiringWebDriver$EventFiringWebElement.lambda$new$0(EventFiringWebDriver.java:404)
	at com.sun.proxy.$Proxy11.click(Unknown Source)
	at org.openqa.selenium.support.events.EventFiringWebDriver$EventFiringWebElement.click(EventFiringWebDriver.java:417)
	at org.openqa.selenium.WebElement$click.call(Unknown Source)
	at com.kms.katalon.core.webui.keyword.builtin.ClickKeyword.clickUntilSuccessWithTimeout(ClickKeyword.groovy:81)
	at com.kms.katalon.core.webui.keyword.builtin.ClickKeyword.clickUntilSuccessWithTimeout(ClickKeyword.groovy)
	at com.kms.katalon.core.webui.keyword.builtin.ClickKeyword$_click_closure1.doCall(ClickKeyword.groovy:67)
	at com.kms.katalon.core.webui.keyword.builtin.ClickKeyword$_click_closure1.call(ClickKeyword.groovy)
	at com.kms.katalon.core.webui.keyword.internal.WebUIKeywordMain.runKeyword(WebUIKeywordMain.groovy:20)
	at com.kms.katalon.core.webui.keyword.builtin.ClickKeyword.click(ClickKeyword.groovy:74)
	at com.kms.katalon.core.webui.keyword.builtin.ClickKeyword.execute(ClickKeyword.groovy:40)
	at com.kms.katalon.core.keyword.internal.KeywordExecutor.executeKeywordForPlatform(KeywordExecutor.groovy:74)
	at com.kms.katalon.core.webui.keyword.WebUiBuiltInKeywords.click(WebUiBuiltInKeywords.groovy:620)
	at com.kms.katalon.core.webui.keyword.WebUiBuiltInKeywords$click$4.call(Unknown Source)
	at Script1695725514406.run(Script1695725514406.groovy:35)
	... 13 more
)

2023-10-09 19:41:27 - [MESSAGE][FAILED] - Unable to click on object 'Object Repository/Login/TC008-Verify user can logout/Page_Landingly/img' (Root cause: com.kms.katalon.core.exception.StepFailedException: Unable to click on object 'Object Repository/Login/TC008-Verify user can logout/Page_Landingly/img'
	at com.kms.katalon.core.webui.keyword.internal.WebUIKeywordMain.stepFailed(WebUIKeywordMain.groovy:64)
	at com.kms.katalon.core.webui.keyword.internal.WebUIKeywordMain.runKeyword(WebUIKeywordMain.groovy:26)
	at com.kms.katalon.core.webui.keyword.builtin.ClickKeyword.click(ClickKeyword.groovy:74)
	at com.kms.katalon.core.webui.keyword.builtin.ClickKeyword.execute(ClickKeyword.groovy:40)
	at com.kms.katalon.core.keyword.internal.KeywordExecutor.executeKeywordForPlatform(KeywordExecutor.groovy:74)
	at com.kms.katalon.core.webui.keyword.WebUiBuiltInKeywords.click(WebUiBuiltInKeywords.groovy:620)
	at com.kms.katalon.core.webui.keyword.WebUiBuiltInKeywords$click$4.call(Unknown Source)
	at TC008-Verify user can logout.run(TC008-Verify user can logout:35)
	at com.kms.katalon.core.main.ScriptEngine.run(ScriptEngine.java:194)
	at com.kms.katalon.core.main.ScriptEngine.runScriptAsRawText(ScriptEngine.java:119)
	at com.kms.katalon.core.main.TestCaseExecutor.runScript(TestCaseExecutor.java:448)
	at com.kms.katalon.core.main.TestCaseExecutor.doExecute(TestCaseExecutor.java:439)
	at com.kms.katalon.core.main.TestCaseExecutor.processExecutionPhase(TestCaseExecutor.java:418)
	at com.kms.katalon.core.main.TestCaseExecutor.accessMainPhase(TestCaseExecutor.java:410)
	at com.kms.katalon.core.main.TestCaseExecutor.execute(TestCaseExecutor.java:285)
	at com.kms.katalon.core.common.CommonExecutor.accessTestCaseMainPhase(CommonExecutor.java:65)
	at com.kms.katalon.core.main.TestSuiteExecutor.accessTestSuiteMainPhase(TestSuiteExecutor.java:148)
	at com.kms.katalon.core.main.TestSuiteExecutor.execute(TestSuiteExecutor.java:106)
	at com.kms.katalon.core.main.TestCaseMain.startTestSuite(TestCaseMain.java:187)
	at com.kms.katalon.core.main.TestCaseMain$startTestSuite$0.call(Unknown Source)
	at TempTestSuite1696862291107.run(TempTestSuite1696862291107.groovy:36)
Caused by: org.openqa.selenium.StaleElementReferenceException: stale element reference: stale element not found
  (Session info: chrome=117.0.5938.149)
For documentation on this error, please visit: https://www.seleniumhq.org/exceptions/stale_element_reference.html
Build info: version: '3.141.59', revision: 'e82be7d358', time: '2018-11-14T08:25:53'
System info: host: 'DESKTOP-3BHH4MD', ip: '192.168.0.108', os.name: 'Windows 10', os.arch: 'amd64', os.version: '10.0', java.version: '1.8.0_362'
Driver info: com.kms.katalon.selenium.driver.CChromeDriver
Capabilities {acceptInsecureCerts: false, browserName: chrome, browserVersion: 117.0.5938.149, chrome: {chromedriverVersion: 116.0.5845.96 (1a3918166880..., userDataDir: C:\Users\TDS\AppData\Local\...}, fedcm:accounts: true, goog:chromeOptions: {debuggerAddress: localhost:59942}, javascriptEnabled: true, networkConnectionEnabled: false, pageLoadStrategy: normal, platform: WINDOWS, platformName: WINDOWS, proxy: Proxy(), setWindowRect: true, strictFileInteractability: false, timeouts: {implicit: 0, pageLoad: 300000, script: 30000}, unhandledPromptBehavior: dismiss and notify, webauthn:extension:credBlob: true, webauthn:extension:largeBlob: true, webauthn:extension:minPinLength: true, webauthn:extension:prf: true, webauthn:virtualAuthenticators: true}
Session ID: 67f424c3a8d273e453254319973c3ccd
	at org.openqa.selenium.remote.http.W3CHttpResponseCodec.createException(W3CHttpResponseCodec.java:187)
	at org.openqa.selenium.remote.http.W3CHttpResponseCodec.decode(W3CHttpResponseCodec.java:122)
	at org.openqa.selenium.remote.http.W3CHttpResponseCodec.decode(W3CHttpResponseCodec.java:49)
	at org.openqa.selenium.remote.HttpCommandExecutor.execute(HttpCommandExecutor.java:158)
	at org.openqa.selenium.remote.service.DriverCommandExecutor.execute(DriverCommandExecutor.java:83)
	at org.openqa.selenium.remote.RemoteWebDriver.execute(RemoteWebDriver.java:552)
	at com.kms.katalon.selenium.driver.CChromeDriver.execute(CChromeDriver.java:19)
	at org.openqa.selenium.remote.RemoteWebElement.execute(RemoteWebElement.java:285)
	at org.openqa.selenium.remote.RemoteWebElement.click(RemoteWebElement.java:84)
	at org.openqa.selenium.support.events.EventFiringWebDriver$EventFiringWebElement.lambda$new$0(EventFiringWebDriver.java:404)
	at com.sun.proxy.$Proxy11.click(Unknown Source)
	at org.openqa.selenium.support.events.EventFiringWebDriver$EventFiringWebElement.click(EventFiringWebDriver.java:417)
	at org.openqa.selenium.WebElement$click.call(Unknown Source)
	at com.kms.katalon.core.webui.keyword.builtin.ClickKeyword.clickUntilSuccessWithTimeout(ClickKeyword.groovy:81)
	at com.kms.katalon.core.webui.keyword.builtin.ClickKeyword.clickUntilSuccessWithTimeout(ClickKeyword.groovy)
	at com.kms.katalon.core.webui.keyword.builtin.ClickKeyword$_click_closure1.doCall(ClickKeyword.groovy:67)
	at com.kms.katalon.core.webui.keyword.builtin.ClickKeyword$_click_closure1.call(ClickKeyword.groovy)
	at com.kms.katalon.core.webui.keyword.internal.WebUIKeywordMain.runKeyword(WebUIKeywordMain.groovy:20)
	at com.kms.katalon.core.webui.keyword.builtin.ClickKeyword.click(ClickKeyword.groovy:74)
	at com.kms.katalon.core.webui.keyword.builtin.ClickKeyword.execute(ClickKeyword.groovy:40)
	at com.kms.katalon.core.keyword.internal.KeywordExecutor.executeKeywordForPlatform(KeywordExecutor.groovy:74)
	at com.kms.katalon.core.webui.keyword.WebUiBuiltInKeywords.click(WebUiBuiltInKeywords.groovy:620)
	at com.kms.katalon.core.webui.keyword.WebUiBuiltInKeywords$click$4.call(Unknown Source)
	at Script1695725514406.run(Script1695725514406.groovy:35)
	... 13 more
)
[[ATTACHMENT|C:\\Users\\TDS\\git\\Landingly\\Reports\\20231009_193811\\Landingly\\20231009_193811\\1696862487159.png]]]]></system-out>
         <system-err><![CDATA[2023-10-09 19:41:11 - [TEST_CASE][FAILED] - Test Cases/Login/TC008-Verify user can logout: Test Cases/Login/TC008-Verify user can logout FAILED.
Reason:
com.kms.katalon.core.exception.StepFailedException: Unable to click on object 'Object Repository/Login/TC008-Verify user can logout/Page_Landingly/img'
	at com.kms.katalon.core.webui.keyword.internal.WebUIKeywordMain.stepFailed(WebUIKeywordMain.groovy:64)
	at com.kms.katalon.core.webui.keyword.internal.WebUIKeywordMain.runKeyword(WebUIKeywordMain.groovy:26)
	at com.kms.katalon.core.webui.keyword.builtin.ClickKeyword.click(ClickKeyword.groovy:74)
	at com.kms.katalon.core.webui.keyword.builtin.ClickKeyword.execute(ClickKeyword.groovy:40)
	at com.kms.katalon.core.keyword.internal.KeywordExecutor.executeKeywordForPlatform(KeywordExecutor.groovy:74)
	at com.kms.katalon.core.webui.keyword.WebUiBuiltInKeywords.click(WebUiBuiltInKeywords.groovy:620)
	at com.kms.katalon.core.webui.keyword.WebUiBuiltInKeywords$click$4.call(Unknown Source)
	at TC008-Verify user can logout.run(TC008-Verify user can logout:35)
	at com.kms.katalon.core.main.ScriptEngine.run(ScriptEngine.java:194)
	at com.kms.katalon.core.main.ScriptEngine.runScriptAsRawText(ScriptEngine.java:119)
	at com.kms.katalon.core.main.TestCaseExecutor.runScript(TestCaseExecutor.java:448)
	at com.kms.katalon.core.main.TestCaseExecutor.doExecute(TestCaseExecutor.java:439)
	at com.kms.katalon.core.main.TestCaseExecutor.processExecutionPhase(TestCaseExecutor.java:418)
	at com.kms.katalon.core.main.TestCaseExecutor.accessMainPhase(TestCaseExecutor.java:410)
	at com.kms.katalon.core.main.TestCaseExecutor.execute(TestCaseExecutor.java:285)
	at com.kms.katalon.core.common.CommonExecutor.accessTestCaseMainPhase(CommonExecutor.java:65)
	at com.kms.katalon.core.main.TestSuiteExecutor.accessTestSuiteMainPhase(TestSuiteExecutor.java:148)
	at com.kms.katalon.core.main.TestSuiteExecutor.execute(TestSuiteExecutor.java:106)
	at com.kms.katalon.core.main.TestCaseMain.startTestSuite(TestCaseMain.java:187)
	at com.kms.katalon.core.main.TestCaseMain$startTestSuite$0.call(Unknown Source)
	at TempTestSuite1696862291107.run(TempTestSuite1696862291107.groovy:36)
Caused by: org.openqa.selenium.StaleElementReferenceException: stale element reference: stale element not found
  (Session info: chrome=117.0.5938.149)
For documentation on this error, please visit: https://www.seleniumhq.org/exceptions/stale_element_reference.html
Build info: version: '3.141.59', revision: 'e82be7d358', time: '2018-11-14T08:25:53'
System info: host: 'DESKTOP-3BHH4MD', ip: '192.168.0.108', os.name: 'Windows 10', os.arch: 'amd64', os.version: '10.0', java.version: '1.8.0_362'
Driver info: com.kms.katalon.selenium.driver.CChromeDriver
Capabilities {acceptInsecureCerts: false, browserName: chrome, browserVersion: 117.0.5938.149, chrome: {chromedriverVersion: 116.0.5845.96 (1a3918166880..., userDataDir: C:\Users\TDS\AppData\Local\...}, fedcm:accounts: true, goog:chromeOptions: {debuggerAddress: localhost:59942}, javascriptEnabled: true, networkConnectionEnabled: false, pageLoadStrategy: normal, platform: WINDOWS, platformName: WINDOWS, proxy: Proxy(), setWindowRect: true, strictFileInteractability: false, timeouts: {implicit: 0, pageLoad: 300000, script: 30000}, unhandledPromptBehavior: dismiss and notify, webauthn:extension:credBlob: true, webauthn:extension:largeBlob: true, webauthn:extension:minPinLength: true, webauthn:extension:prf: true, webauthn:virtualAuthenticators: true}
Session ID: 67f424c3a8d273e453254319973c3ccd
	at org.openqa.selenium.remote.http.W3CHttpResponseCodec.createException(W3CHttpResponseCodec.java:187)
	at org.openqa.selenium.remote.http.W3CHttpResponseCodec.decode(W3CHttpResponseCodec.java:122)
	at org.openqa.selenium.remote.http.W3CHttpResponseCodec.decode(W3CHttpResponseCodec.java:49)
	at org.openqa.selenium.remote.HttpCommandExecutor.execute(HttpCommandExecutor.java:158)
	at org.openqa.selenium.remote.service.DriverCommandExecutor.execute(DriverCommandExecutor.java:83)
	at org.openqa.selenium.remote.RemoteWebDriver.execute(RemoteWebDriver.java:552)
	at com.kms.katalon.selenium.driver.CChromeDriver.execute(CChromeDriver.java:19)
	at org.openqa.selenium.remote.RemoteWebElement.execute(RemoteWebElement.java:285)
	at org.openqa.selenium.remote.RemoteWebElement.click(RemoteWebElement.java:84)
	at org.openqa.selenium.support.events.EventFiringWebDriver$EventFiringWebElement.lambda$new$0(EventFiringWebDriver.java:404)
	at com.sun.proxy.$Proxy11.click(Unknown Source)
	at org.openqa.selenium.support.events.EventFiringWebDriver$EventFiringWebElement.click(EventFiringWebDriver.java:417)
	at org.openqa.selenium.WebElement$click.call(Unknown Source)
	at com.kms.katalon.core.webui.keyword.builtin.ClickKeyword.clickUntilSuccessWithTimeout(ClickKeyword.groovy:81)
	at com.kms.katalon.core.webui.keyword.builtin.ClickKeyword.clickUntilSuccessWithTimeout(ClickKeyword.groovy)
	at com.kms.katalon.core.webui.keyword.builtin.ClickKeyword$_click_closure1.doCall(ClickKeyword.groovy:67)
	at com.kms.katalon.core.webui.keyword.builtin.ClickKeyword$_click_closure1.call(ClickKeyword.groovy)
	at com.kms.katalon.core.webui.keyword.internal.WebUIKeywordMain.runKeyword(WebUIKeywordMain.groovy:20)
	... 19 more]]></system-err>
      </testcase>
      <testcase name="Test Cases/Login/TC009-Verify forget password working fine" time="17.058" classname="Test Cases/Login/TC009-Verify forget password working fine" status="PASSED">
         <system-out><![CDATA[2023-10-09 19:41:27 - [TEST_CASE][PASSED] - Test Cases/Login/TC009-Verify forget password working fine: Test Cases/Login/TC009-Verify forget password working fine

2023-10-09 19:41:28 - [TEST_STEP][PASSED] - openBrowser(""): Browser is opened with url: ''

2023-10-09 19:41:28 - [MESSAGE][WARNING] - A browser is already opened. Closing browser and opening a new one

2023-10-09 19:41:30 - [MESSAGE][INFO] - Starting 'Chrome' driver

2023-10-09 19:41:30 - [MESSAGE][INFO] - Action delay is set to 0 milliseconds

2023-10-09 19:41:32 - [MESSAGE][PASSED] - Browser is opened with url: ''

2023-10-09 19:41:32 - [TEST_STEP][PASSED] - navigateToUrl("https://app.landingly.com/"): Navigate to 'https://app.landingly.com/' successfully

2023-10-09 19:41:38 - [MESSAGE][PASSED] - Navigate to 'https://app.landingly.com/' successfully

2023-10-09 19:41:38 - [TEST_STEP][PASSED] - click(findTestObject("Object Repository/Login/TC009-Verify forget password working fine/Page_Landingly  Login/small_Forgot Password")): Object: 'Object Repository/Login/TC009-Verify forget password working fine/Page_Landingly  Login/small_Forgot Password' is clicked on

2023-10-09 19:41:39 - [MESSAGE][PASSED] - Object: 'Object Repository/Login/TC009-Verify forget password working fine/Page_Landingly  Login/small_Forgot Password' is clicked on

2023-10-09 19:41:39 - [TEST_STEP][PASSED] - setText(findTestObject("Object Repository/Login/TC009-Verify forget password working fine/Page_Landingly  Login/input_Email_useremail"), "sqaahmadtahir@gmail.com"): Text 'sqaahmadtahir@gmail.com' is set on object 'Object Repository/Login/TC009-Verify forget password working fine/Page_Landingly  Login/input_Email_useremail'

2023-10-09 19:41:40 - [MESSAGE][PASSED] - Text 'sqaahmadtahir@gmail.com' is set on object 'Object Repository/Login/TC009-Verify forget password working fine/Page_Landingly  Login/input_Email_useremail'

2023-10-09 19:41:40 - [TEST_STEP][PASSED] - click(findTestObject("Object Repository/Login/TC009-Verify forget password working fine/Page_Landingly  Login/button_Send password reset link")): Object: 'Object Repository/Login/TC009-Verify forget password working fine/Page_Landingly  Login/button_Send password reset link' is clicked on

2023-10-09 19:41:41 - [MESSAGE][PASSED] - Object: 'Object Repository/Login/TC009-Verify forget password working fine/Page_Landingly  Login/button_Send password reset link' is clicked on

2023-10-09 19:41:41 - [TEST_STEP][PASSED] - verifyElementText(findTestObject("Object Repository/Login/TC009-Verify forget password working fine/Page_Landingly  Login/h5_Please check your email to reset a new password"), "Please check your email to reset a new password."): Actual text and expected text of test object 'Object Repository/Login/TC009-Verify forget password working fine/Page_Landingly  Login/h5_Please check your email to reset a new password' are matched.

2023-10-09 19:41:43 - [MESSAGE][PASSED] - Actual text and expected text of test object 'Object Repository/Login/TC009-Verify forget password working fine/Page_Landingly  Login/h5_Please check your email to reset a new password' are matched.

2023-10-09 19:41:43 - [TEST_STEP][PASSED] - closeBrowser(): Browser is closed

2023-10-09 19:41:44 - [MESSAGE][PASSED] - Browser is closed]]></system-out>
         <system-err><![CDATA[]]></system-err>
      </testcase>
      <testcase name="Test Cases/Profile/TC010-Verify user can upload profile picture" time="32.61" classname="Test Cases/Profile/TC010-Verify user can upload profile picture" status="PASSED">
         <system-out><![CDATA[2023-10-09 19:41:44 - [TEST_CASE][PASSED] - Test Cases/Profile/TC010-Verify user can upload profile picture: Test Cases/Profile/TC010-Verify user can upload profile picture

2023-10-09 19:41:45 - [TEST_STEP][PASSED] - openBrowser(""): Browser is opened with url: ''

2023-10-09 19:41:45 - [MESSAGE][INFO] - Starting 'Chrome' driver

2023-10-09 19:41:45 - [MESSAGE][INFO] - Action delay is set to 0 milliseconds

2023-10-09 19:41:48 - [MESSAGE][PASSED] - Browser is opened with url: ''

2023-10-09 19:41:48 - [TEST_STEP][PASSED] - maximizeWindow(): Current window maximized

2023-10-09 19:41:48 - [MESSAGE][PASSED] - Current window maximized

2023-10-09 19:41:48 - [TEST_STEP][PASSED] - navigateToUrl("https://app.landingly.com/"): Navigate to 'https://app.landingly.com/' successfully

2023-10-09 19:41:54 - [MESSAGE][PASSED] - Navigate to 'https://app.landingly.com/' successfully

2023-10-09 19:41:54 - [TEST_STEP][PASSED] - setText(findTestObject("Object Repository/Profile/TC010-Verify user can upload profile picture/Page_Landingly  Login/input_Email_login-email"), "sqaahmadtahir@gmail.com"): Text 'sqaahmadtahir@gmail.com' is set on object 'Object Repository/Profile/TC010-Verify user can upload profile picture/Page_Landingly  Login/input_Email_login-email'

2023-10-09 19:41:55 - [MESSAGE][PASSED] - Text 'sqaahmadtahir@gmail.com' is set on object 'Object Repository/Profile/TC010-Verify user can upload profile picture/Page_Landingly  Login/input_Email_login-email'

2023-10-09 19:41:55 - [TEST_STEP][PASSED] - setEncryptedText(findTestObject("Object Repository/Profile/TC010-Verify user can upload profile picture/Page_Landingly  Login/input_Forgot Password_login-password"), "/5S6MFFLcE5DAenbZpYNsQ=="): Text ****** has been set on object 'Object Repository/Profile/TC010-Verify user can upload profile picture/Page_Landingly  Login/input_Forgot Password_login-password'

2023-10-09 19:41:56 - [MESSAGE][PASSED] - Text ****** has been set on object 'Object Repository/Profile/TC010-Verify user can upload profile picture/Page_Landingly  Login/input_Forgot Password_login-password'

2023-10-09 19:41:56 - [TEST_STEP][PASSED] - click(findTestObject("Object Repository/Profile/TC010-Verify user can upload profile picture/Page_Landingly  Login/button_Sign in")): Object: 'Object Repository/Profile/TC010-Verify user can upload profile picture/Page_Landingly  Login/button_Sign in' is clicked on

2023-10-09 19:41:56 - [MESSAGE][PASSED] - Object: 'Object Repository/Profile/TC010-Verify user can upload profile picture/Page_Landingly  Login/button_Sign in' is clicked on

2023-10-09 19:41:56 - [TEST_STEP][PASSED] - click(findTestObject("Object Repository/Profile/TC010-Verify user can upload profile picture/Page_Landingly/img")): Object: 'Object Repository/Profile/TC010-Verify user can upload profile picture/Page_Landingly/img' is clicked on

2023-10-09 19:42:03 - [MESSAGE][PASSED] - Object: 'Object Repository/Profile/TC010-Verify user can upload profile picture/Page_Landingly/img' is clicked on

2023-10-09 19:42:03 - [TEST_STEP][PASSED] - click(findTestObject("Object Repository/Profile/TC010-Verify user can upload profile picture/Page_Landingly/span_Profile")): Object: 'Object Repository/Profile/TC010-Verify user can upload profile picture/Page_Landingly/span_Profile' is clicked on

2023-10-09 19:42:04 - [MESSAGE][PASSED] - Object: 'Object Repository/Profile/TC010-Verify user can upload profile picture/Page_Landingly/span_Profile' is clicked on

2023-10-09 19:42:04 - [TEST_STEP][PASSED] - uploadFile(findTestObject("Profile/TC010-Verify user can upload profile picture/Page_Landingly  Profile/uploadimage"), "C:/Users/TDS/git/Landingly/images/linkedin(2).png"): File 'C:/Users/TDS/git/Landingly/images/linkedin(2).png' sent to object: 'Object Repository/Profile/TC010-Verify user can upload profile picture/Page_Landingly  Profile/uploadimage'

2023-10-09 19:42:05 - [MESSAGE][PASSED] - File 'C:/Users/TDS/git/Landingly/images/linkedin(2).png' sent to object: 'Object Repository/Profile/TC010-Verify user can upload profile picture/Page_Landingly  Profile/uploadimage'

2023-10-09 19:42:05 - [TEST_STEP][PASSED] - delay(10): Delayed 10 second(s)

2023-10-09 19:42:15 - [MESSAGE][PASSED] - Delayed 10 second(s)

2023-10-09 19:42:15 - [TEST_STEP][PASSED] - attribute = getAttribute(findTestObject("Profile/TC010-Verify user can upload profile picture/Page_Landingly  Profile/varifyimageuploaded"), "src"): Attribute 'src' of object 'Object Repository/Profile/TC010-Verify user can upload profile picture/Page_Landingly  Profile/varifyimageuploaded' is: 'https://api.landingly.com/Images/ProfilePics/3def73ec-074c-4973-a741-1b7a0673b606/7e388e08-6ca3-4972-a318-7c50961c5097.png'

2023-10-09 19:42:16 - [MESSAGE][PASSED] - Attribute 'src' of object 'Object Repository/Profile/TC010-Verify user can upload profile picture/Page_Landingly  Profile/varifyimageuploaded' is: 'https://api.landingly.com/Images/ProfilePics/3def73ec-074c-4973-a741-1b7a0673b606/7e388e08-6ca3-4972-a318-7c50961c5097.png'

2023-10-09 19:42:16 - [TEST_STEP][PASSED] - verifyNotMatch(attribute, "https://api.landingly.com/Images/profile.png", false): Actual text 'https://api.landingly.com/Images/ProfilePics/3def73ec-074c-4973-a741-1b7a0673b606/7e388e08-6ca3-4972-a318-7c50961c5097.png' and expected text 'https://api.landingly.com/Images/profile.png' are not matched 

2023-10-09 19:42:16 - [MESSAGE][PASSED] - Actual text 'https://api.landingly.com/Images/ProfilePics/3def73ec-074c-4973-a741-1b7a0673b606/7e388e08-6ca3-4972-a318-7c50961c5097.png' and expected text 'https://api.landingly.com/Images/profile.png' are not matched 

2023-10-09 19:42:16 - [TEST_STEP][PASSED] - closeBrowser(): Browser is closed

2023-10-09 19:42:17 - [MESSAGE][PASSED] - Browser is closed]]></system-out>
         <system-err><![CDATA[]]></system-err>
      </testcase>
      <testcase name="Test Cases/Profile/TC011-Verify user can remove profile picture" time="4.027" classname="Test Cases/Profile/TC011-Verify user can remove profile picture" status="FAILED">
         <failure type="FAILED" message="Test Cases/Profile/TC011-Verify user can remove profile picture FAILED.
Reason:
com.kms.katalon.core.exception.StepFailedException: Unable to open browser with url: ''
	at com.kms.katalon.core.webui.keyword.internal.WebUIKeywordMain.stepFailed(WebUIKeywordMain.groovy:64)
	at com.kms.katalon.core.webui.keyword.internal.WebUIKeywordMain.runKeyword(WebUIKeywordMain.groovy:26)
	at com.kms.katalon.core.webui.keyword.builtin.OpenBrowserKeyword.openBrowser(OpenBrowserKeyword.groovy:81)
	at com.kms.katalon.core.webui.keyword.builtin.OpenBrowserKeyword.execute(OpenBrowserKeyword.groovy:67)
	at com.kms.katalon.core.keyword.internal.KeywordExecutor.executeKeywordForPlatform(KeywordExecutor.groovy:74)
	at com.kms.katalon.core.webui.keyword.WebUiBuiltInKeywords.openBrowser(WebUiBuiltInKeywords.groovy:64)
	at com.kms.katalon.core.webui.keyword.WebUiBuiltInKeywords$openBrowser.call(Unknown Source)
	at TC011-Verify user can remove profile picture.run(TC011-Verify user can remove profile picture:20)
	at com.kms.katalon.core.main.ScriptEngine.run(ScriptEngine.java:194)
	at com.kms.katalon.core.main.ScriptEngine.runScriptAsRawText(ScriptEngine.java:119)
	at com.kms.katalon.core.main.TestCaseExecutor.runScript(TestCaseExecutor.java:448)
	at com.kms.katalon.core.main.TestCaseExecutor.doExecute(TestCaseExecutor.java:439)
	at com.kms.katalon.core.main.TestCaseExecutor.processExecutionPhase(TestCaseExecutor.java:418)
	at com.kms.katalon.core.main.TestCaseExecutor.accessMainPhase(TestCaseExecutor.java:410)
	at com.kms.katalon.core.main.TestCaseExecutor.execute(TestCaseExecutor.java:285)
	at com.kms.katalon.core.common.CommonExecutor.accessTestCaseMainPhase(CommonExecutor.java:65)
	at com.kms.katalon.core.main.TestSuiteExecutor.accessTestSuiteMainPhase(TestSuiteExecutor.java:148)
	at com.kms.katalon.core.main.TestSuiteExecutor.execute(TestSuiteExecutor.java:106)
	at com.kms.katalon.core.main.TestCaseMain.startTestSuite(TestCaseMain.java:187)
	at com.kms.katalon.core.main.TestCaseMain$startTestSuite$0.call(Unknown Source)
	at TempTestSuite1696862291107.run(TempTestSuite1696862291107.groovy:36)
Caused by: org.openqa.selenium.SessionNotCreatedException: session not created
from no such execution context: uniqueContextId not found
  (Session info: chrome=117.0.5938.149)
Build info: version: '3.141.59', revision: 'e82be7d358', time: '2018-11-14T08:25:53'
System info: host: 'DESKTOP-3BHH4MD', ip: '192.168.0.108', os.name: 'Windows 10', os.arch: 'amd64', os.version: '10.0', java.version: '1.8.0_362'
Driver info: driver.version: CChromeDriver
remote stacktrace: 	GetHandleVerifier [0x00007FF6CAD052A2+57122]
	(No symbol) [0x00007FF6CAC7EA92]
	(No symbol) [0x00007FF6CAB4E3AB]
	(No symbol) [0x00007FF6CAB3C6E6]
	(No symbol) [0x00007FF6CAB3AA3B]
	(No symbol) [0x00007FF6CAB3B31E]
	(No symbol) [0x00007FF6CAB51FE7]
	(No symbol) [0x00007FF6CAB53D2F]
	(No symbol) [0x00007FF6CAB53E20]
	(No symbol) [0x00007FF6CABAFF28]
	(No symbol) [0x00007FF6CABAE5B0]
	(No symbol) [0x00007FF6CABA6DB3]
	(No symbol) [0x00007FF6CAB7D2B1]
	(No symbol) [0x00007FF6CAB7E494]
	GetHandleVerifier [0x00007FF6CAFAEF82+2849794]
	GetHandleVerifier [0x00007FF6CB001D24+3189156]
	GetHandleVerifier [0x00007FF6CAFFACAF+3160367]
	GetHandleVerifier [0x00007FF6CAD96D06+653702]
	(No symbol) [0x00007FF6CAC8A208]
	(No symbol) [0x00007FF6CAC862C4]
	(No symbol) [0x00007FF6CAC863F6]
	(No symbol) [0x00007FF6CAC767A3]
	BaseThreadInitThunk [0x00007FFFA9FD7344+20]
	RtlUserThreadStart [0x00007FFFABC826B1+33]

	at org.openqa.selenium.remote.W3CHandshakeResponse.lambda$errorHandler$0(W3CHandshakeResponse.java:62)
	at org.openqa.selenium.remote.HandshakeResponse.lambda$getResponseFunction$0(HandshakeResponse.java:30)
	at org.openqa.selenium.remote.ProtocolHandshake.lambda$createSession$0(ProtocolHandshake.java:126)
	at org.openqa.selenium.remote.ProtocolHandshake.createSession(ProtocolHandshake.java:128)
	at org.openqa.selenium.remote.ProtocolHandshake.createSession(ProtocolHandshake.java:74)
	at org.openqa.selenium.remote.HttpCommandExecutor.execute(HttpCommandExecutor.java:136)
	at org.openqa.selenium.remote.service.DriverCommandExecutor.execute(DriverCommandExecutor.java:83)
	at org.openqa.selenium.remote.RemoteWebDriver.execute(RemoteWebDriver.java:552)
	at com.kms.katalon.selenium.driver.CChromeDriver.execute(CChromeDriver.java:19)
	at org.openqa.selenium.remote.RemoteWebDriver.startSession(RemoteWebDriver.java:213)
	at org.openqa.selenium.remote.RemoteWebDriver.&lt;init>(RemoteWebDriver.java:131)
	at org.openqa.selenium.chrome.ChromeDriver.&lt;init>(ChromeDriver.java:181)
	at org.openqa.selenium.chrome.ChromeDriver.&lt;init>(ChromeDriver.java:147)
	at com.kms.katalon.selenium.driver.CChromeDriver.&lt;init>(CChromeDriver.java:13)
	at com.kms.katalon.core.webui.driver.DriverFactory.createNewChromeDriver(DriverFactory.java:441)
	at com.kms.katalon.core.webui.driver.DriverFactory.startNewBrowser(DriverFactory.java:374)
	at com.kms.katalon.core.webui.driver.DriverFactory.openWebDriver(DriverFactory.java:263)
	at com.kms.katalon.core.webui.keyword.builtin.OpenBrowserKeyword$_openBrowser_closure1.doCall(OpenBrowserKeyword.groovy:74)
	at com.kms.katalon.core.webui.keyword.builtin.OpenBrowserKeyword$_openBrowser_closure1.call(OpenBrowserKeyword.groovy)
	at com.kms.katalon.core.webui.keyword.internal.WebUIKeywordMain.runKeyword(WebUIKeywordMain.groovy:20)
	... 19 more
"/>
         <system-out><![CDATA[2023-10-09 19:42:17 - [TEST_CASE][FAILED] - Test Cases/Profile/TC011-Verify user can remove profile picture: Test Cases/Profile/TC011-Verify user can remove profile picture FAILED.
Reason:
com.kms.katalon.core.exception.StepFailedException: Unable to open browser with url: ''
	at com.kms.katalon.core.webui.keyword.internal.WebUIKeywordMain.stepFailed(WebUIKeywordMain.groovy:64)
	at com.kms.katalon.core.webui.keyword.internal.WebUIKeywordMain.runKeyword(WebUIKeywordMain.groovy:26)
	at com.kms.katalon.core.webui.keyword.builtin.OpenBrowserKeyword.openBrowser(OpenBrowserKeyword.groovy:81)
	at com.kms.katalon.core.webui.keyword.builtin.OpenBrowserKeyword.execute(OpenBrowserKeyword.groovy:67)
	at com.kms.katalon.core.keyword.internal.KeywordExecutor.executeKeywordForPlatform(KeywordExecutor.groovy:74)
	at com.kms.katalon.core.webui.keyword.WebUiBuiltInKeywords.openBrowser(WebUiBuiltInKeywords.groovy:64)
	at com.kms.katalon.core.webui.keyword.WebUiBuiltInKeywords$openBrowser.call(Unknown Source)
	at TC011-Verify user can remove profile picture.run(TC011-Verify user can remove profile picture:20)
	at com.kms.katalon.core.main.ScriptEngine.run(ScriptEngine.java:194)
	at com.kms.katalon.core.main.ScriptEngine.runScriptAsRawText(ScriptEngine.java:119)
	at com.kms.katalon.core.main.TestCaseExecutor.runScript(TestCaseExecutor.java:448)
	at com.kms.katalon.core.main.TestCaseExecutor.doExecute(TestCaseExecutor.java:439)
	at com.kms.katalon.core.main.TestCaseExecutor.processExecutionPhase(TestCaseExecutor.java:418)
	at com.kms.katalon.core.main.TestCaseExecutor.accessMainPhase(TestCaseExecutor.java:410)
	at com.kms.katalon.core.main.TestCaseExecutor.execute(TestCaseExecutor.java:285)
	at com.kms.katalon.core.common.CommonExecutor.accessTestCaseMainPhase(CommonExecutor.java:65)
	at com.kms.katalon.core.main.TestSuiteExecutor.accessTestSuiteMainPhase(TestSuiteExecutor.java:148)
	at com.kms.katalon.core.main.TestSuiteExecutor.execute(TestSuiteExecutor.java:106)
	at com.kms.katalon.core.main.TestCaseMain.startTestSuite(TestCaseMain.java:187)
	at com.kms.katalon.core.main.TestCaseMain$startTestSuite$0.call(Unknown Source)
	at TempTestSuite1696862291107.run(TempTestSuite1696862291107.groovy:36)
Caused by: org.openqa.selenium.SessionNotCreatedException: session not created
from no such execution context: uniqueContextId not found
  (Session info: chrome=117.0.5938.149)
Build info: version: '3.141.59', revision: 'e82be7d358', time: '2018-11-14T08:25:53'
System info: host: 'DESKTOP-3BHH4MD', ip: '192.168.0.108', os.name: 'Windows 10', os.arch: 'amd64', os.version: '10.0', java.version: '1.8.0_362'
Driver info: driver.version: CChromeDriver
remote stacktrace: 	GetHandleVerifier [0x00007FF6CAD052A2+57122]
	(No symbol) [0x00007FF6CAC7EA92]
	(No symbol) [0x00007FF6CAB4E3AB]
	(No symbol) [0x00007FF6CAB3C6E6]
	(No symbol) [0x00007FF6CAB3AA3B]
	(No symbol) [0x00007FF6CAB3B31E]
	(No symbol) [0x00007FF6CAB51FE7]
	(No symbol) [0x00007FF6CAB53D2F]
	(No symbol) [0x00007FF6CAB53E20]
	(No symbol) [0x00007FF6CABAFF28]
	(No symbol) [0x00007FF6CABAE5B0]
	(No symbol) [0x00007FF6CABA6DB3]
	(No symbol) [0x00007FF6CAB7D2B1]
	(No symbol) [0x00007FF6CAB7E494]
	GetHandleVerifier [0x00007FF6CAFAEF82+2849794]
	GetHandleVerifier [0x00007FF6CB001D24+3189156]
	GetHandleVerifier [0x00007FF6CAFFACAF+3160367]
	GetHandleVerifier [0x00007FF6CAD96D06+653702]
	(No symbol) [0x00007FF6CAC8A208]
	(No symbol) [0x00007FF6CAC862C4]
	(No symbol) [0x00007FF6CAC863F6]
	(No symbol) [0x00007FF6CAC767A3]
	BaseThreadInitThunk [0x00007FFFA9FD7344+20]
	RtlUserThreadStart [0x00007FFFABC826B1+33]

	at org.openqa.selenium.remote.W3CHandshakeResponse.lambda$errorHandler$0(W3CHandshakeResponse.java:62)
	at org.openqa.selenium.remote.HandshakeResponse.lambda$getResponseFunction$0(HandshakeResponse.java:30)
	at org.openqa.selenium.remote.ProtocolHandshake.lambda$createSession$0(ProtocolHandshake.java:126)
	at org.openqa.selenium.remote.ProtocolHandshake.createSession(ProtocolHandshake.java:128)
	at org.openqa.selenium.remote.ProtocolHandshake.createSession(ProtocolHandshake.java:74)
	at org.openqa.selenium.remote.HttpCommandExecutor.execute(HttpCommandExecutor.java:136)
	at org.openqa.selenium.remote.service.DriverCommandExecutor.execute(DriverCommandExecutor.java:83)
	at org.openqa.selenium.remote.RemoteWebDriver.execute(RemoteWebDriver.java:552)
	at com.kms.katalon.selenium.driver.CChromeDriver.execute(CChromeDriver.java:19)
	at org.openqa.selenium.remote.RemoteWebDriver.startSession(RemoteWebDriver.java:213)
	at org.openqa.selenium.remote.RemoteWebDriver.<init>(RemoteWebDriver.java:131)
	at org.openqa.selenium.chrome.ChromeDriver.<init>(ChromeDriver.java:181)
	at org.openqa.selenium.chrome.ChromeDriver.<init>(ChromeDriver.java:147)
	at com.kms.katalon.selenium.driver.CChromeDriver.<init>(CChromeDriver.java:13)
	at com.kms.katalon.core.webui.driver.DriverFactory.createNewChromeDriver(DriverFactory.java:441)
	at com.kms.katalon.core.webui.driver.DriverFactory.startNewBrowser(DriverFactory.java:374)
	at com.kms.katalon.core.webui.driver.DriverFactory.openWebDriver(DriverFactory.java:263)
	at com.kms.katalon.core.webui.keyword.builtin.OpenBrowserKeyword$_openBrowser_closure1.doCall(OpenBrowserKeyword.groovy:74)
	at com.kms.katalon.core.webui.keyword.builtin.OpenBrowserKeyword$_openBrowser_closure1.call(OpenBrowserKeyword.groovy)
	at com.kms.katalon.core.webui.keyword.internal.WebUIKeywordMain.runKeyword(WebUIKeywordMain.groovy:20)
	... 19 more


2023-10-09 19:42:18 - [TEST_STEP][FAILED] - openBrowser(""): Unable to open browser with url: '' (Root cause: com.kms.katalon.core.exception.StepFailedException: Unable to open browser with url: ''
	at com.kms.katalon.core.webui.keyword.internal.WebUIKeywordMain.stepFailed(WebUIKeywordMain.groovy:64)
	at com.kms.katalon.core.webui.keyword.internal.WebUIKeywordMain.runKeyword(WebUIKeywordMain.groovy:26)
	at com.kms.katalon.core.webui.keyword.builtin.OpenBrowserKeyword.openBrowser(OpenBrowserKeyword.groovy:81)
	at com.kms.katalon.core.webui.keyword.builtin.OpenBrowserKeyword.execute(OpenBrowserKeyword.groovy:67)
	at com.kms.katalon.core.keyword.internal.KeywordExecutor.executeKeywordForPlatform(KeywordExecutor.groovy:74)
	at com.kms.katalon.core.webui.keyword.WebUiBuiltInKeywords.openBrowser(WebUiBuiltInKeywords.groovy:64)
	at com.kms.katalon.core.webui.keyword.WebUiBuiltInKeywords$openBrowser.call(Unknown Source)
	at TC011-Verify user can remove profile picture.run(TC011-Verify user can remove profile picture:20)
	at com.kms.katalon.core.main.ScriptEngine.run(ScriptEngine.java:194)
	at com.kms.katalon.core.main.ScriptEngine.runScriptAsRawText(ScriptEngine.java:119)
	at com.kms.katalon.core.main.TestCaseExecutor.runScript(TestCaseExecutor.java:448)
	at com.kms.katalon.core.main.TestCaseExecutor.doExecute(TestCaseExecutor.java:439)
	at com.kms.katalon.core.main.TestCaseExecutor.processExecutionPhase(TestCaseExecutor.java:418)
	at com.kms.katalon.core.main.TestCaseExecutor.accessMainPhase(TestCaseExecutor.java:410)
	at com.kms.katalon.core.main.TestCaseExecutor.execute(TestCaseExecutor.java:285)
	at com.kms.katalon.core.common.CommonExecutor.accessTestCaseMainPhase(CommonExecutor.java:65)
	at com.kms.katalon.core.main.TestSuiteExecutor.accessTestSuiteMainPhase(TestSuiteExecutor.java:148)
	at com.kms.katalon.core.main.TestSuiteExecutor.execute(TestSuiteExecutor.java:106)
	at com.kms.katalon.core.main.TestCaseMain.startTestSuite(TestCaseMain.java:187)
	at com.kms.katalon.core.main.TestCaseMain$startTestSuite$0.call(Unknown Source)
	at TempTestSuite1696862291107.run(TempTestSuite1696862291107.groovy:36)
Caused by: org.openqa.selenium.SessionNotCreatedException: session not created
from no such execution context: uniqueContextId not found
  (Session info: chrome=117.0.5938.149)
Build info: version: '3.141.59', revision: 'e82be7d358', time: '2018-11-14T08:25:53'
System info: host: 'DESKTOP-3BHH4MD', ip: '192.168.0.108', os.name: 'Windows 10', os.arch: 'amd64', os.version: '10.0', java.version: '1.8.0_362'
Driver info: driver.version: CChromeDriver
remote stacktrace: 	GetHandleVerifier [0x00007FF6CAD052A2+57122]
	(No symbol) [0x00007FF6CAC7EA92]
	(No symbol) [0x00007FF6CAB4E3AB]
	(No symbol) [0x00007FF6CAB3C6E6]
	(No symbol) [0x00007FF6CAB3AA3B]
	(No symbol) [0x00007FF6CAB3B31E]
	(No symbol) [0x00007FF6CAB51FE7]
	(No symbol) [0x00007FF6CAB53D2F]
	(No symbol) [0x00007FF6CAB53E20]
	(No symbol) [0x00007FF6CABAFF28]
	(No symbol) [0x00007FF6CABAE5B0]
	(No symbol) [0x00007FF6CABA6DB3]
	(No symbol) [0x00007FF6CAB7D2B1]
	(No symbol) [0x00007FF6CAB7E494]
	GetHandleVerifier [0x00007FF6CAFAEF82+2849794]
	GetHandleVerifier [0x00007FF6CB001D24+3189156]
	GetHandleVerifier [0x00007FF6CAFFACAF+3160367]
	GetHandleVerifier [0x00007FF6CAD96D06+653702]
	(No symbol) [0x00007FF6CAC8A208]
	(No symbol) [0x00007FF6CAC862C4]
	(No symbol) [0x00007FF6CAC863F6]
	(No symbol) [0x00007FF6CAC767A3]
	BaseThreadInitThunk [0x00007FFFA9FD7344+20]
	RtlUserThreadStart [0x00007FFFABC826B1+33]

	at org.openqa.selenium.remote.W3CHandshakeResponse.lambda$errorHandler$0(W3CHandshakeResponse.java:62)
	at org.openqa.selenium.remote.HandshakeResponse.lambda$getResponseFunction$0(HandshakeResponse.java:30)
	at org.openqa.selenium.remote.ProtocolHandshake.lambda$createSession$0(ProtocolHandshake.java:126)
	at org.openqa.selenium.remote.ProtocolHandshake.createSession(ProtocolHandshake.java:128)
	at org.openqa.selenium.remote.ProtocolHandshake.createSession(ProtocolHandshake.java:74)
	at org.openqa.selenium.remote.HttpCommandExecutor.execute(HttpCommandExecutor.java:136)
	at org.openqa.selenium.remote.service.DriverCommandExecutor.execute(DriverCommandExecutor.java:83)
	at org.openqa.selenium.remote.RemoteWebDriver.execute(RemoteWebDriver.java:552)
	at com.kms.katalon.selenium.driver.CChromeDriver.execute(CChromeDriver.java:19)
	at org.openqa.selenium.remote.RemoteWebDriver.startSession(RemoteWebDriver.java:213)
	at org.openqa.selenium.remote.RemoteWebDriver.<init>(RemoteWebDriver.java:131)
	at org.openqa.selenium.chrome.ChromeDriver.<init>(ChromeDriver.java:181)
	at org.openqa.selenium.chrome.ChromeDriver.<init>(ChromeDriver.java:147)
	at com.kms.katalon.selenium.driver.CChromeDriver.<init>(CChromeDriver.java:13)
	at com.kms.katalon.core.webui.driver.DriverFactory.createNewChromeDriver(DriverFactory.java:441)
	at com.kms.katalon.core.webui.driver.DriverFactory.startNewBrowser(DriverFactory.java:374)
	at com.kms.katalon.core.webui.driver.DriverFactory.openWebDriver(DriverFactory.java:263)
	at com.kms.katalon.core.webui.keyword.builtin.OpenBrowserKeyword$_openBrowser_closure1.doCall(OpenBrowserKeyword.groovy:74)
	at com.kms.katalon.core.webui.keyword.builtin.OpenBrowserKeyword$_openBrowser_closure1.call(OpenBrowserKeyword.groovy)
	at com.kms.katalon.core.webui.keyword.internal.WebUIKeywordMain.runKeyword(WebUIKeywordMain.groovy:20)
	at com.kms.katalon.core.webui.keyword.builtin.OpenBrowserKeyword.openBrowser(OpenBrowserKeyword.groovy:81)
	at com.kms.katalon.core.webui.keyword.builtin.OpenBrowserKeyword.execute(OpenBrowserKeyword.groovy:67)
	at com.kms.katalon.core.keyword.internal.KeywordExecutor.executeKeywordForPlatform(KeywordExecutor.groovy:74)
	at com.kms.katalon.core.webui.keyword.WebUiBuiltInKeywords.openBrowser(WebUiBuiltInKeywords.groovy:64)
	at com.kms.katalon.core.webui.keyword.WebUiBuiltInKeywords$openBrowser.call(Unknown Source)
	at Script1695737237836.run(Script1695737237836.groovy:20)
	... 13 more
)

2023-10-09 19:42:18 - [MESSAGE][INFO] - Starting 'Chrome' driver

2023-10-09 19:42:18 - [MESSAGE][INFO] - Action delay is set to 0 milliseconds

2023-10-09 19:42:21 - [MESSAGE][FAILED] - Unable to open browser with url: '' (Root cause: com.kms.katalon.core.exception.StepFailedException: Unable to open browser with url: ''
	at com.kms.katalon.core.webui.keyword.internal.WebUIKeywordMain.stepFailed(WebUIKeywordMain.groovy:64)
	at com.kms.katalon.core.webui.keyword.internal.WebUIKeywordMain.runKeyword(WebUIKeywordMain.groovy:26)
	at com.kms.katalon.core.webui.keyword.builtin.OpenBrowserKeyword.openBrowser(OpenBrowserKeyword.groovy:81)
	at com.kms.katalon.core.webui.keyword.builtin.OpenBrowserKeyword.execute(OpenBrowserKeyword.groovy:67)
	at com.kms.katalon.core.keyword.internal.KeywordExecutor.executeKeywordForPlatform(KeywordExecutor.groovy:74)
	at com.kms.katalon.core.webui.keyword.WebUiBuiltInKeywords.openBrowser(WebUiBuiltInKeywords.groovy:64)
	at com.kms.katalon.core.webui.keyword.WebUiBuiltInKeywords$openBrowser.call(Unknown Source)
	at TC011-Verify user can remove profile picture.run(TC011-Verify user can remove profile picture:20)
	at com.kms.katalon.core.main.ScriptEngine.run(ScriptEngine.java:194)
	at com.kms.katalon.core.main.ScriptEngine.runScriptAsRawText(ScriptEngine.java:119)
	at com.kms.katalon.core.main.TestCaseExecutor.runScript(TestCaseExecutor.java:448)
	at com.kms.katalon.core.main.TestCaseExecutor.doExecute(TestCaseExecutor.java:439)
	at com.kms.katalon.core.main.TestCaseExecutor.processExecutionPhase(TestCaseExecutor.java:418)
	at com.kms.katalon.core.main.TestCaseExecutor.accessMainPhase(TestCaseExecutor.java:410)
	at com.kms.katalon.core.main.TestCaseExecutor.execute(TestCaseExecutor.java:285)
	at com.kms.katalon.core.common.CommonExecutor.accessTestCaseMainPhase(CommonExecutor.java:65)
	at com.kms.katalon.core.main.TestSuiteExecutor.accessTestSuiteMainPhase(TestSuiteExecutor.java:148)
	at com.kms.katalon.core.main.TestSuiteExecutor.execute(TestSuiteExecutor.java:106)
	at com.kms.katalon.core.main.TestCaseMain.startTestSuite(TestCaseMain.java:187)
	at com.kms.katalon.core.main.TestCaseMain$startTestSuite$0.call(Unknown Source)
	at TempTestSuite1696862291107.run(TempTestSuite1696862291107.groovy:36)
Caused by: org.openqa.selenium.SessionNotCreatedException: session not created
from no such execution context: uniqueContextId not found
  (Session info: chrome=117.0.5938.149)
Build info: version: '3.141.59', revision: 'e82be7d358', time: '2018-11-14T08:25:53'
System info: host: 'DESKTOP-3BHH4MD', ip: '192.168.0.108', os.name: 'Windows 10', os.arch: 'amd64', os.version: '10.0', java.version: '1.8.0_362'
Driver info: driver.version: CChromeDriver
remote stacktrace: 	GetHandleVerifier [0x00007FF6CAD052A2+57122]
	(No symbol) [0x00007FF6CAC7EA92]
	(No symbol) [0x00007FF6CAB4E3AB]
	(No symbol) [0x00007FF6CAB3C6E6]
	(No symbol) [0x00007FF6CAB3AA3B]
	(No symbol) [0x00007FF6CAB3B31E]
	(No symbol) [0x00007FF6CAB51FE7]
	(No symbol) [0x00007FF6CAB53D2F]
	(No symbol) [0x00007FF6CAB53E20]
	(No symbol) [0x00007FF6CABAFF28]
	(No symbol) [0x00007FF6CABAE5B0]
	(No symbol) [0x00007FF6CABA6DB3]
	(No symbol) [0x00007FF6CAB7D2B1]
	(No symbol) [0x00007FF6CAB7E494]
	GetHandleVerifier [0x00007FF6CAFAEF82+2849794]
	GetHandleVerifier [0x00007FF6CB001D24+3189156]
	GetHandleVerifier [0x00007FF6CAFFACAF+3160367]
	GetHandleVerifier [0x00007FF6CAD96D06+653702]
	(No symbol) [0x00007FF6CAC8A208]
	(No symbol) [0x00007FF6CAC862C4]
	(No symbol) [0x00007FF6CAC863F6]
	(No symbol) [0x00007FF6CAC767A3]
	BaseThreadInitThunk [0x00007FFFA9FD7344+20]
	RtlUserThreadStart [0x00007FFFABC826B1+33]

	at org.openqa.selenium.remote.W3CHandshakeResponse.lambda$errorHandler$0(W3CHandshakeResponse.java:62)
	at org.openqa.selenium.remote.HandshakeResponse.lambda$getResponseFunction$0(HandshakeResponse.java:30)
	at org.openqa.selenium.remote.ProtocolHandshake.lambda$createSession$0(ProtocolHandshake.java:126)
	at org.openqa.selenium.remote.ProtocolHandshake.createSession(ProtocolHandshake.java:128)
	at org.openqa.selenium.remote.ProtocolHandshake.createSession(ProtocolHandshake.java:74)
	at org.openqa.selenium.remote.HttpCommandExecutor.execute(HttpCommandExecutor.java:136)
	at org.openqa.selenium.remote.service.DriverCommandExecutor.execute(DriverCommandExecutor.java:83)
	at org.openqa.selenium.remote.RemoteWebDriver.execute(RemoteWebDriver.java:552)
	at com.kms.katalon.selenium.driver.CChromeDriver.execute(CChromeDriver.java:19)
	at org.openqa.selenium.remote.RemoteWebDriver.startSession(RemoteWebDriver.java:213)
	at org.openqa.selenium.remote.RemoteWebDriver.<init>(RemoteWebDriver.java:131)
	at org.openqa.selenium.chrome.ChromeDriver.<init>(ChromeDriver.java:181)
	at org.openqa.selenium.chrome.ChromeDriver.<init>(ChromeDriver.java:147)
	at com.kms.katalon.selenium.driver.CChromeDriver.<init>(CChromeDriver.java:13)
	at com.kms.katalon.core.webui.driver.DriverFactory.createNewChromeDriver(DriverFactory.java:441)
	at com.kms.katalon.core.webui.driver.DriverFactory.startNewBrowser(DriverFactory.java:374)
	at com.kms.katalon.core.webui.driver.DriverFactory.openWebDriver(DriverFactory.java:263)
	at com.kms.katalon.core.webui.keyword.builtin.OpenBrowserKeyword$_openBrowser_closure1.doCall(OpenBrowserKeyword.groovy:74)
	at com.kms.katalon.core.webui.keyword.builtin.OpenBrowserKeyword$_openBrowser_closure1.call(OpenBrowserKeyword.groovy)
	at com.kms.katalon.core.webui.keyword.internal.WebUIKeywordMain.runKeyword(WebUIKeywordMain.groovy:20)
	at com.kms.katalon.core.webui.keyword.builtin.OpenBrowserKeyword.openBrowser(OpenBrowserKeyword.groovy:81)
	at com.kms.katalon.core.webui.keyword.builtin.OpenBrowserKeyword.execute(OpenBrowserKeyword.groovy:67)
	at com.kms.katalon.core.keyword.internal.KeywordExecutor.executeKeywordForPlatform(KeywordExecutor.groovy:74)
	at com.kms.katalon.core.webui.keyword.WebUiBuiltInKeywords.openBrowser(WebUiBuiltInKeywords.groovy:64)
	at com.kms.katalon.core.webui.keyword.WebUiBuiltInKeywords$openBrowser.call(Unknown Source)
	at Script1695737237836.run(Script1695737237836.groovy:20)
	... 13 more
)]]></system-out>
         <system-err><![CDATA[2023-10-09 19:42:17 - [TEST_CASE][FAILED] - Test Cases/Profile/TC011-Verify user can remove profile picture: Test Cases/Profile/TC011-Verify user can remove profile picture FAILED.
Reason:
com.kms.katalon.core.exception.StepFailedException: Unable to open browser with url: ''
	at com.kms.katalon.core.webui.keyword.internal.WebUIKeywordMain.stepFailed(WebUIKeywordMain.groovy:64)
	at com.kms.katalon.core.webui.keyword.internal.WebUIKeywordMain.runKeyword(WebUIKeywordMain.groovy:26)
	at com.kms.katalon.core.webui.keyword.builtin.OpenBrowserKeyword.openBrowser(OpenBrowserKeyword.groovy:81)
	at com.kms.katalon.core.webui.keyword.builtin.OpenBrowserKeyword.execute(OpenBrowserKeyword.groovy:67)
	at com.kms.katalon.core.keyword.internal.KeywordExecutor.executeKeywordForPlatform(KeywordExecutor.groovy:74)
	at com.kms.katalon.core.webui.keyword.WebUiBuiltInKeywords.openBrowser(WebUiBuiltInKeywords.groovy:64)
	at com.kms.katalon.core.webui.keyword.WebUiBuiltInKeywords$openBrowser.call(Unknown Source)
	at TC011-Verify user can remove profile picture.run(TC011-Verify user can remove profile picture:20)
	at com.kms.katalon.core.main.ScriptEngine.run(ScriptEngine.java:194)
	at com.kms.katalon.core.main.ScriptEngine.runScriptAsRawText(ScriptEngine.java:119)
	at com.kms.katalon.core.main.TestCaseExecutor.runScript(TestCaseExecutor.java:448)
	at com.kms.katalon.core.main.TestCaseExecutor.doExecute(TestCaseExecutor.java:439)
	at com.kms.katalon.core.main.TestCaseExecutor.processExecutionPhase(TestCaseExecutor.java:418)
	at com.kms.katalon.core.main.TestCaseExecutor.accessMainPhase(TestCaseExecutor.java:410)
	at com.kms.katalon.core.main.TestCaseExecutor.execute(TestCaseExecutor.java:285)
	at com.kms.katalon.core.common.CommonExecutor.accessTestCaseMainPhase(CommonExecutor.java:65)
	at com.kms.katalon.core.main.TestSuiteExecutor.accessTestSuiteMainPhase(TestSuiteExecutor.java:148)
	at com.kms.katalon.core.main.TestSuiteExecutor.execute(TestSuiteExecutor.java:106)
	at com.kms.katalon.core.main.TestCaseMain.startTestSuite(TestCaseMain.java:187)
	at com.kms.katalon.core.main.TestCaseMain$startTestSuite$0.call(Unknown Source)
	at TempTestSuite1696862291107.run(TempTestSuite1696862291107.groovy:36)
Caused by: org.openqa.selenium.SessionNotCreatedException: session not created
from no such execution context: uniqueContextId not found
  (Session info: chrome=117.0.5938.149)
Build info: version: '3.141.59', revision: 'e82be7d358', time: '2018-11-14T08:25:53'
System info: host: 'DESKTOP-3BHH4MD', ip: '192.168.0.108', os.name: 'Windows 10', os.arch: 'amd64', os.version: '10.0', java.version: '1.8.0_362'
Driver info: driver.version: CChromeDriver
remote stacktrace: 	GetHandleVerifier [0x00007FF6CAD052A2+57122]
	(No symbol) [0x00007FF6CAC7EA92]
	(No symbol) [0x00007FF6CAB4E3AB]
	(No symbol) [0x00007FF6CAB3C6E6]
	(No symbol) [0x00007FF6CAB3AA3B]
	(No symbol) [0x00007FF6CAB3B31E]
	(No symbol) [0x00007FF6CAB51FE7]
	(No symbol) [0x00007FF6CAB53D2F]
	(No symbol) [0x00007FF6CAB53E20]
	(No symbol) [0x00007FF6CABAFF28]
	(No symbol) [0x00007FF6CABAE5B0]
	(No symbol) [0x00007FF6CABA6DB3]
	(No symbol) [0x00007FF6CAB7D2B1]
	(No symbol) [0x00007FF6CAB7E494]
	GetHandleVerifier [0x00007FF6CAFAEF82+2849794]
	GetHandleVerifier [0x00007FF6CB001D24+3189156]
	GetHandleVerifier [0x00007FF6CAFFACAF+3160367]
	GetHandleVerifier [0x00007FF6CAD96D06+653702]
	(No symbol) [0x00007FF6CAC8A208]
	(No symbol) [0x00007FF6CAC862C4]
	(No symbol) [0x00007FF6CAC863F6]
	(No symbol) [0x00007FF6CAC767A3]
	BaseThreadInitThunk [0x00007FFFA9FD7344+20]
	RtlUserThreadStart [0x00007FFFABC826B1+33]

	at org.openqa.selenium.remote.W3CHandshakeResponse.lambda$errorHandler$0(W3CHandshakeResponse.java:62)
	at org.openqa.selenium.remote.HandshakeResponse.lambda$getResponseFunction$0(HandshakeResponse.java:30)
	at org.openqa.selenium.remote.ProtocolHandshake.lambda$createSession$0(ProtocolHandshake.java:126)
	at org.openqa.selenium.remote.ProtocolHandshake.createSession(ProtocolHandshake.java:128)
	at org.openqa.selenium.remote.ProtocolHandshake.createSession(ProtocolHandshake.java:74)
	at org.openqa.selenium.remote.HttpCommandExecutor.execute(HttpCommandExecutor.java:136)
	at org.openqa.selenium.remote.service.DriverCommandExecutor.execute(DriverCommandExecutor.java:83)
	at org.openqa.selenium.remote.RemoteWebDriver.execute(RemoteWebDriver.java:552)
	at com.kms.katalon.selenium.driver.CChromeDriver.execute(CChromeDriver.java:19)
	at org.openqa.selenium.remote.RemoteWebDriver.startSession(RemoteWebDriver.java:213)
	at org.openqa.selenium.remote.RemoteWebDriver.<init>(RemoteWebDriver.java:131)
	at org.openqa.selenium.chrome.ChromeDriver.<init>(ChromeDriver.java:181)
	at org.openqa.selenium.chrome.ChromeDriver.<init>(ChromeDriver.java:147)
	at com.kms.katalon.selenium.driver.CChromeDriver.<init>(CChromeDriver.java:13)
	at com.kms.katalon.core.webui.driver.DriverFactory.createNewChromeDriver(DriverFactory.java:441)
	at com.kms.katalon.core.webui.driver.DriverFactory.startNewBrowser(DriverFactory.java:374)
	at com.kms.katalon.core.webui.driver.DriverFactory.openWebDriver(DriverFactory.java:263)
	at com.kms.katalon.core.webui.keyword.builtin.OpenBrowserKeyword$_openBrowser_closure1.doCall(OpenBrowserKeyword.groovy:74)
	at com.kms.katalon.core.webui.keyword.builtin.OpenBrowserKeyword$_openBrowser_closure1.call(OpenBrowserKeyword.groovy)
	at com.kms.katalon.core.webui.keyword.internal.WebUIKeywordMain.runKeyword(WebUIKeywordMain.groovy:20)
	... 19 more]]></system-err>
      </testcase>
      <testcase name="Test Cases/Profile/TC012-Verify user can change profile name and save" time="25.82" classname="Test Cases/Profile/TC012-Verify user can change profile name and save" status="PASSED">
         <system-out><![CDATA[2023-10-09 19:42:21 - [TEST_CASE][PASSED] - Test Cases/Profile/TC012-Verify user can change profile name and save: Test Cases/Profile/TC012-Verify user can change profile name and save

2023-10-09 19:42:22 - [TEST_STEP][PASSED] - openBrowser(""): Browser is opened with url: ''

2023-10-09 19:42:22 - [MESSAGE][INFO] - Starting 'Chrome' driver

2023-10-09 19:42:22 - [MESSAGE][INFO] - Action delay is set to 0 milliseconds

2023-10-09 19:42:25 - [MESSAGE][PASSED] - Browser is opened with url: ''

2023-10-09 19:42:25 - [TEST_STEP][PASSED] - navigateToUrl("https://app.landingly.com/"): Navigate to 'https://app.landingly.com/' successfully

2023-10-09 19:42:30 - [MESSAGE][PASSED] - Navigate to 'https://app.landingly.com/' successfully

2023-10-09 19:42:30 - [TEST_STEP][PASSED] - setText(findTestObject("Object Repository/Profile/TC012-Verify user can change profile name and save/Page_Landingly  Login/input_Email_login-email"), "sqaahmadtahir@gmail.com"): Text 'sqaahmadtahir@gmail.com' is set on object 'Object Repository/Profile/TC012-Verify user can change profile name and save/Page_Landingly  Login/input_Email_login-email'

2023-10-09 19:42:32 - [MESSAGE][PASSED] - Text 'sqaahmadtahir@gmail.com' is set on object 'Object Repository/Profile/TC012-Verify user can change profile name and save/Page_Landingly  Login/input_Email_login-email'

2023-10-09 19:42:32 - [TEST_STEP][PASSED] - setEncryptedText(findTestObject("Object Repository/Profile/TC012-Verify user can change profile name and save/Page_Landingly  Login/input_Forgot Password_login-password"), "/5S6MFFLcE5DAenbZpYNsQ=="): Text ****** has been set on object 'Object Repository/Profile/TC012-Verify user can change profile name and save/Page_Landingly  Login/input_Forgot Password_login-password'

2023-10-09 19:42:32 - [MESSAGE][PASSED] - Text ****** has been set on object 'Object Repository/Profile/TC012-Verify user can change profile name and save/Page_Landingly  Login/input_Forgot Password_login-password'

2023-10-09 19:42:32 - [TEST_STEP][PASSED] - click(findTestObject("Object Repository/Profile/TC012-Verify user can change profile name and save/Page_Landingly  Login/button_Sign in")): Object: 'Object Repository/Profile/TC012-Verify user can change profile name and save/Page_Landingly  Login/button_Sign in' is clicked on

2023-10-09 19:42:33 - [MESSAGE][PASSED] - Object: 'Object Repository/Profile/TC012-Verify user can change profile name and save/Page_Landingly  Login/button_Sign in' is clicked on

2023-10-09 19:42:33 - [TEST_STEP][PASSED] - click(findTestObject("Object Repository/Profile/TC012-Verify user can change profile name and save/Page_Landingly/svg_Profile_bi-person-fill b-icon bi")): Object: 'Object Repository/Profile/TC012-Verify user can change profile name and save/Page_Landingly/svg_Profile_bi-person-fill b-icon bi' is clicked on

2023-10-09 19:42:39 - [MESSAGE][PASSED] - Object: 'Object Repository/Profile/TC012-Verify user can change profile name and save/Page_Landingly/svg_Profile_bi-person-fill b-icon bi' is clicked on

2023-10-09 19:42:39 - [TEST_STEP][PASSED] - click(findTestObject("Object Repository/Profile/TC012-Verify user can change profile name and save/Page_Landingly/span_Profile")): Object: 'Object Repository/Profile/TC012-Verify user can change profile name and save/Page_Landingly/span_Profile' is clicked on

2023-10-09 19:42:39 - [MESSAGE][PASSED] - Object: 'Object Repository/Profile/TC012-Verify user can change profile name and save/Page_Landingly/span_Profile' is clicked on

2023-10-09 19:42:39 - [TEST_STEP][PASSED] - setText(findTestObject("Object Repository/Profile/TC012-Verify user can change profile name and save/Page_Landingly  Profile/input__FirstName"), "Muhammad"): Text 'Muhammad' is set on object 'Object Repository/Profile/TC012-Verify user can change profile name and save/Page_Landingly  Profile/input__FirstName'

2023-10-09 19:42:42 - [MESSAGE][PASSED] - Text 'Muhammad' is set on object 'Object Repository/Profile/TC012-Verify user can change profile name and save/Page_Landingly  Profile/input__FirstName'

2023-10-09 19:42:42 - [TEST_STEP][PASSED] - setText(findTestObject("Object Repository/Profile/TC012-Verify user can change profile name and save/Page_Landingly  Profile/input__LastName"), "Ahmad Tahir"): Text 'Ahmad Tahir' is set on object 'Object Repository/Profile/TC012-Verify user can change profile name and save/Page_Landingly  Profile/input__LastName'

2023-10-09 19:42:43 - [MESSAGE][PASSED] - Text 'Ahmad Tahir' is set on object 'Object Repository/Profile/TC012-Verify user can change profile name and save/Page_Landingly  Profile/input__LastName'

2023-10-09 19:42:43 - [TEST_STEP][PASSED] - click(findTestObject("Object Repository/Profile/TC012-Verify user can change profile name and save/Page_Landingly  Profile/button_Save")): Object: 'Object Repository/Profile/TC012-Verify user can change profile name and save/Page_Landingly  Profile/button_Save' is clicked on

2023-10-09 19:42:43 - [MESSAGE][PASSED] - Object: 'Object Repository/Profile/TC012-Verify user can change profile name and save/Page_Landingly  Profile/button_Save' is clicked on

2023-10-09 19:42:43 - [TEST_STEP][PASSED] - verifyElementText(findTestObject("Object Repository/Profile/TC012-Verify user can change profile name and save/Page_Landingly  Profile/h2_Success"), "Success"): Actual text and expected text of test object 'Object Repository/Profile/TC012-Verify user can change profile name and save/Page_Landingly  Profile/h2_Success' are matched.

2023-10-09 19:42:45 - [MESSAGE][PASSED] - Actual text and expected text of test object 'Object Repository/Profile/TC012-Verify user can change profile name and save/Page_Landingly  Profile/h2_Success' are matched.

2023-10-09 19:42:45 - [TEST_STEP][PASSED] - click(findTestObject("Object Repository/Profile/TC012-Verify user can change profile name and save/Page_Landingly  Profile/button_OK")): Object: 'Object Repository/Profile/TC012-Verify user can change profile name and save/Page_Landingly  Profile/button_OK' is clicked on

2023-10-09 19:42:45 - [MESSAGE][PASSED] - Object: 'Object Repository/Profile/TC012-Verify user can change profile name and save/Page_Landingly  Profile/button_OK' is clicked on

2023-10-09 19:42:45 - [TEST_STEP][PASSED] - closeBrowser(): Browser is closed

2023-10-09 19:42:47 - [MESSAGE][PASSED] - Browser is closed]]></system-out>
         <system-err><![CDATA[]]></system-err>
      </testcase>
      <testcase name="Test Cases/Profile/TC013-Verify change password working fine" time="29.072" classname="Test Cases/Profile/TC013-Verify change password working fine" status="PASSED">
         <system-out><![CDATA[2023-10-09 19:42:47 - [TEST_CASE][PASSED] - Test Cases/Profile/TC013-Verify change password working fine: Test Cases/Profile/TC013-Verify change password working fine

2023-10-09 19:42:48 - [TEST_STEP][PASSED] - openBrowser(""): Browser is opened with url: ''

2023-10-09 19:42:48 - [MESSAGE][INFO] - Starting 'Chrome' driver

2023-10-09 19:42:48 - [MESSAGE][INFO] - Action delay is set to 0 milliseconds

2023-10-09 19:42:50 - [MESSAGE][PASSED] - Browser is opened with url: ''

2023-10-09 19:42:50 - [TEST_STEP][PASSED] - maximizeWindow(): Current window maximized

2023-10-09 19:42:51 - [MESSAGE][PASSED] - Current window maximized

2023-10-09 19:42:51 - [TEST_STEP][PASSED] - navigateToUrl("https://app.landingly.com/"): Navigate to 'https://app.landingly.com/' successfully

2023-10-09 19:42:59 - [MESSAGE][PASSED] - Navigate to 'https://app.landingly.com/' successfully

2023-10-09 19:42:59 - [TEST_STEP][PASSED] - setText(findTestObject("Object Repository/Profile/TC013-Verify change password working fine/Page_Landingly  Login/input_Email_login-email"), "sqaahmadtahir@gmail.com"): Text 'sqaahmadtahir@gmail.com' is set on object 'Object Repository/Profile/TC013-Verify change password working fine/Page_Landingly  Login/input_Email_login-email'

2023-10-09 19:43:00 - [MESSAGE][PASSED] - Text 'sqaahmadtahir@gmail.com' is set on object 'Object Repository/Profile/TC013-Verify change password working fine/Page_Landingly  Login/input_Email_login-email'

2023-10-09 19:43:00 - [TEST_STEP][PASSED] - setEncryptedText(findTestObject("Object Repository/Profile/TC013-Verify change password working fine/Page_Landingly  Login/input_Forgot Password_login-password"), "/5S6MFFLcE5DAenbZpYNsQ=="): Text ****** has been set on object 'Object Repository/Profile/TC013-Verify change password working fine/Page_Landingly  Login/input_Forgot Password_login-password'

2023-10-09 19:43:01 - [MESSAGE][PASSED] - Text ****** has been set on object 'Object Repository/Profile/TC013-Verify change password working fine/Page_Landingly  Login/input_Forgot Password_login-password'

2023-10-09 19:43:01 - [TEST_STEP][PASSED] - click(findTestObject("Object Repository/Profile/TC013-Verify change password working fine/Page_Landingly  Login/button_Sign in")): Object: 'Object Repository/Profile/TC013-Verify change password working fine/Page_Landingly  Login/button_Sign in' is clicked on

2023-10-09 19:43:02 - [MESSAGE][PASSED] - Object: 'Object Repository/Profile/TC013-Verify change password working fine/Page_Landingly  Login/button_Sign in' is clicked on

2023-10-09 19:43:02 - [TEST_STEP][PASSED] - click(findTestObject("Object Repository/Profile/TC013-Verify change password working fine/Page_Landingly/img")): Object: 'Object Repository/Profile/TC013-Verify change password working fine/Page_Landingly/img' is clicked on

2023-10-09 19:43:07 - [MESSAGE][PASSED] - Object: 'Object Repository/Profile/TC013-Verify change password working fine/Page_Landingly/img' is clicked on

2023-10-09 19:43:07 - [TEST_STEP][PASSED] - click(findTestObject("Object Repository/Profile/TC013-Verify change password working fine/Page_Landingly/a_Profile")): Object: 'Object Repository/Profile/TC013-Verify change password working fine/Page_Landingly/a_Profile' is clicked on

2023-10-09 19:43:08 - [MESSAGE][PASSED] - Object: 'Object Repository/Profile/TC013-Verify change password working fine/Page_Landingly/a_Profile' is clicked on

2023-10-09 19:43:08 - [TEST_STEP][PASSED] - click(findTestObject("Object Repository/Profile/TC013-Verify change password working fine/Page_Landingly  Profile/a_Change Password")): Object: 'Object Repository/Profile/TC013-Verify change password working fine/Page_Landingly  Profile/a_Change Password' is clicked on

2023-10-09 19:43:10 - [MESSAGE][PASSED] - Object: 'Object Repository/Profile/TC013-Verify change password working fine/Page_Landingly  Profile/a_Change Password' is clicked on

2023-10-09 19:43:10 - [TEST_STEP][PASSED] - setEncryptedText(findTestObject("Object Repository/Profile/TC013-Verify change password working fine/Page_Landingly  Profile/input__old-password"), "/5S6MFFLcE5DAenbZpYNsQ=="): Text ****** has been set on object 'Object Repository/Profile/TC013-Verify change password working fine/Page_Landingly  Profile/input__old-password'

2023-10-09 19:43:10 - [MESSAGE][PASSED] - Text ****** has been set on object 'Object Repository/Profile/TC013-Verify change password working fine/Page_Landingly  Profile/input__old-password'

2023-10-09 19:43:10 - [TEST_STEP][PASSED] - setEncryptedText(findTestObject("Object Repository/Profile/TC013-Verify change password working fine/Page_Landingly  Profile/input__new-password"), "/5S6MFFLcE5DAenbZpYNsQ=="): Text ****** has been set on object 'Object Repository/Profile/TC013-Verify change password working fine/Page_Landingly  Profile/input__new-password'

2023-10-09 19:43:11 - [MESSAGE][PASSED] - Text ****** has been set on object 'Object Repository/Profile/TC013-Verify change password working fine/Page_Landingly  Profile/input__new-password'

2023-10-09 19:43:11 - [TEST_STEP][PASSED] - setEncryptedText(findTestObject("Object Repository/Profile/TC013-Verify change password working fine/Page_Landingly  Profile/input__retype-password"), "/5S6MFFLcE5DAenbZpYNsQ=="): Text ****** has been set on object 'Object Repository/Profile/TC013-Verify change password working fine/Page_Landingly  Profile/input__retype-password'

2023-10-09 19:43:12 - [MESSAGE][PASSED] - Text ****** has been set on object 'Object Repository/Profile/TC013-Verify change password working fine/Page_Landingly  Profile/input__retype-password'

2023-10-09 19:43:12 - [TEST_STEP][PASSED] - click(findTestObject("Object Repository/Profile/TC013-Verify change password working fine/Page_Landingly  Profile/button_Update")): Object: 'Object Repository/Profile/TC013-Verify change password working fine/Page_Landingly  Profile/button_Update' is clicked on

2023-10-09 19:43:13 - [MESSAGE][PASSED] - Object: 'Object Repository/Profile/TC013-Verify change password working fine/Page_Landingly  Profile/button_Update' is clicked on

2023-10-09 19:43:13 - [TEST_STEP][PASSED] - verifyElementText(findTestObject("Profile/TC013-Verify change password working fine/Page_Landingly  Profile/h2_Success"), "Success"): Actual text and expected text of test object 'Object Repository/Profile/TC013-Verify change password working fine/Page_Landingly  Profile/h2_Success' are matched.

2023-10-09 19:43:14 - [MESSAGE][PASSED] - Actual text and expected text of test object 'Object Repository/Profile/TC013-Verify change password working fine/Page_Landingly  Profile/h2_Success' are matched.

2023-10-09 19:43:14 - [TEST_STEP][PASSED] - click(findTestObject("Profile/TC013-Verify change password working fine/Page_Landingly  Profile/button_OK")): Object: 'Object Repository/Profile/TC013-Verify change password working fine/Page_Landingly  Profile/button_OK' is clicked on

2023-10-09 19:43:14 - [MESSAGE][PASSED] - Object: 'Object Repository/Profile/TC013-Verify change password working fine/Page_Landingly  Profile/button_OK' is clicked on

2023-10-09 19:43:14 - [TEST_STEP][PASSED] - closeBrowser(): Browser is closed

2023-10-09 19:43:16 - [MESSAGE][PASSED] - Browser is closed]]></system-out>
         <system-err><![CDATA[]]></system-err>
      </testcase>
      <testcase name="Test Cases/Projects/TC016-Verify user can create new project sales" time="39.373" classname="Test Cases/Projects/TC016-Verify user can create new project sales" status="PASSED">
         <system-out><![CDATA[2023-10-09 19:43:16 - [TEST_CASE][PASSED] - Test Cases/Projects/TC016-Verify user can create new project sales: Test Cases/Projects/TC016-Verify user can create new project sales

2023-10-09 19:43:17 - [TEST_STEP][PASSED] - openBrowser(""): Browser is opened with url: ''

2023-10-09 19:43:17 - [MESSAGE][INFO] - Starting 'Chrome' driver

2023-10-09 19:43:17 - [MESSAGE][INFO] - Action delay is set to 0 milliseconds

2023-10-09 19:43:20 - [MESSAGE][PASSED] - Browser is opened with url: ''

2023-10-09 19:43:20 - [TEST_STEP][PASSED] - maximizeWindow(): Current window maximized

2023-10-09 19:43:20 - [MESSAGE][PASSED] - Current window maximized

2023-10-09 19:43:20 - [TEST_STEP][PASSED] - navigateToUrl("https://app.landingly.com/"): Navigate to 'https://app.landingly.com/' successfully

2023-10-09 19:43:25 - [MESSAGE][PASSED] - Navigate to 'https://app.landingly.com/' successfully

2023-10-09 19:43:25 - [TEST_STEP][PASSED] - setText(findTestObject("Object Repository/Projects/TC016-Verify user can create new project sales/Page_Landingly  Login/input_Email_login-email"), "sqaahmadtahir@gmail.com"): Text 'sqaahmadtahir@gmail.com' is set on object 'Object Repository/Projects/TC016-Verify user can create new project sales/Page_Landingly  Login/input_Email_login-email'

2023-10-09 19:43:26 - [MESSAGE][PASSED] - Text 'sqaahmadtahir@gmail.com' is set on object 'Object Repository/Projects/TC016-Verify user can create new project sales/Page_Landingly  Login/input_Email_login-email'

2023-10-09 19:43:26 - [TEST_STEP][PASSED] - setEncryptedText(findTestObject("Object Repository/Projects/TC016-Verify user can create new project sales/Page_Landingly  Login/input_Forgot Password_login-password"), "/5S6MFFLcE5DAenbZpYNsQ=="): Text ****** has been set on object 'Object Repository/Projects/TC016-Verify user can create new project sales/Page_Landingly  Login/input_Forgot Password_login-password'

2023-10-09 19:43:27 - [MESSAGE][PASSED] - Text ****** has been set on object 'Object Repository/Projects/TC016-Verify user can create new project sales/Page_Landingly  Login/input_Forgot Password_login-password'

2023-10-09 19:43:27 - [TEST_STEP][PASSED] - click(findTestObject("Object Repository/Projects/TC016-Verify user can create new project sales/Page_Landingly  Login/button_Sign in")): Object: 'Object Repository/Projects/TC016-Verify user can create new project sales/Page_Landingly  Login/button_Sign in' is clicked on

2023-10-09 19:43:28 - [MESSAGE][PASSED] - Object: 'Object Repository/Projects/TC016-Verify user can create new project sales/Page_Landingly  Login/button_Sign in' is clicked on

2023-10-09 19:43:28 - [TEST_STEP][PASSED] - click(findTestObject("Object Repository/Projects/TC016-Verify user can create new project sales/Page_Landingly/a_Projects")): Object: 'Object Repository/Projects/TC016-Verify user can create new project sales/Page_Landingly/a_Projects' is clicked on

2023-10-09 19:43:31 - [MESSAGE][PASSED] - Object: 'Object Repository/Projects/TC016-Verify user can create new project sales/Page_Landingly/a_Projects' is clicked on

2023-10-09 19:43:31 - [TEST_STEP][PASSED] - click(findTestObject("Object Repository/Projects/TC016-Verify user can create new project sales/Page_Landingly  Projects/button_New Project")): Object: 'Object Repository/Projects/TC016-Verify user can create new project sales/Page_Landingly  Projects/button_New Project' is clicked on

2023-10-09 19:43:37 - [MESSAGE][PASSED] - Object: 'Object Repository/Projects/TC016-Verify user can create new project sales/Page_Landingly  Projects/button_New Project' is clicked on

2023-10-09 19:43:37 - [TEST_STEP][PASSED] - setText(findTestObject("Object Repository/Projects/TC016-Verify user can create new project sales/Page_Landingly  Projects/input__ProjectName"), "new sales prject"): Text 'new sales prject' is set on object 'Object Repository/Projects/TC016-Verify user can create new project sales/Page_Landingly  Projects/input__ProjectName'

2023-10-09 19:43:39 - [MESSAGE][PASSED] - Text 'new sales prject' is set on object 'Object Repository/Projects/TC016-Verify user can create new project sales/Page_Landingly  Projects/input__ProjectName'

2023-10-09 19:43:39 - [TEST_STEP][PASSED] - click(findTestObject("Object Repository/Projects/TC016-Verify user can create new project sales/Page_Landingly  Projects/label_Sales Funnel")): Object: 'Object Repository/Projects/TC016-Verify user can create new project sales/Page_Landingly  Projects/label_Sales Funnel' is clicked on

2023-10-09 19:43:40 - [MESSAGE][PASSED] - Object: 'Object Repository/Projects/TC016-Verify user can create new project sales/Page_Landingly  Projects/label_Sales Funnel' is clicked on

2023-10-09 19:43:40 - [TEST_STEP][PASSED] - click(findTestObject("Object Repository/Projects/TC016-Verify user can create new project sales/Page_Landingly  Projects/button_Build Project")): Object: 'Object Repository/Projects/TC016-Verify user can create new project sales/Page_Landingly  Projects/button_Build Project' is clicked on

2023-10-09 19:43:41 - [MESSAGE][PASSED] - Object: 'Object Repository/Projects/TC016-Verify user can create new project sales/Page_Landingly  Projects/button_Build Project' is clicked on

2023-10-09 19:43:41 - [TEST_STEP][PASSED] - click(findTestObject("Object Repository/Projects/TC016-Verify user can create new project sales/Page_Landingly  Project Detail/a_Use This")): Object: 'Object Repository/Projects/TC016-Verify user can create new project sales/Page_Landingly  Project Detail/a_Use This' is clicked on

2023-10-09 19:43:49 - [MESSAGE][PASSED] - Object: 'Object Repository/Projects/TC016-Verify user can create new project sales/Page_Landingly  Project Detail/a_Use This' is clicked on

2023-10-09 19:43:49 - [TEST_STEP][PASSED] - click(findTestObject("Object Repository/Projects/TC016-Verify user can create new project sales/Page_Landingly  Project Detail/a_Use This")): Object: 'Object Repository/Projects/TC016-Verify user can create new project sales/Page_Landingly  Project Detail/a_Use This' is clicked on

2023-10-09 19:43:52 - [MESSAGE][PASSED] - Object: 'Object Repository/Projects/TC016-Verify user can create new project sales/Page_Landingly  Project Detail/a_Use This' is clicked on

2023-10-09 19:43:52 - [TEST_STEP][PASSED] - verifyElementText(findTestObject("Object Repository/Projects/TC016-Verify user can create new project sales/Page_Landingly  Project Detail/span_new sales prject"), "new sales prject"): Actual text and expected text of test object 'Object Repository/Projects/TC016-Verify user can create new project sales/Page_Landingly  Project Detail/span_new sales prject' are matched.

2023-10-09 19:43:53 - [MESSAGE][PASSED] - Actual text and expected text of test object 'Object Repository/Projects/TC016-Verify user can create new project sales/Page_Landingly  Project Detail/span_new sales prject' are matched.

2023-10-09 19:43:53 - [TEST_STEP][PASSED] - closeBrowser(): Browser is closed

2023-10-09 19:43:55 - [MESSAGE][PASSED] - Browser is closed]]></system-out>
         <system-err><![CDATA[]]></system-err>
      </testcase>
      <testcase name="Test Cases/Projects/TC017-Verify user can create new project optin" time="33.976" classname="Test Cases/Projects/TC017-Verify user can create new project optin" status="PASSED">
         <system-out><![CDATA[2023-10-09 19:43:55 - [TEST_CASE][PASSED] - Test Cases/Projects/TC017-Verify user can create new project optin: Test Cases/Projects/TC017-Verify user can create new project optin

2023-10-09 19:43:56 - [TEST_STEP][PASSED] - openBrowser(""): Browser is opened with url: ''

2023-10-09 19:43:56 - [MESSAGE][INFO] - Starting 'Chrome' driver

2023-10-09 19:43:56 - [MESSAGE][INFO] - Action delay is set to 0 milliseconds

2023-10-09 19:44:00 - [MESSAGE][PASSED] - Browser is opened with url: ''

2023-10-09 19:44:00 - [TEST_STEP][PASSED] - maximizeWindow(): Current window maximized

2023-10-09 19:44:00 - [MESSAGE][PASSED] - Current window maximized

2023-10-09 19:44:00 - [TEST_STEP][PASSED] - navigateToUrl("https://app.landingly.com/"): Navigate to 'https://app.landingly.com/' successfully

2023-10-09 19:44:06 - [MESSAGE][PASSED] - Navigate to 'https://app.landingly.com/' successfully

2023-10-09 19:44:06 - [TEST_STEP][PASSED] - setText(findTestObject("Object Repository/Projects/TC017-Verify user can create new project optin/Page_Landingly  Login/input_Email_login-email"), "sqaahmadtahir@gmail.com"): Text 'sqaahmadtahir@gmail.com' is set on object 'Object Repository/Projects/TC017-Verify user can create new project optin/Page_Landingly  Login/input_Email_login-email'

2023-10-09 19:44:07 - [MESSAGE][PASSED] - Text 'sqaahmadtahir@gmail.com' is set on object 'Object Repository/Projects/TC017-Verify user can create new project optin/Page_Landingly  Login/input_Email_login-email'

2023-10-09 19:44:07 - [TEST_STEP][PASSED] - setEncryptedText(findTestObject("Object Repository/Projects/TC017-Verify user can create new project optin/Page_Landingly  Login/input_Forgot Password_login-password"), "/5S6MFFLcE5DAenbZpYNsQ=="): Text ****** has been set on object 'Object Repository/Projects/TC017-Verify user can create new project optin/Page_Landingly  Login/input_Forgot Password_login-password'

2023-10-09 19:44:08 - [MESSAGE][PASSED] - Text ****** has been set on object 'Object Repository/Projects/TC017-Verify user can create new project optin/Page_Landingly  Login/input_Forgot Password_login-password'

2023-10-09 19:44:08 - [TEST_STEP][PASSED] - click(findTestObject("Object Repository/Projects/TC017-Verify user can create new project optin/Page_Landingly  Login/button_Sign in")): Object: 'Object Repository/Projects/TC017-Verify user can create new project optin/Page_Landingly  Login/button_Sign in' is clicked on

2023-10-09 19:44:08 - [MESSAGE][PASSED] - Object: 'Object Repository/Projects/TC017-Verify user can create new project optin/Page_Landingly  Login/button_Sign in' is clicked on

2023-10-09 19:44:08 - [TEST_STEP][PASSED] - click(findTestObject("Object Repository/Projects/TC017-Verify user can create new project optin/Page_Landingly/a_Projects")): Object: 'Object Repository/Projects/TC017-Verify user can create new project optin/Page_Landingly/a_Projects' is clicked on

2023-10-09 19:44:10 - [MESSAGE][PASSED] - Object: 'Object Repository/Projects/TC017-Verify user can create new project optin/Page_Landingly/a_Projects' is clicked on

2023-10-09 19:44:10 - [TEST_STEP][PASSED] - click(findTestObject("Object Repository/Projects/TC017-Verify user can create new project optin/Page_Landingly  Projects/button_New Project")): Object: 'Object Repository/Projects/TC017-Verify user can create new project optin/Page_Landingly  Projects/button_New Project' is clicked on

2023-10-09 19:44:16 - [MESSAGE][PASSED] - Object: 'Object Repository/Projects/TC017-Verify user can create new project optin/Page_Landingly  Projects/button_New Project' is clicked on

2023-10-09 19:44:16 - [TEST_STEP][PASSED] - setText(findTestObject("Object Repository/Projects/TC017-Verify user can create new project optin/Page_Landingly  Projects/input__ProjectName"), "new optin project"): Text 'new optin project' is set on object 'Object Repository/Projects/TC017-Verify user can create new project optin/Page_Landingly  Projects/input__ProjectName'

2023-10-09 19:44:18 - [MESSAGE][PASSED] - Text 'new optin project' is set on object 'Object Repository/Projects/TC017-Verify user can create new project optin/Page_Landingly  Projects/input__ProjectName'

2023-10-09 19:44:18 - [TEST_STEP][PASSED] - click(findTestObject("Object Repository/Projects/TC017-Verify user can create new project optin/Page_Landingly  Projects/button_Build Project")): Object: 'Object Repository/Projects/TC017-Verify user can create new project optin/Page_Landingly  Projects/button_Build Project' is clicked on

2023-10-09 19:44:19 - [MESSAGE][PASSED] - Object: 'Object Repository/Projects/TC017-Verify user can create new project optin/Page_Landingly  Projects/button_Build Project' is clicked on

2023-10-09 19:44:19 - [TEST_STEP][PASSED] - click(findTestObject("Object Repository/Projects/TC017-Verify user can create new project optin/Page_Landingly  Project Detail/span_Use This")): Object: 'Object Repository/Projects/TC017-Verify user can create new project optin/Page_Landingly  Project Detail/span_Use This' is clicked on

2023-10-09 19:44:24 - [MESSAGE][PASSED] - Object: 'Object Repository/Projects/TC017-Verify user can create new project optin/Page_Landingly  Project Detail/span_Use This' is clicked on

2023-10-09 19:44:24 - [TEST_STEP][PASSED] - click(findTestObject("Object Repository/Projects/TC017-Verify user can create new project optin/Page_Landingly  Project Detail/a_Use This")): Object: 'Object Repository/Projects/TC017-Verify user can create new project optin/Page_Landingly  Project Detail/a_Use This' is clicked on

2023-10-09 19:44:26 - [MESSAGE][PASSED] - Object: 'Object Repository/Projects/TC017-Verify user can create new project optin/Page_Landingly  Project Detail/a_Use This' is clicked on

2023-10-09 19:44:26 - [TEST_STEP][PASSED] - verifyElementText(findTestObject("Object Repository/Projects/TC017-Verify user can create new project optin/Page_Landingly  Project Detail/span_new optin project"), "new optin project"): Actual text and expected text of test object 'Object Repository/Projects/TC017-Verify user can create new project optin/Page_Landingly  Project Detail/span_new optin project' are matched.

2023-10-09 19:44:28 - [MESSAGE][PASSED] - Actual text and expected text of test object 'Object Repository/Projects/TC017-Verify user can create new project optin/Page_Landingly  Project Detail/span_new optin project' are matched.

2023-10-09 19:44:28 - [TEST_STEP][PASSED] - closeBrowser(): Browser is closed

2023-10-09 19:44:29 - [MESSAGE][PASSED] - Browser is closed]]></system-out>
         <system-err><![CDATA[]]></system-err>
      </testcase>
      <testcase name="Test Cases/Projects/TC018-Verify user can view project" time="31.988" classname="Test Cases/Projects/TC018-Verify user can view project" status="PASSED">
         <system-out><![CDATA[2023-10-09 19:44:29 - [TEST_CASE][PASSED] - Test Cases/Projects/TC018-Verify user can view project: Test Cases/Projects/TC018-Verify user can view project

2023-10-09 19:44:30 - [TEST_STEP][PASSED] - openBrowser(""): Browser is opened with url: ''

2023-10-09 19:44:30 - [MESSAGE][INFO] - Starting 'Chrome' driver

2023-10-09 19:44:30 - [MESSAGE][INFO] - Action delay is set to 0 milliseconds

2023-10-09 19:44:33 - [MESSAGE][PASSED] - Browser is opened with url: ''

2023-10-09 19:44:33 - [TEST_STEP][PASSED] - maximizeWindow(): Current window maximized

2023-10-09 19:44:33 - [MESSAGE][PASSED] - Current window maximized

2023-10-09 19:44:33 - [TEST_STEP][PASSED] - navigateToUrl("https://app.landingly.com/"): Navigate to 'https://app.landingly.com/' successfully

2023-10-09 19:44:39 - [MESSAGE][PASSED] - Navigate to 'https://app.landingly.com/' successfully

2023-10-09 19:44:39 - [TEST_STEP][PASSED] - setText(findTestObject("Object Repository/Projects/TC018-Verify user can view project/Page_Landingly  Login/input_Email_login-email"), "sqaahmadtahir@gmail.com"): Text 'sqaahmadtahir@gmail.com' is set on object 'Object Repository/Projects/TC018-Verify user can view project/Page_Landingly  Login/input_Email_login-email'

2023-10-09 19:44:40 - [MESSAGE][PASSED] - Text 'sqaahmadtahir@gmail.com' is set on object 'Object Repository/Projects/TC018-Verify user can view project/Page_Landingly  Login/input_Email_login-email'

2023-10-09 19:44:40 - [TEST_STEP][PASSED] - setEncryptedText(findTestObject("Object Repository/Projects/TC018-Verify user can view project/Page_Landingly  Login/input_Forgot Password_login-password"), "/5S6MFFLcE5DAenbZpYNsQ=="): Text ****** has been set on object 'Object Repository/Projects/TC018-Verify user can view project/Page_Landingly  Login/input_Forgot Password_login-password'

2023-10-09 19:44:41 - [MESSAGE][PASSED] - Text ****** has been set on object 'Object Repository/Projects/TC018-Verify user can view project/Page_Landingly  Login/input_Forgot Password_login-password'

2023-10-09 19:44:41 - [TEST_STEP][PASSED] - click(findTestObject("Object Repository/Projects/TC018-Verify user can view project/Page_Landingly  Login/button_Sign in")): Object: 'Object Repository/Projects/TC018-Verify user can view project/Page_Landingly  Login/button_Sign in' is clicked on

2023-10-09 19:44:41 - [MESSAGE][PASSED] - Object: 'Object Repository/Projects/TC018-Verify user can view project/Page_Landingly  Login/button_Sign in' is clicked on

2023-10-09 19:44:41 - [TEST_STEP][PASSED] - delay(10): Delayed 10 second(s)

2023-10-09 19:44:51 - [MESSAGE][PASSED] - Delayed 10 second(s)

2023-10-09 19:44:51 - [TEST_STEP][PASSED] - click(findTestObject("Object Repository/Projects/TC018-Verify user can view project/Page_Landingly/a_Projects")): Object: 'Object Repository/Projects/TC018-Verify user can view project/Page_Landingly/a_Projects' is clicked on

2023-10-09 19:44:52 - [MESSAGE][PASSED] - Object: 'Object Repository/Projects/TC018-Verify user can view project/Page_Landingly/a_Projects' is clicked on

2023-10-09 19:44:52 - [TEST_STEP][PASSED] - click(findTestObject("Object Repository/Projects/TC018-Verify user can view project/Page_Landingly  Projects/a_View Project")): Object: 'Object Repository/Projects/TC018-Verify user can view project/Page_Landingly  Projects/a_View Project' is clicked on

2023-10-09 19:44:56 - [MESSAGE][PASSED] - Object: 'Object Repository/Projects/TC018-Verify user can view project/Page_Landingly  Projects/a_View Project' is clicked on

2023-10-09 19:44:56 - [TEST_STEP][PASSED] - verifyElementText(findTestObject("Object Repository/Projects/TC018-Verify user can view project/Page_Landingly  Project Detail/h2_Project Detail"), "Project Detail"): Actual text and expected text of test object 'Object Repository/Projects/TC018-Verify user can view project/Page_Landingly  Project Detail/h2_Project Detail' are matched.

2023-10-09 19:44:59 - [MESSAGE][PASSED] - Actual text and expected text of test object 'Object Repository/Projects/TC018-Verify user can view project/Page_Landingly  Project Detail/h2_Project Detail' are matched.

2023-10-09 19:44:59 - [TEST_STEP][PASSED] - closeBrowser(): Browser is closed

2023-10-09 19:45:01 - [MESSAGE][PASSED] - Browser is closed]]></system-out>
         <system-err><![CDATA[]]></system-err>
      </testcase>
      <testcase name="Test Cases/Projects/TC019-Verify user can archive a project" time="24.943" classname="Test Cases/Projects/TC019-Verify user can archive a project" status="PASSED">
         <system-out><![CDATA[2023-10-09 19:45:01 - [TEST_CASE][PASSED] - Test Cases/Projects/TC019-Verify user can archive a project: Test Cases/Projects/TC019-Verify user can archive a project

2023-10-09 19:45:02 - [TEST_STEP][PASSED] - openBrowser(""): Browser is opened with url: ''

2023-10-09 19:45:02 - [MESSAGE][INFO] - Starting 'Chrome' driver

2023-10-09 19:45:02 - [MESSAGE][INFO] - Action delay is set to 0 milliseconds

2023-10-09 19:45:05 - [MESSAGE][PASSED] - Browser is opened with url: ''

2023-10-09 19:45:05 - [TEST_STEP][PASSED] - maximizeWindow(): Current window maximized

2023-10-09 19:45:05 - [MESSAGE][PASSED] - Current window maximized

2023-10-09 19:45:05 - [TEST_STEP][PASSED] - navigateToUrl("https://app.landingly.com/"): Navigate to 'https://app.landingly.com/' successfully

2023-10-09 19:45:11 - [MESSAGE][PASSED] - Navigate to 'https://app.landingly.com/' successfully

2023-10-09 19:45:11 - [TEST_STEP][PASSED] - setText(findTestObject("Object Repository/Projects/TC019-Verify user can archive a project/Page_Landingly  Login/input_Email_login-email"), "sqaahmadtahir@gmail.com"): Text 'sqaahmadtahir@gmail.com' is set on object 'Object Repository/Projects/TC019-Verify user can archive a project/Page_Landingly  Login/input_Email_login-email'

2023-10-09 19:45:13 - [MESSAGE][PASSED] - Text 'sqaahmadtahir@gmail.com' is set on object 'Object Repository/Projects/TC019-Verify user can archive a project/Page_Landingly  Login/input_Email_login-email'

2023-10-09 19:45:13 - [TEST_STEP][PASSED] - setEncryptedText(findTestObject("Object Repository/Projects/TC019-Verify user can archive a project/Page_Landingly  Login/input_Forgot Password_login-password"), "/5S6MFFLcE5DAenbZpYNsQ=="): Text ****** has been set on object 'Object Repository/Projects/TC019-Verify user can archive a project/Page_Landingly  Login/input_Forgot Password_login-password'

2023-10-09 19:45:14 - [MESSAGE][PASSED] - Text ****** has been set on object 'Object Repository/Projects/TC019-Verify user can archive a project/Page_Landingly  Login/input_Forgot Password_login-password'

2023-10-09 19:45:14 - [TEST_STEP][PASSED] - click(findTestObject("Object Repository/Projects/TC019-Verify user can archive a project/Page_Landingly  Login/button_Sign in")): Object: 'Object Repository/Projects/TC019-Verify user can archive a project/Page_Landingly  Login/button_Sign in' is clicked on

2023-10-09 19:45:14 - [MESSAGE][PASSED] - Object: 'Object Repository/Projects/TC019-Verify user can archive a project/Page_Landingly  Login/button_Sign in' is clicked on

2023-10-09 19:45:14 - [TEST_STEP][PASSED] - click(findTestObject("Object Repository/Projects/TC019-Verify user can archive a project/Page_Landingly/a_Projects")): Object: 'Object Repository/Projects/TC019-Verify user can archive a project/Page_Landingly/a_Projects' is clicked on

2023-10-09 19:45:17 - [MESSAGE][PASSED] - Object: 'Object Repository/Projects/TC019-Verify user can archive a project/Page_Landingly/a_Projects' is clicked on

2023-10-09 19:45:17 - [TEST_STEP][PASSED] - click(findTestObject("Object Repository/Projects/TC019-Verify user can archive a project/Page_Landingly  Projects/button_View Project_btn btn-icon pull-right_ab2ff2")): Object: 'Object Repository/Projects/TC019-Verify user can archive a project/Page_Landingly  Projects/button_View Project_btn btn-icon pull-right_ab2ff2' is clicked on

2023-10-09 19:45:22 - [MESSAGE][PASSED] - Object: 'Object Repository/Projects/TC019-Verify user can archive a project/Page_Landingly  Projects/button_View Project_btn btn-icon pull-right_ab2ff2' is clicked on

2023-10-09 19:45:22 - [TEST_STEP][PASSED] - click(findTestObject("Object Repository/Projects/TC019-Verify user can archive a project/Page_Landingly  Projects/button_Archive")): Object: 'Object Repository/Projects/TC019-Verify user can archive a project/Page_Landingly  Projects/button_Archive' is clicked on

2023-10-09 19:45:24 - [MESSAGE][PASSED] - Object: 'Object Repository/Projects/TC019-Verify user can archive a project/Page_Landingly  Projects/button_Archive' is clicked on

2023-10-09 19:45:24 - [TEST_STEP][PASSED] - closeBrowser(): Browser is closed

2023-10-09 19:45:26 - [MESSAGE][PASSED] - Browser is closed]]></system-out>
         <system-err><![CDATA[]]></system-err>
      </testcase>
      <testcase name="Test Cases/Projects/TC020-Verify user can restore a archived project" time="26.731" classname="Test Cases/Projects/TC020-Verify user can restore a archived project" status="PASSED">
         <system-out><![CDATA[2023-10-09 19:45:26 - [TEST_CASE][PASSED] - Test Cases/Projects/TC020-Verify user can restore a archived project: Test Cases/Projects/TC020-Verify user can restore a archived project

2023-10-09 19:45:27 - [TEST_STEP][PASSED] - openBrowser(""): Browser is opened with url: ''

2023-10-09 19:45:27 - [MESSAGE][INFO] - Starting 'Chrome' driver

2023-10-09 19:45:27 - [MESSAGE][INFO] - Action delay is set to 0 milliseconds

2023-10-09 19:45:30 - [MESSAGE][PASSED] - Browser is opened with url: ''

2023-10-09 19:45:30 - [TEST_STEP][PASSED] - maximizeWindow(): Current window maximized

2023-10-09 19:45:30 - [MESSAGE][PASSED] - Current window maximized

2023-10-09 19:45:30 - [TEST_STEP][PASSED] - navigateToUrl("https://app.landingly.com/"): Navigate to 'https://app.landingly.com/' successfully

2023-10-09 19:45:35 - [MESSAGE][PASSED] - Navigate to 'https://app.landingly.com/' successfully

2023-10-09 19:45:35 - [TEST_STEP][PASSED] - setText(findTestObject("Object Repository/Projects/TC020-Verify user can restore a archived project/Page_Landingly  Login/input_Email_login-email"), "sqaahmadtahir@gmail.com"): Text 'sqaahmadtahir@gmail.com' is set on object 'Object Repository/Projects/TC020-Verify user can restore a archived project/Page_Landingly  Login/input_Email_login-email'

2023-10-09 19:45:37 - [MESSAGE][PASSED] - Text 'sqaahmadtahir@gmail.com' is set on object 'Object Repository/Projects/TC020-Verify user can restore a archived project/Page_Landingly  Login/input_Email_login-email'

2023-10-09 19:45:37 - [TEST_STEP][PASSED] - setEncryptedText(findTestObject("Object Repository/Projects/TC020-Verify user can restore a archived project/Page_Landingly  Login/input_Forgot Password_login-password"), "/5S6MFFLcE5DAenbZpYNsQ=="): Text ****** has been set on object 'Object Repository/Projects/TC020-Verify user can restore a archived project/Page_Landingly  Login/input_Forgot Password_login-password'

2023-10-09 19:45:37 - [MESSAGE][PASSED] - Text ****** has been set on object 'Object Repository/Projects/TC020-Verify user can restore a archived project/Page_Landingly  Login/input_Forgot Password_login-password'

2023-10-09 19:45:37 - [TEST_STEP][PASSED] - click(findTestObject("Object Repository/Projects/TC020-Verify user can restore a archived project/Page_Landingly  Login/button_Sign in")): Object: 'Object Repository/Projects/TC020-Verify user can restore a archived project/Page_Landingly  Login/button_Sign in' is clicked on

2023-10-09 19:45:38 - [MESSAGE][PASSED] - Object: 'Object Repository/Projects/TC020-Verify user can restore a archived project/Page_Landingly  Login/button_Sign in' is clicked on

2023-10-09 19:45:38 - [TEST_STEP][PASSED] - click(findTestObject("Object Repository/Projects/TC020-Verify user can restore a archived project/Page_Landingly/a_Projects")): Object: 'Object Repository/Projects/TC020-Verify user can restore a archived project/Page_Landingly/a_Projects' is clicked on

2023-10-09 19:45:40 - [MESSAGE][PASSED] - Object: 'Object Repository/Projects/TC020-Verify user can restore a archived project/Page_Landingly/a_Projects' is clicked on

2023-10-09 19:45:40 - [TEST_STEP][PASSED] - click(findTestObject("Object Repository/Projects/TC020-Verify user can restore a archived project/Page_Landingly  Projects/button_Archived Projects")): Object: 'Object Repository/Projects/TC020-Verify user can restore a archived project/Page_Landingly  Projects/button_Archived Projects' is clicked on

2023-10-09 19:45:48 - [MESSAGE][PASSED] - Object: 'Object Repository/Projects/TC020-Verify user can restore a archived project/Page_Landingly  Projects/button_Archived Projects' is clicked on

2023-10-09 19:45:48 - [TEST_STEP][PASSED] - click(findTestObject("Object Repository/Projects/TC020-Verify user can restore a archived project/Page_Landingly  Projects/svg_new optin project_feather feather-corne_a5ecad")): Object: 'Object Repository/Projects/TC020-Verify user can restore a archived project/Page_Landingly  Projects/svg_new optin project_feather feather-corne_a5ecad' is clicked on

2023-10-09 19:45:49 - [MESSAGE][PASSED] - Object: 'Object Repository/Projects/TC020-Verify user can restore a archived project/Page_Landingly  Projects/svg_new optin project_feather feather-corne_a5ecad' is clicked on

2023-10-09 19:45:49 - [TEST_STEP][PASSED] - click(findTestObject("Object Repository/Projects/TC020-Verify user can restore a archived project/Page_Landingly  Projects/button_Restore")): Object: 'Object Repository/Projects/TC020-Verify user can restore a archived project/Page_Landingly  Projects/button_Restore' is clicked on

2023-10-09 19:45:51 - [MESSAGE][PASSED] - Object: 'Object Repository/Projects/TC020-Verify user can restore a archived project/Page_Landingly  Projects/button_Restore' is clicked on

2023-10-09 19:45:51 - [TEST_STEP][PASSED] - closeBrowser(): Browser is closed

2023-10-09 19:45:53 - [MESSAGE][PASSED] - Browser is closed]]></system-out>
         <system-err><![CDATA[]]></system-err>
      </testcase>
      <testcase name="Test Cases/Projects/TC021-Verify user can clone a project" time="23.397" classname="Test Cases/Projects/TC021-Verify user can clone a project" status="PASSED">
         <system-out><![CDATA[2023-10-09 19:45:53 - [TEST_CASE][PASSED] - Test Cases/Projects/TC021-Verify user can clone a project: Test Cases/Projects/TC021-Verify user can clone a project

2023-10-09 19:45:54 - [TEST_STEP][PASSED] - openBrowser(""): Browser is opened with url: ''

2023-10-09 19:45:54 - [MESSAGE][INFO] - Starting 'Chrome' driver

2023-10-09 19:45:54 - [MESSAGE][INFO] - Action delay is set to 0 milliseconds

2023-10-09 19:45:57 - [MESSAGE][PASSED] - Browser is opened with url: ''

2023-10-09 19:45:57 - [TEST_STEP][PASSED] - maximizeWindow(): Current window maximized

2023-10-09 19:45:57 - [MESSAGE][PASSED] - Current window maximized

2023-10-09 19:45:57 - [TEST_STEP][PASSED] - navigateToUrl("https://app.landingly.com/"): Navigate to 'https://app.landingly.com/' successfully

2023-10-09 19:46:03 - [MESSAGE][PASSED] - Navigate to 'https://app.landingly.com/' successfully

2023-10-09 19:46:03 - [TEST_STEP][PASSED] - setText(findTestObject("Object Repository/Projects/TC021-Verify user can clone a project/Page_Landingly  Login/input_Email_login-email"), "sqaahmadtahir@gmail.com"): Text 'sqaahmadtahir@gmail.com' is set on object 'Object Repository/Projects/TC021-Verify user can clone a project/Page_Landingly  Login/input_Email_login-email'

2023-10-09 19:46:04 - [MESSAGE][PASSED] - Text 'sqaahmadtahir@gmail.com' is set on object 'Object Repository/Projects/TC021-Verify user can clone a project/Page_Landingly  Login/input_Email_login-email'

2023-10-09 19:46:04 - [TEST_STEP][PASSED] - setEncryptedText(findTestObject("Object Repository/Projects/TC021-Verify user can clone a project/Page_Landingly  Login/input_Forgot Password_login-password"), "/5S6MFFLcE5DAenbZpYNsQ=="): Text ****** has been set on object 'Object Repository/Projects/TC021-Verify user can clone a project/Page_Landingly  Login/input_Forgot Password_login-password'

2023-10-09 19:46:05 - [MESSAGE][PASSED] - Text ****** has been set on object 'Object Repository/Projects/TC021-Verify user can clone a project/Page_Landingly  Login/input_Forgot Password_login-password'

2023-10-09 19:46:05 - [TEST_STEP][PASSED] - click(findTestObject("Object Repository/Projects/TC021-Verify user can clone a project/Page_Landingly  Login/button_Sign in")): Object: 'Object Repository/Projects/TC021-Verify user can clone a project/Page_Landingly  Login/button_Sign in' is clicked on

2023-10-09 19:46:06 - [MESSAGE][PASSED] - Object: 'Object Repository/Projects/TC021-Verify user can clone a project/Page_Landingly  Login/button_Sign in' is clicked on

2023-10-09 19:46:06 - [TEST_STEP][PASSED] - click(findTestObject("Object Repository/Projects/TC021-Verify user can clone a project/Page_Landingly/a_Projects")): Object: 'Object Repository/Projects/TC021-Verify user can clone a project/Page_Landingly/a_Projects' is clicked on

2023-10-09 19:46:08 - [MESSAGE][PASSED] - Object: 'Object Repository/Projects/TC021-Verify user can clone a project/Page_Landingly/a_Projects' is clicked on

2023-10-09 19:46:08 - [TEST_STEP][PASSED] - click(findTestObject("Object Repository/Projects/TC021-Verify user can clone a project/Page_Landingly  Projects/button_View Project_btn btn-icon pull-right_e2b191")): Object: 'Object Repository/Projects/TC021-Verify user can clone a project/Page_Landingly  Projects/button_View Project_btn btn-icon pull-right_e2b191' is clicked on

2023-10-09 19:46:13 - [MESSAGE][PASSED] - Object: 'Object Repository/Projects/TC021-Verify user can clone a project/Page_Landingly  Projects/button_View Project_btn btn-icon pull-right_e2b191' is clicked on

2023-10-09 19:46:13 - [TEST_STEP][PASSED] - click(findTestObject("Object Repository/Projects/TC021-Verify user can clone a project/Page_Landingly  Projects/button_Clone")): Object: 'Object Repository/Projects/TC021-Verify user can clone a project/Page_Landingly  Projects/button_Clone' is clicked on

2023-10-09 19:46:15 - [MESSAGE][PASSED] - Object: 'Object Repository/Projects/TC021-Verify user can clone a project/Page_Landingly  Projects/button_Clone' is clicked on

2023-10-09 19:46:15 - [TEST_STEP][PASSED] - closeBrowser(): Browser is closed

2023-10-09 19:46:16 - [MESSAGE][PASSED] - Browser is closed]]></system-out>
         <system-err><![CDATA[]]></system-err>
      </testcase>
      <testcase name="Test Cases/Projects/TC022-Verify user can edit template for sales or optin page" time="27.858" classname="Test Cases/Projects/TC022-Verify user can edit template for sales or optin page" status="PASSED">
         <system-out><![CDATA[2023-10-09 19:46:16 - [TEST_CASE][PASSED] - Test Cases/Projects/TC022-Verify user can edit template for sales or optin page: Test Cases/Projects/TC022-Verify user can edit template for sales or optin page

2023-10-09 19:46:17 - [TEST_STEP][PASSED] - openBrowser(""): Browser is opened with url: ''

2023-10-09 19:46:17 - [MESSAGE][INFO] - Starting 'Chrome' driver

2023-10-09 19:46:17 - [MESSAGE][INFO] - Action delay is set to 0 milliseconds

2023-10-09 19:46:20 - [MESSAGE][PASSED] - Browser is opened with url: ''

2023-10-09 19:46:20 - [TEST_STEP][PASSED] - maximizeWindow(): Current window maximized

2023-10-09 19:46:20 - [MESSAGE][PASSED] - Current window maximized

2023-10-09 19:46:20 - [TEST_STEP][PASSED] - navigateToUrl("https://app.landingly.com/"): Navigate to 'https://app.landingly.com/' successfully

2023-10-09 19:46:26 - [MESSAGE][PASSED] - Navigate to 'https://app.landingly.com/' successfully

2023-10-09 19:46:26 - [TEST_STEP][PASSED] - setText(findTestObject("Object Repository/Projects/TC022-Verify user can edit template for sales or optin page/Page_Landingly  Login/input_Email_login-email"), "sqaahmadtahir@gmail.com"): Text 'sqaahmadtahir@gmail.com' is set on object 'Object Repository/Projects/TC022-Verify user can edit template for sales or optin page/Page_Landingly  Login/input_Email_login-email'

2023-10-09 19:46:28 - [MESSAGE][PASSED] - Text 'sqaahmadtahir@gmail.com' is set on object 'Object Repository/Projects/TC022-Verify user can edit template for sales or optin page/Page_Landingly  Login/input_Email_login-email'

2023-10-09 19:46:28 - [TEST_STEP][PASSED] - setEncryptedText(findTestObject("Object Repository/Projects/TC022-Verify user can edit template for sales or optin page/Page_Landingly  Login/input_Forgot Password_login-password"), "/5S6MFFLcE5DAenbZpYNsQ=="): Text ****** has been set on object 'Object Repository/Projects/TC022-Verify user can edit template for sales or optin page/Page_Landingly  Login/input_Forgot Password_login-password'

2023-10-09 19:46:28 - [MESSAGE][PASSED] - Text ****** has been set on object 'Object Repository/Projects/TC022-Verify user can edit template for sales or optin page/Page_Landingly  Login/input_Forgot Password_login-password'

2023-10-09 19:46:28 - [TEST_STEP][PASSED] - click(findTestObject("Object Repository/Projects/TC022-Verify user can edit template for sales or optin page/Page_Landingly  Login/button_Sign in")): Object: 'Object Repository/Projects/TC022-Verify user can edit template for sales or optin page/Page_Landingly  Login/button_Sign in' is clicked on

2023-10-09 19:46:29 - [MESSAGE][PASSED] - Object: 'Object Repository/Projects/TC022-Verify user can edit template for sales or optin page/Page_Landingly  Login/button_Sign in' is clicked on

2023-10-09 19:46:29 - [TEST_STEP][PASSED] - click(findTestObject("Object Repository/Projects/TC022-Verify user can edit template for sales or optin page/Page_Landingly/a_Projects")): Object: 'Object Repository/Projects/TC022-Verify user can edit template for sales or optin page/Page_Landingly/a_Projects' is clicked on

2023-10-09 19:46:31 - [MESSAGE][PASSED] - Object: 'Object Repository/Projects/TC022-Verify user can edit template for sales or optin page/Page_Landingly/a_Projects' is clicked on

2023-10-09 19:46:31 - [TEST_STEP][PASSED] - click(findTestObject("Object Repository/Projects/TC022-Verify user can edit template for sales or optin page/Page_Landingly  Projects/a_View Project")): Object: 'Object Repository/Projects/TC022-Verify user can edit template for sales or optin page/Page_Landingly  Projects/a_View Project' is clicked on

2023-10-09 19:46:37 - [MESSAGE][PASSED] - Object: 'Object Repository/Projects/TC022-Verify user can edit template for sales or optin page/Page_Landingly  Projects/a_View Project' is clicked on

2023-10-09 19:46:37 - [TEST_STEP][PASSED] - click(findTestObject("Object Repository/Projects/TC022-Verify user can edit template for sales or optin page/Page_Landingly  Project Detail/a_Contacts_btn btn-icon btn-flat-primary")): Object: 'Object Repository/Projects/TC022-Verify user can edit template for sales or optin page/Page_Landingly  Project Detail/a_Contacts_btn btn-icon btn-flat-primary' is clicked on

2023-10-09 19:46:41 - [MESSAGE][PASSED] - Object: 'Object Repository/Projects/TC022-Verify user can edit template for sales or optin page/Page_Landingly  Project Detail/a_Contacts_btn btn-icon btn-flat-primary' is clicked on

2023-10-09 19:46:41 - [TEST_STEP][PASSED] - verifyElementText(findTestObject("Object Repository/Projects/TC022-Verify user can edit template for sales or optin page/Page_Landingly  Edit Project/span_Edit Project"), "Edit Project"): Actual text and expected text of test object 'Object Repository/Projects/TC022-Verify user can edit template for sales or optin page/Page_Landingly  Edit Project/span_Edit Project' are matched.

2023-10-09 19:46:42 - [MESSAGE][PASSED] - Actual text and expected text of test object 'Object Repository/Projects/TC022-Verify user can edit template for sales or optin page/Page_Landingly  Edit Project/span_Edit Project' are matched.

2023-10-09 19:46:42 - [TEST_STEP][PASSED] - closeBrowser(): Browser is closed

2023-10-09 19:46:44 - [MESSAGE][PASSED] - Browser is closed]]></system-out>
         <system-err><![CDATA[]]></system-err>
      </testcase>
      <testcase name="Test Cases/Projects/TC023-Verify user can edit template for both pages optin" time="41.457" classname="Test Cases/Projects/TC023-Verify user can edit template for both pages optin" status="PASSED">
         <system-out><![CDATA[2023-10-09 19:46:44 - [TEST_CASE][PASSED] - Test Cases/Projects/TC023-Verify user can edit template for both pages optin: Test Cases/Projects/TC023-Verify user can edit template for both pages optin

2023-10-09 19:46:45 - [TEST_STEP][PASSED] - openBrowser(""): Browser is opened with url: ''

2023-10-09 19:46:45 - [MESSAGE][INFO] - Starting 'Chrome' driver

2023-10-09 19:46:45 - [MESSAGE][INFO] - Action delay is set to 0 milliseconds

2023-10-09 19:46:48 - [MESSAGE][PASSED] - Browser is opened with url: ''

2023-10-09 19:46:48 - [TEST_STEP][PASSED] - maximizeWindow(): Current window maximized

2023-10-09 19:46:48 - [MESSAGE][PASSED] - Current window maximized

2023-10-09 19:46:48 - [TEST_STEP][PASSED] - navigateToUrl("https://app.landingly.com/"): Navigate to 'https://app.landingly.com/' successfully

2023-10-09 19:47:05 - [MESSAGE][PASSED] - Navigate to 'https://app.landingly.com/' successfully

2023-10-09 19:47:05 - [TEST_STEP][PASSED] - setText(findTestObject("Object Repository/Projects/TC023-Verify user can edit template for thankyou page/Page_Landingly  Login/input_Email_login-email"), "sqaahmadtahir@gmail.com"): Text 'sqaahmadtahir@gmail.com' is set on object 'Object Repository/Projects/TC023-Verify user can edit template for thankyou page/Page_Landingly  Login/input_Email_login-email'

2023-10-09 19:47:06 - [MESSAGE][PASSED] - Text 'sqaahmadtahir@gmail.com' is set on object 'Object Repository/Projects/TC023-Verify user can edit template for thankyou page/Page_Landingly  Login/input_Email_login-email'

2023-10-09 19:47:06 - [TEST_STEP][PASSED] - setEncryptedText(findTestObject("Object Repository/Projects/TC023-Verify user can edit template for thankyou page/Page_Landingly  Login/input_Forgot Password_login-password"), "/5S6MFFLcE5DAenbZpYNsQ=="): Text ****** has been set on object 'Object Repository/Projects/TC023-Verify user can edit template for thankyou page/Page_Landingly  Login/input_Forgot Password_login-password'

2023-10-09 19:47:07 - [MESSAGE][PASSED] - Text ****** has been set on object 'Object Repository/Projects/TC023-Verify user can edit template for thankyou page/Page_Landingly  Login/input_Forgot Password_login-password'

2023-10-09 19:47:07 - [TEST_STEP][PASSED] - click(findTestObject("Object Repository/Projects/TC023-Verify user can edit template for thankyou page/Page_Landingly  Login/button_Sign in")): Object: 'Object Repository/Projects/TC023-Verify user can edit template for thankyou page/Page_Landingly  Login/button_Sign in' is clicked on

2023-10-09 19:47:07 - [MESSAGE][PASSED] - Object: 'Object Repository/Projects/TC023-Verify user can edit template for thankyou page/Page_Landingly  Login/button_Sign in' is clicked on

2023-10-09 19:47:07 - [TEST_STEP][PASSED] - click(findTestObject("Object Repository/Projects/TC023-Verify user can edit template for thankyou page/Page_Landingly/a_Projects")): Object: 'Object Repository/Projects/TC023-Verify user can edit template for thankyou page/Page_Landingly/a_Projects' is clicked on

2023-10-09 19:47:14 - [MESSAGE][PASSED] - Object: 'Object Repository/Projects/TC023-Verify user can edit template for thankyou page/Page_Landingly/a_Projects' is clicked on

2023-10-09 19:47:14 - [TEST_STEP][PASSED] - click(findTestObject("Object Repository/Projects/TC023-Verify user can edit template for thankyou page/Page_Landingly  Projects/a_View Project")): Object: 'Object Repository/Projects/TC023-Verify user can edit template for thankyou page/Page_Landingly  Projects/a_View Project' is clicked on

2023-10-09 19:47:19 - [MESSAGE][PASSED] - Object: 'Object Repository/Projects/TC023-Verify user can edit template for thankyou page/Page_Landingly  Projects/a_View Project' is clicked on

2023-10-09 19:47:19 - [TEST_STEP][PASSED] - click(findTestObject("Object Repository/Projects/TC023-Verify user can edit template for thankyou page/Page_Landingly  Project Detail/a_Contacts_btn btn-icon btn-flat-primary")): Object: 'Object Repository/Projects/TC023-Verify user can edit template for thankyou page/Page_Landingly  Project Detail/a_Contacts_btn btn-icon btn-flat-primary' is clicked on

2023-10-09 19:47:22 - [MESSAGE][PASSED] - Object: 'Object Repository/Projects/TC023-Verify user can edit template for thankyou page/Page_Landingly  Project Detail/a_Contacts_btn btn-icon btn-flat-primary' is clicked on

2023-10-09 19:47:22 - [TEST_STEP][PASSED] - verifyElementText(findTestObject("Object Repository/Projects/TC023-Verify user can edit template for thankyou page/Page_Landingly  Edit Project/span_Edit Project"), "Edit Project"): Actual text and expected text of test object 'Object Repository/Projects/TC023-Verify user can edit template for thankyou page/Page_Landingly  Edit Project/span_Edit Project' are matched.

2023-10-09 19:47:24 - [MESSAGE][PASSED] - Actual text and expected text of test object 'Object Repository/Projects/TC023-Verify user can edit template for thankyou page/Page_Landingly  Edit Project/span_Edit Project' are matched.

2023-10-09 19:47:24 - [TEST_STEP][PASSED] - closeBrowser(): Browser is closed

2023-10-09 19:47:25 - [MESSAGE][PASSED] - Browser is closed]]></system-out>
         <system-err><![CDATA[]]></system-err>
      </testcase>
      <testcase name="Test Cases/Projects/TC024-Verify user can view template for sales or optin page" time="35.607" classname="Test Cases/Projects/TC024-Verify user can view template for sales or optin page" status="PASSED">
         <system-out><![CDATA[2023-10-09 19:47:25 - [TEST_CASE][PASSED] - Test Cases/Projects/TC024-Verify user can view template for sales or optin page: Test Cases/Projects/TC024-Verify user can view template for sales or optin page

2023-10-09 19:47:27 - [TEST_STEP][PASSED] - openBrowser(""): Browser is opened with url: ''

2023-10-09 19:47:27 - [MESSAGE][INFO] - Starting 'Chrome' driver

2023-10-09 19:47:27 - [MESSAGE][INFO] - Action delay is set to 0 milliseconds

2023-10-09 19:47:30 - [MESSAGE][PASSED] - Browser is opened with url: ''

2023-10-09 19:47:30 - [TEST_STEP][PASSED] - maximizeWindow(): Current window maximized

2023-10-09 19:47:30 - [MESSAGE][PASSED] - Current window maximized

2023-10-09 19:47:30 - [TEST_STEP][PASSED] - navigateToUrl("https://app.landingly.com/"): Navigate to 'https://app.landingly.com/' successfully

2023-10-09 19:47:35 - [MESSAGE][PASSED] - Navigate to 'https://app.landingly.com/' successfully

2023-10-09 19:47:35 - [TEST_STEP][PASSED] - setText(findTestObject("Object Repository/Projects/TC024-Verify user can view template for sales or optin page/Page_Landingly  Login/input_Email_login-email"), "sqaahmadtahir@gmail.com"): Text 'sqaahmadtahir@gmail.com' is set on object 'Object Repository/Projects/TC024-Verify user can view template for sales or optin page/Page_Landingly  Login/input_Email_login-email'

2023-10-09 19:47:36 - [MESSAGE][PASSED] - Text 'sqaahmadtahir@gmail.com' is set on object 'Object Repository/Projects/TC024-Verify user can view template for sales or optin page/Page_Landingly  Login/input_Email_login-email'

2023-10-09 19:47:36 - [TEST_STEP][PASSED] - setEncryptedText(findTestObject("Object Repository/Projects/TC024-Verify user can view template for sales or optin page/Page_Landingly  Login/input_Forgot Password_login-password"), "/5S6MFFLcE5DAenbZpYNsQ=="): Text ****** has been set on object 'Object Repository/Projects/TC024-Verify user can view template for sales or optin page/Page_Landingly  Login/input_Forgot Password_login-password'

2023-10-09 19:47:37 - [MESSAGE][PASSED] - Text ****** has been set on object 'Object Repository/Projects/TC024-Verify user can view template for sales or optin page/Page_Landingly  Login/input_Forgot Password_login-password'

2023-10-09 19:47:37 - [TEST_STEP][PASSED] - click(findTestObject("Object Repository/Projects/TC024-Verify user can view template for sales or optin page/Page_Landingly  Login/button_Sign in")): Object: 'Object Repository/Projects/TC024-Verify user can view template for sales or optin page/Page_Landingly  Login/button_Sign in' is clicked on

2023-10-09 19:47:38 - [MESSAGE][PASSED] - Object: 'Object Repository/Projects/TC024-Verify user can view template for sales or optin page/Page_Landingly  Login/button_Sign in' is clicked on

2023-10-09 19:47:38 - [TEST_STEP][PASSED] - click(findTestObject("Object Repository/Projects/TC024-Verify user can view template for sales or optin page/Page_Landingly/a_Projects")): Object: 'Object Repository/Projects/TC024-Verify user can view template for sales or optin page/Page_Landingly/a_Projects' is clicked on

2023-10-09 19:47:41 - [MESSAGE][PASSED] - Object: 'Object Repository/Projects/TC024-Verify user can view template for sales or optin page/Page_Landingly/a_Projects' is clicked on

2023-10-09 19:47:41 - [TEST_STEP][PASSED] - click(findTestObject("Object Repository/Projects/TC024-Verify user can view template for sales or optin page/Page_Landingly  Projects/a_View Project")): Object: 'Object Repository/Projects/TC024-Verify user can view template for sales or optin page/Page_Landingly  Projects/a_View Project' is clicked on

2023-10-09 19:47:46 - [MESSAGE][PASSED] - Object: 'Object Repository/Projects/TC024-Verify user can view template for sales or optin page/Page_Landingly  Projects/a_View Project' is clicked on

2023-10-09 19:47:46 - [TEST_STEP][PASSED] - switchToWindowTitle("Landingly | Project Detail"): Switched to window with title: 'Landingly | Project Detail'

2023-10-09 19:47:48 - [MESSAGE][PASSED] - Switched to window with title: 'Landingly | Project Detail'

2023-10-09 19:47:48 - [TEST_STEP][PASSED] - click(findTestObject("Object Repository/Projects/TC024-Verify user can view template for sales or optin page/Page_Landingly  Project Detail/a_Contacts_btn btn-icon btn-flat-warning")): Object: 'Object Repository/Projects/TC024-Verify user can view template for sales or optin page/Page_Landingly  Project Detail/a_Contacts_btn btn-icon btn-flat-warning' is clicked on

2023-10-09 19:47:50 - [MESSAGE][PASSED] - Object: 'Object Repository/Projects/TC024-Verify user can view template for sales or optin page/Page_Landingly  Project Detail/a_Contacts_btn btn-icon btn-flat-warning' is clicked on

2023-10-09 19:47:50 - [TEST_STEP][PASSED] - switchToWindowIndex(1): Switched to window with index: '1'

2023-10-09 19:47:50 - [MESSAGE][PASSED] - Switched to window with index: '1'

2023-10-09 19:47:50 - [TEST_STEP][PASSED] - delay(10): Delayed 10 second(s)

2023-10-09 19:48:00 - [MESSAGE][PASSED] - Delayed 10 second(s)

2023-10-09 19:48:00 - [TEST_STEP][PASSED] - closeBrowser(): Browser is closed

2023-10-09 19:48:01 - [MESSAGE][PASSED] - Browser is closed]]></system-out>
         <system-err><![CDATA[]]></system-err>
      </testcase>
      <testcase name="Test Cases/Projects/TC025-Verify user can view template for thankyou page" time="50.194" classname="Test Cases/Projects/TC025-Verify user can view template for thankyou page" status="PASSED">
         <system-out><![CDATA[2023-10-09 19:48:01 - [TEST_CASE][PASSED] - Test Cases/Projects/TC025-Verify user can view template for thankyou page: Test Cases/Projects/TC025-Verify user can view template for thankyou page

2023-10-09 19:48:02 - [TEST_STEP][PASSED] - openBrowser(""): Browser is opened with url: ''

2023-10-09 19:48:02 - [MESSAGE][INFO] - Starting 'Chrome' driver

2023-10-09 19:48:02 - [MESSAGE][INFO] - Action delay is set to 0 milliseconds

2023-10-09 19:48:05 - [MESSAGE][PASSED] - Browser is opened with url: ''

2023-10-09 19:48:05 - [TEST_STEP][PASSED] - maximizeWindow(): Current window maximized

2023-10-09 19:48:05 - [MESSAGE][PASSED] - Current window maximized

2023-10-09 19:48:05 - [TEST_STEP][PASSED] - navigateToUrl("https://app.landingly.com/"): Navigate to 'https://app.landingly.com/' successfully

2023-10-09 19:48:29 - [MESSAGE][PASSED] - Navigate to 'https://app.landingly.com/' successfully

2023-10-09 19:48:29 - [TEST_STEP][PASSED] - setText(findTestObject("Object Repository/Projects/TC025-Verify user can view template for thankyou page/Page_Landingly  Login/input_Email_login-email"), "sqaahmadtahir@gmail.com"): Text 'sqaahmadtahir@gmail.com' is set on object 'Object Repository/Projects/TC025-Verify user can view template for thankyou page/Page_Landingly  Login/input_Email_login-email'

2023-10-09 19:48:30 - [MESSAGE][PASSED] - Text 'sqaahmadtahir@gmail.com' is set on object 'Object Repository/Projects/TC025-Verify user can view template for thankyou page/Page_Landingly  Login/input_Email_login-email'

2023-10-09 19:48:30 - [TEST_STEP][PASSED] - setEncryptedText(findTestObject("Object Repository/Projects/TC025-Verify user can view template for thankyou page/Page_Landingly  Login/input_Forgot Password_login-password"), "/5S6MFFLcE5DAenbZpYNsQ=="): Text ****** has been set on object 'Object Repository/Projects/TC025-Verify user can view template for thankyou page/Page_Landingly  Login/input_Forgot Password_login-password'

2023-10-09 19:48:31 - [MESSAGE][PASSED] - Text ****** has been set on object 'Object Repository/Projects/TC025-Verify user can view template for thankyou page/Page_Landingly  Login/input_Forgot Password_login-password'

2023-10-09 19:48:31 - [TEST_STEP][PASSED] - click(findTestObject("Object Repository/Projects/TC025-Verify user can view template for thankyou page/Page_Landingly  Login/button_Sign in")): Object: 'Object Repository/Projects/TC025-Verify user can view template for thankyou page/Page_Landingly  Login/button_Sign in' is clicked on

2023-10-09 19:48:32 - [MESSAGE][PASSED] - Object: 'Object Repository/Projects/TC025-Verify user can view template for thankyou page/Page_Landingly  Login/button_Sign in' is clicked on

2023-10-09 19:48:32 - [TEST_STEP][PASSED] - click(findTestObject("Object Repository/Projects/TC025-Verify user can view template for thankyou page/Page_Landingly/a_Projects")): Object: 'Object Repository/Projects/TC025-Verify user can view template for thankyou page/Page_Landingly/a_Projects' is clicked on

2023-10-09 19:48:34 - [MESSAGE][PASSED] - Object: 'Object Repository/Projects/TC025-Verify user can view template for thankyou page/Page_Landingly/a_Projects' is clicked on

2023-10-09 19:48:34 - [TEST_STEP][PASSED] - click(findTestObject("Object Repository/Projects/TC025-Verify user can view template for thankyou page/Page_Landingly  Projects/a_View Project")): Object: 'Object Repository/Projects/TC025-Verify user can view template for thankyou page/Page_Landingly  Projects/a_View Project' is clicked on

2023-10-09 19:48:39 - [MESSAGE][PASSED] - Object: 'Object Repository/Projects/TC025-Verify user can view template for thankyou page/Page_Landingly  Projects/a_View Project' is clicked on

2023-10-09 19:48:39 - [TEST_STEP][PASSED] - switchToWindowTitle("Landingly | Project Detail"): Switched to window with title: 'Landingly | Project Detail'

2023-10-09 19:48:40 - [MESSAGE][PASSED] - Switched to window with title: 'Landingly | Project Detail'

2023-10-09 19:48:40 - [TEST_STEP][PASSED] - click(findTestObject("Object Repository/Projects/TC025-Verify user can view template for thankyou page/Page_Landingly  Project Detail/a_Contacts_btn btn-icon btn-flat-warning")): Object: 'Object Repository/Projects/TC025-Verify user can view template for thankyou page/Page_Landingly  Project Detail/a_Contacts_btn btn-icon btn-flat-warning' is clicked on

2023-10-09 19:48:42 - [MESSAGE][PASSED] - Object: 'Object Repository/Projects/TC025-Verify user can view template for thankyou page/Page_Landingly  Project Detail/a_Contacts_btn btn-icon btn-flat-warning' is clicked on

2023-10-09 19:48:42 - [TEST_STEP][PASSED] - switchToWindowIndex(1): Switched to window with index: '1'

2023-10-09 19:48:42 - [MESSAGE][PASSED] - Switched to window with index: '1'

2023-10-09 19:48:42 - [TEST_STEP][PASSED] - titleWindow = getWindowTitle(): Current window's title is: 'Template View'

2023-10-09 19:48:49 - [MESSAGE][PASSED] - Current window's title is: 'Template View'

2023-10-09 19:48:49 - [TEST_STEP][PASSED] - verifyMatch(titleWindow, "Template View", true): Actual text 'Template View' and expected text 'Template View' are matched  using regular expression

2023-10-09 19:48:49 - [MESSAGE][PASSED] - Actual text 'Template View' and expected text 'Template View' are matched  using regular expression

2023-10-09 19:48:49 - [TEST_STEP][PASSED] - closeBrowser(): Browser is closed

2023-10-09 19:48:51 - [MESSAGE][PASSED] - Browser is closed]]></system-out>
         <system-err><![CDATA[]]></system-err>
      </testcase>
      <testcase name="Test Cases/Projects/TC026-Verify user can download HTML for sales-optin page" time="43.799" classname="Test Cases/Projects/TC026-Verify user can download HTML for sales-optin page" status="PASSED">
         <system-out><![CDATA[2023-10-09 19:48:51 - [TEST_CASE][PASSED] - Test Cases/Projects/TC026-Verify user can download HTML for sales-optin page: Test Cases/Projects/TC026-Verify user can download HTML for sales-optin page

2023-10-09 19:48:52 - [TEST_STEP][PASSED] - openBrowser(""): Browser is opened with url: ''

2023-10-09 19:48:52 - [MESSAGE][INFO] - Starting 'Chrome' driver

2023-10-09 19:48:52 - [MESSAGE][INFO] - Action delay is set to 0 milliseconds

2023-10-09 19:48:55 - [MESSAGE][PASSED] - Browser is opened with url: ''

2023-10-09 19:48:55 - [TEST_STEP][PASSED] - maximizeWindow(): Current window maximized

2023-10-09 19:48:56 - [MESSAGE][PASSED] - Current window maximized

2023-10-09 19:48:56 - [TEST_STEP][PASSED] - navigateToUrl("https://app.landingly.com/"): Navigate to 'https://app.landingly.com/' successfully

2023-10-09 19:49:02 - [MESSAGE][PASSED] - Navigate to 'https://app.landingly.com/' successfully

2023-10-09 19:49:02 - [TEST_STEP][PASSED] - setText(findTestObject("Object Repository/Projects/TC026-Verify user can download HTML for sale-optin page/Page_Landingly  Login/input_Email_login-email"), "sqaahmadtahir@gmail.com"): Text 'sqaahmadtahir@gmail.com' is set on object 'Object Repository/Projects/TC026-Verify user can download HTML for sale-optin page/Page_Landingly  Login/input_Email_login-email'

2023-10-09 19:49:03 - [MESSAGE][PASSED] - Text 'sqaahmadtahir@gmail.com' is set on object 'Object Repository/Projects/TC026-Verify user can download HTML for sale-optin page/Page_Landingly  Login/input_Email_login-email'

2023-10-09 19:49:03 - [TEST_STEP][PASSED] - setEncryptedText(findTestObject("Object Repository/Projects/TC026-Verify user can download HTML for sale-optin page/Page_Landingly  Login/input_Forgot Password_login-password"), "/5S6MFFLcE5DAenbZpYNsQ=="): Text ****** has been set on object 'Object Repository/Projects/TC026-Verify user can download HTML for sale-optin page/Page_Landingly  Login/input_Forgot Password_login-password'

2023-10-09 19:49:04 - [MESSAGE][PASSED] - Text ****** has been set on object 'Object Repository/Projects/TC026-Verify user can download HTML for sale-optin page/Page_Landingly  Login/input_Forgot Password_login-password'

2023-10-09 19:49:04 - [TEST_STEP][PASSED] - click(findTestObject("Object Repository/Projects/TC026-Verify user can download HTML for sale-optin page/Page_Landingly  Login/button_Sign in")): Object: 'Object Repository/Projects/TC026-Verify user can download HTML for sale-optin page/Page_Landingly  Login/button_Sign in' is clicked on

2023-10-09 19:49:04 - [MESSAGE][PASSED] - Object: 'Object Repository/Projects/TC026-Verify user can download HTML for sale-optin page/Page_Landingly  Login/button_Sign in' is clicked on

2023-10-09 19:49:04 - [TEST_STEP][PASSED] - click(findTestObject("Object Repository/Projects/TC026-Verify user can download HTML for sale-optin page/Page_Landingly/a_Projects")): Object: 'Object Repository/Projects/TC026-Verify user can download HTML for sale-optin page/Page_Landingly/a_Projects' is clicked on

2023-10-09 19:49:06 - [MESSAGE][PASSED] - Object: 'Object Repository/Projects/TC026-Verify user can download HTML for sale-optin page/Page_Landingly/a_Projects' is clicked on

2023-10-09 19:49:06 - [TEST_STEP][PASSED] - click(findTestObject("Object Repository/Projects/TC026-Verify user can download HTML for sale-optin page/Page_Landingly  Projects/a_View Project")): Object: 'Object Repository/Projects/TC026-Verify user can download HTML for sale-optin page/Page_Landingly  Projects/a_View Project' is clicked on

2023-10-09 19:49:12 - [MESSAGE][PASSED] - Object: 'Object Repository/Projects/TC026-Verify user can download HTML for sale-optin page/Page_Landingly  Projects/a_View Project' is clicked on

2023-10-09 19:49:12 - [TEST_STEP][PASSED] - delay(10): Delayed 10 second(s)

2023-10-09 19:49:22 - [MESSAGE][PASSED] - Delayed 10 second(s)

2023-10-09 19:49:22 - [TEST_STEP][PASSED] - address = getText(findTestObject("Projects/TC026-Verify user can download HTML for sale-optin page/Page_Landingly  Project Detail/span_new optin project")): Text of object 'Object Repository/Projects/TC026-Verify user can download HTML for sale-optin page/Page_Landingly  Project Detail/span_new optin project' is: 'new optin project - Copy'

2023-10-09 19:49:23 - [MESSAGE][PASSED] - Text of object 'Object Repository/Projects/TC026-Verify user can download HTML for sale-optin page/Page_Landingly  Project Detail/span_new optin project' is: 'new optin project - Copy'

2023-10-09 19:49:23 - [TEST_STEP][PASSED] - click(findTestObject("Object Repository/Projects/TC026-Verify user can download HTML for sale-optin page/Page_Landingly  Project Detail/button_Contacts_btn btn-icon btn-flat-info")): Object: 'Object Repository/Projects/TC026-Verify user can download HTML for sale-optin page/Page_Landingly  Project Detail/button_Contacts_btn btn-icon btn-flat-info' is clicked on

2023-10-09 19:49:23 - [MESSAGE][PASSED] - Object: 'Object Repository/Projects/TC026-Verify user can download HTML for sale-optin page/Page_Landingly  Project Detail/button_Contacts_btn btn-icon btn-flat-info' is clicked on

2023-10-09 19:49:23 - [TEST_STEP][PASSED] - delay(10): Delayed 10 second(s)

2023-10-09 19:49:33 - [MESSAGE][PASSED] - Delayed 10 second(s)

2023-10-09 19:49:33 - [TEST_STEP][PASSED] - cusKeyword.isFileDownloaded.isFileDownloaded(address): cusKeyword.isFileDownloaded.isFileDownloaded is PASSED

2023-10-09 19:49:34 - [MESSAGE][PASSED] - cusKeyword.isFileDownloaded.isFileDownloaded is PASSED

2023-10-09 19:49:34 - [TEST_STEP][PASSED] - closeBrowser(): Browser is closed

2023-10-09 19:49:35 - [MESSAGE][PASSED] - Browser is closed]]></system-out>
         <system-err><![CDATA[]]></system-err>
      </testcase>
      <testcase name="Test Cases/Projects/TC027-Verify user can download HTML for thankyou page" time="45.997" classname="Test Cases/Projects/TC027-Verify user can download HTML for thankyou page" status="PASSED">
         <system-out><![CDATA[2023-10-09 19:49:35 - [TEST_CASE][PASSED] - Test Cases/Projects/TC027-Verify user can download HTML for thankyou page: Test Cases/Projects/TC027-Verify user can download HTML for thankyou page

2023-10-09 19:49:36 - [TEST_STEP][PASSED] - openBrowser(""): Browser is opened with url: ''

2023-10-09 19:49:36 - [MESSAGE][INFO] - Starting 'Chrome' driver

2023-10-09 19:49:36 - [MESSAGE][INFO] - Action delay is set to 0 milliseconds

2023-10-09 19:49:39 - [MESSAGE][PASSED] - Browser is opened with url: ''

2023-10-09 19:49:39 - [TEST_STEP][PASSED] - maximizeWindow(): Current window maximized

2023-10-09 19:49:39 - [MESSAGE][PASSED] - Current window maximized

2023-10-09 19:49:39 - [TEST_STEP][PASSED] - navigateToUrl("https://app.landingly.com/"): Navigate to 'https://app.landingly.com/' successfully

2023-10-09 19:49:46 - [MESSAGE][PASSED] - Navigate to 'https://app.landingly.com/' successfully

2023-10-09 19:49:46 - [TEST_STEP][PASSED] - setText(findTestObject("Projects/TC027-Verify user can download HTML for thankyou page/Page_Landingly  Login/input_Email_login-email"), "sqaahmadtahir@gmail.com"): Text 'sqaahmadtahir@gmail.com' is set on object 'Object Repository/Projects/TC027-Verify user can download HTML for thankyou page/Page_Landingly  Login/input_Email_login-email'

2023-10-09 19:49:47 - [MESSAGE][PASSED] - Text 'sqaahmadtahir@gmail.com' is set on object 'Object Repository/Projects/TC027-Verify user can download HTML for thankyou page/Page_Landingly  Login/input_Email_login-email'

2023-10-09 19:49:47 - [TEST_STEP][PASSED] - setEncryptedText(findTestObject("Projects/TC027-Verify user can download HTML for thankyou page/Page_Landingly  Login/input_Forgot Password_login-password"), "/5S6MFFLcE5DAenbZpYNsQ=="): Text ****** has been set on object 'Object Repository/Projects/TC027-Verify user can download HTML for thankyou page/Page_Landingly  Login/input_Forgot Password_login-password'

2023-10-09 19:49:48 - [MESSAGE][PASSED] - Text ****** has been set on object 'Object Repository/Projects/TC027-Verify user can download HTML for thankyou page/Page_Landingly  Login/input_Forgot Password_login-password'

2023-10-09 19:49:48 - [TEST_STEP][PASSED] - click(findTestObject("Projects/TC027-Verify user can download HTML for thankyou page/Page_Landingly  Login/button_Sign in")): Object: 'Object Repository/Projects/TC027-Verify user can download HTML for thankyou page/Page_Landingly  Login/button_Sign in' is clicked on

2023-10-09 19:49:48 - [MESSAGE][PASSED] - Object: 'Object Repository/Projects/TC027-Verify user can download HTML for thankyou page/Page_Landingly  Login/button_Sign in' is clicked on

2023-10-09 19:49:48 - [TEST_STEP][PASSED] - click(findTestObject("Projects/TC027-Verify user can download HTML for thankyou page/Page_Landingly/a_Projects")): Object: 'Object Repository/Projects/TC027-Verify user can download HTML for thankyou page/Page_Landingly/a_Projects' is clicked on

2023-10-09 19:49:50 - [MESSAGE][PASSED] - Object: 'Object Repository/Projects/TC027-Verify user can download HTML for thankyou page/Page_Landingly/a_Projects' is clicked on

2023-10-09 19:49:50 - [TEST_STEP][PASSED] - click(findTestObject("Projects/TC027-Verify user can download HTML for thankyou page/Page_Landingly  Projects/a_View Project")): Object: 'Object Repository/Projects/TC027-Verify user can download HTML for thankyou page/Page_Landingly  Projects/a_View Project' is clicked on

2023-10-09 19:49:58 - [MESSAGE][PASSED] - Object: 'Object Repository/Projects/TC027-Verify user can download HTML for thankyou page/Page_Landingly  Projects/a_View Project' is clicked on

2023-10-09 19:49:58 - [TEST_STEP][PASSED] - delay(10): Delayed 10 second(s)

2023-10-09 19:50:08 - [MESSAGE][PASSED] - Delayed 10 second(s)

2023-10-09 19:50:08 - [TEST_STEP][PASSED] - address = getText(findTestObject("Projects/TC027-Verify user can download HTML for thankyou page/Page_Landingly  Project Detail/span_new optin project")): Text of object 'Object Repository/Projects/TC027-Verify user can download HTML for thankyou page/Page_Landingly  Project Detail/span_new optin project' is: 'new optin project - Copy'

2023-10-09 19:50:09 - [MESSAGE][PASSED] - Text of object 'Object Repository/Projects/TC027-Verify user can download HTML for thankyou page/Page_Landingly  Project Detail/span_new optin project' is: 'new optin project - Copy'

2023-10-09 19:50:09 - [TEST_STEP][PASSED] - click(findTestObject("Projects/TC027-Verify user can download HTML for thankyou page/Page_Landingly  Project Detail/button_Contacts_btn btn-icon btn-flat-info")): Object: 'Object Repository/Projects/TC027-Verify user can download HTML for thankyou page/Page_Landingly  Project Detail/button_Contacts_btn btn-icon btn-flat-info' is clicked on

2023-10-09 19:50:10 - [MESSAGE][PASSED] - Object: 'Object Repository/Projects/TC027-Verify user can download HTML for thankyou page/Page_Landingly  Project Detail/button_Contacts_btn btn-icon btn-flat-info' is clicked on

2023-10-09 19:50:10 - [TEST_STEP][PASSED] - delay(10): Delayed 10 second(s)

2023-10-09 19:50:20 - [MESSAGE][PASSED] - Delayed 10 second(s)

2023-10-09 19:50:20 - [TEST_STEP][PASSED] - cusKeyword.isFileDownloaded.isFileDownloaded(address): cusKeyword.isFileDownloaded.isFileDownloaded is PASSED

2023-10-09 19:50:20 - [MESSAGE][PASSED] - cusKeyword.isFileDownloaded.isFileDownloaded is PASSED

2023-10-09 19:50:20 - [TEST_STEP][PASSED] - closeBrowser(): Browser is closed

2023-10-09 19:50:21 - [MESSAGE][PASSED] - Browser is closed]]></system-out>
         <system-err><![CDATA[]]></system-err>
      </testcase>
      <testcase name="Test Cases/Projects/TC028-Verify user can reset template for sales-optin page" time="28.802" classname="Test Cases/Projects/TC028-Verify user can reset template for sales-optin page" status="PASSED">
         <system-out><![CDATA[2023-10-09 19:50:21 - [TEST_CASE][PASSED] - Test Cases/Projects/TC028-Verify user can reset template for sales-optin page: Test Cases/Projects/TC028-Verify user can reset template for sales-optin page

2023-10-09 19:50:22 - [TEST_STEP][PASSED] - openBrowser(""): Browser is opened with url: ''

2023-10-09 19:50:22 - [MESSAGE][INFO] - Starting 'Chrome' driver

2023-10-09 19:50:22 - [MESSAGE][INFO] - Action delay is set to 0 milliseconds

2023-10-09 19:50:25 - [MESSAGE][PASSED] - Browser is opened with url: ''

2023-10-09 19:50:25 - [TEST_STEP][PASSED] - maximizeWindow(): Current window maximized

2023-10-09 19:50:25 - [MESSAGE][PASSED] - Current window maximized

2023-10-09 19:50:25 - [TEST_STEP][PASSED] - navigateToUrl("https://app.landingly.com/"): Navigate to 'https://app.landingly.com/' successfully

2023-10-09 19:50:31 - [MESSAGE][PASSED] - Navigate to 'https://app.landingly.com/' successfully

2023-10-09 19:50:31 - [TEST_STEP][PASSED] - setText(findTestObject("Object Repository/Projects/TC028-Verify user can reset template for sales-optin page/Page_Landingly  Login/input_Email_login-email"), "sqaahmadtahir@gmail.com"): Text 'sqaahmadtahir@gmail.com' is set on object 'Object Repository/Projects/TC028-Verify user can reset template for sales-optin page/Page_Landingly  Login/input_Email_login-email'

2023-10-09 19:50:33 - [MESSAGE][PASSED] - Text 'sqaahmadtahir@gmail.com' is set on object 'Object Repository/Projects/TC028-Verify user can reset template for sales-optin page/Page_Landingly  Login/input_Email_login-email'

2023-10-09 19:50:33 - [TEST_STEP][PASSED] - setEncryptedText(findTestObject("Object Repository/Projects/TC028-Verify user can reset template for sales-optin page/Page_Landingly  Login/input_Forgot Password_login-password"), "/5S6MFFLcE5DAenbZpYNsQ=="): Text ****** has been set on object 'Object Repository/Projects/TC028-Verify user can reset template for sales-optin page/Page_Landingly  Login/input_Forgot Password_login-password'

2023-10-09 19:50:34 - [MESSAGE][PASSED] - Text ****** has been set on object 'Object Repository/Projects/TC028-Verify user can reset template for sales-optin page/Page_Landingly  Login/input_Forgot Password_login-password'

2023-10-09 19:50:34 - [TEST_STEP][PASSED] - click(findTestObject("Object Repository/Projects/TC028-Verify user can reset template for sales-optin page/Page_Landingly  Login/button_Sign in")): Object: 'Object Repository/Projects/TC028-Verify user can reset template for sales-optin page/Page_Landingly  Login/button_Sign in' is clicked on

2023-10-09 19:50:34 - [MESSAGE][PASSED] - Object: 'Object Repository/Projects/TC028-Verify user can reset template for sales-optin page/Page_Landingly  Login/button_Sign in' is clicked on

2023-10-09 19:50:34 - [TEST_STEP][PASSED] - click(findTestObject("Object Repository/Projects/TC028-Verify user can reset template for sales-optin page/Page_Landingly/a_Projects")): Object: 'Object Repository/Projects/TC028-Verify user can reset template for sales-optin page/Page_Landingly/a_Projects' is clicked on

2023-10-09 19:50:37 - [MESSAGE][PASSED] - Object: 'Object Repository/Projects/TC028-Verify user can reset template for sales-optin page/Page_Landingly/a_Projects' is clicked on

2023-10-09 19:50:37 - [TEST_STEP][PASSED] - click(findTestObject("Object Repository/Projects/TC028-Verify user can reset template for sales-optin page/Page_Landingly  Projects/a_View Project")): Object: 'Object Repository/Projects/TC028-Verify user can reset template for sales-optin page/Page_Landingly  Projects/a_View Project' is clicked on

2023-10-09 19:50:42 - [MESSAGE][PASSED] - Object: 'Object Repository/Projects/TC028-Verify user can reset template for sales-optin page/Page_Landingly  Projects/a_View Project' is clicked on

2023-10-09 19:50:42 - [TEST_STEP][PASSED] - click(findTestObject("Object Repository/Projects/TC028-Verify user can reset template for sales-optin page/Page_Landingly  Project Detail/button_Contacts_btn btn-icon btn-flat-danger")): Object: 'Object Repository/Projects/TC028-Verify user can reset template for sales-optin page/Page_Landingly  Project Detail/button_Contacts_btn btn-icon btn-flat-danger' is clicked on

2023-10-09 19:50:45 - [MESSAGE][PASSED] - Object: 'Object Repository/Projects/TC028-Verify user can reset template for sales-optin page/Page_Landingly  Project Detail/button_Contacts_btn btn-icon btn-flat-danger' is clicked on

2023-10-09 19:50:45 - [TEST_STEP][PASSED] - click(findTestObject("Object Repository/Projects/TC028-Verify user can reset template for sales-optin page/Page_Landingly  Project Detail/button_Reset")): Object: 'Object Repository/Projects/TC028-Verify user can reset template for sales-optin page/Page_Landingly  Project Detail/button_Reset' is clicked on

2023-10-09 19:50:46 - [MESSAGE][PASSED] - Object: 'Object Repository/Projects/TC028-Verify user can reset template for sales-optin page/Page_Landingly  Project Detail/button_Reset' is clicked on

2023-10-09 19:50:46 - [TEST_STEP][PASSED] - click(findTestObject("Object Repository/Projects/TC028-Verify user can reset template for sales-optin page/Page_Landingly  Project Detail/a_Use This")): Object: 'Object Repository/Projects/TC028-Verify user can reset template for sales-optin page/Page_Landingly  Project Detail/a_Use This' is clicked on

2023-10-09 19:50:48 - [MESSAGE][PASSED] - Object: 'Object Repository/Projects/TC028-Verify user can reset template for sales-optin page/Page_Landingly  Project Detail/a_Use This' is clicked on

2023-10-09 19:50:48 - [TEST_STEP][PASSED] - closeBrowser(): Browser is closed

2023-10-09 19:50:50 - [MESSAGE][PASSED] - Browser is closed]]></system-out>
         <system-err><![CDATA[]]></system-err>
      </testcase>
      <testcase name="Test Cases/Projects/TC029-Verify user can reset template for thankyou page" time="31.462" classname="Test Cases/Projects/TC029-Verify user can reset template for thankyou page" status="PASSED">
         <system-out><![CDATA[2023-10-09 19:50:50 - [TEST_CASE][PASSED] - Test Cases/Projects/TC029-Verify user can reset template for thankyou page: Test Cases/Projects/TC029-Verify user can reset template for thankyou page

2023-10-09 19:50:51 - [TEST_STEP][PASSED] - openBrowser(""): Browser is opened with url: ''

2023-10-09 19:50:51 - [MESSAGE][INFO] - Starting 'Chrome' driver

2023-10-09 19:50:51 - [MESSAGE][INFO] - Action delay is set to 0 milliseconds

2023-10-09 19:50:54 - [MESSAGE][PASSED] - Browser is opened with url: ''

2023-10-09 19:50:54 - [TEST_STEP][PASSED] - maximizeWindow(): Current window maximized

2023-10-09 19:50:54 - [MESSAGE][PASSED] - Current window maximized

2023-10-09 19:50:54 - [TEST_STEP][PASSED] - navigateToUrl("https://app.landingly.com/"): Navigate to 'https://app.landingly.com/' successfully

2023-10-09 19:51:00 - [MESSAGE][PASSED] - Navigate to 'https://app.landingly.com/' successfully

2023-10-09 19:51:00 - [TEST_STEP][PASSED] - setText(findTestObject("Object Repository/Projects/TC029-Verify user can reset template for thankyou page/Page_Landingly  Login/input_Email_login-email"), "sqaahmadtahir@gmail.com"): Text 'sqaahmadtahir@gmail.com' is set on object 'Object Repository/Projects/TC029-Verify user can reset template for thankyou page/Page_Landingly  Login/input_Email_login-email'

2023-10-09 19:51:01 - [MESSAGE][PASSED] - Text 'sqaahmadtahir@gmail.com' is set on object 'Object Repository/Projects/TC029-Verify user can reset template for thankyou page/Page_Landingly  Login/input_Email_login-email'

2023-10-09 19:51:01 - [TEST_STEP][PASSED] - setEncryptedText(findTestObject("Object Repository/Projects/TC029-Verify user can reset template for thankyou page/Page_Landingly  Login/input_Forgot Password_login-password"), "/5S6MFFLcE5DAenbZpYNsQ=="): Text ****** has been set on object 'Object Repository/Projects/TC029-Verify user can reset template for thankyou page/Page_Landingly  Login/input_Forgot Password_login-password'

2023-10-09 19:51:02 - [MESSAGE][PASSED] - Text ****** has been set on object 'Object Repository/Projects/TC029-Verify user can reset template for thankyou page/Page_Landingly  Login/input_Forgot Password_login-password'

2023-10-09 19:51:02 - [TEST_STEP][PASSED] - click(findTestObject("Object Repository/Projects/TC029-Verify user can reset template for thankyou page/Page_Landingly  Login/button_Sign in")): Object: 'Object Repository/Projects/TC029-Verify user can reset template for thankyou page/Page_Landingly  Login/button_Sign in' is clicked on

2023-10-09 19:51:03 - [MESSAGE][PASSED] - Object: 'Object Repository/Projects/TC029-Verify user can reset template for thankyou page/Page_Landingly  Login/button_Sign in' is clicked on

2023-10-09 19:51:03 - [TEST_STEP][PASSED] - click(findTestObject("Object Repository/Projects/TC029-Verify user can reset template for thankyou page/Page_Landingly/a_Projects")): Object: 'Object Repository/Projects/TC029-Verify user can reset template for thankyou page/Page_Landingly/a_Projects' is clicked on

2023-10-09 19:51:05 - [MESSAGE][PASSED] - Object: 'Object Repository/Projects/TC029-Verify user can reset template for thankyou page/Page_Landingly/a_Projects' is clicked on

2023-10-09 19:51:05 - [TEST_STEP][PASSED] - click(findTestObject("Object Repository/Projects/TC029-Verify user can reset template for thankyou page/Page_Landingly  Projects/a_View Project")): Object: 'Object Repository/Projects/TC029-Verify user can reset template for thankyou page/Page_Landingly  Projects/a_View Project' is clicked on

2023-10-09 19:51:11 - [MESSAGE][PASSED] - Object: 'Object Repository/Projects/TC029-Verify user can reset template for thankyou page/Page_Landingly  Projects/a_View Project' is clicked on

2023-10-09 19:51:11 - [TEST_STEP][PASSED] - click(findTestObject("Object Repository/Projects/TC029-Verify user can reset template for thankyou page/Page_Landingly  Project Detail/button_Contacts_btn btn-icon btn-flat-danger")): Object: 'Object Repository/Projects/TC029-Verify user can reset template for thankyou page/Page_Landingly  Project Detail/button_Contacts_btn btn-icon btn-flat-danger' is clicked on

2023-10-09 19:51:15 - [MESSAGE][PASSED] - Object: 'Object Repository/Projects/TC029-Verify user can reset template for thankyou page/Page_Landingly  Project Detail/button_Contacts_btn btn-icon btn-flat-danger' is clicked on

2023-10-09 19:51:15 - [TEST_STEP][PASSED] - click(findTestObject("Object Repository/Projects/TC029-Verify user can reset template for thankyou page/Page_Landingly  Project Detail/button_Reset")): Object: 'Object Repository/Projects/TC029-Verify user can reset template for thankyou page/Page_Landingly  Project Detail/button_Reset' is clicked on

2023-10-09 19:51:16 - [MESSAGE][PASSED] - Object: 'Object Repository/Projects/TC029-Verify user can reset template for thankyou page/Page_Landingly  Project Detail/button_Reset' is clicked on

2023-10-09 19:51:16 - [TEST_STEP][PASSED] - click(findTestObject("Object Repository/Projects/TC029-Verify user can reset template for thankyou page/Page_Landingly  Project Detail/a_Use This")): Object: 'Object Repository/Projects/TC029-Verify user can reset template for thankyou page/Page_Landingly  Project Detail/a_Use This' is clicked on

2023-10-09 19:51:19 - [MESSAGE][PASSED] - Object: 'Object Repository/Projects/TC029-Verify user can reset template for thankyou page/Page_Landingly  Project Detail/a_Use This' is clicked on

2023-10-09 19:51:19 - [TEST_STEP][PASSED] - closeBrowser(): Browser is closed

2023-10-09 19:51:21 - [MESSAGE][PASSED] - Browser is closed]]></system-out>
         <system-err><![CDATA[]]></system-err>
      </testcase>
      <testcase name="Test Cases/Projects/TC030-Verify user can add new product" time="52.774" classname="Test Cases/Projects/TC030-Verify user can add new product" status="PASSED">
         <system-out><![CDATA[2023-10-09 19:51:21 - [TEST_CASE][PASSED] - Test Cases/Projects/TC030-Verify user can add new product: Test Cases/Projects/TC030-Verify user can add new product

2023-10-09 19:51:23 - [TEST_STEP][PASSED] - openBrowser(""): Browser is opened with url: ''

2023-10-09 19:51:23 - [MESSAGE][INFO] - Starting 'Chrome' driver

2023-10-09 19:51:23 - [MESSAGE][INFO] - Action delay is set to 0 milliseconds

2023-10-09 19:51:26 - [MESSAGE][PASSED] - Browser is opened with url: ''

2023-10-09 19:51:26 - [TEST_STEP][PASSED] - maximizeWindow(): Current window maximized

2023-10-09 19:51:26 - [MESSAGE][PASSED] - Current window maximized

2023-10-09 19:51:26 - [TEST_STEP][PASSED] - navigateToUrl("https://app.landingly.com/"): Navigate to 'https://app.landingly.com/' successfully

2023-10-09 19:51:33 - [MESSAGE][PASSED] - Navigate to 'https://app.landingly.com/' successfully

2023-10-09 19:51:33 - [TEST_STEP][PASSED] - setText(findTestObject("Object Repository/Projects/TC030-Verify user can add new product/Page_Landingly  Login/input_Email_login-email"), "sqaahmadtahir@gmail.com"): Text 'sqaahmadtahir@gmail.com' is set on object 'Object Repository/Projects/TC030-Verify user can add new product/Page_Landingly  Login/input_Email_login-email'

2023-10-09 19:51:34 - [MESSAGE][PASSED] - Text 'sqaahmadtahir@gmail.com' is set on object 'Object Repository/Projects/TC030-Verify user can add new product/Page_Landingly  Login/input_Email_login-email'

2023-10-09 19:51:34 - [TEST_STEP][PASSED] - setEncryptedText(findTestObject("Object Repository/Projects/TC030-Verify user can add new product/Page_Landingly  Login/input_Forgot Password_login-password"), "/5S6MFFLcE5DAenbZpYNsQ=="): Text ****** has been set on object 'Object Repository/Projects/TC030-Verify user can add new product/Page_Landingly  Login/input_Forgot Password_login-password'

2023-10-09 19:51:35 - [MESSAGE][PASSED] - Text ****** has been set on object 'Object Repository/Projects/TC030-Verify user can add new product/Page_Landingly  Login/input_Forgot Password_login-password'

2023-10-09 19:51:35 - [TEST_STEP][PASSED] - click(findTestObject("Object Repository/Projects/TC030-Verify user can add new product/Page_Landingly  Login/button_Sign in")): Object: 'Object Repository/Projects/TC030-Verify user can add new product/Page_Landingly  Login/button_Sign in' is clicked on

2023-10-09 19:51:36 - [MESSAGE][PASSED] - Object: 'Object Repository/Projects/TC030-Verify user can add new product/Page_Landingly  Login/button_Sign in' is clicked on

2023-10-09 19:51:36 - [TEST_STEP][PASSED] - click(findTestObject("Object Repository/Projects/TC030-Verify user can add new product/Page_Landingly/a_Projects")): Object: 'Object Repository/Projects/TC030-Verify user can add new product/Page_Landingly/a_Projects' is clicked on

2023-10-09 19:51:38 - [MESSAGE][PASSED] - Object: 'Object Repository/Projects/TC030-Verify user can add new product/Page_Landingly/a_Projects' is clicked on

2023-10-09 19:51:38 - [TEST_STEP][PASSED] - click(findTestObject("Object Repository/Projects/TC030-Verify user can add new product/Page_Landingly  Projects/button_New Project")): Object: 'Object Repository/Projects/TC030-Verify user can add new product/Page_Landingly  Projects/button_New Project' is clicked on

2023-10-09 19:51:44 - [MESSAGE][PASSED] - Object: 'Object Repository/Projects/TC030-Verify user can add new product/Page_Landingly  Projects/button_New Project' is clicked on

2023-10-09 19:51:44 - [TEST_STEP][PASSED] - setText(findTestObject("Object Repository/Projects/TC030-Verify user can add new product/Page_Landingly  Projects/input__ProjectName"), "sales"): Text 'sales' is set on object 'Object Repository/Projects/TC030-Verify user can add new product/Page_Landingly  Projects/input__ProjectName'

2023-10-09 19:51:45 - [MESSAGE][PASSED] - Text 'sales' is set on object 'Object Repository/Projects/TC030-Verify user can add new product/Page_Landingly  Projects/input__ProjectName'

2023-10-09 19:51:45 - [TEST_STEP][PASSED] - click(findTestObject("Object Repository/Projects/TC030-Verify user can add new product/Page_Landingly  Projects/label_Sales Funnel")): Object: 'Object Repository/Projects/TC030-Verify user can add new product/Page_Landingly  Projects/label_Sales Funnel' is clicked on

2023-10-09 19:51:46 - [MESSAGE][PASSED] - Object: 'Object Repository/Projects/TC030-Verify user can add new product/Page_Landingly  Projects/label_Sales Funnel' is clicked on

2023-10-09 19:51:46 - [TEST_STEP][PASSED] - click(findTestObject("Object Repository/Projects/TC030-Verify user can add new product/Page_Landingly  Projects/button_Build Project")): Object: 'Object Repository/Projects/TC030-Verify user can add new product/Page_Landingly  Projects/button_Build Project' is clicked on

2023-10-09 19:51:47 - [MESSAGE][PASSED] - Object: 'Object Repository/Projects/TC030-Verify user can add new product/Page_Landingly  Projects/button_Build Project' is clicked on

2023-10-09 19:51:47 - [TEST_STEP][PASSED] - click(findTestObject("Object Repository/Projects/TC030-Verify user can add new product/Page_Landingly  Project Detail/a_Use This")): Object: 'Object Repository/Projects/TC030-Verify user can add new product/Page_Landingly  Project Detail/a_Use This' is clicked on

2023-10-09 19:51:53 - [MESSAGE][PASSED] - Object: 'Object Repository/Projects/TC030-Verify user can add new product/Page_Landingly  Project Detail/a_Use This' is clicked on

2023-10-09 19:51:53 - [TEST_STEP][PASSED] - click(findTestObject("Object Repository/Projects/TC030-Verify user can add new product/Page_Landingly  Project Detail/a_Use This")): Object: 'Object Repository/Projects/TC030-Verify user can add new product/Page_Landingly  Project Detail/a_Use This' is clicked on

2023-10-09 19:51:55 - [MESSAGE][PASSED] - Object: 'Object Repository/Projects/TC030-Verify user can add new product/Page_Landingly  Project Detail/a_Use This' is clicked on

2023-10-09 19:51:55 - [TEST_STEP][PASSED] - click(findTestObject("Object Repository/Projects/TC030-Verify user can add new product/Page_Landingly  Project Detail/button_Add New Product")): Object: 'Object Repository/Projects/TC030-Verify user can add new product/Page_Landingly  Project Detail/button_Add New Product' is clicked on

2023-10-09 19:51:57 - [MESSAGE][PASSED] - Object: 'Object Repository/Projects/TC030-Verify user can add new product/Page_Landingly  Project Detail/button_Add New Product' is clicked on

2023-10-09 19:51:57 - [TEST_STEP][PASSED] - populateSalesProjectName = customKeywords.Emailautomation.populateSalesProjectName(): customKeywords.Emailautomation.populateSalesProjectName is PASSED

2023-10-09 19:51:57 - [MESSAGE][PASSED] - customKeywords.Emailautomation.populateSalesProjectName is PASSED

2023-10-09 19:51:57 - [TEST_STEP][PASSED] - setText(findTestObject("Object Repository/Projects/TC030-Verify user can add new product/Page_Landingly  Project Detail/input__ProductName"), populateSalesProjectName): Text 'sales1583005441248800' is set on object 'Object Repository/Projects/TC030-Verify user can add new product/Page_Landingly  Project Detail/input__ProductName'

2023-10-09 19:52:00 - [MESSAGE][PASSED] - Text 'sales1583005441248800' is set on object 'Object Repository/Projects/TC030-Verify user can add new product/Page_Landingly  Project Detail/input__ProductName'

2023-10-09 19:52:00 - [TEST_STEP][PASSED] - setText(findTestObject("Object Repository/Projects/TC030-Verify user can add new product/Page_Landingly  Project Detail/input__ProductPrice"), "02"): Text '02' is set on object 'Object Repository/Projects/TC030-Verify user can add new product/Page_Landingly  Project Detail/input__ProductPrice'

2023-10-09 19:52:01 - [MESSAGE][PASSED] - Text '02' is set on object 'Object Repository/Projects/TC030-Verify user can add new product/Page_Landingly  Project Detail/input__ProductPrice'

2023-10-09 19:52:01 - [TEST_STEP][PASSED] - selectOptionByValue(findTestObject("Object Repository/Projects/TC030-Verify user can add new product/Page_Landingly  Project Detail/select_Select Payment Method PayPal  Stripe_d0e314"), "Select Payment Method", true): All options with value 'Select Payment Method' are selected in object 'Object Repository/Projects/TC030-Verify user can add new product/Page_Landingly  Project Detail/select_Select Payment Method PayPal  Stripe_d0e314'  using regular expression

2023-10-09 19:52:03 - [MESSAGE][PASSED] - All options with value 'Select Payment Method' are selected in object 'Object Repository/Projects/TC030-Verify user can add new product/Page_Landingly  Project Detail/select_Select Payment Method PayPal  Stripe_d0e314'  using regular expression

2023-10-09 19:52:03 - [TEST_STEP][PASSED] - selectOptionByValue(findTestObject("Object Repository/Projects/TC030-Verify user can add new product/Page_Landingly  Project Detail/select_Select Payment Method PayPal  Stripe_d0e314"), "Select Payment Method", true): All options with value 'Select Payment Method' are selected in object 'Object Repository/Projects/TC030-Verify user can add new product/Page_Landingly  Project Detail/select_Select Payment Method PayPal  Stripe_d0e314'  using regular expression

2023-10-09 19:52:04 - [MESSAGE][PASSED] - All options with value 'Select Payment Method' are selected in object 'Object Repository/Projects/TC030-Verify user can add new product/Page_Landingly  Project Detail/select_Select Payment Method PayPal  Stripe_d0e314'  using regular expression

2023-10-09 19:52:04 - [TEST_STEP][PASSED] - selectOptionByValue(findTestObject("Object Repository/Projects/TC030-Verify user can add new product/Page_Landingly  Project Detail/select_Select Payment Method PayPal  Stripe_d0e314"), "2", true): All options with value '2' are selected in object 'Object Repository/Projects/TC030-Verify user can add new product/Page_Landingly  Project Detail/select_Select Payment Method PayPal  Stripe_d0e314'  using regular expression

2023-10-09 19:52:05 - [MESSAGE][PASSED] - All options with value '2' are selected in object 'Object Repository/Projects/TC030-Verify user can add new product/Page_Landingly  Project Detail/select_Select Payment Method PayPal  Stripe_d0e314'  using regular expression

2023-10-09 19:52:05 - [TEST_STEP][PASSED] - selectOptionByValue(findTestObject("Object Repository/Projects/TC030-Verify user can add new product/Page_Landingly  Project Detail/select_Select Payment Method PayPal  Stripe_d0e314"), "2", true): All options with value '2' are selected in object 'Object Repository/Projects/TC030-Verify user can add new product/Page_Landingly  Project Detail/select_Select Payment Method PayPal  Stripe_d0e314'  using regular expression

2023-10-09 19:52:08 - [MESSAGE][PASSED] - All options with value '2' are selected in object 'Object Repository/Projects/TC030-Verify user can add new product/Page_Landingly  Project Detail/select_Select Payment Method PayPal  Stripe_d0e314'  using regular expression

2023-10-09 19:52:08 - [TEST_STEP][PASSED] - click(findTestObject("Object Repository/Projects/TC030-Verify user can add new product/Page_Landingly  Project Detail/a_Checkout Page Settings")): Object: 'Object Repository/Projects/TC030-Verify user can add new product/Page_Landingly  Project Detail/a_Checkout Page Settings' is clicked on

2023-10-09 19:52:09 - [MESSAGE][PASSED] - Object: 'Object Repository/Projects/TC030-Verify user can add new product/Page_Landingly  Project Detail/a_Checkout Page Settings' is clicked on

2023-10-09 19:52:09 - [TEST_STEP][PASSED] - click(findTestObject("Object Repository/Projects/TC030-Verify user can add new product/Page_Landingly  Project Detail/a_Use This")): Object: 'Object Repository/Projects/TC030-Verify user can add new product/Page_Landingly  Project Detail/a_Use This' is clicked on

2023-10-09 19:52:09 - [MESSAGE][PASSED] - Object: 'Object Repository/Projects/TC030-Verify user can add new product/Page_Landingly  Project Detail/a_Use This' is clicked on

2023-10-09 19:52:09 - [TEST_STEP][PASSED] - click(findTestObject("Object Repository/Projects/TC030-Verify user can add new product/Page_Landingly  Project Detail/button_Save")): Object: 'Object Repository/Projects/TC030-Verify user can add new product/Page_Landingly  Project Detail/button_Save' is clicked on

2023-10-09 19:52:11 - [MESSAGE][PASSED] - Object: 'Object Repository/Projects/TC030-Verify user can add new product/Page_Landingly  Project Detail/button_Save' is clicked on

2023-10-09 19:52:11 - [TEST_STEP][PASSED] - verifyElementText(findTestObject("Object Repository/Projects/TC030-Verify user can add new product/Page_Landingly  Project Detail/td_new product"), populateSalesProjectName): Actual text and expected text of test object 'Object Repository/Projects/TC030-Verify user can add new product/Page_Landingly  Project Detail/td_new product' are matched.

2023-10-09 19:52:13 - [MESSAGE][PASSED] - Actual text and expected text of test object 'Object Repository/Projects/TC030-Verify user can add new product/Page_Landingly  Project Detail/td_new product' are matched.

2023-10-09 19:52:13 - [TEST_STEP][PASSED] - closeBrowser(): Browser is closed

2023-10-09 19:52:14 - [MESSAGE][PASSED] - Browser is closed]]></system-out>
         <system-err><![CDATA[]]></system-err>
      </testcase>
      <testcase name="Test Cases/Projects/TC031-Verify user can edit product" time="96.393" classname="Test Cases/Projects/TC031-Verify user can edit product" status="PASSED">
         <system-out><![CDATA[2023-10-09 19:52:14 - [TEST_CASE][PASSED] - Test Cases/Projects/TC031-Verify user can edit product: Test Cases/Projects/TC031-Verify user can edit product

2023-10-09 19:52:15 - [TEST_STEP][PASSED] - openBrowser(""): Browser is opened with url: ''

2023-10-09 19:52:15 - [MESSAGE][INFO] - Starting 'Chrome' driver

2023-10-09 19:52:15 - [MESSAGE][INFO] - Action delay is set to 0 milliseconds

2023-10-09 19:52:18 - [MESSAGE][PASSED] - Browser is opened with url: ''

2023-10-09 19:52:18 - [TEST_STEP][PASSED] - maximizeWindow(): Current window maximized

2023-10-09 19:52:18 - [MESSAGE][PASSED] - Current window maximized

2023-10-09 19:52:18 - [TEST_STEP][PASSED] - navigateToUrl("https://app.landingly.com/"): Navigate to 'https://app.landingly.com/' successfully

2023-10-09 19:52:28 - [MESSAGE][PASSED] - Navigate to 'https://app.landingly.com/' successfully

2023-10-09 19:52:28 - [TEST_STEP][PASSED] - setText(findTestObject("Projects/TC031-Verify user can edit product/Page_Landingly  Login/input_Email_login-email"), "sqaahmadtahir@gmail.com"): Text 'sqaahmadtahir@gmail.com' is set on object 'Object Repository/Projects/TC031-Verify user can edit product/Page_Landingly  Login/input_Email_login-email'

2023-10-09 19:52:29 - [MESSAGE][PASSED] - Text 'sqaahmadtahir@gmail.com' is set on object 'Object Repository/Projects/TC031-Verify user can edit product/Page_Landingly  Login/input_Email_login-email'

2023-10-09 19:52:29 - [TEST_STEP][PASSED] - setEncryptedText(findTestObject("Projects/TC031-Verify user can edit product/Page_Landingly  Login/input_Forgot Password_login-password"), "/5S6MFFLcE5DAenbZpYNsQ=="): Text ****** has been set on object 'Object Repository/Projects/TC031-Verify user can edit product/Page_Landingly  Login/input_Forgot Password_login-password'

2023-10-09 19:52:30 - [MESSAGE][PASSED] - Text ****** has been set on object 'Object Repository/Projects/TC031-Verify user can edit product/Page_Landingly  Login/input_Forgot Password_login-password'

2023-10-09 19:52:30 - [TEST_STEP][PASSED] - click(findTestObject("Projects/TC031-Verify user can edit product/Page_Landingly  Login/button_Sign in")): Object: 'Object Repository/Projects/TC031-Verify user can edit product/Page_Landingly  Login/button_Sign in' is clicked on

2023-10-09 19:52:30 - [MESSAGE][PASSED] - Object: 'Object Repository/Projects/TC031-Verify user can edit product/Page_Landingly  Login/button_Sign in' is clicked on

2023-10-09 19:52:30 - [TEST_STEP][PASSED] - click(findTestObject("Projects/TC031-Verify user can edit product/Page_Landingly/a_Projects")): Object: 'Object Repository/Projects/TC031-Verify user can edit product/Page_Landingly/a_Projects' is clicked on

2023-10-09 19:52:33 - [MESSAGE][PASSED] - Object: 'Object Repository/Projects/TC031-Verify user can edit product/Page_Landingly/a_Projects' is clicked on

2023-10-09 19:52:33 - [TEST_STEP][PASSED] - click(findTestObject("Projects/TC031-Verify user can edit product/Page_Landingly  Projects/button_New Project")): Object: 'Object Repository/Projects/TC031-Verify user can edit product/Page_Landingly  Projects/button_New Project' is clicked on

2023-10-09 19:52:38 - [MESSAGE][PASSED] - Object: 'Object Repository/Projects/TC031-Verify user can edit product/Page_Landingly  Projects/button_New Project' is clicked on

2023-10-09 19:52:38 - [TEST_STEP][PASSED] - setText(findTestObject("Projects/TC031-Verify user can edit product/Page_Landingly  Projects/input__ProjectName"), "sales"): Text 'sales' is set on object 'Object Repository/Projects/TC031-Verify user can edit product/Page_Landingly  Projects/input__ProjectName'

2023-10-09 19:52:40 - [MESSAGE][PASSED] - Text 'sales' is set on object 'Object Repository/Projects/TC031-Verify user can edit product/Page_Landingly  Projects/input__ProjectName'

2023-10-09 19:52:40 - [TEST_STEP][PASSED] - click(findTestObject("Projects/TC031-Verify user can edit product/Page_Landingly  Projects/label_Sales Funnel")): Object: 'Object Repository/Projects/TC031-Verify user can edit product/Page_Landingly  Projects/label_Sales Funnel' is clicked on

2023-10-09 19:52:41 - [MESSAGE][PASSED] - Object: 'Object Repository/Projects/TC031-Verify user can edit product/Page_Landingly  Projects/label_Sales Funnel' is clicked on

2023-10-09 19:52:41 - [TEST_STEP][PASSED] - click(findTestObject("Projects/TC031-Verify user can edit product/Page_Landingly  Projects/button_Build Project")): Object: 'Object Repository/Projects/TC031-Verify user can edit product/Page_Landingly  Projects/button_Build Project' is clicked on

2023-10-09 19:52:42 - [MESSAGE][PASSED] - Object: 'Object Repository/Projects/TC031-Verify user can edit product/Page_Landingly  Projects/button_Build Project' is clicked on

2023-10-09 19:52:42 - [TEST_STEP][PASSED] - click(findTestObject("Projects/TC031-Verify user can edit product/Page_Landingly  Project Detail/a_Use This")): Object: 'Object Repository/Projects/TC031-Verify user can edit product/Page_Landingly  Project Detail/a_Use This' is clicked on

2023-10-09 19:52:48 - [MESSAGE][PASSED] - Object: 'Object Repository/Projects/TC031-Verify user can edit product/Page_Landingly  Project Detail/a_Use This' is clicked on

2023-10-09 19:52:48 - [TEST_STEP][PASSED] - click(findTestObject("Projects/TC031-Verify user can edit product/Page_Landingly  Project Detail/a_Use This")): Object: 'Object Repository/Projects/TC031-Verify user can edit product/Page_Landingly  Project Detail/a_Use This' is clicked on

2023-10-09 19:52:51 - [MESSAGE][PASSED] - Object: 'Object Repository/Projects/TC031-Verify user can edit product/Page_Landingly  Project Detail/a_Use This' is clicked on

2023-10-09 19:52:51 - [TEST_STEP][PASSED] - click(findTestObject("Projects/TC031-Verify user can edit product/Page_Landingly  Project Detail/button_Add New Product")): Object: 'Object Repository/Projects/TC031-Verify user can edit product/Page_Landingly  Project Detail/button_Add New Product' is clicked on

2023-10-09 19:52:53 - [MESSAGE][PASSED] - Object: 'Object Repository/Projects/TC031-Verify user can edit product/Page_Landingly  Project Detail/button_Add New Product' is clicked on

2023-10-09 19:52:53 - [TEST_STEP][PASSED] - populateSalesProjectName = customKeywords.Emailautomation.populateSalesProjectName(): customKeywords.Emailautomation.populateSalesProjectName is PASSED

2023-10-09 19:52:53 - [MESSAGE][PASSED] - customKeywords.Emailautomation.populateSalesProjectName is PASSED

2023-10-09 19:52:53 - [TEST_STEP][PASSED] - setText(findTestObject("Projects/TC031-Verify user can edit product/Page_Landingly  Project Detail/input__ProductName"), populateSalesProjectName): Text 'sales1583060679257800' is set on object 'Object Repository/Projects/TC031-Verify user can edit product/Page_Landingly  Project Detail/input__ProductName'

2023-10-09 19:52:55 - [MESSAGE][PASSED] - Text 'sales1583060679257800' is set on object 'Object Repository/Projects/TC031-Verify user can edit product/Page_Landingly  Project Detail/input__ProductName'

2023-10-09 19:52:55 - [TEST_STEP][PASSED] - setText(findTestObject("Projects/TC031-Verify user can edit product/Page_Landingly  Project Detail/input__ProductPrice"), "02"): Text '02' is set on object 'Object Repository/Projects/TC031-Verify user can edit product/Page_Landingly  Project Detail/input__ProductPrice'

2023-10-09 19:52:57 - [MESSAGE][PASSED] - Text '02' is set on object 'Object Repository/Projects/TC031-Verify user can edit product/Page_Landingly  Project Detail/input__ProductPrice'

2023-10-09 19:52:57 - [TEST_STEP][PASSED] - selectOptionByValue(findTestObject("Projects/TC031-Verify user can edit product/Page_Landingly  Project Detail/select_Select Payment Method PayPal  Stripe_d0e314"), "Select Payment Method", true): All options with value 'Select Payment Method' are selected in object 'Object Repository/Projects/TC031-Verify user can edit product/Page_Landingly  Project Detail/select_Select Payment Method PayPal  Stripe_d0e314'  using regular expression

2023-10-09 19:52:59 - [MESSAGE][PASSED] - All options with value 'Select Payment Method' are selected in object 'Object Repository/Projects/TC031-Verify user can edit product/Page_Landingly  Project Detail/select_Select Payment Method PayPal  Stripe_d0e314'  using regular expression

2023-10-09 19:52:59 - [TEST_STEP][PASSED] - selectOptionByValue(findTestObject("Projects/TC031-Verify user can edit product/Page_Landingly  Project Detail/select_Select Payment Method PayPal  Stripe_d0e314"), "Select Payment Method", true): All options with value 'Select Payment Method' are selected in object 'Object Repository/Projects/TC031-Verify user can edit product/Page_Landingly  Project Detail/select_Select Payment Method PayPal  Stripe_d0e314'  using regular expression

2023-10-09 19:53:00 - [MESSAGE][PASSED] - All options with value 'Select Payment Method' are selected in object 'Object Repository/Projects/TC031-Verify user can edit product/Page_Landingly  Project Detail/select_Select Payment Method PayPal  Stripe_d0e314'  using regular expression

2023-10-09 19:53:00 - [TEST_STEP][PASSED] - selectOptionByValue(findTestObject("Projects/TC031-Verify user can edit product/Page_Landingly  Project Detail/select_Select Payment Method PayPal  Stripe_d0e314"), "2", true): All options with value '2' are selected in object 'Object Repository/Projects/TC031-Verify user can edit product/Page_Landingly  Project Detail/select_Select Payment Method PayPal  Stripe_d0e314'  using regular expression

2023-10-09 19:53:01 - [MESSAGE][PASSED] - All options with value '2' are selected in object 'Object Repository/Projects/TC031-Verify user can edit product/Page_Landingly  Project Detail/select_Select Payment Method PayPal  Stripe_d0e314'  using regular expression

2023-10-09 19:53:01 - [TEST_STEP][PASSED] - selectOptionByValue(findTestObject("Projects/TC031-Verify user can edit product/Page_Landingly  Project Detail/select_Select Payment Method PayPal  Stripe_d0e314"), "2", true): All options with value '2' are selected in object 'Object Repository/Projects/TC031-Verify user can edit product/Page_Landingly  Project Detail/select_Select Payment Method PayPal  Stripe_d0e314'  using regular expression

2023-10-09 19:53:04 - [MESSAGE][PASSED] - All options with value '2' are selected in object 'Object Repository/Projects/TC031-Verify user can edit product/Page_Landingly  Project Detail/select_Select Payment Method PayPal  Stripe_d0e314'  using regular expression

2023-10-09 19:53:04 - [TEST_STEP][PASSED] - click(findTestObject("Projects/TC031-Verify user can edit product/Page_Landingly  Project Detail/a_Checkout Page Settings")): Object: 'Object Repository/Projects/TC031-Verify user can edit product/Page_Landingly  Project Detail/a_Checkout Page Settings' is clicked on

2023-10-09 19:53:04 - [MESSAGE][PASSED] - Object: 'Object Repository/Projects/TC031-Verify user can edit product/Page_Landingly  Project Detail/a_Checkout Page Settings' is clicked on

2023-10-09 19:53:04 - [TEST_STEP][PASSED] - click(findTestObject("Projects/TC031-Verify user can edit product/Page_Landingly  Project Detail/a_Use This")): Object: 'Object Repository/Projects/TC031-Verify user can edit product/Page_Landingly  Project Detail/a_Use This' is clicked on

2023-10-09 19:53:05 - [MESSAGE][PASSED] - Object: 'Object Repository/Projects/TC031-Verify user can edit product/Page_Landingly  Project Detail/a_Use This' is clicked on

2023-10-09 19:53:05 - [TEST_STEP][PASSED] - click(findTestObject("Projects/TC031-Verify user can edit product/Page_Landingly  Project Detail/button_Save")): Object: 'Object Repository/Projects/TC031-Verify user can edit product/Page_Landingly  Project Detail/button_Save' is clicked on

2023-10-09 19:53:07 - [MESSAGE][PASSED] - Object: 'Object Repository/Projects/TC031-Verify user can edit product/Page_Landingly  Project Detail/button_Save' is clicked on

2023-10-09 19:53:07 - [TEST_STEP][PASSED] - verifyElementText(findTestObject("Projects/TC031-Verify user can edit product/Page_Landingly  Project Detail/td_new product"), populateSalesProjectName): Actual text and expected text of test object 'Object Repository/Projects/TC031-Verify user can edit product/Page_Landingly  Project Detail/td_new product' are matched.

2023-10-09 19:53:09 - [MESSAGE][PASSED] - Actual text and expected text of test object 'Object Repository/Projects/TC031-Verify user can edit product/Page_Landingly  Project Detail/td_new product' are matched.

2023-10-09 19:53:09 - [TEST_STEP][PASSED] - click(findTestObject("Projects/TC031-Verify user can edit product/Page_Landingly  Project Detail/btnedit")): Object: 'Object Repository/Projects/TC031-Verify user can edit product/Page_Landingly  Project Detail/btnedit' is clicked on

2023-10-09 19:53:09 - [MESSAGE][PASSED] - Object: 'Object Repository/Projects/TC031-Verify user can edit product/Page_Landingly  Project Detail/btnedit' is clicked on

2023-10-09 19:53:09 - [TEST_STEP][PASSED] - populateProjectName = customKeywords.Emailautomation.populateSalesProjectName(): customKeywords.Emailautomation.populateSalesProjectName is PASSED

2023-10-09 19:53:10 - [MESSAGE][PASSED] - customKeywords.Emailautomation.populateSalesProjectName is PASSED

2023-10-09 19:53:10 - [TEST_STEP][PASSED] - setText(findTestObject("Projects/TC031-Verify user can edit product/Page_Landingly  Project Detail/input__ProductName"), populateProjectName): Text 'sales1583077614199000' is set on object 'Object Repository/Projects/TC031-Verify user can edit product/Page_Landingly  Project Detail/input__ProductName'

2023-10-09 19:53:14 - [MESSAGE][PASSED] - Text 'sales1583077614199000' is set on object 'Object Repository/Projects/TC031-Verify user can edit product/Page_Landingly  Project Detail/input__ProductName'

2023-10-09 19:53:14 - [TEST_STEP][PASSED] - setText(findTestObject("Projects/TC031-Verify user can edit product/Page_Landingly  Project Detail/input__ProductPrice"), "05"): Text '05' is set on object 'Object Repository/Projects/TC031-Verify user can edit product/Page_Landingly  Project Detail/input__ProductPrice'

2023-10-09 19:53:15 - [MESSAGE][PASSED] - Text '05' is set on object 'Object Repository/Projects/TC031-Verify user can edit product/Page_Landingly  Project Detail/input__ProductPrice'

2023-10-09 19:53:15 - [TEST_STEP][PASSED] - selectOptionByValue(findTestObject("Projects/TC031-Verify user can edit product/Page_Landingly  Project Detail/select_Select Payment Method PayPal  Stripe_d0e314"), "Select Payment Method", true): All options with value 'Select Payment Method' are selected in object 'Object Repository/Projects/TC031-Verify user can edit product/Page_Landingly  Project Detail/select_Select Payment Method PayPal  Stripe_d0e314'  using regular expression

2023-10-09 19:53:27 - [MESSAGE][PASSED] - All options with value 'Select Payment Method' are selected in object 'Object Repository/Projects/TC031-Verify user can edit product/Page_Landingly  Project Detail/select_Select Payment Method PayPal  Stripe_d0e314'  using regular expression

2023-10-09 19:53:27 - [TEST_STEP][PASSED] - selectOptionByValue(findTestObject("Projects/TC031-Verify user can edit product/Page_Landingly  Project Detail/select_Select Payment Method PayPal  Stripe_d0e314"), "Select Payment Method", true): All options with value 'Select Payment Method' are selected in object 'Object Repository/Projects/TC031-Verify user can edit product/Page_Landingly  Project Detail/select_Select Payment Method PayPal  Stripe_d0e314'  using regular expression

2023-10-09 19:53:30 - [MESSAGE][PASSED] - All options with value 'Select Payment Method' are selected in object 'Object Repository/Projects/TC031-Verify user can edit product/Page_Landingly  Project Detail/select_Select Payment Method PayPal  Stripe_d0e314'  using regular expression

2023-10-09 19:53:30 - [TEST_STEP][PASSED] - selectOptionByValue(findTestObject("Projects/TC031-Verify user can edit product/Page_Landingly  Project Detail/select_Select Payment Method PayPal  Stripe_d0e314"), "3", true): All options with value '3' are selected in object 'Object Repository/Projects/TC031-Verify user can edit product/Page_Landingly  Project Detail/select_Select Payment Method PayPal  Stripe_d0e314'  using regular expression

2023-10-09 19:53:33 - [MESSAGE][PASSED] - All options with value '3' are selected in object 'Object Repository/Projects/TC031-Verify user can edit product/Page_Landingly  Project Detail/select_Select Payment Method PayPal  Stripe_d0e314'  using regular expression

2023-10-09 19:53:33 - [TEST_STEP][PASSED] - selectOptionByValue(findTestObject("Projects/TC031-Verify user can edit product/Page_Landingly  Project Detail/select_Select Payment Method PayPal  Stripe_d0e314"), "3", true): All options with value '3' are selected in object 'Object Repository/Projects/TC031-Verify user can edit product/Page_Landingly  Project Detail/select_Select Payment Method PayPal  Stripe_d0e314'  using regular expression

2023-10-09 19:53:35 - [MESSAGE][PASSED] - All options with value '3' are selected in object 'Object Repository/Projects/TC031-Verify user can edit product/Page_Landingly  Project Detail/select_Select Payment Method PayPal  Stripe_d0e314'  using regular expression

2023-10-09 19:53:35 - [TEST_STEP][PASSED] - click(findTestObject("Projects/TC031-Verify user can edit product/Page_Landingly  Project Detail/a_Checkout Page Settings")): Object: 'Object Repository/Projects/TC031-Verify user can edit product/Page_Landingly  Project Detail/a_Checkout Page Settings' is clicked on

2023-10-09 19:53:36 - [MESSAGE][PASSED] - Object: 'Object Repository/Projects/TC031-Verify user can edit product/Page_Landingly  Project Detail/a_Checkout Page Settings' is clicked on

2023-10-09 19:53:36 - [TEST_STEP][PASSED] - click(findTestObject("Projects/TC031-Verify user can edit product/Page_Landingly  Project Detail/a_Use This - Copy")): Object: 'Object Repository/Projects/TC031-Verify user can edit product/Page_Landingly  Project Detail/a_Use This - Copy' is clicked on

2023-10-09 19:53:37 - [MESSAGE][PASSED] - Object: 'Object Repository/Projects/TC031-Verify user can edit product/Page_Landingly  Project Detail/a_Use This - Copy' is clicked on

2023-10-09 19:53:37 - [TEST_STEP][PASSED] - click(findTestObject("Projects/TC031-Verify user can edit product/Page_Landingly  Project Detail/button_Save - Copy")): Object: 'Object Repository/Projects/TC031-Verify user can edit product/Page_Landingly  Project Detail/button_Save - Copy' is clicked on

2023-10-09 19:53:39 - [MESSAGE][PASSED] - Object: 'Object Repository/Projects/TC031-Verify user can edit product/Page_Landingly  Project Detail/button_Save - Copy' is clicked on

2023-10-09 19:53:39 - [TEST_STEP][PASSED] - delay(10): Delayed 10 second(s)

2023-10-09 19:53:49 - [MESSAGE][PASSED] - Delayed 10 second(s)

2023-10-09 19:53:49 - [TEST_STEP][PASSED] - verifyElementText(findTestObject("Projects/TC031-Verify user can edit product/Page_Landingly  Project Detail/td_new product"), populateProjectName): Actual text and expected text of test object 'Object Repository/Projects/TC031-Verify user can edit product/Page_Landingly  Project Detail/td_new product' are matched.

2023-10-09 19:53:49 - [MESSAGE][PASSED] - Actual text and expected text of test object 'Object Repository/Projects/TC031-Verify user can edit product/Page_Landingly  Project Detail/td_new product' are matched.

2023-10-09 19:53:49 - [TEST_STEP][PASSED] - closeBrowser(): Browser is closed

2023-10-09 19:53:51 - [MESSAGE][PASSED] - Browser is closed]]></system-out>
         <system-err><![CDATA[]]></system-err>
      </testcase>
      <testcase name="Test Cases/Projects/TC032-Verify user can delete product" time="57.893" classname="Test Cases/Projects/TC032-Verify user can delete product" status="PASSED">
         <system-out><![CDATA[2023-10-09 19:53:51 - [TEST_CASE][PASSED] - Test Cases/Projects/TC032-Verify user can delete product: Test Cases/Projects/TC032-Verify user can delete product

2023-10-09 19:53:52 - [TEST_STEP][PASSED] - openBrowser(""): Browser is opened with url: ''

2023-10-09 19:53:52 - [MESSAGE][INFO] - Starting 'Chrome' driver

2023-10-09 19:53:52 - [MESSAGE][INFO] - Action delay is set to 0 milliseconds

2023-10-09 19:53:54 - [MESSAGE][PASSED] - Browser is opened with url: ''

2023-10-09 19:53:54 - [TEST_STEP][PASSED] - maximizeWindow(): Current window maximized

2023-10-09 19:53:55 - [MESSAGE][PASSED] - Current window maximized

2023-10-09 19:53:55 - [TEST_STEP][PASSED] - navigateToUrl("https://app.landingly.com/"): Navigate to 'https://app.landingly.com/' successfully

2023-10-09 19:54:04 - [MESSAGE][PASSED] - Navigate to 'https://app.landingly.com/' successfully

2023-10-09 19:54:04 - [TEST_STEP][PASSED] - setText(findTestObject("Projects/TC032-Verify user can delete product/Page_Landingly  Login/input_Email_login-email"), "sqaahmadtahir@gmail.com"): Text 'sqaahmadtahir@gmail.com' is set on object 'Object Repository/Projects/TC032-Verify user can delete product/Page_Landingly  Login/input_Email_login-email'

2023-10-09 19:54:05 - [MESSAGE][PASSED] - Text 'sqaahmadtahir@gmail.com' is set on object 'Object Repository/Projects/TC032-Verify user can delete product/Page_Landingly  Login/input_Email_login-email'

2023-10-09 19:54:05 - [TEST_STEP][PASSED] - setEncryptedText(findTestObject("Projects/TC032-Verify user can delete product/Page_Landingly  Login/input_Forgot Password_login-password"), "/5S6MFFLcE5DAenbZpYNsQ=="): Text ****** has been set on object 'Object Repository/Projects/TC032-Verify user can delete product/Page_Landingly  Login/input_Forgot Password_login-password'

2023-10-09 19:54:06 - [MESSAGE][PASSED] - Text ****** has been set on object 'Object Repository/Projects/TC032-Verify user can delete product/Page_Landingly  Login/input_Forgot Password_login-password'

2023-10-09 19:54:06 - [TEST_STEP][PASSED] - click(findTestObject("Projects/TC032-Verify user can delete product/Page_Landingly  Login/button_Sign in")): Object: 'Object Repository/Projects/TC032-Verify user can delete product/Page_Landingly  Login/button_Sign in' is clicked on

2023-10-09 19:54:07 - [MESSAGE][PASSED] - Object: 'Object Repository/Projects/TC032-Verify user can delete product/Page_Landingly  Login/button_Sign in' is clicked on

2023-10-09 19:54:07 - [TEST_STEP][PASSED] - click(findTestObject("Projects/TC032-Verify user can delete product/Page_Landingly/a_Projects")): Object: 'Object Repository/Projects/TC032-Verify user can delete product/Page_Landingly/a_Projects' is clicked on

2023-10-09 19:54:09 - [MESSAGE][PASSED] - Object: 'Object Repository/Projects/TC032-Verify user can delete product/Page_Landingly/a_Projects' is clicked on

2023-10-09 19:54:09 - [TEST_STEP][PASSED] - click(findTestObject("Projects/TC032-Verify user can delete product/Page_Landingly  Projects/button_New Project")): Object: 'Object Repository/Projects/TC032-Verify user can delete product/Page_Landingly  Projects/button_New Project' is clicked on

2023-10-09 19:54:14 - [MESSAGE][PASSED] - Object: 'Object Repository/Projects/TC032-Verify user can delete product/Page_Landingly  Projects/button_New Project' is clicked on

2023-10-09 19:54:14 - [TEST_STEP][PASSED] - setText(findTestObject("Projects/TC032-Verify user can delete product/Page_Landingly  Projects/input__ProjectName"), "sales"): Text 'sales' is set on object 'Object Repository/Projects/TC032-Verify user can delete product/Page_Landingly  Projects/input__ProjectName'

2023-10-09 19:54:16 - [MESSAGE][PASSED] - Text 'sales' is set on object 'Object Repository/Projects/TC032-Verify user can delete product/Page_Landingly  Projects/input__ProjectName'

2023-10-09 19:54:16 - [TEST_STEP][PASSED] - click(findTestObject("Projects/TC032-Verify user can delete product/Page_Landingly  Projects/label_Sales Funnel")): Object: 'Object Repository/Projects/TC032-Verify user can delete product/Page_Landingly  Projects/label_Sales Funnel' is clicked on

2023-10-09 19:54:17 - [MESSAGE][PASSED] - Object: 'Object Repository/Projects/TC032-Verify user can delete product/Page_Landingly  Projects/label_Sales Funnel' is clicked on

2023-10-09 19:54:17 - [TEST_STEP][PASSED] - click(findTestObject("Projects/TC032-Verify user can delete product/Page_Landingly  Projects/button_Build Project")): Object: 'Object Repository/Projects/TC032-Verify user can delete product/Page_Landingly  Projects/button_Build Project' is clicked on

2023-10-09 19:54:18 - [MESSAGE][PASSED] - Object: 'Object Repository/Projects/TC032-Verify user can delete product/Page_Landingly  Projects/button_Build Project' is clicked on

2023-10-09 19:54:18 - [TEST_STEP][PASSED] - click(findTestObject("Projects/TC032-Verify user can delete product/Page_Landingly  Project Detail/a_Use This")): Object: 'Object Repository/Projects/TC032-Verify user can delete product/Page_Landingly  Project Detail/a_Use This' is clicked on

2023-10-09 19:54:24 - [MESSAGE][PASSED] - Object: 'Object Repository/Projects/TC032-Verify user can delete product/Page_Landingly  Project Detail/a_Use This' is clicked on

2023-10-09 19:54:24 - [TEST_STEP][PASSED] - click(findTestObject("Projects/TC032-Verify user can delete product/Page_Landingly  Project Detail/a_Use This")): Object: 'Object Repository/Projects/TC032-Verify user can delete product/Page_Landingly  Project Detail/a_Use This' is clicked on

2023-10-09 19:54:27 - [MESSAGE][PASSED] - Object: 'Object Repository/Projects/TC032-Verify user can delete product/Page_Landingly  Project Detail/a_Use This' is clicked on

2023-10-09 19:54:27 - [TEST_STEP][PASSED] - click(findTestObject("Projects/TC032-Verify user can delete product/Page_Landingly  Project Detail/button_Add New Product")): Object: 'Object Repository/Projects/TC032-Verify user can delete product/Page_Landingly  Project Detail/button_Add New Product' is clicked on

2023-10-09 19:54:29 - [MESSAGE][PASSED] - Object: 'Object Repository/Projects/TC032-Verify user can delete product/Page_Landingly  Project Detail/button_Add New Product' is clicked on

2023-10-09 19:54:29 - [TEST_STEP][PASSED] - populateSalesProjectName = customKeywords.Emailautomation.populateSalesProjectName(): customKeywords.Emailautomation.populateSalesProjectName is PASSED

2023-10-09 19:54:29 - [MESSAGE][PASSED] - customKeywords.Emailautomation.populateSalesProjectName is PASSED

2023-10-09 19:54:29 - [TEST_STEP][PASSED] - setText(findTestObject("Projects/TC032-Verify user can delete product/Page_Landingly  Project Detail/input__ProductName"), populateSalesProjectName): Text 'sales1583156912846300' is set on object 'Object Repository/Projects/TC032-Verify user can delete product/Page_Landingly  Project Detail/input__ProductName'

2023-10-09 19:54:31 - [MESSAGE][PASSED] - Text 'sales1583156912846300' is set on object 'Object Repository/Projects/TC032-Verify user can delete product/Page_Landingly  Project Detail/input__ProductName'

2023-10-09 19:54:31 - [TEST_STEP][PASSED] - setText(findTestObject("Projects/TC032-Verify user can delete product/Page_Landingly  Project Detail/input__ProductPrice"), "02"): Text '02' is set on object 'Object Repository/Projects/TC032-Verify user can delete product/Page_Landingly  Project Detail/input__ProductPrice'

2023-10-09 19:54:33 - [MESSAGE][PASSED] - Text '02' is set on object 'Object Repository/Projects/TC032-Verify user can delete product/Page_Landingly  Project Detail/input__ProductPrice'

2023-10-09 19:54:33 - [TEST_STEP][PASSED] - selectOptionByValue(findTestObject("Projects/TC032-Verify user can delete product/Page_Landingly  Project Detail/select_Select Payment Method PayPal  Stripe_d0e314"), "Select Payment Method", true): All options with value 'Select Payment Method' are selected in object 'Object Repository/Projects/TC032-Verify user can delete product/Page_Landingly  Project Detail/select_Select Payment Method PayPal  Stripe_d0e314'  using regular expression

2023-10-09 19:54:34 - [MESSAGE][PASSED] - All options with value 'Select Payment Method' are selected in object 'Object Repository/Projects/TC032-Verify user can delete product/Page_Landingly  Project Detail/select_Select Payment Method PayPal  Stripe_d0e314'  using regular expression

2023-10-09 19:54:34 - [TEST_STEP][PASSED] - selectOptionByValue(findTestObject("Projects/TC032-Verify user can delete product/Page_Landingly  Project Detail/select_Select Payment Method PayPal  Stripe_d0e314"), "Select Payment Method", true): All options with value 'Select Payment Method' are selected in object 'Object Repository/Projects/TC032-Verify user can delete product/Page_Landingly  Project Detail/select_Select Payment Method PayPal  Stripe_d0e314'  using regular expression

2023-10-09 19:54:35 - [MESSAGE][PASSED] - All options with value 'Select Payment Method' are selected in object 'Object Repository/Projects/TC032-Verify user can delete product/Page_Landingly  Project Detail/select_Select Payment Method PayPal  Stripe_d0e314'  using regular expression

2023-10-09 19:54:35 - [TEST_STEP][PASSED] - selectOptionByValue(findTestObject("Projects/TC032-Verify user can delete product/Page_Landingly  Project Detail/select_Select Payment Method PayPal  Stripe_d0e314"), "2", true): All options with value '2' are selected in object 'Object Repository/Projects/TC032-Verify user can delete product/Page_Landingly  Project Detail/select_Select Payment Method PayPal  Stripe_d0e314'  using regular expression

2023-10-09 19:54:37 - [MESSAGE][PASSED] - All options with value '2' are selected in object 'Object Repository/Projects/TC032-Verify user can delete product/Page_Landingly  Project Detail/select_Select Payment Method PayPal  Stripe_d0e314'  using regular expression

2023-10-09 19:54:37 - [TEST_STEP][PASSED] - selectOptionByValue(findTestObject("Projects/TC032-Verify user can delete product/Page_Landingly  Project Detail/select_Select Payment Method PayPal  Stripe_d0e314"), "2", true): All options with value '2' are selected in object 'Object Repository/Projects/TC032-Verify user can delete product/Page_Landingly  Project Detail/select_Select Payment Method PayPal  Stripe_d0e314'  using regular expression

2023-10-09 19:54:39 - [MESSAGE][PASSED] - All options with value '2' are selected in object 'Object Repository/Projects/TC032-Verify user can delete product/Page_Landingly  Project Detail/select_Select Payment Method PayPal  Stripe_d0e314'  using regular expression

2023-10-09 19:54:39 - [TEST_STEP][PASSED] - click(findTestObject("Projects/TC032-Verify user can delete product/Page_Landingly  Project Detail/a_Checkout Page Settings")): Object: 'Object Repository/Projects/TC032-Verify user can delete product/Page_Landingly  Project Detail/a_Checkout Page Settings' is clicked on

2023-10-09 19:54:40 - [MESSAGE][PASSED] - Object: 'Object Repository/Projects/TC032-Verify user can delete product/Page_Landingly  Project Detail/a_Checkout Page Settings' is clicked on

2023-10-09 19:54:40 - [TEST_STEP][PASSED] - click(findTestObject("Projects/TC032-Verify user can delete product/Page_Landingly  Project Detail/a_Use This")): Object: 'Object Repository/Projects/TC032-Verify user can delete product/Page_Landingly  Project Detail/a_Use This' is clicked on

2023-10-09 19:54:40 - [MESSAGE][PASSED] - Object: 'Object Repository/Projects/TC032-Verify user can delete product/Page_Landingly  Project Detail/a_Use This' is clicked on

2023-10-09 19:54:40 - [TEST_STEP][PASSED] - click(findTestObject("Projects/TC032-Verify user can delete product/Page_Landingly  Project Detail/button_Save")): Object: 'Object Repository/Projects/TC032-Verify user can delete product/Page_Landingly  Project Detail/button_Save' is clicked on

2023-10-09 19:54:42 - [MESSAGE][PASSED] - Object: 'Object Repository/Projects/TC032-Verify user can delete product/Page_Landingly  Project Detail/button_Save' is clicked on

2023-10-09 19:54:42 - [TEST_STEP][PASSED] - verifyElementText(findTestObject("Projects/TC032-Verify user can delete product/Page_Landingly  Project Detail/td_new product"), populateSalesProjectName): Actual text and expected text of test object 'Object Repository/Projects/TC032-Verify user can delete product/Page_Landingly  Project Detail/td_new product' are matched.

2023-10-09 19:54:44 - [MESSAGE][PASSED] - Actual text and expected text of test object 'Object Repository/Projects/TC032-Verify user can delete product/Page_Landingly  Project Detail/td_new product' are matched.

2023-10-09 19:54:44 - [TEST_STEP][PASSED] - click(findTestObject("Projects/TC032-Verify user can delete product/Page_Landingly  Project Detail/btndelete")): Object: 'Object Repository/Projects/TC032-Verify user can delete product/Page_Landingly  Project Detail/btndelete' is clicked on

2023-10-09 19:54:45 - [MESSAGE][PASSED] - Object: 'Object Repository/Projects/TC032-Verify user can delete product/Page_Landingly  Project Detail/btndelete' is clicked on

2023-10-09 19:54:45 - [TEST_STEP][PASSED] - click(findTestObject("Projects/TC032-Verify user can delete product/Page_Landingly  Project Detail/popupdelete")): Object: 'Object Repository/Projects/TC032-Verify user can delete product/Page_Landingly  Project Detail/popupdelete' is clicked on

2023-10-09 19:54:45 - [MESSAGE][PASSED] - Object: 'Object Repository/Projects/TC032-Verify user can delete product/Page_Landingly  Project Detail/popupdelete' is clicked on

2023-10-09 19:54:45 - [TEST_STEP][PASSED] - verifyElementPresent(findTestObject("Projects/TC031-Verify user can edit product/Page_Landingly  Project Detail/td_new product"), 8): Object 'Object Repository/Projects/TC031-Verify user can edit product/Page_Landingly  Project Detail/td_new product' is present

2023-10-09 19:54:47 - [MESSAGE][PASSED] - Object 'Object Repository/Projects/TC031-Verify user can edit product/Page_Landingly  Project Detail/td_new product' is present

2023-10-09 19:54:47 - [TEST_STEP][PASSED] - closeBrowser(): Browser is closed

2023-10-09 19:54:49 - [MESSAGE][PASSED] - Browser is closed]]></system-out>
         <system-err><![CDATA[]]></system-err>
      </testcase>
      <testcase name="Test Cases/Projects/TC033-Verify user can add new email" time="70.579" classname="Test Cases/Projects/TC033-Verify user can add new email" status="FAILED">
         <failure type="FAILED" message="Test Cases/Projects/TC033-Verify user can add new email FAILED.
Reason:
com.kms.katalon.core.exception.StepFailedException: Unable to set text 'mail text automation' of object 'Object Repository/Projects/TC033-Verify user can add new email/Page_Landingly  Project Detail/input_mailbody'
	at com.kms.katalon.core.webui.keyword.internal.WebUIKeywordMain.stepFailed(WebUIKeywordMain.groovy:64)
	at com.kms.katalon.core.webui.keyword.internal.WebUIKeywordMain.runKeyword(WebUIKeywordMain.groovy:26)
	at com.kms.katalon.core.webui.keyword.builtin.SetTextKeyword.setText(SetTextKeyword.groovy:66)
	at com.kms.katalon.core.webui.keyword.builtin.SetTextKeyword.execute(SetTextKeyword.groovy:37)
	at com.kms.katalon.core.keyword.internal.KeywordExecutor.executeKeywordForPlatform(KeywordExecutor.groovy:74)
	at com.kms.katalon.core.webui.keyword.WebUiBuiltInKeywords.setText(WebUiBuiltInKeywords.groovy:980)
	at com.kms.katalon.core.webui.keyword.WebUiBuiltInKeywords$setText$2.call(Unknown Source)
	at TC033-Verify user can add new email.run(TC033-Verify user can add new email:58)
	at com.kms.katalon.core.main.ScriptEngine.run(ScriptEngine.java:194)
	at com.kms.katalon.core.main.ScriptEngine.runScriptAsRawText(ScriptEngine.java:119)
	at com.kms.katalon.core.main.TestCaseExecutor.runScript(TestCaseExecutor.java:448)
	at com.kms.katalon.core.main.TestCaseExecutor.doExecute(TestCaseExecutor.java:439)
	at com.kms.katalon.core.main.TestCaseExecutor.processExecutionPhase(TestCaseExecutor.java:418)
	at com.kms.katalon.core.main.TestCaseExecutor.accessMainPhase(TestCaseExecutor.java:410)
	at com.kms.katalon.core.main.TestCaseExecutor.execute(TestCaseExecutor.java:285)
	at com.kms.katalon.core.common.CommonExecutor.accessTestCaseMainPhase(CommonExecutor.java:65)
	at com.kms.katalon.core.main.TestSuiteExecutor.accessTestSuiteMainPhase(TestSuiteExecutor.java:148)
	at com.kms.katalon.core.main.TestSuiteExecutor.execute(TestSuiteExecutor.java:106)
	at com.kms.katalon.core.main.TestCaseMain.startTestSuite(TestCaseMain.java:187)
	at com.kms.katalon.core.main.TestCaseMain$startTestSuite$0.call(Unknown Source)
	at TempTestSuite1696862291107.run(TempTestSuite1696862291107.groovy:36)
Caused by: com.kms.katalon.core.webui.exception.WebElementNotFoundException: Web element with id: 'Object Repository/Projects/TC033-Verify user can add new email/Page_Landingly  Project Detail/input_mailbody' located by '//body/div[6]/div/div/div/div/span/form/div/div/div[9]/fieldset/div/span/div/div[2]/p' not found
	at com.kms.katalon.core.webui.common.WebUiCommonHelper.findWebElement(WebUiCommonHelper.java:1381)
	at com.kms.katalon.core.webui.keyword.internal.WebUIAbstractKeyword.findWebElement(WebUIAbstractKeyword.groovy:27)
	at com.kms.katalon.core.webui.keyword.internal.WebUIAbstractKeyword.findWebElement(WebUIAbstractKeyword.groovy:26)
	at com.kms.katalon.core.webui.keyword.builtin.SetTextKeyword$_setText_closure1.doCall(SetTextKeyword.groovy:51)
	at com.kms.katalon.core.webui.keyword.builtin.SetTextKeyword$_setText_closure1.call(SetTextKeyword.groovy)
	at com.kms.katalon.core.webui.keyword.internal.WebUIKeywordMain.runKeyword(WebUIKeywordMain.groovy:20)
	... 19 more
"/>
         <system-out><![CDATA[2023-10-09 19:54:49 - [TEST_CASE][FAILED] - Test Cases/Projects/TC033-Verify user can add new email: Test Cases/Projects/TC033-Verify user can add new email FAILED.
Reason:
com.kms.katalon.core.exception.StepFailedException: Unable to set text 'mail text automation' of object 'Object Repository/Projects/TC033-Verify user can add new email/Page_Landingly  Project Detail/input_mailbody'
	at com.kms.katalon.core.webui.keyword.internal.WebUIKeywordMain.stepFailed(WebUIKeywordMain.groovy:64)
	at com.kms.katalon.core.webui.keyword.internal.WebUIKeywordMain.runKeyword(WebUIKeywordMain.groovy:26)
	at com.kms.katalon.core.webui.keyword.builtin.SetTextKeyword.setText(SetTextKeyword.groovy:66)
	at com.kms.katalon.core.webui.keyword.builtin.SetTextKeyword.execute(SetTextKeyword.groovy:37)
	at com.kms.katalon.core.keyword.internal.KeywordExecutor.executeKeywordForPlatform(KeywordExecutor.groovy:74)
	at com.kms.katalon.core.webui.keyword.WebUiBuiltInKeywords.setText(WebUiBuiltInKeywords.groovy:980)
	at com.kms.katalon.core.webui.keyword.WebUiBuiltInKeywords$setText$2.call(Unknown Source)
	at TC033-Verify user can add new email.run(TC033-Verify user can add new email:58)
	at com.kms.katalon.core.main.ScriptEngine.run(ScriptEngine.java:194)
	at com.kms.katalon.core.main.ScriptEngine.runScriptAsRawText(ScriptEngine.java:119)
	at com.kms.katalon.core.main.TestCaseExecutor.runScript(TestCaseExecutor.java:448)
	at com.kms.katalon.core.main.TestCaseExecutor.doExecute(TestCaseExecutor.java:439)
	at com.kms.katalon.core.main.TestCaseExecutor.processExecutionPhase(TestCaseExecutor.java:418)
	at com.kms.katalon.core.main.TestCaseExecutor.accessMainPhase(TestCaseExecutor.java:410)
	at com.kms.katalon.core.main.TestCaseExecutor.execute(TestCaseExecutor.java:285)
	at com.kms.katalon.core.common.CommonExecutor.accessTestCaseMainPhase(CommonExecutor.java:65)
	at com.kms.katalon.core.main.TestSuiteExecutor.accessTestSuiteMainPhase(TestSuiteExecutor.java:148)
	at com.kms.katalon.core.main.TestSuiteExecutor.execute(TestSuiteExecutor.java:106)
	at com.kms.katalon.core.main.TestCaseMain.startTestSuite(TestCaseMain.java:187)
	at com.kms.katalon.core.main.TestCaseMain$startTestSuite$0.call(Unknown Source)
	at TempTestSuite1696862291107.run(TempTestSuite1696862291107.groovy:36)
Caused by: com.kms.katalon.core.webui.exception.WebElementNotFoundException: Web element with id: 'Object Repository/Projects/TC033-Verify user can add new email/Page_Landingly  Project Detail/input_mailbody' located by '//body/div[6]/div/div/div/div/span/form/div/div/div[9]/fieldset/div/span/div/div[2]/p' not found
	at com.kms.katalon.core.webui.common.WebUiCommonHelper.findWebElement(WebUiCommonHelper.java:1381)
	at com.kms.katalon.core.webui.keyword.internal.WebUIAbstractKeyword.findWebElement(WebUIAbstractKeyword.groovy:27)
	at com.kms.katalon.core.webui.keyword.internal.WebUIAbstractKeyword.findWebElement(WebUIAbstractKeyword.groovy:26)
	at com.kms.katalon.core.webui.keyword.builtin.SetTextKeyword$_setText_closure1.doCall(SetTextKeyword.groovy:51)
	at com.kms.katalon.core.webui.keyword.builtin.SetTextKeyword$_setText_closure1.call(SetTextKeyword.groovy)
	at com.kms.katalon.core.webui.keyword.internal.WebUIKeywordMain.runKeyword(WebUIKeywordMain.groovy:20)
	... 19 more


2023-10-09 19:54:50 - [TEST_STEP][PASSED] - openBrowser(""): Browser is opened with url: ''

2023-10-09 19:54:50 - [MESSAGE][INFO] - Starting 'Chrome' driver

2023-10-09 19:54:50 - [MESSAGE][INFO] - Action delay is set to 0 milliseconds

2023-10-09 19:54:52 - [MESSAGE][PASSED] - Browser is opened with url: ''

2023-10-09 19:54:52 - [TEST_STEP][PASSED] - maximizeWindow(): Current window maximized

2023-10-09 19:54:52 - [MESSAGE][PASSED] - Current window maximized

2023-10-09 19:54:52 - [TEST_STEP][PASSED] - navigateToUrl("https://app.landingly.com/"): Navigate to 'https://app.landingly.com/' successfully

2023-10-09 19:54:58 - [MESSAGE][PASSED] - Navigate to 'https://app.landingly.com/' successfully

2023-10-09 19:54:58 - [TEST_STEP][PASSED] - setText(findTestObject("Object Repository/Projects/TC033-Verify user can add new email/Page_Landingly  Login/input_Email_login-email"), "sqaahmadtahir@gmail.com"): Text 'sqaahmadtahir@gmail.com' is set on object 'Object Repository/Projects/TC033-Verify user can add new email/Page_Landingly  Login/input_Email_login-email'

2023-10-09 19:54:59 - [MESSAGE][PASSED] - Text 'sqaahmadtahir@gmail.com' is set on object 'Object Repository/Projects/TC033-Verify user can add new email/Page_Landingly  Login/input_Email_login-email'

2023-10-09 19:54:59 - [TEST_STEP][PASSED] - setEncryptedText(findTestObject("Object Repository/Projects/TC033-Verify user can add new email/Page_Landingly  Login/input_Forgot Password_login-password"), "/5S6MFFLcE5DAenbZpYNsQ=="): Text ****** has been set on object 'Object Repository/Projects/TC033-Verify user can add new email/Page_Landingly  Login/input_Forgot Password_login-password'

2023-10-09 19:55:00 - [MESSAGE][PASSED] - Text ****** has been set on object 'Object Repository/Projects/TC033-Verify user can add new email/Page_Landingly  Login/input_Forgot Password_login-password'

2023-10-09 19:55:00 - [TEST_STEP][PASSED] - click(findTestObject("Object Repository/Projects/TC033-Verify user can add new email/Page_Landingly  Login/button_Sign in")): Object: 'Object Repository/Projects/TC033-Verify user can add new email/Page_Landingly  Login/button_Sign in' is clicked on

2023-10-09 19:55:01 - [MESSAGE][PASSED] - Object: 'Object Repository/Projects/TC033-Verify user can add new email/Page_Landingly  Login/button_Sign in' is clicked on

2023-10-09 19:55:01 - [TEST_STEP][PASSED] - click(findTestObject("Object Repository/Projects/TC033-Verify user can add new email/Page_Landingly/a_Projects")): Object: 'Object Repository/Projects/TC033-Verify user can add new email/Page_Landingly/a_Projects' is clicked on

2023-10-09 19:55:03 - [MESSAGE][PASSED] - Object: 'Object Repository/Projects/TC033-Verify user can add new email/Page_Landingly/a_Projects' is clicked on

2023-10-09 19:55:03 - [TEST_STEP][PASSED] - click(findTestObject("Object Repository/Projects/TC033-Verify user can add new email/Page_Landingly  Projects/button_New Project")): Object: 'Object Repository/Projects/TC033-Verify user can add new email/Page_Landingly  Projects/button_New Project' is clicked on

2023-10-09 19:55:10 - [MESSAGE][PASSED] - Object: 'Object Repository/Projects/TC033-Verify user can add new email/Page_Landingly  Projects/button_New Project' is clicked on

2023-10-09 19:55:10 - [TEST_STEP][PASSED] - setText(findTestObject("Object Repository/Projects/TC033-Verify user can add new email/Page_Landingly  Projects/input__ProjectName"), "new project"): Text 'new project' is set on object 'Object Repository/Projects/TC033-Verify user can add new email/Page_Landingly  Projects/input__ProjectName'

2023-10-09 19:55:12 - [MESSAGE][PASSED] - Text 'new project' is set on object 'Object Repository/Projects/TC033-Verify user can add new email/Page_Landingly  Projects/input__ProjectName'

2023-10-09 19:55:12 - [TEST_STEP][PASSED] - click(findTestObject("Object Repository/Projects/TC033-Verify user can add new email/Page_Landingly  Projects/button_Build Project")): Object: 'Object Repository/Projects/TC033-Verify user can add new email/Page_Landingly  Projects/button_Build Project' is clicked on

2023-10-09 19:55:13 - [MESSAGE][PASSED] - Object: 'Object Repository/Projects/TC033-Verify user can add new email/Page_Landingly  Projects/button_Build Project' is clicked on

2023-10-09 19:55:13 - [TEST_STEP][PASSED] - click(findTestObject("Object Repository/Projects/TC033-Verify user can add new email/Page_Landingly  Project Detail/a_Use This")): Object: 'Object Repository/Projects/TC033-Verify user can add new email/Page_Landingly  Project Detail/a_Use This' is clicked on

2023-10-09 19:55:18 - [MESSAGE][PASSED] - Object: 'Object Repository/Projects/TC033-Verify user can add new email/Page_Landingly  Project Detail/a_Use This' is clicked on

2023-10-09 19:55:18 - [TEST_STEP][PASSED] - click(findTestObject("Object Repository/Projects/TC033-Verify user can add new email/Page_Landingly  Project Detail/a_Use This")): Object: 'Object Repository/Projects/TC033-Verify user can add new email/Page_Landingly  Project Detail/a_Use This' is clicked on

2023-10-09 19:55:20 - [MESSAGE][PASSED] - Object: 'Object Repository/Projects/TC033-Verify user can add new email/Page_Landingly  Project Detail/a_Use This' is clicked on

2023-10-09 19:55:20 - [TEST_STEP][PASSED] - click(findTestObject("Object Repository/Projects/TC033-Verify user can add new email/Page_Landingly  Project Detail/button_Add New Email")): Object: 'Object Repository/Projects/TC033-Verify user can add new email/Page_Landingly  Project Detail/button_Add New Email' is clicked on

2023-10-09 19:55:22 - [MESSAGE][PASSED] - Object: 'Object Repository/Projects/TC033-Verify user can add new email/Page_Landingly  Project Detail/button_Add New Email' is clicked on

2023-10-09 19:55:22 - [TEST_STEP][PASSED] - setText(findTestObject("Object Repository/Projects/TC033-Verify user can add new email/Page_Landingly  Project Detail/input__FromName"), "Ahmad"): Text 'Ahmad' is set on object 'Object Repository/Projects/TC033-Verify user can add new email/Page_Landingly  Project Detail/input__FromName'

2023-10-09 19:55:25 - [MESSAGE][PASSED] - Text 'Ahmad' is set on object 'Object Repository/Projects/TC033-Verify user can add new email/Page_Landingly  Project Detail/input__FromName'

2023-10-09 19:55:25 - [TEST_STEP][PASSED] - setText(findTestObject("Object Repository/Projects/TC033-Verify user can add new email/Page_Landingly  Project Detail/input__Subject"), "My subject"): Text 'My subject' is set on object 'Object Repository/Projects/TC033-Verify user can add new email/Page_Landingly  Project Detail/input__Subject'

2023-10-09 19:55:26 - [MESSAGE][PASSED] - Text 'My subject' is set on object 'Object Repository/Projects/TC033-Verify user can add new email/Page_Landingly  Project Detail/input__Subject'

2023-10-09 19:55:26 - [TEST_STEP][PASSED] - setText(findTestObject("Object Repository/Projects/TC033-Verify user can add new email/Page_Landingly  Project Detail/input__ReplyToEmail"), "sqaahmadtahir@gmail.com"): Text 'sqaahmadtahir@gmail.com' is set on object 'Object Repository/Projects/TC033-Verify user can add new email/Page_Landingly  Project Detail/input__ReplyToEmail'

2023-10-09 19:55:27 - [MESSAGE][PASSED] - Text 'sqaahmadtahir@gmail.com' is set on object 'Object Repository/Projects/TC033-Verify user can add new email/Page_Landingly  Project Detail/input__ReplyToEmail'

2023-10-09 19:55:27 - [TEST_STEP][FAILED] - setText(findTestObject("Projects/TC033-Verify user can add new email/Page_Landingly  Project Detail/input_mailbody"), "mail text automation"): Unable to set text 'mail text automation' of object 'Object Repository/Projects/TC033-Verify user can add new email/Page_Landingly  Project Detail/input_mailbody' (Root cause: com.kms.katalon.core.exception.StepFailedException: Unable to set text 'mail text automation' of object 'Object Repository/Projects/TC033-Verify user can add new email/Page_Landingly  Project Detail/input_mailbody'
	at com.kms.katalon.core.webui.keyword.internal.WebUIKeywordMain.stepFailed(WebUIKeywordMain.groovy:64)
	at com.kms.katalon.core.webui.keyword.internal.WebUIKeywordMain.runKeyword(WebUIKeywordMain.groovy:26)
	at com.kms.katalon.core.webui.keyword.builtin.SetTextKeyword.setText(SetTextKeyword.groovy:66)
	at com.kms.katalon.core.webui.keyword.builtin.SetTextKeyword.execute(SetTextKeyword.groovy:37)
	at com.kms.katalon.core.keyword.internal.KeywordExecutor.executeKeywordForPlatform(KeywordExecutor.groovy:74)
	at com.kms.katalon.core.webui.keyword.WebUiBuiltInKeywords.setText(WebUiBuiltInKeywords.groovy:980)
	at com.kms.katalon.core.webui.keyword.WebUiBuiltInKeywords$setText$2.call(Unknown Source)
	at TC033-Verify user can add new email.run(TC033-Verify user can add new email:58)
	at com.kms.katalon.core.main.ScriptEngine.run(ScriptEngine.java:194)
	at com.kms.katalon.core.main.ScriptEngine.runScriptAsRawText(ScriptEngine.java:119)
	at com.kms.katalon.core.main.TestCaseExecutor.runScript(TestCaseExecutor.java:448)
	at com.kms.katalon.core.main.TestCaseExecutor.doExecute(TestCaseExecutor.java:439)
	at com.kms.katalon.core.main.TestCaseExecutor.processExecutionPhase(TestCaseExecutor.java:418)
	at com.kms.katalon.core.main.TestCaseExecutor.accessMainPhase(TestCaseExecutor.java:410)
	at com.kms.katalon.core.main.TestCaseExecutor.execute(TestCaseExecutor.java:285)
	at com.kms.katalon.core.common.CommonExecutor.accessTestCaseMainPhase(CommonExecutor.java:65)
	at com.kms.katalon.core.main.TestSuiteExecutor.accessTestSuiteMainPhase(TestSuiteExecutor.java:148)
	at com.kms.katalon.core.main.TestSuiteExecutor.execute(TestSuiteExecutor.java:106)
	at com.kms.katalon.core.main.TestCaseMain.startTestSuite(TestCaseMain.java:187)
	at com.kms.katalon.core.main.TestCaseMain$startTestSuite$0.call(Unknown Source)
	at TempTestSuite1696862291107.run(TempTestSuite1696862291107.groovy:36)
Caused by: com.kms.katalon.core.webui.exception.WebElementNotFoundException: Web element with id: 'Object Repository/Projects/TC033-Verify user can add new email/Page_Landingly  Project Detail/input_mailbody' located by '//body/div[6]/div/div/div/div/span/form/div/div/div[9]/fieldset/div/span/div/div[2]/p' not found
	at com.kms.katalon.core.webui.common.WebUiCommonHelper.findWebElement(WebUiCommonHelper.java:1381)
	at com.kms.katalon.core.webui.keyword.internal.WebUIAbstractKeyword.findWebElement(WebUIAbstractKeyword.groovy:27)
	at com.kms.katalon.core.webui.keyword.internal.WebUIAbstractKeyword.findWebElement(WebUIAbstractKeyword.groovy:26)
	at com.kms.katalon.core.webui.keyword.builtin.SetTextKeyword$_setText_closure1.doCall(SetTextKeyword.groovy:51)
	at com.kms.katalon.core.webui.keyword.builtin.SetTextKeyword$_setText_closure1.call(SetTextKeyword.groovy)
	at com.kms.katalon.core.webui.keyword.internal.WebUIKeywordMain.runKeyword(WebUIKeywordMain.groovy:20)
	at com.kms.katalon.core.webui.keyword.builtin.SetTextKeyword.setText(SetTextKeyword.groovy:66)
	at com.kms.katalon.core.webui.keyword.builtin.SetTextKeyword.execute(SetTextKeyword.groovy:37)
	at com.kms.katalon.core.keyword.internal.KeywordExecutor.executeKeywordForPlatform(KeywordExecutor.groovy:74)
	at com.kms.katalon.core.webui.keyword.WebUiBuiltInKeywords.setText(WebUiBuiltInKeywords.groovy:980)
	at com.kms.katalon.core.webui.keyword.WebUiBuiltInKeywords$setText$2.call(Unknown Source)
	at Script1696509799536.run(Script1696509799536.groovy:58)
	... 13 more
)

2023-10-09 19:55:59 - [MESSAGE][INFO] - Unable to find the element located by 'By.xpath: //body/div[6]/div/div/div/div/span/form/div/div/div[9]/fieldset/div/span/div/div[2]/p'. Please recheck the objects properties to make sure the desired element is located. 

2023-10-09 19:55:59 - [MESSAGE][FAILED] - Unable to set text 'mail text automation' of object 'Object Repository/Projects/TC033-Verify user can add new email/Page_Landingly  Project Detail/input_mailbody' (Root cause: com.kms.katalon.core.exception.StepFailedException: Unable to set text 'mail text automation' of object 'Object Repository/Projects/TC033-Verify user can add new email/Page_Landingly  Project Detail/input_mailbody'
	at com.kms.katalon.core.webui.keyword.internal.WebUIKeywordMain.stepFailed(WebUIKeywordMain.groovy:64)
	at com.kms.katalon.core.webui.keyword.internal.WebUIKeywordMain.runKeyword(WebUIKeywordMain.groovy:26)
	at com.kms.katalon.core.webui.keyword.builtin.SetTextKeyword.setText(SetTextKeyword.groovy:66)
	at com.kms.katalon.core.webui.keyword.builtin.SetTextKeyword.execute(SetTextKeyword.groovy:37)
	at com.kms.katalon.core.keyword.internal.KeywordExecutor.executeKeywordForPlatform(KeywordExecutor.groovy:74)
	at com.kms.katalon.core.webui.keyword.WebUiBuiltInKeywords.setText(WebUiBuiltInKeywords.groovy:980)
	at com.kms.katalon.core.webui.keyword.WebUiBuiltInKeywords$setText$2.call(Unknown Source)
	at TC033-Verify user can add new email.run(TC033-Verify user can add new email:58)
	at com.kms.katalon.core.main.ScriptEngine.run(ScriptEngine.java:194)
	at com.kms.katalon.core.main.ScriptEngine.runScriptAsRawText(ScriptEngine.java:119)
	at com.kms.katalon.core.main.TestCaseExecutor.runScript(TestCaseExecutor.java:448)
	at com.kms.katalon.core.main.TestCaseExecutor.doExecute(TestCaseExecutor.java:439)
	at com.kms.katalon.core.main.TestCaseExecutor.processExecutionPhase(TestCaseExecutor.java:418)
	at com.kms.katalon.core.main.TestCaseExecutor.accessMainPhase(TestCaseExecutor.java:410)
	at com.kms.katalon.core.main.TestCaseExecutor.execute(TestCaseExecutor.java:285)
	at com.kms.katalon.core.common.CommonExecutor.accessTestCaseMainPhase(CommonExecutor.java:65)
	at com.kms.katalon.core.main.TestSuiteExecutor.accessTestSuiteMainPhase(TestSuiteExecutor.java:148)
	at com.kms.katalon.core.main.TestSuiteExecutor.execute(TestSuiteExecutor.java:106)
	at com.kms.katalon.core.main.TestCaseMain.startTestSuite(TestCaseMain.java:187)
	at com.kms.katalon.core.main.TestCaseMain$startTestSuite$0.call(Unknown Source)
	at TempTestSuite1696862291107.run(TempTestSuite1696862291107.groovy:36)
Caused by: com.kms.katalon.core.webui.exception.WebElementNotFoundException: Web element with id: 'Object Repository/Projects/TC033-Verify user can add new email/Page_Landingly  Project Detail/input_mailbody' located by '//body/div[6]/div/div/div/div/span/form/div/div/div[9]/fieldset/div/span/div/div[2]/p' not found
	at com.kms.katalon.core.webui.common.WebUiCommonHelper.findWebElement(WebUiCommonHelper.java:1381)
	at com.kms.katalon.core.webui.keyword.internal.WebUIAbstractKeyword.findWebElement(WebUIAbstractKeyword.groovy:27)
	at com.kms.katalon.core.webui.keyword.internal.WebUIAbstractKeyword.findWebElement(WebUIAbstractKeyword.groovy:26)
	at com.kms.katalon.core.webui.keyword.builtin.SetTextKeyword$_setText_closure1.doCall(SetTextKeyword.groovy:51)
	at com.kms.katalon.core.webui.keyword.builtin.SetTextKeyword$_setText_closure1.call(SetTextKeyword.groovy)
	at com.kms.katalon.core.webui.keyword.internal.WebUIKeywordMain.runKeyword(WebUIKeywordMain.groovy:20)
	at com.kms.katalon.core.webui.keyword.builtin.SetTextKeyword.setText(SetTextKeyword.groovy:66)
	at com.kms.katalon.core.webui.keyword.builtin.SetTextKeyword.execute(SetTextKeyword.groovy:37)
	at com.kms.katalon.core.keyword.internal.KeywordExecutor.executeKeywordForPlatform(KeywordExecutor.groovy:74)
	at com.kms.katalon.core.webui.keyword.WebUiBuiltInKeywords.setText(WebUiBuiltInKeywords.groovy:980)
	at com.kms.katalon.core.webui.keyword.WebUiBuiltInKeywords$setText$2.call(Unknown Source)
	at Script1696509799536.run(Script1696509799536.groovy:58)
	... 13 more
)
[[ATTACHMENT|C:\\Users\\TDS\\git\\Landingly\\Reports\\20231009_193811\\Landingly\\20231009_193811\\1696863359294.png]]]]></system-out>
         <system-err><![CDATA[2023-10-09 19:54:49 - [TEST_CASE][FAILED] - Test Cases/Projects/TC033-Verify user can add new email: Test Cases/Projects/TC033-Verify user can add new email FAILED.
Reason:
com.kms.katalon.core.exception.StepFailedException: Unable to set text 'mail text automation' of object 'Object Repository/Projects/TC033-Verify user can add new email/Page_Landingly  Project Detail/input_mailbody'
	at com.kms.katalon.core.webui.keyword.internal.WebUIKeywordMain.stepFailed(WebUIKeywordMain.groovy:64)
	at com.kms.katalon.core.webui.keyword.internal.WebUIKeywordMain.runKeyword(WebUIKeywordMain.groovy:26)
	at com.kms.katalon.core.webui.keyword.builtin.SetTextKeyword.setText(SetTextKeyword.groovy:66)
	at com.kms.katalon.core.webui.keyword.builtin.SetTextKeyword.execute(SetTextKeyword.groovy:37)
	at com.kms.katalon.core.keyword.internal.KeywordExecutor.executeKeywordForPlatform(KeywordExecutor.groovy:74)
	at com.kms.katalon.core.webui.keyword.WebUiBuiltInKeywords.setText(WebUiBuiltInKeywords.groovy:980)
	at com.kms.katalon.core.webui.keyword.WebUiBuiltInKeywords$setText$2.call(Unknown Source)
	at TC033-Verify user can add new email.run(TC033-Verify user can add new email:58)
	at com.kms.katalon.core.main.ScriptEngine.run(ScriptEngine.java:194)
	at com.kms.katalon.core.main.ScriptEngine.runScriptAsRawText(ScriptEngine.java:119)
	at com.kms.katalon.core.main.TestCaseExecutor.runScript(TestCaseExecutor.java:448)
	at com.kms.katalon.core.main.TestCaseExecutor.doExecute(TestCaseExecutor.java:439)
	at com.kms.katalon.core.main.TestCaseExecutor.processExecutionPhase(TestCaseExecutor.java:418)
	at com.kms.katalon.core.main.TestCaseExecutor.accessMainPhase(TestCaseExecutor.java:410)
	at com.kms.katalon.core.main.TestCaseExecutor.execute(TestCaseExecutor.java:285)
	at com.kms.katalon.core.common.CommonExecutor.accessTestCaseMainPhase(CommonExecutor.java:65)
	at com.kms.katalon.core.main.TestSuiteExecutor.accessTestSuiteMainPhase(TestSuiteExecutor.java:148)
	at com.kms.katalon.core.main.TestSuiteExecutor.execute(TestSuiteExecutor.java:106)
	at com.kms.katalon.core.main.TestCaseMain.startTestSuite(TestCaseMain.java:187)
	at com.kms.katalon.core.main.TestCaseMain$startTestSuite$0.call(Unknown Source)
	at TempTestSuite1696862291107.run(TempTestSuite1696862291107.groovy:36)
Caused by: com.kms.katalon.core.webui.exception.WebElementNotFoundException: Web element with id: 'Object Repository/Projects/TC033-Verify user can add new email/Page_Landingly  Project Detail/input_mailbody' located by '//body/div[6]/div/div/div/div/span/form/div/div/div[9]/fieldset/div/span/div/div[2]/p' not found
	at com.kms.katalon.core.webui.common.WebUiCommonHelper.findWebElement(WebUiCommonHelper.java:1381)
	at com.kms.katalon.core.webui.keyword.internal.WebUIAbstractKeyword.findWebElement(WebUIAbstractKeyword.groovy:27)
	at com.kms.katalon.core.webui.keyword.internal.WebUIAbstractKeyword.findWebElement(WebUIAbstractKeyword.groovy:26)
	at com.kms.katalon.core.webui.keyword.builtin.SetTextKeyword$_setText_closure1.doCall(SetTextKeyword.groovy:51)
	at com.kms.katalon.core.webui.keyword.builtin.SetTextKeyword$_setText_closure1.call(SetTextKeyword.groovy)
	at com.kms.katalon.core.webui.keyword.internal.WebUIKeywordMain.runKeyword(WebUIKeywordMain.groovy:20)
	... 19 more]]></system-err>
      </testcase>
      <system-out><![CDATA[2023-10-09 19:38:22 - [TEST_SUITE][FAILED] - Landingly: Test Cases/Dashboard/TC015-Verify user can change theme dark-light FAILED.
Reason:
com.kms.katalon.core.exception.StepFailedException: Unable to open browser with url: ''
	at com.kms.katalon.core.webui.keyword.internal.WebUIKeywordMain.stepFailed(WebUIKeywordMain.groovy:64)
	at com.kms.katalon.core.webui.keyword.internal.WebUIKeywordMain.runKeyword(WebUIKeywordMain.groovy:26)
	at com.kms.katalon.core.webui.keyword.builtin.OpenBrowserKeyword.openBrowser(OpenBrowserKeyword.groovy:81)
	at com.kms.katalon.core.webui.keyword.builtin.OpenBrowserKeyword.execute(OpenBrowserKeyword.groovy:67)
	at com.kms.katalon.core.keyword.internal.KeywordExecutor.executeKeywordForPlatform(KeywordExecutor.groovy:74)
	at com.kms.katalon.core.webui.keyword.WebUiBuiltInKeywords.openBrowser(WebUiBuiltInKeywords.groovy:64)
	at com.kms.katalon.core.webui.keyword.WebUiBuiltInKeywords$openBrowser.call(Unknown Source)
	at TC015-Verify user can change theme dark-light.run(TC015-Verify user can change theme dark-light:20)
	at com.kms.katalon.core.main.ScriptEngine.run(ScriptEngine.java:194)
	at com.kms.katalon.core.main.ScriptEngine.runScriptAsRawText(ScriptEngine.java:119)
	at com.kms.katalon.core.main.TestCaseExecutor.runScript(TestCaseExecutor.java:448)
	at com.kms.katalon.core.main.TestCaseExecutor.doExecute(TestCaseExecutor.java:439)
	at com.kms.katalon.core.main.TestCaseExecutor.processExecutionPhase(TestCaseExecutor.java:418)
	at com.kms.katalon.core.main.TestCaseExecutor.accessMainPhase(TestCaseExecutor.java:410)
	at com.kms.katalon.core.main.TestCaseExecutor.execute(TestCaseExecutor.java:285)
	at com.kms.katalon.core.common.CommonExecutor.accessTestCaseMainPhase(CommonExecutor.java:65)
	at com.kms.katalon.core.main.TestSuiteExecutor.accessTestSuiteMainPhase(TestSuiteExecutor.java:148)
	at com.kms.katalon.core.main.TestSuiteExecutor.execute(TestSuiteExecutor.java:106)
	at com.kms.katalon.core.main.TestCaseMain.startTestSuite(TestCaseMain.java:187)
	at com.kms.katalon.core.main.TestCaseMain$startTestSuite$0.call(Unknown Source)
	at TempTestSuite1696862291107.run(TempTestSuite1696862291107.groovy:36)
Caused by: org.openqa.selenium.SessionNotCreatedException: session not created
from no such execution context: uniqueContextId not found
  (Session info: chrome=117.0.5938.149)
Build info: version: '3.141.59', revision: 'e82be7d358', time: '2018-11-14T08:25:53'
System info: host: 'DESKTOP-3BHH4MD', ip: '192.168.0.108', os.name: 'Windows 10', os.arch: 'amd64', os.version: '10.0', java.version: '1.8.0_362'
Driver info: driver.version: CChromeDriver
remote stacktrace: 	GetHandleVerifier [0x00007FF6CAD052A2+57122]
	(No symbol) [0x00007FF6CAC7EA92]
	(No symbol) [0x00007FF6CAB4E3AB]
	(No symbol) [0x00007FF6CAB3C6E6]
	(No symbol) [0x00007FF6CAB3AA3B]
	(No symbol) [0x00007FF6CAB3B31E]
	(No symbol) [0x00007FF6CAB51FE7]
	(No symbol) [0x00007FF6CAB53D2F]
	(No symbol) [0x00007FF6CAB53E20]
	(No symbol) [0x00007FF6CABAFF28]
	(No symbol) [0x00007FF6CABAE5B0]
	(No symbol) [0x00007FF6CABA6DB3]
	(No symbol) [0x00007FF6CAB7D2B1]
	(No symbol) [0x00007FF6CAB7E494]
	GetHandleVerifier [0x00007FF6CAFAEF82+2849794]
	GetHandleVerifier [0x00007FF6CB001D24+3189156]
	GetHandleVerifier [0x00007FF6CAFFACAF+3160367]
	GetHandleVerifier [0x00007FF6CAD96D06+653702]
	(No symbol) [0x00007FF6CAC8A208]
	(No symbol) [0x00007FF6CAC862C4]
	(No symbol) [0x00007FF6CAC863F6]
	(No symbol) [0x00007FF6CAC767A3]
	BaseThreadInitThunk [0x00007FFFA9FD7344+20]
	RtlUserThreadStart [0x00007FFFABC826B1+33]

	at org.openqa.selenium.remote.W3CHandshakeResponse.lambda$errorHandler$0(W3CHandshakeResponse.java:62)
	at org.openqa.selenium.remote.HandshakeResponse.lambda$getResponseFunction$0(HandshakeResponse.java:30)
	at org.openqa.selenium.remote.ProtocolHandshake.lambda$createSession$0(ProtocolHandshake.java:126)
	at org.openqa.selenium.remote.ProtocolHandshake.createSession(ProtocolHandshake.java:128)
	at org.openqa.selenium.remote.ProtocolHandshake.createSession(ProtocolHandshake.java:74)
	at org.openqa.selenium.remote.HttpCommandExecutor.execute(HttpCommandExecutor.java:136)
	at org.openqa.selenium.remote.service.DriverCommandExecutor.execute(DriverCommandExecutor.java:83)
	at org.openqa.selenium.remote.RemoteWebDriver.execute(RemoteWebDriver.java:552)
	at com.kms.katalon.selenium.driver.CChromeDriver.execute(CChromeDriver.java:19)
	at org.openqa.selenium.remote.RemoteWebDriver.startSession(RemoteWebDriver.java:213)
	at org.openqa.selenium.remote.RemoteWebDriver.<init>(RemoteWebDriver.java:131)
	at org.openqa.selenium.chrome.ChromeDriver.<init>(ChromeDriver.java:181)
	at org.openqa.selenium.chrome.ChromeDriver.<init>(ChromeDriver.java:147)
	at com.kms.katalon.selenium.driver.CChromeDriver.<init>(CChromeDriver.java:13)
	at com.kms.katalon.core.webui.driver.DriverFactory.createNewChromeDriver(DriverFactory.java:441)
	at com.kms.katalon.core.webui.driver.DriverFactory.startNewBrowser(DriverFactory.java:374)
	at com.kms.katalon.core.webui.driver.DriverFactory.openWebDriver(DriverFactory.java:263)
	at com.kms.katalon.core.webui.keyword.builtin.OpenBrowserKeyword$_openBrowser_closure1.doCall(OpenBrowserKeyword.groovy:74)
	at com.kms.katalon.core.webui.keyword.builtin.OpenBrowserKeyword$_openBrowser_closure1.call(OpenBrowserKeyword.groovy)
	at com.kms.katalon.core.webui.keyword.internal.WebUIKeywordMain.runKeyword(WebUIKeywordMain.groovy:20)
	... 19 more]]></system-out>
      <system-err><![CDATA[2023-10-09 19:38:22 - [TEST_SUITE][FAILED] - Landingly: Test Cases/Dashboard/TC015-Verify user can change theme dark-light FAILED.
Reason:
com.kms.katalon.core.exception.StepFailedException: Unable to open browser with url: ''
	at com.kms.katalon.core.webui.keyword.internal.WebUIKeywordMain.stepFailed(WebUIKeywordMain.groovy:64)
	at com.kms.katalon.core.webui.keyword.internal.WebUIKeywordMain.runKeyword(WebUIKeywordMain.groovy:26)
	at com.kms.katalon.core.webui.keyword.builtin.OpenBrowserKeyword.openBrowser(OpenBrowserKeyword.groovy:81)
	at com.kms.katalon.core.webui.keyword.builtin.OpenBrowserKeyword.execute(OpenBrowserKeyword.groovy:67)
	at com.kms.katalon.core.keyword.internal.KeywordExecutor.executeKeywordForPlatform(KeywordExecutor.groovy:74)
	at com.kms.katalon.core.webui.keyword.WebUiBuiltInKeywords.openBrowser(WebUiBuiltInKeywords.groovy:64)
	at com.kms.katalon.core.webui.keyword.WebUiBuiltInKeywords$openBrowser.call(Unknown Source)
	at TC015-Verify user can change theme dark-light.run(TC015-Verify user can change theme dark-light:20)
	at com.kms.katalon.core.main.ScriptEngine.run(ScriptEngine.java:194)
	at com.kms.katalon.core.main.ScriptEngine.runScriptAsRawText(ScriptEngine.java:119)
	at com.kms.katalon.core.main.TestCaseExecutor.runScript(TestCaseExecutor.java:448)
	at com.kms.katalon.core.main.TestCaseExecutor.doExecute(TestCaseExecutor.java:439)
	at com.kms.katalon.core.main.TestCaseExecutor.processExecutionPhase(TestCaseExecutor.java:418)
	at com.kms.katalon.core.main.TestCaseExecutor.accessMainPhase(TestCaseExecutor.java:410)
	at com.kms.katalon.core.main.TestCaseExecutor.execute(TestCaseExecutor.java:285)
	at com.kms.katalon.core.common.CommonExecutor.accessTestCaseMainPhase(CommonExecutor.java:65)
	at com.kms.katalon.core.main.TestSuiteExecutor.accessTestSuiteMainPhase(TestSuiteExecutor.java:148)
	at com.kms.katalon.core.main.TestSuiteExecutor.execute(TestSuiteExecutor.java:106)
	at com.kms.katalon.core.main.TestCaseMain.startTestSuite(TestCaseMain.java:187)
	at com.kms.katalon.core.main.TestCaseMain$startTestSuite$0.call(Unknown Source)
	at TempTestSuite1696862291107.run(TempTestSuite1696862291107.groovy:36)
Caused by: org.openqa.selenium.SessionNotCreatedException: session not created
from no such execution context: uniqueContextId not found
  (Session info: chrome=117.0.5938.149)
Build info: version: '3.141.59', revision: 'e82be7d358', time: '2018-11-14T08:25:53'
System info: host: 'DESKTOP-3BHH4MD', ip: '192.168.0.108', os.name: 'Windows 10', os.arch: 'amd64', os.version: '10.0', java.version: '1.8.0_362'
Driver info: driver.version: CChromeDriver
remote stacktrace: 	GetHandleVerifier [0x00007FF6CAD052A2+57122]
	(No symbol) [0x00007FF6CAC7EA92]
	(No symbol) [0x00007FF6CAB4E3AB]
	(No symbol) [0x00007FF6CAB3C6E6]
	(No symbol) [0x00007FF6CAB3AA3B]
	(No symbol) [0x00007FF6CAB3B31E]
	(No symbol) [0x00007FF6CAB51FE7]
	(No symbol) [0x00007FF6CAB53D2F]
	(No symbol) [0x00007FF6CAB53E20]
	(No symbol) [0x00007FF6CABAFF28]
	(No symbol) [0x00007FF6CABAE5B0]
	(No symbol) [0x00007FF6CABA6DB3]
	(No symbol) [0x00007FF6CAB7D2B1]
	(No symbol) [0x00007FF6CAB7E494]
	GetHandleVerifier [0x00007FF6CAFAEF82+2849794]
	GetHandleVerifier [0x00007FF6CB001D24+3189156]
	GetHandleVerifier [0x00007FF6CAFFACAF+3160367]
	GetHandleVerifier [0x00007FF6CAD96D06+653702]
	(No symbol) [0x00007FF6CAC8A208]
	(No symbol) [0x00007FF6CAC862C4]
	(No symbol) [0x00007FF6CAC863F6]
	(No symbol) [0x00007FF6CAC767A3]
	BaseThreadInitThunk [0x00007FFFA9FD7344+20]
	RtlUserThreadStart [0x00007FFFABC826B1+33]

	at org.openqa.selenium.remote.W3CHandshakeResponse.lambda$errorHandler$0(W3CHandshakeResponse.java:62)
	at org.openqa.selenium.remote.HandshakeResponse.lambda$getResponseFunction$0(HandshakeResponse.java:30)
	at org.openqa.selenium.remote.ProtocolHandshake.lambda$createSession$0(ProtocolHandshake.java:126)
	at org.openqa.selenium.remote.ProtocolHandshake.createSession(ProtocolHandshake.java:128)
	at org.openqa.selenium.remote.ProtocolHandshake.createSession(ProtocolHandshake.java:74)
	at org.openqa.selenium.remote.HttpCommandExecutor.execute(HttpCommandExecutor.java:136)
	at org.openqa.selenium.remote.service.DriverCommandExecutor.execute(DriverCommandExecutor.java:83)
	at org.openqa.selenium.remote.RemoteWebDriver.execute(RemoteWebDriver.java:552)
	at com.kms.katalon.selenium.driver.CChromeDriver.execute(CChromeDriver.java:19)
	at org.openqa.selenium.remote.RemoteWebDriver.startSession(RemoteWebDriver.java:213)
	at org.openqa.selenium.remote.RemoteWebDriver.<init>(RemoteWebDriver.java:131)
	at org.openqa.selenium.chrome.ChromeDriver.<init>(ChromeDriver.java:181)
	at org.openqa.selenium.chrome.ChromeDriver.<init>(ChromeDriver.java:147)
	at com.kms.katalon.selenium.driver.CChromeDriver.<init>(CChromeDriver.java:13)
	at com.kms.katalon.core.webui.driver.DriverFactory.createNewChromeDriver(DriverFactory.java:441)
	at com.kms.katalon.core.webui.driver.DriverFactory.startNewBrowser(DriverFactory.java:374)
	at com.kms.katalon.core.webui.driver.DriverFactory.openWebDriver(DriverFactory.java:263)
	at com.kms.katalon.core.webui.keyword.builtin.OpenBrowserKeyword$_openBrowser_closure1.doCall(OpenBrowserKeyword.groovy:74)
	at com.kms.katalon.core.webui.keyword.builtin.OpenBrowserKeyword$_openBrowser_closure1.call(OpenBrowserKeyword.groovy)
	at com.kms.katalon.core.webui.keyword.internal.WebUIKeywordMain.runKeyword(WebUIKeywordMain.groovy:20)
	... 19 more]]></system-err>
   </testsuite>
</testsuites>
