<?xml version="1.0" encoding="UTF-8"?>
<testsuites name="Landingly" time="1390.359" tests="34" failures="10" errors="0">
   <testsuite name="Landingly" tests="34" failures="10" errors="0" time="1390.359" skipped="0" timestamp="2023-10-09 17:39:05" hostname="TDS - DESKTOP-3BHH4MD" id="Test Suites/Landingly">
      <properties>
         <property name="deviceName" value=""/>
         <property name="devicePlatform" value=""/>
         <property name="logFolder" value="C:\\Users\\TDS\\git\\Landingly\\Reports\\20231009_173852\\Landingly\\20231009_173852"/>
         <property name="logFiles" value="C:\\Users\\TDS\\git\\Landingly\\Reports\\20231009_173852\\Landingly\\20231009_173852\\execution0.log"/>
         <property name="attachments" value="C:\\Users\\TDS\\git\\Landingly\\Reports\\20231009_173852\\Landingly\\20231009_173852\\1696855244575.png, C:\\Users\\TDS\\git\\Landingly\\Reports\\20231009_173852\\Landingly\\20231009_173852\\1696855245120.png, C:\\Users\\TDS\\git\\Landingly\\Reports\\20231009_173852\\Landingly\\20231009_173852\\1696855341465.png, C:\\Users\\TDS\\git\\Landingly\\Reports\\20231009_173852\\Landingly\\20231009_173852\\1696855342092.png, C:\\Users\\TDS\\git\\Landingly\\Reports\\20231009_173852\\Landingly\\20231009_173852\\1696855679371.png, C:\\Users\\TDS\\git\\Landingly\\Reports\\20231009_173852\\Landingly\\20231009_173852\\1696855804958.png, C:\\Users\\TDS\\git\\Landingly\\Reports\\20231009_173852\\Landingly\\20231009_173852\\1696855924386.png, C:\\Users\\TDS\\git\\Landingly\\Reports\\20231009_173852\\Landingly\\20231009_173852\\1696855969241.png, C:\\Users\\TDS\\git\\Landingly\\Reports\\20231009_173852\\Landingly\\20231009_173852\\1696856168181.png, C:\\Users\\TDS\\git\\Landingly\\Reports\\20231009_173852\\Landingly\\20231009_173852\\1696856226685.png, C:\\Users\\TDS\\git\\Landingly\\Reports\\20231009_173852\\Landingly\\20231009_173852\\1696856462119.png, C:\\Users\\TDS\\git\\Landingly\\Reports\\20231009_173852\\Landingly\\20231009_173852\\1696856535709.png"/>
         <property name="hostName" value="TDS - DESKTOP-3BHH4MD"/>
         <property name="os" value="Windows 10 64bit"/>
         <property name="katalonVersion" value="8.6.6.208"/>
         <property name="browser" value="Chrome 117.0.0.0"/>
         <property name="hostAddress" value="192.168.0.108"/>
         <property name="sessionId" value="e06f86083028db30eda3dbdd0994b436"/>
         <property name="seleniumVersion" value="3.141.59"/>
         <property name="proxyInformation" value="ProxyInformation { proxyOption=NO_PROXY, proxyServerType=HTTP, username=, password=********, proxyServerAddress=, proxyServerPort=0, executionList=&quot;&quot;, isApplyToDesiredCapabilities=true }"/>
         <property name="platform" value="Windows 10"/>
      </properties>
      <testcase name="Test Cases/Contacts/TC001-contacts-Verify user can add new contact" time="42.743" classname="Test Cases/Contacts/TC001-contacts-Verify user can add new contact" status="PASSED">
         <system-out><![CDATA[2023-10-09 17:39:07 - [TEST_CASE][PASSED] - Test Cases/Contacts/TC001-contacts-Verify user can add new contact: Test Cases/Contacts/TC001-contacts-Verify user can add new contact

2023-10-09 17:39:08 - [TEST_STEP][PASSED] - openBrowser(""): Browser is opened with url: ''

2023-10-09 17:39:10 - [MESSAGE][INFO] - Starting 'Chrome' driver

2023-10-09 17:39:10 - [MESSAGE][INFO] - Action delay is set to 0 milliseconds

2023-10-09 17:39:19 - [MESSAGE][PASSED] - Browser is opened with url: ''

2023-10-09 17:39:19 - [TEST_STEP][PASSED] - maximizeWindow(): Current window maximized

2023-10-09 17:39:20 - [MESSAGE][PASSED] - Current window maximized

2023-10-09 17:39:20 - [TEST_STEP][PASSED] - navigateToUrl("https://app.landingly.com/"): Navigate to 'https://app.landingly.com/' successfully

2023-10-09 17:39:25 - [MESSAGE][PASSED] - Navigate to 'https://app.landingly.com/' successfully

2023-10-09 17:39:25 - [TEST_STEP][PASSED] - setText(findTestObject("Object Repository/Contacts/TC001-contacts-Verify user can add new contact/Page_Landingly  Login/input_Email_login-email"), "sqaahmadtahir@gmail.com"): Text 'sqaahmadtahir@gmail.com' is set on object 'Object Repository/Contacts/TC001-contacts-Verify user can add new contact/Page_Landingly  Login/input_Email_login-email'

2023-10-09 17:39:27 - [MESSAGE][PASSED] - Text 'sqaahmadtahir@gmail.com' is set on object 'Object Repository/Contacts/TC001-contacts-Verify user can add new contact/Page_Landingly  Login/input_Email_login-email'

2023-10-09 17:39:27 - [TEST_STEP][PASSED] - setEncryptedText(findTestObject("Object Repository/Contacts/TC001-contacts-Verify user can add new contact/Page_Landingly  Login/input_Forgot Password_login-password"), "/5S6MFFLcE5DAenbZpYNsQ=="): Text ****** has been set on object 'Object Repository/Contacts/TC001-contacts-Verify user can add new contact/Page_Landingly  Login/input_Forgot Password_login-password'

2023-10-09 17:39:28 - [MESSAGE][PASSED] - Text ****** has been set on object 'Object Repository/Contacts/TC001-contacts-Verify user can add new contact/Page_Landingly  Login/input_Forgot Password_login-password'

2023-10-09 17:39:28 - [TEST_STEP][PASSED] - click(findTestObject("Object Repository/Contacts/TC001-contacts-Verify user can add new contact/Page_Landingly  Login/button_Sign in")): Object: 'Object Repository/Contacts/TC001-contacts-Verify user can add new contact/Page_Landingly  Login/button_Sign in' is clicked on

2023-10-09 17:39:29 - [MESSAGE][PASSED] - Object: 'Object Repository/Contacts/TC001-contacts-Verify user can add new contact/Page_Landingly  Login/button_Sign in' is clicked on

2023-10-09 17:39:29 - [TEST_STEP][PASSED] - click(findTestObject("Object Repository/Contacts/TC001-contacts-Verify user can add new contact/Page_Landingly/a_Contacts")): Object: 'Object Repository/Contacts/TC001-contacts-Verify user can add new contact/Page_Landingly/a_Contacts' is clicked on

2023-10-09 17:39:31 - [MESSAGE][PASSED] - Object: 'Object Repository/Contacts/TC001-contacts-Verify user can add new contact/Page_Landingly/a_Contacts' is clicked on

2023-10-09 17:39:31 - [TEST_STEP][PASSED] - click(findTestObject("Object Repository/Contacts/TC001-contacts-Verify user can add new contact/Page_Landingly  Contacts/button_New Contact")): Object: 'Object Repository/Contacts/TC001-contacts-Verify user can add new contact/Page_Landingly  Contacts/button_New Contact' is clicked on

2023-10-09 17:39:35 - [MESSAGE][PASSED] - Object: 'Object Repository/Contacts/TC001-contacts-Verify user can add new contact/Page_Landingly  Contacts/button_New Contact' is clicked on

2023-10-09 17:39:35 - [TEST_STEP][PASSED] - setText(findTestObject("Object Repository/Contacts/TC001-contacts-Verify user can add new contact/Page_Landingly  Contacts/input__Name"), "new test contact"): Text 'new test contact' is set on object 'Object Repository/Contacts/TC001-contacts-Verify user can add new contact/Page_Landingly  Contacts/input__Name'

2023-10-09 17:39:39 - [MESSAGE][PASSED] - Text 'new test contact' is set on object 'Object Repository/Contacts/TC001-contacts-Verify user can add new contact/Page_Landingly  Contacts/input__Name'

2023-10-09 17:39:39 - [TEST_STEP][PASSED] - address = customKeywords.Emailautomation.populateEmail(): customKeywords.Emailautomation.populateEmail is PASSED

2023-10-09 17:39:39 - [MESSAGE][PASSED] - customKeywords.Emailautomation.populateEmail is PASSED

2023-10-09 17:39:39 - [TEST_STEP][PASSED] - setText(findTestObject("Object Repository/Contacts/TC001-contacts-Verify user can add new contact/Page_Landingly  Contacts/input__Email"), address): Text 'test1575067035907500@itest.com' is set on object 'Object Repository/Contacts/TC001-contacts-Verify user can add new contact/Page_Landingly  Contacts/input__Email'

2023-10-09 17:39:41 - [MESSAGE][PASSED] - Text 'test1575067035907500@itest.com' is set on object 'Object Repository/Contacts/TC001-contacts-Verify user can add new contact/Page_Landingly  Contacts/input__Email'

2023-10-09 17:39:41 - [TEST_STEP][PASSED] - click(findTestObject("Object Repository/Contacts/TC001-contacts-Verify user can add new contact/Page_Landingly  Contacts/input__ProjectIds")): Object: 'Object Repository/Contacts/TC001-contacts-Verify user can add new contact/Page_Landingly  Contacts/input__ProjectIds' is clicked on

2023-10-09 17:39:42 - [MESSAGE][PASSED] - Object: 'Object Repository/Contacts/TC001-contacts-Verify user can add new contact/Page_Landingly  Contacts/input__ProjectIds' is clicked on

2023-10-09 17:39:42 - [TEST_STEP][PASSED] - click(findTestObject("Object Repository/Contacts/TC001-contacts-Verify user can add new contact/Page_Landingly  Contacts/span_new optin project")): Object: 'Object Repository/Contacts/TC001-contacts-Verify user can add new contact/Page_Landingly  Contacts/span_new optin project' is clicked on

2023-10-09 17:39:43 - [MESSAGE][PASSED] - Object: 'Object Repository/Contacts/TC001-contacts-Verify user can add new contact/Page_Landingly  Contacts/span_new optin project' is clicked on

2023-10-09 17:39:43 - [TEST_STEP][PASSED] - click(findTestObject("Object Repository/Contacts/TC001-contacts-Verify user can add new contact/Page_Landingly  Contacts/button_Save")): Object: 'Object Repository/Contacts/TC001-contacts-Verify user can add new contact/Page_Landingly  Contacts/button_Save' is clicked on

2023-10-09 17:39:44 - [MESSAGE][PASSED] - Object: 'Object Repository/Contacts/TC001-contacts-Verify user can add new contact/Page_Landingly  Contacts/button_Save' is clicked on

2023-10-09 17:39:44 - [TEST_STEP][PASSED] - verifyElementText(findTestObject("Object Repository/Contacts/TC001-contacts-Verify user can add new contact/Page_Landingly  Contacts/div_Contact is added successfully"), "Contact is added successfully"): Actual text and expected text of test object 'Object Repository/Contacts/TC001-contacts-Verify user can add new contact/Page_Landingly  Contacts/div_Contact is added successfully' are matched.

2023-10-09 17:39:47 - [MESSAGE][PASSED] - Actual text and expected text of test object 'Object Repository/Contacts/TC001-contacts-Verify user can add new contact/Page_Landingly  Contacts/div_Contact is added successfully' are matched.

2023-10-09 17:39:47 - [TEST_STEP][PASSED] - closeBrowser(): Browser is closed

2023-10-09 17:39:49 - [MESSAGE][PASSED] - Browser is closed]]></system-out>
         <system-err><![CDATA[]]></system-err>
      </testcase>
      <testcase name="Test Cases/Dashboard/TC014-Verify user can click on continue button" time="55.607" classname="Test Cases/Dashboard/TC014-Verify user can click on continue button" status="FAILED">
         <failure type="FAILED" message="Test Cases/Dashboard/TC014-Verify user can click on continue button FAILED.
Reason:
com.kms.katalon.core.exception.StepFailedException: Verify element text of test object 'Object Repository/Dashboard/TC014-Verify user can click on continue button/Page_Landingly  Projects/h2_Projects' FAILED.
	at com.kms.katalon.core.webui.keyword.internal.WebUIKeywordMain.stepFailed(WebUIKeywordMain.groovy:64)
	at com.kms.katalon.core.webui.keyword.internal.WebUIKeywordMain.runKeyword(WebUIKeywordMain.groovy:26)
	at com.kms.katalon.core.webui.keyword.builtin.VerifyElementTextKeyword.verifyElementText(VerifyElementTextKeyword.groovy:72)
	at com.kms.katalon.core.webui.keyword.builtin.VerifyElementTextKeyword.execute(VerifyElementTextKeyword.groovy:40)
	at com.kms.katalon.core.keyword.internal.KeywordExecutor.executeKeywordForPlatform(KeywordExecutor.groovy:74)
	at com.kms.katalon.core.webui.keyword.WebUiBuiltInKeywords.verifyElementText(WebUiBuiltInKeywords.groovy:4749)
	at com.kms.katalon.core.webui.keyword.WebUiBuiltInKeywords$verifyElementText$5.call(Unknown Source)
	at TC014-Verify user can click on continue button.run(TC014-Verify user can click on continue button:34)
	at com.kms.katalon.core.main.ScriptEngine.run(ScriptEngine.java:194)
	at com.kms.katalon.core.main.ScriptEngine.runScriptAsRawText(ScriptEngine.java:119)
	at com.kms.katalon.core.main.TestCaseExecutor.runScript(TestCaseExecutor.java:448)
	at com.kms.katalon.core.main.TestCaseExecutor.doExecute(TestCaseExecutor.java:439)
	at com.kms.katalon.core.main.TestCaseExecutor.processExecutionPhase(TestCaseExecutor.java:418)
	at com.kms.katalon.core.main.TestCaseExecutor.accessMainPhase(TestCaseExecutor.java:410)
	at com.kms.katalon.core.main.TestCaseExecutor.execute(TestCaseExecutor.java:285)
	at com.kms.katalon.core.common.CommonExecutor.accessTestCaseMainPhase(CommonExecutor.java:65)
	at com.kms.katalon.core.main.TestSuiteExecutor.accessTestSuiteMainPhase(TestSuiteExecutor.java:148)
	at com.kms.katalon.core.main.TestSuiteExecutor.execute(TestSuiteExecutor.java:106)
	at com.kms.katalon.core.main.TestCaseMain.startTestSuite(TestCaseMain.java:187)
	at com.kms.katalon.core.main.TestCaseMain$startTestSuite$0.call(Unknown Source)
	at TempTestSuite1696855132405.run(TempTestSuite1696855132405.groovy:36)
Caused by: com.kms.katalon.core.exception.StepFailedException: com.kms.katalon.core.webui.exception.WebElementNotFoundException: Web element with id: 'Object Repository/Dashboard/TC014-Verify user can click on continue button/Page_Landingly  Projects/h2_Projects' located by '//div[@id='app']/div/div[3]/div[3]/div/div/div[2]/div/div/div/h2' not found
	at com.kms.katalon.core.webui.keyword.internal.WebUIKeywordMain.stepFailed(WebUIKeywordMain.groovy:64)
	at com.kms.katalon.core.webui.keyword.builtin.VerifyElementTextKeyword$_verifyElementText_closure1.doCall(VerifyElementTextKeyword.groovy:64)
	at com.kms.katalon.core.webui.keyword.builtin.VerifyElementTextKeyword$_verifyElementText_closure1.call(VerifyElementTextKeyword.groovy)
	at com.kms.katalon.core.webui.keyword.internal.WebUIKeywordMain.runKeyword(WebUIKeywordMain.groovy:20)
	... 19 more
"/>
         <system-out><![CDATA[2023-10-09 17:39:49 - [TEST_CASE][FAILED] - Test Cases/Dashboard/TC014-Verify user can click on continue button: Test Cases/Dashboard/TC014-Verify user can click on continue button FAILED.
Reason:
com.kms.katalon.core.exception.StepFailedException: Verify element text of test object 'Object Repository/Dashboard/TC014-Verify user can click on continue button/Page_Landingly  Projects/h2_Projects' FAILED.
	at com.kms.katalon.core.webui.keyword.internal.WebUIKeywordMain.stepFailed(WebUIKeywordMain.groovy:64)
	at com.kms.katalon.core.webui.keyword.internal.WebUIKeywordMain.runKeyword(WebUIKeywordMain.groovy:26)
	at com.kms.katalon.core.webui.keyword.builtin.VerifyElementTextKeyword.verifyElementText(VerifyElementTextKeyword.groovy:72)
	at com.kms.katalon.core.webui.keyword.builtin.VerifyElementTextKeyword.execute(VerifyElementTextKeyword.groovy:40)
	at com.kms.katalon.core.keyword.internal.KeywordExecutor.executeKeywordForPlatform(KeywordExecutor.groovy:74)
	at com.kms.katalon.core.webui.keyword.WebUiBuiltInKeywords.verifyElementText(WebUiBuiltInKeywords.groovy:4749)
	at com.kms.katalon.core.webui.keyword.WebUiBuiltInKeywords$verifyElementText$5.call(Unknown Source)
	at TC014-Verify user can click on continue button.run(TC014-Verify user can click on continue button:34)
	at com.kms.katalon.core.main.ScriptEngine.run(ScriptEngine.java:194)
	at com.kms.katalon.core.main.ScriptEngine.runScriptAsRawText(ScriptEngine.java:119)
	at com.kms.katalon.core.main.TestCaseExecutor.runScript(TestCaseExecutor.java:448)
	at com.kms.katalon.core.main.TestCaseExecutor.doExecute(TestCaseExecutor.java:439)
	at com.kms.katalon.core.main.TestCaseExecutor.processExecutionPhase(TestCaseExecutor.java:418)
	at com.kms.katalon.core.main.TestCaseExecutor.accessMainPhase(TestCaseExecutor.java:410)
	at com.kms.katalon.core.main.TestCaseExecutor.execute(TestCaseExecutor.java:285)
	at com.kms.katalon.core.common.CommonExecutor.accessTestCaseMainPhase(CommonExecutor.java:65)
	at com.kms.katalon.core.main.TestSuiteExecutor.accessTestSuiteMainPhase(TestSuiteExecutor.java:148)
	at com.kms.katalon.core.main.TestSuiteExecutor.execute(TestSuiteExecutor.java:106)
	at com.kms.katalon.core.main.TestCaseMain.startTestSuite(TestCaseMain.java:187)
	at com.kms.katalon.core.main.TestCaseMain$startTestSuite$0.call(Unknown Source)
	at TempTestSuite1696855132405.run(TempTestSuite1696855132405.groovy:36)
Caused by: com.kms.katalon.core.exception.StepFailedException: com.kms.katalon.core.webui.exception.WebElementNotFoundException: Web element with id: 'Object Repository/Dashboard/TC014-Verify user can click on continue button/Page_Landingly  Projects/h2_Projects' located by '//div[@id='app']/div/div[3]/div[3]/div/div/div[2]/div/div/div/h2' not found
	at com.kms.katalon.core.webui.keyword.internal.WebUIKeywordMain.stepFailed(WebUIKeywordMain.groovy:64)
	at com.kms.katalon.core.webui.keyword.builtin.VerifyElementTextKeyword$_verifyElementText_closure1.doCall(VerifyElementTextKeyword.groovy:64)
	at com.kms.katalon.core.webui.keyword.builtin.VerifyElementTextKeyword$_verifyElementText_closure1.call(VerifyElementTextKeyword.groovy)
	at com.kms.katalon.core.webui.keyword.internal.WebUIKeywordMain.runKeyword(WebUIKeywordMain.groovy:20)
	... 19 more


2023-10-09 17:39:51 - [TEST_STEP][PASSED] - openBrowser(""): Browser is opened with url: ''

2023-10-09 17:39:51 - [MESSAGE][INFO] - Starting 'Chrome' driver

2023-10-09 17:39:51 - [MESSAGE][INFO] - Action delay is set to 0 milliseconds

2023-10-09 17:39:54 - [MESSAGE][PASSED] - Browser is opened with url: ''

2023-10-09 17:39:54 - [TEST_STEP][PASSED] - navigateToUrl("https://app.landingly.com/"): Navigate to 'https://app.landingly.com/' successfully

2023-10-09 17:40:07 - [MESSAGE][PASSED] - Navigate to 'https://app.landingly.com/' successfully

2023-10-09 17:40:07 - [TEST_STEP][PASSED] - setText(findTestObject("Object Repository/Dashboard/TC014-Verify user can click on continue button/Page_Landingly  Login/input_Email_login-email"), "sqaahmadtahir@gmail.com"): Text 'sqaahmadtahir@gmail.com' is set on object 'Object Repository/Dashboard/TC014-Verify user can click on continue button/Page_Landingly  Login/input_Email_login-email'

2023-10-09 17:40:08 - [MESSAGE][PASSED] - Text 'sqaahmadtahir@gmail.com' is set on object 'Object Repository/Dashboard/TC014-Verify user can click on continue button/Page_Landingly  Login/input_Email_login-email'

2023-10-09 17:40:08 - [TEST_STEP][PASSED] - setEncryptedText(findTestObject("Object Repository/Dashboard/TC014-Verify user can click on continue button/Page_Landingly  Login/input_Forgot Password_login-password"), "/5S6MFFLcE5DAenbZpYNsQ=="): Text ****** has been set on object 'Object Repository/Dashboard/TC014-Verify user can click on continue button/Page_Landingly  Login/input_Forgot Password_login-password'

2023-10-09 17:40:09 - [MESSAGE][PASSED] - Text ****** has been set on object 'Object Repository/Dashboard/TC014-Verify user can click on continue button/Page_Landingly  Login/input_Forgot Password_login-password'

2023-10-09 17:40:09 - [TEST_STEP][PASSED] - click(findTestObject("Object Repository/Dashboard/TC014-Verify user can click on continue button/Page_Landingly  Login/button_Sign in")): Object: 'Object Repository/Dashboard/TC014-Verify user can click on continue button/Page_Landingly  Login/button_Sign in' is clicked on

2023-10-09 17:40:10 - [MESSAGE][PASSED] - Object: 'Object Repository/Dashboard/TC014-Verify user can click on continue button/Page_Landingly  Login/button_Sign in' is clicked on

2023-10-09 17:40:10 - [TEST_STEP][PASSED] - click(findTestObject("Object Repository/Dashboard/TC014-Verify user can click on continue button/Page_Landingly/button_Continue")): Object: 'Object Repository/Dashboard/TC014-Verify user can click on continue button/Page_Landingly/button_Continue' is clicked on

2023-10-09 17:40:13 - [MESSAGE][PASSED] - Object: 'Object Repository/Dashboard/TC014-Verify user can click on continue button/Page_Landingly/button_Continue' is clicked on

2023-10-09 17:40:13 - [TEST_STEP][FAILED] - verifyElementText(findTestObject("Object Repository/Dashboard/TC014-Verify user can click on continue button/Page_Landingly  Projects/h2_Projects"), "Projects"): Verify element text of test object 'Object Repository/Dashboard/TC014-Verify user can click on continue button/Page_Landingly  Projects/h2_Projects' FAILED. (Root cause: com.kms.katalon.core.exception.StepFailedException: Verify element text of test object 'Object Repository/Dashboard/TC014-Verify user can click on continue button/Page_Landingly  Projects/h2_Projects' FAILED.
	at com.kms.katalon.core.webui.keyword.internal.WebUIKeywordMain.stepFailed(WebUIKeywordMain.groovy:64)
	at com.kms.katalon.core.webui.keyword.internal.WebUIKeywordMain.runKeyword(WebUIKeywordMain.groovy:26)
	at com.kms.katalon.core.webui.keyword.builtin.VerifyElementTextKeyword.verifyElementText(VerifyElementTextKeyword.groovy:72)
	at com.kms.katalon.core.webui.keyword.builtin.VerifyElementTextKeyword.execute(VerifyElementTextKeyword.groovy:40)
	at com.kms.katalon.core.keyword.internal.KeywordExecutor.executeKeywordForPlatform(KeywordExecutor.groovy:74)
	at com.kms.katalon.core.webui.keyword.WebUiBuiltInKeywords.verifyElementText(WebUiBuiltInKeywords.groovy:4749)
	at com.kms.katalon.core.webui.keyword.WebUiBuiltInKeywords$verifyElementText$5.call(Unknown Source)
	at TC014-Verify user can click on continue button.run(TC014-Verify user can click on continue button:34)
	at com.kms.katalon.core.main.ScriptEngine.run(ScriptEngine.java:194)
	at com.kms.katalon.core.main.ScriptEngine.runScriptAsRawText(ScriptEngine.java:119)
	at com.kms.katalon.core.main.TestCaseExecutor.runScript(TestCaseExecutor.java:448)
	at com.kms.katalon.core.main.TestCaseExecutor.doExecute(TestCaseExecutor.java:439)
	at com.kms.katalon.core.main.TestCaseExecutor.processExecutionPhase(TestCaseExecutor.java:418)
	at com.kms.katalon.core.main.TestCaseExecutor.accessMainPhase(TestCaseExecutor.java:410)
	at com.kms.katalon.core.main.TestCaseExecutor.execute(TestCaseExecutor.java:285)
	at com.kms.katalon.core.common.CommonExecutor.accessTestCaseMainPhase(CommonExecutor.java:65)
	at com.kms.katalon.core.main.TestSuiteExecutor.accessTestSuiteMainPhase(TestSuiteExecutor.java:148)
	at com.kms.katalon.core.main.TestSuiteExecutor.execute(TestSuiteExecutor.java:106)
	at com.kms.katalon.core.main.TestCaseMain.startTestSuite(TestCaseMain.java:187)
	at com.kms.katalon.core.main.TestCaseMain$startTestSuite$0.call(Unknown Source)
	at TempTestSuite1696855132405.run(TempTestSuite1696855132405.groovy:36)
Caused by: com.kms.katalon.core.exception.StepFailedException: com.kms.katalon.core.webui.exception.WebElementNotFoundException: Web element with id: 'Object Repository/Dashboard/TC014-Verify user can click on continue button/Page_Landingly  Projects/h2_Projects' located by '//div[@id='app']/div/div[3]/div[3]/div/div/div[2]/div/div/div/h2' not found
	at com.kms.katalon.core.webui.keyword.internal.WebUIKeywordMain.stepFailed(WebUIKeywordMain.groovy:64)
	at com.kms.katalon.core.webui.keyword.builtin.VerifyElementTextKeyword$_verifyElementText_closure1.doCall(VerifyElementTextKeyword.groovy:64)
	at com.kms.katalon.core.webui.keyword.builtin.VerifyElementTextKeyword$_verifyElementText_closure1.call(VerifyElementTextKeyword.groovy)
	at com.kms.katalon.core.webui.keyword.internal.WebUIKeywordMain.runKeyword(WebUIKeywordMain.groovy:20)
	... 19 more
)

2023-10-09 17:40:44 - [MESSAGE][INFO] - Unable to find the element located by 'By.xpath: //div[@id='app']/div/div[3]/div[3]/div/div/div[2]/div/div/div/h2'. Please recheck the objects properties to make sure the desired element is located. 

2023-10-09 17:40:45 - [MESSAGE][FAILED] - com.kms.katalon.core.webui.exception.WebElementNotFoundException: Web element with id: 'Object Repository/Dashboard/TC014-Verify user can click on continue button/Page_Landingly  Projects/h2_Projects' located by '//div[@id='app']/div/div[3]/div[3]/div/div/div[2]/div/div/div/h2' not found (Root cause: com.kms.katalon.core.exception.StepFailedException: com.kms.katalon.core.webui.exception.WebElementNotFoundException: Web element with id: 'Object Repository/Dashboard/TC014-Verify user can click on continue button/Page_Landingly  Projects/h2_Projects' located by '//div[@id='app']/div/div[3]/div[3]/div/div/div[2]/div/div/div/h2' not found
	at com.kms.katalon.core.webui.keyword.internal.WebUIKeywordMain.stepFailed(WebUIKeywordMain.groovy:64)
	at com.kms.katalon.core.webui.keyword.builtin.VerifyElementTextKeyword$_verifyElementText_closure1.doCall(VerifyElementTextKeyword.groovy:64)
	at com.kms.katalon.core.webui.keyword.builtin.VerifyElementTextKeyword$_verifyElementText_closure1.call(VerifyElementTextKeyword.groovy)
	at com.kms.katalon.core.webui.keyword.internal.WebUIKeywordMain.runKeyword(WebUIKeywordMain.groovy:20)
	at com.kms.katalon.core.webui.keyword.builtin.VerifyElementTextKeyword.verifyElementText(VerifyElementTextKeyword.groovy:72)
	at com.kms.katalon.core.webui.keyword.builtin.VerifyElementTextKeyword.execute(VerifyElementTextKeyword.groovy:40)
	at com.kms.katalon.core.keyword.internal.KeywordExecutor.executeKeywordForPlatform(KeywordExecutor.groovy:74)
	at com.kms.katalon.core.webui.keyword.WebUiBuiltInKeywords.verifyElementText(WebUiBuiltInKeywords.groovy:4749)
	at com.kms.katalon.core.webui.keyword.WebUiBuiltInKeywords$verifyElementText$5.call(Unknown Source)
	at TC014-Verify user can click on continue button.run(TC014-Verify user can click on continue button:34)
	at com.kms.katalon.core.main.ScriptEngine.run(ScriptEngine.java:194)
	at com.kms.katalon.core.main.ScriptEngine.runScriptAsRawText(ScriptEngine.java:119)
	at com.kms.katalon.core.main.TestCaseExecutor.runScript(TestCaseExecutor.java:448)
	at com.kms.katalon.core.main.TestCaseExecutor.doExecute(TestCaseExecutor.java:439)
	at com.kms.katalon.core.main.TestCaseExecutor.processExecutionPhase(TestCaseExecutor.java:418)
	at com.kms.katalon.core.main.TestCaseExecutor.accessMainPhase(TestCaseExecutor.java:410)
	at com.kms.katalon.core.main.TestCaseExecutor.execute(TestCaseExecutor.java:285)
	at com.kms.katalon.core.common.CommonExecutor.accessTestCaseMainPhase(CommonExecutor.java:65)
	at com.kms.katalon.core.main.TestSuiteExecutor.accessTestSuiteMainPhase(TestSuiteExecutor.java:148)
	at com.kms.katalon.core.main.TestSuiteExecutor.execute(TestSuiteExecutor.java:106)
	at com.kms.katalon.core.main.TestCaseMain.startTestSuite(TestCaseMain.java:187)
	at com.kms.katalon.core.main.TestCaseMain$startTestSuite$0.call(Unknown Source)
	at TempTestSuite1696855132405.run(TempTestSuite1696855132405.groovy:36)
)
[[ATTACHMENT|C:\\Users\\TDS\\git\\Landingly\\Reports\\20231009_173852\\Landingly\\20231009_173852\\1696855244575.png]]

2023-10-09 17:40:45 - [MESSAGE][FAILED] - Verify element text of test object 'Object Repository/Dashboard/TC014-Verify user can click on continue button/Page_Landingly  Projects/h2_Projects' FAILED. (Root cause: com.kms.katalon.core.exception.StepFailedException: Verify element text of test object 'Object Repository/Dashboard/TC014-Verify user can click on continue button/Page_Landingly  Projects/h2_Projects' FAILED.
	at com.kms.katalon.core.webui.keyword.internal.WebUIKeywordMain.stepFailed(WebUIKeywordMain.groovy:64)
	at com.kms.katalon.core.webui.keyword.internal.WebUIKeywordMain.runKeyword(WebUIKeywordMain.groovy:26)
	at com.kms.katalon.core.webui.keyword.builtin.VerifyElementTextKeyword.verifyElementText(VerifyElementTextKeyword.groovy:72)
	at com.kms.katalon.core.webui.keyword.builtin.VerifyElementTextKeyword.execute(VerifyElementTextKeyword.groovy:40)
	at com.kms.katalon.core.keyword.internal.KeywordExecutor.executeKeywordForPlatform(KeywordExecutor.groovy:74)
	at com.kms.katalon.core.webui.keyword.WebUiBuiltInKeywords.verifyElementText(WebUiBuiltInKeywords.groovy:4749)
	at com.kms.katalon.core.webui.keyword.WebUiBuiltInKeywords$verifyElementText$5.call(Unknown Source)
	at TC014-Verify user can click on continue button.run(TC014-Verify user can click on continue button:34)
	at com.kms.katalon.core.main.ScriptEngine.run(ScriptEngine.java:194)
	at com.kms.katalon.core.main.ScriptEngine.runScriptAsRawText(ScriptEngine.java:119)
	at com.kms.katalon.core.main.TestCaseExecutor.runScript(TestCaseExecutor.java:448)
	at com.kms.katalon.core.main.TestCaseExecutor.doExecute(TestCaseExecutor.java:439)
	at com.kms.katalon.core.main.TestCaseExecutor.processExecutionPhase(TestCaseExecutor.java:418)
	at com.kms.katalon.core.main.TestCaseExecutor.accessMainPhase(TestCaseExecutor.java:410)
	at com.kms.katalon.core.main.TestCaseExecutor.execute(TestCaseExecutor.java:285)
	at com.kms.katalon.core.common.CommonExecutor.accessTestCaseMainPhase(CommonExecutor.java:65)
	at com.kms.katalon.core.main.TestSuiteExecutor.accessTestSuiteMainPhase(TestSuiteExecutor.java:148)
	at com.kms.katalon.core.main.TestSuiteExecutor.execute(TestSuiteExecutor.java:106)
	at com.kms.katalon.core.main.TestCaseMain.startTestSuite(TestCaseMain.java:187)
	at com.kms.katalon.core.main.TestCaseMain$startTestSuite$0.call(Unknown Source)
	at TempTestSuite1696855132405.run(TempTestSuite1696855132405.groovy:36)
Caused by: com.kms.katalon.core.exception.StepFailedException: com.kms.katalon.core.webui.exception.WebElementNotFoundException: Web element with id: 'Object Repository/Dashboard/TC014-Verify user can click on continue button/Page_Landingly  Projects/h2_Projects' located by '//div[@id='app']/div/div[3]/div[3]/div/div/div[2]/div/div/div/h2' not found
	at com.kms.katalon.core.webui.keyword.internal.WebUIKeywordMain.stepFailed(WebUIKeywordMain.groovy:64)
	at com.kms.katalon.core.webui.keyword.builtin.VerifyElementTextKeyword$_verifyElementText_closure1.doCall(VerifyElementTextKeyword.groovy:64)
	at com.kms.katalon.core.webui.keyword.builtin.VerifyElementTextKeyword$_verifyElementText_closure1.call(VerifyElementTextKeyword.groovy)
	at com.kms.katalon.core.webui.keyword.internal.WebUIKeywordMain.runKeyword(WebUIKeywordMain.groovy:20)
	... 19 more
)
[[ATTACHMENT|C:\\Users\\TDS\\git\\Landingly\\Reports\\20231009_173852\\Landingly\\20231009_173852\\1696855245120.png]]]]></system-out>
         <system-err><![CDATA[2023-10-09 17:39:49 - [TEST_CASE][FAILED] - Test Cases/Dashboard/TC014-Verify user can click on continue button: Test Cases/Dashboard/TC014-Verify user can click on continue button FAILED.
Reason:
com.kms.katalon.core.exception.StepFailedException: Verify element text of test object 'Object Repository/Dashboard/TC014-Verify user can click on continue button/Page_Landingly  Projects/h2_Projects' FAILED.
	at com.kms.katalon.core.webui.keyword.internal.WebUIKeywordMain.stepFailed(WebUIKeywordMain.groovy:64)
	at com.kms.katalon.core.webui.keyword.internal.WebUIKeywordMain.runKeyword(WebUIKeywordMain.groovy:26)
	at com.kms.katalon.core.webui.keyword.builtin.VerifyElementTextKeyword.verifyElementText(VerifyElementTextKeyword.groovy:72)
	at com.kms.katalon.core.webui.keyword.builtin.VerifyElementTextKeyword.execute(VerifyElementTextKeyword.groovy:40)
	at com.kms.katalon.core.keyword.internal.KeywordExecutor.executeKeywordForPlatform(KeywordExecutor.groovy:74)
	at com.kms.katalon.core.webui.keyword.WebUiBuiltInKeywords.verifyElementText(WebUiBuiltInKeywords.groovy:4749)
	at com.kms.katalon.core.webui.keyword.WebUiBuiltInKeywords$verifyElementText$5.call(Unknown Source)
	at TC014-Verify user can click on continue button.run(TC014-Verify user can click on continue button:34)
	at com.kms.katalon.core.main.ScriptEngine.run(ScriptEngine.java:194)
	at com.kms.katalon.core.main.ScriptEngine.runScriptAsRawText(ScriptEngine.java:119)
	at com.kms.katalon.core.main.TestCaseExecutor.runScript(TestCaseExecutor.java:448)
	at com.kms.katalon.core.main.TestCaseExecutor.doExecute(TestCaseExecutor.java:439)
	at com.kms.katalon.core.main.TestCaseExecutor.processExecutionPhase(TestCaseExecutor.java:418)
	at com.kms.katalon.core.main.TestCaseExecutor.accessMainPhase(TestCaseExecutor.java:410)
	at com.kms.katalon.core.main.TestCaseExecutor.execute(TestCaseExecutor.java:285)
	at com.kms.katalon.core.common.CommonExecutor.accessTestCaseMainPhase(CommonExecutor.java:65)
	at com.kms.katalon.core.main.TestSuiteExecutor.accessTestSuiteMainPhase(TestSuiteExecutor.java:148)
	at com.kms.katalon.core.main.TestSuiteExecutor.execute(TestSuiteExecutor.java:106)
	at com.kms.katalon.core.main.TestCaseMain.startTestSuite(TestCaseMain.java:187)
	at com.kms.katalon.core.main.TestCaseMain$startTestSuite$0.call(Unknown Source)
	at TempTestSuite1696855132405.run(TempTestSuite1696855132405.groovy:36)
Caused by: com.kms.katalon.core.exception.StepFailedException: com.kms.katalon.core.webui.exception.WebElementNotFoundException: Web element with id: 'Object Repository/Dashboard/TC014-Verify user can click on continue button/Page_Landingly  Projects/h2_Projects' located by '//div[@id='app']/div/div[3]/div[3]/div/div/div[2]/div/div/div/h2' not found
	at com.kms.katalon.core.webui.keyword.internal.WebUIKeywordMain.stepFailed(WebUIKeywordMain.groovy:64)
	at com.kms.katalon.core.webui.keyword.builtin.VerifyElementTextKeyword$_verifyElementText_closure1.doCall(VerifyElementTextKeyword.groovy:64)
	at com.kms.katalon.core.webui.keyword.builtin.VerifyElementTextKeyword$_verifyElementText_closure1.call(VerifyElementTextKeyword.groovy)
	at com.kms.katalon.core.webui.keyword.internal.WebUIKeywordMain.runKeyword(WebUIKeywordMain.groovy:20)
	... 19 more]]></system-err>
      </testcase>
      <testcase name="Test Cases/Dashboard/TC015-Verify user can change theme dark-light" time="28.314" classname="Test Cases/Dashboard/TC015-Verify user can change theme dark-light" status="PASSED">
         <system-out><![CDATA[2023-10-09 17:40:45 - [TEST_CASE][PASSED] - Test Cases/Dashboard/TC015-Verify user can change theme dark-light: Test Cases/Dashboard/TC015-Verify user can change theme dark-light

2023-10-09 17:40:46 - [TEST_STEP][PASSED] - openBrowser(""): Browser is opened with url: ''

2023-10-09 17:40:46 - [MESSAGE][WARNING] - A browser is already opened. Closing browser and opening a new one

2023-10-09 17:40:48 - [MESSAGE][INFO] - Starting 'Chrome' driver

2023-10-09 17:40:48 - [MESSAGE][INFO] - Action delay is set to 0 milliseconds

2023-10-09 17:40:50 - [MESSAGE][PASSED] - Browser is opened with url: ''

2023-10-09 17:40:50 - [TEST_STEP][PASSED] - maximizeWindow(): Current window maximized

2023-10-09 17:40:51 - [MESSAGE][PASSED] - Current window maximized

2023-10-09 17:40:51 - [TEST_STEP][PASSED] - navigateToUrl("https://app.landingly.com/login"): Navigate to 'https://app.landingly.com/login' successfully

2023-10-09 17:40:57 - [MESSAGE][PASSED] - Navigate to 'https://app.landingly.com/login' successfully

2023-10-09 17:40:57 - [TEST_STEP][PASSED] - setText(findTestObject("Object Repository/Dashboard/TC015-Verify user can change theme dark-light/Page_Landingly  Login/input_Email_login-email"), "sqaahmadtahir@gmail.com"): Text 'sqaahmadtahir@gmail.com' is set on object 'Object Repository/Dashboard/TC015-Verify user can change theme dark-light/Page_Landingly  Login/input_Email_login-email'

2023-10-09 17:40:58 - [MESSAGE][PASSED] - Text 'sqaahmadtahir@gmail.com' is set on object 'Object Repository/Dashboard/TC015-Verify user can change theme dark-light/Page_Landingly  Login/input_Email_login-email'

2023-10-09 17:40:58 - [TEST_STEP][PASSED] - setEncryptedText(findTestObject("Object Repository/Dashboard/TC015-Verify user can change theme dark-light/Page_Landingly  Login/input_Forgot Password_login-password"), "/5S6MFFLcE5DAenbZpYNsQ=="): Text ****** has been set on object 'Object Repository/Dashboard/TC015-Verify user can change theme dark-light/Page_Landingly  Login/input_Forgot Password_login-password'

2023-10-09 17:40:59 - [MESSAGE][PASSED] - Text ****** has been set on object 'Object Repository/Dashboard/TC015-Verify user can change theme dark-light/Page_Landingly  Login/input_Forgot Password_login-password'

2023-10-09 17:40:59 - [TEST_STEP][PASSED] - click(findTestObject("Object Repository/Dashboard/TC015-Verify user can change theme dark-light/Page_Landingly  Login/button_Sign in")): Object: 'Object Repository/Dashboard/TC015-Verify user can change theme dark-light/Page_Landingly  Login/button_Sign in' is clicked on

2023-10-09 17:41:00 - [MESSAGE][PASSED] - Object: 'Object Repository/Dashboard/TC015-Verify user can change theme dark-light/Page_Landingly  Login/button_Sign in' is clicked on

2023-10-09 17:41:00 - [TEST_STEP][PASSED] - delay(10): Delayed 10 second(s)

2023-10-09 17:41:10 - [MESSAGE][PASSED] - Delayed 10 second(s)

2023-10-09 17:41:10 - [TEST_STEP][PASSED] - if (verifyElementPresent(findTestObject("Object Repository/Dashboard/TC015-Verify user can change theme dark-light/Page_Landingly/svg_Profile_feather feather-sun"), 10, CONTINUE_ON_FAILURE)): null

2023-10-09 17:41:11 - [MESSAGE][PASSED] - Object 'Object Repository/Dashboard/TC015-Verify user can change theme dark-light/Page_Landingly/svg_Profile_feather feather-sun' is present

2023-10-09 17:41:11 - [TEST_STEP][PASSED] - click(findTestObject("Object Repository/Dashboard/TC015-Verify user can change theme dark-light/Page_Landingly/svg_Profile_feather feather-sun")): Object: 'Object Repository/Dashboard/TC015-Verify user can change theme dark-light/Page_Landingly/svg_Profile_feather feather-sun' is clicked on

2023-10-09 17:41:11 - [MESSAGE][PASSED] - Object: 'Object Repository/Dashboard/TC015-Verify user can change theme dark-light/Page_Landingly/svg_Profile_feather feather-sun' is clicked on

2023-10-09 17:41:11 - [TEST_STEP][PASSED] - click(findTestObject("Object Repository/Dashboard/TC015-Verify user can change theme dark-light/Page_Landingly/svg_Profile_feather feather-moon")): Object: 'Object Repository/Dashboard/TC015-Verify user can change theme dark-light/Page_Landingly/svg_Profile_feather feather-moon' is clicked on

2023-10-09 17:41:12 - [MESSAGE][PASSED] - Object: 'Object Repository/Dashboard/TC015-Verify user can change theme dark-light/Page_Landingly/svg_Profile_feather feather-moon' is clicked on

2023-10-09 17:41:12 - [TEST_STEP][PASSED] - closeBrowser(): Browser is closed

2023-10-09 17:41:13 - [MESSAGE][PASSED] - Browser is closed]]></system-out>
         <system-err><![CDATA[]]></system-err>
      </testcase>
      <testcase name="Test Cases/Login/TC001-Validlogin" time="13.982" classname="Test Cases/Login/TC001-Validlogin" status="PASSED">
         <system-out><![CDATA[2023-10-09 17:41:13 - [TEST_CASE][PASSED] - Test Cases/Login/TC001-Validlogin: Test Cases/Login/TC001-Validlogin

2023-10-09 17:41:14 - [TEST_STEP][PASSED] - openBrowser(""): Browser is opened with url: ''

2023-10-09 17:41:14 - [MESSAGE][INFO] - Starting 'Chrome' driver

2023-10-09 17:41:14 - [MESSAGE][INFO] - Action delay is set to 0 milliseconds

2023-10-09 17:41:17 - [MESSAGE][PASSED] - Browser is opened with url: ''

2023-10-09 17:41:17 - [TEST_STEP][PASSED] - maximizeWindow(): Current window maximized

2023-10-09 17:41:18 - [MESSAGE][PASSED] - Current window maximized

2023-10-09 17:41:18 - [TEST_STEP][PASSED] - navigateToUrl("https://app.landingly.com/"): Navigate to 'https://app.landingly.com/' successfully

2023-10-09 17:41:24 - [MESSAGE][PASSED] - Navigate to 'https://app.landingly.com/' successfully

2023-10-09 17:41:24 - [TEST_STEP][PASSED] - setText(findTestObject("Object Repository/Login/TC001-Validlogin/Page_Landingly  Login/input_Email_login-email"), "sqaahmadtahir@gmail.com"): Text 'sqaahmadtahir@gmail.com' is set on object 'Object Repository/Login/TC001-Validlogin/Page_Landingly  Login/input_Email_login-email'

2023-10-09 17:41:25 - [MESSAGE][PASSED] - Text 'sqaahmadtahir@gmail.com' is set on object 'Object Repository/Login/TC001-Validlogin/Page_Landingly  Login/input_Email_login-email'

2023-10-09 17:41:25 - [TEST_STEP][PASSED] - setEncryptedText(findTestObject("Object Repository/Login/TC001-Validlogin/Page_Landingly  Login/input_Forgot Password_login-password"), "/5S6MFFLcE5DAenbZpYNsQ=="): Text ****** has been set on object 'Object Repository/Login/TC001-Validlogin/Page_Landingly  Login/input_Forgot Password_login-password'

2023-10-09 17:41:26 - [MESSAGE][PASSED] - Text ****** has been set on object 'Object Repository/Login/TC001-Validlogin/Page_Landingly  Login/input_Forgot Password_login-password'

2023-10-09 17:41:26 - [TEST_STEP][PASSED] - click(findTestObject("Object Repository/Login/TC001-Validlogin/Page_Landingly  Login/button_Sign in")): Object: 'Object Repository/Login/TC001-Validlogin/Page_Landingly  Login/button_Sign in' is clicked on

2023-10-09 17:41:26 - [MESSAGE][PASSED] - Object: 'Object Repository/Login/TC001-Validlogin/Page_Landingly  Login/button_Sign in' is clicked on

2023-10-09 17:41:26 - [TEST_STEP][PASSED] - closeBrowser(): Browser is closed

2023-10-09 17:41:27 - [MESSAGE][PASSED] - Browser is closed]]></system-out>
         <system-err><![CDATA[]]></system-err>
      </testcase>
      <testcase name="Test Cases/Login/TC002-Valid Email and Invalid Password" time="54.51" classname="Test Cases/Login/TC002-Valid Email and Invalid Password" status="FAILED">
         <failure type="FAILED" message="Test Cases/Login/TC002-Valid Email and Invalid Password FAILED.
Reason:
com.kms.katalon.core.exception.StepFailedException: Verify element text of test object 'Object Repository/Login/TC002-Valid Email and Invalid Password/Page_Landingly  Login/h5_Invalid Login Attempt' FAILED.
	at com.kms.katalon.core.webui.keyword.internal.WebUIKeywordMain.stepFailed(WebUIKeywordMain.groovy:64)
	at com.kms.katalon.core.webui.keyword.internal.WebUIKeywordMain.runKeyword(WebUIKeywordMain.groovy:26)
	at com.kms.katalon.core.webui.keyword.builtin.VerifyElementTextKeyword.verifyElementText(VerifyElementTextKeyword.groovy:72)
	at com.kms.katalon.core.webui.keyword.builtin.VerifyElementTextKeyword.execute(VerifyElementTextKeyword.groovy:40)
	at com.kms.katalon.core.keyword.internal.KeywordExecutor.executeKeywordForPlatform(KeywordExecutor.groovy:74)
	at com.kms.katalon.core.webui.keyword.WebUiBuiltInKeywords.verifyElementText(WebUiBuiltInKeywords.groovy:4749)
	at com.kms.katalon.core.webui.keyword.WebUiBuiltInKeywords$verifyElementText$5.call(Unknown Source)
	at TC002-Valid Email and Invalid Password.run(TC002-Valid Email and Invalid Password:34)
	at com.kms.katalon.core.main.ScriptEngine.run(ScriptEngine.java:194)
	at com.kms.katalon.core.main.ScriptEngine.runScriptAsRawText(ScriptEngine.java:119)
	at com.kms.katalon.core.main.TestCaseExecutor.runScript(TestCaseExecutor.java:448)
	at com.kms.katalon.core.main.TestCaseExecutor.doExecute(TestCaseExecutor.java:439)
	at com.kms.katalon.core.main.TestCaseExecutor.processExecutionPhase(TestCaseExecutor.java:418)
	at com.kms.katalon.core.main.TestCaseExecutor.accessMainPhase(TestCaseExecutor.java:410)
	at com.kms.katalon.core.main.TestCaseExecutor.execute(TestCaseExecutor.java:285)
	at com.kms.katalon.core.common.CommonExecutor.accessTestCaseMainPhase(CommonExecutor.java:65)
	at com.kms.katalon.core.main.TestSuiteExecutor.accessTestSuiteMainPhase(TestSuiteExecutor.java:148)
	at com.kms.katalon.core.main.TestSuiteExecutor.execute(TestSuiteExecutor.java:106)
	at com.kms.katalon.core.main.TestCaseMain.startTestSuite(TestCaseMain.java:187)
	at com.kms.katalon.core.main.TestCaseMain$startTestSuite$0.call(Unknown Source)
	at TempTestSuite1696855132405.run(TempTestSuite1696855132405.groovy:36)
Caused by: com.kms.katalon.core.exception.StepFailedException: Actual text '' and expected text 'Invalid Login Attempt' of test object 'Object Repository/Login/TC002-Valid Email and Invalid Password/Page_Landingly  Login/h5_Invalid Login Attempt' are NOT matched.
	at com.kms.katalon.core.webui.keyword.internal.WebUIKeywordMain.stepFailed(WebUIKeywordMain.groovy:64)
	at com.kms.katalon.core.webui.keyword.builtin.VerifyElementTextKeyword$_verifyElementText_closure1.doCall(VerifyElementTextKeyword.groovy:57)
	at com.kms.katalon.core.webui.keyword.builtin.VerifyElementTextKeyword$_verifyElementText_closure1.call(VerifyElementTextKeyword.groovy)
	at com.kms.katalon.core.webui.keyword.internal.WebUIKeywordMain.runKeyword(WebUIKeywordMain.groovy:20)
	... 19 more
"/>
         <system-out><![CDATA[2023-10-09 17:41:27 - [TEST_CASE][FAILED] - Test Cases/Login/TC002-Valid Email and Invalid Password: Test Cases/Login/TC002-Valid Email and Invalid Password FAILED.
Reason:
com.kms.katalon.core.exception.StepFailedException: Verify element text of test object 'Object Repository/Login/TC002-Valid Email and Invalid Password/Page_Landingly  Login/h5_Invalid Login Attempt' FAILED.
	at com.kms.katalon.core.webui.keyword.internal.WebUIKeywordMain.stepFailed(WebUIKeywordMain.groovy:64)
	at com.kms.katalon.core.webui.keyword.internal.WebUIKeywordMain.runKeyword(WebUIKeywordMain.groovy:26)
	at com.kms.katalon.core.webui.keyword.builtin.VerifyElementTextKeyword.verifyElementText(VerifyElementTextKeyword.groovy:72)
	at com.kms.katalon.core.webui.keyword.builtin.VerifyElementTextKeyword.execute(VerifyElementTextKeyword.groovy:40)
	at com.kms.katalon.core.keyword.internal.KeywordExecutor.executeKeywordForPlatform(KeywordExecutor.groovy:74)
	at com.kms.katalon.core.webui.keyword.WebUiBuiltInKeywords.verifyElementText(WebUiBuiltInKeywords.groovy:4749)
	at com.kms.katalon.core.webui.keyword.WebUiBuiltInKeywords$verifyElementText$5.call(Unknown Source)
	at TC002-Valid Email and Invalid Password.run(TC002-Valid Email and Invalid Password:34)
	at com.kms.katalon.core.main.ScriptEngine.run(ScriptEngine.java:194)
	at com.kms.katalon.core.main.ScriptEngine.runScriptAsRawText(ScriptEngine.java:119)
	at com.kms.katalon.core.main.TestCaseExecutor.runScript(TestCaseExecutor.java:448)
	at com.kms.katalon.core.main.TestCaseExecutor.doExecute(TestCaseExecutor.java:439)
	at com.kms.katalon.core.main.TestCaseExecutor.processExecutionPhase(TestCaseExecutor.java:418)
	at com.kms.katalon.core.main.TestCaseExecutor.accessMainPhase(TestCaseExecutor.java:410)
	at com.kms.katalon.core.main.TestCaseExecutor.execute(TestCaseExecutor.java:285)
	at com.kms.katalon.core.common.CommonExecutor.accessTestCaseMainPhase(CommonExecutor.java:65)
	at com.kms.katalon.core.main.TestSuiteExecutor.accessTestSuiteMainPhase(TestSuiteExecutor.java:148)
	at com.kms.katalon.core.main.TestSuiteExecutor.execute(TestSuiteExecutor.java:106)
	at com.kms.katalon.core.main.TestCaseMain.startTestSuite(TestCaseMain.java:187)
	at com.kms.katalon.core.main.TestCaseMain$startTestSuite$0.call(Unknown Source)
	at TempTestSuite1696855132405.run(TempTestSuite1696855132405.groovy:36)
Caused by: com.kms.katalon.core.exception.StepFailedException: Actual text '' and expected text 'Invalid Login Attempt' of test object 'Object Repository/Login/TC002-Valid Email and Invalid Password/Page_Landingly  Login/h5_Invalid Login Attempt' are NOT matched.
	at com.kms.katalon.core.webui.keyword.internal.WebUIKeywordMain.stepFailed(WebUIKeywordMain.groovy:64)
	at com.kms.katalon.core.webui.keyword.builtin.VerifyElementTextKeyword$_verifyElementText_closure1.doCall(VerifyElementTextKeyword.groovy:57)
	at com.kms.katalon.core.webui.keyword.builtin.VerifyElementTextKeyword$_verifyElementText_closure1.call(VerifyElementTextKeyword.groovy)
	at com.kms.katalon.core.webui.keyword.internal.WebUIKeywordMain.runKeyword(WebUIKeywordMain.groovy:20)
	... 19 more


2023-10-09 17:41:28 - [TEST_STEP][PASSED] - openBrowser(""): Browser is opened with url: ''

2023-10-09 17:41:28 - [MESSAGE][INFO] - Starting 'Chrome' driver

2023-10-09 17:41:28 - [MESSAGE][INFO] - Action delay is set to 0 milliseconds

2023-10-09 17:41:31 - [MESSAGE][PASSED] - Browser is opened with url: ''

2023-10-09 17:41:31 - [TEST_STEP][PASSED] - maximizeWindow(): Current window maximized

2023-10-09 17:41:31 - [MESSAGE][PASSED] - Current window maximized

2023-10-09 17:41:31 - [TEST_STEP][PASSED] - navigateToUrl("https://app.landingly.com/"): Navigate to 'https://app.landingly.com/' successfully

2023-10-09 17:42:10 - [MESSAGE][PASSED] - Navigate to 'https://app.landingly.com/' successfully

2023-10-09 17:42:10 - [TEST_STEP][PASSED] - setText(findTestObject("Object Repository/Login/TC002-Valid Email and Invalid Password/Page_Landingly  Login/input_Email_login-email"), "sqaahmadtahir@gmail.com"): Text 'sqaahmadtahir@gmail.com' is set on object 'Object Repository/Login/TC002-Valid Email and Invalid Password/Page_Landingly  Login/input_Email_login-email'

2023-10-09 17:42:14 - [MESSAGE][PASSED] - Text 'sqaahmadtahir@gmail.com' is set on object 'Object Repository/Login/TC002-Valid Email and Invalid Password/Page_Landingly  Login/input_Email_login-email'

2023-10-09 17:42:14 - [TEST_STEP][PASSED] - setEncryptedText(findTestObject("Object Repository/Login/TC002-Valid Email and Invalid Password/Page_Landingly  Login/input_Forgot Password_login-password"), "aeHFOx8jV/A="): Text ****** has been set on object 'Object Repository/Login/TC002-Valid Email and Invalid Password/Page_Landingly  Login/input_Forgot Password_login-password'

2023-10-09 17:42:16 - [MESSAGE][PASSED] - Text ****** has been set on object 'Object Repository/Login/TC002-Valid Email and Invalid Password/Page_Landingly  Login/input_Forgot Password_login-password'

2023-10-09 17:42:16 - [TEST_STEP][PASSED] - click(findTestObject("Object Repository/Login/TC002-Valid Email and Invalid Password/Page_Landingly  Login/button_Sign in")): Object: 'Object Repository/Login/TC002-Valid Email and Invalid Password/Page_Landingly  Login/button_Sign in' is clicked on

2023-10-09 17:42:18 - [MESSAGE][PASSED] - Object: 'Object Repository/Login/TC002-Valid Email and Invalid Password/Page_Landingly  Login/button_Sign in' is clicked on

2023-10-09 17:42:18 - [TEST_STEP][FAILED] - verifyElementText(findTestObject("Object Repository/Login/TC002-Valid Email and Invalid Password/Page_Landingly  Login/h5_Invalid Login Attempt"), "Invalid Login Attempt"): Verify element text of test object 'Object Repository/Login/TC002-Valid Email and Invalid Password/Page_Landingly  Login/h5_Invalid Login Attempt' FAILED. (Root cause: com.kms.katalon.core.exception.StepFailedException: Verify element text of test object 'Object Repository/Login/TC002-Valid Email and Invalid Password/Page_Landingly  Login/h5_Invalid Login Attempt' FAILED.
	at com.kms.katalon.core.webui.keyword.internal.WebUIKeywordMain.stepFailed(WebUIKeywordMain.groovy:64)
	at com.kms.katalon.core.webui.keyword.internal.WebUIKeywordMain.runKeyword(WebUIKeywordMain.groovy:26)
	at com.kms.katalon.core.webui.keyword.builtin.VerifyElementTextKeyword.verifyElementText(VerifyElementTextKeyword.groovy:72)
	at com.kms.katalon.core.webui.keyword.builtin.VerifyElementTextKeyword.execute(VerifyElementTextKeyword.groovy:40)
	at com.kms.katalon.core.keyword.internal.KeywordExecutor.executeKeywordForPlatform(KeywordExecutor.groovy:74)
	at com.kms.katalon.core.webui.keyword.WebUiBuiltInKeywords.verifyElementText(WebUiBuiltInKeywords.groovy:4749)
	at com.kms.katalon.core.webui.keyword.WebUiBuiltInKeywords$verifyElementText$5.call(Unknown Source)
	at TC002-Valid Email and Invalid Password.run(TC002-Valid Email and Invalid Password:34)
	at com.kms.katalon.core.main.ScriptEngine.run(ScriptEngine.java:194)
	at com.kms.katalon.core.main.ScriptEngine.runScriptAsRawText(ScriptEngine.java:119)
	at com.kms.katalon.core.main.TestCaseExecutor.runScript(TestCaseExecutor.java:448)
	at com.kms.katalon.core.main.TestCaseExecutor.doExecute(TestCaseExecutor.java:439)
	at com.kms.katalon.core.main.TestCaseExecutor.processExecutionPhase(TestCaseExecutor.java:418)
	at com.kms.katalon.core.main.TestCaseExecutor.accessMainPhase(TestCaseExecutor.java:410)
	at com.kms.katalon.core.main.TestCaseExecutor.execute(TestCaseExecutor.java:285)
	at com.kms.katalon.core.common.CommonExecutor.accessTestCaseMainPhase(CommonExecutor.java:65)
	at com.kms.katalon.core.main.TestSuiteExecutor.accessTestSuiteMainPhase(TestSuiteExecutor.java:148)
	at com.kms.katalon.core.main.TestSuiteExecutor.execute(TestSuiteExecutor.java:106)
	at com.kms.katalon.core.main.TestCaseMain.startTestSuite(TestCaseMain.java:187)
	at com.kms.katalon.core.main.TestCaseMain$startTestSuite$0.call(Unknown Source)
	at TempTestSuite1696855132405.run(TempTestSuite1696855132405.groovy:36)
Caused by: com.kms.katalon.core.exception.StepFailedException: Actual text '' and expected text 'Invalid Login Attempt' of test object 'Object Repository/Login/TC002-Valid Email and Invalid Password/Page_Landingly  Login/h5_Invalid Login Attempt' are NOT matched.
	at com.kms.katalon.core.webui.keyword.internal.WebUIKeywordMain.stepFailed(WebUIKeywordMain.groovy:64)
	at com.kms.katalon.core.webui.keyword.builtin.VerifyElementTextKeyword$_verifyElementText_closure1.doCall(VerifyElementTextKeyword.groovy:57)
	at com.kms.katalon.core.webui.keyword.builtin.VerifyElementTextKeyword$_verifyElementText_closure1.call(VerifyElementTextKeyword.groovy)
	at com.kms.katalon.core.webui.keyword.internal.WebUIKeywordMain.runKeyword(WebUIKeywordMain.groovy:20)
	... 19 more
)

2023-10-09 17:42:22 - [MESSAGE][FAILED] - Actual text '' and expected text 'Invalid Login Attempt' of test object 'Object Repository/Login/TC002-Valid Email and Invalid Password/Page_Landingly  Login/h5_Invalid Login Attempt' are NOT matched. (Root cause: com.kms.katalon.core.exception.StepFailedException: Actual text '' and expected text 'Invalid Login Attempt' of test object 'Object Repository/Login/TC002-Valid Email and Invalid Password/Page_Landingly  Login/h5_Invalid Login Attempt' are NOT matched.
	at com.kms.katalon.core.webui.keyword.internal.WebUIKeywordMain.stepFailed(WebUIKeywordMain.groovy:64)
	at com.kms.katalon.core.webui.keyword.builtin.VerifyElementTextKeyword$_verifyElementText_closure1.doCall(VerifyElementTextKeyword.groovy:57)
	at com.kms.katalon.core.webui.keyword.builtin.VerifyElementTextKeyword$_verifyElementText_closure1.call(VerifyElementTextKeyword.groovy)
	at com.kms.katalon.core.webui.keyword.internal.WebUIKeywordMain.runKeyword(WebUIKeywordMain.groovy:20)
	at com.kms.katalon.core.webui.keyword.builtin.VerifyElementTextKeyword.verifyElementText(VerifyElementTextKeyword.groovy:72)
	at com.kms.katalon.core.webui.keyword.builtin.VerifyElementTextKeyword.execute(VerifyElementTextKeyword.groovy:40)
	at com.kms.katalon.core.keyword.internal.KeywordExecutor.executeKeywordForPlatform(KeywordExecutor.groovy:74)
	at com.kms.katalon.core.webui.keyword.WebUiBuiltInKeywords.verifyElementText(WebUiBuiltInKeywords.groovy:4749)
	at com.kms.katalon.core.webui.keyword.WebUiBuiltInKeywords$verifyElementText$5.call(Unknown Source)
	at TC002-Valid Email and Invalid Password.run(TC002-Valid Email and Invalid Password:34)
	at com.kms.katalon.core.main.ScriptEngine.run(ScriptEngine.java:194)
	at com.kms.katalon.core.main.ScriptEngine.runScriptAsRawText(ScriptEngine.java:119)
	at com.kms.katalon.core.main.TestCaseExecutor.runScript(TestCaseExecutor.java:448)
	at com.kms.katalon.core.main.TestCaseExecutor.doExecute(TestCaseExecutor.java:439)
	at com.kms.katalon.core.main.TestCaseExecutor.processExecutionPhase(TestCaseExecutor.java:418)
	at com.kms.katalon.core.main.TestCaseExecutor.accessMainPhase(TestCaseExecutor.java:410)
	at com.kms.katalon.core.main.TestCaseExecutor.execute(TestCaseExecutor.java:285)
	at com.kms.katalon.core.common.CommonExecutor.accessTestCaseMainPhase(CommonExecutor.java:65)
	at com.kms.katalon.core.main.TestSuiteExecutor.accessTestSuiteMainPhase(TestSuiteExecutor.java:148)
	at com.kms.katalon.core.main.TestSuiteExecutor.execute(TestSuiteExecutor.java:106)
	at com.kms.katalon.core.main.TestCaseMain.startTestSuite(TestCaseMain.java:187)
	at com.kms.katalon.core.main.TestCaseMain$startTestSuite$0.call(Unknown Source)
	at TempTestSuite1696855132405.run(TempTestSuite1696855132405.groovy:36)
)
[[ATTACHMENT|C:\\Users\\TDS\\git\\Landingly\\Reports\\20231009_173852\\Landingly\\20231009_173852\\1696855341465.png]]

2023-10-09 17:42:22 - [MESSAGE][FAILED] - Verify element text of test object 'Object Repository/Login/TC002-Valid Email and Invalid Password/Page_Landingly  Login/h5_Invalid Login Attempt' FAILED. (Root cause: com.kms.katalon.core.exception.StepFailedException: Verify element text of test object 'Object Repository/Login/TC002-Valid Email and Invalid Password/Page_Landingly  Login/h5_Invalid Login Attempt' FAILED.
	at com.kms.katalon.core.webui.keyword.internal.WebUIKeywordMain.stepFailed(WebUIKeywordMain.groovy:64)
	at com.kms.katalon.core.webui.keyword.internal.WebUIKeywordMain.runKeyword(WebUIKeywordMain.groovy:26)
	at com.kms.katalon.core.webui.keyword.builtin.VerifyElementTextKeyword.verifyElementText(VerifyElementTextKeyword.groovy:72)
	at com.kms.katalon.core.webui.keyword.builtin.VerifyElementTextKeyword.execute(VerifyElementTextKeyword.groovy:40)
	at com.kms.katalon.core.keyword.internal.KeywordExecutor.executeKeywordForPlatform(KeywordExecutor.groovy:74)
	at com.kms.katalon.core.webui.keyword.WebUiBuiltInKeywords.verifyElementText(WebUiBuiltInKeywords.groovy:4749)
	at com.kms.katalon.core.webui.keyword.WebUiBuiltInKeywords$verifyElementText$5.call(Unknown Source)
	at TC002-Valid Email and Invalid Password.run(TC002-Valid Email and Invalid Password:34)
	at com.kms.katalon.core.main.ScriptEngine.run(ScriptEngine.java:194)
	at com.kms.katalon.core.main.ScriptEngine.runScriptAsRawText(ScriptEngine.java:119)
	at com.kms.katalon.core.main.TestCaseExecutor.runScript(TestCaseExecutor.java:448)
	at com.kms.katalon.core.main.TestCaseExecutor.doExecute(TestCaseExecutor.java:439)
	at com.kms.katalon.core.main.TestCaseExecutor.processExecutionPhase(TestCaseExecutor.java:418)
	at com.kms.katalon.core.main.TestCaseExecutor.accessMainPhase(TestCaseExecutor.java:410)
	at com.kms.katalon.core.main.TestCaseExecutor.execute(TestCaseExecutor.java:285)
	at com.kms.katalon.core.common.CommonExecutor.accessTestCaseMainPhase(CommonExecutor.java:65)
	at com.kms.katalon.core.main.TestSuiteExecutor.accessTestSuiteMainPhase(TestSuiteExecutor.java:148)
	at com.kms.katalon.core.main.TestSuiteExecutor.execute(TestSuiteExecutor.java:106)
	at com.kms.katalon.core.main.TestCaseMain.startTestSuite(TestCaseMain.java:187)
	at com.kms.katalon.core.main.TestCaseMain$startTestSuite$0.call(Unknown Source)
	at TempTestSuite1696855132405.run(TempTestSuite1696855132405.groovy:36)
Caused by: com.kms.katalon.core.exception.StepFailedException: Actual text '' and expected text 'Invalid Login Attempt' of test object 'Object Repository/Login/TC002-Valid Email and Invalid Password/Page_Landingly  Login/h5_Invalid Login Attempt' are NOT matched.
	at com.kms.katalon.core.webui.keyword.internal.WebUIKeywordMain.stepFailed(WebUIKeywordMain.groovy:64)
	at com.kms.katalon.core.webui.keyword.builtin.VerifyElementTextKeyword$_verifyElementText_closure1.doCall(VerifyElementTextKeyword.groovy:57)
	at com.kms.katalon.core.webui.keyword.builtin.VerifyElementTextKeyword$_verifyElementText_closure1.call(VerifyElementTextKeyword.groovy)
	at com.kms.katalon.core.webui.keyword.internal.WebUIKeywordMain.runKeyword(WebUIKeywordMain.groovy:20)
	... 19 more
)
[[ATTACHMENT|C:\\Users\\TDS\\git\\Landingly\\Reports\\20231009_173852\\Landingly\\20231009_173852\\1696855342092.png]]]]></system-out>
         <system-err><![CDATA[2023-10-09 17:41:27 - [TEST_CASE][FAILED] - Test Cases/Login/TC002-Valid Email and Invalid Password: Test Cases/Login/TC002-Valid Email and Invalid Password FAILED.
Reason:
com.kms.katalon.core.exception.StepFailedException: Verify element text of test object 'Object Repository/Login/TC002-Valid Email and Invalid Password/Page_Landingly  Login/h5_Invalid Login Attempt' FAILED.
	at com.kms.katalon.core.webui.keyword.internal.WebUIKeywordMain.stepFailed(WebUIKeywordMain.groovy:64)
	at com.kms.katalon.core.webui.keyword.internal.WebUIKeywordMain.runKeyword(WebUIKeywordMain.groovy:26)
	at com.kms.katalon.core.webui.keyword.builtin.VerifyElementTextKeyword.verifyElementText(VerifyElementTextKeyword.groovy:72)
	at com.kms.katalon.core.webui.keyword.builtin.VerifyElementTextKeyword.execute(VerifyElementTextKeyword.groovy:40)
	at com.kms.katalon.core.keyword.internal.KeywordExecutor.executeKeywordForPlatform(KeywordExecutor.groovy:74)
	at com.kms.katalon.core.webui.keyword.WebUiBuiltInKeywords.verifyElementText(WebUiBuiltInKeywords.groovy:4749)
	at com.kms.katalon.core.webui.keyword.WebUiBuiltInKeywords$verifyElementText$5.call(Unknown Source)
	at TC002-Valid Email and Invalid Password.run(TC002-Valid Email and Invalid Password:34)
	at com.kms.katalon.core.main.ScriptEngine.run(ScriptEngine.java:194)
	at com.kms.katalon.core.main.ScriptEngine.runScriptAsRawText(ScriptEngine.java:119)
	at com.kms.katalon.core.main.TestCaseExecutor.runScript(TestCaseExecutor.java:448)
	at com.kms.katalon.core.main.TestCaseExecutor.doExecute(TestCaseExecutor.java:439)
	at com.kms.katalon.core.main.TestCaseExecutor.processExecutionPhase(TestCaseExecutor.java:418)
	at com.kms.katalon.core.main.TestCaseExecutor.accessMainPhase(TestCaseExecutor.java:410)
	at com.kms.katalon.core.main.TestCaseExecutor.execute(TestCaseExecutor.java:285)
	at com.kms.katalon.core.common.CommonExecutor.accessTestCaseMainPhase(CommonExecutor.java:65)
	at com.kms.katalon.core.main.TestSuiteExecutor.accessTestSuiteMainPhase(TestSuiteExecutor.java:148)
	at com.kms.katalon.core.main.TestSuiteExecutor.execute(TestSuiteExecutor.java:106)
	at com.kms.katalon.core.main.TestCaseMain.startTestSuite(TestCaseMain.java:187)
	at com.kms.katalon.core.main.TestCaseMain$startTestSuite$0.call(Unknown Source)
	at TempTestSuite1696855132405.run(TempTestSuite1696855132405.groovy:36)
Caused by: com.kms.katalon.core.exception.StepFailedException: Actual text '' and expected text 'Invalid Login Attempt' of test object 'Object Repository/Login/TC002-Valid Email and Invalid Password/Page_Landingly  Login/h5_Invalid Login Attempt' are NOT matched.
	at com.kms.katalon.core.webui.keyword.internal.WebUIKeywordMain.stepFailed(WebUIKeywordMain.groovy:64)
	at com.kms.katalon.core.webui.keyword.builtin.VerifyElementTextKeyword$_verifyElementText_closure1.doCall(VerifyElementTextKeyword.groovy:57)
	at com.kms.katalon.core.webui.keyword.builtin.VerifyElementTextKeyword$_verifyElementText_closure1.call(VerifyElementTextKeyword.groovy)
	at com.kms.katalon.core.webui.keyword.internal.WebUIKeywordMain.runKeyword(WebUIKeywordMain.groovy:20)
	... 19 more]]></system-err>
      </testcase>
      <testcase name="Test Cases/Login/TC003-Invalid Email and valid Password" time="16.607" classname="Test Cases/Login/TC003-Invalid Email and valid Password" status="PASSED">
         <system-out><![CDATA[2023-10-09 17:42:22 - [TEST_CASE][PASSED] - Test Cases/Login/TC003-Invalid Email and valid Password: Test Cases/Login/TC003-Invalid Email and valid Password

2023-10-09 17:42:23 - [TEST_STEP][PASSED] - openBrowser(""): Browser is opened with url: ''

2023-10-09 17:42:23 - [MESSAGE][WARNING] - A browser is already opened. Closing browser and opening a new one

2023-10-09 17:42:24 - [MESSAGE][INFO] - Starting 'Chrome' driver

2023-10-09 17:42:24 - [MESSAGE][INFO] - Action delay is set to 0 milliseconds

2023-10-09 17:42:27 - [MESSAGE][PASSED] - Browser is opened with url: ''

2023-10-09 17:42:27 - [TEST_STEP][PASSED] - maximizeWindow(): Current window maximized

2023-10-09 17:42:27 - [MESSAGE][PASSED] - Current window maximized

2023-10-09 17:42:27 - [TEST_STEP][PASSED] - navigateToUrl("https://app.landingly.com/"): Navigate to 'https://app.landingly.com/' successfully

2023-10-09 17:42:32 - [MESSAGE][PASSED] - Navigate to 'https://app.landingly.com/' successfully

2023-10-09 17:42:32 - [TEST_STEP][PASSED] - setText(findTestObject("Object Repository/Login/TC003-Invalid Email and valid Password/Page_Landingly  Login/input_Email_login-email"), "sqahmadtahir@gmail.com"): Text 'sqahmadtahir@gmail.com' is set on object 'Object Repository/Login/TC003-Invalid Email and valid Password/Page_Landingly  Login/input_Email_login-email'

2023-10-09 17:42:34 - [MESSAGE][PASSED] - Text 'sqahmadtahir@gmail.com' is set on object 'Object Repository/Login/TC003-Invalid Email and valid Password/Page_Landingly  Login/input_Email_login-email'

2023-10-09 17:42:34 - [TEST_STEP][PASSED] - setEncryptedText(findTestObject("Object Repository/Login/TC003-Invalid Email and valid Password/Page_Landingly  Login/input_Forgot Password_login-password"), "/5S6MFFLcE5DAenbZpYNsQ=="): Text ****** has been set on object 'Object Repository/Login/TC003-Invalid Email and valid Password/Page_Landingly  Login/input_Forgot Password_login-password'

2023-10-09 17:42:35 - [MESSAGE][PASSED] - Text ****** has been set on object 'Object Repository/Login/TC003-Invalid Email and valid Password/Page_Landingly  Login/input_Forgot Password_login-password'

2023-10-09 17:42:35 - [TEST_STEP][PASSED] - click(findTestObject("Login/TC003-Invalid Email and valid Password/Page_Landingly  Login/button_Sign in")): Object: 'Object Repository/Login/TC003-Invalid Email and valid Password/Page_Landingly  Login/button_Sign in' is clicked on

2023-10-09 17:42:36 - [MESSAGE][PASSED] - Object: 'Object Repository/Login/TC003-Invalid Email and valid Password/Page_Landingly  Login/button_Sign in' is clicked on

2023-10-09 17:42:36 - [TEST_STEP][PASSED] - verifyElementText(findTestObject("Object Repository/Login/TC003-Invalid Email and valid Password/Page_Landingly  Login/h5_Invalid Login Attempt"), "Invalid Login Attempt"): Actual text and expected text of test object 'Object Repository/Login/TC003-Invalid Email and valid Password/Page_Landingly  Login/h5_Invalid Login Attempt' are matched.

2023-10-09 17:42:38 - [MESSAGE][PASSED] - Actual text and expected text of test object 'Object Repository/Login/TC003-Invalid Email and valid Password/Page_Landingly  Login/h5_Invalid Login Attempt' are matched.

2023-10-09 17:42:38 - [TEST_STEP][PASSED] - closeBrowser(): Browser is closed

2023-10-09 17:42:39 - [MESSAGE][PASSED] - Browser is closed]]></system-out>
         <system-err><![CDATA[]]></system-err>
      </testcase>
      <testcase name="Test Cases/Login/TC004-Empty Login Fields" time="20.319" classname="Test Cases/Login/TC004-Empty Login Fields" status="PASSED">
         <system-out><![CDATA[2023-10-09 17:42:39 - [TEST_CASE][PASSED] - Test Cases/Login/TC004-Empty Login Fields: Test Cases/Login/TC004-Empty Login Fields

2023-10-09 17:42:40 - [TEST_STEP][PASSED] - openBrowser(""): Browser is opened with url: ''

2023-10-09 17:42:40 - [MESSAGE][INFO] - Starting 'Chrome' driver

2023-10-09 17:42:40 - [MESSAGE][INFO] - Action delay is set to 0 milliseconds

2023-10-09 17:42:42 - [MESSAGE][PASSED] - Browser is opened with url: ''

2023-10-09 17:42:42 - [TEST_STEP][PASSED] - maximizeWindow(): Current window maximized

2023-10-09 17:42:43 - [MESSAGE][PASSED] - Current window maximized

2023-10-09 17:42:43 - [TEST_STEP][PASSED] - navigateToUrl("https://app.landingly.com/"): Navigate to 'https://app.landingly.com/' successfully

2023-10-09 17:42:57 - [MESSAGE][PASSED] - Navigate to 'https://app.landingly.com/' successfully

2023-10-09 17:42:57 - [TEST_STEP][PASSED] - verifyElementNotClickable(findTestObject("Object Repository/Login/TC004-Empty Login Fields/Page_Landingly  Login/button_Sign in")): Object 'Object Repository/Login/TC004-Empty Login Fields/Page_Landingly  Login/button_Sign in' is NOT clickable

2023-10-09 17:42:58 - [MESSAGE][PASSED] - Object 'Object Repository/Login/TC004-Empty Login Fields/Page_Landingly  Login/button_Sign in' is NOT clickable

2023-10-09 17:42:58 - [TEST_STEP][PASSED] - closeBrowser(): Browser is closed

2023-10-09 17:42:59 - [MESSAGE][PASSED] - Browser is closed]]></system-out>
         <system-err><![CDATA[]]></system-err>
      </testcase>
      <testcase name="Test Cases/Login/TC005-Invalid Email and invalid Password" time="14.792" classname="Test Cases/Login/TC005-Invalid Email and invalid Password" status="PASSED">
         <system-out><![CDATA[2023-10-09 17:42:59 - [TEST_CASE][PASSED] - Test Cases/Login/TC005-Invalid Email and invalid Password: Test Cases/Login/TC005-Invalid Email and invalid Password

2023-10-09 17:43:00 - [TEST_STEP][PASSED] - openBrowser(""): Browser is opened with url: ''

2023-10-09 17:43:00 - [MESSAGE][INFO] - Starting 'Chrome' driver

2023-10-09 17:43:00 - [MESSAGE][INFO] - Action delay is set to 0 milliseconds

2023-10-09 17:43:03 - [MESSAGE][PASSED] - Browser is opened with url: ''

2023-10-09 17:43:03 - [TEST_STEP][PASSED] - navigateToUrl("https://app.landingly.com/"): Navigate to 'https://app.landingly.com/' successfully

2023-10-09 17:43:08 - [MESSAGE][PASSED] - Navigate to 'https://app.landingly.com/' successfully

2023-10-09 17:43:08 - [TEST_STEP][PASSED] - setText(findTestObject("Object Repository/Login/TC005-Invalid Email and invalid Password/Page_Landingly  Login/input_Email_login-email"), "sqahmadtahri@gmail.com"): Text 'sqahmadtahri@gmail.com' is set on object 'Object Repository/Login/TC005-Invalid Email and invalid Password/Page_Landingly  Login/input_Email_login-email'

2023-10-09 17:43:09 - [MESSAGE][PASSED] - Text 'sqahmadtahri@gmail.com' is set on object 'Object Repository/Login/TC005-Invalid Email and invalid Password/Page_Landingly  Login/input_Email_login-email'

2023-10-09 17:43:09 - [TEST_STEP][PASSED] - setEncryptedText(findTestObject("Object Repository/Login/TC005-Invalid Email and invalid Password/Page_Landingly  Login/input_Forgot Password_login-password"), "iGDxf8hSRT4="): Text ****** has been set on object 'Object Repository/Login/TC005-Invalid Email and invalid Password/Page_Landingly  Login/input_Forgot Password_login-password'

2023-10-09 17:43:10 - [MESSAGE][PASSED] - Text ****** has been set on object 'Object Repository/Login/TC005-Invalid Email and invalid Password/Page_Landingly  Login/input_Forgot Password_login-password'

2023-10-09 17:43:10 - [TEST_STEP][PASSED] - click(findTestObject("Object Repository/Login/TC005-Invalid Email and invalid Password/Page_Landingly  Login/button_Sign in")): Object: 'Object Repository/Login/TC005-Invalid Email and invalid Password/Page_Landingly  Login/button_Sign in' is clicked on

2023-10-09 17:43:11 - [MESSAGE][PASSED] - Object: 'Object Repository/Login/TC005-Invalid Email and invalid Password/Page_Landingly  Login/button_Sign in' is clicked on

2023-10-09 17:43:11 - [TEST_STEP][PASSED] - verifyElementText(findTestObject("Object Repository/Login/TC005-Invalid Email and invalid Password/Page_Landingly  Login/h5_Invalid Login Attempt"), "Invalid Login Attempt"): Actual text and expected text of test object 'Object Repository/Login/TC005-Invalid Email and invalid Password/Page_Landingly  Login/h5_Invalid Login Attempt' are matched.

2023-10-09 17:43:13 - [MESSAGE][PASSED] - Actual text and expected text of test object 'Object Repository/Login/TC005-Invalid Email and invalid Password/Page_Landingly  Login/h5_Invalid Login Attempt' are matched.

2023-10-09 17:43:13 - [TEST_STEP][PASSED] - closeBrowser(): Browser is closed

2023-10-09 17:43:14 - [MESSAGE][PASSED] - Browser is closed]]></system-out>
         <system-err><![CDATA[]]></system-err>
      </testcase>
      <testcase name="Test Cases/Login/TC006-Empty Username and Valid Password" time="12.615" classname="Test Cases/Login/TC006-Empty Username and Valid Password" status="PASSED">
         <system-out><![CDATA[2023-10-09 17:43:14 - [TEST_CASE][PASSED] - Test Cases/Login/TC006-Empty Username and Valid Password: Test Cases/Login/TC006-Empty Username and Valid Password

2023-10-09 17:43:15 - [TEST_STEP][PASSED] - openBrowser(""): Browser is opened with url: ''

2023-10-09 17:43:15 - [MESSAGE][INFO] - Starting 'Chrome' driver

2023-10-09 17:43:15 - [MESSAGE][INFO] - Action delay is set to 0 milliseconds

2023-10-09 17:43:18 - [MESSAGE][PASSED] - Browser is opened with url: ''

2023-10-09 17:43:18 - [TEST_STEP][PASSED] - navigateToUrl("https://app.landingly.com/"): Navigate to 'https://app.landingly.com/' successfully

2023-10-09 17:43:23 - [MESSAGE][PASSED] - Navigate to 'https://app.landingly.com/' successfully

2023-10-09 17:43:23 - [TEST_STEP][PASSED] - setEncryptedText(findTestObject("Object Repository/Login/TC006-Empty Username and Valid Password/Page_Landingly  Login/input_Forgot Password_login-password"), "7Dxoto1EjKfQbGop/Ov+1g=="): Text ****** has been set on object 'Object Repository/Login/TC006-Empty Username and Valid Password/Page_Landingly  Login/input_Forgot Password_login-password'

2023-10-09 17:43:24 - [MESSAGE][PASSED] - Text ****** has been set on object 'Object Repository/Login/TC006-Empty Username and Valid Password/Page_Landingly  Login/input_Forgot Password_login-password'

2023-10-09 17:43:24 - [TEST_STEP][PASSED] - verifyElementText(findTestObject("Object Repository/Login/TC006-Empty Username and Valid Password/Page_Landingly  Login/input_Email_login-email"), ""): Actual text and expected text of test object 'Object Repository/Login/TC006-Empty Username and Valid Password/Page_Landingly  Login/input_Email_login-email' are matched.

2023-10-09 17:43:25 - [MESSAGE][PASSED] - Actual text and expected text of test object 'Object Repository/Login/TC006-Empty Username and Valid Password/Page_Landingly  Login/input_Email_login-email' are matched.

2023-10-09 17:43:25 - [TEST_STEP][PASSED] - verifyElementNotClickable(findTestObject("Login/TC006-Empty Username and Valid Password/Page_Landingly  Login/button_Sign in")): Object 'Object Repository/Login/TC006-Empty Username and Valid Password/Page_Landingly  Login/button_Sign in' is NOT clickable

2023-10-09 17:43:25 - [MESSAGE][PASSED] - Object 'Object Repository/Login/TC006-Empty Username and Valid Password/Page_Landingly  Login/button_Sign in' is NOT clickable

2023-10-09 17:43:25 - [TEST_STEP][PASSED] - closeBrowser(): Browser is closed

2023-10-09 17:43:26 - [MESSAGE][PASSED] - Browser is closed]]></system-out>
         <system-err><![CDATA[]]></system-err>
      </testcase>
      <testcase name="Test Cases/Login/TC007-Valid Username and Empty Password" time="12.575" classname="Test Cases/Login/TC007-Valid Username and Empty Password" status="PASSED">
         <system-out><![CDATA[2023-10-09 17:43:26 - [TEST_CASE][PASSED] - Test Cases/Login/TC007-Valid Username and Empty Password: Test Cases/Login/TC007-Valid Username and Empty Password

2023-10-09 17:43:27 - [TEST_STEP][PASSED] - openBrowser(""): Browser is opened with url: ''

2023-10-09 17:43:27 - [MESSAGE][INFO] - Starting 'Chrome' driver

2023-10-09 17:43:27 - [MESSAGE][INFO] - Action delay is set to 0 milliseconds

2023-10-09 17:43:30 - [MESSAGE][PASSED] - Browser is opened with url: ''

2023-10-09 17:43:30 - [TEST_STEP][PASSED] - navigateToUrl("https://app.landingly.com/"): Navigate to 'https://app.landingly.com/' successfully

2023-10-09 17:43:36 - [MESSAGE][PASSED] - Navigate to 'https://app.landingly.com/' successfully

2023-10-09 17:43:36 - [TEST_STEP][PASSED] - setText(findTestObject("Login/TC007-Valid Username and Empty Password/Page_Landingly  Login/input_Email_login-email"), "sqaahmadtahir@gmail.com"): Text 'sqaahmadtahir@gmail.com' is set on object 'Object Repository/Login/TC007-Valid Username and Empty Password/Page_Landingly  Login/input_Email_login-email'

2023-10-09 17:43:37 - [MESSAGE][PASSED] - Text 'sqaahmadtahir@gmail.com' is set on object 'Object Repository/Login/TC007-Valid Username and Empty Password/Page_Landingly  Login/input_Email_login-email'

2023-10-09 17:43:37 - [TEST_STEP][PASSED] - verifyElementText(findTestObject("Object Repository/Login/TC006-Empty Username and Valid Password/Page_Landingly  Login/input_Forgot Password_login-password"), ""): Actual text and expected text of test object 'Object Repository/Login/TC006-Empty Username and Valid Password/Page_Landingly  Login/input_Forgot Password_login-password' are matched.

2023-10-09 17:43:37 - [MESSAGE][PASSED] - Actual text and expected text of test object 'Object Repository/Login/TC006-Empty Username and Valid Password/Page_Landingly  Login/input_Forgot Password_login-password' are matched.

2023-10-09 17:43:37 - [TEST_STEP][PASSED] - verifyElementNotClickable(findTestObject("Object Repository/Login/TC007-Valid Username and Empty Password/Page_Landingly  Login/button_Sign in")): Object 'Object Repository/Login/TC007-Valid Username and Empty Password/Page_Landingly  Login/button_Sign in' is NOT clickable

2023-10-09 17:43:38 - [MESSAGE][PASSED] - Object 'Object Repository/Login/TC007-Valid Username and Empty Password/Page_Landingly  Login/button_Sign in' is NOT clickable

2023-10-09 17:43:38 - [TEST_STEP][PASSED] - closeBrowser(): Browser is closed

2023-10-09 17:43:39 - [MESSAGE][PASSED] - Browser is closed]]></system-out>
         <system-err><![CDATA[]]></system-err>
      </testcase>
      <testcase name="Test Cases/Login/TC008-Verify user can logout" time="47.043" classname="Test Cases/Login/TC008-Verify user can logout" status="PASSED">
         <system-out><![CDATA[2023-10-09 17:43:39 - [TEST_CASE][PASSED] - Test Cases/Login/TC008-Verify user can logout: Test Cases/Login/TC008-Verify user can logout

2023-10-09 17:43:40 - [TEST_STEP][PASSED] - openBrowser(""): Browser is opened with url: ''

2023-10-09 17:43:40 - [MESSAGE][INFO] - Starting 'Chrome' driver

2023-10-09 17:43:40 - [MESSAGE][INFO] - Action delay is set to 0 milliseconds

2023-10-09 17:43:43 - [MESSAGE][PASSED] - Browser is opened with url: ''

2023-10-09 17:43:43 - [TEST_STEP][PASSED] - navigateToUrl("https://app.landingly.com/"): Navigate to 'https://app.landingly.com/' successfully

2023-10-09 17:44:14 - [MESSAGE][PASSED] - Navigate to 'https://app.landingly.com/' successfully

2023-10-09 17:44:14 - [TEST_STEP][PASSED] - setText(findTestObject("Object Repository/Login/TC008-Verify user can logout/Page_Landingly  Login/input_Email_login-email"), "sqaahmadtahir@gmail.com"): Text 'sqaahmadtahir@gmail.com' is set on object 'Object Repository/Login/TC008-Verify user can logout/Page_Landingly  Login/input_Email_login-email'

2023-10-09 17:44:15 - [MESSAGE][PASSED] - Text 'sqaahmadtahir@gmail.com' is set on object 'Object Repository/Login/TC008-Verify user can logout/Page_Landingly  Login/input_Email_login-email'

2023-10-09 17:44:15 - [TEST_STEP][PASSED] - setEncryptedText(findTestObject("Object Repository/Login/TC008-Verify user can logout/Page_Landingly  Login/input_Forgot Password_login-password"), "/5S6MFFLcE5DAenbZpYNsQ=="): Text ****** has been set on object 'Object Repository/Login/TC008-Verify user can logout/Page_Landingly  Login/input_Forgot Password_login-password'

2023-10-09 17:44:16 - [MESSAGE][PASSED] - Text ****** has been set on object 'Object Repository/Login/TC008-Verify user can logout/Page_Landingly  Login/input_Forgot Password_login-password'

2023-10-09 17:44:16 - [TEST_STEP][PASSED] - click(findTestObject("Login/TC008-Verify user can logout/Page_Landingly  Login/button_Sign in")): Object: 'Object Repository/Login/TC008-Verify user can logout/Page_Landingly  Login/button_Sign in' is clicked on

2023-10-09 17:44:17 - [MESSAGE][PASSED] - Object: 'Object Repository/Login/TC008-Verify user can logout/Page_Landingly  Login/button_Sign in' is clicked on

2023-10-09 17:44:17 - [TEST_STEP][PASSED] - verifyElementText(findTestObject("Object Repository/Login/TC008-Verify user can logout/Page_Landingly/h5_Welcome Muhammad Ahmad Tahir"), "Welcome Muhammad Ahmad Tahir"): Actual text and expected text of test object 'Object Repository/Login/TC008-Verify user can logout/Page_Landingly/h5_Welcome Muhammad Ahmad Tahir' are matched.

2023-10-09 17:44:19 - [MESSAGE][PASSED] - Actual text and expected text of test object 'Object Repository/Login/TC008-Verify user can logout/Page_Landingly/h5_Welcome Muhammad Ahmad Tahir' are matched.

2023-10-09 17:44:19 - [TEST_STEP][PASSED] - click(findTestObject("Object Repository/Login/TC008-Verify user can logout/Page_Landingly/img")): Object: 'Object Repository/Login/TC008-Verify user can logout/Page_Landingly/img' is clicked on

2023-10-09 17:44:22 - [MESSAGE][PASSED] - Object: 'Object Repository/Login/TC008-Verify user can logout/Page_Landingly/img' is clicked on

2023-10-09 17:44:22 - [TEST_STEP][PASSED] - click(findTestObject("Object Repository/Login/TC008-Verify user can logout/Page_Landingly/span_Logout")): Object: 'Object Repository/Login/TC008-Verify user can logout/Page_Landingly/span_Logout' is clicked on

2023-10-09 17:44:24 - [MESSAGE][PASSED] - Object: 'Object Repository/Login/TC008-Verify user can logout/Page_Landingly/span_Logout' is clicked on

2023-10-09 17:44:24 - [TEST_STEP][PASSED] - verifyElementText(findTestObject("Object Repository/Login/TC008-Verify user can logout/Page_Landingly  Login/p_Please sign-in to your account"), "Please sign-in to your account"): Actual text and expected text of test object 'Object Repository/Login/TC008-Verify user can logout/Page_Landingly  Login/p_Please sign-in to your account' are matched.

2023-10-09 17:44:25 - [MESSAGE][PASSED] - Actual text and expected text of test object 'Object Repository/Login/TC008-Verify user can logout/Page_Landingly  Login/p_Please sign-in to your account' are matched.

2023-10-09 17:44:25 - [TEST_STEP][PASSED] - closeBrowser(): Browser is closed

2023-10-09 17:44:26 - [MESSAGE][PASSED] - Browser is closed]]></system-out>
         <system-err><![CDATA[]]></system-err>
      </testcase>
      <testcase name="Test Cases/Login/TC009-Verify forget password working fine" time="15.855" classname="Test Cases/Login/TC009-Verify forget password working fine" status="PASSED">
         <system-out><![CDATA[2023-10-09 17:44:26 - [TEST_CASE][PASSED] - Test Cases/Login/TC009-Verify forget password working fine: Test Cases/Login/TC009-Verify forget password working fine

2023-10-09 17:44:27 - [TEST_STEP][PASSED] - openBrowser(""): Browser is opened with url: ''

2023-10-09 17:44:27 - [MESSAGE][INFO] - Starting 'Chrome' driver

2023-10-09 17:44:27 - [MESSAGE][INFO] - Action delay is set to 0 milliseconds

2023-10-09 17:44:30 - [MESSAGE][PASSED] - Browser is opened with url: ''

2023-10-09 17:44:30 - [TEST_STEP][PASSED] - navigateToUrl("https://app.landingly.com/"): Navigate to 'https://app.landingly.com/' successfully

2023-10-09 17:44:36 - [MESSAGE][PASSED] - Navigate to 'https://app.landingly.com/' successfully

2023-10-09 17:44:36 - [TEST_STEP][PASSED] - click(findTestObject("Object Repository/Login/TC009-Verify forget password working fine/Page_Landingly  Login/small_Forgot Password")): Object: 'Object Repository/Login/TC009-Verify forget password working fine/Page_Landingly  Login/small_Forgot Password' is clicked on

2023-10-09 17:44:36 - [MESSAGE][PASSED] - Object: 'Object Repository/Login/TC009-Verify forget password working fine/Page_Landingly  Login/small_Forgot Password' is clicked on

2023-10-09 17:44:36 - [TEST_STEP][PASSED] - setText(findTestObject("Object Repository/Login/TC009-Verify forget password working fine/Page_Landingly  Login/input_Email_useremail"), "sqaahmadtahir@gmail.com"): Text 'sqaahmadtahir@gmail.com' is set on object 'Object Repository/Login/TC009-Verify forget password working fine/Page_Landingly  Login/input_Email_useremail'

2023-10-09 17:44:38 - [MESSAGE][PASSED] - Text 'sqaahmadtahir@gmail.com' is set on object 'Object Repository/Login/TC009-Verify forget password working fine/Page_Landingly  Login/input_Email_useremail'

2023-10-09 17:44:38 - [TEST_STEP][PASSED] - click(findTestObject("Object Repository/Login/TC009-Verify forget password working fine/Page_Landingly  Login/button_Send password reset link")): Object: 'Object Repository/Login/TC009-Verify forget password working fine/Page_Landingly  Login/button_Send password reset link' is clicked on

2023-10-09 17:44:38 - [MESSAGE][PASSED] - Object: 'Object Repository/Login/TC009-Verify forget password working fine/Page_Landingly  Login/button_Send password reset link' is clicked on

2023-10-09 17:44:38 - [TEST_STEP][PASSED] - verifyElementText(findTestObject("Object Repository/Login/TC009-Verify forget password working fine/Page_Landingly  Login/h5_Please check your email to reset a new password"), "Please check your email to reset a new password."): Actual text and expected text of test object 'Object Repository/Login/TC009-Verify forget password working fine/Page_Landingly  Login/h5_Please check your email to reset a new password' are matched.

2023-10-09 17:44:41 - [MESSAGE][PASSED] - Actual text and expected text of test object 'Object Repository/Login/TC009-Verify forget password working fine/Page_Landingly  Login/h5_Please check your email to reset a new password' are matched.

2023-10-09 17:44:41 - [TEST_STEP][PASSED] - closeBrowser(): Browser is closed

2023-10-09 17:44:42 - [MESSAGE][PASSED] - Browser is closed]]></system-out>
         <system-err><![CDATA[]]></system-err>
      </testcase>
      <testcase name="Test Cases/Profile/TC010-Verify user can upload profile picture" time="31.261" classname="Test Cases/Profile/TC010-Verify user can upload profile picture" status="PASSED">
         <system-out><![CDATA[2023-10-09 17:44:42 - [TEST_CASE][PASSED] - Test Cases/Profile/TC010-Verify user can upload profile picture: Test Cases/Profile/TC010-Verify user can upload profile picture

2023-10-09 17:44:43 - [TEST_STEP][PASSED] - openBrowser(""): Browser is opened with url: ''

2023-10-09 17:44:43 - [MESSAGE][INFO] - Starting 'Chrome' driver

2023-10-09 17:44:43 - [MESSAGE][INFO] - Action delay is set to 0 milliseconds

2023-10-09 17:44:45 - [MESSAGE][PASSED] - Browser is opened with url: ''

2023-10-09 17:44:45 - [TEST_STEP][PASSED] - maximizeWindow(): Current window maximized

2023-10-09 17:44:46 - [MESSAGE][PASSED] - Current window maximized

2023-10-09 17:44:46 - [TEST_STEP][PASSED] - navigateToUrl("https://app.landingly.com/"): Navigate to 'https://app.landingly.com/' successfully

2023-10-09 17:44:51 - [MESSAGE][PASSED] - Navigate to 'https://app.landingly.com/' successfully

2023-10-09 17:44:51 - [TEST_STEP][PASSED] - setText(findTestObject("Object Repository/Profile/TC010-Verify user can upload profile picture/Page_Landingly  Login/input_Email_login-email"), "sqaahmadtahir@gmail.com"): Text 'sqaahmadtahir@gmail.com' is set on object 'Object Repository/Profile/TC010-Verify user can upload profile picture/Page_Landingly  Login/input_Email_login-email'

2023-10-09 17:44:52 - [MESSAGE][PASSED] - Text 'sqaahmadtahir@gmail.com' is set on object 'Object Repository/Profile/TC010-Verify user can upload profile picture/Page_Landingly  Login/input_Email_login-email'

2023-10-09 17:44:52 - [TEST_STEP][PASSED] - setEncryptedText(findTestObject("Object Repository/Profile/TC010-Verify user can upload profile picture/Page_Landingly  Login/input_Forgot Password_login-password"), "/5S6MFFLcE5DAenbZpYNsQ=="): Text ****** has been set on object 'Object Repository/Profile/TC010-Verify user can upload profile picture/Page_Landingly  Login/input_Forgot Password_login-password'

2023-10-09 17:44:53 - [MESSAGE][PASSED] - Text ****** has been set on object 'Object Repository/Profile/TC010-Verify user can upload profile picture/Page_Landingly  Login/input_Forgot Password_login-password'

2023-10-09 17:44:53 - [TEST_STEP][PASSED] - click(findTestObject("Object Repository/Profile/TC010-Verify user can upload profile picture/Page_Landingly  Login/button_Sign in")): Object: 'Object Repository/Profile/TC010-Verify user can upload profile picture/Page_Landingly  Login/button_Sign in' is clicked on

2023-10-09 17:44:54 - [MESSAGE][PASSED] - Object: 'Object Repository/Profile/TC010-Verify user can upload profile picture/Page_Landingly  Login/button_Sign in' is clicked on

2023-10-09 17:44:54 - [TEST_STEP][PASSED] - click(findTestObject("Object Repository/Profile/TC010-Verify user can upload profile picture/Page_Landingly/img")): Object: 'Object Repository/Profile/TC010-Verify user can upload profile picture/Page_Landingly/img' is clicked on

2023-10-09 17:44:59 - [MESSAGE][PASSED] - Object: 'Object Repository/Profile/TC010-Verify user can upload profile picture/Page_Landingly/img' is clicked on

2023-10-09 17:44:59 - [TEST_STEP][PASSED] - click(findTestObject("Object Repository/Profile/TC010-Verify user can upload profile picture/Page_Landingly/span_Profile")): Object: 'Object Repository/Profile/TC010-Verify user can upload profile picture/Page_Landingly/span_Profile' is clicked on

2023-10-09 17:45:00 - [MESSAGE][PASSED] - Object: 'Object Repository/Profile/TC010-Verify user can upload profile picture/Page_Landingly/span_Profile' is clicked on

2023-10-09 17:45:00 - [TEST_STEP][PASSED] - uploadFile(findTestObject("Profile/TC010-Verify user can upload profile picture/Page_Landingly  Profile/uploadimage"), "C:/Users/TDS/git/Landingly/images/linkedin(2).png"): File 'C:/Users/TDS/git/Landingly/images/linkedin(2).png' sent to object: 'Object Repository/Profile/TC010-Verify user can upload profile picture/Page_Landingly  Profile/uploadimage'

2023-10-09 17:45:01 - [MESSAGE][PASSED] - File 'C:/Users/TDS/git/Landingly/images/linkedin(2).png' sent to object: 'Object Repository/Profile/TC010-Verify user can upload profile picture/Page_Landingly  Profile/uploadimage'

2023-10-09 17:45:01 - [TEST_STEP][PASSED] - delay(10): Delayed 10 second(s)

2023-10-09 17:45:11 - [MESSAGE][PASSED] - Delayed 10 second(s)

2023-10-09 17:45:11 - [TEST_STEP][PASSED] - attribute = getAttribute(findTestObject("Profile/TC010-Verify user can upload profile picture/Page_Landingly  Profile/varifyimageuploaded"), "src"): Attribute 'src' of object 'Object Repository/Profile/TC010-Verify user can upload profile picture/Page_Landingly  Profile/varifyimageuploaded' is: 'https://api.landingly.com/Images/ProfilePics/3def73ec-074c-4973-a741-1b7a0673b606/cf7b744c-d3c3-4313-82bb-d07439671e01.png'

2023-10-09 17:45:12 - [MESSAGE][PASSED] - Attribute 'src' of object 'Object Repository/Profile/TC010-Verify user can upload profile picture/Page_Landingly  Profile/varifyimageuploaded' is: 'https://api.landingly.com/Images/ProfilePics/3def73ec-074c-4973-a741-1b7a0673b606/cf7b744c-d3c3-4313-82bb-d07439671e01.png'

2023-10-09 17:45:12 - [TEST_STEP][PASSED] - verifyNotMatch(attribute, "https://api.landingly.com/Images/profile.png", false): Actual text 'https://api.landingly.com/Images/ProfilePics/3def73ec-074c-4973-a741-1b7a0673b606/cf7b744c-d3c3-4313-82bb-d07439671e01.png' and expected text 'https://api.landingly.com/Images/profile.png' are not matched 

2023-10-09 17:45:12 - [MESSAGE][PASSED] - Actual text 'https://api.landingly.com/Images/ProfilePics/3def73ec-074c-4973-a741-1b7a0673b606/cf7b744c-d3c3-4313-82bb-d07439671e01.png' and expected text 'https://api.landingly.com/Images/profile.png' are not matched 

2023-10-09 17:45:12 - [TEST_STEP][PASSED] - closeBrowser(): Browser is closed

2023-10-09 17:45:13 - [MESSAGE][PASSED] - Browser is closed]]></system-out>
         <system-err><![CDATA[]]></system-err>
      </testcase>
      <testcase name="Test Cases/Profile/TC011-Verify user can remove profile picture" time="101.704" classname="Test Cases/Profile/TC011-Verify user can remove profile picture" status="PASSED">
         <system-out><![CDATA[2023-10-09 17:45:13 - [TEST_CASE][PASSED] - Test Cases/Profile/TC011-Verify user can remove profile picture: Test Cases/Profile/TC011-Verify user can remove profile picture

2023-10-09 17:45:14 - [TEST_STEP][PASSED] - openBrowser(""): Browser is opened with url: ''

2023-10-09 17:45:14 - [MESSAGE][INFO] - Starting 'Chrome' driver

2023-10-09 17:45:14 - [MESSAGE][INFO] - Action delay is set to 0 milliseconds

2023-10-09 17:45:17 - [MESSAGE][PASSED] - Browser is opened with url: ''

2023-10-09 17:45:17 - [TEST_STEP][PASSED] - maximizeWindow(): Current window maximized

2023-10-09 17:45:18 - [MESSAGE][PASSED] - Current window maximized

2023-10-09 17:45:18 - [TEST_STEP][PASSED] - navigateToUrl("https://app.landingly.com/"): Navigate to 'https://app.landingly.com/' successfully

2023-10-09 17:46:13 - [MESSAGE][PASSED] - Navigate to 'https://app.landingly.com/' successfully

2023-10-09 17:46:13 - [TEST_STEP][PASSED] - setText(findTestObject("Object Repository/Profile/TC011-Verify user can remove profile picture/Page_Landingly  Login/input_Email_login-email"), "sqaahmadtahir@gmail.com"): Text 'sqaahmadtahir@gmail.com' is set on object 'Object Repository/Profile/TC011-Verify user can remove profile picture/Page_Landingly  Login/input_Email_login-email'

2023-10-09 17:46:14 - [MESSAGE][PASSED] - Text 'sqaahmadtahir@gmail.com' is set on object 'Object Repository/Profile/TC011-Verify user can remove profile picture/Page_Landingly  Login/input_Email_login-email'

2023-10-09 17:46:14 - [TEST_STEP][PASSED] - setEncryptedText(findTestObject("Object Repository/Profile/TC011-Verify user can remove profile picture/Page_Landingly  Login/input_Forgot Password_login-password"), "/5S6MFFLcE5DAenbZpYNsQ=="): Text ****** has been set on object 'Object Repository/Profile/TC011-Verify user can remove profile picture/Page_Landingly  Login/input_Forgot Password_login-password'

2023-10-09 17:46:14 - [MESSAGE][PASSED] - Text ****** has been set on object 'Object Repository/Profile/TC011-Verify user can remove profile picture/Page_Landingly  Login/input_Forgot Password_login-password'

2023-10-09 17:46:14 - [TEST_STEP][PASSED] - click(findTestObject("Object Repository/Profile/TC011-Verify user can remove profile picture/Page_Landingly  Login/button_Sign in")): Object: 'Object Repository/Profile/TC011-Verify user can remove profile picture/Page_Landingly  Login/button_Sign in' is clicked on

2023-10-09 17:46:15 - [MESSAGE][PASSED] - Object: 'Object Repository/Profile/TC011-Verify user can remove profile picture/Page_Landingly  Login/button_Sign in' is clicked on

2023-10-09 17:46:15 - [TEST_STEP][PASSED] - click(findTestObject("Object Repository/Profile/TC011-Verify user can remove profile picture/Page_Landingly/img")): Object: 'Object Repository/Profile/TC011-Verify user can remove profile picture/Page_Landingly/img' is clicked on

2023-10-09 17:46:21 - [MESSAGE][PASSED] - Object: 'Object Repository/Profile/TC011-Verify user can remove profile picture/Page_Landingly/img' is clicked on

2023-10-09 17:46:21 - [TEST_STEP][PASSED] - click(findTestObject("Object Repository/Profile/TC011-Verify user can remove profile picture/Page_Landingly/span_Profile")): Object: 'Object Repository/Profile/TC011-Verify user can remove profile picture/Page_Landingly/span_Profile' is clicked on

2023-10-09 17:46:21 - [MESSAGE][PASSED] - Object: 'Object Repository/Profile/TC011-Verify user can remove profile picture/Page_Landingly/span_Profile' is clicked on

2023-10-09 17:46:21 - [TEST_STEP][PASSED] - mouseOver(findTestObject("Object Repository/Profile/TC011-Verify user can remove profile picture/Page_Landingly  Profile/rect")): Object: 'Object Repository/Profile/TC011-Verify user can remove profile picture/Page_Landingly  Profile/rect' is hovered

2023-10-09 17:46:23 - [MESSAGE][PASSED] - Object: 'Object Repository/Profile/TC011-Verify user can remove profile picture/Page_Landingly  Profile/rect' is hovered

2023-10-09 17:46:23 - [TEST_STEP][PASSED] - click(findTestObject("Profile/TC011-Verify user can remove profile picture/Page_Landingly  Profile/rect - Copy")): Object: 'Object Repository/Profile/TC011-Verify user can remove profile picture/Page_Landingly  Profile/rect - Copy' is clicked on

2023-10-09 17:46:42 - [MESSAGE][PASSED] - Object: 'Object Repository/Profile/TC011-Verify user can remove profile picture/Page_Landingly  Profile/rect - Copy' is clicked on

2023-10-09 17:46:42 - [TEST_STEP][PASSED] - click(findTestObject("Object Repository/Profile/TC011-Verify user can remove profile picture/Page_Landingly  Profile/button_Delete")): Object: 'Object Repository/Profile/TC011-Verify user can remove profile picture/Page_Landingly  Profile/button_Delete' is clicked on

2023-10-09 17:46:42 - [MESSAGE][PASSED] - Object: 'Object Repository/Profile/TC011-Verify user can remove profile picture/Page_Landingly  Profile/button_Delete' is clicked on

2023-10-09 17:46:42 - [TEST_STEP][PASSED] - attribute = getAttribute(findTestObject("Profile/TC011-Verify user can remove profile picture/Page_Landingly  Profile/varifyimage"), "src"): Attribute 'src' of object 'Object Repository/Profile/TC011-Verify user can remove profile picture/Page_Landingly  Profile/varifyimage' is: 'https://api.landingly.com/Images/profile.png'

2023-10-09 17:46:44 - [MESSAGE][PASSED] - Attribute 'src' of object 'Object Repository/Profile/TC011-Verify user can remove profile picture/Page_Landingly  Profile/varifyimage' is: 'https://api.landingly.com/Images/profile.png'

2023-10-09 17:46:44 - [TEST_STEP][PASSED] - delay(10): Delayed 10 second(s)

2023-10-09 17:46:54 - [MESSAGE][PASSED] - Delayed 10 second(s)

2023-10-09 17:46:54 - [TEST_STEP][PASSED] - verifyMatch(attribute, "https://api.landingly.com/Images/profile.png", false): Actual text 'https://api.landingly.com/Images/profile.png' and expected text 'https://api.landingly.com/Images/profile.png' are matched 

2023-10-09 17:46:54 - [MESSAGE][PASSED] - Actual text 'https://api.landingly.com/Images/profile.png' and expected text 'https://api.landingly.com/Images/profile.png' are matched 

2023-10-09 17:46:54 - [TEST_STEP][PASSED] - closeBrowser(): Browser is closed

2023-10-09 17:46:55 - [MESSAGE][PASSED] - Browser is closed]]></system-out>
         <system-err><![CDATA[]]></system-err>
      </testcase>
      <testcase name="Test Cases/Profile/TC012-Verify user can change profile name and save" time="24.73" classname="Test Cases/Profile/TC012-Verify user can change profile name and save" status="PASSED">
         <system-out><![CDATA[2023-10-09 17:46:55 - [TEST_CASE][PASSED] - Test Cases/Profile/TC012-Verify user can change profile name and save: Test Cases/Profile/TC012-Verify user can change profile name and save

2023-10-09 17:46:56 - [TEST_STEP][PASSED] - openBrowser(""): Browser is opened with url: ''

2023-10-09 17:46:56 - [MESSAGE][INFO] - Starting 'Chrome' driver

2023-10-09 17:46:56 - [MESSAGE][INFO] - Action delay is set to 0 milliseconds

2023-10-09 17:46:59 - [MESSAGE][PASSED] - Browser is opened with url: ''

2023-10-09 17:46:59 - [TEST_STEP][PASSED] - navigateToUrl("https://app.landingly.com/"): Navigate to 'https://app.landingly.com/' successfully

2023-10-09 17:47:04 - [MESSAGE][PASSED] - Navigate to 'https://app.landingly.com/' successfully

2023-10-09 17:47:04 - [TEST_STEP][PASSED] - setText(findTestObject("Object Repository/Profile/TC012-Verify user can change profile name and save/Page_Landingly  Login/input_Email_login-email"), "sqaahmadtahir@gmail.com"): Text 'sqaahmadtahir@gmail.com' is set on object 'Object Repository/Profile/TC012-Verify user can change profile name and save/Page_Landingly  Login/input_Email_login-email'

2023-10-09 17:47:05 - [MESSAGE][PASSED] - Text 'sqaahmadtahir@gmail.com' is set on object 'Object Repository/Profile/TC012-Verify user can change profile name and save/Page_Landingly  Login/input_Email_login-email'

2023-10-09 17:47:05 - [TEST_STEP][PASSED] - setEncryptedText(findTestObject("Object Repository/Profile/TC012-Verify user can change profile name and save/Page_Landingly  Login/input_Forgot Password_login-password"), "/5S6MFFLcE5DAenbZpYNsQ=="): Text ****** has been set on object 'Object Repository/Profile/TC012-Verify user can change profile name and save/Page_Landingly  Login/input_Forgot Password_login-password'

2023-10-09 17:47:06 - [MESSAGE][PASSED] - Text ****** has been set on object 'Object Repository/Profile/TC012-Verify user can change profile name and save/Page_Landingly  Login/input_Forgot Password_login-password'

2023-10-09 17:47:06 - [TEST_STEP][PASSED] - click(findTestObject("Object Repository/Profile/TC012-Verify user can change profile name and save/Page_Landingly  Login/button_Sign in")): Object: 'Object Repository/Profile/TC012-Verify user can change profile name and save/Page_Landingly  Login/button_Sign in' is clicked on

2023-10-09 17:47:06 - [MESSAGE][PASSED] - Object: 'Object Repository/Profile/TC012-Verify user can change profile name and save/Page_Landingly  Login/button_Sign in' is clicked on

2023-10-09 17:47:06 - [TEST_STEP][PASSED] - click(findTestObject("Object Repository/Profile/TC012-Verify user can change profile name and save/Page_Landingly/svg_Profile_bi-person-fill b-icon bi")): Object: 'Object Repository/Profile/TC012-Verify user can change profile name and save/Page_Landingly/svg_Profile_bi-person-fill b-icon bi' is clicked on

2023-10-09 17:47:12 - [MESSAGE][PASSED] - Object: 'Object Repository/Profile/TC012-Verify user can change profile name and save/Page_Landingly/svg_Profile_bi-person-fill b-icon bi' is clicked on

2023-10-09 17:47:12 - [TEST_STEP][PASSED] - click(findTestObject("Object Repository/Profile/TC012-Verify user can change profile name and save/Page_Landingly/span_Profile")): Object: 'Object Repository/Profile/TC012-Verify user can change profile name and save/Page_Landingly/span_Profile' is clicked on

2023-10-09 17:47:12 - [MESSAGE][PASSED] - Object: 'Object Repository/Profile/TC012-Verify user can change profile name and save/Page_Landingly/span_Profile' is clicked on

2023-10-09 17:47:12 - [TEST_STEP][PASSED] - setText(findTestObject("Object Repository/Profile/TC012-Verify user can change profile name and save/Page_Landingly  Profile/input__FirstName"), "Muhammad"): Text 'Muhammad' is set on object 'Object Repository/Profile/TC012-Verify user can change profile name and save/Page_Landingly  Profile/input__FirstName'

2023-10-09 17:47:15 - [MESSAGE][PASSED] - Text 'Muhammad' is set on object 'Object Repository/Profile/TC012-Verify user can change profile name and save/Page_Landingly  Profile/input__FirstName'

2023-10-09 17:47:15 - [TEST_STEP][PASSED] - setText(findTestObject("Object Repository/Profile/TC012-Verify user can change profile name and save/Page_Landingly  Profile/input__LastName"), "Ahmad Tahir"): Text 'Ahmad Tahir' is set on object 'Object Repository/Profile/TC012-Verify user can change profile name and save/Page_Landingly  Profile/input__LastName'

2023-10-09 17:47:16 - [MESSAGE][PASSED] - Text 'Ahmad Tahir' is set on object 'Object Repository/Profile/TC012-Verify user can change profile name and save/Page_Landingly  Profile/input__LastName'

2023-10-09 17:47:16 - [TEST_STEP][PASSED] - click(findTestObject("Object Repository/Profile/TC012-Verify user can change profile name and save/Page_Landingly  Profile/button_Save")): Object: 'Object Repository/Profile/TC012-Verify user can change profile name and save/Page_Landingly  Profile/button_Save' is clicked on

2023-10-09 17:47:16 - [MESSAGE][PASSED] - Object: 'Object Repository/Profile/TC012-Verify user can change profile name and save/Page_Landingly  Profile/button_Save' is clicked on

2023-10-09 17:47:16 - [TEST_STEP][PASSED] - verifyElementText(findTestObject("Object Repository/Profile/TC012-Verify user can change profile name and save/Page_Landingly  Profile/h2_Success"), "Success"): Actual text and expected text of test object 'Object Repository/Profile/TC012-Verify user can change profile name and save/Page_Landingly  Profile/h2_Success' are matched.

2023-10-09 17:47:18 - [MESSAGE][PASSED] - Actual text and expected text of test object 'Object Repository/Profile/TC012-Verify user can change profile name and save/Page_Landingly  Profile/h2_Success' are matched.

2023-10-09 17:47:18 - [TEST_STEP][PASSED] - click(findTestObject("Object Repository/Profile/TC012-Verify user can change profile name and save/Page_Landingly  Profile/button_OK")): Object: 'Object Repository/Profile/TC012-Verify user can change profile name and save/Page_Landingly  Profile/button_OK' is clicked on

2023-10-09 17:47:18 - [MESSAGE][PASSED] - Object: 'Object Repository/Profile/TC012-Verify user can change profile name and save/Page_Landingly  Profile/button_OK' is clicked on

2023-10-09 17:47:18 - [TEST_STEP][PASSED] - closeBrowser(): Browser is closed

2023-10-09 17:47:20 - [MESSAGE][PASSED] - Browser is closed]]></system-out>
         <system-err><![CDATA[]]></system-err>
      </testcase>
      <testcase name="Test Cases/Profile/TC013-Verify change password working fine" time="39.577" classname="Test Cases/Profile/TC013-Verify change password working fine" status="FAILED">
         <failure type="FAILED" message="Test Cases/Profile/TC013-Verify change password working fine FAILED.
Reason:
com.kms.katalon.core.exception.StepFailedException: Unable to click on object 'Object Repository/Profile/TC013-Verify change password working fine/Page_Landingly/img'
	at com.kms.katalon.core.webui.keyword.internal.WebUIKeywordMain.stepFailed(WebUIKeywordMain.groovy:64)
	at com.kms.katalon.core.webui.keyword.internal.WebUIKeywordMain.runKeyword(WebUIKeywordMain.groovy:26)
	at com.kms.katalon.core.webui.keyword.builtin.ClickKeyword.click(ClickKeyword.groovy:74)
	at com.kms.katalon.core.webui.keyword.builtin.ClickKeyword.execute(ClickKeyword.groovy:40)
	at com.kms.katalon.core.keyword.internal.KeywordExecutor.executeKeywordForPlatform(KeywordExecutor.groovy:74)
	at com.kms.katalon.core.webui.keyword.WebUiBuiltInKeywords.click(WebUiBuiltInKeywords.groovy:620)
	at com.kms.katalon.core.webui.keyword.WebUiBuiltInKeywords$click$4.call(Unknown Source)
	at TC013-Verify change password working fine.run(TC013-Verify change password working fine:32)
	at com.kms.katalon.core.main.ScriptEngine.run(ScriptEngine.java:194)
	at com.kms.katalon.core.main.ScriptEngine.runScriptAsRawText(ScriptEngine.java:119)
	at com.kms.katalon.core.main.TestCaseExecutor.runScript(TestCaseExecutor.java:448)
	at com.kms.katalon.core.main.TestCaseExecutor.doExecute(TestCaseExecutor.java:439)
	at com.kms.katalon.core.main.TestCaseExecutor.processExecutionPhase(TestCaseExecutor.java:418)
	at com.kms.katalon.core.main.TestCaseExecutor.accessMainPhase(TestCaseExecutor.java:410)
	at com.kms.katalon.core.main.TestCaseExecutor.execute(TestCaseExecutor.java:285)
	at com.kms.katalon.core.common.CommonExecutor.accessTestCaseMainPhase(CommonExecutor.java:65)
	at com.kms.katalon.core.main.TestSuiteExecutor.accessTestSuiteMainPhase(TestSuiteExecutor.java:148)
	at com.kms.katalon.core.main.TestSuiteExecutor.execute(TestSuiteExecutor.java:106)
	at com.kms.katalon.core.main.TestCaseMain.startTestSuite(TestCaseMain.java:187)
	at com.kms.katalon.core.main.TestCaseMain$startTestSuite$0.call(Unknown Source)
	at TempTestSuite1696855132405.run(TempTestSuite1696855132405.groovy:36)
Caused by: org.openqa.selenium.StaleElementReferenceException: stale element reference: stale element not found
  (Session info: chrome=117.0.5938.149)
For documentation on this error, please visit: https://www.seleniumhq.org/exceptions/stale_element_reference.html
Build info: version: '3.141.59', revision: 'e82be7d358', time: '2018-11-14T08:25:53'
System info: host: 'DESKTOP-3BHH4MD', ip: '192.168.0.108', os.name: 'Windows 10', os.arch: 'amd64', os.version: '10.0', java.version: '1.8.0_362'
Driver info: com.kms.katalon.selenium.driver.CChromeDriver
Capabilities {acceptInsecureCerts: false, browserName: chrome, browserVersion: 117.0.5938.149, chrome: {chromedriverVersion: 116.0.5845.96 (1a3918166880..., userDataDir: C:\Users\TDS\AppData\Local\...}, fedcm:accounts: true, goog:chromeOptions: {debuggerAddress: localhost:63441}, javascriptEnabled: true, networkConnectionEnabled: false, pageLoadStrategy: normal, platform: WINDOWS, platformName: WINDOWS, proxy: Proxy(), setWindowRect: true, strictFileInteractability: false, timeouts: {implicit: 0, pageLoad: 300000, script: 30000}, unhandledPromptBehavior: dismiss and notify, webauthn:extension:credBlob: true, webauthn:extension:largeBlob: true, webauthn:extension:minPinLength: true, webauthn:extension:prf: true, webauthn:virtualAuthenticators: true}
Session ID: 726358f69c98d87e0eb297e350925463
	at org.openqa.selenium.remote.http.W3CHttpResponseCodec.createException(W3CHttpResponseCodec.java:187)
	at org.openqa.selenium.remote.http.W3CHttpResponseCodec.decode(W3CHttpResponseCodec.java:122)
	at org.openqa.selenium.remote.http.W3CHttpResponseCodec.decode(W3CHttpResponseCodec.java:49)
	at org.openqa.selenium.remote.HttpCommandExecutor.execute(HttpCommandExecutor.java:158)
	at org.openqa.selenium.remote.service.DriverCommandExecutor.execute(DriverCommandExecutor.java:83)
	at org.openqa.selenium.remote.RemoteWebDriver.execute(RemoteWebDriver.java:552)
	at com.kms.katalon.selenium.driver.CChromeDriver.execute(CChromeDriver.java:19)
	at org.openqa.selenium.remote.RemoteWebElement.execute(RemoteWebElement.java:285)
	at org.openqa.selenium.remote.RemoteWebElement.click(RemoteWebElement.java:84)
	at org.openqa.selenium.support.events.EventFiringWebDriver$EventFiringWebElement.lambda$new$0(EventFiringWebDriver.java:404)
	at com.sun.proxy.$Proxy11.click(Unknown Source)
	at org.openqa.selenium.support.events.EventFiringWebDriver$EventFiringWebElement.click(EventFiringWebDriver.java:417)
	at org.openqa.selenium.WebElement$click.call(Unknown Source)
	at com.kms.katalon.core.webui.keyword.builtin.ClickKeyword.clickUntilSuccessWithTimeout(ClickKeyword.groovy:81)
	at com.kms.katalon.core.webui.keyword.builtin.ClickKeyword.clickUntilSuccessWithTimeout(ClickKeyword.groovy)
	at com.kms.katalon.core.webui.keyword.builtin.ClickKeyword$_click_closure1.doCall(ClickKeyword.groovy:67)
	at com.kms.katalon.core.webui.keyword.builtin.ClickKeyword$_click_closure1.call(ClickKeyword.groovy)
	at com.kms.katalon.core.webui.keyword.internal.WebUIKeywordMain.runKeyword(WebUIKeywordMain.groovy:20)
	... 19 more
"/>
         <system-out><![CDATA[2023-10-09 17:47:20 - [TEST_CASE][FAILED] - Test Cases/Profile/TC013-Verify change password working fine: Test Cases/Profile/TC013-Verify change password working fine FAILED.
Reason:
com.kms.katalon.core.exception.StepFailedException: Unable to click on object 'Object Repository/Profile/TC013-Verify change password working fine/Page_Landingly/img'
	at com.kms.katalon.core.webui.keyword.internal.WebUIKeywordMain.stepFailed(WebUIKeywordMain.groovy:64)
	at com.kms.katalon.core.webui.keyword.internal.WebUIKeywordMain.runKeyword(WebUIKeywordMain.groovy:26)
	at com.kms.katalon.core.webui.keyword.builtin.ClickKeyword.click(ClickKeyword.groovy:74)
	at com.kms.katalon.core.webui.keyword.builtin.ClickKeyword.execute(ClickKeyword.groovy:40)
	at com.kms.katalon.core.keyword.internal.KeywordExecutor.executeKeywordForPlatform(KeywordExecutor.groovy:74)
	at com.kms.katalon.core.webui.keyword.WebUiBuiltInKeywords.click(WebUiBuiltInKeywords.groovy:620)
	at com.kms.katalon.core.webui.keyword.WebUiBuiltInKeywords$click$4.call(Unknown Source)
	at TC013-Verify change password working fine.run(TC013-Verify change password working fine:32)
	at com.kms.katalon.core.main.ScriptEngine.run(ScriptEngine.java:194)
	at com.kms.katalon.core.main.ScriptEngine.runScriptAsRawText(ScriptEngine.java:119)
	at com.kms.katalon.core.main.TestCaseExecutor.runScript(TestCaseExecutor.java:448)
	at com.kms.katalon.core.main.TestCaseExecutor.doExecute(TestCaseExecutor.java:439)
	at com.kms.katalon.core.main.TestCaseExecutor.processExecutionPhase(TestCaseExecutor.java:418)
	at com.kms.katalon.core.main.TestCaseExecutor.accessMainPhase(TestCaseExecutor.java:410)
	at com.kms.katalon.core.main.TestCaseExecutor.execute(TestCaseExecutor.java:285)
	at com.kms.katalon.core.common.CommonExecutor.accessTestCaseMainPhase(CommonExecutor.java:65)
	at com.kms.katalon.core.main.TestSuiteExecutor.accessTestSuiteMainPhase(TestSuiteExecutor.java:148)
	at com.kms.katalon.core.main.TestSuiteExecutor.execute(TestSuiteExecutor.java:106)
	at com.kms.katalon.core.main.TestCaseMain.startTestSuite(TestCaseMain.java:187)
	at com.kms.katalon.core.main.TestCaseMain$startTestSuite$0.call(Unknown Source)
	at TempTestSuite1696855132405.run(TempTestSuite1696855132405.groovy:36)
Caused by: org.openqa.selenium.StaleElementReferenceException: stale element reference: stale element not found
  (Session info: chrome=117.0.5938.149)
For documentation on this error, please visit: https://www.seleniumhq.org/exceptions/stale_element_reference.html
Build info: version: '3.141.59', revision: 'e82be7d358', time: '2018-11-14T08:25:53'
System info: host: 'DESKTOP-3BHH4MD', ip: '192.168.0.108', os.name: 'Windows 10', os.arch: 'amd64', os.version: '10.0', java.version: '1.8.0_362'
Driver info: com.kms.katalon.selenium.driver.CChromeDriver
Capabilities {acceptInsecureCerts: false, browserName: chrome, browserVersion: 117.0.5938.149, chrome: {chromedriverVersion: 116.0.5845.96 (1a3918166880..., userDataDir: C:\Users\TDS\AppData\Local\...}, fedcm:accounts: true, goog:chromeOptions: {debuggerAddress: localhost:63441}, javascriptEnabled: true, networkConnectionEnabled: false, pageLoadStrategy: normal, platform: WINDOWS, platformName: WINDOWS, proxy: Proxy(), setWindowRect: true, strictFileInteractability: false, timeouts: {implicit: 0, pageLoad: 300000, script: 30000}, unhandledPromptBehavior: dismiss and notify, webauthn:extension:credBlob: true, webauthn:extension:largeBlob: true, webauthn:extension:minPinLength: true, webauthn:extension:prf: true, webauthn:virtualAuthenticators: true}
Session ID: 726358f69c98d87e0eb297e350925463
	at org.openqa.selenium.remote.http.W3CHttpResponseCodec.createException(W3CHttpResponseCodec.java:187)
	at org.openqa.selenium.remote.http.W3CHttpResponseCodec.decode(W3CHttpResponseCodec.java:122)
	at org.openqa.selenium.remote.http.W3CHttpResponseCodec.decode(W3CHttpResponseCodec.java:49)
	at org.openqa.selenium.remote.HttpCommandExecutor.execute(HttpCommandExecutor.java:158)
	at org.openqa.selenium.remote.service.DriverCommandExecutor.execute(DriverCommandExecutor.java:83)
	at org.openqa.selenium.remote.RemoteWebDriver.execute(RemoteWebDriver.java:552)
	at com.kms.katalon.selenium.driver.CChromeDriver.execute(CChromeDriver.java:19)
	at org.openqa.selenium.remote.RemoteWebElement.execute(RemoteWebElement.java:285)
	at org.openqa.selenium.remote.RemoteWebElement.click(RemoteWebElement.java:84)
	at org.openqa.selenium.support.events.EventFiringWebDriver$EventFiringWebElement.lambda$new$0(EventFiringWebDriver.java:404)
	at com.sun.proxy.$Proxy11.click(Unknown Source)
	at org.openqa.selenium.support.events.EventFiringWebDriver$EventFiringWebElement.click(EventFiringWebDriver.java:417)
	at org.openqa.selenium.WebElement$click.call(Unknown Source)
	at com.kms.katalon.core.webui.keyword.builtin.ClickKeyword.clickUntilSuccessWithTimeout(ClickKeyword.groovy:81)
	at com.kms.katalon.core.webui.keyword.builtin.ClickKeyword.clickUntilSuccessWithTimeout(ClickKeyword.groovy)
	at com.kms.katalon.core.webui.keyword.builtin.ClickKeyword$_click_closure1.doCall(ClickKeyword.groovy:67)
	at com.kms.katalon.core.webui.keyword.builtin.ClickKeyword$_click_closure1.call(ClickKeyword.groovy)
	at com.kms.katalon.core.webui.keyword.internal.WebUIKeywordMain.runKeyword(WebUIKeywordMain.groovy:20)
	... 19 more


2023-10-09 17:47:21 - [TEST_STEP][PASSED] - openBrowser(""): Browser is opened with url: ''

2023-10-09 17:47:21 - [MESSAGE][INFO] - Starting 'Chrome' driver

2023-10-09 17:47:21 - [MESSAGE][INFO] - Action delay is set to 0 milliseconds

2023-10-09 17:47:23 - [MESSAGE][PASSED] - Browser is opened with url: ''

2023-10-09 17:47:23 - [TEST_STEP][PASSED] - navigateToUrl("https://app.landingly.com/"): Navigate to 'https://app.landingly.com/' successfully

2023-10-09 17:47:51 - [MESSAGE][PASSED] - Navigate to 'https://app.landingly.com/' successfully

2023-10-09 17:47:51 - [TEST_STEP][PASSED] - setText(findTestObject("Object Repository/Profile/TC013-Verify change password working fine/Page_Landingly  Login/input_Email_login-email"), "sqaahmadtahir@gmail.com"): Text 'sqaahmadtahir@gmail.com' is set on object 'Object Repository/Profile/TC013-Verify change password working fine/Page_Landingly  Login/input_Email_login-email'

2023-10-09 17:47:52 - [MESSAGE][PASSED] - Text 'sqaahmadtahir@gmail.com' is set on object 'Object Repository/Profile/TC013-Verify change password working fine/Page_Landingly  Login/input_Email_login-email'

2023-10-09 17:47:52 - [TEST_STEP][PASSED] - setEncryptedText(findTestObject("Object Repository/Profile/TC013-Verify change password working fine/Page_Landingly  Login/input_Forgot Password_login-password"), "/5S6MFFLcE5DAenbZpYNsQ=="): Text ****** has been set on object 'Object Repository/Profile/TC013-Verify change password working fine/Page_Landingly  Login/input_Forgot Password_login-password'

2023-10-09 17:47:53 - [MESSAGE][PASSED] - Text ****** has been set on object 'Object Repository/Profile/TC013-Verify change password working fine/Page_Landingly  Login/input_Forgot Password_login-password'

2023-10-09 17:47:53 - [TEST_STEP][PASSED] - click(findTestObject("Object Repository/Profile/TC013-Verify change password working fine/Page_Landingly  Login/button_Sign in")): Object: 'Object Repository/Profile/TC013-Verify change password working fine/Page_Landingly  Login/button_Sign in' is clicked on

2023-10-09 17:47:54 - [MESSAGE][PASSED] - Object: 'Object Repository/Profile/TC013-Verify change password working fine/Page_Landingly  Login/button_Sign in' is clicked on

2023-10-09 17:47:54 - [TEST_STEP][FAILED] - click(findTestObject("Object Repository/Profile/TC013-Verify change password working fine/Page_Landingly/img")): Unable to click on object 'Object Repository/Profile/TC013-Verify change password working fine/Page_Landingly/img' (Root cause: com.kms.katalon.core.exception.StepFailedException: Unable to click on object 'Object Repository/Profile/TC013-Verify change password working fine/Page_Landingly/img'
	at com.kms.katalon.core.webui.keyword.internal.WebUIKeywordMain.stepFailed(WebUIKeywordMain.groovy:64)
	at com.kms.katalon.core.webui.keyword.internal.WebUIKeywordMain.runKeyword(WebUIKeywordMain.groovy:26)
	at com.kms.katalon.core.webui.keyword.builtin.ClickKeyword.click(ClickKeyword.groovy:74)
	at com.kms.katalon.core.webui.keyword.builtin.ClickKeyword.execute(ClickKeyword.groovy:40)
	at com.kms.katalon.core.keyword.internal.KeywordExecutor.executeKeywordForPlatform(KeywordExecutor.groovy:74)
	at com.kms.katalon.core.webui.keyword.WebUiBuiltInKeywords.click(WebUiBuiltInKeywords.groovy:620)
	at com.kms.katalon.core.webui.keyword.WebUiBuiltInKeywords$click$4.call(Unknown Source)
	at TC013-Verify change password working fine.run(TC013-Verify change password working fine:32)
	at com.kms.katalon.core.main.ScriptEngine.run(ScriptEngine.java:194)
	at com.kms.katalon.core.main.ScriptEngine.runScriptAsRawText(ScriptEngine.java:119)
	at com.kms.katalon.core.main.TestCaseExecutor.runScript(TestCaseExecutor.java:448)
	at com.kms.katalon.core.main.TestCaseExecutor.doExecute(TestCaseExecutor.java:439)
	at com.kms.katalon.core.main.TestCaseExecutor.processExecutionPhase(TestCaseExecutor.java:418)
	at com.kms.katalon.core.main.TestCaseExecutor.accessMainPhase(TestCaseExecutor.java:410)
	at com.kms.katalon.core.main.TestCaseExecutor.execute(TestCaseExecutor.java:285)
	at com.kms.katalon.core.common.CommonExecutor.accessTestCaseMainPhase(CommonExecutor.java:65)
	at com.kms.katalon.core.main.TestSuiteExecutor.accessTestSuiteMainPhase(TestSuiteExecutor.java:148)
	at com.kms.katalon.core.main.TestSuiteExecutor.execute(TestSuiteExecutor.java:106)
	at com.kms.katalon.core.main.TestCaseMain.startTestSuite(TestCaseMain.java:187)
	at com.kms.katalon.core.main.TestCaseMain$startTestSuite$0.call(Unknown Source)
	at TempTestSuite1696855132405.run(TempTestSuite1696855132405.groovy:36)
Caused by: org.openqa.selenium.StaleElementReferenceException: stale element reference: stale element not found
  (Session info: chrome=117.0.5938.149)
For documentation on this error, please visit: https://www.seleniumhq.org/exceptions/stale_element_reference.html
Build info: version: '3.141.59', revision: 'e82be7d358', time: '2018-11-14T08:25:53'
System info: host: 'DESKTOP-3BHH4MD', ip: '192.168.0.108', os.name: 'Windows 10', os.arch: 'amd64', os.version: '10.0', java.version: '1.8.0_362'
Driver info: com.kms.katalon.selenium.driver.CChromeDriver
Capabilities {acceptInsecureCerts: false, browserName: chrome, browserVersion: 117.0.5938.149, chrome: {chromedriverVersion: 116.0.5845.96 (1a3918166880..., userDataDir: C:\Users\TDS\AppData\Local\...}, fedcm:accounts: true, goog:chromeOptions: {debuggerAddress: localhost:63441}, javascriptEnabled: true, networkConnectionEnabled: false, pageLoadStrategy: normal, platform: WINDOWS, platformName: WINDOWS, proxy: Proxy(), setWindowRect: true, strictFileInteractability: false, timeouts: {implicit: 0, pageLoad: 300000, script: 30000}, unhandledPromptBehavior: dismiss and notify, webauthn:extension:credBlob: true, webauthn:extension:largeBlob: true, webauthn:extension:minPinLength: true, webauthn:extension:prf: true, webauthn:virtualAuthenticators: true}
Session ID: 726358f69c98d87e0eb297e350925463
	at org.openqa.selenium.remote.http.W3CHttpResponseCodec.createException(W3CHttpResponseCodec.java:187)
	at org.openqa.selenium.remote.http.W3CHttpResponseCodec.decode(W3CHttpResponseCodec.java:122)
	at org.openqa.selenium.remote.http.W3CHttpResponseCodec.decode(W3CHttpResponseCodec.java:49)
	at org.openqa.selenium.remote.HttpCommandExecutor.execute(HttpCommandExecutor.java:158)
	at org.openqa.selenium.remote.service.DriverCommandExecutor.execute(DriverCommandExecutor.java:83)
	at org.openqa.selenium.remote.RemoteWebDriver.execute(RemoteWebDriver.java:552)
	at com.kms.katalon.selenium.driver.CChromeDriver.execute(CChromeDriver.java:19)
	at org.openqa.selenium.remote.RemoteWebElement.execute(RemoteWebElement.java:285)
	at org.openqa.selenium.remote.RemoteWebElement.click(RemoteWebElement.java:84)
	at org.openqa.selenium.support.events.EventFiringWebDriver$EventFiringWebElement.lambda$new$0(EventFiringWebDriver.java:404)
	at com.sun.proxy.$Proxy11.click(Unknown Source)
	at org.openqa.selenium.support.events.EventFiringWebDriver$EventFiringWebElement.click(EventFiringWebDriver.java:417)
	at org.openqa.selenium.WebElement$click.call(Unknown Source)
	at com.kms.katalon.core.webui.keyword.builtin.ClickKeyword.clickUntilSuccessWithTimeout(ClickKeyword.groovy:81)
	at com.kms.katalon.core.webui.keyword.builtin.ClickKeyword.clickUntilSuccessWithTimeout(ClickKeyword.groovy)
	at com.kms.katalon.core.webui.keyword.builtin.ClickKeyword$_click_closure1.doCall(ClickKeyword.groovy:67)
	at com.kms.katalon.core.webui.keyword.builtin.ClickKeyword$_click_closure1.call(ClickKeyword.groovy)
	at com.kms.katalon.core.webui.keyword.internal.WebUIKeywordMain.runKeyword(WebUIKeywordMain.groovy:20)
	at com.kms.katalon.core.webui.keyword.builtin.ClickKeyword.click(ClickKeyword.groovy:74)
	at com.kms.katalon.core.webui.keyword.builtin.ClickKeyword.execute(ClickKeyword.groovy:40)
	at com.kms.katalon.core.keyword.internal.KeywordExecutor.executeKeywordForPlatform(KeywordExecutor.groovy:74)
	at com.kms.katalon.core.webui.keyword.WebUiBuiltInKeywords.click(WebUiBuiltInKeywords.groovy:620)
	at com.kms.katalon.core.webui.keyword.WebUiBuiltInKeywords$click$4.call(Unknown Source)
	at Script1695800529466.run(Script1695800529466.groovy:32)
	... 13 more
)

2023-10-09 17:47:59 - [MESSAGE][FAILED] - Unable to click on object 'Object Repository/Profile/TC013-Verify change password working fine/Page_Landingly/img' (Root cause: com.kms.katalon.core.exception.StepFailedException: Unable to click on object 'Object Repository/Profile/TC013-Verify change password working fine/Page_Landingly/img'
	at com.kms.katalon.core.webui.keyword.internal.WebUIKeywordMain.stepFailed(WebUIKeywordMain.groovy:64)
	at com.kms.katalon.core.webui.keyword.internal.WebUIKeywordMain.runKeyword(WebUIKeywordMain.groovy:26)
	at com.kms.katalon.core.webui.keyword.builtin.ClickKeyword.click(ClickKeyword.groovy:74)
	at com.kms.katalon.core.webui.keyword.builtin.ClickKeyword.execute(ClickKeyword.groovy:40)
	at com.kms.katalon.core.keyword.internal.KeywordExecutor.executeKeywordForPlatform(KeywordExecutor.groovy:74)
	at com.kms.katalon.core.webui.keyword.WebUiBuiltInKeywords.click(WebUiBuiltInKeywords.groovy:620)
	at com.kms.katalon.core.webui.keyword.WebUiBuiltInKeywords$click$4.call(Unknown Source)
	at TC013-Verify change password working fine.run(TC013-Verify change password working fine:32)
	at com.kms.katalon.core.main.ScriptEngine.run(ScriptEngine.java:194)
	at com.kms.katalon.core.main.ScriptEngine.runScriptAsRawText(ScriptEngine.java:119)
	at com.kms.katalon.core.main.TestCaseExecutor.runScript(TestCaseExecutor.java:448)
	at com.kms.katalon.core.main.TestCaseExecutor.doExecute(TestCaseExecutor.java:439)
	at com.kms.katalon.core.main.TestCaseExecutor.processExecutionPhase(TestCaseExecutor.java:418)
	at com.kms.katalon.core.main.TestCaseExecutor.accessMainPhase(TestCaseExecutor.java:410)
	at com.kms.katalon.core.main.TestCaseExecutor.execute(TestCaseExecutor.java:285)
	at com.kms.katalon.core.common.CommonExecutor.accessTestCaseMainPhase(CommonExecutor.java:65)
	at com.kms.katalon.core.main.TestSuiteExecutor.accessTestSuiteMainPhase(TestSuiteExecutor.java:148)
	at com.kms.katalon.core.main.TestSuiteExecutor.execute(TestSuiteExecutor.java:106)
	at com.kms.katalon.core.main.TestCaseMain.startTestSuite(TestCaseMain.java:187)
	at com.kms.katalon.core.main.TestCaseMain$startTestSuite$0.call(Unknown Source)
	at TempTestSuite1696855132405.run(TempTestSuite1696855132405.groovy:36)
Caused by: org.openqa.selenium.StaleElementReferenceException: stale element reference: stale element not found
  (Session info: chrome=117.0.5938.149)
For documentation on this error, please visit: https://www.seleniumhq.org/exceptions/stale_element_reference.html
Build info: version: '3.141.59', revision: 'e82be7d358', time: '2018-11-14T08:25:53'
System info: host: 'DESKTOP-3BHH4MD', ip: '192.168.0.108', os.name: 'Windows 10', os.arch: 'amd64', os.version: '10.0', java.version: '1.8.0_362'
Driver info: com.kms.katalon.selenium.driver.CChromeDriver
Capabilities {acceptInsecureCerts: false, browserName: chrome, browserVersion: 117.0.5938.149, chrome: {chromedriverVersion: 116.0.5845.96 (1a3918166880..., userDataDir: C:\Users\TDS\AppData\Local\...}, fedcm:accounts: true, goog:chromeOptions: {debuggerAddress: localhost:63441}, javascriptEnabled: true, networkConnectionEnabled: false, pageLoadStrategy: normal, platform: WINDOWS, platformName: WINDOWS, proxy: Proxy(), setWindowRect: true, strictFileInteractability: false, timeouts: {implicit: 0, pageLoad: 300000, script: 30000}, unhandledPromptBehavior: dismiss and notify, webauthn:extension:credBlob: true, webauthn:extension:largeBlob: true, webauthn:extension:minPinLength: true, webauthn:extension:prf: true, webauthn:virtualAuthenticators: true}
Session ID: 726358f69c98d87e0eb297e350925463
	at org.openqa.selenium.remote.http.W3CHttpResponseCodec.createException(W3CHttpResponseCodec.java:187)
	at org.openqa.selenium.remote.http.W3CHttpResponseCodec.decode(W3CHttpResponseCodec.java:122)
	at org.openqa.selenium.remote.http.W3CHttpResponseCodec.decode(W3CHttpResponseCodec.java:49)
	at org.openqa.selenium.remote.HttpCommandExecutor.execute(HttpCommandExecutor.java:158)
	at org.openqa.selenium.remote.service.DriverCommandExecutor.execute(DriverCommandExecutor.java:83)
	at org.openqa.selenium.remote.RemoteWebDriver.execute(RemoteWebDriver.java:552)
	at com.kms.katalon.selenium.driver.CChromeDriver.execute(CChromeDriver.java:19)
	at org.openqa.selenium.remote.RemoteWebElement.execute(RemoteWebElement.java:285)
	at org.openqa.selenium.remote.RemoteWebElement.click(RemoteWebElement.java:84)
	at org.openqa.selenium.support.events.EventFiringWebDriver$EventFiringWebElement.lambda$new$0(EventFiringWebDriver.java:404)
	at com.sun.proxy.$Proxy11.click(Unknown Source)
	at org.openqa.selenium.support.events.EventFiringWebDriver$EventFiringWebElement.click(EventFiringWebDriver.java:417)
	at org.openqa.selenium.WebElement$click.call(Unknown Source)
	at com.kms.katalon.core.webui.keyword.builtin.ClickKeyword.clickUntilSuccessWithTimeout(ClickKeyword.groovy:81)
	at com.kms.katalon.core.webui.keyword.builtin.ClickKeyword.clickUntilSuccessWithTimeout(ClickKeyword.groovy)
	at com.kms.katalon.core.webui.keyword.builtin.ClickKeyword$_click_closure1.doCall(ClickKeyword.groovy:67)
	at com.kms.katalon.core.webui.keyword.builtin.ClickKeyword$_click_closure1.call(ClickKeyword.groovy)
	at com.kms.katalon.core.webui.keyword.internal.WebUIKeywordMain.runKeyword(WebUIKeywordMain.groovy:20)
	at com.kms.katalon.core.webui.keyword.builtin.ClickKeyword.click(ClickKeyword.groovy:74)
	at com.kms.katalon.core.webui.keyword.builtin.ClickKeyword.execute(ClickKeyword.groovy:40)
	at com.kms.katalon.core.keyword.internal.KeywordExecutor.executeKeywordForPlatform(KeywordExecutor.groovy:74)
	at com.kms.katalon.core.webui.keyword.WebUiBuiltInKeywords.click(WebUiBuiltInKeywords.groovy:620)
	at com.kms.katalon.core.webui.keyword.WebUiBuiltInKeywords$click$4.call(Unknown Source)
	at Script1695800529466.run(Script1695800529466.groovy:32)
	... 13 more
)
[[ATTACHMENT|C:\\Users\\TDS\\git\\Landingly\\Reports\\20231009_173852\\Landingly\\20231009_173852\\1696855679371.png]]]]></system-out>
         <system-err><![CDATA[2023-10-09 17:47:20 - [TEST_CASE][FAILED] - Test Cases/Profile/TC013-Verify change password working fine: Test Cases/Profile/TC013-Verify change password working fine FAILED.
Reason:
com.kms.katalon.core.exception.StepFailedException: Unable to click on object 'Object Repository/Profile/TC013-Verify change password working fine/Page_Landingly/img'
	at com.kms.katalon.core.webui.keyword.internal.WebUIKeywordMain.stepFailed(WebUIKeywordMain.groovy:64)
	at com.kms.katalon.core.webui.keyword.internal.WebUIKeywordMain.runKeyword(WebUIKeywordMain.groovy:26)
	at com.kms.katalon.core.webui.keyword.builtin.ClickKeyword.click(ClickKeyword.groovy:74)
	at com.kms.katalon.core.webui.keyword.builtin.ClickKeyword.execute(ClickKeyword.groovy:40)
	at com.kms.katalon.core.keyword.internal.KeywordExecutor.executeKeywordForPlatform(KeywordExecutor.groovy:74)
	at com.kms.katalon.core.webui.keyword.WebUiBuiltInKeywords.click(WebUiBuiltInKeywords.groovy:620)
	at com.kms.katalon.core.webui.keyword.WebUiBuiltInKeywords$click$4.call(Unknown Source)
	at TC013-Verify change password working fine.run(TC013-Verify change password working fine:32)
	at com.kms.katalon.core.main.ScriptEngine.run(ScriptEngine.java:194)
	at com.kms.katalon.core.main.ScriptEngine.runScriptAsRawText(ScriptEngine.java:119)
	at com.kms.katalon.core.main.TestCaseExecutor.runScript(TestCaseExecutor.java:448)
	at com.kms.katalon.core.main.TestCaseExecutor.doExecute(TestCaseExecutor.java:439)
	at com.kms.katalon.core.main.TestCaseExecutor.processExecutionPhase(TestCaseExecutor.java:418)
	at com.kms.katalon.core.main.TestCaseExecutor.accessMainPhase(TestCaseExecutor.java:410)
	at com.kms.katalon.core.main.TestCaseExecutor.execute(TestCaseExecutor.java:285)
	at com.kms.katalon.core.common.CommonExecutor.accessTestCaseMainPhase(CommonExecutor.java:65)
	at com.kms.katalon.core.main.TestSuiteExecutor.accessTestSuiteMainPhase(TestSuiteExecutor.java:148)
	at com.kms.katalon.core.main.TestSuiteExecutor.execute(TestSuiteExecutor.java:106)
	at com.kms.katalon.core.main.TestCaseMain.startTestSuite(TestCaseMain.java:187)
	at com.kms.katalon.core.main.TestCaseMain$startTestSuite$0.call(Unknown Source)
	at TempTestSuite1696855132405.run(TempTestSuite1696855132405.groovy:36)
Caused by: org.openqa.selenium.StaleElementReferenceException: stale element reference: stale element not found
  (Session info: chrome=117.0.5938.149)
For documentation on this error, please visit: https://www.seleniumhq.org/exceptions/stale_element_reference.html
Build info: version: '3.141.59', revision: 'e82be7d358', time: '2018-11-14T08:25:53'
System info: host: 'DESKTOP-3BHH4MD', ip: '192.168.0.108', os.name: 'Windows 10', os.arch: 'amd64', os.version: '10.0', java.version: '1.8.0_362'
Driver info: com.kms.katalon.selenium.driver.CChromeDriver
Capabilities {acceptInsecureCerts: false, browserName: chrome, browserVersion: 117.0.5938.149, chrome: {chromedriverVersion: 116.0.5845.96 (1a3918166880..., userDataDir: C:\Users\TDS\AppData\Local\...}, fedcm:accounts: true, goog:chromeOptions: {debuggerAddress: localhost:63441}, javascriptEnabled: true, networkConnectionEnabled: false, pageLoadStrategy: normal, platform: WINDOWS, platformName: WINDOWS, proxy: Proxy(), setWindowRect: true, strictFileInteractability: false, timeouts: {implicit: 0, pageLoad: 300000, script: 30000}, unhandledPromptBehavior: dismiss and notify, webauthn:extension:credBlob: true, webauthn:extension:largeBlob: true, webauthn:extension:minPinLength: true, webauthn:extension:prf: true, webauthn:virtualAuthenticators: true}
Session ID: 726358f69c98d87e0eb297e350925463
	at org.openqa.selenium.remote.http.W3CHttpResponseCodec.createException(W3CHttpResponseCodec.java:187)
	at org.openqa.selenium.remote.http.W3CHttpResponseCodec.decode(W3CHttpResponseCodec.java:122)
	at org.openqa.selenium.remote.http.W3CHttpResponseCodec.decode(W3CHttpResponseCodec.java:49)
	at org.openqa.selenium.remote.HttpCommandExecutor.execute(HttpCommandExecutor.java:158)
	at org.openqa.selenium.remote.service.DriverCommandExecutor.execute(DriverCommandExecutor.java:83)
	at org.openqa.selenium.remote.RemoteWebDriver.execute(RemoteWebDriver.java:552)
	at com.kms.katalon.selenium.driver.CChromeDriver.execute(CChromeDriver.java:19)
	at org.openqa.selenium.remote.RemoteWebElement.execute(RemoteWebElement.java:285)
	at org.openqa.selenium.remote.RemoteWebElement.click(RemoteWebElement.java:84)
	at org.openqa.selenium.support.events.EventFiringWebDriver$EventFiringWebElement.lambda$new$0(EventFiringWebDriver.java:404)
	at com.sun.proxy.$Proxy11.click(Unknown Source)
	at org.openqa.selenium.support.events.EventFiringWebDriver$EventFiringWebElement.click(EventFiringWebDriver.java:417)
	at org.openqa.selenium.WebElement$click.call(Unknown Source)
	at com.kms.katalon.core.webui.keyword.builtin.ClickKeyword.clickUntilSuccessWithTimeout(ClickKeyword.groovy:81)
	at com.kms.katalon.core.webui.keyword.builtin.ClickKeyword.clickUntilSuccessWithTimeout(ClickKeyword.groovy)
	at com.kms.katalon.core.webui.keyword.builtin.ClickKeyword$_click_closure1.doCall(ClickKeyword.groovy:67)
	at com.kms.katalon.core.webui.keyword.builtin.ClickKeyword$_click_closure1.call(ClickKeyword.groovy)
	at com.kms.katalon.core.webui.keyword.internal.WebUIKeywordMain.runKeyword(WebUIKeywordMain.groovy:20)
	... 19 more]]></system-err>
      </testcase>
      <testcase name="Test Cases/Projects/TC016-Verify user can create new project sales" time="38.517" classname="Test Cases/Projects/TC016-Verify user can create new project sales" status="PASSED">
         <system-out><![CDATA[2023-10-09 17:47:59 - [TEST_CASE][PASSED] - Test Cases/Projects/TC016-Verify user can create new project sales: Test Cases/Projects/TC016-Verify user can create new project sales

2023-10-09 17:48:00 - [TEST_STEP][PASSED] - openBrowser(""): Browser is opened with url: ''

2023-10-09 17:48:00 - [MESSAGE][WARNING] - A browser is already opened. Closing browser and opening a new one

2023-10-09 17:48:01 - [MESSAGE][INFO] - Starting 'Chrome' driver

2023-10-09 17:48:01 - [MESSAGE][INFO] - Action delay is set to 0 milliseconds

2023-10-09 17:48:04 - [MESSAGE][PASSED] - Browser is opened with url: ''

2023-10-09 17:48:04 - [TEST_STEP][PASSED] - maximizeWindow(): Current window maximized

2023-10-09 17:48:04 - [MESSAGE][PASSED] - Current window maximized

2023-10-09 17:48:04 - [TEST_STEP][PASSED] - navigateToUrl("https://app.landingly.com/"): Navigate to 'https://app.landingly.com/' successfully

2023-10-09 17:48:10 - [MESSAGE][PASSED] - Navigate to 'https://app.landingly.com/' successfully

2023-10-09 17:48:10 - [TEST_STEP][PASSED] - setText(findTestObject("Object Repository/Projects/TC016-Verify user can create new project sales/Page_Landingly  Login/input_Email_login-email"), "sqaahmadtahir@gmail.com"): Text 'sqaahmadtahir@gmail.com' is set on object 'Object Repository/Projects/TC016-Verify user can create new project sales/Page_Landingly  Login/input_Email_login-email'

2023-10-09 17:48:11 - [MESSAGE][PASSED] - Text 'sqaahmadtahir@gmail.com' is set on object 'Object Repository/Projects/TC016-Verify user can create new project sales/Page_Landingly  Login/input_Email_login-email'

2023-10-09 17:48:11 - [TEST_STEP][PASSED] - setEncryptedText(findTestObject("Object Repository/Projects/TC016-Verify user can create new project sales/Page_Landingly  Login/input_Forgot Password_login-password"), "/5S6MFFLcE5DAenbZpYNsQ=="): Text ****** has been set on object 'Object Repository/Projects/TC016-Verify user can create new project sales/Page_Landingly  Login/input_Forgot Password_login-password'

2023-10-09 17:48:12 - [MESSAGE][PASSED] - Text ****** has been set on object 'Object Repository/Projects/TC016-Verify user can create new project sales/Page_Landingly  Login/input_Forgot Password_login-password'

2023-10-09 17:48:12 - [TEST_STEP][PASSED] - click(findTestObject("Object Repository/Projects/TC016-Verify user can create new project sales/Page_Landingly  Login/button_Sign in")): Object: 'Object Repository/Projects/TC016-Verify user can create new project sales/Page_Landingly  Login/button_Sign in' is clicked on

2023-10-09 17:48:13 - [MESSAGE][PASSED] - Object: 'Object Repository/Projects/TC016-Verify user can create new project sales/Page_Landingly  Login/button_Sign in' is clicked on

2023-10-09 17:48:13 - [TEST_STEP][PASSED] - click(findTestObject("Object Repository/Projects/TC016-Verify user can create new project sales/Page_Landingly/a_Projects")): Object: 'Object Repository/Projects/TC016-Verify user can create new project sales/Page_Landingly/a_Projects' is clicked on

2023-10-09 17:48:16 - [MESSAGE][PASSED] - Object: 'Object Repository/Projects/TC016-Verify user can create new project sales/Page_Landingly/a_Projects' is clicked on

2023-10-09 17:48:16 - [TEST_STEP][PASSED] - click(findTestObject("Object Repository/Projects/TC016-Verify user can create new project sales/Page_Landingly  Projects/button_New Project")): Object: 'Object Repository/Projects/TC016-Verify user can create new project sales/Page_Landingly  Projects/button_New Project' is clicked on

2023-10-09 17:48:20 - [MESSAGE][PASSED] - Object: 'Object Repository/Projects/TC016-Verify user can create new project sales/Page_Landingly  Projects/button_New Project' is clicked on

2023-10-09 17:48:20 - [TEST_STEP][PASSED] - setText(findTestObject("Object Repository/Projects/TC016-Verify user can create new project sales/Page_Landingly  Projects/input__ProjectName"), "new sales prject"): Text 'new sales prject' is set on object 'Object Repository/Projects/TC016-Verify user can create new project sales/Page_Landingly  Projects/input__ProjectName'

2023-10-09 17:48:23 - [MESSAGE][PASSED] - Text 'new sales prject' is set on object 'Object Repository/Projects/TC016-Verify user can create new project sales/Page_Landingly  Projects/input__ProjectName'

2023-10-09 17:48:23 - [TEST_STEP][PASSED] - click(findTestObject("Object Repository/Projects/TC016-Verify user can create new project sales/Page_Landingly  Projects/label_Sales Funnel")): Object: 'Object Repository/Projects/TC016-Verify user can create new project sales/Page_Landingly  Projects/label_Sales Funnel' is clicked on

2023-10-09 17:48:24 - [MESSAGE][PASSED] - Object: 'Object Repository/Projects/TC016-Verify user can create new project sales/Page_Landingly  Projects/label_Sales Funnel' is clicked on

2023-10-09 17:48:24 - [TEST_STEP][PASSED] - click(findTestObject("Object Repository/Projects/TC016-Verify user can create new project sales/Page_Landingly  Projects/button_Build Project")): Object: 'Object Repository/Projects/TC016-Verify user can create new project sales/Page_Landingly  Projects/button_Build Project' is clicked on

2023-10-09 17:48:24 - [MESSAGE][PASSED] - Object: 'Object Repository/Projects/TC016-Verify user can create new project sales/Page_Landingly  Projects/button_Build Project' is clicked on

2023-10-09 17:48:24 - [TEST_STEP][PASSED] - click(findTestObject("Object Repository/Projects/TC016-Verify user can create new project sales/Page_Landingly  Project Detail/a_Use This")): Object: 'Object Repository/Projects/TC016-Verify user can create new project sales/Page_Landingly  Project Detail/a_Use This' is clicked on

2023-10-09 17:48:31 - [MESSAGE][PASSED] - Object: 'Object Repository/Projects/TC016-Verify user can create new project sales/Page_Landingly  Project Detail/a_Use This' is clicked on

2023-10-09 17:48:31 - [TEST_STEP][PASSED] - click(findTestObject("Object Repository/Projects/TC016-Verify user can create new project sales/Page_Landingly  Project Detail/a_Use This")): Object: 'Object Repository/Projects/TC016-Verify user can create new project sales/Page_Landingly  Project Detail/a_Use This' is clicked on

2023-10-09 17:48:34 - [MESSAGE][PASSED] - Object: 'Object Repository/Projects/TC016-Verify user can create new project sales/Page_Landingly  Project Detail/a_Use This' is clicked on

2023-10-09 17:48:34 - [TEST_STEP][PASSED] - verifyElementText(findTestObject("Object Repository/Projects/TC016-Verify user can create new project sales/Page_Landingly  Project Detail/span_new sales prject"), "new sales prject"): Actual text and expected text of test object 'Object Repository/Projects/TC016-Verify user can create new project sales/Page_Landingly  Project Detail/span_new sales prject' are matched.

2023-10-09 17:48:36 - [MESSAGE][PASSED] - Actual text and expected text of test object 'Object Repository/Projects/TC016-Verify user can create new project sales/Page_Landingly  Project Detail/span_new sales prject' are matched.

2023-10-09 17:48:36 - [TEST_STEP][PASSED] - closeBrowser(): Browser is closed

2023-10-09 17:48:38 - [MESSAGE][PASSED] - Browser is closed]]></system-out>
         <system-err><![CDATA[]]></system-err>
      </testcase>
      <testcase name="Test Cases/Projects/TC017-Verify user can create new project optin" time="34.408" classname="Test Cases/Projects/TC017-Verify user can create new project optin" status="PASSED">
         <system-out><![CDATA[2023-10-09 17:48:38 - [TEST_CASE][PASSED] - Test Cases/Projects/TC017-Verify user can create new project optin: Test Cases/Projects/TC017-Verify user can create new project optin

2023-10-09 17:48:39 - [TEST_STEP][PASSED] - openBrowser(""): Browser is opened with url: ''

2023-10-09 17:48:39 - [MESSAGE][INFO] - Starting 'Chrome' driver

2023-10-09 17:48:39 - [MESSAGE][INFO] - Action delay is set to 0 milliseconds

2023-10-09 17:48:42 - [MESSAGE][PASSED] - Browser is opened with url: ''

2023-10-09 17:48:42 - [TEST_STEP][PASSED] - maximizeWindow(): Current window maximized

2023-10-09 17:48:43 - [MESSAGE][PASSED] - Current window maximized

2023-10-09 17:48:43 - [TEST_STEP][PASSED] - navigateToUrl("https://app.landingly.com/"): Navigate to 'https://app.landingly.com/' successfully

2023-10-09 17:48:49 - [MESSAGE][PASSED] - Navigate to 'https://app.landingly.com/' successfully

2023-10-09 17:48:49 - [TEST_STEP][PASSED] - setText(findTestObject("Object Repository/Projects/TC017-Verify user can create new project optin/Page_Landingly  Login/input_Email_login-email"), "sqaahmadtahir@gmail.com"): Text 'sqaahmadtahir@gmail.com' is set on object 'Object Repository/Projects/TC017-Verify user can create new project optin/Page_Landingly  Login/input_Email_login-email'

2023-10-09 17:48:51 - [MESSAGE][PASSED] - Text 'sqaahmadtahir@gmail.com' is set on object 'Object Repository/Projects/TC017-Verify user can create new project optin/Page_Landingly  Login/input_Email_login-email'

2023-10-09 17:48:51 - [TEST_STEP][PASSED] - setEncryptedText(findTestObject("Object Repository/Projects/TC017-Verify user can create new project optin/Page_Landingly  Login/input_Forgot Password_login-password"), "/5S6MFFLcE5DAenbZpYNsQ=="): Text ****** has been set on object 'Object Repository/Projects/TC017-Verify user can create new project optin/Page_Landingly  Login/input_Forgot Password_login-password'

2023-10-09 17:48:51 - [MESSAGE][PASSED] - Text ****** has been set on object 'Object Repository/Projects/TC017-Verify user can create new project optin/Page_Landingly  Login/input_Forgot Password_login-password'

2023-10-09 17:48:51 - [TEST_STEP][PASSED] - click(findTestObject("Object Repository/Projects/TC017-Verify user can create new project optin/Page_Landingly  Login/button_Sign in")): Object: 'Object Repository/Projects/TC017-Verify user can create new project optin/Page_Landingly  Login/button_Sign in' is clicked on

2023-10-09 17:48:52 - [MESSAGE][PASSED] - Object: 'Object Repository/Projects/TC017-Verify user can create new project optin/Page_Landingly  Login/button_Sign in' is clicked on

2023-10-09 17:48:52 - [TEST_STEP][PASSED] - click(findTestObject("Object Repository/Projects/TC017-Verify user can create new project optin/Page_Landingly/a_Projects")): Object: 'Object Repository/Projects/TC017-Verify user can create new project optin/Page_Landingly/a_Projects' is clicked on

2023-10-09 17:48:54 - [MESSAGE][PASSED] - Object: 'Object Repository/Projects/TC017-Verify user can create new project optin/Page_Landingly/a_Projects' is clicked on

2023-10-09 17:48:54 - [TEST_STEP][PASSED] - click(findTestObject("Object Repository/Projects/TC017-Verify user can create new project optin/Page_Landingly  Projects/button_New Project")): Object: 'Object Repository/Projects/TC017-Verify user can create new project optin/Page_Landingly  Projects/button_New Project' is clicked on

2023-10-09 17:48:59 - [MESSAGE][PASSED] - Object: 'Object Repository/Projects/TC017-Verify user can create new project optin/Page_Landingly  Projects/button_New Project' is clicked on

2023-10-09 17:48:59 - [TEST_STEP][PASSED] - setText(findTestObject("Object Repository/Projects/TC017-Verify user can create new project optin/Page_Landingly  Projects/input__ProjectName"), "new optin project"): Text 'new optin project' is set on object 'Object Repository/Projects/TC017-Verify user can create new project optin/Page_Landingly  Projects/input__ProjectName'

2023-10-09 17:49:01 - [MESSAGE][PASSED] - Text 'new optin project' is set on object 'Object Repository/Projects/TC017-Verify user can create new project optin/Page_Landingly  Projects/input__ProjectName'

2023-10-09 17:49:01 - [TEST_STEP][PASSED] - click(findTestObject("Object Repository/Projects/TC017-Verify user can create new project optin/Page_Landingly  Projects/button_Build Project")): Object: 'Object Repository/Projects/TC017-Verify user can create new project optin/Page_Landingly  Projects/button_Build Project' is clicked on

2023-10-09 17:49:02 - [MESSAGE][PASSED] - Object: 'Object Repository/Projects/TC017-Verify user can create new project optin/Page_Landingly  Projects/button_Build Project' is clicked on

2023-10-09 17:49:02 - [TEST_STEP][PASSED] - click(findTestObject("Object Repository/Projects/TC017-Verify user can create new project optin/Page_Landingly  Project Detail/span_Use This")): Object: 'Object Repository/Projects/TC017-Verify user can create new project optin/Page_Landingly  Project Detail/span_Use This' is clicked on

2023-10-09 17:49:07 - [MESSAGE][PASSED] - Object: 'Object Repository/Projects/TC017-Verify user can create new project optin/Page_Landingly  Project Detail/span_Use This' is clicked on

2023-10-09 17:49:07 - [TEST_STEP][PASSED] - click(findTestObject("Object Repository/Projects/TC017-Verify user can create new project optin/Page_Landingly  Project Detail/a_Use This")): Object: 'Object Repository/Projects/TC017-Verify user can create new project optin/Page_Landingly  Project Detail/a_Use This' is clicked on

2023-10-09 17:49:09 - [MESSAGE][PASSED] - Object: 'Object Repository/Projects/TC017-Verify user can create new project optin/Page_Landingly  Project Detail/a_Use This' is clicked on

2023-10-09 17:49:09 - [TEST_STEP][PASSED] - verifyElementText(findTestObject("Object Repository/Projects/TC017-Verify user can create new project optin/Page_Landingly  Project Detail/span_new optin project"), "new optin project"): Actual text and expected text of test object 'Object Repository/Projects/TC017-Verify user can create new project optin/Page_Landingly  Project Detail/span_new optin project' are matched.

2023-10-09 17:49:11 - [MESSAGE][PASSED] - Actual text and expected text of test object 'Object Repository/Projects/TC017-Verify user can create new project optin/Page_Landingly  Project Detail/span_new optin project' are matched.

2023-10-09 17:49:11 - [TEST_STEP][PASSED] - closeBrowser(): Browser is closed

2023-10-09 17:49:12 - [MESSAGE][PASSED] - Browser is closed]]></system-out>
         <system-err><![CDATA[]]></system-err>
      </testcase>
      <testcase name="Test Cases/Projects/TC018-Verify user can view project" time="32.106" classname="Test Cases/Projects/TC018-Verify user can view project" status="PASSED">
         <system-out><![CDATA[2023-10-09 17:49:12 - [TEST_CASE][PASSED] - Test Cases/Projects/TC018-Verify user can view project: Test Cases/Projects/TC018-Verify user can view project

2023-10-09 17:49:13 - [TEST_STEP][PASSED] - openBrowser(""): Browser is opened with url: ''

2023-10-09 17:49:13 - [MESSAGE][INFO] - Starting 'Chrome' driver

2023-10-09 17:49:13 - [MESSAGE][INFO] - Action delay is set to 0 milliseconds

2023-10-09 17:49:16 - [MESSAGE][PASSED] - Browser is opened with url: ''

2023-10-09 17:49:16 - [TEST_STEP][PASSED] - maximizeWindow(): Current window maximized

2023-10-09 17:49:16 - [MESSAGE][PASSED] - Current window maximized

2023-10-09 17:49:16 - [TEST_STEP][PASSED] - navigateToUrl("https://app.landingly.com/"): Navigate to 'https://app.landingly.com/' successfully

2023-10-09 17:49:23 - [MESSAGE][PASSED] - Navigate to 'https://app.landingly.com/' successfully

2023-10-09 17:49:23 - [TEST_STEP][PASSED] - setText(findTestObject("Object Repository/Projects/TC018-Verify user can view project/Page_Landingly  Login/input_Email_login-email"), "sqaahmadtahir@gmail.com"): Text 'sqaahmadtahir@gmail.com' is set on object 'Object Repository/Projects/TC018-Verify user can view project/Page_Landingly  Login/input_Email_login-email'

2023-10-09 17:49:24 - [MESSAGE][PASSED] - Text 'sqaahmadtahir@gmail.com' is set on object 'Object Repository/Projects/TC018-Verify user can view project/Page_Landingly  Login/input_Email_login-email'

2023-10-09 17:49:24 - [TEST_STEP][PASSED] - setEncryptedText(findTestObject("Object Repository/Projects/TC018-Verify user can view project/Page_Landingly  Login/input_Forgot Password_login-password"), "/5S6MFFLcE5DAenbZpYNsQ=="): Text ****** has been set on object 'Object Repository/Projects/TC018-Verify user can view project/Page_Landingly  Login/input_Forgot Password_login-password'

2023-10-09 17:49:25 - [MESSAGE][PASSED] - Text ****** has been set on object 'Object Repository/Projects/TC018-Verify user can view project/Page_Landingly  Login/input_Forgot Password_login-password'

2023-10-09 17:49:25 - [TEST_STEP][PASSED] - click(findTestObject("Object Repository/Projects/TC018-Verify user can view project/Page_Landingly  Login/button_Sign in")): Object: 'Object Repository/Projects/TC018-Verify user can view project/Page_Landingly  Login/button_Sign in' is clicked on

2023-10-09 17:49:25 - [MESSAGE][PASSED] - Object: 'Object Repository/Projects/TC018-Verify user can view project/Page_Landingly  Login/button_Sign in' is clicked on

2023-10-09 17:49:25 - [TEST_STEP][PASSED] - delay(10): Delayed 10 second(s)

2023-10-09 17:49:35 - [MESSAGE][PASSED] - Delayed 10 second(s)

2023-10-09 17:49:35 - [TEST_STEP][PASSED] - click(findTestObject("Object Repository/Projects/TC018-Verify user can view project/Page_Landingly/a_Projects")): Object: 'Object Repository/Projects/TC018-Verify user can view project/Page_Landingly/a_Projects' is clicked on

2023-10-09 17:49:36 - [MESSAGE][PASSED] - Object: 'Object Repository/Projects/TC018-Verify user can view project/Page_Landingly/a_Projects' is clicked on

2023-10-09 17:49:36 - [TEST_STEP][PASSED] - click(findTestObject("Object Repository/Projects/TC018-Verify user can view project/Page_Landingly  Projects/a_View Project")): Object: 'Object Repository/Projects/TC018-Verify user can view project/Page_Landingly  Projects/a_View Project' is clicked on

2023-10-09 17:49:40 - [MESSAGE][PASSED] - Object: 'Object Repository/Projects/TC018-Verify user can view project/Page_Landingly  Projects/a_View Project' is clicked on

2023-10-09 17:49:40 - [TEST_STEP][PASSED] - verifyElementText(findTestObject("Object Repository/Projects/TC018-Verify user can view project/Page_Landingly  Project Detail/h2_Project Detail"), "Project Detail"): Actual text and expected text of test object 'Object Repository/Projects/TC018-Verify user can view project/Page_Landingly  Project Detail/h2_Project Detail' are matched.

2023-10-09 17:49:43 - [MESSAGE][PASSED] - Actual text and expected text of test object 'Object Repository/Projects/TC018-Verify user can view project/Page_Landingly  Project Detail/h2_Project Detail' are matched.

2023-10-09 17:49:43 - [TEST_STEP][PASSED] - closeBrowser(): Browser is closed

2023-10-09 17:49:44 - [MESSAGE][PASSED] - Browser is closed]]></system-out>
         <system-err><![CDATA[]]></system-err>
      </testcase>
      <testcase name="Test Cases/Projects/TC019-Verify user can archive a project" time="20.753" classname="Test Cases/Projects/TC019-Verify user can archive a project" status="FAILED">
         <failure type="FAILED" message="Test Cases/Projects/TC019-Verify user can archive a project FAILED.
Reason:
com.kms.katalon.core.exception.StepFailedException: Unable to click on object 'Object Repository/Projects/TC019-Verify user can archive a project/Page_Landingly  Projects/button_Archive'
	at com.kms.katalon.core.webui.keyword.internal.WebUIKeywordMain.stepFailed(WebUIKeywordMain.groovy:64)
	at com.kms.katalon.core.webui.keyword.internal.WebUIKeywordMain.runKeyword(WebUIKeywordMain.groovy:26)
	at com.kms.katalon.core.webui.keyword.builtin.ClickKeyword.click(ClickKeyword.groovy:74)
	at com.kms.katalon.core.webui.keyword.builtin.ClickKeyword.execute(ClickKeyword.groovy:40)
	at com.kms.katalon.core.keyword.internal.KeywordExecutor.executeKeywordForPlatform(KeywordExecutor.groovy:74)
	at com.kms.katalon.core.webui.keyword.WebUiBuiltInKeywords.click(WebUiBuiltInKeywords.groovy:620)
	at com.kms.katalon.core.webui.keyword.WebUiBuiltInKeywords$click$4.call(Unknown Source)
	at TC019-Verify user can archive a project.run(TC019-Verify user can archive a project:38)
	at com.kms.katalon.core.main.ScriptEngine.run(ScriptEngine.java:194)
	at com.kms.katalon.core.main.ScriptEngine.runScriptAsRawText(ScriptEngine.java:119)
	at com.kms.katalon.core.main.TestCaseExecutor.runScript(TestCaseExecutor.java:448)
	at com.kms.katalon.core.main.TestCaseExecutor.doExecute(TestCaseExecutor.java:439)
	at com.kms.katalon.core.main.TestCaseExecutor.processExecutionPhase(TestCaseExecutor.java:418)
	at com.kms.katalon.core.main.TestCaseExecutor.accessMainPhase(TestCaseExecutor.java:410)
	at com.kms.katalon.core.main.TestCaseExecutor.execute(TestCaseExecutor.java:285)
	at com.kms.katalon.core.common.CommonExecutor.accessTestCaseMainPhase(CommonExecutor.java:65)
	at com.kms.katalon.core.main.TestSuiteExecutor.accessTestSuiteMainPhase(TestSuiteExecutor.java:148)
	at com.kms.katalon.core.main.TestSuiteExecutor.execute(TestSuiteExecutor.java:106)
	at com.kms.katalon.core.main.TestCaseMain.startTestSuite(TestCaseMain.java:187)
	at com.kms.katalon.core.main.TestCaseMain$startTestSuite$0.call(Unknown Source)
	at TempTestSuite1696855132405.run(TempTestSuite1696855132405.groovy:36)
Caused by: org.openqa.selenium.ElementNotInteractableException: element not interactable
  (Session info: chrome=117.0.5938.149)
Build info: version: '3.141.59', revision: 'e82be7d358', time: '2018-11-14T08:25:53'
System info: host: 'DESKTOP-3BHH4MD', ip: '192.168.0.108', os.name: 'Windows 10', os.arch: 'amd64', os.version: '10.0', java.version: '1.8.0_362'
Driver info: com.kms.katalon.selenium.driver.CChromeDriver
Capabilities {acceptInsecureCerts: false, browserName: chrome, browserVersion: 117.0.5938.149, chrome: {chromedriverVersion: 116.0.5845.96 (1a3918166880..., userDataDir: C:\Users\TDS\AppData\Local\...}, fedcm:accounts: true, goog:chromeOptions: {debuggerAddress: localhost:63902}, javascriptEnabled: true, networkConnectionEnabled: false, pageLoadStrategy: normal, platform: WINDOWS, platformName: WINDOWS, proxy: Proxy(), setWindowRect: true, strictFileInteractability: false, timeouts: {implicit: 0, pageLoad: 300000, script: 30000}, unhandledPromptBehavior: dismiss and notify, webauthn:extension:credBlob: true, webauthn:extension:largeBlob: true, webauthn:extension:minPinLength: true, webauthn:extension:prf: true, webauthn:virtualAuthenticators: true}
Session ID: 9c1249e33f1c827ac3d27a5c06b77cac
	at org.openqa.selenium.remote.http.W3CHttpResponseCodec.createException(W3CHttpResponseCodec.java:187)
	at org.openqa.selenium.remote.http.W3CHttpResponseCodec.decode(W3CHttpResponseCodec.java:122)
	at org.openqa.selenium.remote.http.W3CHttpResponseCodec.decode(W3CHttpResponseCodec.java:49)
	at org.openqa.selenium.remote.HttpCommandExecutor.execute(HttpCommandExecutor.java:158)
	at org.openqa.selenium.remote.service.DriverCommandExecutor.execute(DriverCommandExecutor.java:83)
	at org.openqa.selenium.remote.RemoteWebDriver.execute(RemoteWebDriver.java:552)
	at com.kms.katalon.selenium.driver.CChromeDriver.execute(CChromeDriver.java:19)
	at org.openqa.selenium.remote.RemoteWebElement.execute(RemoteWebElement.java:285)
	at org.openqa.selenium.remote.RemoteWebElement.click(RemoteWebElement.java:84)
	at org.openqa.selenium.support.events.EventFiringWebDriver$EventFiringWebElement.lambda$new$0(EventFiringWebDriver.java:404)
	at com.sun.proxy.$Proxy11.click(Unknown Source)
	at org.openqa.selenium.support.events.EventFiringWebDriver$EventFiringWebElement.click(EventFiringWebDriver.java:417)
	at org.openqa.selenium.WebElement$click.call(Unknown Source)
	at com.kms.katalon.core.webui.keyword.builtin.ClickKeyword.clickUntilSuccessWithTimeout(ClickKeyword.groovy:81)
	at com.kms.katalon.core.webui.keyword.builtin.ClickKeyword.clickUntilSuccessWithTimeout(ClickKeyword.groovy)
	at com.kms.katalon.core.webui.keyword.builtin.ClickKeyword$_click_closure1.doCall(ClickKeyword.groovy:67)
	at com.kms.katalon.core.webui.keyword.builtin.ClickKeyword$_click_closure1.call(ClickKeyword.groovy)
	at com.kms.katalon.core.webui.keyword.internal.WebUIKeywordMain.runKeyword(WebUIKeywordMain.groovy:20)
	... 19 more
"/>
         <system-out><![CDATA[2023-10-09 17:49:44 - [TEST_CASE][FAILED] - Test Cases/Projects/TC019-Verify user can archive a project: Test Cases/Projects/TC019-Verify user can archive a project FAILED.
Reason:
com.kms.katalon.core.exception.StepFailedException: Unable to click on object 'Object Repository/Projects/TC019-Verify user can archive a project/Page_Landingly  Projects/button_Archive'
	at com.kms.katalon.core.webui.keyword.internal.WebUIKeywordMain.stepFailed(WebUIKeywordMain.groovy:64)
	at com.kms.katalon.core.webui.keyword.internal.WebUIKeywordMain.runKeyword(WebUIKeywordMain.groovy:26)
	at com.kms.katalon.core.webui.keyword.builtin.ClickKeyword.click(ClickKeyword.groovy:74)
	at com.kms.katalon.core.webui.keyword.builtin.ClickKeyword.execute(ClickKeyword.groovy:40)
	at com.kms.katalon.core.keyword.internal.KeywordExecutor.executeKeywordForPlatform(KeywordExecutor.groovy:74)
	at com.kms.katalon.core.webui.keyword.WebUiBuiltInKeywords.click(WebUiBuiltInKeywords.groovy:620)
	at com.kms.katalon.core.webui.keyword.WebUiBuiltInKeywords$click$4.call(Unknown Source)
	at TC019-Verify user can archive a project.run(TC019-Verify user can archive a project:38)
	at com.kms.katalon.core.main.ScriptEngine.run(ScriptEngine.java:194)
	at com.kms.katalon.core.main.ScriptEngine.runScriptAsRawText(ScriptEngine.java:119)
	at com.kms.katalon.core.main.TestCaseExecutor.runScript(TestCaseExecutor.java:448)
	at com.kms.katalon.core.main.TestCaseExecutor.doExecute(TestCaseExecutor.java:439)
	at com.kms.katalon.core.main.TestCaseExecutor.processExecutionPhase(TestCaseExecutor.java:418)
	at com.kms.katalon.core.main.TestCaseExecutor.accessMainPhase(TestCaseExecutor.java:410)
	at com.kms.katalon.core.main.TestCaseExecutor.execute(TestCaseExecutor.java:285)
	at com.kms.katalon.core.common.CommonExecutor.accessTestCaseMainPhase(CommonExecutor.java:65)
	at com.kms.katalon.core.main.TestSuiteExecutor.accessTestSuiteMainPhase(TestSuiteExecutor.java:148)
	at com.kms.katalon.core.main.TestSuiteExecutor.execute(TestSuiteExecutor.java:106)
	at com.kms.katalon.core.main.TestCaseMain.startTestSuite(TestCaseMain.java:187)
	at com.kms.katalon.core.main.TestCaseMain$startTestSuite$0.call(Unknown Source)
	at TempTestSuite1696855132405.run(TempTestSuite1696855132405.groovy:36)
Caused by: org.openqa.selenium.ElementNotInteractableException: element not interactable
  (Session info: chrome=117.0.5938.149)
Build info: version: '3.141.59', revision: 'e82be7d358', time: '2018-11-14T08:25:53'
System info: host: 'DESKTOP-3BHH4MD', ip: '192.168.0.108', os.name: 'Windows 10', os.arch: 'amd64', os.version: '10.0', java.version: '1.8.0_362'
Driver info: com.kms.katalon.selenium.driver.CChromeDriver
Capabilities {acceptInsecureCerts: false, browserName: chrome, browserVersion: 117.0.5938.149, chrome: {chromedriverVersion: 116.0.5845.96 (1a3918166880..., userDataDir: C:\Users\TDS\AppData\Local\...}, fedcm:accounts: true, goog:chromeOptions: {debuggerAddress: localhost:63902}, javascriptEnabled: true, networkConnectionEnabled: false, pageLoadStrategy: normal, platform: WINDOWS, platformName: WINDOWS, proxy: Proxy(), setWindowRect: true, strictFileInteractability: false, timeouts: {implicit: 0, pageLoad: 300000, script: 30000}, unhandledPromptBehavior: dismiss and notify, webauthn:extension:credBlob: true, webauthn:extension:largeBlob: true, webauthn:extension:minPinLength: true, webauthn:extension:prf: true, webauthn:virtualAuthenticators: true}
Session ID: 9c1249e33f1c827ac3d27a5c06b77cac
	at org.openqa.selenium.remote.http.W3CHttpResponseCodec.createException(W3CHttpResponseCodec.java:187)
	at org.openqa.selenium.remote.http.W3CHttpResponseCodec.decode(W3CHttpResponseCodec.java:122)
	at org.openqa.selenium.remote.http.W3CHttpResponseCodec.decode(W3CHttpResponseCodec.java:49)
	at org.openqa.selenium.remote.HttpCommandExecutor.execute(HttpCommandExecutor.java:158)
	at org.openqa.selenium.remote.service.DriverCommandExecutor.execute(DriverCommandExecutor.java:83)
	at org.openqa.selenium.remote.RemoteWebDriver.execute(RemoteWebDriver.java:552)
	at com.kms.katalon.selenium.driver.CChromeDriver.execute(CChromeDriver.java:19)
	at org.openqa.selenium.remote.RemoteWebElement.execute(RemoteWebElement.java:285)
	at org.openqa.selenium.remote.RemoteWebElement.click(RemoteWebElement.java:84)
	at org.openqa.selenium.support.events.EventFiringWebDriver$EventFiringWebElement.lambda$new$0(EventFiringWebDriver.java:404)
	at com.sun.proxy.$Proxy11.click(Unknown Source)
	at org.openqa.selenium.support.events.EventFiringWebDriver$EventFiringWebElement.click(EventFiringWebDriver.java:417)
	at org.openqa.selenium.WebElement$click.call(Unknown Source)
	at com.kms.katalon.core.webui.keyword.builtin.ClickKeyword.clickUntilSuccessWithTimeout(ClickKeyword.groovy:81)
	at com.kms.katalon.core.webui.keyword.builtin.ClickKeyword.clickUntilSuccessWithTimeout(ClickKeyword.groovy)
	at com.kms.katalon.core.webui.keyword.builtin.ClickKeyword$_click_closure1.doCall(ClickKeyword.groovy:67)
	at com.kms.katalon.core.webui.keyword.builtin.ClickKeyword$_click_closure1.call(ClickKeyword.groovy)
	at com.kms.katalon.core.webui.keyword.internal.WebUIKeywordMain.runKeyword(WebUIKeywordMain.groovy:20)
	... 19 more


2023-10-09 17:49:45 - [TEST_STEP][PASSED] - openBrowser(""): Browser is opened with url: ''

2023-10-09 17:49:45 - [MESSAGE][INFO] - Starting 'Chrome' driver

2023-10-09 17:49:45 - [MESSAGE][INFO] - Action delay is set to 0 milliseconds

2023-10-09 17:49:48 - [MESSAGE][PASSED] - Browser is opened with url: ''

2023-10-09 17:49:48 - [TEST_STEP][PASSED] - maximizeWindow(): Current window maximized

2023-10-09 17:49:48 - [MESSAGE][PASSED] - Current window maximized

2023-10-09 17:49:48 - [TEST_STEP][PASSED] - navigateToUrl("https://app.landingly.com/"): Navigate to 'https://app.landingly.com/' successfully

2023-10-09 17:49:53 - [MESSAGE][PASSED] - Navigate to 'https://app.landingly.com/' successfully

2023-10-09 17:49:53 - [TEST_STEP][PASSED] - setText(findTestObject("Object Repository/Projects/TC019-Verify user can archive a project/Page_Landingly  Login/input_Email_login-email"), "sqaahmadtahir@gmail.com"): Text 'sqaahmadtahir@gmail.com' is set on object 'Object Repository/Projects/TC019-Verify user can archive a project/Page_Landingly  Login/input_Email_login-email'

2023-10-09 17:49:55 - [MESSAGE][PASSED] - Text 'sqaahmadtahir@gmail.com' is set on object 'Object Repository/Projects/TC019-Verify user can archive a project/Page_Landingly  Login/input_Email_login-email'

2023-10-09 17:49:55 - [TEST_STEP][PASSED] - setEncryptedText(findTestObject("Object Repository/Projects/TC019-Verify user can archive a project/Page_Landingly  Login/input_Forgot Password_login-password"), "/5S6MFFLcE5DAenbZpYNsQ=="): Text ****** has been set on object 'Object Repository/Projects/TC019-Verify user can archive a project/Page_Landingly  Login/input_Forgot Password_login-password'

2023-10-09 17:49:56 - [MESSAGE][PASSED] - Text ****** has been set on object 'Object Repository/Projects/TC019-Verify user can archive a project/Page_Landingly  Login/input_Forgot Password_login-password'

2023-10-09 17:49:56 - [TEST_STEP][PASSED] - click(findTestObject("Object Repository/Projects/TC019-Verify user can archive a project/Page_Landingly  Login/button_Sign in")): Object: 'Object Repository/Projects/TC019-Verify user can archive a project/Page_Landingly  Login/button_Sign in' is clicked on

2023-10-09 17:49:56 - [MESSAGE][PASSED] - Object: 'Object Repository/Projects/TC019-Verify user can archive a project/Page_Landingly  Login/button_Sign in' is clicked on

2023-10-09 17:49:56 - [TEST_STEP][PASSED] - click(findTestObject("Object Repository/Projects/TC019-Verify user can archive a project/Page_Landingly/a_Projects")): Object: 'Object Repository/Projects/TC019-Verify user can archive a project/Page_Landingly/a_Projects' is clicked on

2023-10-09 17:49:59 - [MESSAGE][PASSED] - Object: 'Object Repository/Projects/TC019-Verify user can archive a project/Page_Landingly/a_Projects' is clicked on

2023-10-09 17:49:59 - [TEST_STEP][PASSED] - click(findTestObject("Object Repository/Projects/TC019-Verify user can archive a project/Page_Landingly  Projects/button_View Project_btn btn-icon pull-right_ab2ff2")): Object: 'Object Repository/Projects/TC019-Verify user can archive a project/Page_Landingly  Projects/button_View Project_btn btn-icon pull-right_ab2ff2' is clicked on

2023-10-09 17:50:03 - [MESSAGE][PASSED] - Object: 'Object Repository/Projects/TC019-Verify user can archive a project/Page_Landingly  Projects/button_View Project_btn btn-icon pull-right_ab2ff2' is clicked on

2023-10-09 17:50:03 - [TEST_STEP][FAILED] - click(findTestObject("Object Repository/Projects/TC019-Verify user can archive a project/Page_Landingly  Projects/button_Archive")): Unable to click on object 'Object Repository/Projects/TC019-Verify user can archive a project/Page_Landingly  Projects/button_Archive' (Root cause: com.kms.katalon.core.exception.StepFailedException: Unable to click on object 'Object Repository/Projects/TC019-Verify user can archive a project/Page_Landingly  Projects/button_Archive'
	at com.kms.katalon.core.webui.keyword.internal.WebUIKeywordMain.stepFailed(WebUIKeywordMain.groovy:64)
	at com.kms.katalon.core.webui.keyword.internal.WebUIKeywordMain.runKeyword(WebUIKeywordMain.groovy:26)
	at com.kms.katalon.core.webui.keyword.builtin.ClickKeyword.click(ClickKeyword.groovy:74)
	at com.kms.katalon.core.webui.keyword.builtin.ClickKeyword.execute(ClickKeyword.groovy:40)
	at com.kms.katalon.core.keyword.internal.KeywordExecutor.executeKeywordForPlatform(KeywordExecutor.groovy:74)
	at com.kms.katalon.core.webui.keyword.WebUiBuiltInKeywords.click(WebUiBuiltInKeywords.groovy:620)
	at com.kms.katalon.core.webui.keyword.WebUiBuiltInKeywords$click$4.call(Unknown Source)
	at TC019-Verify user can archive a project.run(TC019-Verify user can archive a project:38)
	at com.kms.katalon.core.main.ScriptEngine.run(ScriptEngine.java:194)
	at com.kms.katalon.core.main.ScriptEngine.runScriptAsRawText(ScriptEngine.java:119)
	at com.kms.katalon.core.main.TestCaseExecutor.runScript(TestCaseExecutor.java:448)
	at com.kms.katalon.core.main.TestCaseExecutor.doExecute(TestCaseExecutor.java:439)
	at com.kms.katalon.core.main.TestCaseExecutor.processExecutionPhase(TestCaseExecutor.java:418)
	at com.kms.katalon.core.main.TestCaseExecutor.accessMainPhase(TestCaseExecutor.java:410)
	at com.kms.katalon.core.main.TestCaseExecutor.execute(TestCaseExecutor.java:285)
	at com.kms.katalon.core.common.CommonExecutor.accessTestCaseMainPhase(CommonExecutor.java:65)
	at com.kms.katalon.core.main.TestSuiteExecutor.accessTestSuiteMainPhase(TestSuiteExecutor.java:148)
	at com.kms.katalon.core.main.TestSuiteExecutor.execute(TestSuiteExecutor.java:106)
	at com.kms.katalon.core.main.TestCaseMain.startTestSuite(TestCaseMain.java:187)
	at com.kms.katalon.core.main.TestCaseMain$startTestSuite$0.call(Unknown Source)
	at TempTestSuite1696855132405.run(TempTestSuite1696855132405.groovy:36)
Caused by: org.openqa.selenium.ElementNotInteractableException: element not interactable
  (Session info: chrome=117.0.5938.149)
Build info: version: '3.141.59', revision: 'e82be7d358', time: '2018-11-14T08:25:53'
System info: host: 'DESKTOP-3BHH4MD', ip: '192.168.0.108', os.name: 'Windows 10', os.arch: 'amd64', os.version: '10.0', java.version: '1.8.0_362'
Driver info: com.kms.katalon.selenium.driver.CChromeDriver
Capabilities {acceptInsecureCerts: false, browserName: chrome, browserVersion: 117.0.5938.149, chrome: {chromedriverVersion: 116.0.5845.96 (1a3918166880..., userDataDir: C:\Users\TDS\AppData\Local\...}, fedcm:accounts: true, goog:chromeOptions: {debuggerAddress: localhost:63902}, javascriptEnabled: true, networkConnectionEnabled: false, pageLoadStrategy: normal, platform: WINDOWS, platformName: WINDOWS, proxy: Proxy(), setWindowRect: true, strictFileInteractability: false, timeouts: {implicit: 0, pageLoad: 300000, script: 30000}, unhandledPromptBehavior: dismiss and notify, webauthn:extension:credBlob: true, webauthn:extension:largeBlob: true, webauthn:extension:minPinLength: true, webauthn:extension:prf: true, webauthn:virtualAuthenticators: true}
Session ID: 9c1249e33f1c827ac3d27a5c06b77cac
	at org.openqa.selenium.remote.http.W3CHttpResponseCodec.createException(W3CHttpResponseCodec.java:187)
	at org.openqa.selenium.remote.http.W3CHttpResponseCodec.decode(W3CHttpResponseCodec.java:122)
	at org.openqa.selenium.remote.http.W3CHttpResponseCodec.decode(W3CHttpResponseCodec.java:49)
	at org.openqa.selenium.remote.HttpCommandExecutor.execute(HttpCommandExecutor.java:158)
	at org.openqa.selenium.remote.service.DriverCommandExecutor.execute(DriverCommandExecutor.java:83)
	at org.openqa.selenium.remote.RemoteWebDriver.execute(RemoteWebDriver.java:552)
	at com.kms.katalon.selenium.driver.CChromeDriver.execute(CChromeDriver.java:19)
	at org.openqa.selenium.remote.RemoteWebElement.execute(RemoteWebElement.java:285)
	at org.openqa.selenium.remote.RemoteWebElement.click(RemoteWebElement.java:84)
	at org.openqa.selenium.support.events.EventFiringWebDriver$EventFiringWebElement.lambda$new$0(EventFiringWebDriver.java:404)
	at com.sun.proxy.$Proxy11.click(Unknown Source)
	at org.openqa.selenium.support.events.EventFiringWebDriver$EventFiringWebElement.click(EventFiringWebDriver.java:417)
	at org.openqa.selenium.WebElement$click.call(Unknown Source)
	at com.kms.katalon.core.webui.keyword.builtin.ClickKeyword.clickUntilSuccessWithTimeout(ClickKeyword.groovy:81)
	at com.kms.katalon.core.webui.keyword.builtin.ClickKeyword.clickUntilSuccessWithTimeout(ClickKeyword.groovy)
	at com.kms.katalon.core.webui.keyword.builtin.ClickKeyword$_click_closure1.doCall(ClickKeyword.groovy:67)
	at com.kms.katalon.core.webui.keyword.builtin.ClickKeyword$_click_closure1.call(ClickKeyword.groovy)
	at com.kms.katalon.core.webui.keyword.internal.WebUIKeywordMain.runKeyword(WebUIKeywordMain.groovy:20)
	at com.kms.katalon.core.webui.keyword.builtin.ClickKeyword.click(ClickKeyword.groovy:74)
	at com.kms.katalon.core.webui.keyword.builtin.ClickKeyword.execute(ClickKeyword.groovy:40)
	at com.kms.katalon.core.keyword.internal.KeywordExecutor.executeKeywordForPlatform(KeywordExecutor.groovy:74)
	at com.kms.katalon.core.webui.keyword.WebUiBuiltInKeywords.click(WebUiBuiltInKeywords.groovy:620)
	at com.kms.katalon.core.webui.keyword.WebUiBuiltInKeywords$click$4.call(Unknown Source)
	at Script1695815524414.run(Script1695815524414.groovy:38)
	... 13 more
)

2023-10-09 17:50:05 - [MESSAGE][FAILED] - Unable to click on object 'Object Repository/Projects/TC019-Verify user can archive a project/Page_Landingly  Projects/button_Archive' (Root cause: com.kms.katalon.core.exception.StepFailedException: Unable to click on object 'Object Repository/Projects/TC019-Verify user can archive a project/Page_Landingly  Projects/button_Archive'
	at com.kms.katalon.core.webui.keyword.internal.WebUIKeywordMain.stepFailed(WebUIKeywordMain.groovy:64)
	at com.kms.katalon.core.webui.keyword.internal.WebUIKeywordMain.runKeyword(WebUIKeywordMain.groovy:26)
	at com.kms.katalon.core.webui.keyword.builtin.ClickKeyword.click(ClickKeyword.groovy:74)
	at com.kms.katalon.core.webui.keyword.builtin.ClickKeyword.execute(ClickKeyword.groovy:40)
	at com.kms.katalon.core.keyword.internal.KeywordExecutor.executeKeywordForPlatform(KeywordExecutor.groovy:74)
	at com.kms.katalon.core.webui.keyword.WebUiBuiltInKeywords.click(WebUiBuiltInKeywords.groovy:620)
	at com.kms.katalon.core.webui.keyword.WebUiBuiltInKeywords$click$4.call(Unknown Source)
	at TC019-Verify user can archive a project.run(TC019-Verify user can archive a project:38)
	at com.kms.katalon.core.main.ScriptEngine.run(ScriptEngine.java:194)
	at com.kms.katalon.core.main.ScriptEngine.runScriptAsRawText(ScriptEngine.java:119)
	at com.kms.katalon.core.main.TestCaseExecutor.runScript(TestCaseExecutor.java:448)
	at com.kms.katalon.core.main.TestCaseExecutor.doExecute(TestCaseExecutor.java:439)
	at com.kms.katalon.core.main.TestCaseExecutor.processExecutionPhase(TestCaseExecutor.java:418)
	at com.kms.katalon.core.main.TestCaseExecutor.accessMainPhase(TestCaseExecutor.java:410)
	at com.kms.katalon.core.main.TestCaseExecutor.execute(TestCaseExecutor.java:285)
	at com.kms.katalon.core.common.CommonExecutor.accessTestCaseMainPhase(CommonExecutor.java:65)
	at com.kms.katalon.core.main.TestSuiteExecutor.accessTestSuiteMainPhase(TestSuiteExecutor.java:148)
	at com.kms.katalon.core.main.TestSuiteExecutor.execute(TestSuiteExecutor.java:106)
	at com.kms.katalon.core.main.TestCaseMain.startTestSuite(TestCaseMain.java:187)
	at com.kms.katalon.core.main.TestCaseMain$startTestSuite$0.call(Unknown Source)
	at TempTestSuite1696855132405.run(TempTestSuite1696855132405.groovy:36)
Caused by: org.openqa.selenium.ElementNotInteractableException: element not interactable
  (Session info: chrome=117.0.5938.149)
Build info: version: '3.141.59', revision: 'e82be7d358', time: '2018-11-14T08:25:53'
System info: host: 'DESKTOP-3BHH4MD', ip: '192.168.0.108', os.name: 'Windows 10', os.arch: 'amd64', os.version: '10.0', java.version: '1.8.0_362'
Driver info: com.kms.katalon.selenium.driver.CChromeDriver
Capabilities {acceptInsecureCerts: false, browserName: chrome, browserVersion: 117.0.5938.149, chrome: {chromedriverVersion: 116.0.5845.96 (1a3918166880..., userDataDir: C:\Users\TDS\AppData\Local\...}, fedcm:accounts: true, goog:chromeOptions: {debuggerAddress: localhost:63902}, javascriptEnabled: true, networkConnectionEnabled: false, pageLoadStrategy: normal, platform: WINDOWS, platformName: WINDOWS, proxy: Proxy(), setWindowRect: true, strictFileInteractability: false, timeouts: {implicit: 0, pageLoad: 300000, script: 30000}, unhandledPromptBehavior: dismiss and notify, webauthn:extension:credBlob: true, webauthn:extension:largeBlob: true, webauthn:extension:minPinLength: true, webauthn:extension:prf: true, webauthn:virtualAuthenticators: true}
Session ID: 9c1249e33f1c827ac3d27a5c06b77cac
	at org.openqa.selenium.remote.http.W3CHttpResponseCodec.createException(W3CHttpResponseCodec.java:187)
	at org.openqa.selenium.remote.http.W3CHttpResponseCodec.decode(W3CHttpResponseCodec.java:122)
	at org.openqa.selenium.remote.http.W3CHttpResponseCodec.decode(W3CHttpResponseCodec.java:49)
	at org.openqa.selenium.remote.HttpCommandExecutor.execute(HttpCommandExecutor.java:158)
	at org.openqa.selenium.remote.service.DriverCommandExecutor.execute(DriverCommandExecutor.java:83)
	at org.openqa.selenium.remote.RemoteWebDriver.execute(RemoteWebDriver.java:552)
	at com.kms.katalon.selenium.driver.CChromeDriver.execute(CChromeDriver.java:19)
	at org.openqa.selenium.remote.RemoteWebElement.execute(RemoteWebElement.java:285)
	at org.openqa.selenium.remote.RemoteWebElement.click(RemoteWebElement.java:84)
	at org.openqa.selenium.support.events.EventFiringWebDriver$EventFiringWebElement.lambda$new$0(EventFiringWebDriver.java:404)
	at com.sun.proxy.$Proxy11.click(Unknown Source)
	at org.openqa.selenium.support.events.EventFiringWebDriver$EventFiringWebElement.click(EventFiringWebDriver.java:417)
	at org.openqa.selenium.WebElement$click.call(Unknown Source)
	at com.kms.katalon.core.webui.keyword.builtin.ClickKeyword.clickUntilSuccessWithTimeout(ClickKeyword.groovy:81)
	at com.kms.katalon.core.webui.keyword.builtin.ClickKeyword.clickUntilSuccessWithTimeout(ClickKeyword.groovy)
	at com.kms.katalon.core.webui.keyword.builtin.ClickKeyword$_click_closure1.doCall(ClickKeyword.groovy:67)
	at com.kms.katalon.core.webui.keyword.builtin.ClickKeyword$_click_closure1.call(ClickKeyword.groovy)
	at com.kms.katalon.core.webui.keyword.internal.WebUIKeywordMain.runKeyword(WebUIKeywordMain.groovy:20)
	at com.kms.katalon.core.webui.keyword.builtin.ClickKeyword.click(ClickKeyword.groovy:74)
	at com.kms.katalon.core.webui.keyword.builtin.ClickKeyword.execute(ClickKeyword.groovy:40)
	at com.kms.katalon.core.keyword.internal.KeywordExecutor.executeKeywordForPlatform(KeywordExecutor.groovy:74)
	at com.kms.katalon.core.webui.keyword.WebUiBuiltInKeywords.click(WebUiBuiltInKeywords.groovy:620)
	at com.kms.katalon.core.webui.keyword.WebUiBuiltInKeywords$click$4.call(Unknown Source)
	at Script1695815524414.run(Script1695815524414.groovy:38)
	... 13 more
)
[[ATTACHMENT|C:\\Users\\TDS\\git\\Landingly\\Reports\\20231009_173852\\Landingly\\20231009_173852\\1696855804958.png]]]]></system-out>
         <system-err><![CDATA[2023-10-09 17:49:44 - [TEST_CASE][FAILED] - Test Cases/Projects/TC019-Verify user can archive a project: Test Cases/Projects/TC019-Verify user can archive a project FAILED.
Reason:
com.kms.katalon.core.exception.StepFailedException: Unable to click on object 'Object Repository/Projects/TC019-Verify user can archive a project/Page_Landingly  Projects/button_Archive'
	at com.kms.katalon.core.webui.keyword.internal.WebUIKeywordMain.stepFailed(WebUIKeywordMain.groovy:64)
	at com.kms.katalon.core.webui.keyword.internal.WebUIKeywordMain.runKeyword(WebUIKeywordMain.groovy:26)
	at com.kms.katalon.core.webui.keyword.builtin.ClickKeyword.click(ClickKeyword.groovy:74)
	at com.kms.katalon.core.webui.keyword.builtin.ClickKeyword.execute(ClickKeyword.groovy:40)
	at com.kms.katalon.core.keyword.internal.KeywordExecutor.executeKeywordForPlatform(KeywordExecutor.groovy:74)
	at com.kms.katalon.core.webui.keyword.WebUiBuiltInKeywords.click(WebUiBuiltInKeywords.groovy:620)
	at com.kms.katalon.core.webui.keyword.WebUiBuiltInKeywords$click$4.call(Unknown Source)
	at TC019-Verify user can archive a project.run(TC019-Verify user can archive a project:38)
	at com.kms.katalon.core.main.ScriptEngine.run(ScriptEngine.java:194)
	at com.kms.katalon.core.main.ScriptEngine.runScriptAsRawText(ScriptEngine.java:119)
	at com.kms.katalon.core.main.TestCaseExecutor.runScript(TestCaseExecutor.java:448)
	at com.kms.katalon.core.main.TestCaseExecutor.doExecute(TestCaseExecutor.java:439)
	at com.kms.katalon.core.main.TestCaseExecutor.processExecutionPhase(TestCaseExecutor.java:418)
	at com.kms.katalon.core.main.TestCaseExecutor.accessMainPhase(TestCaseExecutor.java:410)
	at com.kms.katalon.core.main.TestCaseExecutor.execute(TestCaseExecutor.java:285)
	at com.kms.katalon.core.common.CommonExecutor.accessTestCaseMainPhase(CommonExecutor.java:65)
	at com.kms.katalon.core.main.TestSuiteExecutor.accessTestSuiteMainPhase(TestSuiteExecutor.java:148)
	at com.kms.katalon.core.main.TestSuiteExecutor.execute(TestSuiteExecutor.java:106)
	at com.kms.katalon.core.main.TestCaseMain.startTestSuite(TestCaseMain.java:187)
	at com.kms.katalon.core.main.TestCaseMain$startTestSuite$0.call(Unknown Source)
	at TempTestSuite1696855132405.run(TempTestSuite1696855132405.groovy:36)
Caused by: org.openqa.selenium.ElementNotInteractableException: element not interactable
  (Session info: chrome=117.0.5938.149)
Build info: version: '3.141.59', revision: 'e82be7d358', time: '2018-11-14T08:25:53'
System info: host: 'DESKTOP-3BHH4MD', ip: '192.168.0.108', os.name: 'Windows 10', os.arch: 'amd64', os.version: '10.0', java.version: '1.8.0_362'
Driver info: com.kms.katalon.selenium.driver.CChromeDriver
Capabilities {acceptInsecureCerts: false, browserName: chrome, browserVersion: 117.0.5938.149, chrome: {chromedriverVersion: 116.0.5845.96 (1a3918166880..., userDataDir: C:\Users\TDS\AppData\Local\...}, fedcm:accounts: true, goog:chromeOptions: {debuggerAddress: localhost:63902}, javascriptEnabled: true, networkConnectionEnabled: false, pageLoadStrategy: normal, platform: WINDOWS, platformName: WINDOWS, proxy: Proxy(), setWindowRect: true, strictFileInteractability: false, timeouts: {implicit: 0, pageLoad: 300000, script: 30000}, unhandledPromptBehavior: dismiss and notify, webauthn:extension:credBlob: true, webauthn:extension:largeBlob: true, webauthn:extension:minPinLength: true, webauthn:extension:prf: true, webauthn:virtualAuthenticators: true}
Session ID: 9c1249e33f1c827ac3d27a5c06b77cac
	at org.openqa.selenium.remote.http.W3CHttpResponseCodec.createException(W3CHttpResponseCodec.java:187)
	at org.openqa.selenium.remote.http.W3CHttpResponseCodec.decode(W3CHttpResponseCodec.java:122)
	at org.openqa.selenium.remote.http.W3CHttpResponseCodec.decode(W3CHttpResponseCodec.java:49)
	at org.openqa.selenium.remote.HttpCommandExecutor.execute(HttpCommandExecutor.java:158)
	at org.openqa.selenium.remote.service.DriverCommandExecutor.execute(DriverCommandExecutor.java:83)
	at org.openqa.selenium.remote.RemoteWebDriver.execute(RemoteWebDriver.java:552)
	at com.kms.katalon.selenium.driver.CChromeDriver.execute(CChromeDriver.java:19)
	at org.openqa.selenium.remote.RemoteWebElement.execute(RemoteWebElement.java:285)
	at org.openqa.selenium.remote.RemoteWebElement.click(RemoteWebElement.java:84)
	at org.openqa.selenium.support.events.EventFiringWebDriver$EventFiringWebElement.lambda$new$0(EventFiringWebDriver.java:404)
	at com.sun.proxy.$Proxy11.click(Unknown Source)
	at org.openqa.selenium.support.events.EventFiringWebDriver$EventFiringWebElement.click(EventFiringWebDriver.java:417)
	at org.openqa.selenium.WebElement$click.call(Unknown Source)
	at com.kms.katalon.core.webui.keyword.builtin.ClickKeyword.clickUntilSuccessWithTimeout(ClickKeyword.groovy:81)
	at com.kms.katalon.core.webui.keyword.builtin.ClickKeyword.clickUntilSuccessWithTimeout(ClickKeyword.groovy)
	at com.kms.katalon.core.webui.keyword.builtin.ClickKeyword$_click_closure1.doCall(ClickKeyword.groovy:67)
	at com.kms.katalon.core.webui.keyword.builtin.ClickKeyword$_click_closure1.call(ClickKeyword.groovy)
	at com.kms.katalon.core.webui.keyword.internal.WebUIKeywordMain.runKeyword(WebUIKeywordMain.groovy:20)
	... 19 more]]></system-err>
      </testcase>
      <testcase name="Test Cases/Projects/TC020-Verify user can restore a archived project" time="68.259" classname="Test Cases/Projects/TC020-Verify user can restore a archived project" status="PASSED">
         <system-out><![CDATA[2023-10-09 17:50:05 - [TEST_CASE][PASSED] - Test Cases/Projects/TC020-Verify user can restore a archived project: Test Cases/Projects/TC020-Verify user can restore a archived project

2023-10-09 17:50:06 - [TEST_STEP][PASSED] - openBrowser(""): Browser is opened with url: ''

2023-10-09 17:50:06 - [MESSAGE][WARNING] - A browser is already opened. Closing browser and opening a new one

2023-10-09 17:50:07 - [MESSAGE][INFO] - Starting 'Chrome' driver

2023-10-09 17:50:07 - [MESSAGE][INFO] - Action delay is set to 0 milliseconds

2023-10-09 17:50:10 - [MESSAGE][PASSED] - Browser is opened with url: ''

2023-10-09 17:50:10 - [TEST_STEP][PASSED] - maximizeWindow(): Current window maximized

2023-10-09 17:50:11 - [MESSAGE][PASSED] - Current window maximized

2023-10-09 17:50:11 - [TEST_STEP][PASSED] - navigateToUrl("https://app.landingly.com/"): Navigate to 'https://app.landingly.com/' successfully

2023-10-09 17:50:51 - [MESSAGE][PASSED] - Navigate to 'https://app.landingly.com/' successfully

2023-10-09 17:50:51 - [TEST_STEP][PASSED] - setText(findTestObject("Object Repository/Projects/TC020-Verify user can restore a archived project/Page_Landingly  Login/input_Email_login-email"), "sqaahmadtahir@gmail.com"): Text 'sqaahmadtahir@gmail.com' is set on object 'Object Repository/Projects/TC020-Verify user can restore a archived project/Page_Landingly  Login/input_Email_login-email'

2023-10-09 17:50:52 - [MESSAGE][PASSED] - Text 'sqaahmadtahir@gmail.com' is set on object 'Object Repository/Projects/TC020-Verify user can restore a archived project/Page_Landingly  Login/input_Email_login-email'

2023-10-09 17:50:52 - [TEST_STEP][PASSED] - setEncryptedText(findTestObject("Object Repository/Projects/TC020-Verify user can restore a archived project/Page_Landingly  Login/input_Forgot Password_login-password"), "/5S6MFFLcE5DAenbZpYNsQ=="): Text ****** has been set on object 'Object Repository/Projects/TC020-Verify user can restore a archived project/Page_Landingly  Login/input_Forgot Password_login-password'

2023-10-09 17:50:53 - [MESSAGE][PASSED] - Text ****** has been set on object 'Object Repository/Projects/TC020-Verify user can restore a archived project/Page_Landingly  Login/input_Forgot Password_login-password'

2023-10-09 17:50:53 - [TEST_STEP][PASSED] - click(findTestObject("Object Repository/Projects/TC020-Verify user can restore a archived project/Page_Landingly  Login/button_Sign in")): Object: 'Object Repository/Projects/TC020-Verify user can restore a archived project/Page_Landingly  Login/button_Sign in' is clicked on

2023-10-09 17:50:53 - [MESSAGE][PASSED] - Object: 'Object Repository/Projects/TC020-Verify user can restore a archived project/Page_Landingly  Login/button_Sign in' is clicked on

2023-10-09 17:50:53 - [TEST_STEP][PASSED] - click(findTestObject("Object Repository/Projects/TC020-Verify user can restore a archived project/Page_Landingly/a_Projects")): Object: 'Object Repository/Projects/TC020-Verify user can restore a archived project/Page_Landingly/a_Projects' is clicked on

2023-10-09 17:50:56 - [MESSAGE][PASSED] - Object: 'Object Repository/Projects/TC020-Verify user can restore a archived project/Page_Landingly/a_Projects' is clicked on

2023-10-09 17:50:56 - [TEST_STEP][PASSED] - click(findTestObject("Object Repository/Projects/TC020-Verify user can restore a archived project/Page_Landingly  Projects/button_Archived Projects")): Object: 'Object Repository/Projects/TC020-Verify user can restore a archived project/Page_Landingly  Projects/button_Archived Projects' is clicked on

2023-10-09 17:51:08 - [MESSAGE][PASSED] - Object: 'Object Repository/Projects/TC020-Verify user can restore a archived project/Page_Landingly  Projects/button_Archived Projects' is clicked on

2023-10-09 17:51:08 - [TEST_STEP][PASSED] - click(findTestObject("Object Repository/Projects/TC020-Verify user can restore a archived project/Page_Landingly  Projects/svg_new optin project_feather feather-corne_a5ecad")): Object: 'Object Repository/Projects/TC020-Verify user can restore a archived project/Page_Landingly  Projects/svg_new optin project_feather feather-corne_a5ecad' is clicked on

2023-10-09 17:51:10 - [MESSAGE][PASSED] - Object: 'Object Repository/Projects/TC020-Verify user can restore a archived project/Page_Landingly  Projects/svg_new optin project_feather feather-corne_a5ecad' is clicked on

2023-10-09 17:51:10 - [TEST_STEP][PASSED] - click(findTestObject("Object Repository/Projects/TC020-Verify user can restore a archived project/Page_Landingly  Projects/button_Restore")): Object: 'Object Repository/Projects/TC020-Verify user can restore a archived project/Page_Landingly  Projects/button_Restore' is clicked on

2023-10-09 17:51:12 - [MESSAGE][PASSED] - Object: 'Object Repository/Projects/TC020-Verify user can restore a archived project/Page_Landingly  Projects/button_Restore' is clicked on

2023-10-09 17:51:12 - [TEST_STEP][PASSED] - closeBrowser(): Browser is closed

2023-10-09 17:51:13 - [MESSAGE][PASSED] - Browser is closed]]></system-out>
         <system-err><![CDATA[]]></system-err>
      </testcase>
      <testcase name="Test Cases/Projects/TC021-Verify user can clone a project" time="50.97" classname="Test Cases/Projects/TC021-Verify user can clone a project" status="FAILED">
         <failure type="FAILED" message="Test Cases/Projects/TC021-Verify user can clone a project FAILED.
Reason:
com.kms.katalon.core.exception.StepFailedException: Unable to click on object 'Object Repository/Projects/TC021-Verify user can clone a project/Page_Landingly  Projects/button_Clone'
	at com.kms.katalon.core.webui.keyword.internal.WebUIKeywordMain.stepFailed(WebUIKeywordMain.groovy:64)
	at com.kms.katalon.core.webui.keyword.internal.WebUIKeywordMain.runKeyword(WebUIKeywordMain.groovy:26)
	at com.kms.katalon.core.webui.keyword.builtin.ClickKeyword.click(ClickKeyword.groovy:74)
	at com.kms.katalon.core.webui.keyword.builtin.ClickKeyword.execute(ClickKeyword.groovy:40)
	at com.kms.katalon.core.keyword.internal.KeywordExecutor.executeKeywordForPlatform(KeywordExecutor.groovy:74)
	at com.kms.katalon.core.webui.keyword.WebUiBuiltInKeywords.click(WebUiBuiltInKeywords.groovy:620)
	at com.kms.katalon.core.webui.keyword.WebUiBuiltInKeywords$click$4.call(Unknown Source)
	at TC021-Verify user can clone a project.run(TC021-Verify user can clone a project:38)
	at com.kms.katalon.core.main.ScriptEngine.run(ScriptEngine.java:194)
	at com.kms.katalon.core.main.ScriptEngine.runScriptAsRawText(ScriptEngine.java:119)
	at com.kms.katalon.core.main.TestCaseExecutor.runScript(TestCaseExecutor.java:448)
	at com.kms.katalon.core.main.TestCaseExecutor.doExecute(TestCaseExecutor.java:439)
	at com.kms.katalon.core.main.TestCaseExecutor.processExecutionPhase(TestCaseExecutor.java:418)
	at com.kms.katalon.core.main.TestCaseExecutor.accessMainPhase(TestCaseExecutor.java:410)
	at com.kms.katalon.core.main.TestCaseExecutor.execute(TestCaseExecutor.java:285)
	at com.kms.katalon.core.common.CommonExecutor.accessTestCaseMainPhase(CommonExecutor.java:65)
	at com.kms.katalon.core.main.TestSuiteExecutor.accessTestSuiteMainPhase(TestSuiteExecutor.java:148)
	at com.kms.katalon.core.main.TestSuiteExecutor.execute(TestSuiteExecutor.java:106)
	at com.kms.katalon.core.main.TestCaseMain.startTestSuite(TestCaseMain.java:187)
	at com.kms.katalon.core.main.TestCaseMain$startTestSuite$0.call(Unknown Source)
	at TempTestSuite1696855132405.run(TempTestSuite1696855132405.groovy:36)
Caused by: com.kms.katalon.core.webui.exception.WebElementNotFoundException: Web element with id: 'Object Repository/Projects/TC021-Verify user can clone a project/Page_Landingly  Projects/button_Clone' located by '' not found
	at com.kms.katalon.core.webui.common.WebUiCommonHelper.findWebElement(WebUiCommonHelper.java:1381)
	at com.kms.katalon.core.webui.keyword.internal.WebUIAbstractKeyword.findWebElement(WebUIAbstractKeyword.groovy:27)
	at com.kms.katalon.core.webui.keyword.builtin.ClickKeyword$_click_closure1.doCall(ClickKeyword.groovy:65)
	at com.kms.katalon.core.webui.keyword.builtin.ClickKeyword$_click_closure1.call(ClickKeyword.groovy)
	at com.kms.katalon.core.webui.keyword.internal.WebUIKeywordMain.runKeyword(WebUIKeywordMain.groovy:20)
	... 19 more
"/>
         <system-out><![CDATA[2023-10-09 17:51:13 - [TEST_CASE][FAILED] - Test Cases/Projects/TC021-Verify user can clone a project: Test Cases/Projects/TC021-Verify user can clone a project FAILED.
Reason:
com.kms.katalon.core.exception.StepFailedException: Unable to click on object 'Object Repository/Projects/TC021-Verify user can clone a project/Page_Landingly  Projects/button_Clone'
	at com.kms.katalon.core.webui.keyword.internal.WebUIKeywordMain.stepFailed(WebUIKeywordMain.groovy:64)
	at com.kms.katalon.core.webui.keyword.internal.WebUIKeywordMain.runKeyword(WebUIKeywordMain.groovy:26)
	at com.kms.katalon.core.webui.keyword.builtin.ClickKeyword.click(ClickKeyword.groovy:74)
	at com.kms.katalon.core.webui.keyword.builtin.ClickKeyword.execute(ClickKeyword.groovy:40)
	at com.kms.katalon.core.keyword.internal.KeywordExecutor.executeKeywordForPlatform(KeywordExecutor.groovy:74)
	at com.kms.katalon.core.webui.keyword.WebUiBuiltInKeywords.click(WebUiBuiltInKeywords.groovy:620)
	at com.kms.katalon.core.webui.keyword.WebUiBuiltInKeywords$click$4.call(Unknown Source)
	at TC021-Verify user can clone a project.run(TC021-Verify user can clone a project:38)
	at com.kms.katalon.core.main.ScriptEngine.run(ScriptEngine.java:194)
	at com.kms.katalon.core.main.ScriptEngine.runScriptAsRawText(ScriptEngine.java:119)
	at com.kms.katalon.core.main.TestCaseExecutor.runScript(TestCaseExecutor.java:448)
	at com.kms.katalon.core.main.TestCaseExecutor.doExecute(TestCaseExecutor.java:439)
	at com.kms.katalon.core.main.TestCaseExecutor.processExecutionPhase(TestCaseExecutor.java:418)
	at com.kms.katalon.core.main.TestCaseExecutor.accessMainPhase(TestCaseExecutor.java:410)
	at com.kms.katalon.core.main.TestCaseExecutor.execute(TestCaseExecutor.java:285)
	at com.kms.katalon.core.common.CommonExecutor.accessTestCaseMainPhase(CommonExecutor.java:65)
	at com.kms.katalon.core.main.TestSuiteExecutor.accessTestSuiteMainPhase(TestSuiteExecutor.java:148)
	at com.kms.katalon.core.main.TestSuiteExecutor.execute(TestSuiteExecutor.java:106)
	at com.kms.katalon.core.main.TestCaseMain.startTestSuite(TestCaseMain.java:187)
	at com.kms.katalon.core.main.TestCaseMain$startTestSuite$0.call(Unknown Source)
	at TempTestSuite1696855132405.run(TempTestSuite1696855132405.groovy:36)
Caused by: com.kms.katalon.core.webui.exception.WebElementNotFoundException: Web element with id: 'Object Repository/Projects/TC021-Verify user can clone a project/Page_Landingly  Projects/button_Clone' located by '' not found
	at com.kms.katalon.core.webui.common.WebUiCommonHelper.findWebElement(WebUiCommonHelper.java:1381)
	at com.kms.katalon.core.webui.keyword.internal.WebUIAbstractKeyword.findWebElement(WebUIAbstractKeyword.groovy:27)
	at com.kms.katalon.core.webui.keyword.builtin.ClickKeyword$_click_closure1.doCall(ClickKeyword.groovy:65)
	at com.kms.katalon.core.webui.keyword.builtin.ClickKeyword$_click_closure1.call(ClickKeyword.groovy)
	at com.kms.katalon.core.webui.keyword.internal.WebUIKeywordMain.runKeyword(WebUIKeywordMain.groovy:20)
	... 19 more


2023-10-09 17:51:14 - [TEST_STEP][PASSED] - openBrowser(""): Browser is opened with url: ''

2023-10-09 17:51:14 - [MESSAGE][INFO] - Starting 'Chrome' driver

2023-10-09 17:51:14 - [MESSAGE][INFO] - Action delay is set to 0 milliseconds

2023-10-09 17:51:17 - [MESSAGE][PASSED] - Browser is opened with url: ''

2023-10-09 17:51:17 - [TEST_STEP][PASSED] - maximizeWindow(): Current window maximized

2023-10-09 17:51:17 - [MESSAGE][PASSED] - Current window maximized

2023-10-09 17:51:17 - [TEST_STEP][PASSED] - navigateToUrl("https://app.landingly.com/"): Navigate to 'https://app.landingly.com/' successfully

2023-10-09 17:51:23 - [MESSAGE][PASSED] - Navigate to 'https://app.landingly.com/' successfully

2023-10-09 17:51:23 - [TEST_STEP][PASSED] - setText(findTestObject("Object Repository/Projects/TC021-Verify user can clone a project/Page_Landingly  Login/input_Email_login-email"), "sqaahmadtahir@gmail.com"): Text 'sqaahmadtahir@gmail.com' is set on object 'Object Repository/Projects/TC021-Verify user can clone a project/Page_Landingly  Login/input_Email_login-email'

2023-10-09 17:51:24 - [MESSAGE][PASSED] - Text 'sqaahmadtahir@gmail.com' is set on object 'Object Repository/Projects/TC021-Verify user can clone a project/Page_Landingly  Login/input_Email_login-email'

2023-10-09 17:51:24 - [TEST_STEP][PASSED] - setEncryptedText(findTestObject("Object Repository/Projects/TC021-Verify user can clone a project/Page_Landingly  Login/input_Forgot Password_login-password"), "/5S6MFFLcE5DAenbZpYNsQ=="): Text ****** has been set on object 'Object Repository/Projects/TC021-Verify user can clone a project/Page_Landingly  Login/input_Forgot Password_login-password'

2023-10-09 17:51:25 - [MESSAGE][PASSED] - Text ****** has been set on object 'Object Repository/Projects/TC021-Verify user can clone a project/Page_Landingly  Login/input_Forgot Password_login-password'

2023-10-09 17:51:25 - [TEST_STEP][PASSED] - click(findTestObject("Object Repository/Projects/TC021-Verify user can clone a project/Page_Landingly  Login/button_Sign in")): Object: 'Object Repository/Projects/TC021-Verify user can clone a project/Page_Landingly  Login/button_Sign in' is clicked on

2023-10-09 17:51:25 - [MESSAGE][PASSED] - Object: 'Object Repository/Projects/TC021-Verify user can clone a project/Page_Landingly  Login/button_Sign in' is clicked on

2023-10-09 17:51:25 - [TEST_STEP][PASSED] - click(findTestObject("Object Repository/Projects/TC021-Verify user can clone a project/Page_Landingly/a_Projects")): Object: 'Object Repository/Projects/TC021-Verify user can clone a project/Page_Landingly/a_Projects' is clicked on

2023-10-09 17:51:28 - [MESSAGE][PASSED] - Object: 'Object Repository/Projects/TC021-Verify user can clone a project/Page_Landingly/a_Projects' is clicked on

2023-10-09 17:51:28 - [TEST_STEP][PASSED] - click(findTestObject("Object Repository/Projects/TC021-Verify user can clone a project/Page_Landingly  Projects/button_View Project_btn btn-icon pull-right_e2b191")): Object: 'Object Repository/Projects/TC021-Verify user can clone a project/Page_Landingly  Projects/button_View Project_btn btn-icon pull-right_e2b191' is clicked on

2023-10-09 17:51:32 - [MESSAGE][PASSED] - Object: 'Object Repository/Projects/TC021-Verify user can clone a project/Page_Landingly  Projects/button_View Project_btn btn-icon pull-right_e2b191' is clicked on

2023-10-09 17:51:32 - [TEST_STEP][FAILED] - click(findTestObject("Object Repository/Projects/TC021-Verify user can clone a project/Page_Landingly  Projects/button_Clone")): Unable to click on object 'Object Repository/Projects/TC021-Verify user can clone a project/Page_Landingly  Projects/button_Clone' (Root cause: com.kms.katalon.core.exception.StepFailedException: Unable to click on object 'Object Repository/Projects/TC021-Verify user can clone a project/Page_Landingly  Projects/button_Clone'
	at com.kms.katalon.core.webui.keyword.internal.WebUIKeywordMain.stepFailed(WebUIKeywordMain.groovy:64)
	at com.kms.katalon.core.webui.keyword.internal.WebUIKeywordMain.runKeyword(WebUIKeywordMain.groovy:26)
	at com.kms.katalon.core.webui.keyword.builtin.ClickKeyword.click(ClickKeyword.groovy:74)
	at com.kms.katalon.core.webui.keyword.builtin.ClickKeyword.execute(ClickKeyword.groovy:40)
	at com.kms.katalon.core.keyword.internal.KeywordExecutor.executeKeywordForPlatform(KeywordExecutor.groovy:74)
	at com.kms.katalon.core.webui.keyword.WebUiBuiltInKeywords.click(WebUiBuiltInKeywords.groovy:620)
	at com.kms.katalon.core.webui.keyword.WebUiBuiltInKeywords$click$4.call(Unknown Source)
	at TC021-Verify user can clone a project.run(TC021-Verify user can clone a project:38)
	at com.kms.katalon.core.main.ScriptEngine.run(ScriptEngine.java:194)
	at com.kms.katalon.core.main.ScriptEngine.runScriptAsRawText(ScriptEngine.java:119)
	at com.kms.katalon.core.main.TestCaseExecutor.runScript(TestCaseExecutor.java:448)
	at com.kms.katalon.core.main.TestCaseExecutor.doExecute(TestCaseExecutor.java:439)
	at com.kms.katalon.core.main.TestCaseExecutor.processExecutionPhase(TestCaseExecutor.java:418)
	at com.kms.katalon.core.main.TestCaseExecutor.accessMainPhase(TestCaseExecutor.java:410)
	at com.kms.katalon.core.main.TestCaseExecutor.execute(TestCaseExecutor.java:285)
	at com.kms.katalon.core.common.CommonExecutor.accessTestCaseMainPhase(CommonExecutor.java:65)
	at com.kms.katalon.core.main.TestSuiteExecutor.accessTestSuiteMainPhase(TestSuiteExecutor.java:148)
	at com.kms.katalon.core.main.TestSuiteExecutor.execute(TestSuiteExecutor.java:106)
	at com.kms.katalon.core.main.TestCaseMain.startTestSuite(TestCaseMain.java:187)
	at com.kms.katalon.core.main.TestCaseMain$startTestSuite$0.call(Unknown Source)
	at TempTestSuite1696855132405.run(TempTestSuite1696855132405.groovy:36)
Caused by: com.kms.katalon.core.webui.exception.WebElementNotFoundException: Web element with id: 'Object Repository/Projects/TC021-Verify user can clone a project/Page_Landingly  Projects/button_Clone' located by '' not found
	at com.kms.katalon.core.webui.common.WebUiCommonHelper.findWebElement(WebUiCommonHelper.java:1381)
	at com.kms.katalon.core.webui.keyword.internal.WebUIAbstractKeyword.findWebElement(WebUIAbstractKeyword.groovy:27)
	at com.kms.katalon.core.webui.keyword.builtin.ClickKeyword$_click_closure1.doCall(ClickKeyword.groovy:65)
	at com.kms.katalon.core.webui.keyword.builtin.ClickKeyword$_click_closure1.call(ClickKeyword.groovy)
	at com.kms.katalon.core.webui.keyword.internal.WebUIKeywordMain.runKeyword(WebUIKeywordMain.groovy:20)
	at com.kms.katalon.core.webui.keyword.builtin.ClickKeyword.click(ClickKeyword.groovy:74)
	at com.kms.katalon.core.webui.keyword.builtin.ClickKeyword.execute(ClickKeyword.groovy:40)
	at com.kms.katalon.core.keyword.internal.KeywordExecutor.executeKeywordForPlatform(KeywordExecutor.groovy:74)
	at com.kms.katalon.core.webui.keyword.WebUiBuiltInKeywords.click(WebUiBuiltInKeywords.groovy:620)
	at com.kms.katalon.core.webui.keyword.WebUiBuiltInKeywords$click$4.call(Unknown Source)
	at Script1696313426064.run(Script1696313426064.groovy:38)
	... 13 more
)

2023-10-09 17:52:04 - [MESSAGE][INFO] - Unable to find the element located by 'By.xpath: '. Please recheck the objects properties to make sure the desired element is located. 

2023-10-09 17:52:04 - [MESSAGE][FAILED] - Unable to click on object 'Object Repository/Projects/TC021-Verify user can clone a project/Page_Landingly  Projects/button_Clone' (Root cause: com.kms.katalon.core.exception.StepFailedException: Unable to click on object 'Object Repository/Projects/TC021-Verify user can clone a project/Page_Landingly  Projects/button_Clone'
	at com.kms.katalon.core.webui.keyword.internal.WebUIKeywordMain.stepFailed(WebUIKeywordMain.groovy:64)
	at com.kms.katalon.core.webui.keyword.internal.WebUIKeywordMain.runKeyword(WebUIKeywordMain.groovy:26)
	at com.kms.katalon.core.webui.keyword.builtin.ClickKeyword.click(ClickKeyword.groovy:74)
	at com.kms.katalon.core.webui.keyword.builtin.ClickKeyword.execute(ClickKeyword.groovy:40)
	at com.kms.katalon.core.keyword.internal.KeywordExecutor.executeKeywordForPlatform(KeywordExecutor.groovy:74)
	at com.kms.katalon.core.webui.keyword.WebUiBuiltInKeywords.click(WebUiBuiltInKeywords.groovy:620)
	at com.kms.katalon.core.webui.keyword.WebUiBuiltInKeywords$click$4.call(Unknown Source)
	at TC021-Verify user can clone a project.run(TC021-Verify user can clone a project:38)
	at com.kms.katalon.core.main.ScriptEngine.run(ScriptEngine.java:194)
	at com.kms.katalon.core.main.ScriptEngine.runScriptAsRawText(ScriptEngine.java:119)
	at com.kms.katalon.core.main.TestCaseExecutor.runScript(TestCaseExecutor.java:448)
	at com.kms.katalon.core.main.TestCaseExecutor.doExecute(TestCaseExecutor.java:439)
	at com.kms.katalon.core.main.TestCaseExecutor.processExecutionPhase(TestCaseExecutor.java:418)
	at com.kms.katalon.core.main.TestCaseExecutor.accessMainPhase(TestCaseExecutor.java:410)
	at com.kms.katalon.core.main.TestCaseExecutor.execute(TestCaseExecutor.java:285)
	at com.kms.katalon.core.common.CommonExecutor.accessTestCaseMainPhase(CommonExecutor.java:65)
	at com.kms.katalon.core.main.TestSuiteExecutor.accessTestSuiteMainPhase(TestSuiteExecutor.java:148)
	at com.kms.katalon.core.main.TestSuiteExecutor.execute(TestSuiteExecutor.java:106)
	at com.kms.katalon.core.main.TestCaseMain.startTestSuite(TestCaseMain.java:187)
	at com.kms.katalon.core.main.TestCaseMain$startTestSuite$0.call(Unknown Source)
	at TempTestSuite1696855132405.run(TempTestSuite1696855132405.groovy:36)
Caused by: com.kms.katalon.core.webui.exception.WebElementNotFoundException: Web element with id: 'Object Repository/Projects/TC021-Verify user can clone a project/Page_Landingly  Projects/button_Clone' located by '' not found
	at com.kms.katalon.core.webui.common.WebUiCommonHelper.findWebElement(WebUiCommonHelper.java:1381)
	at com.kms.katalon.core.webui.keyword.internal.WebUIAbstractKeyword.findWebElement(WebUIAbstractKeyword.groovy:27)
	at com.kms.katalon.core.webui.keyword.builtin.ClickKeyword$_click_closure1.doCall(ClickKeyword.groovy:65)
	at com.kms.katalon.core.webui.keyword.builtin.ClickKeyword$_click_closure1.call(ClickKeyword.groovy)
	at com.kms.katalon.core.webui.keyword.internal.WebUIKeywordMain.runKeyword(WebUIKeywordMain.groovy:20)
	at com.kms.katalon.core.webui.keyword.builtin.ClickKeyword.click(ClickKeyword.groovy:74)
	at com.kms.katalon.core.webui.keyword.builtin.ClickKeyword.execute(ClickKeyword.groovy:40)
	at com.kms.katalon.core.keyword.internal.KeywordExecutor.executeKeywordForPlatform(KeywordExecutor.groovy:74)
	at com.kms.katalon.core.webui.keyword.WebUiBuiltInKeywords.click(WebUiBuiltInKeywords.groovy:620)
	at com.kms.katalon.core.webui.keyword.WebUiBuiltInKeywords$click$4.call(Unknown Source)
	at Script1696313426064.run(Script1696313426064.groovy:38)
	... 13 more
)
[[ATTACHMENT|C:\\Users\\TDS\\git\\Landingly\\Reports\\20231009_173852\\Landingly\\20231009_173852\\1696855924386.png]]]]></system-out>
         <system-err><![CDATA[2023-10-09 17:51:13 - [TEST_CASE][FAILED] - Test Cases/Projects/TC021-Verify user can clone a project: Test Cases/Projects/TC021-Verify user can clone a project FAILED.
Reason:
com.kms.katalon.core.exception.StepFailedException: Unable to click on object 'Object Repository/Projects/TC021-Verify user can clone a project/Page_Landingly  Projects/button_Clone'
	at com.kms.katalon.core.webui.keyword.internal.WebUIKeywordMain.stepFailed(WebUIKeywordMain.groovy:64)
	at com.kms.katalon.core.webui.keyword.internal.WebUIKeywordMain.runKeyword(WebUIKeywordMain.groovy:26)
	at com.kms.katalon.core.webui.keyword.builtin.ClickKeyword.click(ClickKeyword.groovy:74)
	at com.kms.katalon.core.webui.keyword.builtin.ClickKeyword.execute(ClickKeyword.groovy:40)
	at com.kms.katalon.core.keyword.internal.KeywordExecutor.executeKeywordForPlatform(KeywordExecutor.groovy:74)
	at com.kms.katalon.core.webui.keyword.WebUiBuiltInKeywords.click(WebUiBuiltInKeywords.groovy:620)
	at com.kms.katalon.core.webui.keyword.WebUiBuiltInKeywords$click$4.call(Unknown Source)
	at TC021-Verify user can clone a project.run(TC021-Verify user can clone a project:38)
	at com.kms.katalon.core.main.ScriptEngine.run(ScriptEngine.java:194)
	at com.kms.katalon.core.main.ScriptEngine.runScriptAsRawText(ScriptEngine.java:119)
	at com.kms.katalon.core.main.TestCaseExecutor.runScript(TestCaseExecutor.java:448)
	at com.kms.katalon.core.main.TestCaseExecutor.doExecute(TestCaseExecutor.java:439)
	at com.kms.katalon.core.main.TestCaseExecutor.processExecutionPhase(TestCaseExecutor.java:418)
	at com.kms.katalon.core.main.TestCaseExecutor.accessMainPhase(TestCaseExecutor.java:410)
	at com.kms.katalon.core.main.TestCaseExecutor.execute(TestCaseExecutor.java:285)
	at com.kms.katalon.core.common.CommonExecutor.accessTestCaseMainPhase(CommonExecutor.java:65)
	at com.kms.katalon.core.main.TestSuiteExecutor.accessTestSuiteMainPhase(TestSuiteExecutor.java:148)
	at com.kms.katalon.core.main.TestSuiteExecutor.execute(TestSuiteExecutor.java:106)
	at com.kms.katalon.core.main.TestCaseMain.startTestSuite(TestCaseMain.java:187)
	at com.kms.katalon.core.main.TestCaseMain$startTestSuite$0.call(Unknown Source)
	at TempTestSuite1696855132405.run(TempTestSuite1696855132405.groovy:36)
Caused by: com.kms.katalon.core.webui.exception.WebElementNotFoundException: Web element with id: 'Object Repository/Projects/TC021-Verify user can clone a project/Page_Landingly  Projects/button_Clone' located by '' not found
	at com.kms.katalon.core.webui.common.WebUiCommonHelper.findWebElement(WebUiCommonHelper.java:1381)
	at com.kms.katalon.core.webui.keyword.internal.WebUIAbstractKeyword.findWebElement(WebUIAbstractKeyword.groovy:27)
	at com.kms.katalon.core.webui.keyword.builtin.ClickKeyword$_click_closure1.doCall(ClickKeyword.groovy:65)
	at com.kms.katalon.core.webui.keyword.builtin.ClickKeyword$_click_closure1.call(ClickKeyword.groovy)
	at com.kms.katalon.core.webui.keyword.internal.WebUIKeywordMain.runKeyword(WebUIKeywordMain.groovy:20)
	... 19 more]]></system-err>
      </testcase>
      <testcase name="Test Cases/Projects/TC022-Verify user can edit template for sales or optin page" time="29.572" classname="Test Cases/Projects/TC022-Verify user can edit template for sales or optin page" status="PASSED">
         <system-out><![CDATA[2023-10-09 17:52:04 - [TEST_CASE][PASSED] - Test Cases/Projects/TC022-Verify user can edit template for sales or optin page: Test Cases/Projects/TC022-Verify user can edit template for sales or optin page

2023-10-09 17:52:05 - [TEST_STEP][PASSED] - openBrowser(""): Browser is opened with url: ''

2023-10-09 17:52:05 - [MESSAGE][WARNING] - A browser is already opened. Closing browser and opening a new one

2023-10-09 17:52:06 - [MESSAGE][INFO] - Starting 'Chrome' driver

2023-10-09 17:52:06 - [MESSAGE][INFO] - Action delay is set to 0 milliseconds

2023-10-09 17:52:09 - [MESSAGE][PASSED] - Browser is opened with url: ''

2023-10-09 17:52:09 - [TEST_STEP][PASSED] - maximizeWindow(): Current window maximized

2023-10-09 17:52:09 - [MESSAGE][PASSED] - Current window maximized

2023-10-09 17:52:09 - [TEST_STEP][PASSED] - navigateToUrl("https://app.landingly.com/"): Navigate to 'https://app.landingly.com/' successfully

2023-10-09 17:52:18 - [MESSAGE][PASSED] - Navigate to 'https://app.landingly.com/' successfully

2023-10-09 17:52:18 - [TEST_STEP][PASSED] - setText(findTestObject("Object Repository/Projects/TC022-Verify user can edit template for sales or optin page/Page_Landingly  Login/input_Email_login-email"), "sqaahmadtahir@gmail.com"): Text 'sqaahmadtahir@gmail.com' is set on object 'Object Repository/Projects/TC022-Verify user can edit template for sales or optin page/Page_Landingly  Login/input_Email_login-email'

2023-10-09 17:52:20 - [MESSAGE][PASSED] - Text 'sqaahmadtahir@gmail.com' is set on object 'Object Repository/Projects/TC022-Verify user can edit template for sales or optin page/Page_Landingly  Login/input_Email_login-email'

2023-10-09 17:52:20 - [TEST_STEP][PASSED] - setEncryptedText(findTestObject("Object Repository/Projects/TC022-Verify user can edit template for sales or optin page/Page_Landingly  Login/input_Forgot Password_login-password"), "/5S6MFFLcE5DAenbZpYNsQ=="): Text ****** has been set on object 'Object Repository/Projects/TC022-Verify user can edit template for sales or optin page/Page_Landingly  Login/input_Forgot Password_login-password'

2023-10-09 17:52:20 - [MESSAGE][PASSED] - Text ****** has been set on object 'Object Repository/Projects/TC022-Verify user can edit template for sales or optin page/Page_Landingly  Login/input_Forgot Password_login-password'

2023-10-09 17:52:20 - [TEST_STEP][PASSED] - click(findTestObject("Object Repository/Projects/TC022-Verify user can edit template for sales or optin page/Page_Landingly  Login/button_Sign in")): Object: 'Object Repository/Projects/TC022-Verify user can edit template for sales or optin page/Page_Landingly  Login/button_Sign in' is clicked on

2023-10-09 17:52:21 - [MESSAGE][PASSED] - Object: 'Object Repository/Projects/TC022-Verify user can edit template for sales or optin page/Page_Landingly  Login/button_Sign in' is clicked on

2023-10-09 17:52:21 - [TEST_STEP][PASSED] - click(findTestObject("Object Repository/Projects/TC022-Verify user can edit template for sales or optin page/Page_Landingly/a_Projects")): Object: 'Object Repository/Projects/TC022-Verify user can edit template for sales or optin page/Page_Landingly/a_Projects' is clicked on

2023-10-09 17:52:23 - [MESSAGE][PASSED] - Object: 'Object Repository/Projects/TC022-Verify user can edit template for sales or optin page/Page_Landingly/a_Projects' is clicked on

2023-10-09 17:52:23 - [TEST_STEP][PASSED] - click(findTestObject("Object Repository/Projects/TC022-Verify user can edit template for sales or optin page/Page_Landingly  Projects/a_View Project")): Object: 'Object Repository/Projects/TC022-Verify user can edit template for sales or optin page/Page_Landingly  Projects/a_View Project' is clicked on

2023-10-09 17:52:28 - [MESSAGE][PASSED] - Object: 'Object Repository/Projects/TC022-Verify user can edit template for sales or optin page/Page_Landingly  Projects/a_View Project' is clicked on

2023-10-09 17:52:28 - [TEST_STEP][PASSED] - click(findTestObject("Object Repository/Projects/TC022-Verify user can edit template for sales or optin page/Page_Landingly  Project Detail/a_Contacts_btn btn-icon btn-flat-primary")): Object: 'Object Repository/Projects/TC022-Verify user can edit template for sales or optin page/Page_Landingly  Project Detail/a_Contacts_btn btn-icon btn-flat-primary' is clicked on

2023-10-09 17:52:31 - [MESSAGE][PASSED] - Object: 'Object Repository/Projects/TC022-Verify user can edit template for sales or optin page/Page_Landingly  Project Detail/a_Contacts_btn btn-icon btn-flat-primary' is clicked on

2023-10-09 17:52:31 - [TEST_STEP][PASSED] - verifyElementText(findTestObject("Object Repository/Projects/TC022-Verify user can edit template for sales or optin page/Page_Landingly  Edit Project/span_Edit Project"), "Edit Project"): Actual text and expected text of test object 'Object Repository/Projects/TC022-Verify user can edit template for sales or optin page/Page_Landingly  Edit Project/span_Edit Project' are matched.

2023-10-09 17:52:33 - [MESSAGE][PASSED] - Actual text and expected text of test object 'Object Repository/Projects/TC022-Verify user can edit template for sales or optin page/Page_Landingly  Edit Project/span_Edit Project' are matched.

2023-10-09 17:52:33 - [TEST_STEP][PASSED] - closeBrowser(): Browser is closed

2023-10-09 17:52:34 - [MESSAGE][PASSED] - Browser is closed]]></system-out>
         <system-err><![CDATA[]]></system-err>
      </testcase>
      <testcase name="Test Cases/Projects/TC023-Verify user can edit template for both pages optin" time="15.238" classname="Test Cases/Projects/TC023-Verify user can edit template for both pages optin" status="FAILED">
         <failure type="FAILED" message="Test Cases/Projects/TC023-Verify user can edit template for both pages optin FAILED.
Reason:
com.kms.katalon.core.exception.StepFailedException: Unable to click on object 'Object Repository/Projects/TC023-Verify user can edit template for thankyou page/Page_Landingly/a_Projects'
	at com.kms.katalon.core.webui.keyword.internal.WebUIKeywordMain.stepFailed(WebUIKeywordMain.groovy:64)
	at com.kms.katalon.core.webui.keyword.internal.WebUIKeywordMain.runKeyword(WebUIKeywordMain.groovy:26)
	at com.kms.katalon.core.webui.keyword.builtin.ClickKeyword.click(ClickKeyword.groovy:74)
	at com.kms.katalon.core.webui.keyword.builtin.ClickKeyword.execute(ClickKeyword.groovy:40)
	at com.kms.katalon.core.keyword.internal.KeywordExecutor.executeKeywordForPlatform(KeywordExecutor.groovy:74)
	at com.kms.katalon.core.webui.keyword.WebUiBuiltInKeywords.click(WebUiBuiltInKeywords.groovy:620)
	at com.kms.katalon.core.webui.keyword.WebUiBuiltInKeywords$click$4.call(Unknown Source)
	at TC023-Verify user can edit template for both pages optin.run(TC023-Verify user can edit template for both pages optin:32)
	at com.kms.katalon.core.main.ScriptEngine.run(ScriptEngine.java:194)
	at com.kms.katalon.core.main.ScriptEngine.runScriptAsRawText(ScriptEngine.java:119)
	at com.kms.katalon.core.main.TestCaseExecutor.runScript(TestCaseExecutor.java:448)
	at com.kms.katalon.core.main.TestCaseExecutor.doExecute(TestCaseExecutor.java:439)
	at com.kms.katalon.core.main.TestCaseExecutor.processExecutionPhase(TestCaseExecutor.java:418)
	at com.kms.katalon.core.main.TestCaseExecutor.accessMainPhase(TestCaseExecutor.java:410)
	at com.kms.katalon.core.main.TestCaseExecutor.execute(TestCaseExecutor.java:285)
	at com.kms.katalon.core.common.CommonExecutor.accessTestCaseMainPhase(CommonExecutor.java:65)
	at com.kms.katalon.core.main.TestSuiteExecutor.accessTestSuiteMainPhase(TestSuiteExecutor.java:148)
	at com.kms.katalon.core.main.TestSuiteExecutor.execute(TestSuiteExecutor.java:106)
	at com.kms.katalon.core.main.TestCaseMain.startTestSuite(TestCaseMain.java:187)
	at com.kms.katalon.core.main.TestCaseMain$startTestSuite$0.call(Unknown Source)
	at TempTestSuite1696855132405.run(TempTestSuite1696855132405.groovy:36)
Caused by: org.openqa.selenium.ElementNotInteractableException: element not interactable
  (Session info: chrome=117.0.5938.149)
Build info: version: '3.141.59', revision: 'e82be7d358', time: '2018-11-14T08:25:53'
System info: host: 'DESKTOP-3BHH4MD', ip: '192.168.0.108', os.name: 'Windows 10', os.arch: 'amd64', os.version: '10.0', java.version: '1.8.0_362'
Driver info: com.kms.katalon.selenium.driver.CChromeDriver
Capabilities {acceptInsecureCerts: false, browserName: chrome, browserVersion: 117.0.5938.149, chrome: {chromedriverVersion: 116.0.5845.96 (1a3918166880..., userDataDir: C:\Users\TDS\AppData\Local\...}, fedcm:accounts: true, goog:chromeOptions: {debuggerAddress: localhost:64373}, javascriptEnabled: true, networkConnectionEnabled: false, pageLoadStrategy: normal, platform: WINDOWS, platformName: WINDOWS, proxy: Proxy(), setWindowRect: true, strictFileInteractability: false, timeouts: {implicit: 0, pageLoad: 300000, script: 30000}, unhandledPromptBehavior: dismiss and notify, webauthn:extension:credBlob: true, webauthn:extension:largeBlob: true, webauthn:extension:minPinLength: true, webauthn:extension:prf: true, webauthn:virtualAuthenticators: true}
Session ID: 5022c673897c9dadca0afddf4b9fb0e4
	at org.openqa.selenium.remote.http.W3CHttpResponseCodec.createException(W3CHttpResponseCodec.java:187)
	at org.openqa.selenium.remote.http.W3CHttpResponseCodec.decode(W3CHttpResponseCodec.java:122)
	at org.openqa.selenium.remote.http.W3CHttpResponseCodec.decode(W3CHttpResponseCodec.java:49)
	at org.openqa.selenium.remote.HttpCommandExecutor.execute(HttpCommandExecutor.java:158)
	at org.openqa.selenium.remote.service.DriverCommandExecutor.execute(DriverCommandExecutor.java:83)
	at org.openqa.selenium.remote.RemoteWebDriver.execute(RemoteWebDriver.java:552)
	at com.kms.katalon.selenium.driver.CChromeDriver.execute(CChromeDriver.java:19)
	at org.openqa.selenium.remote.RemoteWebElement.execute(RemoteWebElement.java:285)
	at org.openqa.selenium.remote.RemoteWebElement.click(RemoteWebElement.java:84)
	at org.openqa.selenium.support.events.EventFiringWebDriver$EventFiringWebElement.lambda$new$0(EventFiringWebDriver.java:404)
	at com.sun.proxy.$Proxy11.click(Unknown Source)
	at org.openqa.selenium.support.events.EventFiringWebDriver$EventFiringWebElement.click(EventFiringWebDriver.java:417)
	at org.openqa.selenium.WebElement$click.call(Unknown Source)
	at com.kms.katalon.core.webui.keyword.builtin.ClickKeyword.clickUntilSuccessWithTimeout(ClickKeyword.groovy:81)
	at com.kms.katalon.core.webui.keyword.builtin.ClickKeyword.clickUntilSuccessWithTimeout(ClickKeyword.groovy)
	at com.kms.katalon.core.webui.keyword.builtin.ClickKeyword$_click_closure1.doCall(ClickKeyword.groovy:67)
	at com.kms.katalon.core.webui.keyword.builtin.ClickKeyword$_click_closure1.call(ClickKeyword.groovy)
	at com.kms.katalon.core.webui.keyword.internal.WebUIKeywordMain.runKeyword(WebUIKeywordMain.groovy:20)
	... 19 more
"/>
         <system-out><![CDATA[2023-10-09 17:52:34 - [TEST_CASE][FAILED] - Test Cases/Projects/TC023-Verify user can edit template for both pages optin: Test Cases/Projects/TC023-Verify user can edit template for both pages optin FAILED.
Reason:
com.kms.katalon.core.exception.StepFailedException: Unable to click on object 'Object Repository/Projects/TC023-Verify user can edit template for thankyou page/Page_Landingly/a_Projects'
	at com.kms.katalon.core.webui.keyword.internal.WebUIKeywordMain.stepFailed(WebUIKeywordMain.groovy:64)
	at com.kms.katalon.core.webui.keyword.internal.WebUIKeywordMain.runKeyword(WebUIKeywordMain.groovy:26)
	at com.kms.katalon.core.webui.keyword.builtin.ClickKeyword.click(ClickKeyword.groovy:74)
	at com.kms.katalon.core.webui.keyword.builtin.ClickKeyword.execute(ClickKeyword.groovy:40)
	at com.kms.katalon.core.keyword.internal.KeywordExecutor.executeKeywordForPlatform(KeywordExecutor.groovy:74)
	at com.kms.katalon.core.webui.keyword.WebUiBuiltInKeywords.click(WebUiBuiltInKeywords.groovy:620)
	at com.kms.katalon.core.webui.keyword.WebUiBuiltInKeywords$click$4.call(Unknown Source)
	at TC023-Verify user can edit template for both pages optin.run(TC023-Verify user can edit template for both pages optin:32)
	at com.kms.katalon.core.main.ScriptEngine.run(ScriptEngine.java:194)
	at com.kms.katalon.core.main.ScriptEngine.runScriptAsRawText(ScriptEngine.java:119)
	at com.kms.katalon.core.main.TestCaseExecutor.runScript(TestCaseExecutor.java:448)
	at com.kms.katalon.core.main.TestCaseExecutor.doExecute(TestCaseExecutor.java:439)
	at com.kms.katalon.core.main.TestCaseExecutor.processExecutionPhase(TestCaseExecutor.java:418)
	at com.kms.katalon.core.main.TestCaseExecutor.accessMainPhase(TestCaseExecutor.java:410)
	at com.kms.katalon.core.main.TestCaseExecutor.execute(TestCaseExecutor.java:285)
	at com.kms.katalon.core.common.CommonExecutor.accessTestCaseMainPhase(CommonExecutor.java:65)
	at com.kms.katalon.core.main.TestSuiteExecutor.accessTestSuiteMainPhase(TestSuiteExecutor.java:148)
	at com.kms.katalon.core.main.TestSuiteExecutor.execute(TestSuiteExecutor.java:106)
	at com.kms.katalon.core.main.TestCaseMain.startTestSuite(TestCaseMain.java:187)
	at com.kms.katalon.core.main.TestCaseMain$startTestSuite$0.call(Unknown Source)
	at TempTestSuite1696855132405.run(TempTestSuite1696855132405.groovy:36)
Caused by: org.openqa.selenium.ElementNotInteractableException: element not interactable
  (Session info: chrome=117.0.5938.149)
Build info: version: '3.141.59', revision: 'e82be7d358', time: '2018-11-14T08:25:53'
System info: host: 'DESKTOP-3BHH4MD', ip: '192.168.0.108', os.name: 'Windows 10', os.arch: 'amd64', os.version: '10.0', java.version: '1.8.0_362'
Driver info: com.kms.katalon.selenium.driver.CChromeDriver
Capabilities {acceptInsecureCerts: false, browserName: chrome, browserVersion: 117.0.5938.149, chrome: {chromedriverVersion: 116.0.5845.96 (1a3918166880..., userDataDir: C:\Users\TDS\AppData\Local\...}, fedcm:accounts: true, goog:chromeOptions: {debuggerAddress: localhost:64373}, javascriptEnabled: true, networkConnectionEnabled: false, pageLoadStrategy: normal, platform: WINDOWS, platformName: WINDOWS, proxy: Proxy(), setWindowRect: true, strictFileInteractability: false, timeouts: {implicit: 0, pageLoad: 300000, script: 30000}, unhandledPromptBehavior: dismiss and notify, webauthn:extension:credBlob: true, webauthn:extension:largeBlob: true, webauthn:extension:minPinLength: true, webauthn:extension:prf: true, webauthn:virtualAuthenticators: true}
Session ID: 5022c673897c9dadca0afddf4b9fb0e4
	at org.openqa.selenium.remote.http.W3CHttpResponseCodec.createException(W3CHttpResponseCodec.java:187)
	at org.openqa.selenium.remote.http.W3CHttpResponseCodec.decode(W3CHttpResponseCodec.java:122)
	at org.openqa.selenium.remote.http.W3CHttpResponseCodec.decode(W3CHttpResponseCodec.java:49)
	at org.openqa.selenium.remote.HttpCommandExecutor.execute(HttpCommandExecutor.java:158)
	at org.openqa.selenium.remote.service.DriverCommandExecutor.execute(DriverCommandExecutor.java:83)
	at org.openqa.selenium.remote.RemoteWebDriver.execute(RemoteWebDriver.java:552)
	at com.kms.katalon.selenium.driver.CChromeDriver.execute(CChromeDriver.java:19)
	at org.openqa.selenium.remote.RemoteWebElement.execute(RemoteWebElement.java:285)
	at org.openqa.selenium.remote.RemoteWebElement.click(RemoteWebElement.java:84)
	at org.openqa.selenium.support.events.EventFiringWebDriver$EventFiringWebElement.lambda$new$0(EventFiringWebDriver.java:404)
	at com.sun.proxy.$Proxy11.click(Unknown Source)
	at org.openqa.selenium.support.events.EventFiringWebDriver$EventFiringWebElement.click(EventFiringWebDriver.java:417)
	at org.openqa.selenium.WebElement$click.call(Unknown Source)
	at com.kms.katalon.core.webui.keyword.builtin.ClickKeyword.clickUntilSuccessWithTimeout(ClickKeyword.groovy:81)
	at com.kms.katalon.core.webui.keyword.builtin.ClickKeyword.clickUntilSuccessWithTimeout(ClickKeyword.groovy)
	at com.kms.katalon.core.webui.keyword.builtin.ClickKeyword$_click_closure1.doCall(ClickKeyword.groovy:67)
	at com.kms.katalon.core.webui.keyword.builtin.ClickKeyword$_click_closure1.call(ClickKeyword.groovy)
	at com.kms.katalon.core.webui.keyword.internal.WebUIKeywordMain.runKeyword(WebUIKeywordMain.groovy:20)
	... 19 more


2023-10-09 17:52:35 - [TEST_STEP][PASSED] - openBrowser(""): Browser is opened with url: ''

2023-10-09 17:52:35 - [MESSAGE][INFO] - Starting 'Chrome' driver

2023-10-09 17:52:35 - [MESSAGE][INFO] - Action delay is set to 0 milliseconds

2023-10-09 17:52:38 - [MESSAGE][PASSED] - Browser is opened with url: ''

2023-10-09 17:52:38 - [TEST_STEP][PASSED] - navigateToUrl("https://app.landingly.com/"): Navigate to 'https://app.landingly.com/' successfully

2023-10-09 17:52:44 - [MESSAGE][PASSED] - Navigate to 'https://app.landingly.com/' successfully

2023-10-09 17:52:44 - [TEST_STEP][PASSED] - setText(findTestObject("Object Repository/Projects/TC023-Verify user can edit template for thankyou page/Page_Landingly  Login/input_Email_login-email"), "sqaahmadtahir@gmail.com"): Text 'sqaahmadtahir@gmail.com' is set on object 'Object Repository/Projects/TC023-Verify user can edit template for thankyou page/Page_Landingly  Login/input_Email_login-email'

2023-10-09 17:52:45 - [MESSAGE][PASSED] - Text 'sqaahmadtahir@gmail.com' is set on object 'Object Repository/Projects/TC023-Verify user can edit template for thankyou page/Page_Landingly  Login/input_Email_login-email'

2023-10-09 17:52:45 - [TEST_STEP][PASSED] - setEncryptedText(findTestObject("Object Repository/Projects/TC023-Verify user can edit template for thankyou page/Page_Landingly  Login/input_Forgot Password_login-password"), "/5S6MFFLcE5DAenbZpYNsQ=="): Text ****** has been set on object 'Object Repository/Projects/TC023-Verify user can edit template for thankyou page/Page_Landingly  Login/input_Forgot Password_login-password'

2023-10-09 17:52:46 - [MESSAGE][PASSED] - Text ****** has been set on object 'Object Repository/Projects/TC023-Verify user can edit template for thankyou page/Page_Landingly  Login/input_Forgot Password_login-password'

2023-10-09 17:52:46 - [TEST_STEP][PASSED] - click(findTestObject("Object Repository/Projects/TC023-Verify user can edit template for thankyou page/Page_Landingly  Login/button_Sign in")): Object: 'Object Repository/Projects/TC023-Verify user can edit template for thankyou page/Page_Landingly  Login/button_Sign in' is clicked on

2023-10-09 17:52:46 - [MESSAGE][PASSED] - Object: 'Object Repository/Projects/TC023-Verify user can edit template for thankyou page/Page_Landingly  Login/button_Sign in' is clicked on

2023-10-09 17:52:46 - [TEST_STEP][FAILED] - click(findTestObject("Object Repository/Projects/TC023-Verify user can edit template for thankyou page/Page_Landingly/a_Projects")): Unable to click on object 'Object Repository/Projects/TC023-Verify user can edit template for thankyou page/Page_Landingly/a_Projects' (Root cause: com.kms.katalon.core.exception.StepFailedException: Unable to click on object 'Object Repository/Projects/TC023-Verify user can edit template for thankyou page/Page_Landingly/a_Projects'
	at com.kms.katalon.core.webui.keyword.internal.WebUIKeywordMain.stepFailed(WebUIKeywordMain.groovy:64)
	at com.kms.katalon.core.webui.keyword.internal.WebUIKeywordMain.runKeyword(WebUIKeywordMain.groovy:26)
	at com.kms.katalon.core.webui.keyword.builtin.ClickKeyword.click(ClickKeyword.groovy:74)
	at com.kms.katalon.core.webui.keyword.builtin.ClickKeyword.execute(ClickKeyword.groovy:40)
	at com.kms.katalon.core.keyword.internal.KeywordExecutor.executeKeywordForPlatform(KeywordExecutor.groovy:74)
	at com.kms.katalon.core.webui.keyword.WebUiBuiltInKeywords.click(WebUiBuiltInKeywords.groovy:620)
	at com.kms.katalon.core.webui.keyword.WebUiBuiltInKeywords$click$4.call(Unknown Source)
	at TC023-Verify user can edit template for both pages optin.run(TC023-Verify user can edit template for both pages optin:32)
	at com.kms.katalon.core.main.ScriptEngine.run(ScriptEngine.java:194)
	at com.kms.katalon.core.main.ScriptEngine.runScriptAsRawText(ScriptEngine.java:119)
	at com.kms.katalon.core.main.TestCaseExecutor.runScript(TestCaseExecutor.java:448)
	at com.kms.katalon.core.main.TestCaseExecutor.doExecute(TestCaseExecutor.java:439)
	at com.kms.katalon.core.main.TestCaseExecutor.processExecutionPhase(TestCaseExecutor.java:418)
	at com.kms.katalon.core.main.TestCaseExecutor.accessMainPhase(TestCaseExecutor.java:410)
	at com.kms.katalon.core.main.TestCaseExecutor.execute(TestCaseExecutor.java:285)
	at com.kms.katalon.core.common.CommonExecutor.accessTestCaseMainPhase(CommonExecutor.java:65)
	at com.kms.katalon.core.main.TestSuiteExecutor.accessTestSuiteMainPhase(TestSuiteExecutor.java:148)
	at com.kms.katalon.core.main.TestSuiteExecutor.execute(TestSuiteExecutor.java:106)
	at com.kms.katalon.core.main.TestCaseMain.startTestSuite(TestCaseMain.java:187)
	at com.kms.katalon.core.main.TestCaseMain$startTestSuite$0.call(Unknown Source)
	at TempTestSuite1696855132405.run(TempTestSuite1696855132405.groovy:36)
Caused by: org.openqa.selenium.ElementNotInteractableException: element not interactable
  (Session info: chrome=117.0.5938.149)
Build info: version: '3.141.59', revision: 'e82be7d358', time: '2018-11-14T08:25:53'
System info: host: 'DESKTOP-3BHH4MD', ip: '192.168.0.108', os.name: 'Windows 10', os.arch: 'amd64', os.version: '10.0', java.version: '1.8.0_362'
Driver info: com.kms.katalon.selenium.driver.CChromeDriver
Capabilities {acceptInsecureCerts: false, browserName: chrome, browserVersion: 117.0.5938.149, chrome: {chromedriverVersion: 116.0.5845.96 (1a3918166880..., userDataDir: C:\Users\TDS\AppData\Local\...}, fedcm:accounts: true, goog:chromeOptions: {debuggerAddress: localhost:64373}, javascriptEnabled: true, networkConnectionEnabled: false, pageLoadStrategy: normal, platform: WINDOWS, platformName: WINDOWS, proxy: Proxy(), setWindowRect: true, strictFileInteractability: false, timeouts: {implicit: 0, pageLoad: 300000, script: 30000}, unhandledPromptBehavior: dismiss and notify, webauthn:extension:credBlob: true, webauthn:extension:largeBlob: true, webauthn:extension:minPinLength: true, webauthn:extension:prf: true, webauthn:virtualAuthenticators: true}
Session ID: 5022c673897c9dadca0afddf4b9fb0e4
	at org.openqa.selenium.remote.http.W3CHttpResponseCodec.createException(W3CHttpResponseCodec.java:187)
	at org.openqa.selenium.remote.http.W3CHttpResponseCodec.decode(W3CHttpResponseCodec.java:122)
	at org.openqa.selenium.remote.http.W3CHttpResponseCodec.decode(W3CHttpResponseCodec.java:49)
	at org.openqa.selenium.remote.HttpCommandExecutor.execute(HttpCommandExecutor.java:158)
	at org.openqa.selenium.remote.service.DriverCommandExecutor.execute(DriverCommandExecutor.java:83)
	at org.openqa.selenium.remote.RemoteWebDriver.execute(RemoteWebDriver.java:552)
	at com.kms.katalon.selenium.driver.CChromeDriver.execute(CChromeDriver.java:19)
	at org.openqa.selenium.remote.RemoteWebElement.execute(RemoteWebElement.java:285)
	at org.openqa.selenium.remote.RemoteWebElement.click(RemoteWebElement.java:84)
	at org.openqa.selenium.support.events.EventFiringWebDriver$EventFiringWebElement.lambda$new$0(EventFiringWebDriver.java:404)
	at com.sun.proxy.$Proxy11.click(Unknown Source)
	at org.openqa.selenium.support.events.EventFiringWebDriver$EventFiringWebElement.click(EventFiringWebDriver.java:417)
	at org.openqa.selenium.WebElement$click.call(Unknown Source)
	at com.kms.katalon.core.webui.keyword.builtin.ClickKeyword.clickUntilSuccessWithTimeout(ClickKeyword.groovy:81)
	at com.kms.katalon.core.webui.keyword.builtin.ClickKeyword.clickUntilSuccessWithTimeout(ClickKeyword.groovy)
	at com.kms.katalon.core.webui.keyword.builtin.ClickKeyword$_click_closure1.doCall(ClickKeyword.groovy:67)
	at com.kms.katalon.core.webui.keyword.builtin.ClickKeyword$_click_closure1.call(ClickKeyword.groovy)
	at com.kms.katalon.core.webui.keyword.internal.WebUIKeywordMain.runKeyword(WebUIKeywordMain.groovy:20)
	at com.kms.katalon.core.webui.keyword.builtin.ClickKeyword.click(ClickKeyword.groovy:74)
	at com.kms.katalon.core.webui.keyword.builtin.ClickKeyword.execute(ClickKeyword.groovy:40)
	at com.kms.katalon.core.keyword.internal.KeywordExecutor.executeKeywordForPlatform(KeywordExecutor.groovy:74)
	at com.kms.katalon.core.webui.keyword.WebUiBuiltInKeywords.click(WebUiBuiltInKeywords.groovy:620)
	at com.kms.katalon.core.webui.keyword.WebUiBuiltInKeywords$click$4.call(Unknown Source)
	at Script1696315061031.run(Script1696315061031.groovy:32)
	... 13 more
)

2023-10-09 17:52:49 - [MESSAGE][FAILED] - Unable to click on object 'Object Repository/Projects/TC023-Verify user can edit template for thankyou page/Page_Landingly/a_Projects' (Root cause: com.kms.katalon.core.exception.StepFailedException: Unable to click on object 'Object Repository/Projects/TC023-Verify user can edit template for thankyou page/Page_Landingly/a_Projects'
	at com.kms.katalon.core.webui.keyword.internal.WebUIKeywordMain.stepFailed(WebUIKeywordMain.groovy:64)
	at com.kms.katalon.core.webui.keyword.internal.WebUIKeywordMain.runKeyword(WebUIKeywordMain.groovy:26)
	at com.kms.katalon.core.webui.keyword.builtin.ClickKeyword.click(ClickKeyword.groovy:74)
	at com.kms.katalon.core.webui.keyword.builtin.ClickKeyword.execute(ClickKeyword.groovy:40)
	at com.kms.katalon.core.keyword.internal.KeywordExecutor.executeKeywordForPlatform(KeywordExecutor.groovy:74)
	at com.kms.katalon.core.webui.keyword.WebUiBuiltInKeywords.click(WebUiBuiltInKeywords.groovy:620)
	at com.kms.katalon.core.webui.keyword.WebUiBuiltInKeywords$click$4.call(Unknown Source)
	at TC023-Verify user can edit template for both pages optin.run(TC023-Verify user can edit template for both pages optin:32)
	at com.kms.katalon.core.main.ScriptEngine.run(ScriptEngine.java:194)
	at com.kms.katalon.core.main.ScriptEngine.runScriptAsRawText(ScriptEngine.java:119)
	at com.kms.katalon.core.main.TestCaseExecutor.runScript(TestCaseExecutor.java:448)
	at com.kms.katalon.core.main.TestCaseExecutor.doExecute(TestCaseExecutor.java:439)
	at com.kms.katalon.core.main.TestCaseExecutor.processExecutionPhase(TestCaseExecutor.java:418)
	at com.kms.katalon.core.main.TestCaseExecutor.accessMainPhase(TestCaseExecutor.java:410)
	at com.kms.katalon.core.main.TestCaseExecutor.execute(TestCaseExecutor.java:285)
	at com.kms.katalon.core.common.CommonExecutor.accessTestCaseMainPhase(CommonExecutor.java:65)
	at com.kms.katalon.core.main.TestSuiteExecutor.accessTestSuiteMainPhase(TestSuiteExecutor.java:148)
	at com.kms.katalon.core.main.TestSuiteExecutor.execute(TestSuiteExecutor.java:106)
	at com.kms.katalon.core.main.TestCaseMain.startTestSuite(TestCaseMain.java:187)
	at com.kms.katalon.core.main.TestCaseMain$startTestSuite$0.call(Unknown Source)
	at TempTestSuite1696855132405.run(TempTestSuite1696855132405.groovy:36)
Caused by: org.openqa.selenium.ElementNotInteractableException: element not interactable
  (Session info: chrome=117.0.5938.149)
Build info: version: '3.141.59', revision: 'e82be7d358', time: '2018-11-14T08:25:53'
System info: host: 'DESKTOP-3BHH4MD', ip: '192.168.0.108', os.name: 'Windows 10', os.arch: 'amd64', os.version: '10.0', java.version: '1.8.0_362'
Driver info: com.kms.katalon.selenium.driver.CChromeDriver
Capabilities {acceptInsecureCerts: false, browserName: chrome, browserVersion: 117.0.5938.149, chrome: {chromedriverVersion: 116.0.5845.96 (1a3918166880..., userDataDir: C:\Users\TDS\AppData\Local\...}, fedcm:accounts: true, goog:chromeOptions: {debuggerAddress: localhost:64373}, javascriptEnabled: true, networkConnectionEnabled: false, pageLoadStrategy: normal, platform: WINDOWS, platformName: WINDOWS, proxy: Proxy(), setWindowRect: true, strictFileInteractability: false, timeouts: {implicit: 0, pageLoad: 300000, script: 30000}, unhandledPromptBehavior: dismiss and notify, webauthn:extension:credBlob: true, webauthn:extension:largeBlob: true, webauthn:extension:minPinLength: true, webauthn:extension:prf: true, webauthn:virtualAuthenticators: true}
Session ID: 5022c673897c9dadca0afddf4b9fb0e4
	at org.openqa.selenium.remote.http.W3CHttpResponseCodec.createException(W3CHttpResponseCodec.java:187)
	at org.openqa.selenium.remote.http.W3CHttpResponseCodec.decode(W3CHttpResponseCodec.java:122)
	at org.openqa.selenium.remote.http.W3CHttpResponseCodec.decode(W3CHttpResponseCodec.java:49)
	at org.openqa.selenium.remote.HttpCommandExecutor.execute(HttpCommandExecutor.java:158)
	at org.openqa.selenium.remote.service.DriverCommandExecutor.execute(DriverCommandExecutor.java:83)
	at org.openqa.selenium.remote.RemoteWebDriver.execute(RemoteWebDriver.java:552)
	at com.kms.katalon.selenium.driver.CChromeDriver.execute(CChromeDriver.java:19)
	at org.openqa.selenium.remote.RemoteWebElement.execute(RemoteWebElement.java:285)
	at org.openqa.selenium.remote.RemoteWebElement.click(RemoteWebElement.java:84)
	at org.openqa.selenium.support.events.EventFiringWebDriver$EventFiringWebElement.lambda$new$0(EventFiringWebDriver.java:404)
	at com.sun.proxy.$Proxy11.click(Unknown Source)
	at org.openqa.selenium.support.events.EventFiringWebDriver$EventFiringWebElement.click(EventFiringWebDriver.java:417)
	at org.openqa.selenium.WebElement$click.call(Unknown Source)
	at com.kms.katalon.core.webui.keyword.builtin.ClickKeyword.clickUntilSuccessWithTimeout(ClickKeyword.groovy:81)
	at com.kms.katalon.core.webui.keyword.builtin.ClickKeyword.clickUntilSuccessWithTimeout(ClickKeyword.groovy)
	at com.kms.katalon.core.webui.keyword.builtin.ClickKeyword$_click_closure1.doCall(ClickKeyword.groovy:67)
	at com.kms.katalon.core.webui.keyword.builtin.ClickKeyword$_click_closure1.call(ClickKeyword.groovy)
	at com.kms.katalon.core.webui.keyword.internal.WebUIKeywordMain.runKeyword(WebUIKeywordMain.groovy:20)
	at com.kms.katalon.core.webui.keyword.builtin.ClickKeyword.click(ClickKeyword.groovy:74)
	at com.kms.katalon.core.webui.keyword.builtin.ClickKeyword.execute(ClickKeyword.groovy:40)
	at com.kms.katalon.core.keyword.internal.KeywordExecutor.executeKeywordForPlatform(KeywordExecutor.groovy:74)
	at com.kms.katalon.core.webui.keyword.WebUiBuiltInKeywords.click(WebUiBuiltInKeywords.groovy:620)
	at com.kms.katalon.core.webui.keyword.WebUiBuiltInKeywords$click$4.call(Unknown Source)
	at Script1696315061031.run(Script1696315061031.groovy:32)
	... 13 more
)
[[ATTACHMENT|C:\\Users\\TDS\\git\\Landingly\\Reports\\20231009_173852\\Landingly\\20231009_173852\\1696855969241.png]]]]></system-out>
         <system-err><![CDATA[2023-10-09 17:52:34 - [TEST_CASE][FAILED] - Test Cases/Projects/TC023-Verify user can edit template for both pages optin: Test Cases/Projects/TC023-Verify user can edit template for both pages optin FAILED.
Reason:
com.kms.katalon.core.exception.StepFailedException: Unable to click on object 'Object Repository/Projects/TC023-Verify user can edit template for thankyou page/Page_Landingly/a_Projects'
	at com.kms.katalon.core.webui.keyword.internal.WebUIKeywordMain.stepFailed(WebUIKeywordMain.groovy:64)
	at com.kms.katalon.core.webui.keyword.internal.WebUIKeywordMain.runKeyword(WebUIKeywordMain.groovy:26)
	at com.kms.katalon.core.webui.keyword.builtin.ClickKeyword.click(ClickKeyword.groovy:74)
	at com.kms.katalon.core.webui.keyword.builtin.ClickKeyword.execute(ClickKeyword.groovy:40)
	at com.kms.katalon.core.keyword.internal.KeywordExecutor.executeKeywordForPlatform(KeywordExecutor.groovy:74)
	at com.kms.katalon.core.webui.keyword.WebUiBuiltInKeywords.click(WebUiBuiltInKeywords.groovy:620)
	at com.kms.katalon.core.webui.keyword.WebUiBuiltInKeywords$click$4.call(Unknown Source)
	at TC023-Verify user can edit template for both pages optin.run(TC023-Verify user can edit template for both pages optin:32)
	at com.kms.katalon.core.main.ScriptEngine.run(ScriptEngine.java:194)
	at com.kms.katalon.core.main.ScriptEngine.runScriptAsRawText(ScriptEngine.java:119)
	at com.kms.katalon.core.main.TestCaseExecutor.runScript(TestCaseExecutor.java:448)
	at com.kms.katalon.core.main.TestCaseExecutor.doExecute(TestCaseExecutor.java:439)
	at com.kms.katalon.core.main.TestCaseExecutor.processExecutionPhase(TestCaseExecutor.java:418)
	at com.kms.katalon.core.main.TestCaseExecutor.accessMainPhase(TestCaseExecutor.java:410)
	at com.kms.katalon.core.main.TestCaseExecutor.execute(TestCaseExecutor.java:285)
	at com.kms.katalon.core.common.CommonExecutor.accessTestCaseMainPhase(CommonExecutor.java:65)
	at com.kms.katalon.core.main.TestSuiteExecutor.accessTestSuiteMainPhase(TestSuiteExecutor.java:148)
	at com.kms.katalon.core.main.TestSuiteExecutor.execute(TestSuiteExecutor.java:106)
	at com.kms.katalon.core.main.TestCaseMain.startTestSuite(TestCaseMain.java:187)
	at com.kms.katalon.core.main.TestCaseMain$startTestSuite$0.call(Unknown Source)
	at TempTestSuite1696855132405.run(TempTestSuite1696855132405.groovy:36)
Caused by: org.openqa.selenium.ElementNotInteractableException: element not interactable
  (Session info: chrome=117.0.5938.149)
Build info: version: '3.141.59', revision: 'e82be7d358', time: '2018-11-14T08:25:53'
System info: host: 'DESKTOP-3BHH4MD', ip: '192.168.0.108', os.name: 'Windows 10', os.arch: 'amd64', os.version: '10.0', java.version: '1.8.0_362'
Driver info: com.kms.katalon.selenium.driver.CChromeDriver
Capabilities {acceptInsecureCerts: false, browserName: chrome, browserVersion: 117.0.5938.149, chrome: {chromedriverVersion: 116.0.5845.96 (1a3918166880..., userDataDir: C:\Users\TDS\AppData\Local\...}, fedcm:accounts: true, goog:chromeOptions: {debuggerAddress: localhost:64373}, javascriptEnabled: true, networkConnectionEnabled: false, pageLoadStrategy: normal, platform: WINDOWS, platformName: WINDOWS, proxy: Proxy(), setWindowRect: true, strictFileInteractability: false, timeouts: {implicit: 0, pageLoad: 300000, script: 30000}, unhandledPromptBehavior: dismiss and notify, webauthn:extension:credBlob: true, webauthn:extension:largeBlob: true, webauthn:extension:minPinLength: true, webauthn:extension:prf: true, webauthn:virtualAuthenticators: true}
Session ID: 5022c673897c9dadca0afddf4b9fb0e4
	at org.openqa.selenium.remote.http.W3CHttpResponseCodec.createException(W3CHttpResponseCodec.java:187)
	at org.openqa.selenium.remote.http.W3CHttpResponseCodec.decode(W3CHttpResponseCodec.java:122)
	at org.openqa.selenium.remote.http.W3CHttpResponseCodec.decode(W3CHttpResponseCodec.java:49)
	at org.openqa.selenium.remote.HttpCommandExecutor.execute(HttpCommandExecutor.java:158)
	at org.openqa.selenium.remote.service.DriverCommandExecutor.execute(DriverCommandExecutor.java:83)
	at org.openqa.selenium.remote.RemoteWebDriver.execute(RemoteWebDriver.java:552)
	at com.kms.katalon.selenium.driver.CChromeDriver.execute(CChromeDriver.java:19)
	at org.openqa.selenium.remote.RemoteWebElement.execute(RemoteWebElement.java:285)
	at org.openqa.selenium.remote.RemoteWebElement.click(RemoteWebElement.java:84)
	at org.openqa.selenium.support.events.EventFiringWebDriver$EventFiringWebElement.lambda$new$0(EventFiringWebDriver.java:404)
	at com.sun.proxy.$Proxy11.click(Unknown Source)
	at org.openqa.selenium.support.events.EventFiringWebDriver$EventFiringWebElement.click(EventFiringWebDriver.java:417)
	at org.openqa.selenium.WebElement$click.call(Unknown Source)
	at com.kms.katalon.core.webui.keyword.builtin.ClickKeyword.clickUntilSuccessWithTimeout(ClickKeyword.groovy:81)
	at com.kms.katalon.core.webui.keyword.builtin.ClickKeyword.clickUntilSuccessWithTimeout(ClickKeyword.groovy)
	at com.kms.katalon.core.webui.keyword.builtin.ClickKeyword$_click_closure1.doCall(ClickKeyword.groovy:67)
	at com.kms.katalon.core.webui.keyword.builtin.ClickKeyword$_click_closure1.call(ClickKeyword.groovy)
	at com.kms.katalon.core.webui.keyword.internal.WebUIKeywordMain.runKeyword(WebUIKeywordMain.groovy:20)
	... 19 more]]></system-err>
      </testcase>
      <testcase name="Test Cases/Projects/TC024-Verify user can view template for sales or optin page" time="50.414" classname="Test Cases/Projects/TC024-Verify user can view template for sales or optin page" status="PASSED">
         <system-out><![CDATA[2023-10-09 17:52:49 - [TEST_CASE][PASSED] - Test Cases/Projects/TC024-Verify user can view template for sales or optin page: Test Cases/Projects/TC024-Verify user can view template for sales or optin page

2023-10-09 17:52:51 - [TEST_STEP][PASSED] - openBrowser(""): Browser is opened with url: ''

2023-10-09 17:52:51 - [MESSAGE][WARNING] - A browser is already opened. Closing browser and opening a new one

2023-10-09 17:52:52 - [MESSAGE][INFO] - Starting 'Chrome' driver

2023-10-09 17:52:52 - [MESSAGE][INFO] - Action delay is set to 0 milliseconds

2023-10-09 17:52:54 - [MESSAGE][PASSED] - Browser is opened with url: ''

2023-10-09 17:52:54 - [TEST_STEP][PASSED] - maximizeWindow(): Current window maximized

2023-10-09 17:52:54 - [MESSAGE][PASSED] - Current window maximized

2023-10-09 17:52:54 - [TEST_STEP][PASSED] - navigateToUrl("https://app.landingly.com/"): Navigate to 'https://app.landingly.com/' successfully

2023-10-09 17:53:15 - [MESSAGE][PASSED] - Navigate to 'https://app.landingly.com/' successfully

2023-10-09 17:53:15 - [TEST_STEP][PASSED] - setText(findTestObject("Object Repository/Projects/TC024-Verify user can view template for sales or optin page/Page_Landingly  Login/input_Email_login-email"), "sqaahmadtahir@gmail.com"): Text 'sqaahmadtahir@gmail.com' is set on object 'Object Repository/Projects/TC024-Verify user can view template for sales or optin page/Page_Landingly  Login/input_Email_login-email'

2023-10-09 17:53:16 - [MESSAGE][PASSED] - Text 'sqaahmadtahir@gmail.com' is set on object 'Object Repository/Projects/TC024-Verify user can view template for sales or optin page/Page_Landingly  Login/input_Email_login-email'

2023-10-09 17:53:16 - [TEST_STEP][PASSED] - setEncryptedText(findTestObject("Object Repository/Projects/TC024-Verify user can view template for sales or optin page/Page_Landingly  Login/input_Forgot Password_login-password"), "/5S6MFFLcE5DAenbZpYNsQ=="): Text ****** has been set on object 'Object Repository/Projects/TC024-Verify user can view template for sales or optin page/Page_Landingly  Login/input_Forgot Password_login-password'

2023-10-09 17:53:17 - [MESSAGE][PASSED] - Text ****** has been set on object 'Object Repository/Projects/TC024-Verify user can view template for sales or optin page/Page_Landingly  Login/input_Forgot Password_login-password'

2023-10-09 17:53:17 - [TEST_STEP][PASSED] - click(findTestObject("Object Repository/Projects/TC024-Verify user can view template for sales or optin page/Page_Landingly  Login/button_Sign in")): Object: 'Object Repository/Projects/TC024-Verify user can view template for sales or optin page/Page_Landingly  Login/button_Sign in' is clicked on

2023-10-09 17:53:18 - [MESSAGE][PASSED] - Object: 'Object Repository/Projects/TC024-Verify user can view template for sales or optin page/Page_Landingly  Login/button_Sign in' is clicked on

2023-10-09 17:53:18 - [TEST_STEP][PASSED] - click(findTestObject("Object Repository/Projects/TC024-Verify user can view template for sales or optin page/Page_Landingly/a_Projects")): Object: 'Object Repository/Projects/TC024-Verify user can view template for sales or optin page/Page_Landingly/a_Projects' is clicked on

2023-10-09 17:53:20 - [MESSAGE][PASSED] - Object: 'Object Repository/Projects/TC024-Verify user can view template for sales or optin page/Page_Landingly/a_Projects' is clicked on

2023-10-09 17:53:20 - [TEST_STEP][PASSED] - click(findTestObject("Object Repository/Projects/TC024-Verify user can view template for sales or optin page/Page_Landingly  Projects/a_View Project")): Object: 'Object Repository/Projects/TC024-Verify user can view template for sales or optin page/Page_Landingly  Projects/a_View Project' is clicked on

2023-10-09 17:53:25 - [MESSAGE][PASSED] - Object: 'Object Repository/Projects/TC024-Verify user can view template for sales or optin page/Page_Landingly  Projects/a_View Project' is clicked on

2023-10-09 17:53:25 - [TEST_STEP][PASSED] - switchToWindowTitle("Landingly | Project Detail"): Switched to window with title: 'Landingly | Project Detail'

2023-10-09 17:53:26 - [MESSAGE][PASSED] - Switched to window with title: 'Landingly | Project Detail'

2023-10-09 17:53:26 - [TEST_STEP][PASSED] - click(findTestObject("Object Repository/Projects/TC024-Verify user can view template for sales or optin page/Page_Landingly  Project Detail/a_Contacts_btn btn-icon btn-flat-warning")): Object: 'Object Repository/Projects/TC024-Verify user can view template for sales or optin page/Page_Landingly  Project Detail/a_Contacts_btn btn-icon btn-flat-warning' is clicked on

2023-10-09 17:53:28 - [MESSAGE][PASSED] - Object: 'Object Repository/Projects/TC024-Verify user can view template for sales or optin page/Page_Landingly  Project Detail/a_Contacts_btn btn-icon btn-flat-warning' is clicked on

2023-10-09 17:53:28 - [TEST_STEP][PASSED] - switchToWindowIndex(1): Switched to window with index: '1'

2023-10-09 17:53:28 - [MESSAGE][PASSED] - Switched to window with index: '1'

2023-10-09 17:53:28 - [TEST_STEP][PASSED] - delay(10): Delayed 10 second(s)

2023-10-09 17:53:38 - [MESSAGE][PASSED] - Delayed 10 second(s)

2023-10-09 17:53:38 - [TEST_STEP][PASSED] - closeBrowser(): Browser is closed

2023-10-09 17:53:39 - [MESSAGE][PASSED] - Browser is closed]]></system-out>
         <system-err><![CDATA[]]></system-err>
      </testcase>
      <testcase name="Test Cases/Projects/TC025-Verify user can view template for thankyou page" time="35.555" classname="Test Cases/Projects/TC025-Verify user can view template for thankyou page" status="PASSED">
         <system-out><![CDATA[2023-10-09 17:53:39 - [TEST_CASE][PASSED] - Test Cases/Projects/TC025-Verify user can view template for thankyou page: Test Cases/Projects/TC025-Verify user can view template for thankyou page

2023-10-09 17:53:40 - [TEST_STEP][PASSED] - openBrowser(""): Browser is opened with url: ''

2023-10-09 17:53:40 - [MESSAGE][INFO] - Starting 'Chrome' driver

2023-10-09 17:53:40 - [MESSAGE][INFO] - Action delay is set to 0 milliseconds

2023-10-09 17:53:43 - [MESSAGE][PASSED] - Browser is opened with url: ''

2023-10-09 17:53:43 - [TEST_STEP][PASSED] - maximizeWindow(): Current window maximized

2023-10-09 17:53:44 - [MESSAGE][PASSED] - Current window maximized

2023-10-09 17:53:44 - [TEST_STEP][PASSED] - navigateToUrl("https://app.landingly.com/"): Navigate to 'https://app.landingly.com/' successfully

2023-10-09 17:53:50 - [MESSAGE][PASSED] - Navigate to 'https://app.landingly.com/' successfully

2023-10-09 17:53:50 - [TEST_STEP][PASSED] - setText(findTestObject("Object Repository/Projects/TC025-Verify user can view template for thankyou page/Page_Landingly  Login/input_Email_login-email"), "sqaahmadtahir@gmail.com"): Text 'sqaahmadtahir@gmail.com' is set on object 'Object Repository/Projects/TC025-Verify user can view template for thankyou page/Page_Landingly  Login/input_Email_login-email'

2023-10-09 17:53:51 - [MESSAGE][PASSED] - Text 'sqaahmadtahir@gmail.com' is set on object 'Object Repository/Projects/TC025-Verify user can view template for thankyou page/Page_Landingly  Login/input_Email_login-email'

2023-10-09 17:53:51 - [TEST_STEP][PASSED] - setEncryptedText(findTestObject("Object Repository/Projects/TC025-Verify user can view template for thankyou page/Page_Landingly  Login/input_Forgot Password_login-password"), "/5S6MFFLcE5DAenbZpYNsQ=="): Text ****** has been set on object 'Object Repository/Projects/TC025-Verify user can view template for thankyou page/Page_Landingly  Login/input_Forgot Password_login-password'

2023-10-09 17:53:52 - [MESSAGE][PASSED] - Text ****** has been set on object 'Object Repository/Projects/TC025-Verify user can view template for thankyou page/Page_Landingly  Login/input_Forgot Password_login-password'

2023-10-09 17:53:52 - [TEST_STEP][PASSED] - click(findTestObject("Object Repository/Projects/TC025-Verify user can view template for thankyou page/Page_Landingly  Login/button_Sign in")): Object: 'Object Repository/Projects/TC025-Verify user can view template for thankyou page/Page_Landingly  Login/button_Sign in' is clicked on

2023-10-09 17:53:52 - [MESSAGE][PASSED] - Object: 'Object Repository/Projects/TC025-Verify user can view template for thankyou page/Page_Landingly  Login/button_Sign in' is clicked on

2023-10-09 17:53:52 - [TEST_STEP][PASSED] - click(findTestObject("Object Repository/Projects/TC025-Verify user can view template for thankyou page/Page_Landingly/a_Projects")): Object: 'Object Repository/Projects/TC025-Verify user can view template for thankyou page/Page_Landingly/a_Projects' is clicked on

2023-10-09 17:53:54 - [MESSAGE][PASSED] - Object: 'Object Repository/Projects/TC025-Verify user can view template for thankyou page/Page_Landingly/a_Projects' is clicked on

2023-10-09 17:53:54 - [TEST_STEP][PASSED] - click(findTestObject("Object Repository/Projects/TC025-Verify user can view template for thankyou page/Page_Landingly  Projects/a_View Project")): Object: 'Object Repository/Projects/TC025-Verify user can view template for thankyou page/Page_Landingly  Projects/a_View Project' is clicked on

2023-10-09 17:54:00 - [MESSAGE][PASSED] - Object: 'Object Repository/Projects/TC025-Verify user can view template for thankyou page/Page_Landingly  Projects/a_View Project' is clicked on

2023-10-09 17:54:00 - [TEST_STEP][PASSED] - switchToWindowTitle("Landingly | Project Detail"): Switched to window with title: 'Landingly | Project Detail'

2023-10-09 17:54:01 - [MESSAGE][PASSED] - Switched to window with title: 'Landingly | Project Detail'

2023-10-09 17:54:01 - [TEST_STEP][PASSED] - click(findTestObject("Object Repository/Projects/TC025-Verify user can view template for thankyou page/Page_Landingly  Project Detail/a_Contacts_btn btn-icon btn-flat-warning")): Object: 'Object Repository/Projects/TC025-Verify user can view template for thankyou page/Page_Landingly  Project Detail/a_Contacts_btn btn-icon btn-flat-warning' is clicked on

2023-10-09 17:54:03 - [MESSAGE][PASSED] - Object: 'Object Repository/Projects/TC025-Verify user can view template for thankyou page/Page_Landingly  Project Detail/a_Contacts_btn btn-icon btn-flat-warning' is clicked on

2023-10-09 17:54:03 - [TEST_STEP][PASSED] - switchToWindowIndex(1): Switched to window with index: '1'

2023-10-09 17:54:03 - [MESSAGE][PASSED] - Switched to window with index: '1'

2023-10-09 17:54:03 - [TEST_STEP][PASSED] - titleWindow = getWindowTitle(): Current window's title is: 'Template View'

2023-10-09 17:54:14 - [MESSAGE][PASSED] - Current window's title is: 'Template View'

2023-10-09 17:54:14 - [TEST_STEP][PASSED] - verifyMatch(titleWindow, "Template View", true): Actual text 'Template View' and expected text 'Template View' are matched  using regular expression

2023-10-09 17:54:14 - [MESSAGE][PASSED] - Actual text 'Template View' and expected text 'Template View' are matched  using regular expression

2023-10-09 17:54:14 - [TEST_STEP][PASSED] - closeBrowser(): Browser is closed

2023-10-09 17:54:15 - [MESSAGE][PASSED] - Browser is closed]]></system-out>
         <system-err><![CDATA[]]></system-err>
      </testcase>
      <testcase name="Test Cases/Projects/TC026-Verify user can download HTML for sales-optin page" time="46.934" classname="Test Cases/Projects/TC026-Verify user can download HTML for sales-optin page" status="PASSED">
         <system-out><![CDATA[2023-10-09 17:54:15 - [TEST_CASE][PASSED] - Test Cases/Projects/TC026-Verify user can download HTML for sales-optin page: Test Cases/Projects/TC026-Verify user can download HTML for sales-optin page

2023-10-09 17:54:16 - [TEST_STEP][PASSED] - openBrowser(""): Browser is opened with url: ''

2023-10-09 17:54:16 - [MESSAGE][INFO] - Starting 'Chrome' driver

2023-10-09 17:54:16 - [MESSAGE][INFO] - Action delay is set to 0 milliseconds

2023-10-09 17:54:19 - [MESSAGE][PASSED] - Browser is opened with url: ''

2023-10-09 17:54:19 - [TEST_STEP][PASSED] - maximizeWindow(): Current window maximized

2023-10-09 17:54:19 - [MESSAGE][PASSED] - Current window maximized

2023-10-09 17:54:20 - [TEST_STEP][PASSED] - navigateToUrl("https://app.landingly.com/"): Navigate to 'https://app.landingly.com/' successfully

2023-10-09 17:54:29 - [MESSAGE][PASSED] - Navigate to 'https://app.landingly.com/' successfully

2023-10-09 17:54:29 - [TEST_STEP][PASSED] - setText(findTestObject("Object Repository/Projects/TC026-Verify user can download HTML for sale-optin page/Page_Landingly  Login/input_Email_login-email"), "sqaahmadtahir@gmail.com"): Text 'sqaahmadtahir@gmail.com' is set on object 'Object Repository/Projects/TC026-Verify user can download HTML for sale-optin page/Page_Landingly  Login/input_Email_login-email'

2023-10-09 17:54:31 - [MESSAGE][PASSED] - Text 'sqaahmadtahir@gmail.com' is set on object 'Object Repository/Projects/TC026-Verify user can download HTML for sale-optin page/Page_Landingly  Login/input_Email_login-email'

2023-10-09 17:54:31 - [TEST_STEP][PASSED] - setEncryptedText(findTestObject("Object Repository/Projects/TC026-Verify user can download HTML for sale-optin page/Page_Landingly  Login/input_Forgot Password_login-password"), "/5S6MFFLcE5DAenbZpYNsQ=="): Text ****** has been set on object 'Object Repository/Projects/TC026-Verify user can download HTML for sale-optin page/Page_Landingly  Login/input_Forgot Password_login-password'

2023-10-09 17:54:31 - [MESSAGE][PASSED] - Text ****** has been set on object 'Object Repository/Projects/TC026-Verify user can download HTML for sale-optin page/Page_Landingly  Login/input_Forgot Password_login-password'

2023-10-09 17:54:31 - [TEST_STEP][PASSED] - click(findTestObject("Object Repository/Projects/TC026-Verify user can download HTML for sale-optin page/Page_Landingly  Login/button_Sign in")): Object: 'Object Repository/Projects/TC026-Verify user can download HTML for sale-optin page/Page_Landingly  Login/button_Sign in' is clicked on

2023-10-09 17:54:32 - [MESSAGE][PASSED] - Object: 'Object Repository/Projects/TC026-Verify user can download HTML for sale-optin page/Page_Landingly  Login/button_Sign in' is clicked on

2023-10-09 17:54:32 - [TEST_STEP][PASSED] - click(findTestObject("Object Repository/Projects/TC026-Verify user can download HTML for sale-optin page/Page_Landingly/a_Projects")): Object: 'Object Repository/Projects/TC026-Verify user can download HTML for sale-optin page/Page_Landingly/a_Projects' is clicked on

2023-10-09 17:54:35 - [MESSAGE][PASSED] - Object: 'Object Repository/Projects/TC026-Verify user can download HTML for sale-optin page/Page_Landingly/a_Projects' is clicked on

2023-10-09 17:54:35 - [TEST_STEP][PASSED] - click(findTestObject("Object Repository/Projects/TC026-Verify user can download HTML for sale-optin page/Page_Landingly  Projects/a_View Project")): Object: 'Object Repository/Projects/TC026-Verify user can download HTML for sale-optin page/Page_Landingly  Projects/a_View Project' is clicked on

2023-10-09 17:54:39 - [MESSAGE][PASSED] - Object: 'Object Repository/Projects/TC026-Verify user can download HTML for sale-optin page/Page_Landingly  Projects/a_View Project' is clicked on

2023-10-09 17:54:39 - [TEST_STEP][PASSED] - delay(10): Delayed 10 second(s)

2023-10-09 17:54:49 - [MESSAGE][PASSED] - Delayed 10 second(s)

2023-10-09 17:54:49 - [TEST_STEP][PASSED] - address = getText(findTestObject("Projects/TC026-Verify user can download HTML for sale-optin page/Page_Landingly  Project Detail/span_new optin project")): Text of object 'Object Repository/Projects/TC026-Verify user can download HTML for sale-optin page/Page_Landingly  Project Detail/span_new optin project' is: 'new optin project'

2023-10-09 17:54:50 - [MESSAGE][PASSED] - Text of object 'Object Repository/Projects/TC026-Verify user can download HTML for sale-optin page/Page_Landingly  Project Detail/span_new optin project' is: 'new optin project'

2023-10-09 17:54:50 - [TEST_STEP][PASSED] - click(findTestObject("Object Repository/Projects/TC026-Verify user can download HTML for sale-optin page/Page_Landingly  Project Detail/button_Contacts_btn btn-icon btn-flat-info")): Object: 'Object Repository/Projects/TC026-Verify user can download HTML for sale-optin page/Page_Landingly  Project Detail/button_Contacts_btn btn-icon btn-flat-info' is clicked on

2023-10-09 17:54:51 - [MESSAGE][PASSED] - Object: 'Object Repository/Projects/TC026-Verify user can download HTML for sale-optin page/Page_Landingly  Project Detail/button_Contacts_btn btn-icon btn-flat-info' is clicked on

2023-10-09 17:54:51 - [TEST_STEP][PASSED] - delay(10): Delayed 10 second(s)

2023-10-09 17:55:01 - [MESSAGE][PASSED] - Delayed 10 second(s)

2023-10-09 17:55:01 - [TEST_STEP][PASSED] - cusKeyword.isFileDownloaded.isFileDownloaded(address): cusKeyword.isFileDownloaded.isFileDownloaded is PASSED

2023-10-09 17:55:01 - [MESSAGE][PASSED] - cusKeyword.isFileDownloaded.isFileDownloaded is PASSED

2023-10-09 17:55:01 - [TEST_STEP][PASSED] - closeBrowser(): Browser is closed

2023-10-09 17:55:02 - [MESSAGE][PASSED] - Browser is closed]]></system-out>
         <system-err><![CDATA[]]></system-err>
      </testcase>
      <testcase name="Test Cases/Projects/TC027-Verify user can download HTML for thankyou page" time="42.021" classname="Test Cases/Projects/TC027-Verify user can download HTML for thankyou page" status="PASSED">
         <system-out><![CDATA[2023-10-09 17:55:02 - [TEST_CASE][PASSED] - Test Cases/Projects/TC027-Verify user can download HTML for thankyou page: Test Cases/Projects/TC027-Verify user can download HTML for thankyou page

2023-10-09 17:55:03 - [TEST_STEP][PASSED] - openBrowser(""): Browser is opened with url: ''

2023-10-09 17:55:03 - [MESSAGE][INFO] - Starting 'Chrome' driver

2023-10-09 17:55:03 - [MESSAGE][INFO] - Action delay is set to 0 milliseconds

2023-10-09 17:55:06 - [MESSAGE][PASSED] - Browser is opened with url: ''

2023-10-09 17:55:06 - [TEST_STEP][PASSED] - maximizeWindow(): Current window maximized

2023-10-09 17:55:06 - [MESSAGE][PASSED] - Current window maximized

2023-10-09 17:55:06 - [TEST_STEP][PASSED] - navigateToUrl("https://app.landingly.com/"): Navigate to 'https://app.landingly.com/' successfully

2023-10-09 17:55:12 - [MESSAGE][PASSED] - Navigate to 'https://app.landingly.com/' successfully

2023-10-09 17:55:12 - [TEST_STEP][PASSED] - setText(findTestObject("Projects/TC027-Verify user can download HTML for thankyou page/Page_Landingly  Login/input_Email_login-email"), "sqaahmadtahir@gmail.com"): Text 'sqaahmadtahir@gmail.com' is set on object 'Object Repository/Projects/TC027-Verify user can download HTML for thankyou page/Page_Landingly  Login/input_Email_login-email'

2023-10-09 17:55:13 - [MESSAGE][PASSED] - Text 'sqaahmadtahir@gmail.com' is set on object 'Object Repository/Projects/TC027-Verify user can download HTML for thankyou page/Page_Landingly  Login/input_Email_login-email'

2023-10-09 17:55:13 - [TEST_STEP][PASSED] - setEncryptedText(findTestObject("Projects/TC027-Verify user can download HTML for thankyou page/Page_Landingly  Login/input_Forgot Password_login-password"), "/5S6MFFLcE5DAenbZpYNsQ=="): Text ****** has been set on object 'Object Repository/Projects/TC027-Verify user can download HTML for thankyou page/Page_Landingly  Login/input_Forgot Password_login-password'

2023-10-09 17:55:14 - [MESSAGE][PASSED] - Text ****** has been set on object 'Object Repository/Projects/TC027-Verify user can download HTML for thankyou page/Page_Landingly  Login/input_Forgot Password_login-password'

2023-10-09 17:55:14 - [TEST_STEP][PASSED] - click(findTestObject("Projects/TC027-Verify user can download HTML for thankyou page/Page_Landingly  Login/button_Sign in")): Object: 'Object Repository/Projects/TC027-Verify user can download HTML for thankyou page/Page_Landingly  Login/button_Sign in' is clicked on

2023-10-09 17:55:14 - [MESSAGE][PASSED] - Object: 'Object Repository/Projects/TC027-Verify user can download HTML for thankyou page/Page_Landingly  Login/button_Sign in' is clicked on

2023-10-09 17:55:14 - [TEST_STEP][PASSED] - click(findTestObject("Projects/TC027-Verify user can download HTML for thankyou page/Page_Landingly/a_Projects")): Object: 'Object Repository/Projects/TC027-Verify user can download HTML for thankyou page/Page_Landingly/a_Projects' is clicked on

2023-10-09 17:55:17 - [MESSAGE][PASSED] - Object: 'Object Repository/Projects/TC027-Verify user can download HTML for thankyou page/Page_Landingly/a_Projects' is clicked on

2023-10-09 17:55:17 - [TEST_STEP][PASSED] - click(findTestObject("Projects/TC027-Verify user can download HTML for thankyou page/Page_Landingly  Projects/a_View Project")): Object: 'Object Repository/Projects/TC027-Verify user can download HTML for thankyou page/Page_Landingly  Projects/a_View Project' is clicked on

2023-10-09 17:55:22 - [MESSAGE][PASSED] - Object: 'Object Repository/Projects/TC027-Verify user can download HTML for thankyou page/Page_Landingly  Projects/a_View Project' is clicked on

2023-10-09 17:55:22 - [TEST_STEP][PASSED] - delay(10): Delayed 10 second(s)

2023-10-09 17:55:32 - [MESSAGE][PASSED] - Delayed 10 second(s)

2023-10-09 17:55:32 - [TEST_STEP][PASSED] - address = getText(findTestObject("Projects/TC027-Verify user can download HTML for thankyou page/Page_Landingly  Project Detail/span_new optin project")): Text of object 'Object Repository/Projects/TC027-Verify user can download HTML for thankyou page/Page_Landingly  Project Detail/span_new optin project' is: 'new optin project'

2023-10-09 17:55:32 - [MESSAGE][PASSED] - Text of object 'Object Repository/Projects/TC027-Verify user can download HTML for thankyou page/Page_Landingly  Project Detail/span_new optin project' is: 'new optin project'

2023-10-09 17:55:32 - [TEST_STEP][PASSED] - click(findTestObject("Projects/TC027-Verify user can download HTML for thankyou page/Page_Landingly  Project Detail/button_Contacts_btn btn-icon btn-flat-info")): Object: 'Object Repository/Projects/TC027-Verify user can download HTML for thankyou page/Page_Landingly  Project Detail/button_Contacts_btn btn-icon btn-flat-info' is clicked on

2023-10-09 17:55:33 - [MESSAGE][PASSED] - Object: 'Object Repository/Projects/TC027-Verify user can download HTML for thankyou page/Page_Landingly  Project Detail/button_Contacts_btn btn-icon btn-flat-info' is clicked on

2023-10-09 17:55:33 - [TEST_STEP][PASSED] - delay(10): Delayed 10 second(s)

2023-10-09 17:55:43 - [MESSAGE][PASSED] - Delayed 10 second(s)

2023-10-09 17:55:43 - [TEST_STEP][PASSED] - cusKeyword.isFileDownloaded.isFileDownloaded(address): cusKeyword.isFileDownloaded.isFileDownloaded is PASSED

2023-10-09 17:55:43 - [MESSAGE][PASSED] - cusKeyword.isFileDownloaded.isFileDownloaded is PASSED

2023-10-09 17:55:43 - [TEST_STEP][PASSED] - closeBrowser(): Browser is closed

2023-10-09 17:55:44 - [MESSAGE][PASSED] - Browser is closed]]></system-out>
         <system-err><![CDATA[]]></system-err>
      </testcase>
      <testcase name="Test Cases/Projects/TC028-Verify user can reset template for sales-optin page" time="24.342" classname="Test Cases/Projects/TC028-Verify user can reset template for sales-optin page" status="FAILED">
         <failure type="FAILED" message="Test Cases/Projects/TC028-Verify user can reset template for sales-optin page FAILED.
Reason:
com.kms.katalon.core.exception.StepFailedException: Unable to click on object 'Object Repository/Projects/TC028-Verify user can reset template for sales-optin page/Page_Landingly  Project Detail/button_Reset'
	at com.kms.katalon.core.webui.keyword.internal.WebUIKeywordMain.stepFailed(WebUIKeywordMain.groovy:64)
	at com.kms.katalon.core.webui.keyword.internal.WebUIKeywordMain.runKeyword(WebUIKeywordMain.groovy:26)
	at com.kms.katalon.core.webui.keyword.builtin.ClickKeyword.click(ClickKeyword.groovy:74)
	at com.kms.katalon.core.webui.keyword.builtin.ClickKeyword.execute(ClickKeyword.groovy:40)
	at com.kms.katalon.core.keyword.internal.KeywordExecutor.executeKeywordForPlatform(KeywordExecutor.groovy:74)
	at com.kms.katalon.core.webui.keyword.WebUiBuiltInKeywords.click(WebUiBuiltInKeywords.groovy:620)
	at com.kms.katalon.core.webui.keyword.WebUiBuiltInKeywords$click$4.call(Unknown Source)
	at TC028-Verify user can reset template for sales-optin page.run(TC028-Verify user can reset template for sales-optin page:40)
	at com.kms.katalon.core.main.ScriptEngine.run(ScriptEngine.java:194)
	at com.kms.katalon.core.main.ScriptEngine.runScriptAsRawText(ScriptEngine.java:119)
	at com.kms.katalon.core.main.TestCaseExecutor.runScript(TestCaseExecutor.java:448)
	at com.kms.katalon.core.main.TestCaseExecutor.doExecute(TestCaseExecutor.java:439)
	at com.kms.katalon.core.main.TestCaseExecutor.processExecutionPhase(TestCaseExecutor.java:418)
	at com.kms.katalon.core.main.TestCaseExecutor.accessMainPhase(TestCaseExecutor.java:410)
	at com.kms.katalon.core.main.TestCaseExecutor.execute(TestCaseExecutor.java:285)
	at com.kms.katalon.core.common.CommonExecutor.accessTestCaseMainPhase(CommonExecutor.java:65)
	at com.kms.katalon.core.main.TestSuiteExecutor.accessTestSuiteMainPhase(TestSuiteExecutor.java:148)
	at com.kms.katalon.core.main.TestSuiteExecutor.execute(TestSuiteExecutor.java:106)
	at com.kms.katalon.core.main.TestCaseMain.startTestSuite(TestCaseMain.java:187)
	at com.kms.katalon.core.main.TestCaseMain$startTestSuite$0.call(Unknown Source)
	at TempTestSuite1696855132405.run(TempTestSuite1696855132405.groovy:36)
Caused by: org.openqa.selenium.ElementNotInteractableException: element not interactable
  (Session info: chrome=117.0.5938.149)
Build info: version: '3.141.59', revision: 'e82be7d358', time: '2018-11-14T08:25:53'
System info: host: 'DESKTOP-3BHH4MD', ip: '192.168.0.108', os.name: 'Windows 10', os.arch: 'amd64', os.version: '10.0', java.version: '1.8.0_362'
Driver info: com.kms.katalon.selenium.driver.CChromeDriver
Capabilities {acceptInsecureCerts: false, browserName: chrome, browserVersion: 117.0.5938.149, chrome: {chromedriverVersion: 116.0.5845.96 (1a3918166880..., userDataDir: C:\Users\TDS\AppData\Local\...}, fedcm:accounts: true, goog:chromeOptions: {debuggerAddress: localhost:64977}, javascriptEnabled: true, networkConnectionEnabled: false, pageLoadStrategy: normal, platform: WINDOWS, platformName: WINDOWS, proxy: Proxy(), setWindowRect: true, strictFileInteractability: false, timeouts: {implicit: 0, pageLoad: 300000, script: 30000}, unhandledPromptBehavior: dismiss and notify, webauthn:extension:credBlob: true, webauthn:extension:largeBlob: true, webauthn:extension:minPinLength: true, webauthn:extension:prf: true, webauthn:virtualAuthenticators: true}
Session ID: b813a6862c0402efcf4a4d01acc4c0f5
	at org.openqa.selenium.remote.http.W3CHttpResponseCodec.createException(W3CHttpResponseCodec.java:187)
	at org.openqa.selenium.remote.http.W3CHttpResponseCodec.decode(W3CHttpResponseCodec.java:122)
	at org.openqa.selenium.remote.http.W3CHttpResponseCodec.decode(W3CHttpResponseCodec.java:49)
	at org.openqa.selenium.remote.HttpCommandExecutor.execute(HttpCommandExecutor.java:158)
	at org.openqa.selenium.remote.service.DriverCommandExecutor.execute(DriverCommandExecutor.java:83)
	at org.openqa.selenium.remote.RemoteWebDriver.execute(RemoteWebDriver.java:552)
	at com.kms.katalon.selenium.driver.CChromeDriver.execute(CChromeDriver.java:19)
	at org.openqa.selenium.remote.RemoteWebElement.execute(RemoteWebElement.java:285)
	at org.openqa.selenium.remote.RemoteWebElement.click(RemoteWebElement.java:84)
	at org.openqa.selenium.support.events.EventFiringWebDriver$EventFiringWebElement.lambda$new$0(EventFiringWebDriver.java:404)
	at com.sun.proxy.$Proxy11.click(Unknown Source)
	at org.openqa.selenium.support.events.EventFiringWebDriver$EventFiringWebElement.click(EventFiringWebDriver.java:417)
	at org.openqa.selenium.WebElement$click.call(Unknown Source)
	at com.kms.katalon.core.webui.keyword.builtin.ClickKeyword.clickUntilSuccessWithTimeout(ClickKeyword.groovy:81)
	at com.kms.katalon.core.webui.keyword.builtin.ClickKeyword.clickUntilSuccessWithTimeout(ClickKeyword.groovy)
	at com.kms.katalon.core.webui.keyword.builtin.ClickKeyword$_click_closure1.doCall(ClickKeyword.groovy:67)
	at com.kms.katalon.core.webui.keyword.builtin.ClickKeyword$_click_closure1.call(ClickKeyword.groovy)
	at com.kms.katalon.core.webui.keyword.internal.WebUIKeywordMain.runKeyword(WebUIKeywordMain.groovy:20)
	... 19 more
"/>
         <system-out><![CDATA[2023-10-09 17:55:44 - [TEST_CASE][FAILED] - Test Cases/Projects/TC028-Verify user can reset template for sales-optin page: Test Cases/Projects/TC028-Verify user can reset template for sales-optin page FAILED.
Reason:
com.kms.katalon.core.exception.StepFailedException: Unable to click on object 'Object Repository/Projects/TC028-Verify user can reset template for sales-optin page/Page_Landingly  Project Detail/button_Reset'
	at com.kms.katalon.core.webui.keyword.internal.WebUIKeywordMain.stepFailed(WebUIKeywordMain.groovy:64)
	at com.kms.katalon.core.webui.keyword.internal.WebUIKeywordMain.runKeyword(WebUIKeywordMain.groovy:26)
	at com.kms.katalon.core.webui.keyword.builtin.ClickKeyword.click(ClickKeyword.groovy:74)
	at com.kms.katalon.core.webui.keyword.builtin.ClickKeyword.execute(ClickKeyword.groovy:40)
	at com.kms.katalon.core.keyword.internal.KeywordExecutor.executeKeywordForPlatform(KeywordExecutor.groovy:74)
	at com.kms.katalon.core.webui.keyword.WebUiBuiltInKeywords.click(WebUiBuiltInKeywords.groovy:620)
	at com.kms.katalon.core.webui.keyword.WebUiBuiltInKeywords$click$4.call(Unknown Source)
	at TC028-Verify user can reset template for sales-optin page.run(TC028-Verify user can reset template for sales-optin page:40)
	at com.kms.katalon.core.main.ScriptEngine.run(ScriptEngine.java:194)
	at com.kms.katalon.core.main.ScriptEngine.runScriptAsRawText(ScriptEngine.java:119)
	at com.kms.katalon.core.main.TestCaseExecutor.runScript(TestCaseExecutor.java:448)
	at com.kms.katalon.core.main.TestCaseExecutor.doExecute(TestCaseExecutor.java:439)
	at com.kms.katalon.core.main.TestCaseExecutor.processExecutionPhase(TestCaseExecutor.java:418)
	at com.kms.katalon.core.main.TestCaseExecutor.accessMainPhase(TestCaseExecutor.java:410)
	at com.kms.katalon.core.main.TestCaseExecutor.execute(TestCaseExecutor.java:285)
	at com.kms.katalon.core.common.CommonExecutor.accessTestCaseMainPhase(CommonExecutor.java:65)
	at com.kms.katalon.core.main.TestSuiteExecutor.accessTestSuiteMainPhase(TestSuiteExecutor.java:148)
	at com.kms.katalon.core.main.TestSuiteExecutor.execute(TestSuiteExecutor.java:106)
	at com.kms.katalon.core.main.TestCaseMain.startTestSuite(TestCaseMain.java:187)
	at com.kms.katalon.core.main.TestCaseMain$startTestSuite$0.call(Unknown Source)
	at TempTestSuite1696855132405.run(TempTestSuite1696855132405.groovy:36)
Caused by: org.openqa.selenium.ElementNotInteractableException: element not interactable
  (Session info: chrome=117.0.5938.149)
Build info: version: '3.141.59', revision: 'e82be7d358', time: '2018-11-14T08:25:53'
System info: host: 'DESKTOP-3BHH4MD', ip: '192.168.0.108', os.name: 'Windows 10', os.arch: 'amd64', os.version: '10.0', java.version: '1.8.0_362'
Driver info: com.kms.katalon.selenium.driver.CChromeDriver
Capabilities {acceptInsecureCerts: false, browserName: chrome, browserVersion: 117.0.5938.149, chrome: {chromedriverVersion: 116.0.5845.96 (1a3918166880..., userDataDir: C:\Users\TDS\AppData\Local\...}, fedcm:accounts: true, goog:chromeOptions: {debuggerAddress: localhost:64977}, javascriptEnabled: true, networkConnectionEnabled: false, pageLoadStrategy: normal, platform: WINDOWS, platformName: WINDOWS, proxy: Proxy(), setWindowRect: true, strictFileInteractability: false, timeouts: {implicit: 0, pageLoad: 300000, script: 30000}, unhandledPromptBehavior: dismiss and notify, webauthn:extension:credBlob: true, webauthn:extension:largeBlob: true, webauthn:extension:minPinLength: true, webauthn:extension:prf: true, webauthn:virtualAuthenticators: true}
Session ID: b813a6862c0402efcf4a4d01acc4c0f5
	at org.openqa.selenium.remote.http.W3CHttpResponseCodec.createException(W3CHttpResponseCodec.java:187)
	at org.openqa.selenium.remote.http.W3CHttpResponseCodec.decode(W3CHttpResponseCodec.java:122)
	at org.openqa.selenium.remote.http.W3CHttpResponseCodec.decode(W3CHttpResponseCodec.java:49)
	at org.openqa.selenium.remote.HttpCommandExecutor.execute(HttpCommandExecutor.java:158)
	at org.openqa.selenium.remote.service.DriverCommandExecutor.execute(DriverCommandExecutor.java:83)
	at org.openqa.selenium.remote.RemoteWebDriver.execute(RemoteWebDriver.java:552)
	at com.kms.katalon.selenium.driver.CChromeDriver.execute(CChromeDriver.java:19)
	at org.openqa.selenium.remote.RemoteWebElement.execute(RemoteWebElement.java:285)
	at org.openqa.selenium.remote.RemoteWebElement.click(RemoteWebElement.java:84)
	at org.openqa.selenium.support.events.EventFiringWebDriver$EventFiringWebElement.lambda$new$0(EventFiringWebDriver.java:404)
	at com.sun.proxy.$Proxy11.click(Unknown Source)
	at org.openqa.selenium.support.events.EventFiringWebDriver$EventFiringWebElement.click(EventFiringWebDriver.java:417)
	at org.openqa.selenium.WebElement$click.call(Unknown Source)
	at com.kms.katalon.core.webui.keyword.builtin.ClickKeyword.clickUntilSuccessWithTimeout(ClickKeyword.groovy:81)
	at com.kms.katalon.core.webui.keyword.builtin.ClickKeyword.clickUntilSuccessWithTimeout(ClickKeyword.groovy)
	at com.kms.katalon.core.webui.keyword.builtin.ClickKeyword$_click_closure1.doCall(ClickKeyword.groovy:67)
	at com.kms.katalon.core.webui.keyword.builtin.ClickKeyword$_click_closure1.call(ClickKeyword.groovy)
	at com.kms.katalon.core.webui.keyword.internal.WebUIKeywordMain.runKeyword(WebUIKeywordMain.groovy:20)
	... 19 more


2023-10-09 17:55:45 - [TEST_STEP][PASSED] - openBrowser(""): Browser is opened with url: ''

2023-10-09 17:55:45 - [MESSAGE][INFO] - Starting 'Chrome' driver

2023-10-09 17:55:45 - [MESSAGE][INFO] - Action delay is set to 0 milliseconds

2023-10-09 17:55:48 - [MESSAGE][PASSED] - Browser is opened with url: ''

2023-10-09 17:55:48 - [TEST_STEP][PASSED] - maximizeWindow(): Current window maximized

2023-10-09 17:55:48 - [MESSAGE][PASSED] - Current window maximized

2023-10-09 17:55:48 - [TEST_STEP][PASSED] - navigateToUrl("https://app.landingly.com/"): Navigate to 'https://app.landingly.com/' successfully

2023-10-09 17:55:54 - [MESSAGE][PASSED] - Navigate to 'https://app.landingly.com/' successfully

2023-10-09 17:55:54 - [TEST_STEP][PASSED] - setText(findTestObject("Object Repository/Projects/TC028-Verify user can reset template for sales-optin page/Page_Landingly  Login/input_Email_login-email"), "sqaahmadtahir@gmail.com"): Text 'sqaahmadtahir@gmail.com' is set on object 'Object Repository/Projects/TC028-Verify user can reset template for sales-optin page/Page_Landingly  Login/input_Email_login-email'

2023-10-09 17:55:56 - [MESSAGE][PASSED] - Text 'sqaahmadtahir@gmail.com' is set on object 'Object Repository/Projects/TC028-Verify user can reset template for sales-optin page/Page_Landingly  Login/input_Email_login-email'

2023-10-09 17:55:56 - [TEST_STEP][PASSED] - setEncryptedText(findTestObject("Object Repository/Projects/TC028-Verify user can reset template for sales-optin page/Page_Landingly  Login/input_Forgot Password_login-password"), "/5S6MFFLcE5DAenbZpYNsQ=="): Text ****** has been set on object 'Object Repository/Projects/TC028-Verify user can reset template for sales-optin page/Page_Landingly  Login/input_Forgot Password_login-password'

2023-10-09 17:55:56 - [MESSAGE][PASSED] - Text ****** has been set on object 'Object Repository/Projects/TC028-Verify user can reset template for sales-optin page/Page_Landingly  Login/input_Forgot Password_login-password'

2023-10-09 17:55:56 - [TEST_STEP][PASSED] - click(findTestObject("Object Repository/Projects/TC028-Verify user can reset template for sales-optin page/Page_Landingly  Login/button_Sign in")): Object: 'Object Repository/Projects/TC028-Verify user can reset template for sales-optin page/Page_Landingly  Login/button_Sign in' is clicked on

2023-10-09 17:55:57 - [MESSAGE][PASSED] - Object: 'Object Repository/Projects/TC028-Verify user can reset template for sales-optin page/Page_Landingly  Login/button_Sign in' is clicked on

2023-10-09 17:55:57 - [TEST_STEP][PASSED] - click(findTestObject("Object Repository/Projects/TC028-Verify user can reset template for sales-optin page/Page_Landingly/a_Projects")): Object: 'Object Repository/Projects/TC028-Verify user can reset template for sales-optin page/Page_Landingly/a_Projects' is clicked on

2023-10-09 17:56:00 - [MESSAGE][PASSED] - Object: 'Object Repository/Projects/TC028-Verify user can reset template for sales-optin page/Page_Landingly/a_Projects' is clicked on

2023-10-09 17:56:00 - [TEST_STEP][PASSED] - click(findTestObject("Object Repository/Projects/TC028-Verify user can reset template for sales-optin page/Page_Landingly  Projects/a_View Project")): Object: 'Object Repository/Projects/TC028-Verify user can reset template for sales-optin page/Page_Landingly  Projects/a_View Project' is clicked on

2023-10-09 17:56:05 - [MESSAGE][PASSED] - Object: 'Object Repository/Projects/TC028-Verify user can reset template for sales-optin page/Page_Landingly  Projects/a_View Project' is clicked on

2023-10-09 17:56:05 - [TEST_STEP][PASSED] - click(findTestObject("Object Repository/Projects/TC028-Verify user can reset template for sales-optin page/Page_Landingly  Project Detail/button_Contacts_btn btn-icon btn-flat-danger")): Object: 'Object Repository/Projects/TC028-Verify user can reset template for sales-optin page/Page_Landingly  Project Detail/button_Contacts_btn btn-icon btn-flat-danger' is clicked on

2023-10-09 17:56:06 - [MESSAGE][PASSED] - Object: 'Object Repository/Projects/TC028-Verify user can reset template for sales-optin page/Page_Landingly  Project Detail/button_Contacts_btn btn-icon btn-flat-danger' is clicked on

2023-10-09 17:56:06 - [TEST_STEP][FAILED] - click(findTestObject("Object Repository/Projects/TC028-Verify user can reset template for sales-optin page/Page_Landingly  Project Detail/button_Reset")): Unable to click on object 'Object Repository/Projects/TC028-Verify user can reset template for sales-optin page/Page_Landingly  Project Detail/button_Reset' (Root cause: com.kms.katalon.core.exception.StepFailedException: Unable to click on object 'Object Repository/Projects/TC028-Verify user can reset template for sales-optin page/Page_Landingly  Project Detail/button_Reset'
	at com.kms.katalon.core.webui.keyword.internal.WebUIKeywordMain.stepFailed(WebUIKeywordMain.groovy:64)
	at com.kms.katalon.core.webui.keyword.internal.WebUIKeywordMain.runKeyword(WebUIKeywordMain.groovy:26)
	at com.kms.katalon.core.webui.keyword.builtin.ClickKeyword.click(ClickKeyword.groovy:74)
	at com.kms.katalon.core.webui.keyword.builtin.ClickKeyword.execute(ClickKeyword.groovy:40)
	at com.kms.katalon.core.keyword.internal.KeywordExecutor.executeKeywordForPlatform(KeywordExecutor.groovy:74)
	at com.kms.katalon.core.webui.keyword.WebUiBuiltInKeywords.click(WebUiBuiltInKeywords.groovy:620)
	at com.kms.katalon.core.webui.keyword.WebUiBuiltInKeywords$click$4.call(Unknown Source)
	at TC028-Verify user can reset template for sales-optin page.run(TC028-Verify user can reset template for sales-optin page:40)
	at com.kms.katalon.core.main.ScriptEngine.run(ScriptEngine.java:194)
	at com.kms.katalon.core.main.ScriptEngine.runScriptAsRawText(ScriptEngine.java:119)
	at com.kms.katalon.core.main.TestCaseExecutor.runScript(TestCaseExecutor.java:448)
	at com.kms.katalon.core.main.TestCaseExecutor.doExecute(TestCaseExecutor.java:439)
	at com.kms.katalon.core.main.TestCaseExecutor.processExecutionPhase(TestCaseExecutor.java:418)
	at com.kms.katalon.core.main.TestCaseExecutor.accessMainPhase(TestCaseExecutor.java:410)
	at com.kms.katalon.core.main.TestCaseExecutor.execute(TestCaseExecutor.java:285)
	at com.kms.katalon.core.common.CommonExecutor.accessTestCaseMainPhase(CommonExecutor.java:65)
	at com.kms.katalon.core.main.TestSuiteExecutor.accessTestSuiteMainPhase(TestSuiteExecutor.java:148)
	at com.kms.katalon.core.main.TestSuiteExecutor.execute(TestSuiteExecutor.java:106)
	at com.kms.katalon.core.main.TestCaseMain.startTestSuite(TestCaseMain.java:187)
	at com.kms.katalon.core.main.TestCaseMain$startTestSuite$0.call(Unknown Source)
	at TempTestSuite1696855132405.run(TempTestSuite1696855132405.groovy:36)
Caused by: org.openqa.selenium.ElementNotInteractableException: element not interactable
  (Session info: chrome=117.0.5938.149)
Build info: version: '3.141.59', revision: 'e82be7d358', time: '2018-11-14T08:25:53'
System info: host: 'DESKTOP-3BHH4MD', ip: '192.168.0.108', os.name: 'Windows 10', os.arch: 'amd64', os.version: '10.0', java.version: '1.8.0_362'
Driver info: com.kms.katalon.selenium.driver.CChromeDriver
Capabilities {acceptInsecureCerts: false, browserName: chrome, browserVersion: 117.0.5938.149, chrome: {chromedriverVersion: 116.0.5845.96 (1a3918166880..., userDataDir: C:\Users\TDS\AppData\Local\...}, fedcm:accounts: true, goog:chromeOptions: {debuggerAddress: localhost:64977}, javascriptEnabled: true, networkConnectionEnabled: false, pageLoadStrategy: normal, platform: WINDOWS, platformName: WINDOWS, proxy: Proxy(), setWindowRect: true, strictFileInteractability: false, timeouts: {implicit: 0, pageLoad: 300000, script: 30000}, unhandledPromptBehavior: dismiss and notify, webauthn:extension:credBlob: true, webauthn:extension:largeBlob: true, webauthn:extension:minPinLength: true, webauthn:extension:prf: true, webauthn:virtualAuthenticators: true}
Session ID: b813a6862c0402efcf4a4d01acc4c0f5
	at org.openqa.selenium.remote.http.W3CHttpResponseCodec.createException(W3CHttpResponseCodec.java:187)
	at org.openqa.selenium.remote.http.W3CHttpResponseCodec.decode(W3CHttpResponseCodec.java:122)
	at org.openqa.selenium.remote.http.W3CHttpResponseCodec.decode(W3CHttpResponseCodec.java:49)
	at org.openqa.selenium.remote.HttpCommandExecutor.execute(HttpCommandExecutor.java:158)
	at org.openqa.selenium.remote.service.DriverCommandExecutor.execute(DriverCommandExecutor.java:83)
	at org.openqa.selenium.remote.RemoteWebDriver.execute(RemoteWebDriver.java:552)
	at com.kms.katalon.selenium.driver.CChromeDriver.execute(CChromeDriver.java:19)
	at org.openqa.selenium.remote.RemoteWebElement.execute(RemoteWebElement.java:285)
	at org.openqa.selenium.remote.RemoteWebElement.click(RemoteWebElement.java:84)
	at org.openqa.selenium.support.events.EventFiringWebDriver$EventFiringWebElement.lambda$new$0(EventFiringWebDriver.java:404)
	at com.sun.proxy.$Proxy11.click(Unknown Source)
	at org.openqa.selenium.support.events.EventFiringWebDriver$EventFiringWebElement.click(EventFiringWebDriver.java:417)
	at org.openqa.selenium.WebElement$click.call(Unknown Source)
	at com.kms.katalon.core.webui.keyword.builtin.ClickKeyword.clickUntilSuccessWithTimeout(ClickKeyword.groovy:81)
	at com.kms.katalon.core.webui.keyword.builtin.ClickKeyword.clickUntilSuccessWithTimeout(ClickKeyword.groovy)
	at com.kms.katalon.core.webui.keyword.builtin.ClickKeyword$_click_closure1.doCall(ClickKeyword.groovy:67)
	at com.kms.katalon.core.webui.keyword.builtin.ClickKeyword$_click_closure1.call(ClickKeyword.groovy)
	at com.kms.katalon.core.webui.keyword.internal.WebUIKeywordMain.runKeyword(WebUIKeywordMain.groovy:20)
	at com.kms.katalon.core.webui.keyword.builtin.ClickKeyword.click(ClickKeyword.groovy:74)
	at com.kms.katalon.core.webui.keyword.builtin.ClickKeyword.execute(ClickKeyword.groovy:40)
	at com.kms.katalon.core.keyword.internal.KeywordExecutor.executeKeywordForPlatform(KeywordExecutor.groovy:74)
	at com.kms.katalon.core.webui.keyword.WebUiBuiltInKeywords.click(WebUiBuiltInKeywords.groovy:620)
	at com.kms.katalon.core.webui.keyword.WebUiBuiltInKeywords$click$4.call(Unknown Source)
	at Script1696491203079.run(Script1696491203079.groovy:40)
	... 13 more
)

2023-10-09 17:56:08 - [MESSAGE][FAILED] - Unable to click on object 'Object Repository/Projects/TC028-Verify user can reset template for sales-optin page/Page_Landingly  Project Detail/button_Reset' (Root cause: com.kms.katalon.core.exception.StepFailedException: Unable to click on object 'Object Repository/Projects/TC028-Verify user can reset template for sales-optin page/Page_Landingly  Project Detail/button_Reset'
	at com.kms.katalon.core.webui.keyword.internal.WebUIKeywordMain.stepFailed(WebUIKeywordMain.groovy:64)
	at com.kms.katalon.core.webui.keyword.internal.WebUIKeywordMain.runKeyword(WebUIKeywordMain.groovy:26)
	at com.kms.katalon.core.webui.keyword.builtin.ClickKeyword.click(ClickKeyword.groovy:74)
	at com.kms.katalon.core.webui.keyword.builtin.ClickKeyword.execute(ClickKeyword.groovy:40)
	at com.kms.katalon.core.keyword.internal.KeywordExecutor.executeKeywordForPlatform(KeywordExecutor.groovy:74)
	at com.kms.katalon.core.webui.keyword.WebUiBuiltInKeywords.click(WebUiBuiltInKeywords.groovy:620)
	at com.kms.katalon.core.webui.keyword.WebUiBuiltInKeywords$click$4.call(Unknown Source)
	at TC028-Verify user can reset template for sales-optin page.run(TC028-Verify user can reset template for sales-optin page:40)
	at com.kms.katalon.core.main.ScriptEngine.run(ScriptEngine.java:194)
	at com.kms.katalon.core.main.ScriptEngine.runScriptAsRawText(ScriptEngine.java:119)
	at com.kms.katalon.core.main.TestCaseExecutor.runScript(TestCaseExecutor.java:448)
	at com.kms.katalon.core.main.TestCaseExecutor.doExecute(TestCaseExecutor.java:439)
	at com.kms.katalon.core.main.TestCaseExecutor.processExecutionPhase(TestCaseExecutor.java:418)
	at com.kms.katalon.core.main.TestCaseExecutor.accessMainPhase(TestCaseExecutor.java:410)
	at com.kms.katalon.core.main.TestCaseExecutor.execute(TestCaseExecutor.java:285)
	at com.kms.katalon.core.common.CommonExecutor.accessTestCaseMainPhase(CommonExecutor.java:65)
	at com.kms.katalon.core.main.TestSuiteExecutor.accessTestSuiteMainPhase(TestSuiteExecutor.java:148)
	at com.kms.katalon.core.main.TestSuiteExecutor.execute(TestSuiteExecutor.java:106)
	at com.kms.katalon.core.main.TestCaseMain.startTestSuite(TestCaseMain.java:187)
	at com.kms.katalon.core.main.TestCaseMain$startTestSuite$0.call(Unknown Source)
	at TempTestSuite1696855132405.run(TempTestSuite1696855132405.groovy:36)
Caused by: org.openqa.selenium.ElementNotInteractableException: element not interactable
  (Session info: chrome=117.0.5938.149)
Build info: version: '3.141.59', revision: 'e82be7d358', time: '2018-11-14T08:25:53'
System info: host: 'DESKTOP-3BHH4MD', ip: '192.168.0.108', os.name: 'Windows 10', os.arch: 'amd64', os.version: '10.0', java.version: '1.8.0_362'
Driver info: com.kms.katalon.selenium.driver.CChromeDriver
Capabilities {acceptInsecureCerts: false, browserName: chrome, browserVersion: 117.0.5938.149, chrome: {chromedriverVersion: 116.0.5845.96 (1a3918166880..., userDataDir: C:\Users\TDS\AppData\Local\...}, fedcm:accounts: true, goog:chromeOptions: {debuggerAddress: localhost:64977}, javascriptEnabled: true, networkConnectionEnabled: false, pageLoadStrategy: normal, platform: WINDOWS, platformName: WINDOWS, proxy: Proxy(), setWindowRect: true, strictFileInteractability: false, timeouts: {implicit: 0, pageLoad: 300000, script: 30000}, unhandledPromptBehavior: dismiss and notify, webauthn:extension:credBlob: true, webauthn:extension:largeBlob: true, webauthn:extension:minPinLength: true, webauthn:extension:prf: true, webauthn:virtualAuthenticators: true}
Session ID: b813a6862c0402efcf4a4d01acc4c0f5
	at org.openqa.selenium.remote.http.W3CHttpResponseCodec.createException(W3CHttpResponseCodec.java:187)
	at org.openqa.selenium.remote.http.W3CHttpResponseCodec.decode(W3CHttpResponseCodec.java:122)
	at org.openqa.selenium.remote.http.W3CHttpResponseCodec.decode(W3CHttpResponseCodec.java:49)
	at org.openqa.selenium.remote.HttpCommandExecutor.execute(HttpCommandExecutor.java:158)
	at org.openqa.selenium.remote.service.DriverCommandExecutor.execute(DriverCommandExecutor.java:83)
	at org.openqa.selenium.remote.RemoteWebDriver.execute(RemoteWebDriver.java:552)
	at com.kms.katalon.selenium.driver.CChromeDriver.execute(CChromeDriver.java:19)
	at org.openqa.selenium.remote.RemoteWebElement.execute(RemoteWebElement.java:285)
	at org.openqa.selenium.remote.RemoteWebElement.click(RemoteWebElement.java:84)
	at org.openqa.selenium.support.events.EventFiringWebDriver$EventFiringWebElement.lambda$new$0(EventFiringWebDriver.java:404)
	at com.sun.proxy.$Proxy11.click(Unknown Source)
	at org.openqa.selenium.support.events.EventFiringWebDriver$EventFiringWebElement.click(EventFiringWebDriver.java:417)
	at org.openqa.selenium.WebElement$click.call(Unknown Source)
	at com.kms.katalon.core.webui.keyword.builtin.ClickKeyword.clickUntilSuccessWithTimeout(ClickKeyword.groovy:81)
	at com.kms.katalon.core.webui.keyword.builtin.ClickKeyword.clickUntilSuccessWithTimeout(ClickKeyword.groovy)
	at com.kms.katalon.core.webui.keyword.builtin.ClickKeyword$_click_closure1.doCall(ClickKeyword.groovy:67)
	at com.kms.katalon.core.webui.keyword.builtin.ClickKeyword$_click_closure1.call(ClickKeyword.groovy)
	at com.kms.katalon.core.webui.keyword.internal.WebUIKeywordMain.runKeyword(WebUIKeywordMain.groovy:20)
	at com.kms.katalon.core.webui.keyword.builtin.ClickKeyword.click(ClickKeyword.groovy:74)
	at com.kms.katalon.core.webui.keyword.builtin.ClickKeyword.execute(ClickKeyword.groovy:40)
	at com.kms.katalon.core.keyword.internal.KeywordExecutor.executeKeywordForPlatform(KeywordExecutor.groovy:74)
	at com.kms.katalon.core.webui.keyword.WebUiBuiltInKeywords.click(WebUiBuiltInKeywords.groovy:620)
	at com.kms.katalon.core.webui.keyword.WebUiBuiltInKeywords$click$4.call(Unknown Source)
	at Script1696491203079.run(Script1696491203079.groovy:40)
	... 13 more
)
[[ATTACHMENT|C:\\Users\\TDS\\git\\Landingly\\Reports\\20231009_173852\\Landingly\\20231009_173852\\1696856168181.png]]]]></system-out>
         <system-err><![CDATA[2023-10-09 17:55:44 - [TEST_CASE][FAILED] - Test Cases/Projects/TC028-Verify user can reset template for sales-optin page: Test Cases/Projects/TC028-Verify user can reset template for sales-optin page FAILED.
Reason:
com.kms.katalon.core.exception.StepFailedException: Unable to click on object 'Object Repository/Projects/TC028-Verify user can reset template for sales-optin page/Page_Landingly  Project Detail/button_Reset'
	at com.kms.katalon.core.webui.keyword.internal.WebUIKeywordMain.stepFailed(WebUIKeywordMain.groovy:64)
	at com.kms.katalon.core.webui.keyword.internal.WebUIKeywordMain.runKeyword(WebUIKeywordMain.groovy:26)
	at com.kms.katalon.core.webui.keyword.builtin.ClickKeyword.click(ClickKeyword.groovy:74)
	at com.kms.katalon.core.webui.keyword.builtin.ClickKeyword.execute(ClickKeyword.groovy:40)
	at com.kms.katalon.core.keyword.internal.KeywordExecutor.executeKeywordForPlatform(KeywordExecutor.groovy:74)
	at com.kms.katalon.core.webui.keyword.WebUiBuiltInKeywords.click(WebUiBuiltInKeywords.groovy:620)
	at com.kms.katalon.core.webui.keyword.WebUiBuiltInKeywords$click$4.call(Unknown Source)
	at TC028-Verify user can reset template for sales-optin page.run(TC028-Verify user can reset template for sales-optin page:40)
	at com.kms.katalon.core.main.ScriptEngine.run(ScriptEngine.java:194)
	at com.kms.katalon.core.main.ScriptEngine.runScriptAsRawText(ScriptEngine.java:119)
	at com.kms.katalon.core.main.TestCaseExecutor.runScript(TestCaseExecutor.java:448)
	at com.kms.katalon.core.main.TestCaseExecutor.doExecute(TestCaseExecutor.java:439)
	at com.kms.katalon.core.main.TestCaseExecutor.processExecutionPhase(TestCaseExecutor.java:418)
	at com.kms.katalon.core.main.TestCaseExecutor.accessMainPhase(TestCaseExecutor.java:410)
	at com.kms.katalon.core.main.TestCaseExecutor.execute(TestCaseExecutor.java:285)
	at com.kms.katalon.core.common.CommonExecutor.accessTestCaseMainPhase(CommonExecutor.java:65)
	at com.kms.katalon.core.main.TestSuiteExecutor.accessTestSuiteMainPhase(TestSuiteExecutor.java:148)
	at com.kms.katalon.core.main.TestSuiteExecutor.execute(TestSuiteExecutor.java:106)
	at com.kms.katalon.core.main.TestCaseMain.startTestSuite(TestCaseMain.java:187)
	at com.kms.katalon.core.main.TestCaseMain$startTestSuite$0.call(Unknown Source)
	at TempTestSuite1696855132405.run(TempTestSuite1696855132405.groovy:36)
Caused by: org.openqa.selenium.ElementNotInteractableException: element not interactable
  (Session info: chrome=117.0.5938.149)
Build info: version: '3.141.59', revision: 'e82be7d358', time: '2018-11-14T08:25:53'
System info: host: 'DESKTOP-3BHH4MD', ip: '192.168.0.108', os.name: 'Windows 10', os.arch: 'amd64', os.version: '10.0', java.version: '1.8.0_362'
Driver info: com.kms.katalon.selenium.driver.CChromeDriver
Capabilities {acceptInsecureCerts: false, browserName: chrome, browserVersion: 117.0.5938.149, chrome: {chromedriverVersion: 116.0.5845.96 (1a3918166880..., userDataDir: C:\Users\TDS\AppData\Local\...}, fedcm:accounts: true, goog:chromeOptions: {debuggerAddress: localhost:64977}, javascriptEnabled: true, networkConnectionEnabled: false, pageLoadStrategy: normal, platform: WINDOWS, platformName: WINDOWS, proxy: Proxy(), setWindowRect: true, strictFileInteractability: false, timeouts: {implicit: 0, pageLoad: 300000, script: 30000}, unhandledPromptBehavior: dismiss and notify, webauthn:extension:credBlob: true, webauthn:extension:largeBlob: true, webauthn:extension:minPinLength: true, webauthn:extension:prf: true, webauthn:virtualAuthenticators: true}
Session ID: b813a6862c0402efcf4a4d01acc4c0f5
	at org.openqa.selenium.remote.http.W3CHttpResponseCodec.createException(W3CHttpResponseCodec.java:187)
	at org.openqa.selenium.remote.http.W3CHttpResponseCodec.decode(W3CHttpResponseCodec.java:122)
	at org.openqa.selenium.remote.http.W3CHttpResponseCodec.decode(W3CHttpResponseCodec.java:49)
	at org.openqa.selenium.remote.HttpCommandExecutor.execute(HttpCommandExecutor.java:158)
	at org.openqa.selenium.remote.service.DriverCommandExecutor.execute(DriverCommandExecutor.java:83)
	at org.openqa.selenium.remote.RemoteWebDriver.execute(RemoteWebDriver.java:552)
	at com.kms.katalon.selenium.driver.CChromeDriver.execute(CChromeDriver.java:19)
	at org.openqa.selenium.remote.RemoteWebElement.execute(RemoteWebElement.java:285)
	at org.openqa.selenium.remote.RemoteWebElement.click(RemoteWebElement.java:84)
	at org.openqa.selenium.support.events.EventFiringWebDriver$EventFiringWebElement.lambda$new$0(EventFiringWebDriver.java:404)
	at com.sun.proxy.$Proxy11.click(Unknown Source)
	at org.openqa.selenium.support.events.EventFiringWebDriver$EventFiringWebElement.click(EventFiringWebDriver.java:417)
	at org.openqa.selenium.WebElement$click.call(Unknown Source)
	at com.kms.katalon.core.webui.keyword.builtin.ClickKeyword.clickUntilSuccessWithTimeout(ClickKeyword.groovy:81)
	at com.kms.katalon.core.webui.keyword.builtin.ClickKeyword.clickUntilSuccessWithTimeout(ClickKeyword.groovy)
	at com.kms.katalon.core.webui.keyword.builtin.ClickKeyword$_click_closure1.doCall(ClickKeyword.groovy:67)
	at com.kms.katalon.core.webui.keyword.builtin.ClickKeyword$_click_closure1.call(ClickKeyword.groovy)
	at com.kms.katalon.core.webui.keyword.internal.WebUIKeywordMain.runKeyword(WebUIKeywordMain.groovy:20)
	... 19 more]]></system-err>
      </testcase>
      <testcase name="Test Cases/Projects/TC029-Verify user can reset template for thankyou page" time="58.199" classname="Test Cases/Projects/TC029-Verify user can reset template for thankyou page" status="FAILED">
         <failure type="FAILED" message="Test Cases/Projects/TC029-Verify user can reset template for thankyou page FAILED.
Reason:
com.kms.katalon.core.exception.StepFailedException: Unable to click on object 'Object Repository/Projects/TC029-Verify user can reset template for thankyou page/Page_Landingly  Project Detail/button_Reset'
	at com.kms.katalon.core.webui.keyword.internal.WebUIKeywordMain.stepFailed(WebUIKeywordMain.groovy:64)
	at com.kms.katalon.core.webui.keyword.internal.WebUIKeywordMain.runKeyword(WebUIKeywordMain.groovy:26)
	at com.kms.katalon.core.webui.keyword.builtin.ClickKeyword.click(ClickKeyword.groovy:74)
	at com.kms.katalon.core.webui.keyword.builtin.ClickKeyword.execute(ClickKeyword.groovy:40)
	at com.kms.katalon.core.keyword.internal.KeywordExecutor.executeKeywordForPlatform(KeywordExecutor.groovy:74)
	at com.kms.katalon.core.webui.keyword.WebUiBuiltInKeywords.click(WebUiBuiltInKeywords.groovy:620)
	at com.kms.katalon.core.webui.keyword.WebUiBuiltInKeywords$click$4.call(Unknown Source)
	at TC029-Verify user can reset template for thankyou page.run(TC029-Verify user can reset template for thankyou page:40)
	at com.kms.katalon.core.main.ScriptEngine.run(ScriptEngine.java:194)
	at com.kms.katalon.core.main.ScriptEngine.runScriptAsRawText(ScriptEngine.java:119)
	at com.kms.katalon.core.main.TestCaseExecutor.runScript(TestCaseExecutor.java:448)
	at com.kms.katalon.core.main.TestCaseExecutor.doExecute(TestCaseExecutor.java:439)
	at com.kms.katalon.core.main.TestCaseExecutor.processExecutionPhase(TestCaseExecutor.java:418)
	at com.kms.katalon.core.main.TestCaseExecutor.accessMainPhase(TestCaseExecutor.java:410)
	at com.kms.katalon.core.main.TestCaseExecutor.execute(TestCaseExecutor.java:285)
	at com.kms.katalon.core.common.CommonExecutor.accessTestCaseMainPhase(CommonExecutor.java:65)
	at com.kms.katalon.core.main.TestSuiteExecutor.accessTestSuiteMainPhase(TestSuiteExecutor.java:148)
	at com.kms.katalon.core.main.TestSuiteExecutor.execute(TestSuiteExecutor.java:106)
	at com.kms.katalon.core.main.TestCaseMain.startTestSuite(TestCaseMain.java:187)
	at com.kms.katalon.core.main.TestCaseMain$startTestSuite$0.call(Unknown Source)
	at TempTestSuite1696855132405.run(TempTestSuite1696855132405.groovy:36)
Caused by: com.kms.katalon.core.webui.exception.WebElementNotFoundException: Web element with id: 'Object Repository/Projects/TC029-Verify user can reset template for thankyou page/Page_Landingly  Project Detail/button_Reset' located by '(//button[@type='button'])[17]' not found
	at com.kms.katalon.core.webui.common.WebUiCommonHelper.findWebElement(WebUiCommonHelper.java:1381)
	at com.kms.katalon.core.webui.keyword.internal.WebUIAbstractKeyword.findWebElement(WebUIAbstractKeyword.groovy:27)
	at com.kms.katalon.core.webui.keyword.builtin.ClickKeyword$_click_closure1.doCall(ClickKeyword.groovy:65)
	at com.kms.katalon.core.webui.keyword.builtin.ClickKeyword$_click_closure1.call(ClickKeyword.groovy)
	at com.kms.katalon.core.webui.keyword.internal.WebUIKeywordMain.runKeyword(WebUIKeywordMain.groovy:20)
	... 19 more
"/>
         <system-out><![CDATA[2023-10-09 17:56:08 - [TEST_CASE][FAILED] - Test Cases/Projects/TC029-Verify user can reset template for thankyou page: Test Cases/Projects/TC029-Verify user can reset template for thankyou page FAILED.
Reason:
com.kms.katalon.core.exception.StepFailedException: Unable to click on object 'Object Repository/Projects/TC029-Verify user can reset template for thankyou page/Page_Landingly  Project Detail/button_Reset'
	at com.kms.katalon.core.webui.keyword.internal.WebUIKeywordMain.stepFailed(WebUIKeywordMain.groovy:64)
	at com.kms.katalon.core.webui.keyword.internal.WebUIKeywordMain.runKeyword(WebUIKeywordMain.groovy:26)
	at com.kms.katalon.core.webui.keyword.builtin.ClickKeyword.click(ClickKeyword.groovy:74)
	at com.kms.katalon.core.webui.keyword.builtin.ClickKeyword.execute(ClickKeyword.groovy:40)
	at com.kms.katalon.core.keyword.internal.KeywordExecutor.executeKeywordForPlatform(KeywordExecutor.groovy:74)
	at com.kms.katalon.core.webui.keyword.WebUiBuiltInKeywords.click(WebUiBuiltInKeywords.groovy:620)
	at com.kms.katalon.core.webui.keyword.WebUiBuiltInKeywords$click$4.call(Unknown Source)
	at TC029-Verify user can reset template for thankyou page.run(TC029-Verify user can reset template for thankyou page:40)
	at com.kms.katalon.core.main.ScriptEngine.run(ScriptEngine.java:194)
	at com.kms.katalon.core.main.ScriptEngine.runScriptAsRawText(ScriptEngine.java:119)
	at com.kms.katalon.core.main.TestCaseExecutor.runScript(TestCaseExecutor.java:448)
	at com.kms.katalon.core.main.TestCaseExecutor.doExecute(TestCaseExecutor.java:439)
	at com.kms.katalon.core.main.TestCaseExecutor.processExecutionPhase(TestCaseExecutor.java:418)
	at com.kms.katalon.core.main.TestCaseExecutor.accessMainPhase(TestCaseExecutor.java:410)
	at com.kms.katalon.core.main.TestCaseExecutor.execute(TestCaseExecutor.java:285)
	at com.kms.katalon.core.common.CommonExecutor.accessTestCaseMainPhase(CommonExecutor.java:65)
	at com.kms.katalon.core.main.TestSuiteExecutor.accessTestSuiteMainPhase(TestSuiteExecutor.java:148)
	at com.kms.katalon.core.main.TestSuiteExecutor.execute(TestSuiteExecutor.java:106)
	at com.kms.katalon.core.main.TestCaseMain.startTestSuite(TestCaseMain.java:187)
	at com.kms.katalon.core.main.TestCaseMain$startTestSuite$0.call(Unknown Source)
	at TempTestSuite1696855132405.run(TempTestSuite1696855132405.groovy:36)
Caused by: com.kms.katalon.core.webui.exception.WebElementNotFoundException: Web element with id: 'Object Repository/Projects/TC029-Verify user can reset template for thankyou page/Page_Landingly  Project Detail/button_Reset' located by '(//button[@type='button'])[17]' not found
	at com.kms.katalon.core.webui.common.WebUiCommonHelper.findWebElement(WebUiCommonHelper.java:1381)
	at com.kms.katalon.core.webui.keyword.internal.WebUIAbstractKeyword.findWebElement(WebUIAbstractKeyword.groovy:27)
	at com.kms.katalon.core.webui.keyword.builtin.ClickKeyword$_click_closure1.doCall(ClickKeyword.groovy:65)
	at com.kms.katalon.core.webui.keyword.builtin.ClickKeyword$_click_closure1.call(ClickKeyword.groovy)
	at com.kms.katalon.core.webui.keyword.internal.WebUIKeywordMain.runKeyword(WebUIKeywordMain.groovy:20)
	... 19 more


2023-10-09 17:56:11 - [TEST_STEP][PASSED] - openBrowser(""): Browser is opened with url: ''

2023-10-09 17:56:11 - [MESSAGE][WARNING] - A browser is already opened. Closing browser and opening a new one

2023-10-09 17:56:12 - [MESSAGE][INFO] - Starting 'Chrome' driver

2023-10-09 17:56:12 - [MESSAGE][INFO] - Action delay is set to 0 milliseconds

2023-10-09 17:56:15 - [MESSAGE][PASSED] - Browser is opened with url: ''

2023-10-09 17:56:15 - [TEST_STEP][PASSED] - maximizeWindow(): Current window maximized

2023-10-09 17:56:16 - [MESSAGE][PASSED] - Current window maximized

2023-10-09 17:56:16 - [TEST_STEP][PASSED] - navigateToUrl("https://app.landingly.com/"): Navigate to 'https://app.landingly.com/' successfully

2023-10-09 17:56:21 - [MESSAGE][PASSED] - Navigate to 'https://app.landingly.com/' successfully

2023-10-09 17:56:21 - [TEST_STEP][PASSED] - setText(findTestObject("Object Repository/Projects/TC029-Verify user can reset template for thankyou page/Page_Landingly  Login/input_Email_login-email"), "sqaahmadtahir@gmail.com"): Text 'sqaahmadtahir@gmail.com' is set on object 'Object Repository/Projects/TC029-Verify user can reset template for thankyou page/Page_Landingly  Login/input_Email_login-email'

2023-10-09 17:56:23 - [MESSAGE][PASSED] - Text 'sqaahmadtahir@gmail.com' is set on object 'Object Repository/Projects/TC029-Verify user can reset template for thankyou page/Page_Landingly  Login/input_Email_login-email'

2023-10-09 17:56:23 - [TEST_STEP][PASSED] - setEncryptedText(findTestObject("Object Repository/Projects/TC029-Verify user can reset template for thankyou page/Page_Landingly  Login/input_Forgot Password_login-password"), "/5S6MFFLcE5DAenbZpYNsQ=="): Text ****** has been set on object 'Object Repository/Projects/TC029-Verify user can reset template for thankyou page/Page_Landingly  Login/input_Forgot Password_login-password'

2023-10-09 17:56:23 - [MESSAGE][PASSED] - Text ****** has been set on object 'Object Repository/Projects/TC029-Verify user can reset template for thankyou page/Page_Landingly  Login/input_Forgot Password_login-password'

2023-10-09 17:56:23 - [TEST_STEP][PASSED] - click(findTestObject("Object Repository/Projects/TC029-Verify user can reset template for thankyou page/Page_Landingly  Login/button_Sign in")): Object: 'Object Repository/Projects/TC029-Verify user can reset template for thankyou page/Page_Landingly  Login/button_Sign in' is clicked on

2023-10-09 17:56:24 - [MESSAGE][PASSED] - Object: 'Object Repository/Projects/TC029-Verify user can reset template for thankyou page/Page_Landingly  Login/button_Sign in' is clicked on

2023-10-09 17:56:24 - [TEST_STEP][PASSED] - click(findTestObject("Object Repository/Projects/TC029-Verify user can reset template for thankyou page/Page_Landingly/a_Projects")): Object: 'Object Repository/Projects/TC029-Verify user can reset template for thankyou page/Page_Landingly/a_Projects' is clicked on

2023-10-09 17:56:26 - [MESSAGE][PASSED] - Object: 'Object Repository/Projects/TC029-Verify user can reset template for thankyou page/Page_Landingly/a_Projects' is clicked on

2023-10-09 17:56:26 - [TEST_STEP][PASSED] - click(findTestObject("Object Repository/Projects/TC029-Verify user can reset template for thankyou page/Page_Landingly  Projects/a_View Project")): Object: 'Object Repository/Projects/TC029-Verify user can reset template for thankyou page/Page_Landingly  Projects/a_View Project' is clicked on

2023-10-09 17:56:31 - [MESSAGE][PASSED] - Object: 'Object Repository/Projects/TC029-Verify user can reset template for thankyou page/Page_Landingly  Projects/a_View Project' is clicked on

2023-10-09 17:56:31 - [TEST_STEP][PASSED] - click(findTestObject("Object Repository/Projects/TC029-Verify user can reset template for thankyou page/Page_Landingly  Project Detail/button_Contacts_btn btn-icon btn-flat-danger")): Object: 'Object Repository/Projects/TC029-Verify user can reset template for thankyou page/Page_Landingly  Project Detail/button_Contacts_btn btn-icon btn-flat-danger' is clicked on

2023-10-09 17:56:35 - [MESSAGE][PASSED] - Object: 'Object Repository/Projects/TC029-Verify user can reset template for thankyou page/Page_Landingly  Project Detail/button_Contacts_btn btn-icon btn-flat-danger' is clicked on

2023-10-09 17:56:35 - [TEST_STEP][FAILED] - click(findTestObject("Object Repository/Projects/TC029-Verify user can reset template for thankyou page/Page_Landingly  Project Detail/button_Reset")): Unable to click on object 'Object Repository/Projects/TC029-Verify user can reset template for thankyou page/Page_Landingly  Project Detail/button_Reset' (Root cause: com.kms.katalon.core.exception.StepFailedException: Unable to click on object 'Object Repository/Projects/TC029-Verify user can reset template for thankyou page/Page_Landingly  Project Detail/button_Reset'
	at com.kms.katalon.core.webui.keyword.internal.WebUIKeywordMain.stepFailed(WebUIKeywordMain.groovy:64)
	at com.kms.katalon.core.webui.keyword.internal.WebUIKeywordMain.runKeyword(WebUIKeywordMain.groovy:26)
	at com.kms.katalon.core.webui.keyword.builtin.ClickKeyword.click(ClickKeyword.groovy:74)
	at com.kms.katalon.core.webui.keyword.builtin.ClickKeyword.execute(ClickKeyword.groovy:40)
	at com.kms.katalon.core.keyword.internal.KeywordExecutor.executeKeywordForPlatform(KeywordExecutor.groovy:74)
	at com.kms.katalon.core.webui.keyword.WebUiBuiltInKeywords.click(WebUiBuiltInKeywords.groovy:620)
	at com.kms.katalon.core.webui.keyword.WebUiBuiltInKeywords$click$4.call(Unknown Source)
	at TC029-Verify user can reset template for thankyou page.run(TC029-Verify user can reset template for thankyou page:40)
	at com.kms.katalon.core.main.ScriptEngine.run(ScriptEngine.java:194)
	at com.kms.katalon.core.main.ScriptEngine.runScriptAsRawText(ScriptEngine.java:119)
	at com.kms.katalon.core.main.TestCaseExecutor.runScript(TestCaseExecutor.java:448)
	at com.kms.katalon.core.main.TestCaseExecutor.doExecute(TestCaseExecutor.java:439)
	at com.kms.katalon.core.main.TestCaseExecutor.processExecutionPhase(TestCaseExecutor.java:418)
	at com.kms.katalon.core.main.TestCaseExecutor.accessMainPhase(TestCaseExecutor.java:410)
	at com.kms.katalon.core.main.TestCaseExecutor.execute(TestCaseExecutor.java:285)
	at com.kms.katalon.core.common.CommonExecutor.accessTestCaseMainPhase(CommonExecutor.java:65)
	at com.kms.katalon.core.main.TestSuiteExecutor.accessTestSuiteMainPhase(TestSuiteExecutor.java:148)
	at com.kms.katalon.core.main.TestSuiteExecutor.execute(TestSuiteExecutor.java:106)
	at com.kms.katalon.core.main.TestCaseMain.startTestSuite(TestCaseMain.java:187)
	at com.kms.katalon.core.main.TestCaseMain$startTestSuite$0.call(Unknown Source)
	at TempTestSuite1696855132405.run(TempTestSuite1696855132405.groovy:36)
Caused by: com.kms.katalon.core.webui.exception.WebElementNotFoundException: Web element with id: 'Object Repository/Projects/TC029-Verify user can reset template for thankyou page/Page_Landingly  Project Detail/button_Reset' located by '(//button[@type='button'])[17]' not found
	at com.kms.katalon.core.webui.common.WebUiCommonHelper.findWebElement(WebUiCommonHelper.java:1381)
	at com.kms.katalon.core.webui.keyword.internal.WebUIAbstractKeyword.findWebElement(WebUIAbstractKeyword.groovy:27)
	at com.kms.katalon.core.webui.keyword.builtin.ClickKeyword$_click_closure1.doCall(ClickKeyword.groovy:65)
	at com.kms.katalon.core.webui.keyword.builtin.ClickKeyword$_click_closure1.call(ClickKeyword.groovy)
	at com.kms.katalon.core.webui.keyword.internal.WebUIKeywordMain.runKeyword(WebUIKeywordMain.groovy:20)
	at com.kms.katalon.core.webui.keyword.builtin.ClickKeyword.click(ClickKeyword.groovy:74)
	at com.kms.katalon.core.webui.keyword.builtin.ClickKeyword.execute(ClickKeyword.groovy:40)
	at com.kms.katalon.core.keyword.internal.KeywordExecutor.executeKeywordForPlatform(KeywordExecutor.groovy:74)
	at com.kms.katalon.core.webui.keyword.WebUiBuiltInKeywords.click(WebUiBuiltInKeywords.groovy:620)
	at com.kms.katalon.core.webui.keyword.WebUiBuiltInKeywords$click$4.call(Unknown Source)
	at Script1696491401563.run(Script1696491401563.groovy:40)
	... 13 more
)

2023-10-09 17:57:06 - [MESSAGE][INFO] - Unable to find the element located by 'By.xpath: (//button[@type='button'])[17]'. Please recheck the objects properties to make sure the desired element is located. 

2023-10-09 17:57:07 - [MESSAGE][FAILED] - Unable to click on object 'Object Repository/Projects/TC029-Verify user can reset template for thankyou page/Page_Landingly  Project Detail/button_Reset' (Root cause: com.kms.katalon.core.exception.StepFailedException: Unable to click on object 'Object Repository/Projects/TC029-Verify user can reset template for thankyou page/Page_Landingly  Project Detail/button_Reset'
	at com.kms.katalon.core.webui.keyword.internal.WebUIKeywordMain.stepFailed(WebUIKeywordMain.groovy:64)
	at com.kms.katalon.core.webui.keyword.internal.WebUIKeywordMain.runKeyword(WebUIKeywordMain.groovy:26)
	at com.kms.katalon.core.webui.keyword.builtin.ClickKeyword.click(ClickKeyword.groovy:74)
	at com.kms.katalon.core.webui.keyword.builtin.ClickKeyword.execute(ClickKeyword.groovy:40)
	at com.kms.katalon.core.keyword.internal.KeywordExecutor.executeKeywordForPlatform(KeywordExecutor.groovy:74)
	at com.kms.katalon.core.webui.keyword.WebUiBuiltInKeywords.click(WebUiBuiltInKeywords.groovy:620)
	at com.kms.katalon.core.webui.keyword.WebUiBuiltInKeywords$click$4.call(Unknown Source)
	at TC029-Verify user can reset template for thankyou page.run(TC029-Verify user can reset template for thankyou page:40)
	at com.kms.katalon.core.main.ScriptEngine.run(ScriptEngine.java:194)
	at com.kms.katalon.core.main.ScriptEngine.runScriptAsRawText(ScriptEngine.java:119)
	at com.kms.katalon.core.main.TestCaseExecutor.runScript(TestCaseExecutor.java:448)
	at com.kms.katalon.core.main.TestCaseExecutor.doExecute(TestCaseExecutor.java:439)
	at com.kms.katalon.core.main.TestCaseExecutor.processExecutionPhase(TestCaseExecutor.java:418)
	at com.kms.katalon.core.main.TestCaseExecutor.accessMainPhase(TestCaseExecutor.java:410)
	at com.kms.katalon.core.main.TestCaseExecutor.execute(TestCaseExecutor.java:285)
	at com.kms.katalon.core.common.CommonExecutor.accessTestCaseMainPhase(CommonExecutor.java:65)
	at com.kms.katalon.core.main.TestSuiteExecutor.accessTestSuiteMainPhase(TestSuiteExecutor.java:148)
	at com.kms.katalon.core.main.TestSuiteExecutor.execute(TestSuiteExecutor.java:106)
	at com.kms.katalon.core.main.TestCaseMain.startTestSuite(TestCaseMain.java:187)
	at com.kms.katalon.core.main.TestCaseMain$startTestSuite$0.call(Unknown Source)
	at TempTestSuite1696855132405.run(TempTestSuite1696855132405.groovy:36)
Caused by: com.kms.katalon.core.webui.exception.WebElementNotFoundException: Web element with id: 'Object Repository/Projects/TC029-Verify user can reset template for thankyou page/Page_Landingly  Project Detail/button_Reset' located by '(//button[@type='button'])[17]' not found
	at com.kms.katalon.core.webui.common.WebUiCommonHelper.findWebElement(WebUiCommonHelper.java:1381)
	at com.kms.katalon.core.webui.keyword.internal.WebUIAbstractKeyword.findWebElement(WebUIAbstractKeyword.groovy:27)
	at com.kms.katalon.core.webui.keyword.builtin.ClickKeyword$_click_closure1.doCall(ClickKeyword.groovy:65)
	at com.kms.katalon.core.webui.keyword.builtin.ClickKeyword$_click_closure1.call(ClickKeyword.groovy)
	at com.kms.katalon.core.webui.keyword.internal.WebUIKeywordMain.runKeyword(WebUIKeywordMain.groovy:20)
	at com.kms.katalon.core.webui.keyword.builtin.ClickKeyword.click(ClickKeyword.groovy:74)
	at com.kms.katalon.core.webui.keyword.builtin.ClickKeyword.execute(ClickKeyword.groovy:40)
	at com.kms.katalon.core.keyword.internal.KeywordExecutor.executeKeywordForPlatform(KeywordExecutor.groovy:74)
	at com.kms.katalon.core.webui.keyword.WebUiBuiltInKeywords.click(WebUiBuiltInKeywords.groovy:620)
	at com.kms.katalon.core.webui.keyword.WebUiBuiltInKeywords$click$4.call(Unknown Source)
	at Script1696491401563.run(Script1696491401563.groovy:40)
	... 13 more
)
[[ATTACHMENT|C:\\Users\\TDS\\git\\Landingly\\Reports\\20231009_173852\\Landingly\\20231009_173852\\1696856226685.png]]]]></system-out>
         <system-err><![CDATA[2023-10-09 17:56:08 - [TEST_CASE][FAILED] - Test Cases/Projects/TC029-Verify user can reset template for thankyou page: Test Cases/Projects/TC029-Verify user can reset template for thankyou page FAILED.
Reason:
com.kms.katalon.core.exception.StepFailedException: Unable to click on object 'Object Repository/Projects/TC029-Verify user can reset template for thankyou page/Page_Landingly  Project Detail/button_Reset'
	at com.kms.katalon.core.webui.keyword.internal.WebUIKeywordMain.stepFailed(WebUIKeywordMain.groovy:64)
	at com.kms.katalon.core.webui.keyword.internal.WebUIKeywordMain.runKeyword(WebUIKeywordMain.groovy:26)
	at com.kms.katalon.core.webui.keyword.builtin.ClickKeyword.click(ClickKeyword.groovy:74)
	at com.kms.katalon.core.webui.keyword.builtin.ClickKeyword.execute(ClickKeyword.groovy:40)
	at com.kms.katalon.core.keyword.internal.KeywordExecutor.executeKeywordForPlatform(KeywordExecutor.groovy:74)
	at com.kms.katalon.core.webui.keyword.WebUiBuiltInKeywords.click(WebUiBuiltInKeywords.groovy:620)
	at com.kms.katalon.core.webui.keyword.WebUiBuiltInKeywords$click$4.call(Unknown Source)
	at TC029-Verify user can reset template for thankyou page.run(TC029-Verify user can reset template for thankyou page:40)
	at com.kms.katalon.core.main.ScriptEngine.run(ScriptEngine.java:194)
	at com.kms.katalon.core.main.ScriptEngine.runScriptAsRawText(ScriptEngine.java:119)
	at com.kms.katalon.core.main.TestCaseExecutor.runScript(TestCaseExecutor.java:448)
	at com.kms.katalon.core.main.TestCaseExecutor.doExecute(TestCaseExecutor.java:439)
	at com.kms.katalon.core.main.TestCaseExecutor.processExecutionPhase(TestCaseExecutor.java:418)
	at com.kms.katalon.core.main.TestCaseExecutor.accessMainPhase(TestCaseExecutor.java:410)
	at com.kms.katalon.core.main.TestCaseExecutor.execute(TestCaseExecutor.java:285)
	at com.kms.katalon.core.common.CommonExecutor.accessTestCaseMainPhase(CommonExecutor.java:65)
	at com.kms.katalon.core.main.TestSuiteExecutor.accessTestSuiteMainPhase(TestSuiteExecutor.java:148)
	at com.kms.katalon.core.main.TestSuiteExecutor.execute(TestSuiteExecutor.java:106)
	at com.kms.katalon.core.main.TestCaseMain.startTestSuite(TestCaseMain.java:187)
	at com.kms.katalon.core.main.TestCaseMain$startTestSuite$0.call(Unknown Source)
	at TempTestSuite1696855132405.run(TempTestSuite1696855132405.groovy:36)
Caused by: com.kms.katalon.core.webui.exception.WebElementNotFoundException: Web element with id: 'Object Repository/Projects/TC029-Verify user can reset template for thankyou page/Page_Landingly  Project Detail/button_Reset' located by '(//button[@type='button'])[17]' not found
	at com.kms.katalon.core.webui.common.WebUiCommonHelper.findWebElement(WebUiCommonHelper.java:1381)
	at com.kms.katalon.core.webui.keyword.internal.WebUIAbstractKeyword.findWebElement(WebUIAbstractKeyword.groovy:27)
	at com.kms.katalon.core.webui.keyword.builtin.ClickKeyword$_click_closure1.doCall(ClickKeyword.groovy:65)
	at com.kms.katalon.core.webui.keyword.builtin.ClickKeyword$_click_closure1.call(ClickKeyword.groovy)
	at com.kms.katalon.core.webui.keyword.internal.WebUIKeywordMain.runKeyword(WebUIKeywordMain.groovy:20)
	... 19 more]]></system-err>
      </testcase>
      <testcase name="Test Cases/Projects/TC030-Verify user can add new product" time="66.974" classname="Test Cases/Projects/TC030-Verify user can add new product" status="PASSED">
         <system-out><![CDATA[2023-10-09 17:57:07 - [TEST_CASE][PASSED] - Test Cases/Projects/TC030-Verify user can add new product: Test Cases/Projects/TC030-Verify user can add new product

2023-10-09 17:57:08 - [TEST_STEP][PASSED] - openBrowser(""): Browser is opened with url: ''

2023-10-09 17:57:08 - [MESSAGE][WARNING] - A browser is already opened. Closing browser and opening a new one

2023-10-09 17:57:09 - [MESSAGE][INFO] - Starting 'Chrome' driver

2023-10-09 17:57:09 - [MESSAGE][INFO] - Action delay is set to 0 milliseconds

2023-10-09 17:57:11 - [MESSAGE][PASSED] - Browser is opened with url: ''

2023-10-09 17:57:11 - [TEST_STEP][PASSED] - maximizeWindow(): Current window maximized

2023-10-09 17:57:12 - [MESSAGE][PASSED] - Current window maximized

2023-10-09 17:57:12 - [TEST_STEP][PASSED] - navigateToUrl("https://app.landingly.com/"): Navigate to 'https://app.landingly.com/' successfully

2023-10-09 17:57:26 - [MESSAGE][PASSED] - Navigate to 'https://app.landingly.com/' successfully

2023-10-09 17:57:26 - [TEST_STEP][PASSED] - setText(findTestObject("Object Repository/Projects/TC030-Verify user can add new product/Page_Landingly  Login/input_Email_login-email"), "sqaahmadtahir@gmail.com"): Text 'sqaahmadtahir@gmail.com' is set on object 'Object Repository/Projects/TC030-Verify user can add new product/Page_Landingly  Login/input_Email_login-email'

2023-10-09 17:57:27 - [MESSAGE][PASSED] - Text 'sqaahmadtahir@gmail.com' is set on object 'Object Repository/Projects/TC030-Verify user can add new product/Page_Landingly  Login/input_Email_login-email'

2023-10-09 17:57:27 - [TEST_STEP][PASSED] - setEncryptedText(findTestObject("Object Repository/Projects/TC030-Verify user can add new product/Page_Landingly  Login/input_Forgot Password_login-password"), "/5S6MFFLcE5DAenbZpYNsQ=="): Text ****** has been set on object 'Object Repository/Projects/TC030-Verify user can add new product/Page_Landingly  Login/input_Forgot Password_login-password'

2023-10-09 17:57:28 - [MESSAGE][PASSED] - Text ****** has been set on object 'Object Repository/Projects/TC030-Verify user can add new product/Page_Landingly  Login/input_Forgot Password_login-password'

2023-10-09 17:57:28 - [TEST_STEP][PASSED] - click(findTestObject("Object Repository/Projects/TC030-Verify user can add new product/Page_Landingly  Login/button_Sign in")): Object: 'Object Repository/Projects/TC030-Verify user can add new product/Page_Landingly  Login/button_Sign in' is clicked on

2023-10-09 17:57:29 - [MESSAGE][PASSED] - Object: 'Object Repository/Projects/TC030-Verify user can add new product/Page_Landingly  Login/button_Sign in' is clicked on

2023-10-09 17:57:29 - [TEST_STEP][PASSED] - click(findTestObject("Object Repository/Projects/TC030-Verify user can add new product/Page_Landingly/a_Projects")): Object: 'Object Repository/Projects/TC030-Verify user can add new product/Page_Landingly/a_Projects' is clicked on

2023-10-09 17:57:30 - [MESSAGE][PASSED] - Object: 'Object Repository/Projects/TC030-Verify user can add new product/Page_Landingly/a_Projects' is clicked on

2023-10-09 17:57:30 - [TEST_STEP][PASSED] - click(findTestObject("Object Repository/Projects/TC030-Verify user can add new product/Page_Landingly  Projects/button_New Project")): Object: 'Object Repository/Projects/TC030-Verify user can add new product/Page_Landingly  Projects/button_New Project' is clicked on

2023-10-09 17:57:35 - [MESSAGE][PASSED] - Object: 'Object Repository/Projects/TC030-Verify user can add new product/Page_Landingly  Projects/button_New Project' is clicked on

2023-10-09 17:57:35 - [TEST_STEP][PASSED] - setText(findTestObject("Object Repository/Projects/TC030-Verify user can add new product/Page_Landingly  Projects/input__ProjectName"), "sales"): Text 'sales' is set on object 'Object Repository/Projects/TC030-Verify user can add new product/Page_Landingly  Projects/input__ProjectName'

2023-10-09 17:57:37 - [MESSAGE][PASSED] - Text 'sales' is set on object 'Object Repository/Projects/TC030-Verify user can add new product/Page_Landingly  Projects/input__ProjectName'

2023-10-09 17:57:37 - [TEST_STEP][PASSED] - click(findTestObject("Object Repository/Projects/TC030-Verify user can add new product/Page_Landingly  Projects/label_Sales Funnel")): Object: 'Object Repository/Projects/TC030-Verify user can add new product/Page_Landingly  Projects/label_Sales Funnel' is clicked on

2023-10-09 17:57:38 - [MESSAGE][PASSED] - Object: 'Object Repository/Projects/TC030-Verify user can add new product/Page_Landingly  Projects/label_Sales Funnel' is clicked on

2023-10-09 17:57:38 - [TEST_STEP][PASSED] - click(findTestObject("Object Repository/Projects/TC030-Verify user can add new product/Page_Landingly  Projects/button_Build Project")): Object: 'Object Repository/Projects/TC030-Verify user can add new product/Page_Landingly  Projects/button_Build Project' is clicked on

2023-10-09 17:57:39 - [MESSAGE][PASSED] - Object: 'Object Repository/Projects/TC030-Verify user can add new product/Page_Landingly  Projects/button_Build Project' is clicked on

2023-10-09 17:57:39 - [TEST_STEP][PASSED] - click(findTestObject("Object Repository/Projects/TC030-Verify user can add new product/Page_Landingly  Project Detail/a_Use This")): Object: 'Object Repository/Projects/TC030-Verify user can add new product/Page_Landingly  Project Detail/a_Use This' is clicked on

2023-10-09 17:57:48 - [MESSAGE][PASSED] - Object: 'Object Repository/Projects/TC030-Verify user can add new product/Page_Landingly  Project Detail/a_Use This' is clicked on

2023-10-09 17:57:48 - [TEST_STEP][PASSED] - click(findTestObject("Object Repository/Projects/TC030-Verify user can add new product/Page_Landingly  Project Detail/a_Use This")): Object: 'Object Repository/Projects/TC030-Verify user can add new product/Page_Landingly  Project Detail/a_Use This' is clicked on

2023-10-09 17:57:50 - [MESSAGE][PASSED] - Object: 'Object Repository/Projects/TC030-Verify user can add new product/Page_Landingly  Project Detail/a_Use This' is clicked on

2023-10-09 17:57:50 - [TEST_STEP][PASSED] - click(findTestObject("Object Repository/Projects/TC030-Verify user can add new product/Page_Landingly  Project Detail/button_Add New Product")): Object: 'Object Repository/Projects/TC030-Verify user can add new product/Page_Landingly  Project Detail/button_Add New Product' is clicked on

2023-10-09 17:57:52 - [MESSAGE][PASSED] - Object: 'Object Repository/Projects/TC030-Verify user can add new product/Page_Landingly  Project Detail/button_Add New Product' is clicked on

2023-10-09 17:57:52 - [TEST_STEP][PASSED] - populateSalesProjectName = customKeywords.Emailautomation.populateSalesProjectName(): customKeywords.Emailautomation.populateSalesProjectName is PASSED

2023-10-09 17:57:52 - [MESSAGE][PASSED] - customKeywords.Emailautomation.populateSalesProjectName is PASSED

2023-10-09 17:57:52 - [TEST_STEP][PASSED] - setText(findTestObject("Object Repository/Projects/TC030-Verify user can add new product/Page_Landingly  Project Detail/input__ProductName"), populateSalesProjectName): Text 'sales1576160061859000' is set on object 'Object Repository/Projects/TC030-Verify user can add new product/Page_Landingly  Project Detail/input__ProductName'

2023-10-09 17:57:55 - [MESSAGE][PASSED] - Text 'sales1576160061859000' is set on object 'Object Repository/Projects/TC030-Verify user can add new product/Page_Landingly  Project Detail/input__ProductName'

2023-10-09 17:57:55 - [TEST_STEP][PASSED] - setText(findTestObject("Object Repository/Projects/TC030-Verify user can add new product/Page_Landingly  Project Detail/input__ProductPrice"), "02"): Text '02' is set on object 'Object Repository/Projects/TC030-Verify user can add new product/Page_Landingly  Project Detail/input__ProductPrice'

2023-10-09 17:57:56 - [MESSAGE][PASSED] - Text '02' is set on object 'Object Repository/Projects/TC030-Verify user can add new product/Page_Landingly  Project Detail/input__ProductPrice'

2023-10-09 17:57:56 - [TEST_STEP][PASSED] - selectOptionByValue(findTestObject("Object Repository/Projects/TC030-Verify user can add new product/Page_Landingly  Project Detail/select_Select Payment Method PayPal  Stripe_d0e314"), "Select Payment Method", true): All options with value 'Select Payment Method' are selected in object 'Object Repository/Projects/TC030-Verify user can add new product/Page_Landingly  Project Detail/select_Select Payment Method PayPal  Stripe_d0e314'  using regular expression

2023-10-09 17:57:58 - [MESSAGE][PASSED] - All options with value 'Select Payment Method' are selected in object 'Object Repository/Projects/TC030-Verify user can add new product/Page_Landingly  Project Detail/select_Select Payment Method PayPal  Stripe_d0e314'  using regular expression

2023-10-09 17:57:58 - [TEST_STEP][PASSED] - selectOptionByValue(findTestObject("Object Repository/Projects/TC030-Verify user can add new product/Page_Landingly  Project Detail/select_Select Payment Method PayPal  Stripe_d0e314"), "Select Payment Method", true): All options with value 'Select Payment Method' are selected in object 'Object Repository/Projects/TC030-Verify user can add new product/Page_Landingly  Project Detail/select_Select Payment Method PayPal  Stripe_d0e314'  using regular expression

2023-10-09 17:57:59 - [MESSAGE][PASSED] - All options with value 'Select Payment Method' are selected in object 'Object Repository/Projects/TC030-Verify user can add new product/Page_Landingly  Project Detail/select_Select Payment Method PayPal  Stripe_d0e314'  using regular expression

2023-10-09 17:57:59 - [TEST_STEP][PASSED] - selectOptionByValue(findTestObject("Object Repository/Projects/TC030-Verify user can add new product/Page_Landingly  Project Detail/select_Select Payment Method PayPal  Stripe_d0e314"), "2", true): All options with value '2' are selected in object 'Object Repository/Projects/TC030-Verify user can add new product/Page_Landingly  Project Detail/select_Select Payment Method PayPal  Stripe_d0e314'  using regular expression

2023-10-09 17:58:01 - [MESSAGE][PASSED] - All options with value '2' are selected in object 'Object Repository/Projects/TC030-Verify user can add new product/Page_Landingly  Project Detail/select_Select Payment Method PayPal  Stripe_d0e314'  using regular expression

2023-10-09 17:58:01 - [TEST_STEP][PASSED] - selectOptionByValue(findTestObject("Object Repository/Projects/TC030-Verify user can add new product/Page_Landingly  Project Detail/select_Select Payment Method PayPal  Stripe_d0e314"), "2", true): All options with value '2' are selected in object 'Object Repository/Projects/TC030-Verify user can add new product/Page_Landingly  Project Detail/select_Select Payment Method PayPal  Stripe_d0e314'  using regular expression

2023-10-09 17:58:05 - [MESSAGE][PASSED] - All options with value '2' are selected in object 'Object Repository/Projects/TC030-Verify user can add new product/Page_Landingly  Project Detail/select_Select Payment Method PayPal  Stripe_d0e314'  using regular expression

2023-10-09 17:58:05 - [TEST_STEP][PASSED] - click(findTestObject("Object Repository/Projects/TC030-Verify user can add new product/Page_Landingly  Project Detail/a_Checkout Page Settings")): Object: 'Object Repository/Projects/TC030-Verify user can add new product/Page_Landingly  Project Detail/a_Checkout Page Settings' is clicked on

2023-10-09 17:58:06 - [MESSAGE][PASSED] - Object: 'Object Repository/Projects/TC030-Verify user can add new product/Page_Landingly  Project Detail/a_Checkout Page Settings' is clicked on

2023-10-09 17:58:06 - [TEST_STEP][PASSED] - click(findTestObject("Object Repository/Projects/TC030-Verify user can add new product/Page_Landingly  Project Detail/a_Use This")): Object: 'Object Repository/Projects/TC030-Verify user can add new product/Page_Landingly  Project Detail/a_Use This' is clicked on

2023-10-09 17:58:08 - [MESSAGE][PASSED] - Object: 'Object Repository/Projects/TC030-Verify user can add new product/Page_Landingly  Project Detail/a_Use This' is clicked on

2023-10-09 17:58:08 - [TEST_STEP][PASSED] - click(findTestObject("Object Repository/Projects/TC030-Verify user can add new product/Page_Landingly  Project Detail/button_Save")): Object: 'Object Repository/Projects/TC030-Verify user can add new product/Page_Landingly  Project Detail/button_Save' is clicked on

2023-10-09 17:58:10 - [MESSAGE][PASSED] - Object: 'Object Repository/Projects/TC030-Verify user can add new product/Page_Landingly  Project Detail/button_Save' is clicked on

2023-10-09 17:58:10 - [TEST_STEP][PASSED] - verifyElementText(findTestObject("Object Repository/Projects/TC030-Verify user can add new product/Page_Landingly  Project Detail/td_new product"), populateSalesProjectName): Actual text and expected text of test object 'Object Repository/Projects/TC030-Verify user can add new product/Page_Landingly  Project Detail/td_new product' are matched.

2023-10-09 17:58:12 - [MESSAGE][PASSED] - Actual text and expected text of test object 'Object Repository/Projects/TC030-Verify user can add new product/Page_Landingly  Project Detail/td_new product' are matched.

2023-10-09 17:58:12 - [TEST_STEP][PASSED] - closeBrowser(): Browser is closed

2023-10-09 17:58:14 - [MESSAGE][PASSED] - Browser is closed]]></system-out>
         <system-err><![CDATA[]]></system-err>
      </testcase>
      <testcase name="Test Cases/Projects/TC031-Verify user can edit product" time="113.898" classname="Test Cases/Projects/TC031-Verify user can edit product" status="PASSED">
         <system-out><![CDATA[2023-10-09 17:58:14 - [TEST_CASE][PASSED] - Test Cases/Projects/TC031-Verify user can edit product: Test Cases/Projects/TC031-Verify user can edit product

2023-10-09 17:58:15 - [TEST_STEP][PASSED] - openBrowser(""): Browser is opened with url: ''

2023-10-09 17:58:15 - [MESSAGE][INFO] - Starting 'Chrome' driver

2023-10-09 17:58:15 - [MESSAGE][INFO] - Action delay is set to 0 milliseconds

2023-10-09 17:58:18 - [MESSAGE][PASSED] - Browser is opened with url: ''

2023-10-09 17:58:18 - [TEST_STEP][PASSED] - maximizeWindow(): Current window maximized

2023-10-09 17:58:18 - [MESSAGE][PASSED] - Current window maximized

2023-10-09 17:58:18 - [TEST_STEP][PASSED] - navigateToUrl("https://app.landingly.com/"): Navigate to 'https://app.landingly.com/' successfully

2023-10-09 17:58:46 - [MESSAGE][PASSED] - Navigate to 'https://app.landingly.com/' successfully

2023-10-09 17:58:46 - [TEST_STEP][PASSED] - setText(findTestObject("Projects/TC031-Verify user can edit product/Page_Landingly  Login/input_Email_login-email"), "sqaahmadtahir@gmail.com"): Text 'sqaahmadtahir@gmail.com' is set on object 'Object Repository/Projects/TC031-Verify user can edit product/Page_Landingly  Login/input_Email_login-email'

2023-10-09 17:58:47 - [MESSAGE][PASSED] - Text 'sqaahmadtahir@gmail.com' is set on object 'Object Repository/Projects/TC031-Verify user can edit product/Page_Landingly  Login/input_Email_login-email'

2023-10-09 17:58:47 - [TEST_STEP][PASSED] - setEncryptedText(findTestObject("Projects/TC031-Verify user can edit product/Page_Landingly  Login/input_Forgot Password_login-password"), "/5S6MFFLcE5DAenbZpYNsQ=="): Text ****** has been set on object 'Object Repository/Projects/TC031-Verify user can edit product/Page_Landingly  Login/input_Forgot Password_login-password'

2023-10-09 17:58:48 - [MESSAGE][PASSED] - Text ****** has been set on object 'Object Repository/Projects/TC031-Verify user can edit product/Page_Landingly  Login/input_Forgot Password_login-password'

2023-10-09 17:58:48 - [TEST_STEP][PASSED] - click(findTestObject("Projects/TC031-Verify user can edit product/Page_Landingly  Login/button_Sign in")): Object: 'Object Repository/Projects/TC031-Verify user can edit product/Page_Landingly  Login/button_Sign in' is clicked on

2023-10-09 17:58:48 - [MESSAGE][PASSED] - Object: 'Object Repository/Projects/TC031-Verify user can edit product/Page_Landingly  Login/button_Sign in' is clicked on

2023-10-09 17:58:48 - [TEST_STEP][PASSED] - click(findTestObject("Projects/TC031-Verify user can edit product/Page_Landingly/a_Projects")): Object: 'Object Repository/Projects/TC031-Verify user can edit product/Page_Landingly/a_Projects' is clicked on

2023-10-09 17:58:51 - [MESSAGE][PASSED] - Object: 'Object Repository/Projects/TC031-Verify user can edit product/Page_Landingly/a_Projects' is clicked on

2023-10-09 17:58:51 - [TEST_STEP][PASSED] - click(findTestObject("Projects/TC031-Verify user can edit product/Page_Landingly  Projects/button_New Project")): Object: 'Object Repository/Projects/TC031-Verify user can edit product/Page_Landingly  Projects/button_New Project' is clicked on

2023-10-09 17:58:55 - [MESSAGE][PASSED] - Object: 'Object Repository/Projects/TC031-Verify user can edit product/Page_Landingly  Projects/button_New Project' is clicked on

2023-10-09 17:58:55 - [TEST_STEP][PASSED] - setText(findTestObject("Projects/TC031-Verify user can edit product/Page_Landingly  Projects/input__ProjectName"), "sales"): Text 'sales' is set on object 'Object Repository/Projects/TC031-Verify user can edit product/Page_Landingly  Projects/input__ProjectName'

2023-10-09 17:58:57 - [MESSAGE][PASSED] - Text 'sales' is set on object 'Object Repository/Projects/TC031-Verify user can edit product/Page_Landingly  Projects/input__ProjectName'

2023-10-09 17:58:57 - [TEST_STEP][PASSED] - click(findTestObject("Projects/TC031-Verify user can edit product/Page_Landingly  Projects/label_Sales Funnel")): Object: 'Object Repository/Projects/TC031-Verify user can edit product/Page_Landingly  Projects/label_Sales Funnel' is clicked on

2023-10-09 17:58:58 - [MESSAGE][PASSED] - Object: 'Object Repository/Projects/TC031-Verify user can edit product/Page_Landingly  Projects/label_Sales Funnel' is clicked on

2023-10-09 17:58:58 - [TEST_STEP][PASSED] - click(findTestObject("Projects/TC031-Verify user can edit product/Page_Landingly  Projects/button_Build Project")): Object: 'Object Repository/Projects/TC031-Verify user can edit product/Page_Landingly  Projects/button_Build Project' is clicked on

2023-10-09 17:58:59 - [MESSAGE][PASSED] - Object: 'Object Repository/Projects/TC031-Verify user can edit product/Page_Landingly  Projects/button_Build Project' is clicked on

2023-10-09 17:58:59 - [TEST_STEP][PASSED] - click(findTestObject("Projects/TC031-Verify user can edit product/Page_Landingly  Project Detail/a_Use This")): Object: 'Object Repository/Projects/TC031-Verify user can edit product/Page_Landingly  Project Detail/a_Use This' is clicked on

2023-10-09 17:59:08 - [MESSAGE][PASSED] - Object: 'Object Repository/Projects/TC031-Verify user can edit product/Page_Landingly  Project Detail/a_Use This' is clicked on

2023-10-09 17:59:08 - [TEST_STEP][PASSED] - click(findTestObject("Projects/TC031-Verify user can edit product/Page_Landingly  Project Detail/a_Use This")): Object: 'Object Repository/Projects/TC031-Verify user can edit product/Page_Landingly  Project Detail/a_Use This' is clicked on

2023-10-09 17:59:11 - [MESSAGE][PASSED] - Object: 'Object Repository/Projects/TC031-Verify user can edit product/Page_Landingly  Project Detail/a_Use This' is clicked on

2023-10-09 17:59:11 - [TEST_STEP][PASSED] - click(findTestObject("Projects/TC031-Verify user can edit product/Page_Landingly  Project Detail/button_Add New Product")): Object: 'Object Repository/Projects/TC031-Verify user can edit product/Page_Landingly  Project Detail/button_Add New Product' is clicked on

2023-10-09 17:59:14 - [MESSAGE][PASSED] - Object: 'Object Repository/Projects/TC031-Verify user can edit product/Page_Landingly  Project Detail/button_Add New Product' is clicked on

2023-10-09 17:59:14 - [TEST_STEP][PASSED] - populateSalesProjectName = customKeywords.Emailautomation.populateSalesProjectName(): customKeywords.Emailautomation.populateSalesProjectName is PASSED

2023-10-09 17:59:14 - [MESSAGE][PASSED] - customKeywords.Emailautomation.populateSalesProjectName is PASSED

2023-10-09 17:59:14 - [TEST_STEP][PASSED] - setText(findTestObject("Projects/TC031-Verify user can edit product/Page_Landingly  Project Detail/input__ProductName"), populateSalesProjectName): Text 'sales1576241944340600' is set on object 'Object Repository/Projects/TC031-Verify user can edit product/Page_Landingly  Project Detail/input__ProductName'

2023-10-09 17:59:17 - [MESSAGE][PASSED] - Text 'sales1576241944340600' is set on object 'Object Repository/Projects/TC031-Verify user can edit product/Page_Landingly  Project Detail/input__ProductName'

2023-10-09 17:59:17 - [TEST_STEP][PASSED] - setText(findTestObject("Projects/TC031-Verify user can edit product/Page_Landingly  Project Detail/input__ProductPrice"), "02"): Text '02' is set on object 'Object Repository/Projects/TC031-Verify user can edit product/Page_Landingly  Project Detail/input__ProductPrice'

2023-10-09 17:59:19 - [MESSAGE][PASSED] - Text '02' is set on object 'Object Repository/Projects/TC031-Verify user can edit product/Page_Landingly  Project Detail/input__ProductPrice'

2023-10-09 17:59:19 - [TEST_STEP][PASSED] - selectOptionByValue(findTestObject("Projects/TC031-Verify user can edit product/Page_Landingly  Project Detail/select_Select Payment Method PayPal  Stripe_d0e314"), "Select Payment Method", true): All options with value 'Select Payment Method' are selected in object 'Object Repository/Projects/TC031-Verify user can edit product/Page_Landingly  Project Detail/select_Select Payment Method PayPal  Stripe_d0e314'  using regular expression

2023-10-09 17:59:20 - [MESSAGE][PASSED] - All options with value 'Select Payment Method' are selected in object 'Object Repository/Projects/TC031-Verify user can edit product/Page_Landingly  Project Detail/select_Select Payment Method PayPal  Stripe_d0e314'  using regular expression

2023-10-09 17:59:20 - [TEST_STEP][PASSED] - selectOptionByValue(findTestObject("Projects/TC031-Verify user can edit product/Page_Landingly  Project Detail/select_Select Payment Method PayPal  Stripe_d0e314"), "Select Payment Method", true): All options with value 'Select Payment Method' are selected in object 'Object Repository/Projects/TC031-Verify user can edit product/Page_Landingly  Project Detail/select_Select Payment Method PayPal  Stripe_d0e314'  using regular expression

2023-10-09 17:59:21 - [MESSAGE][PASSED] - All options with value 'Select Payment Method' are selected in object 'Object Repository/Projects/TC031-Verify user can edit product/Page_Landingly  Project Detail/select_Select Payment Method PayPal  Stripe_d0e314'  using regular expression

2023-10-09 17:59:21 - [TEST_STEP][PASSED] - selectOptionByValue(findTestObject("Projects/TC031-Verify user can edit product/Page_Landingly  Project Detail/select_Select Payment Method PayPal  Stripe_d0e314"), "2", true): All options with value '2' are selected in object 'Object Repository/Projects/TC031-Verify user can edit product/Page_Landingly  Project Detail/select_Select Payment Method PayPal  Stripe_d0e314'  using regular expression

2023-10-09 17:59:23 - [MESSAGE][PASSED] - All options with value '2' are selected in object 'Object Repository/Projects/TC031-Verify user can edit product/Page_Landingly  Project Detail/select_Select Payment Method PayPal  Stripe_d0e314'  using regular expression

2023-10-09 17:59:23 - [TEST_STEP][PASSED] - selectOptionByValue(findTestObject("Projects/TC031-Verify user can edit product/Page_Landingly  Project Detail/select_Select Payment Method PayPal  Stripe_d0e314"), "2", true): All options with value '2' are selected in object 'Object Repository/Projects/TC031-Verify user can edit product/Page_Landingly  Project Detail/select_Select Payment Method PayPal  Stripe_d0e314'  using regular expression

2023-10-09 17:59:27 - [MESSAGE][PASSED] - All options with value '2' are selected in object 'Object Repository/Projects/TC031-Verify user can edit product/Page_Landingly  Project Detail/select_Select Payment Method PayPal  Stripe_d0e314'  using regular expression

2023-10-09 17:59:27 - [TEST_STEP][PASSED] - click(findTestObject("Projects/TC031-Verify user can edit product/Page_Landingly  Project Detail/a_Checkout Page Settings")): Object: 'Object Repository/Projects/TC031-Verify user can edit product/Page_Landingly  Project Detail/a_Checkout Page Settings' is clicked on

2023-10-09 17:59:28 - [MESSAGE][PASSED] - Object: 'Object Repository/Projects/TC031-Verify user can edit product/Page_Landingly  Project Detail/a_Checkout Page Settings' is clicked on

2023-10-09 17:59:28 - [TEST_STEP][PASSED] - click(findTestObject("Projects/TC031-Verify user can edit product/Page_Landingly  Project Detail/a_Use This")): Object: 'Object Repository/Projects/TC031-Verify user can edit product/Page_Landingly  Project Detail/a_Use This' is clicked on

2023-10-09 17:59:29 - [MESSAGE][PASSED] - Object: 'Object Repository/Projects/TC031-Verify user can edit product/Page_Landingly  Project Detail/a_Use This' is clicked on

2023-10-09 17:59:29 - [TEST_STEP][PASSED] - click(findTestObject("Projects/TC031-Verify user can edit product/Page_Landingly  Project Detail/button_Save")): Object: 'Object Repository/Projects/TC031-Verify user can edit product/Page_Landingly  Project Detail/button_Save' is clicked on

2023-10-09 17:59:31 - [MESSAGE][PASSED] - Object: 'Object Repository/Projects/TC031-Verify user can edit product/Page_Landingly  Project Detail/button_Save' is clicked on

2023-10-09 17:59:31 - [TEST_STEP][PASSED] - verifyElementText(findTestObject("Projects/TC031-Verify user can edit product/Page_Landingly  Project Detail/td_new product"), populateSalesProjectName): Actual text and expected text of test object 'Object Repository/Projects/TC031-Verify user can edit product/Page_Landingly  Project Detail/td_new product' are matched.

2023-10-09 17:59:33 - [MESSAGE][PASSED] - Actual text and expected text of test object 'Object Repository/Projects/TC031-Verify user can edit product/Page_Landingly  Project Detail/td_new product' are matched.

2023-10-09 17:59:33 - [TEST_STEP][PASSED] - click(findTestObject("Projects/TC031-Verify user can edit product/Page_Landingly  Project Detail/btnedit")): Object: 'Object Repository/Projects/TC031-Verify user can edit product/Page_Landingly  Project Detail/btnedit' is clicked on

2023-10-09 17:59:34 - [MESSAGE][PASSED] - Object: 'Object Repository/Projects/TC031-Verify user can edit product/Page_Landingly  Project Detail/btnedit' is clicked on

2023-10-09 17:59:34 - [TEST_STEP][PASSED] - populateProjectName = customKeywords.Emailautomation.populateSalesProjectName(): customKeywords.Emailautomation.populateSalesProjectName is PASSED

2023-10-09 17:59:34 - [MESSAGE][PASSED] - customKeywords.Emailautomation.populateSalesProjectName is PASSED

2023-10-09 17:59:34 - [TEST_STEP][PASSED] - setText(findTestObject("Projects/TC031-Verify user can edit product/Page_Landingly  Project Detail/input__ProductName"), populateProjectName): Text 'sales1576262472977000' is set on object 'Object Repository/Projects/TC031-Verify user can edit product/Page_Landingly  Project Detail/input__ProductName'

2023-10-09 17:59:37 - [MESSAGE][PASSED] - Text 'sales1576262472977000' is set on object 'Object Repository/Projects/TC031-Verify user can edit product/Page_Landingly  Project Detail/input__ProductName'

2023-10-09 17:59:37 - [TEST_STEP][PASSED] - setText(findTestObject("Projects/TC031-Verify user can edit product/Page_Landingly  Project Detail/input__ProductPrice"), "05"): Text '05' is set on object 'Object Repository/Projects/TC031-Verify user can edit product/Page_Landingly  Project Detail/input__ProductPrice'

2023-10-09 17:59:39 - [MESSAGE][PASSED] - Text '05' is set on object 'Object Repository/Projects/TC031-Verify user can edit product/Page_Landingly  Project Detail/input__ProductPrice'

2023-10-09 17:59:39 - [TEST_STEP][PASSED] - selectOptionByValue(findTestObject("Projects/TC031-Verify user can edit product/Page_Landingly  Project Detail/select_Select Payment Method PayPal  Stripe_d0e314"), "Select Payment Method", true): All options with value 'Select Payment Method' are selected in object 'Object Repository/Projects/TC031-Verify user can edit product/Page_Landingly  Project Detail/select_Select Payment Method PayPal  Stripe_d0e314'  using regular expression

2023-10-09 17:59:40 - [MESSAGE][PASSED] - All options with value 'Select Payment Method' are selected in object 'Object Repository/Projects/TC031-Verify user can edit product/Page_Landingly  Project Detail/select_Select Payment Method PayPal  Stripe_d0e314'  using regular expression

2023-10-09 17:59:40 - [TEST_STEP][PASSED] - selectOptionByValue(findTestObject("Projects/TC031-Verify user can edit product/Page_Landingly  Project Detail/select_Select Payment Method PayPal  Stripe_d0e314"), "Select Payment Method", true): All options with value 'Select Payment Method' are selected in object 'Object Repository/Projects/TC031-Verify user can edit product/Page_Landingly  Project Detail/select_Select Payment Method PayPal  Stripe_d0e314'  using regular expression

2023-10-09 17:59:47 - [MESSAGE][PASSED] - All options with value 'Select Payment Method' are selected in object 'Object Repository/Projects/TC031-Verify user can edit product/Page_Landingly  Project Detail/select_Select Payment Method PayPal  Stripe_d0e314'  using regular expression

2023-10-09 17:59:47 - [TEST_STEP][PASSED] - selectOptionByValue(findTestObject("Projects/TC031-Verify user can edit product/Page_Landingly  Project Detail/select_Select Payment Method PayPal  Stripe_d0e314"), "3", true): All options with value '3' are selected in object 'Object Repository/Projects/TC031-Verify user can edit product/Page_Landingly  Project Detail/select_Select Payment Method PayPal  Stripe_d0e314'  using regular expression

2023-10-09 17:59:49 - [MESSAGE][PASSED] - All options with value '3' are selected in object 'Object Repository/Projects/TC031-Verify user can edit product/Page_Landingly  Project Detail/select_Select Payment Method PayPal  Stripe_d0e314'  using regular expression

2023-10-09 17:59:49 - [TEST_STEP][PASSED] - selectOptionByValue(findTestObject("Projects/TC031-Verify user can edit product/Page_Landingly  Project Detail/select_Select Payment Method PayPal  Stripe_d0e314"), "3", true): All options with value '3' are selected in object 'Object Repository/Projects/TC031-Verify user can edit product/Page_Landingly  Project Detail/select_Select Payment Method PayPal  Stripe_d0e314'  using regular expression

2023-10-09 17:59:52 - [MESSAGE][PASSED] - All options with value '3' are selected in object 'Object Repository/Projects/TC031-Verify user can edit product/Page_Landingly  Project Detail/select_Select Payment Method PayPal  Stripe_d0e314'  using regular expression

2023-10-09 17:59:52 - [TEST_STEP][PASSED] - click(findTestObject("Projects/TC031-Verify user can edit product/Page_Landingly  Project Detail/a_Checkout Page Settings")): Object: 'Object Repository/Projects/TC031-Verify user can edit product/Page_Landingly  Project Detail/a_Checkout Page Settings' is clicked on

2023-10-09 17:59:53 - [MESSAGE][PASSED] - Object: 'Object Repository/Projects/TC031-Verify user can edit product/Page_Landingly  Project Detail/a_Checkout Page Settings' is clicked on

2023-10-09 17:59:53 - [TEST_STEP][PASSED] - click(findTestObject("Projects/TC031-Verify user can edit product/Page_Landingly  Project Detail/a_Use This - Copy")): Object: 'Object Repository/Projects/TC031-Verify user can edit product/Page_Landingly  Project Detail/a_Use This - Copy' is clicked on

2023-10-09 17:59:54 - [MESSAGE][PASSED] - Object: 'Object Repository/Projects/TC031-Verify user can edit product/Page_Landingly  Project Detail/a_Use This - Copy' is clicked on

2023-10-09 17:59:54 - [TEST_STEP][PASSED] - click(findTestObject("Projects/TC031-Verify user can edit product/Page_Landingly  Project Detail/button_Save - Copy")): Object: 'Object Repository/Projects/TC031-Verify user can edit product/Page_Landingly  Project Detail/button_Save - Copy' is clicked on

2023-10-09 17:59:56 - [MESSAGE][PASSED] - Object: 'Object Repository/Projects/TC031-Verify user can edit product/Page_Landingly  Project Detail/button_Save - Copy' is clicked on

2023-10-09 17:59:56 - [TEST_STEP][PASSED] - delay(10): Delayed 10 second(s)

2023-10-09 18:00:06 - [MESSAGE][PASSED] - Delayed 10 second(s)

2023-10-09 18:00:06 - [TEST_STEP][PASSED] - verifyElementText(findTestObject("Projects/TC031-Verify user can edit product/Page_Landingly  Project Detail/td_new product"), populateProjectName): Actual text and expected text of test object 'Object Repository/Projects/TC031-Verify user can edit product/Page_Landingly  Project Detail/td_new product' are matched.

2023-10-09 18:00:06 - [MESSAGE][PASSED] - Actual text and expected text of test object 'Object Repository/Projects/TC031-Verify user can edit product/Page_Landingly  Project Detail/td_new product' are matched.

2023-10-09 18:00:06 - [TEST_STEP][PASSED] - closeBrowser(): Browser is closed

2023-10-09 18:00:07 - [MESSAGE][PASSED] - Browser is closed]]></system-out>
         <system-err><![CDATA[]]></system-err>
      </testcase>
      <testcase name="Test Cases/Projects/TC032-Verify user can delete product" time="54.588" classname="Test Cases/Projects/TC032-Verify user can delete product" status="FAILED">
         <failure type="FAILED" message="Test Cases/Projects/TC032-Verify user can delete product FAILED.
Reason:
com.kms.katalon.core.exception.StepFailedException: Unable to set text 'sales' of object 'Object Repository/Projects/TC032-Verify user can delete product/Page_Landingly  Projects/input__ProjectName'
	at com.kms.katalon.core.webui.keyword.internal.WebUIKeywordMain.stepFailed(WebUIKeywordMain.groovy:64)
	at com.kms.katalon.core.webui.keyword.internal.WebUIKeywordMain.runKeyword(WebUIKeywordMain.groovy:26)
	at com.kms.katalon.core.webui.keyword.builtin.SetTextKeyword.setText(SetTextKeyword.groovy:66)
	at com.kms.katalon.core.webui.keyword.builtin.SetTextKeyword.execute(SetTextKeyword.groovy:37)
	at com.kms.katalon.core.keyword.internal.KeywordExecutor.executeKeywordForPlatform(KeywordExecutor.groovy:74)
	at com.kms.katalon.core.webui.keyword.WebUiBuiltInKeywords.setText(WebUiBuiltInKeywords.groovy:980)
	at com.kms.katalon.core.webui.keyword.WebUiBuiltInKeywords$setText$2.call(Unknown Source)
	at TC032-Verify user can delete product.run(TC032-Verify user can delete product:38)
	at com.kms.katalon.core.main.ScriptEngine.run(ScriptEngine.java:194)
	at com.kms.katalon.core.main.ScriptEngine.runScriptAsRawText(ScriptEngine.java:119)
	at com.kms.katalon.core.main.TestCaseExecutor.runScript(TestCaseExecutor.java:448)
	at com.kms.katalon.core.main.TestCaseExecutor.doExecute(TestCaseExecutor.java:439)
	at com.kms.katalon.core.main.TestCaseExecutor.processExecutionPhase(TestCaseExecutor.java:418)
	at com.kms.katalon.core.main.TestCaseExecutor.accessMainPhase(TestCaseExecutor.java:410)
	at com.kms.katalon.core.main.TestCaseExecutor.execute(TestCaseExecutor.java:285)
	at com.kms.katalon.core.common.CommonExecutor.accessTestCaseMainPhase(CommonExecutor.java:65)
	at com.kms.katalon.core.main.TestSuiteExecutor.accessTestSuiteMainPhase(TestSuiteExecutor.java:148)
	at com.kms.katalon.core.main.TestSuiteExecutor.execute(TestSuiteExecutor.java:106)
	at com.kms.katalon.core.main.TestCaseMain.startTestSuite(TestCaseMain.java:187)
	at com.kms.katalon.core.main.TestCaseMain$startTestSuite$0.call(Unknown Source)
	at TempTestSuite1696855132405.run(TempTestSuite1696855132405.groovy:36)
Caused by: com.kms.katalon.core.webui.exception.WebElementNotFoundException: Web element with id: 'Object Repository/Projects/TC032-Verify user can delete product/Page_Landingly  Projects/input__ProjectName' located by '//input[@id='ProjectName']' not found
	at com.kms.katalon.core.webui.common.WebUiCommonHelper.findWebElement(WebUiCommonHelper.java:1381)
	at com.kms.katalon.core.webui.keyword.internal.WebUIAbstractKeyword.findWebElement(WebUIAbstractKeyword.groovy:27)
	at com.kms.katalon.core.webui.keyword.internal.WebUIAbstractKeyword.findWebElement(WebUIAbstractKeyword.groovy:26)
	at com.kms.katalon.core.webui.keyword.builtin.SetTextKeyword$_setText_closure1.doCall(SetTextKeyword.groovy:51)
	at com.kms.katalon.core.webui.keyword.builtin.SetTextKeyword$_setText_closure1.call(SetTextKeyword.groovy)
	at com.kms.katalon.core.webui.keyword.internal.WebUIKeywordMain.runKeyword(WebUIKeywordMain.groovy:20)
	... 19 more
"/>
         <system-out><![CDATA[2023-10-09 18:00:07 - [TEST_CASE][FAILED] - Test Cases/Projects/TC032-Verify user can delete product: Test Cases/Projects/TC032-Verify user can delete product FAILED.
Reason:
com.kms.katalon.core.exception.StepFailedException: Unable to set text 'sales' of object 'Object Repository/Projects/TC032-Verify user can delete product/Page_Landingly  Projects/input__ProjectName'
	at com.kms.katalon.core.webui.keyword.internal.WebUIKeywordMain.stepFailed(WebUIKeywordMain.groovy:64)
	at com.kms.katalon.core.webui.keyword.internal.WebUIKeywordMain.runKeyword(WebUIKeywordMain.groovy:26)
	at com.kms.katalon.core.webui.keyword.builtin.SetTextKeyword.setText(SetTextKeyword.groovy:66)
	at com.kms.katalon.core.webui.keyword.builtin.SetTextKeyword.execute(SetTextKeyword.groovy:37)
	at com.kms.katalon.core.keyword.internal.KeywordExecutor.executeKeywordForPlatform(KeywordExecutor.groovy:74)
	at com.kms.katalon.core.webui.keyword.WebUiBuiltInKeywords.setText(WebUiBuiltInKeywords.groovy:980)
	at com.kms.katalon.core.webui.keyword.WebUiBuiltInKeywords$setText$2.call(Unknown Source)
	at TC032-Verify user can delete product.run(TC032-Verify user can delete product:38)
	at com.kms.katalon.core.main.ScriptEngine.run(ScriptEngine.java:194)
	at com.kms.katalon.core.main.ScriptEngine.runScriptAsRawText(ScriptEngine.java:119)
	at com.kms.katalon.core.main.TestCaseExecutor.runScript(TestCaseExecutor.java:448)
	at com.kms.katalon.core.main.TestCaseExecutor.doExecute(TestCaseExecutor.java:439)
	at com.kms.katalon.core.main.TestCaseExecutor.processExecutionPhase(TestCaseExecutor.java:418)
	at com.kms.katalon.core.main.TestCaseExecutor.accessMainPhase(TestCaseExecutor.java:410)
	at com.kms.katalon.core.main.TestCaseExecutor.execute(TestCaseExecutor.java:285)
	at com.kms.katalon.core.common.CommonExecutor.accessTestCaseMainPhase(CommonExecutor.java:65)
	at com.kms.katalon.core.main.TestSuiteExecutor.accessTestSuiteMainPhase(TestSuiteExecutor.java:148)
	at com.kms.katalon.core.main.TestSuiteExecutor.execute(TestSuiteExecutor.java:106)
	at com.kms.katalon.core.main.TestCaseMain.startTestSuite(TestCaseMain.java:187)
	at com.kms.katalon.core.main.TestCaseMain$startTestSuite$0.call(Unknown Source)
	at TempTestSuite1696855132405.run(TempTestSuite1696855132405.groovy:36)
Caused by: com.kms.katalon.core.webui.exception.WebElementNotFoundException: Web element with id: 'Object Repository/Projects/TC032-Verify user can delete product/Page_Landingly  Projects/input__ProjectName' located by '//input[@id='ProjectName']' not found
	at com.kms.katalon.core.webui.common.WebUiCommonHelper.findWebElement(WebUiCommonHelper.java:1381)
	at com.kms.katalon.core.webui.keyword.internal.WebUIAbstractKeyword.findWebElement(WebUIAbstractKeyword.groovy:27)
	at com.kms.katalon.core.webui.keyword.internal.WebUIAbstractKeyword.findWebElement(WebUIAbstractKeyword.groovy:26)
	at com.kms.katalon.core.webui.keyword.builtin.SetTextKeyword$_setText_closure1.doCall(SetTextKeyword.groovy:51)
	at com.kms.katalon.core.webui.keyword.builtin.SetTextKeyword$_setText_closure1.call(SetTextKeyword.groovy)
	at com.kms.katalon.core.webui.keyword.internal.WebUIKeywordMain.runKeyword(WebUIKeywordMain.groovy:20)
	... 19 more


2023-10-09 18:00:08 - [TEST_STEP][PASSED] - openBrowser(""): Browser is opened with url: ''

2023-10-09 18:00:08 - [MESSAGE][INFO] - Starting 'Chrome' driver

2023-10-09 18:00:08 - [MESSAGE][INFO] - Action delay is set to 0 milliseconds

2023-10-09 18:00:11 - [MESSAGE][PASSED] - Browser is opened with url: ''

2023-10-09 18:00:11 - [TEST_STEP][PASSED] - maximizeWindow(): Current window maximized

2023-10-09 18:00:12 - [MESSAGE][PASSED] - Current window maximized

2023-10-09 18:00:12 - [TEST_STEP][PASSED] - navigateToUrl("https://app.landingly.com/"): Navigate to 'https://app.landingly.com/' successfully

2023-10-09 18:00:24 - [MESSAGE][PASSED] - Navigate to 'https://app.landingly.com/' successfully

2023-10-09 18:00:24 - [TEST_STEP][PASSED] - setText(findTestObject("Projects/TC032-Verify user can delete product/Page_Landingly  Login/input_Email_login-email"), "sqaahmadtahir@gmail.com"): Text 'sqaahmadtahir@gmail.com' is set on object 'Object Repository/Projects/TC032-Verify user can delete product/Page_Landingly  Login/input_Email_login-email'

2023-10-09 18:00:25 - [MESSAGE][PASSED] - Text 'sqaahmadtahir@gmail.com' is set on object 'Object Repository/Projects/TC032-Verify user can delete product/Page_Landingly  Login/input_Email_login-email'

2023-10-09 18:00:25 - [TEST_STEP][PASSED] - setEncryptedText(findTestObject("Projects/TC032-Verify user can delete product/Page_Landingly  Login/input_Forgot Password_login-password"), "/5S6MFFLcE5DAenbZpYNsQ=="): Text ****** has been set on object 'Object Repository/Projects/TC032-Verify user can delete product/Page_Landingly  Login/input_Forgot Password_login-password'

2023-10-09 18:00:26 - [MESSAGE][PASSED] - Text ****** has been set on object 'Object Repository/Projects/TC032-Verify user can delete product/Page_Landingly  Login/input_Forgot Password_login-password'

2023-10-09 18:00:26 - [TEST_STEP][PASSED] - click(findTestObject("Projects/TC032-Verify user can delete product/Page_Landingly  Login/button_Sign in")): Object: 'Object Repository/Projects/TC032-Verify user can delete product/Page_Landingly  Login/button_Sign in' is clicked on

2023-10-09 18:00:26 - [MESSAGE][PASSED] - Object: 'Object Repository/Projects/TC032-Verify user can delete product/Page_Landingly  Login/button_Sign in' is clicked on

2023-10-09 18:00:26 - [TEST_STEP][PASSED] - click(findTestObject("Projects/TC032-Verify user can delete product/Page_Landingly/a_Projects")): Object: 'Object Repository/Projects/TC032-Verify user can delete product/Page_Landingly/a_Projects' is clicked on

2023-10-09 18:00:29 - [MESSAGE][PASSED] - Object: 'Object Repository/Projects/TC032-Verify user can delete product/Page_Landingly/a_Projects' is clicked on

2023-10-09 18:00:29 - [TEST_STEP][PASSED] - click(findTestObject("Projects/TC032-Verify user can delete product/Page_Landingly  Projects/button_New Project")): Object: 'Object Repository/Projects/TC032-Verify user can delete product/Page_Landingly  Projects/button_New Project' is clicked on

2023-10-09 18:00:30 - [MESSAGE][PASSED] - Object: 'Object Repository/Projects/TC032-Verify user can delete product/Page_Landingly  Projects/button_New Project' is clicked on

2023-10-09 18:00:30 - [TEST_STEP][FAILED] - setText(findTestObject("Projects/TC032-Verify user can delete product/Page_Landingly  Projects/input__ProjectName"), "sales"): Unable to set text 'sales' of object 'Object Repository/Projects/TC032-Verify user can delete product/Page_Landingly  Projects/input__ProjectName' (Root cause: com.kms.katalon.core.exception.StepFailedException: Unable to set text 'sales' of object 'Object Repository/Projects/TC032-Verify user can delete product/Page_Landingly  Projects/input__ProjectName'
	at com.kms.katalon.core.webui.keyword.internal.WebUIKeywordMain.stepFailed(WebUIKeywordMain.groovy:64)
	at com.kms.katalon.core.webui.keyword.internal.WebUIKeywordMain.runKeyword(WebUIKeywordMain.groovy:26)
	at com.kms.katalon.core.webui.keyword.builtin.SetTextKeyword.setText(SetTextKeyword.groovy:66)
	at com.kms.katalon.core.webui.keyword.builtin.SetTextKeyword.execute(SetTextKeyword.groovy:37)
	at com.kms.katalon.core.keyword.internal.KeywordExecutor.executeKeywordForPlatform(KeywordExecutor.groovy:74)
	at com.kms.katalon.core.webui.keyword.WebUiBuiltInKeywords.setText(WebUiBuiltInKeywords.groovy:980)
	at com.kms.katalon.core.webui.keyword.WebUiBuiltInKeywords$setText$2.call(Unknown Source)
	at TC032-Verify user can delete product.run(TC032-Verify user can delete product:38)
	at com.kms.katalon.core.main.ScriptEngine.run(ScriptEngine.java:194)
	at com.kms.katalon.core.main.ScriptEngine.runScriptAsRawText(ScriptEngine.java:119)
	at com.kms.katalon.core.main.TestCaseExecutor.runScript(TestCaseExecutor.java:448)
	at com.kms.katalon.core.main.TestCaseExecutor.doExecute(TestCaseExecutor.java:439)
	at com.kms.katalon.core.main.TestCaseExecutor.processExecutionPhase(TestCaseExecutor.java:418)
	at com.kms.katalon.core.main.TestCaseExecutor.accessMainPhase(TestCaseExecutor.java:410)
	at com.kms.katalon.core.main.TestCaseExecutor.execute(TestCaseExecutor.java:285)
	at com.kms.katalon.core.common.CommonExecutor.accessTestCaseMainPhase(CommonExecutor.java:65)
	at com.kms.katalon.core.main.TestSuiteExecutor.accessTestSuiteMainPhase(TestSuiteExecutor.java:148)
	at com.kms.katalon.core.main.TestSuiteExecutor.execute(TestSuiteExecutor.java:106)
	at com.kms.katalon.core.main.TestCaseMain.startTestSuite(TestCaseMain.java:187)
	at com.kms.katalon.core.main.TestCaseMain$startTestSuite$0.call(Unknown Source)
	at TempTestSuite1696855132405.run(TempTestSuite1696855132405.groovy:36)
Caused by: com.kms.katalon.core.webui.exception.WebElementNotFoundException: Web element with id: 'Object Repository/Projects/TC032-Verify user can delete product/Page_Landingly  Projects/input__ProjectName' located by '//input[@id='ProjectName']' not found
	at com.kms.katalon.core.webui.common.WebUiCommonHelper.findWebElement(WebUiCommonHelper.java:1381)
	at com.kms.katalon.core.webui.keyword.internal.WebUIAbstractKeyword.findWebElement(WebUIAbstractKeyword.groovy:27)
	at com.kms.katalon.core.webui.keyword.internal.WebUIAbstractKeyword.findWebElement(WebUIAbstractKeyword.groovy:26)
	at com.kms.katalon.core.webui.keyword.builtin.SetTextKeyword$_setText_closure1.doCall(SetTextKeyword.groovy:51)
	at com.kms.katalon.core.webui.keyword.builtin.SetTextKeyword$_setText_closure1.call(SetTextKeyword.groovy)
	at com.kms.katalon.core.webui.keyword.internal.WebUIKeywordMain.runKeyword(WebUIKeywordMain.groovy:20)
	at com.kms.katalon.core.webui.keyword.builtin.SetTextKeyword.setText(SetTextKeyword.groovy:66)
	at com.kms.katalon.core.webui.keyword.builtin.SetTextKeyword.execute(SetTextKeyword.groovy:37)
	at com.kms.katalon.core.keyword.internal.KeywordExecutor.executeKeywordForPlatform(KeywordExecutor.groovy:74)
	at com.kms.katalon.core.webui.keyword.WebUiBuiltInKeywords.setText(WebUiBuiltInKeywords.groovy:980)
	at com.kms.katalon.core.webui.keyword.WebUiBuiltInKeywords$setText$2.call(Unknown Source)
	at Script1696504793938.run(Script1696504793938.groovy:38)
	... 13 more
)

2023-10-09 18:01:02 - [MESSAGE][INFO] - Unable to find the element located by 'By.xpath: //input[@id='ProjectName']'. Please recheck the objects properties to make sure the desired element is located. 

2023-10-09 18:01:02 - [MESSAGE][FAILED] - Unable to set text 'sales' of object 'Object Repository/Projects/TC032-Verify user can delete product/Page_Landingly  Projects/input__ProjectName' (Root cause: com.kms.katalon.core.exception.StepFailedException: Unable to set text 'sales' of object 'Object Repository/Projects/TC032-Verify user can delete product/Page_Landingly  Projects/input__ProjectName'
	at com.kms.katalon.core.webui.keyword.internal.WebUIKeywordMain.stepFailed(WebUIKeywordMain.groovy:64)
	at com.kms.katalon.core.webui.keyword.internal.WebUIKeywordMain.runKeyword(WebUIKeywordMain.groovy:26)
	at com.kms.katalon.core.webui.keyword.builtin.SetTextKeyword.setText(SetTextKeyword.groovy:66)
	at com.kms.katalon.core.webui.keyword.builtin.SetTextKeyword.execute(SetTextKeyword.groovy:37)
	at com.kms.katalon.core.keyword.internal.KeywordExecutor.executeKeywordForPlatform(KeywordExecutor.groovy:74)
	at com.kms.katalon.core.webui.keyword.WebUiBuiltInKeywords.setText(WebUiBuiltInKeywords.groovy:980)
	at com.kms.katalon.core.webui.keyword.WebUiBuiltInKeywords$setText$2.call(Unknown Source)
	at TC032-Verify user can delete product.run(TC032-Verify user can delete product:38)
	at com.kms.katalon.core.main.ScriptEngine.run(ScriptEngine.java:194)
	at com.kms.katalon.core.main.ScriptEngine.runScriptAsRawText(ScriptEngine.java:119)
	at com.kms.katalon.core.main.TestCaseExecutor.runScript(TestCaseExecutor.java:448)
	at com.kms.katalon.core.main.TestCaseExecutor.doExecute(TestCaseExecutor.java:439)
	at com.kms.katalon.core.main.TestCaseExecutor.processExecutionPhase(TestCaseExecutor.java:418)
	at com.kms.katalon.core.main.TestCaseExecutor.accessMainPhase(TestCaseExecutor.java:410)
	at com.kms.katalon.core.main.TestCaseExecutor.execute(TestCaseExecutor.java:285)
	at com.kms.katalon.core.common.CommonExecutor.accessTestCaseMainPhase(CommonExecutor.java:65)
	at com.kms.katalon.core.main.TestSuiteExecutor.accessTestSuiteMainPhase(TestSuiteExecutor.java:148)
	at com.kms.katalon.core.main.TestSuiteExecutor.execute(TestSuiteExecutor.java:106)
	at com.kms.katalon.core.main.TestCaseMain.startTestSuite(TestCaseMain.java:187)
	at com.kms.katalon.core.main.TestCaseMain$startTestSuite$0.call(Unknown Source)
	at TempTestSuite1696855132405.run(TempTestSuite1696855132405.groovy:36)
Caused by: com.kms.katalon.core.webui.exception.WebElementNotFoundException: Web element with id: 'Object Repository/Projects/TC032-Verify user can delete product/Page_Landingly  Projects/input__ProjectName' located by '//input[@id='ProjectName']' not found
	at com.kms.katalon.core.webui.common.WebUiCommonHelper.findWebElement(WebUiCommonHelper.java:1381)
	at com.kms.katalon.core.webui.keyword.internal.WebUIAbstractKeyword.findWebElement(WebUIAbstractKeyword.groovy:27)
	at com.kms.katalon.core.webui.keyword.internal.WebUIAbstractKeyword.findWebElement(WebUIAbstractKeyword.groovy:26)
	at com.kms.katalon.core.webui.keyword.builtin.SetTextKeyword$_setText_closure1.doCall(SetTextKeyword.groovy:51)
	at com.kms.katalon.core.webui.keyword.builtin.SetTextKeyword$_setText_closure1.call(SetTextKeyword.groovy)
	at com.kms.katalon.core.webui.keyword.internal.WebUIKeywordMain.runKeyword(WebUIKeywordMain.groovy:20)
	at com.kms.katalon.core.webui.keyword.builtin.SetTextKeyword.setText(SetTextKeyword.groovy:66)
	at com.kms.katalon.core.webui.keyword.builtin.SetTextKeyword.execute(SetTextKeyword.groovy:37)
	at com.kms.katalon.core.keyword.internal.KeywordExecutor.executeKeywordForPlatform(KeywordExecutor.groovy:74)
	at com.kms.katalon.core.webui.keyword.WebUiBuiltInKeywords.setText(WebUiBuiltInKeywords.groovy:980)
	at com.kms.katalon.core.webui.keyword.WebUiBuiltInKeywords$setText$2.call(Unknown Source)
	at Script1696504793938.run(Script1696504793938.groovy:38)
	... 13 more
)
[[ATTACHMENT|C:\\Users\\TDS\\git\\Landingly\\Reports\\20231009_173852\\Landingly\\20231009_173852\\1696856462119.png]]]]></system-out>
         <system-err><![CDATA[2023-10-09 18:00:07 - [TEST_CASE][FAILED] - Test Cases/Projects/TC032-Verify user can delete product: Test Cases/Projects/TC032-Verify user can delete product FAILED.
Reason:
com.kms.katalon.core.exception.StepFailedException: Unable to set text 'sales' of object 'Object Repository/Projects/TC032-Verify user can delete product/Page_Landingly  Projects/input__ProjectName'
	at com.kms.katalon.core.webui.keyword.internal.WebUIKeywordMain.stepFailed(WebUIKeywordMain.groovy:64)
	at com.kms.katalon.core.webui.keyword.internal.WebUIKeywordMain.runKeyword(WebUIKeywordMain.groovy:26)
	at com.kms.katalon.core.webui.keyword.builtin.SetTextKeyword.setText(SetTextKeyword.groovy:66)
	at com.kms.katalon.core.webui.keyword.builtin.SetTextKeyword.execute(SetTextKeyword.groovy:37)
	at com.kms.katalon.core.keyword.internal.KeywordExecutor.executeKeywordForPlatform(KeywordExecutor.groovy:74)
	at com.kms.katalon.core.webui.keyword.WebUiBuiltInKeywords.setText(WebUiBuiltInKeywords.groovy:980)
	at com.kms.katalon.core.webui.keyword.WebUiBuiltInKeywords$setText$2.call(Unknown Source)
	at TC032-Verify user can delete product.run(TC032-Verify user can delete product:38)
	at com.kms.katalon.core.main.ScriptEngine.run(ScriptEngine.java:194)
	at com.kms.katalon.core.main.ScriptEngine.runScriptAsRawText(ScriptEngine.java:119)
	at com.kms.katalon.core.main.TestCaseExecutor.runScript(TestCaseExecutor.java:448)
	at com.kms.katalon.core.main.TestCaseExecutor.doExecute(TestCaseExecutor.java:439)
	at com.kms.katalon.core.main.TestCaseExecutor.processExecutionPhase(TestCaseExecutor.java:418)
	at com.kms.katalon.core.main.TestCaseExecutor.accessMainPhase(TestCaseExecutor.java:410)
	at com.kms.katalon.core.main.TestCaseExecutor.execute(TestCaseExecutor.java:285)
	at com.kms.katalon.core.common.CommonExecutor.accessTestCaseMainPhase(CommonExecutor.java:65)
	at com.kms.katalon.core.main.TestSuiteExecutor.accessTestSuiteMainPhase(TestSuiteExecutor.java:148)
	at com.kms.katalon.core.main.TestSuiteExecutor.execute(TestSuiteExecutor.java:106)
	at com.kms.katalon.core.main.TestCaseMain.startTestSuite(TestCaseMain.java:187)
	at com.kms.katalon.core.main.TestCaseMain$startTestSuite$0.call(Unknown Source)
	at TempTestSuite1696855132405.run(TempTestSuite1696855132405.groovy:36)
Caused by: com.kms.katalon.core.webui.exception.WebElementNotFoundException: Web element with id: 'Object Repository/Projects/TC032-Verify user can delete product/Page_Landingly  Projects/input__ProjectName' located by '//input[@id='ProjectName']' not found
	at com.kms.katalon.core.webui.common.WebUiCommonHelper.findWebElement(WebUiCommonHelper.java:1381)
	at com.kms.katalon.core.webui.keyword.internal.WebUIAbstractKeyword.findWebElement(WebUIAbstractKeyword.groovy:27)
	at com.kms.katalon.core.webui.keyword.internal.WebUIAbstractKeyword.findWebElement(WebUIAbstractKeyword.groovy:26)
	at com.kms.katalon.core.webui.keyword.builtin.SetTextKeyword$_setText_closure1.doCall(SetTextKeyword.groovy:51)
	at com.kms.katalon.core.webui.keyword.builtin.SetTextKeyword$_setText_closure1.call(SetTextKeyword.groovy)
	at com.kms.katalon.core.webui.keyword.internal.WebUIKeywordMain.runKeyword(WebUIKeywordMain.groovy:20)
	... 19 more]]></system-err>
      </testcase>
      <testcase name="Test Cases/Projects/TC033-Verify user can add new email" time="73.6" classname="Test Cases/Projects/TC033-Verify user can add new email" status="FAILED">
         <failure type="FAILED" message="Test Cases/Projects/TC033-Verify user can add new email FAILED.
Reason:
com.kms.katalon.core.exception.StepFailedException: Unable to set text 'mail text automation' of object 'Object Repository/Projects/TC033-Verify user can add new email/Page_Landingly  Project Detail/input_mailbody'
	at com.kms.katalon.core.webui.keyword.internal.WebUIKeywordMain.stepFailed(WebUIKeywordMain.groovy:64)
	at com.kms.katalon.core.webui.keyword.internal.WebUIKeywordMain.runKeyword(WebUIKeywordMain.groovy:26)
	at com.kms.katalon.core.webui.keyword.builtin.SetTextKeyword.setText(SetTextKeyword.groovy:66)
	at com.kms.katalon.core.webui.keyword.builtin.SetTextKeyword.execute(SetTextKeyword.groovy:37)
	at com.kms.katalon.core.keyword.internal.KeywordExecutor.executeKeywordForPlatform(KeywordExecutor.groovy:74)
	at com.kms.katalon.core.webui.keyword.WebUiBuiltInKeywords.setText(WebUiBuiltInKeywords.groovy:980)
	at com.kms.katalon.core.webui.keyword.WebUiBuiltInKeywords$setText$2.call(Unknown Source)
	at TC033-Verify user can add new email.run(TC033-Verify user can add new email:58)
	at com.kms.katalon.core.main.ScriptEngine.run(ScriptEngine.java:194)
	at com.kms.katalon.core.main.ScriptEngine.runScriptAsRawText(ScriptEngine.java:119)
	at com.kms.katalon.core.main.TestCaseExecutor.runScript(TestCaseExecutor.java:448)
	at com.kms.katalon.core.main.TestCaseExecutor.doExecute(TestCaseExecutor.java:439)
	at com.kms.katalon.core.main.TestCaseExecutor.processExecutionPhase(TestCaseExecutor.java:418)
	at com.kms.katalon.core.main.TestCaseExecutor.accessMainPhase(TestCaseExecutor.java:410)
	at com.kms.katalon.core.main.TestCaseExecutor.execute(TestCaseExecutor.java:285)
	at com.kms.katalon.core.common.CommonExecutor.accessTestCaseMainPhase(CommonExecutor.java:65)
	at com.kms.katalon.core.main.TestSuiteExecutor.accessTestSuiteMainPhase(TestSuiteExecutor.java:148)
	at com.kms.katalon.core.main.TestSuiteExecutor.execute(TestSuiteExecutor.java:106)
	at com.kms.katalon.core.main.TestCaseMain.startTestSuite(TestCaseMain.java:187)
	at com.kms.katalon.core.main.TestCaseMain$startTestSuite$0.call(Unknown Source)
	at TempTestSuite1696855132405.run(TempTestSuite1696855132405.groovy:36)
Caused by: com.kms.katalon.core.webui.exception.WebElementNotFoundException: Web element with id: 'Object Repository/Projects/TC033-Verify user can add new email/Page_Landingly  Project Detail/input_mailbody' located by '//body/div[6]/div/div/div/div/span/form/div/div/div[9]/fieldset/div/span/div/div[2]/p' not found
	at com.kms.katalon.core.webui.common.WebUiCommonHelper.findWebElement(WebUiCommonHelper.java:1381)
	at com.kms.katalon.core.webui.keyword.internal.WebUIAbstractKeyword.findWebElement(WebUIAbstractKeyword.groovy:27)
	at com.kms.katalon.core.webui.keyword.internal.WebUIAbstractKeyword.findWebElement(WebUIAbstractKeyword.groovy:26)
	at com.kms.katalon.core.webui.keyword.builtin.SetTextKeyword$_setText_closure1.doCall(SetTextKeyword.groovy:51)
	at com.kms.katalon.core.webui.keyword.builtin.SetTextKeyword$_setText_closure1.call(SetTextKeyword.groovy)
	at com.kms.katalon.core.webui.keyword.internal.WebUIKeywordMain.runKeyword(WebUIKeywordMain.groovy:20)
	... 19 more
"/>
         <system-out><![CDATA[2023-10-09 18:01:02 - [TEST_CASE][FAILED] - Test Cases/Projects/TC033-Verify user can add new email: Test Cases/Projects/TC033-Verify user can add new email FAILED.
Reason:
com.kms.katalon.core.exception.StepFailedException: Unable to set text 'mail text automation' of object 'Object Repository/Projects/TC033-Verify user can add new email/Page_Landingly  Project Detail/input_mailbody'
	at com.kms.katalon.core.webui.keyword.internal.WebUIKeywordMain.stepFailed(WebUIKeywordMain.groovy:64)
	at com.kms.katalon.core.webui.keyword.internal.WebUIKeywordMain.runKeyword(WebUIKeywordMain.groovy:26)
	at com.kms.katalon.core.webui.keyword.builtin.SetTextKeyword.setText(SetTextKeyword.groovy:66)
	at com.kms.katalon.core.webui.keyword.builtin.SetTextKeyword.execute(SetTextKeyword.groovy:37)
	at com.kms.katalon.core.keyword.internal.KeywordExecutor.executeKeywordForPlatform(KeywordExecutor.groovy:74)
	at com.kms.katalon.core.webui.keyword.WebUiBuiltInKeywords.setText(WebUiBuiltInKeywords.groovy:980)
	at com.kms.katalon.core.webui.keyword.WebUiBuiltInKeywords$setText$2.call(Unknown Source)
	at TC033-Verify user can add new email.run(TC033-Verify user can add new email:58)
	at com.kms.katalon.core.main.ScriptEngine.run(ScriptEngine.java:194)
	at com.kms.katalon.core.main.ScriptEngine.runScriptAsRawText(ScriptEngine.java:119)
	at com.kms.katalon.core.main.TestCaseExecutor.runScript(TestCaseExecutor.java:448)
	at com.kms.katalon.core.main.TestCaseExecutor.doExecute(TestCaseExecutor.java:439)
	at com.kms.katalon.core.main.TestCaseExecutor.processExecutionPhase(TestCaseExecutor.java:418)
	at com.kms.katalon.core.main.TestCaseExecutor.accessMainPhase(TestCaseExecutor.java:410)
	at com.kms.katalon.core.main.TestCaseExecutor.execute(TestCaseExecutor.java:285)
	at com.kms.katalon.core.common.CommonExecutor.accessTestCaseMainPhase(CommonExecutor.java:65)
	at com.kms.katalon.core.main.TestSuiteExecutor.accessTestSuiteMainPhase(TestSuiteExecutor.java:148)
	at com.kms.katalon.core.main.TestSuiteExecutor.execute(TestSuiteExecutor.java:106)
	at com.kms.katalon.core.main.TestCaseMain.startTestSuite(TestCaseMain.java:187)
	at com.kms.katalon.core.main.TestCaseMain$startTestSuite$0.call(Unknown Source)
	at TempTestSuite1696855132405.run(TempTestSuite1696855132405.groovy:36)
Caused by: com.kms.katalon.core.webui.exception.WebElementNotFoundException: Web element with id: 'Object Repository/Projects/TC033-Verify user can add new email/Page_Landingly  Project Detail/input_mailbody' located by '//body/div[6]/div/div/div/div/span/form/div/div/div[9]/fieldset/div/span/div/div[2]/p' not found
	at com.kms.katalon.core.webui.common.WebUiCommonHelper.findWebElement(WebUiCommonHelper.java:1381)
	at com.kms.katalon.core.webui.keyword.internal.WebUIAbstractKeyword.findWebElement(WebUIAbstractKeyword.groovy:27)
	at com.kms.katalon.core.webui.keyword.internal.WebUIAbstractKeyword.findWebElement(WebUIAbstractKeyword.groovy:26)
	at com.kms.katalon.core.webui.keyword.builtin.SetTextKeyword$_setText_closure1.doCall(SetTextKeyword.groovy:51)
	at com.kms.katalon.core.webui.keyword.builtin.SetTextKeyword$_setText_closure1.call(SetTextKeyword.groovy)
	at com.kms.katalon.core.webui.keyword.internal.WebUIKeywordMain.runKeyword(WebUIKeywordMain.groovy:20)
	... 19 more


2023-10-09 18:01:03 - [TEST_STEP][PASSED] - openBrowser(""): Browser is opened with url: ''

2023-10-09 18:01:03 - [MESSAGE][WARNING] - A browser is already opened. Closing browser and opening a new one

2023-10-09 18:01:05 - [MESSAGE][INFO] - Starting 'Chrome' driver

2023-10-09 18:01:05 - [MESSAGE][INFO] - Action delay is set to 0 milliseconds

2023-10-09 18:01:07 - [MESSAGE][PASSED] - Browser is opened with url: ''

2023-10-09 18:01:07 - [TEST_STEP][PASSED] - maximizeWindow(): Current window maximized

2023-10-09 18:01:08 - [MESSAGE][PASSED] - Current window maximized

2023-10-09 18:01:08 - [TEST_STEP][PASSED] - navigateToUrl("https://app.landingly.com/"): Navigate to 'https://app.landingly.com/' successfully

2023-10-09 18:01:14 - [MESSAGE][PASSED] - Navigate to 'https://app.landingly.com/' successfully

2023-10-09 18:01:14 - [TEST_STEP][PASSED] - setText(findTestObject("Object Repository/Projects/TC033-Verify user can add new email/Page_Landingly  Login/input_Email_login-email"), "sqaahmadtahir@gmail.com"): Text 'sqaahmadtahir@gmail.com' is set on object 'Object Repository/Projects/TC033-Verify user can add new email/Page_Landingly  Login/input_Email_login-email'

2023-10-09 18:01:15 - [MESSAGE][PASSED] - Text 'sqaahmadtahir@gmail.com' is set on object 'Object Repository/Projects/TC033-Verify user can add new email/Page_Landingly  Login/input_Email_login-email'

2023-10-09 18:01:15 - [TEST_STEP][PASSED] - setEncryptedText(findTestObject("Object Repository/Projects/TC033-Verify user can add new email/Page_Landingly  Login/input_Forgot Password_login-password"), "/5S6MFFLcE5DAenbZpYNsQ=="): Text ****** has been set on object 'Object Repository/Projects/TC033-Verify user can add new email/Page_Landingly  Login/input_Forgot Password_login-password'

2023-10-09 18:01:16 - [MESSAGE][PASSED] - Text ****** has been set on object 'Object Repository/Projects/TC033-Verify user can add new email/Page_Landingly  Login/input_Forgot Password_login-password'

2023-10-09 18:01:16 - [TEST_STEP][PASSED] - click(findTestObject("Object Repository/Projects/TC033-Verify user can add new email/Page_Landingly  Login/button_Sign in")): Object: 'Object Repository/Projects/TC033-Verify user can add new email/Page_Landingly  Login/button_Sign in' is clicked on

2023-10-09 18:01:17 - [MESSAGE][PASSED] - Object: 'Object Repository/Projects/TC033-Verify user can add new email/Page_Landingly  Login/button_Sign in' is clicked on

2023-10-09 18:01:17 - [TEST_STEP][PASSED] - click(findTestObject("Object Repository/Projects/TC033-Verify user can add new email/Page_Landingly/a_Projects")): Object: 'Object Repository/Projects/TC033-Verify user can add new email/Page_Landingly/a_Projects' is clicked on

2023-10-09 18:01:19 - [MESSAGE][PASSED] - Object: 'Object Repository/Projects/TC033-Verify user can add new email/Page_Landingly/a_Projects' is clicked on

2023-10-09 18:01:19 - [TEST_STEP][PASSED] - click(findTestObject("Object Repository/Projects/TC033-Verify user can add new email/Page_Landingly  Projects/button_New Project")): Object: 'Object Repository/Projects/TC033-Verify user can add new email/Page_Landingly  Projects/button_New Project' is clicked on

2023-10-09 18:01:24 - [MESSAGE][PASSED] - Object: 'Object Repository/Projects/TC033-Verify user can add new email/Page_Landingly  Projects/button_New Project' is clicked on

2023-10-09 18:01:24 - [TEST_STEP][PASSED] - setText(findTestObject("Object Repository/Projects/TC033-Verify user can add new email/Page_Landingly  Projects/input__ProjectName"), "new project"): Text 'new project' is set on object 'Object Repository/Projects/TC033-Verify user can add new email/Page_Landingly  Projects/input__ProjectName'

2023-10-09 18:01:26 - [MESSAGE][PASSED] - Text 'new project' is set on object 'Object Repository/Projects/TC033-Verify user can add new email/Page_Landingly  Projects/input__ProjectName'

2023-10-09 18:01:26 - [TEST_STEP][PASSED] - click(findTestObject("Object Repository/Projects/TC033-Verify user can add new email/Page_Landingly  Projects/button_Build Project")): Object: 'Object Repository/Projects/TC033-Verify user can add new email/Page_Landingly  Projects/button_Build Project' is clicked on

2023-10-09 18:01:27 - [MESSAGE][PASSED] - Object: 'Object Repository/Projects/TC033-Verify user can add new email/Page_Landingly  Projects/button_Build Project' is clicked on

2023-10-09 18:01:27 - [TEST_STEP][PASSED] - click(findTestObject("Object Repository/Projects/TC033-Verify user can add new email/Page_Landingly  Project Detail/a_Use This")): Object: 'Object Repository/Projects/TC033-Verify user can add new email/Page_Landingly  Project Detail/a_Use This' is clicked on

2023-10-09 18:01:33 - [MESSAGE][PASSED] - Object: 'Object Repository/Projects/TC033-Verify user can add new email/Page_Landingly  Project Detail/a_Use This' is clicked on

2023-10-09 18:01:33 - [TEST_STEP][PASSED] - click(findTestObject("Object Repository/Projects/TC033-Verify user can add new email/Page_Landingly  Project Detail/a_Use This")): Object: 'Object Repository/Projects/TC033-Verify user can add new email/Page_Landingly  Project Detail/a_Use This' is clicked on

2023-10-09 18:01:35 - [MESSAGE][PASSED] - Object: 'Object Repository/Projects/TC033-Verify user can add new email/Page_Landingly  Project Detail/a_Use This' is clicked on

2023-10-09 18:01:35 - [TEST_STEP][PASSED] - click(findTestObject("Object Repository/Projects/TC033-Verify user can add new email/Page_Landingly  Project Detail/button_Add New Email")): Object: 'Object Repository/Projects/TC033-Verify user can add new email/Page_Landingly  Project Detail/button_Add New Email' is clicked on

2023-10-09 18:01:37 - [MESSAGE][PASSED] - Object: 'Object Repository/Projects/TC033-Verify user can add new email/Page_Landingly  Project Detail/button_Add New Email' is clicked on

2023-10-09 18:01:37 - [TEST_STEP][PASSED] - setText(findTestObject("Object Repository/Projects/TC033-Verify user can add new email/Page_Landingly  Project Detail/input__FromName"), "Ahmad"): Text 'Ahmad' is set on object 'Object Repository/Projects/TC033-Verify user can add new email/Page_Landingly  Project Detail/input__FromName'

2023-10-09 18:01:41 - [MESSAGE][PASSED] - Text 'Ahmad' is set on object 'Object Repository/Projects/TC033-Verify user can add new email/Page_Landingly  Project Detail/input__FromName'

2023-10-09 18:01:41 - [TEST_STEP][PASSED] - setText(findTestObject("Object Repository/Projects/TC033-Verify user can add new email/Page_Landingly  Project Detail/input__Subject"), "My subject"): Text 'My subject' is set on object 'Object Repository/Projects/TC033-Verify user can add new email/Page_Landingly  Project Detail/input__Subject'

2023-10-09 18:01:42 - [MESSAGE][PASSED] - Text 'My subject' is set on object 'Object Repository/Projects/TC033-Verify user can add new email/Page_Landingly  Project Detail/input__Subject'

2023-10-09 18:01:42 - [TEST_STEP][PASSED] - setText(findTestObject("Object Repository/Projects/TC033-Verify user can add new email/Page_Landingly  Project Detail/input__ReplyToEmail"), "sqaahmadtahir@gmail.com"): Text 'sqaahmadtahir@gmail.com' is set on object 'Object Repository/Projects/TC033-Verify user can add new email/Page_Landingly  Project Detail/input__ReplyToEmail'

2023-10-09 18:01:44 - [MESSAGE][PASSED] - Text 'sqaahmadtahir@gmail.com' is set on object 'Object Repository/Projects/TC033-Verify user can add new email/Page_Landingly  Project Detail/input__ReplyToEmail'

2023-10-09 18:01:44 - [TEST_STEP][FAILED] - setText(findTestObject("Projects/TC033-Verify user can add new email/Page_Landingly  Project Detail/input_mailbody"), "mail text automation"): Unable to set text 'mail text automation' of object 'Object Repository/Projects/TC033-Verify user can add new email/Page_Landingly  Project Detail/input_mailbody' (Root cause: com.kms.katalon.core.exception.StepFailedException: Unable to set text 'mail text automation' of object 'Object Repository/Projects/TC033-Verify user can add new email/Page_Landingly  Project Detail/input_mailbody'
	at com.kms.katalon.core.webui.keyword.internal.WebUIKeywordMain.stepFailed(WebUIKeywordMain.groovy:64)
	at com.kms.katalon.core.webui.keyword.internal.WebUIKeywordMain.runKeyword(WebUIKeywordMain.groovy:26)
	at com.kms.katalon.core.webui.keyword.builtin.SetTextKeyword.setText(SetTextKeyword.groovy:66)
	at com.kms.katalon.core.webui.keyword.builtin.SetTextKeyword.execute(SetTextKeyword.groovy:37)
	at com.kms.katalon.core.keyword.internal.KeywordExecutor.executeKeywordForPlatform(KeywordExecutor.groovy:74)
	at com.kms.katalon.core.webui.keyword.WebUiBuiltInKeywords.setText(WebUiBuiltInKeywords.groovy:980)
	at com.kms.katalon.core.webui.keyword.WebUiBuiltInKeywords$setText$2.call(Unknown Source)
	at TC033-Verify user can add new email.run(TC033-Verify user can add new email:58)
	at com.kms.katalon.core.main.ScriptEngine.run(ScriptEngine.java:194)
	at com.kms.katalon.core.main.ScriptEngine.runScriptAsRawText(ScriptEngine.java:119)
	at com.kms.katalon.core.main.TestCaseExecutor.runScript(TestCaseExecutor.java:448)
	at com.kms.katalon.core.main.TestCaseExecutor.doExecute(TestCaseExecutor.java:439)
	at com.kms.katalon.core.main.TestCaseExecutor.processExecutionPhase(TestCaseExecutor.java:418)
	at com.kms.katalon.core.main.TestCaseExecutor.accessMainPhase(TestCaseExecutor.java:410)
	at com.kms.katalon.core.main.TestCaseExecutor.execute(TestCaseExecutor.java:285)
	at com.kms.katalon.core.common.CommonExecutor.accessTestCaseMainPhase(CommonExecutor.java:65)
	at com.kms.katalon.core.main.TestSuiteExecutor.accessTestSuiteMainPhase(TestSuiteExecutor.java:148)
	at com.kms.katalon.core.main.TestSuiteExecutor.execute(TestSuiteExecutor.java:106)
	at com.kms.katalon.core.main.TestCaseMain.startTestSuite(TestCaseMain.java:187)
	at com.kms.katalon.core.main.TestCaseMain$startTestSuite$0.call(Unknown Source)
	at TempTestSuite1696855132405.run(TempTestSuite1696855132405.groovy:36)
Caused by: com.kms.katalon.core.webui.exception.WebElementNotFoundException: Web element with id: 'Object Repository/Projects/TC033-Verify user can add new email/Page_Landingly  Project Detail/input_mailbody' located by '//body/div[6]/div/div/div/div/span/form/div/div/div[9]/fieldset/div/span/div/div[2]/p' not found
	at com.kms.katalon.core.webui.common.WebUiCommonHelper.findWebElement(WebUiCommonHelper.java:1381)
	at com.kms.katalon.core.webui.keyword.internal.WebUIAbstractKeyword.findWebElement(WebUIAbstractKeyword.groovy:27)
	at com.kms.katalon.core.webui.keyword.internal.WebUIAbstractKeyword.findWebElement(WebUIAbstractKeyword.groovy:26)
	at com.kms.katalon.core.webui.keyword.builtin.SetTextKeyword$_setText_closure1.doCall(SetTextKeyword.groovy:51)
	at com.kms.katalon.core.webui.keyword.builtin.SetTextKeyword$_setText_closure1.call(SetTextKeyword.groovy)
	at com.kms.katalon.core.webui.keyword.internal.WebUIKeywordMain.runKeyword(WebUIKeywordMain.groovy:20)
	at com.kms.katalon.core.webui.keyword.builtin.SetTextKeyword.setText(SetTextKeyword.groovy:66)
	at com.kms.katalon.core.webui.keyword.builtin.SetTextKeyword.execute(SetTextKeyword.groovy:37)
	at com.kms.katalon.core.keyword.internal.KeywordExecutor.executeKeywordForPlatform(KeywordExecutor.groovy:74)
	at com.kms.katalon.core.webui.keyword.WebUiBuiltInKeywords.setText(WebUiBuiltInKeywords.groovy:980)
	at com.kms.katalon.core.webui.keyword.WebUiBuiltInKeywords$setText$2.call(Unknown Source)
	at Script1696509799536.run(Script1696509799536.groovy:58)
	... 13 more
)

2023-10-09 18:02:15 - [MESSAGE][INFO] - Unable to find the element located by 'By.xpath: //body/div[6]/div/div/div/div/span/form/div/div/div[9]/fieldset/div/span/div/div[2]/p'. Please recheck the objects properties to make sure the desired element is located. 

2023-10-09 18:02:16 - [MESSAGE][FAILED] - Unable to set text 'mail text automation' of object 'Object Repository/Projects/TC033-Verify user can add new email/Page_Landingly  Project Detail/input_mailbody' (Root cause: com.kms.katalon.core.exception.StepFailedException: Unable to set text 'mail text automation' of object 'Object Repository/Projects/TC033-Verify user can add new email/Page_Landingly  Project Detail/input_mailbody'
	at com.kms.katalon.core.webui.keyword.internal.WebUIKeywordMain.stepFailed(WebUIKeywordMain.groovy:64)
	at com.kms.katalon.core.webui.keyword.internal.WebUIKeywordMain.runKeyword(WebUIKeywordMain.groovy:26)
	at com.kms.katalon.core.webui.keyword.builtin.SetTextKeyword.setText(SetTextKeyword.groovy:66)
	at com.kms.katalon.core.webui.keyword.builtin.SetTextKeyword.execute(SetTextKeyword.groovy:37)
	at com.kms.katalon.core.keyword.internal.KeywordExecutor.executeKeywordForPlatform(KeywordExecutor.groovy:74)
	at com.kms.katalon.core.webui.keyword.WebUiBuiltInKeywords.setText(WebUiBuiltInKeywords.groovy:980)
	at com.kms.katalon.core.webui.keyword.WebUiBuiltInKeywords$setText$2.call(Unknown Source)
	at TC033-Verify user can add new email.run(TC033-Verify user can add new email:58)
	at com.kms.katalon.core.main.ScriptEngine.run(ScriptEngine.java:194)
	at com.kms.katalon.core.main.ScriptEngine.runScriptAsRawText(ScriptEngine.java:119)
	at com.kms.katalon.core.main.TestCaseExecutor.runScript(TestCaseExecutor.java:448)
	at com.kms.katalon.core.main.TestCaseExecutor.doExecute(TestCaseExecutor.java:439)
	at com.kms.katalon.core.main.TestCaseExecutor.processExecutionPhase(TestCaseExecutor.java:418)
	at com.kms.katalon.core.main.TestCaseExecutor.accessMainPhase(TestCaseExecutor.java:410)
	at com.kms.katalon.core.main.TestCaseExecutor.execute(TestCaseExecutor.java:285)
	at com.kms.katalon.core.common.CommonExecutor.accessTestCaseMainPhase(CommonExecutor.java:65)
	at com.kms.katalon.core.main.TestSuiteExecutor.accessTestSuiteMainPhase(TestSuiteExecutor.java:148)
	at com.kms.katalon.core.main.TestSuiteExecutor.execute(TestSuiteExecutor.java:106)
	at com.kms.katalon.core.main.TestCaseMain.startTestSuite(TestCaseMain.java:187)
	at com.kms.katalon.core.main.TestCaseMain$startTestSuite$0.call(Unknown Source)
	at TempTestSuite1696855132405.run(TempTestSuite1696855132405.groovy:36)
Caused by: com.kms.katalon.core.webui.exception.WebElementNotFoundException: Web element with id: 'Object Repository/Projects/TC033-Verify user can add new email/Page_Landingly  Project Detail/input_mailbody' located by '//body/div[6]/div/div/div/div/span/form/div/div/div[9]/fieldset/div/span/div/div[2]/p' not found
	at com.kms.katalon.core.webui.common.WebUiCommonHelper.findWebElement(WebUiCommonHelper.java:1381)
	at com.kms.katalon.core.webui.keyword.internal.WebUIAbstractKeyword.findWebElement(WebUIAbstractKeyword.groovy:27)
	at com.kms.katalon.core.webui.keyword.internal.WebUIAbstractKeyword.findWebElement(WebUIAbstractKeyword.groovy:26)
	at com.kms.katalon.core.webui.keyword.builtin.SetTextKeyword$_setText_closure1.doCall(SetTextKeyword.groovy:51)
	at com.kms.katalon.core.webui.keyword.builtin.SetTextKeyword$_setText_closure1.call(SetTextKeyword.groovy)
	at com.kms.katalon.core.webui.keyword.internal.WebUIKeywordMain.runKeyword(WebUIKeywordMain.groovy:20)
	at com.kms.katalon.core.webui.keyword.builtin.SetTextKeyword.setText(SetTextKeyword.groovy:66)
	at com.kms.katalon.core.webui.keyword.builtin.SetTextKeyword.execute(SetTextKeyword.groovy:37)
	at com.kms.katalon.core.keyword.internal.KeywordExecutor.executeKeywordForPlatform(KeywordExecutor.groovy:74)
	at com.kms.katalon.core.webui.keyword.WebUiBuiltInKeywords.setText(WebUiBuiltInKeywords.groovy:980)
	at com.kms.katalon.core.webui.keyword.WebUiBuiltInKeywords$setText$2.call(Unknown Source)
	at Script1696509799536.run(Script1696509799536.groovy:58)
	... 13 more
)
[[ATTACHMENT|C:\\Users\\TDS\\git\\Landingly\\Reports\\20231009_173852\\Landingly\\20231009_173852\\1696856535709.png]]]]></system-out>
         <system-err><![CDATA[2023-10-09 18:01:02 - [TEST_CASE][FAILED] - Test Cases/Projects/TC033-Verify user can add new email: Test Cases/Projects/TC033-Verify user can add new email FAILED.
Reason:
com.kms.katalon.core.exception.StepFailedException: Unable to set text 'mail text automation' of object 'Object Repository/Projects/TC033-Verify user can add new email/Page_Landingly  Project Detail/input_mailbody'
	at com.kms.katalon.core.webui.keyword.internal.WebUIKeywordMain.stepFailed(WebUIKeywordMain.groovy:64)
	at com.kms.katalon.core.webui.keyword.internal.WebUIKeywordMain.runKeyword(WebUIKeywordMain.groovy:26)
	at com.kms.katalon.core.webui.keyword.builtin.SetTextKeyword.setText(SetTextKeyword.groovy:66)
	at com.kms.katalon.core.webui.keyword.builtin.SetTextKeyword.execute(SetTextKeyword.groovy:37)
	at com.kms.katalon.core.keyword.internal.KeywordExecutor.executeKeywordForPlatform(KeywordExecutor.groovy:74)
	at com.kms.katalon.core.webui.keyword.WebUiBuiltInKeywords.setText(WebUiBuiltInKeywords.groovy:980)
	at com.kms.katalon.core.webui.keyword.WebUiBuiltInKeywords$setText$2.call(Unknown Source)
	at TC033-Verify user can add new email.run(TC033-Verify user can add new email:58)
	at com.kms.katalon.core.main.ScriptEngine.run(ScriptEngine.java:194)
	at com.kms.katalon.core.main.ScriptEngine.runScriptAsRawText(ScriptEngine.java:119)
	at com.kms.katalon.core.main.TestCaseExecutor.runScript(TestCaseExecutor.java:448)
	at com.kms.katalon.core.main.TestCaseExecutor.doExecute(TestCaseExecutor.java:439)
	at com.kms.katalon.core.main.TestCaseExecutor.processExecutionPhase(TestCaseExecutor.java:418)
	at com.kms.katalon.core.main.TestCaseExecutor.accessMainPhase(TestCaseExecutor.java:410)
	at com.kms.katalon.core.main.TestCaseExecutor.execute(TestCaseExecutor.java:285)
	at com.kms.katalon.core.common.CommonExecutor.accessTestCaseMainPhase(CommonExecutor.java:65)
	at com.kms.katalon.core.main.TestSuiteExecutor.accessTestSuiteMainPhase(TestSuiteExecutor.java:148)
	at com.kms.katalon.core.main.TestSuiteExecutor.execute(TestSuiteExecutor.java:106)
	at com.kms.katalon.core.main.TestCaseMain.startTestSuite(TestCaseMain.java:187)
	at com.kms.katalon.core.main.TestCaseMain$startTestSuite$0.call(Unknown Source)
	at TempTestSuite1696855132405.run(TempTestSuite1696855132405.groovy:36)
Caused by: com.kms.katalon.core.webui.exception.WebElementNotFoundException: Web element with id: 'Object Repository/Projects/TC033-Verify user can add new email/Page_Landingly  Project Detail/input_mailbody' located by '//body/div[6]/div/div/div/div/span/form/div/div/div[9]/fieldset/div/span/div/div[2]/p' not found
	at com.kms.katalon.core.webui.common.WebUiCommonHelper.findWebElement(WebUiCommonHelper.java:1381)
	at com.kms.katalon.core.webui.keyword.internal.WebUIAbstractKeyword.findWebElement(WebUIAbstractKeyword.groovy:27)
	at com.kms.katalon.core.webui.keyword.internal.WebUIAbstractKeyword.findWebElement(WebUIAbstractKeyword.groovy:26)
	at com.kms.katalon.core.webui.keyword.builtin.SetTextKeyword$_setText_closure1.doCall(SetTextKeyword.groovy:51)
	at com.kms.katalon.core.webui.keyword.builtin.SetTextKeyword$_setText_closure1.call(SetTextKeyword.groovy)
	at com.kms.katalon.core.webui.keyword.internal.WebUIKeywordMain.runKeyword(WebUIKeywordMain.groovy:20)
	... 19 more]]></system-err>
      </testcase>
      <system-out><![CDATA[2023-10-09 17:39:05 - [TEST_SUITE][FAILED] - Landingly: Test Cases/Dashboard/TC014-Verify user can click on continue button FAILED.
Reason:
com.kms.katalon.core.exception.StepFailedException: Verify element text of test object 'Object Repository/Dashboard/TC014-Verify user can click on continue button/Page_Landingly  Projects/h2_Projects' FAILED.
	at com.kms.katalon.core.webui.keyword.internal.WebUIKeywordMain.stepFailed(WebUIKeywordMain.groovy:64)
	at com.kms.katalon.core.webui.keyword.internal.WebUIKeywordMain.runKeyword(WebUIKeywordMain.groovy:26)
	at com.kms.katalon.core.webui.keyword.builtin.VerifyElementTextKeyword.verifyElementText(VerifyElementTextKeyword.groovy:72)
	at com.kms.katalon.core.webui.keyword.builtin.VerifyElementTextKeyword.execute(VerifyElementTextKeyword.groovy:40)
	at com.kms.katalon.core.keyword.internal.KeywordExecutor.executeKeywordForPlatform(KeywordExecutor.groovy:74)
	at com.kms.katalon.core.webui.keyword.WebUiBuiltInKeywords.verifyElementText(WebUiBuiltInKeywords.groovy:4749)
	at com.kms.katalon.core.webui.keyword.WebUiBuiltInKeywords$verifyElementText$5.call(Unknown Source)
	at TC014-Verify user can click on continue button.run(TC014-Verify user can click on continue button:34)
	at com.kms.katalon.core.main.ScriptEngine.run(ScriptEngine.java:194)
	at com.kms.katalon.core.main.ScriptEngine.runScriptAsRawText(ScriptEngine.java:119)
	at com.kms.katalon.core.main.TestCaseExecutor.runScript(TestCaseExecutor.java:448)
	at com.kms.katalon.core.main.TestCaseExecutor.doExecute(TestCaseExecutor.java:439)
	at com.kms.katalon.core.main.TestCaseExecutor.processExecutionPhase(TestCaseExecutor.java:418)
	at com.kms.katalon.core.main.TestCaseExecutor.accessMainPhase(TestCaseExecutor.java:410)
	at com.kms.katalon.core.main.TestCaseExecutor.execute(TestCaseExecutor.java:285)
	at com.kms.katalon.core.common.CommonExecutor.accessTestCaseMainPhase(CommonExecutor.java:65)
	at com.kms.katalon.core.main.TestSuiteExecutor.accessTestSuiteMainPhase(TestSuiteExecutor.java:148)
	at com.kms.katalon.core.main.TestSuiteExecutor.execute(TestSuiteExecutor.java:106)
	at com.kms.katalon.core.main.TestCaseMain.startTestSuite(TestCaseMain.java:187)
	at com.kms.katalon.core.main.TestCaseMain$startTestSuite$0.call(Unknown Source)
	at TempTestSuite1696855132405.run(TempTestSuite1696855132405.groovy:36)
Caused by: com.kms.katalon.core.exception.StepFailedException: com.kms.katalon.core.webui.exception.WebElementNotFoundException: Web element with id: 'Object Repository/Dashboard/TC014-Verify user can click on continue button/Page_Landingly  Projects/h2_Projects' located by '//div[@id='app']/div/div[3]/div[3]/div/div/div[2]/div/div/div/h2' not found
	at com.kms.katalon.core.webui.keyword.internal.WebUIKeywordMain.stepFailed(WebUIKeywordMain.groovy:64)
	at com.kms.katalon.core.webui.keyword.builtin.VerifyElementTextKeyword$_verifyElementText_closure1.doCall(VerifyElementTextKeyword.groovy:64)
	at com.kms.katalon.core.webui.keyword.builtin.VerifyElementTextKeyword$_verifyElementText_closure1.call(VerifyElementTextKeyword.groovy)
	at com.kms.katalon.core.webui.keyword.internal.WebUIKeywordMain.runKeyword(WebUIKeywordMain.groovy:20)
	... 19 more]]></system-out>
      <system-err><![CDATA[2023-10-09 17:39:05 - [TEST_SUITE][FAILED] - Landingly: Test Cases/Dashboard/TC014-Verify user can click on continue button FAILED.
Reason:
com.kms.katalon.core.exception.StepFailedException: Verify element text of test object 'Object Repository/Dashboard/TC014-Verify user can click on continue button/Page_Landingly  Projects/h2_Projects' FAILED.
	at com.kms.katalon.core.webui.keyword.internal.WebUIKeywordMain.stepFailed(WebUIKeywordMain.groovy:64)
	at com.kms.katalon.core.webui.keyword.internal.WebUIKeywordMain.runKeyword(WebUIKeywordMain.groovy:26)
	at com.kms.katalon.core.webui.keyword.builtin.VerifyElementTextKeyword.verifyElementText(VerifyElementTextKeyword.groovy:72)
	at com.kms.katalon.core.webui.keyword.builtin.VerifyElementTextKeyword.execute(VerifyElementTextKeyword.groovy:40)
	at com.kms.katalon.core.keyword.internal.KeywordExecutor.executeKeywordForPlatform(KeywordExecutor.groovy:74)
	at com.kms.katalon.core.webui.keyword.WebUiBuiltInKeywords.verifyElementText(WebUiBuiltInKeywords.groovy:4749)
	at com.kms.katalon.core.webui.keyword.WebUiBuiltInKeywords$verifyElementText$5.call(Unknown Source)
	at TC014-Verify user can click on continue button.run(TC014-Verify user can click on continue button:34)
	at com.kms.katalon.core.main.ScriptEngine.run(ScriptEngine.java:194)
	at com.kms.katalon.core.main.ScriptEngine.runScriptAsRawText(ScriptEngine.java:119)
	at com.kms.katalon.core.main.TestCaseExecutor.runScript(TestCaseExecutor.java:448)
	at com.kms.katalon.core.main.TestCaseExecutor.doExecute(TestCaseExecutor.java:439)
	at com.kms.katalon.core.main.TestCaseExecutor.processExecutionPhase(TestCaseExecutor.java:418)
	at com.kms.katalon.core.main.TestCaseExecutor.accessMainPhase(TestCaseExecutor.java:410)
	at com.kms.katalon.core.main.TestCaseExecutor.execute(TestCaseExecutor.java:285)
	at com.kms.katalon.core.common.CommonExecutor.accessTestCaseMainPhase(CommonExecutor.java:65)
	at com.kms.katalon.core.main.TestSuiteExecutor.accessTestSuiteMainPhase(TestSuiteExecutor.java:148)
	at com.kms.katalon.core.main.TestSuiteExecutor.execute(TestSuiteExecutor.java:106)
	at com.kms.katalon.core.main.TestCaseMain.startTestSuite(TestCaseMain.java:187)
	at com.kms.katalon.core.main.TestCaseMain$startTestSuite$0.call(Unknown Source)
	at TempTestSuite1696855132405.run(TempTestSuite1696855132405.groovy:36)
Caused by: com.kms.katalon.core.exception.StepFailedException: com.kms.katalon.core.webui.exception.WebElementNotFoundException: Web element with id: 'Object Repository/Dashboard/TC014-Verify user can click on continue button/Page_Landingly  Projects/h2_Projects' located by '//div[@id='app']/div/div[3]/div[3]/div/div/div[2]/div/div/div/h2' not found
	at com.kms.katalon.core.webui.keyword.internal.WebUIKeywordMain.stepFailed(WebUIKeywordMain.groovy:64)
	at com.kms.katalon.core.webui.keyword.builtin.VerifyElementTextKeyword$_verifyElementText_closure1.doCall(VerifyElementTextKeyword.groovy:64)
	at com.kms.katalon.core.webui.keyword.builtin.VerifyElementTextKeyword$_verifyElementText_closure1.call(VerifyElementTextKeyword.groovy)
	at com.kms.katalon.core.webui.keyword.internal.WebUIKeywordMain.runKeyword(WebUIKeywordMain.groovy:20)
	... 19 more]]></system-err>
   </testsuite>
</testsuites>
