<?xml version="1.0" encoding="UTF-8"?>
<testsuites name="Landingly" time="1416.429" tests="34" failures="12" errors="0">
   <testsuite name="Landingly" tests="34" failures="12" errors="0" time="1416.429" skipped="0" timestamp="2023-10-09 13:01:34" hostname="TDS - DESKTOP-3BHH4MD" id="Test Suites/Landingly">
      <properties>
         <property name="deviceName" value=""/>
         <property name="devicePlatform" value=""/>
         <property name="logFolder" value="C:\\Users\\TDS\\git\\Landingly\\Reports\\20231009_130120\\Landingly\\20231009_130120"/>
         <property name="logFiles" value="C:\\Users\\TDS\\git\\Landingly\\Reports\\20231009_130120\\Landingly\\20231009_130120\\execution0.log"/>
         <property name="attachments" value="C:\\Users\\TDS\\git\\Landingly\\Reports\\20231009_130120\\Landingly\\20231009_130120\\1696838523085.png, C:\\Users\\TDS\\git\\Landingly\\Reports\\20231009_130120\\Landingly\\20231009_130120\\1696838684557.png, C:\\Users\\TDS\\git\\Landingly\\Reports\\20231009_130120\\Landingly\\20231009_130120\\1696838684828.png, C:\\Users\\TDS\\git\\Landingly\\Reports\\20231009_130120\\Landingly\\20231009_130120\\1696838869416.png, C:\\Users\\TDS\\git\\Landingly\\Reports\\20231009_130120\\Landingly\\20231009_130120\\1696839062194.png, C:\\Users\\TDS\\git\\Landingly\\Reports\\20231009_130120\\Landingly\\20231009_130120\\1696839127541.png, C:\\Users\\TDS\\git\\Landingly\\Reports\\20231009_130120\\Landingly\\20231009_130120\\1696839152224.png, C:\\Users\\TDS\\git\\Landingly\\Reports\\20231009_130120\\Landingly\\20231009_130120\\1696839209805.png, C:\\Users\\TDS\\git\\Landingly\\Reports\\20231009_130120\\Landingly\\20231009_130120\\1696839262558.png, C:\\Users\\TDS\\git\\Landingly\\Reports\\20231009_130120\\Landingly\\20231009_130120\\1696839318718.png, C:\\Users\\TDS\\git\\Landingly\\Reports\\20231009_130120\\Landingly\\20231009_130120\\1696839577818.png, C:\\Users\\TDS\\git\\Landingly\\Reports\\20231009_130120\\Landingly\\20231009_130120\\1696839632749.png, C:\\Users\\TDS\\git\\Landingly\\Reports\\20231009_130120\\Landingly\\20231009_130120\\1696839910472.png"/>
         <property name="hostName" value="TDS - DESKTOP-3BHH4MD"/>
         <property name="os" value="Windows 10 64bit"/>
         <property name="katalonVersion" value="8.6.6.208"/>
         <property name="browser" value="Chrome 117.0.0.0"/>
         <property name="hostAddress" value="192.168.0.108"/>
         <property name="sessionId" value="edb6c8d7ff09c42273694ffaf38df6b9"/>
         <property name="seleniumVersion" value="3.141.59"/>
         <property name="proxyInformation" value="ProxyInformation { proxyOption=NO_PROXY, proxyServerType=HTTP, username=, password=********, proxyServerAddress=, proxyServerPort=0, executionList=&quot;&quot;, isApplyToDesiredCapabilities=true }"/>
         <property name="platform" value="Windows 10"/>
      </properties>
      <testcase name="Test Cases/Contacts/TC001-contacts-Verify user can add new contact" time="28.127" classname="Test Cases/Contacts/TC001-contacts-Verify user can add new contact" status="FAILED">
         <failure type="FAILED" message="Test Cases/Contacts/TC001-contacts-Verify user can add new contact FAILED.
Reason:
com.kms.katalon.core.exception.StepFailedException: Unable to click on object 'Object Repository/Contacts/TC001-contacts-Verify user can add new contact/Page_Landingly/a_Contacts'
	at com.kms.katalon.core.webui.keyword.internal.WebUIKeywordMain.stepFailed(WebUIKeywordMain.groovy:64)
	at com.kms.katalon.core.webui.keyword.internal.WebUIKeywordMain.runKeyword(WebUIKeywordMain.groovy:26)
	at com.kms.katalon.core.webui.keyword.builtin.ClickKeyword.click(ClickKeyword.groovy:74)
	at com.kms.katalon.core.webui.keyword.builtin.ClickKeyword.execute(ClickKeyword.groovy:40)
	at com.kms.katalon.core.keyword.internal.KeywordExecutor.executeKeywordForPlatform(KeywordExecutor.groovy:74)
	at com.kms.katalon.core.webui.keyword.WebUiBuiltInKeywords.click(WebUiBuiltInKeywords.groovy:620)
	at com.kms.katalon.core.webui.keyword.WebUiBuiltInKeywords$click$3.call(Unknown Source)
	at TC001-contacts-Verify user can add new contact.run(TC001-contacts-Verify user can add new contact:32)
	at com.kms.katalon.core.main.ScriptEngine.run(ScriptEngine.java:194)
	at com.kms.katalon.core.main.ScriptEngine.runScriptAsRawText(ScriptEngine.java:119)
	at com.kms.katalon.core.main.TestCaseExecutor.runScript(TestCaseExecutor.java:448)
	at com.kms.katalon.core.main.TestCaseExecutor.doExecute(TestCaseExecutor.java:439)
	at com.kms.katalon.core.main.TestCaseExecutor.processExecutionPhase(TestCaseExecutor.java:418)
	at com.kms.katalon.core.main.TestCaseExecutor.accessMainPhase(TestCaseExecutor.java:410)
	at com.kms.katalon.core.main.TestCaseExecutor.execute(TestCaseExecutor.java:285)
	at com.kms.katalon.core.common.CommonExecutor.accessTestCaseMainPhase(CommonExecutor.java:65)
	at com.kms.katalon.core.main.TestSuiteExecutor.accessTestSuiteMainPhase(TestSuiteExecutor.java:148)
	at com.kms.katalon.core.main.TestSuiteExecutor.execute(TestSuiteExecutor.java:106)
	at com.kms.katalon.core.main.TestCaseMain.startTestSuite(TestCaseMain.java:187)
	at com.kms.katalon.core.main.TestCaseMain$startTestSuite$0.call(Unknown Source)
	at TempTestSuite1696838480513.run(TempTestSuite1696838480513.groovy:36)
Caused by: org.openqa.selenium.ElementNotInteractableException: element not interactable
  (Session info: chrome=117.0.5938.149)
Build info: version: '3.141.59', revision: 'e82be7d358', time: '2018-11-14T08:25:53'
System info: host: 'DESKTOP-3BHH4MD', ip: '192.168.0.108', os.name: 'Windows 10', os.arch: 'amd64', os.version: '10.0', java.version: '1.8.0_362'
Driver info: com.kms.katalon.selenium.driver.CChromeDriver
Capabilities {acceptInsecureCerts: false, browserName: chrome, browserVersion: 117.0.5938.149, chrome: {chromedriverVersion: 116.0.5845.96 (1a3918166880..., userDataDir: C:\Users\TDS\AppData\Local\...}, fedcm:accounts: true, goog:chromeOptions: {debuggerAddress: localhost:54084}, javascriptEnabled: true, networkConnectionEnabled: false, pageLoadStrategy: normal, platform: WINDOWS, platformName: WINDOWS, proxy: Proxy(), setWindowRect: true, strictFileInteractability: false, timeouts: {implicit: 0, pageLoad: 300000, script: 30000}, unhandledPromptBehavior: dismiss and notify, webauthn:extension:credBlob: true, webauthn:extension:largeBlob: true, webauthn:extension:minPinLength: true, webauthn:extension:prf: true, webauthn:virtualAuthenticators: true}
Session ID: c827db501cc6a4e55fb5cf1cb1fa8cf4
	at org.openqa.selenium.remote.http.W3CHttpResponseCodec.createException(W3CHttpResponseCodec.java:187)
	at org.openqa.selenium.remote.http.W3CHttpResponseCodec.decode(W3CHttpResponseCodec.java:122)
	at org.openqa.selenium.remote.http.W3CHttpResponseCodec.decode(W3CHttpResponseCodec.java:49)
	at org.openqa.selenium.remote.HttpCommandExecutor.execute(HttpCommandExecutor.java:158)
	at org.openqa.selenium.remote.service.DriverCommandExecutor.execute(DriverCommandExecutor.java:83)
	at org.openqa.selenium.remote.RemoteWebDriver.execute(RemoteWebDriver.java:552)
	at com.kms.katalon.selenium.driver.CChromeDriver.execute(CChromeDriver.java:19)
	at org.openqa.selenium.remote.RemoteWebElement.execute(RemoteWebElement.java:285)
	at org.openqa.selenium.remote.RemoteWebElement.click(RemoteWebElement.java:84)
	at org.openqa.selenium.support.events.EventFiringWebDriver$EventFiringWebElement.lambda$new$0(EventFiringWebDriver.java:404)
	at com.sun.proxy.$Proxy11.click(Unknown Source)
	at org.openqa.selenium.support.events.EventFiringWebDriver$EventFiringWebElement.click(EventFiringWebDriver.java:417)
	at org.openqa.selenium.WebElement$click.call(Unknown Source)
	at com.kms.katalon.core.webui.keyword.builtin.ClickKeyword.clickUntilSuccessWithTimeout(ClickKeyword.groovy:81)
	at com.kms.katalon.core.webui.keyword.builtin.ClickKeyword.clickUntilSuccessWithTimeout(ClickKeyword.groovy)
	at com.kms.katalon.core.webui.keyword.builtin.ClickKeyword$_click_closure1.doCall(ClickKeyword.groovy:67)
	at com.kms.katalon.core.webui.keyword.builtin.ClickKeyword$_click_closure1.call(ClickKeyword.groovy)
	at com.kms.katalon.core.webui.keyword.internal.WebUIKeywordMain.runKeyword(WebUIKeywordMain.groovy:20)
	... 19 more
"/>
         <system-out><![CDATA[2023-10-09 13:01:35 - [TEST_CASE][FAILED] - Test Cases/Contacts/TC001-contacts-Verify user can add new contact: Test Cases/Contacts/TC001-contacts-Verify user can add new contact FAILED.
Reason:
com.kms.katalon.core.exception.StepFailedException: Unable to click on object 'Object Repository/Contacts/TC001-contacts-Verify user can add new contact/Page_Landingly/a_Contacts'
	at com.kms.katalon.core.webui.keyword.internal.WebUIKeywordMain.stepFailed(WebUIKeywordMain.groovy:64)
	at com.kms.katalon.core.webui.keyword.internal.WebUIKeywordMain.runKeyword(WebUIKeywordMain.groovy:26)
	at com.kms.katalon.core.webui.keyword.builtin.ClickKeyword.click(ClickKeyword.groovy:74)
	at com.kms.katalon.core.webui.keyword.builtin.ClickKeyword.execute(ClickKeyword.groovy:40)
	at com.kms.katalon.core.keyword.internal.KeywordExecutor.executeKeywordForPlatform(KeywordExecutor.groovy:74)
	at com.kms.katalon.core.webui.keyword.WebUiBuiltInKeywords.click(WebUiBuiltInKeywords.groovy:620)
	at com.kms.katalon.core.webui.keyword.WebUiBuiltInKeywords$click$3.call(Unknown Source)
	at TC001-contacts-Verify user can add new contact.run(TC001-contacts-Verify user can add new contact:32)
	at com.kms.katalon.core.main.ScriptEngine.run(ScriptEngine.java:194)
	at com.kms.katalon.core.main.ScriptEngine.runScriptAsRawText(ScriptEngine.java:119)
	at com.kms.katalon.core.main.TestCaseExecutor.runScript(TestCaseExecutor.java:448)
	at com.kms.katalon.core.main.TestCaseExecutor.doExecute(TestCaseExecutor.java:439)
	at com.kms.katalon.core.main.TestCaseExecutor.processExecutionPhase(TestCaseExecutor.java:418)
	at com.kms.katalon.core.main.TestCaseExecutor.accessMainPhase(TestCaseExecutor.java:410)
	at com.kms.katalon.core.main.TestCaseExecutor.execute(TestCaseExecutor.java:285)
	at com.kms.katalon.core.common.CommonExecutor.accessTestCaseMainPhase(CommonExecutor.java:65)
	at com.kms.katalon.core.main.TestSuiteExecutor.accessTestSuiteMainPhase(TestSuiteExecutor.java:148)
	at com.kms.katalon.core.main.TestSuiteExecutor.execute(TestSuiteExecutor.java:106)
	at com.kms.katalon.core.main.TestCaseMain.startTestSuite(TestCaseMain.java:187)
	at com.kms.katalon.core.main.TestCaseMain$startTestSuite$0.call(Unknown Source)
	at TempTestSuite1696838480513.run(TempTestSuite1696838480513.groovy:36)
Caused by: org.openqa.selenium.ElementNotInteractableException: element not interactable
  (Session info: chrome=117.0.5938.149)
Build info: version: '3.141.59', revision: 'e82be7d358', time: '2018-11-14T08:25:53'
System info: host: 'DESKTOP-3BHH4MD', ip: '192.168.0.108', os.name: 'Windows 10', os.arch: 'amd64', os.version: '10.0', java.version: '1.8.0_362'
Driver info: com.kms.katalon.selenium.driver.CChromeDriver
Capabilities {acceptInsecureCerts: false, browserName: chrome, browserVersion: 117.0.5938.149, chrome: {chromedriverVersion: 116.0.5845.96 (1a3918166880..., userDataDir: C:\Users\TDS\AppData\Local\...}, fedcm:accounts: true, goog:chromeOptions: {debuggerAddress: localhost:54084}, javascriptEnabled: true, networkConnectionEnabled: false, pageLoadStrategy: normal, platform: WINDOWS, platformName: WINDOWS, proxy: Proxy(), setWindowRect: true, strictFileInteractability: false, timeouts: {implicit: 0, pageLoad: 300000, script: 30000}, unhandledPromptBehavior: dismiss and notify, webauthn:extension:credBlob: true, webauthn:extension:largeBlob: true, webauthn:extension:minPinLength: true, webauthn:extension:prf: true, webauthn:virtualAuthenticators: true}
Session ID: c827db501cc6a4e55fb5cf1cb1fa8cf4
	at org.openqa.selenium.remote.http.W3CHttpResponseCodec.createException(W3CHttpResponseCodec.java:187)
	at org.openqa.selenium.remote.http.W3CHttpResponseCodec.decode(W3CHttpResponseCodec.java:122)
	at org.openqa.selenium.remote.http.W3CHttpResponseCodec.decode(W3CHttpResponseCodec.java:49)
	at org.openqa.selenium.remote.HttpCommandExecutor.execute(HttpCommandExecutor.java:158)
	at org.openqa.selenium.remote.service.DriverCommandExecutor.execute(DriverCommandExecutor.java:83)
	at org.openqa.selenium.remote.RemoteWebDriver.execute(RemoteWebDriver.java:552)
	at com.kms.katalon.selenium.driver.CChromeDriver.execute(CChromeDriver.java:19)
	at org.openqa.selenium.remote.RemoteWebElement.execute(RemoteWebElement.java:285)
	at org.openqa.selenium.remote.RemoteWebElement.click(RemoteWebElement.java:84)
	at org.openqa.selenium.support.events.EventFiringWebDriver$EventFiringWebElement.lambda$new$0(EventFiringWebDriver.java:404)
	at com.sun.proxy.$Proxy11.click(Unknown Source)
	at org.openqa.selenium.support.events.EventFiringWebDriver$EventFiringWebElement.click(EventFiringWebDriver.java:417)
	at org.openqa.selenium.WebElement$click.call(Unknown Source)
	at com.kms.katalon.core.webui.keyword.builtin.ClickKeyword.clickUntilSuccessWithTimeout(ClickKeyword.groovy:81)
	at com.kms.katalon.core.webui.keyword.builtin.ClickKeyword.clickUntilSuccessWithTimeout(ClickKeyword.groovy)
	at com.kms.katalon.core.webui.keyword.builtin.ClickKeyword$_click_closure1.doCall(ClickKeyword.groovy:67)
	at com.kms.katalon.core.webui.keyword.builtin.ClickKeyword$_click_closure1.call(ClickKeyword.groovy)
	at com.kms.katalon.core.webui.keyword.internal.WebUIKeywordMain.runKeyword(WebUIKeywordMain.groovy:20)
	... 19 more


2023-10-09 13:01:37 - [TEST_STEP][PASSED] - openBrowser(""): Browser is opened with url: ''

2023-10-09 13:01:38 - [MESSAGE][INFO] - Starting 'Chrome' driver

2023-10-09 13:01:39 - [MESSAGE][INFO] - Action delay is set to 0 milliseconds

2023-10-09 13:01:48 - [MESSAGE][PASSED] - Browser is opened with url: ''

2023-10-09 13:01:48 - [TEST_STEP][PASSED] - navigateToUrl("https://app.landingly.com/"): Navigate to 'https://app.landingly.com/' successfully

2023-10-09 13:01:57 - [MESSAGE][PASSED] - Navigate to 'https://app.landingly.com/' successfully

2023-10-09 13:01:57 - [TEST_STEP][PASSED] - setText(findTestObject("Object Repository/Contacts/TC001-contacts-Verify user can add new contact/Page_Landingly  Login/input_Email_login-email"), "sqaahmadtahir@gmail.com"): Text 'sqaahmadtahir@gmail.com' is set on object 'Object Repository/Contacts/TC001-contacts-Verify user can add new contact/Page_Landingly  Login/input_Email_login-email'

2023-10-09 13:01:58 - [MESSAGE][PASSED] - Text 'sqaahmadtahir@gmail.com' is set on object 'Object Repository/Contacts/TC001-contacts-Verify user can add new contact/Page_Landingly  Login/input_Email_login-email'

2023-10-09 13:01:58 - [TEST_STEP][PASSED] - setEncryptedText(findTestObject("Object Repository/Contacts/TC001-contacts-Verify user can add new contact/Page_Landingly  Login/input_Forgot Password_login-password"), "/5S6MFFLcE5DAenbZpYNsQ=="): Text ****** has been set on object 'Object Repository/Contacts/TC001-contacts-Verify user can add new contact/Page_Landingly  Login/input_Forgot Password_login-password'

2023-10-09 13:01:59 - [MESSAGE][PASSED] - Text ****** has been set on object 'Object Repository/Contacts/TC001-contacts-Verify user can add new contact/Page_Landingly  Login/input_Forgot Password_login-password'

2023-10-09 13:01:59 - [TEST_STEP][PASSED] - click(findTestObject("Object Repository/Contacts/TC001-contacts-Verify user can add new contact/Page_Landingly  Login/button_Sign in")): Object: 'Object Repository/Contacts/TC001-contacts-Verify user can add new contact/Page_Landingly  Login/button_Sign in' is clicked on

2023-10-09 13:02:00 - [MESSAGE][PASSED] - Object: 'Object Repository/Contacts/TC001-contacts-Verify user can add new contact/Page_Landingly  Login/button_Sign in' is clicked on

2023-10-09 13:02:00 - [TEST_STEP][FAILED] - click(findTestObject("Object Repository/Contacts/TC001-contacts-Verify user can add new contact/Page_Landingly/a_Contacts")): Unable to click on object 'Object Repository/Contacts/TC001-contacts-Verify user can add new contact/Page_Landingly/a_Contacts' (Root cause: com.kms.katalon.core.exception.StepFailedException: Unable to click on object 'Object Repository/Contacts/TC001-contacts-Verify user can add new contact/Page_Landingly/a_Contacts'
	at com.kms.katalon.core.webui.keyword.internal.WebUIKeywordMain.stepFailed(WebUIKeywordMain.groovy:64)
	at com.kms.katalon.core.webui.keyword.internal.WebUIKeywordMain.runKeyword(WebUIKeywordMain.groovy:26)
	at com.kms.katalon.core.webui.keyword.builtin.ClickKeyword.click(ClickKeyword.groovy:74)
	at com.kms.katalon.core.webui.keyword.builtin.ClickKeyword.execute(ClickKeyword.groovy:40)
	at com.kms.katalon.core.keyword.internal.KeywordExecutor.executeKeywordForPlatform(KeywordExecutor.groovy:74)
	at com.kms.katalon.core.webui.keyword.WebUiBuiltInKeywords.click(WebUiBuiltInKeywords.groovy:620)
	at com.kms.katalon.core.webui.keyword.WebUiBuiltInKeywords$click$3.call(Unknown Source)
	at TC001-contacts-Verify user can add new contact.run(TC001-contacts-Verify user can add new contact:32)
	at com.kms.katalon.core.main.ScriptEngine.run(ScriptEngine.java:194)
	at com.kms.katalon.core.main.ScriptEngine.runScriptAsRawText(ScriptEngine.java:119)
	at com.kms.katalon.core.main.TestCaseExecutor.runScript(TestCaseExecutor.java:448)
	at com.kms.katalon.core.main.TestCaseExecutor.doExecute(TestCaseExecutor.java:439)
	at com.kms.katalon.core.main.TestCaseExecutor.processExecutionPhase(TestCaseExecutor.java:418)
	at com.kms.katalon.core.main.TestCaseExecutor.accessMainPhase(TestCaseExecutor.java:410)
	at com.kms.katalon.core.main.TestCaseExecutor.execute(TestCaseExecutor.java:285)
	at com.kms.katalon.core.common.CommonExecutor.accessTestCaseMainPhase(CommonExecutor.java:65)
	at com.kms.katalon.core.main.TestSuiteExecutor.accessTestSuiteMainPhase(TestSuiteExecutor.java:148)
	at com.kms.katalon.core.main.TestSuiteExecutor.execute(TestSuiteExecutor.java:106)
	at com.kms.katalon.core.main.TestCaseMain.startTestSuite(TestCaseMain.java:187)
	at com.kms.katalon.core.main.TestCaseMain$startTestSuite$0.call(Unknown Source)
	at TempTestSuite1696838480513.run(TempTestSuite1696838480513.groovy:36)
Caused by: org.openqa.selenium.ElementNotInteractableException: element not interactable
  (Session info: chrome=117.0.5938.149)
Build info: version: '3.141.59', revision: 'e82be7d358', time: '2018-11-14T08:25:53'
System info: host: 'DESKTOP-3BHH4MD', ip: '192.168.0.108', os.name: 'Windows 10', os.arch: 'amd64', os.version: '10.0', java.version: '1.8.0_362'
Driver info: com.kms.katalon.selenium.driver.CChromeDriver
Capabilities {acceptInsecureCerts: false, browserName: chrome, browserVersion: 117.0.5938.149, chrome: {chromedriverVersion: 116.0.5845.96 (1a3918166880..., userDataDir: C:\Users\TDS\AppData\Local\...}, fedcm:accounts: true, goog:chromeOptions: {debuggerAddress: localhost:54084}, javascriptEnabled: true, networkConnectionEnabled: false, pageLoadStrategy: normal, platform: WINDOWS, platformName: WINDOWS, proxy: Proxy(), setWindowRect: true, strictFileInteractability: false, timeouts: {implicit: 0, pageLoad: 300000, script: 30000}, unhandledPromptBehavior: dismiss and notify, webauthn:extension:credBlob: true, webauthn:extension:largeBlob: true, webauthn:extension:minPinLength: true, webauthn:extension:prf: true, webauthn:virtualAuthenticators: true}
Session ID: c827db501cc6a4e55fb5cf1cb1fa8cf4
	at org.openqa.selenium.remote.http.W3CHttpResponseCodec.createException(W3CHttpResponseCodec.java:187)
	at org.openqa.selenium.remote.http.W3CHttpResponseCodec.decode(W3CHttpResponseCodec.java:122)
	at org.openqa.selenium.remote.http.W3CHttpResponseCodec.decode(W3CHttpResponseCodec.java:49)
	at org.openqa.selenium.remote.HttpCommandExecutor.execute(HttpCommandExecutor.java:158)
	at org.openqa.selenium.remote.service.DriverCommandExecutor.execute(DriverCommandExecutor.java:83)
	at org.openqa.selenium.remote.RemoteWebDriver.execute(RemoteWebDriver.java:552)
	at com.kms.katalon.selenium.driver.CChromeDriver.execute(CChromeDriver.java:19)
	at org.openqa.selenium.remote.RemoteWebElement.execute(RemoteWebElement.java:285)
	at org.openqa.selenium.remote.RemoteWebElement.click(RemoteWebElement.java:84)
	at org.openqa.selenium.support.events.EventFiringWebDriver$EventFiringWebElement.lambda$new$0(EventFiringWebDriver.java:404)
	at com.sun.proxy.$Proxy11.click(Unknown Source)
	at org.openqa.selenium.support.events.EventFiringWebDriver$EventFiringWebElement.click(EventFiringWebDriver.java:417)
	at org.openqa.selenium.WebElement$click.call(Unknown Source)
	at com.kms.katalon.core.webui.keyword.builtin.ClickKeyword.clickUntilSuccessWithTimeout(ClickKeyword.groovy:81)
	at com.kms.katalon.core.webui.keyword.builtin.ClickKeyword.clickUntilSuccessWithTimeout(ClickKeyword.groovy)
	at com.kms.katalon.core.webui.keyword.builtin.ClickKeyword$_click_closure1.doCall(ClickKeyword.groovy:67)
	at com.kms.katalon.core.webui.keyword.builtin.ClickKeyword$_click_closure1.call(ClickKeyword.groovy)
	at com.kms.katalon.core.webui.keyword.internal.WebUIKeywordMain.runKeyword(WebUIKeywordMain.groovy:20)
	at com.kms.katalon.core.webui.keyword.builtin.ClickKeyword.click(ClickKeyword.groovy:74)
	at com.kms.katalon.core.webui.keyword.builtin.ClickKeyword.execute(ClickKeyword.groovy:40)
	at com.kms.katalon.core.keyword.internal.KeywordExecutor.executeKeywordForPlatform(KeywordExecutor.groovy:74)
	at com.kms.katalon.core.webui.keyword.WebUiBuiltInKeywords.click(WebUiBuiltInKeywords.groovy:620)
	at com.kms.katalon.core.webui.keyword.WebUiBuiltInKeywords$click$3.call(Unknown Source)
	at Script1695816933932.run(Script1695816933932.groovy:32)
	... 13 more
)

2023-10-09 13:02:03 - [MESSAGE][FAILED] - Unable to click on object 'Object Repository/Contacts/TC001-contacts-Verify user can add new contact/Page_Landingly/a_Contacts' (Root cause: com.kms.katalon.core.exception.StepFailedException: Unable to click on object 'Object Repository/Contacts/TC001-contacts-Verify user can add new contact/Page_Landingly/a_Contacts'
	at com.kms.katalon.core.webui.keyword.internal.WebUIKeywordMain.stepFailed(WebUIKeywordMain.groovy:64)
	at com.kms.katalon.core.webui.keyword.internal.WebUIKeywordMain.runKeyword(WebUIKeywordMain.groovy:26)
	at com.kms.katalon.core.webui.keyword.builtin.ClickKeyword.click(ClickKeyword.groovy:74)
	at com.kms.katalon.core.webui.keyword.builtin.ClickKeyword.execute(ClickKeyword.groovy:40)
	at com.kms.katalon.core.keyword.internal.KeywordExecutor.executeKeywordForPlatform(KeywordExecutor.groovy:74)
	at com.kms.katalon.core.webui.keyword.WebUiBuiltInKeywords.click(WebUiBuiltInKeywords.groovy:620)
	at com.kms.katalon.core.webui.keyword.WebUiBuiltInKeywords$click$3.call(Unknown Source)
	at TC001-contacts-Verify user can add new contact.run(TC001-contacts-Verify user can add new contact:32)
	at com.kms.katalon.core.main.ScriptEngine.run(ScriptEngine.java:194)
	at com.kms.katalon.core.main.ScriptEngine.runScriptAsRawText(ScriptEngine.java:119)
	at com.kms.katalon.core.main.TestCaseExecutor.runScript(TestCaseExecutor.java:448)
	at com.kms.katalon.core.main.TestCaseExecutor.doExecute(TestCaseExecutor.java:439)
	at com.kms.katalon.core.main.TestCaseExecutor.processExecutionPhase(TestCaseExecutor.java:418)
	at com.kms.katalon.core.main.TestCaseExecutor.accessMainPhase(TestCaseExecutor.java:410)
	at com.kms.katalon.core.main.TestCaseExecutor.execute(TestCaseExecutor.java:285)
	at com.kms.katalon.core.common.CommonExecutor.accessTestCaseMainPhase(CommonExecutor.java:65)
	at com.kms.katalon.core.main.TestSuiteExecutor.accessTestSuiteMainPhase(TestSuiteExecutor.java:148)
	at com.kms.katalon.core.main.TestSuiteExecutor.execute(TestSuiteExecutor.java:106)
	at com.kms.katalon.core.main.TestCaseMain.startTestSuite(TestCaseMain.java:187)
	at com.kms.katalon.core.main.TestCaseMain$startTestSuite$0.call(Unknown Source)
	at TempTestSuite1696838480513.run(TempTestSuite1696838480513.groovy:36)
Caused by: org.openqa.selenium.ElementNotInteractableException: element not interactable
  (Session info: chrome=117.0.5938.149)
Build info: version: '3.141.59', revision: 'e82be7d358', time: '2018-11-14T08:25:53'
System info: host: 'DESKTOP-3BHH4MD', ip: '192.168.0.108', os.name: 'Windows 10', os.arch: 'amd64', os.version: '10.0', java.version: '1.8.0_362'
Driver info: com.kms.katalon.selenium.driver.CChromeDriver
Capabilities {acceptInsecureCerts: false, browserName: chrome, browserVersion: 117.0.5938.149, chrome: {chromedriverVersion: 116.0.5845.96 (1a3918166880..., userDataDir: C:\Users\TDS\AppData\Local\...}, fedcm:accounts: true, goog:chromeOptions: {debuggerAddress: localhost:54084}, javascriptEnabled: true, networkConnectionEnabled: false, pageLoadStrategy: normal, platform: WINDOWS, platformName: WINDOWS, proxy: Proxy(), setWindowRect: true, strictFileInteractability: false, timeouts: {implicit: 0, pageLoad: 300000, script: 30000}, unhandledPromptBehavior: dismiss and notify, webauthn:extension:credBlob: true, webauthn:extension:largeBlob: true, webauthn:extension:minPinLength: true, webauthn:extension:prf: true, webauthn:virtualAuthenticators: true}
Session ID: c827db501cc6a4e55fb5cf1cb1fa8cf4
	at org.openqa.selenium.remote.http.W3CHttpResponseCodec.createException(W3CHttpResponseCodec.java:187)
	at org.openqa.selenium.remote.http.W3CHttpResponseCodec.decode(W3CHttpResponseCodec.java:122)
	at org.openqa.selenium.remote.http.W3CHttpResponseCodec.decode(W3CHttpResponseCodec.java:49)
	at org.openqa.selenium.remote.HttpCommandExecutor.execute(HttpCommandExecutor.java:158)
	at org.openqa.selenium.remote.service.DriverCommandExecutor.execute(DriverCommandExecutor.java:83)
	at org.openqa.selenium.remote.RemoteWebDriver.execute(RemoteWebDriver.java:552)
	at com.kms.katalon.selenium.driver.CChromeDriver.execute(CChromeDriver.java:19)
	at org.openqa.selenium.remote.RemoteWebElement.execute(RemoteWebElement.java:285)
	at org.openqa.selenium.remote.RemoteWebElement.click(RemoteWebElement.java:84)
	at org.openqa.selenium.support.events.EventFiringWebDriver$EventFiringWebElement.lambda$new$0(EventFiringWebDriver.java:404)
	at com.sun.proxy.$Proxy11.click(Unknown Source)
	at org.openqa.selenium.support.events.EventFiringWebDriver$EventFiringWebElement.click(EventFiringWebDriver.java:417)
	at org.openqa.selenium.WebElement$click.call(Unknown Source)
	at com.kms.katalon.core.webui.keyword.builtin.ClickKeyword.clickUntilSuccessWithTimeout(ClickKeyword.groovy:81)
	at com.kms.katalon.core.webui.keyword.builtin.ClickKeyword.clickUntilSuccessWithTimeout(ClickKeyword.groovy)
	at com.kms.katalon.core.webui.keyword.builtin.ClickKeyword$_click_closure1.doCall(ClickKeyword.groovy:67)
	at com.kms.katalon.core.webui.keyword.builtin.ClickKeyword$_click_closure1.call(ClickKeyword.groovy)
	at com.kms.katalon.core.webui.keyword.internal.WebUIKeywordMain.runKeyword(WebUIKeywordMain.groovy:20)
	at com.kms.katalon.core.webui.keyword.builtin.ClickKeyword.click(ClickKeyword.groovy:74)
	at com.kms.katalon.core.webui.keyword.builtin.ClickKeyword.execute(ClickKeyword.groovy:40)
	at com.kms.katalon.core.keyword.internal.KeywordExecutor.executeKeywordForPlatform(KeywordExecutor.groovy:74)
	at com.kms.katalon.core.webui.keyword.WebUiBuiltInKeywords.click(WebUiBuiltInKeywords.groovy:620)
	at com.kms.katalon.core.webui.keyword.WebUiBuiltInKeywords$click$3.call(Unknown Source)
	at Script1695816933932.run(Script1695816933932.groovy:32)
	... 13 more
)
[[ATTACHMENT|C:\\Users\\TDS\\git\\Landingly\\Reports\\20231009_130120\\Landingly\\20231009_130120\\1696838523085.png]]]]></system-out>
         <system-err><![CDATA[2023-10-09 13:01:35 - [TEST_CASE][FAILED] - Test Cases/Contacts/TC001-contacts-Verify user can add new contact: Test Cases/Contacts/TC001-contacts-Verify user can add new contact FAILED.
Reason:
com.kms.katalon.core.exception.StepFailedException: Unable to click on object 'Object Repository/Contacts/TC001-contacts-Verify user can add new contact/Page_Landingly/a_Contacts'
	at com.kms.katalon.core.webui.keyword.internal.WebUIKeywordMain.stepFailed(WebUIKeywordMain.groovy:64)
	at com.kms.katalon.core.webui.keyword.internal.WebUIKeywordMain.runKeyword(WebUIKeywordMain.groovy:26)
	at com.kms.katalon.core.webui.keyword.builtin.ClickKeyword.click(ClickKeyword.groovy:74)
	at com.kms.katalon.core.webui.keyword.builtin.ClickKeyword.execute(ClickKeyword.groovy:40)
	at com.kms.katalon.core.keyword.internal.KeywordExecutor.executeKeywordForPlatform(KeywordExecutor.groovy:74)
	at com.kms.katalon.core.webui.keyword.WebUiBuiltInKeywords.click(WebUiBuiltInKeywords.groovy:620)
	at com.kms.katalon.core.webui.keyword.WebUiBuiltInKeywords$click$3.call(Unknown Source)
	at TC001-contacts-Verify user can add new contact.run(TC001-contacts-Verify user can add new contact:32)
	at com.kms.katalon.core.main.ScriptEngine.run(ScriptEngine.java:194)
	at com.kms.katalon.core.main.ScriptEngine.runScriptAsRawText(ScriptEngine.java:119)
	at com.kms.katalon.core.main.TestCaseExecutor.runScript(TestCaseExecutor.java:448)
	at com.kms.katalon.core.main.TestCaseExecutor.doExecute(TestCaseExecutor.java:439)
	at com.kms.katalon.core.main.TestCaseExecutor.processExecutionPhase(TestCaseExecutor.java:418)
	at com.kms.katalon.core.main.TestCaseExecutor.accessMainPhase(TestCaseExecutor.java:410)
	at com.kms.katalon.core.main.TestCaseExecutor.execute(TestCaseExecutor.java:285)
	at com.kms.katalon.core.common.CommonExecutor.accessTestCaseMainPhase(CommonExecutor.java:65)
	at com.kms.katalon.core.main.TestSuiteExecutor.accessTestSuiteMainPhase(TestSuiteExecutor.java:148)
	at com.kms.katalon.core.main.TestSuiteExecutor.execute(TestSuiteExecutor.java:106)
	at com.kms.katalon.core.main.TestCaseMain.startTestSuite(TestCaseMain.java:187)
	at com.kms.katalon.core.main.TestCaseMain$startTestSuite$0.call(Unknown Source)
	at TempTestSuite1696838480513.run(TempTestSuite1696838480513.groovy:36)
Caused by: org.openqa.selenium.ElementNotInteractableException: element not interactable
  (Session info: chrome=117.0.5938.149)
Build info: version: '3.141.59', revision: 'e82be7d358', time: '2018-11-14T08:25:53'
System info: host: 'DESKTOP-3BHH4MD', ip: '192.168.0.108', os.name: 'Windows 10', os.arch: 'amd64', os.version: '10.0', java.version: '1.8.0_362'
Driver info: com.kms.katalon.selenium.driver.CChromeDriver
Capabilities {acceptInsecureCerts: false, browserName: chrome, browserVersion: 117.0.5938.149, chrome: {chromedriverVersion: 116.0.5845.96 (1a3918166880..., userDataDir: C:\Users\TDS\AppData\Local\...}, fedcm:accounts: true, goog:chromeOptions: {debuggerAddress: localhost:54084}, javascriptEnabled: true, networkConnectionEnabled: false, pageLoadStrategy: normal, platform: WINDOWS, platformName: WINDOWS, proxy: Proxy(), setWindowRect: true, strictFileInteractability: false, timeouts: {implicit: 0, pageLoad: 300000, script: 30000}, unhandledPromptBehavior: dismiss and notify, webauthn:extension:credBlob: true, webauthn:extension:largeBlob: true, webauthn:extension:minPinLength: true, webauthn:extension:prf: true, webauthn:virtualAuthenticators: true}
Session ID: c827db501cc6a4e55fb5cf1cb1fa8cf4
	at org.openqa.selenium.remote.http.W3CHttpResponseCodec.createException(W3CHttpResponseCodec.java:187)
	at org.openqa.selenium.remote.http.W3CHttpResponseCodec.decode(W3CHttpResponseCodec.java:122)
	at org.openqa.selenium.remote.http.W3CHttpResponseCodec.decode(W3CHttpResponseCodec.java:49)
	at org.openqa.selenium.remote.HttpCommandExecutor.execute(HttpCommandExecutor.java:158)
	at org.openqa.selenium.remote.service.DriverCommandExecutor.execute(DriverCommandExecutor.java:83)
	at org.openqa.selenium.remote.RemoteWebDriver.execute(RemoteWebDriver.java:552)
	at com.kms.katalon.selenium.driver.CChromeDriver.execute(CChromeDriver.java:19)
	at org.openqa.selenium.remote.RemoteWebElement.execute(RemoteWebElement.java:285)
	at org.openqa.selenium.remote.RemoteWebElement.click(RemoteWebElement.java:84)
	at org.openqa.selenium.support.events.EventFiringWebDriver$EventFiringWebElement.lambda$new$0(EventFiringWebDriver.java:404)
	at com.sun.proxy.$Proxy11.click(Unknown Source)
	at org.openqa.selenium.support.events.EventFiringWebDriver$EventFiringWebElement.click(EventFiringWebDriver.java:417)
	at org.openqa.selenium.WebElement$click.call(Unknown Source)
	at com.kms.katalon.core.webui.keyword.builtin.ClickKeyword.clickUntilSuccessWithTimeout(ClickKeyword.groovy:81)
	at com.kms.katalon.core.webui.keyword.builtin.ClickKeyword.clickUntilSuccessWithTimeout(ClickKeyword.groovy)
	at com.kms.katalon.core.webui.keyword.builtin.ClickKeyword$_click_closure1.doCall(ClickKeyword.groovy:67)
	at com.kms.katalon.core.webui.keyword.builtin.ClickKeyword$_click_closure1.call(ClickKeyword.groovy)
	at com.kms.katalon.core.webui.keyword.internal.WebUIKeywordMain.runKeyword(WebUIKeywordMain.groovy:20)
	... 19 more]]></system-err>
      </testcase>
      <testcase name="Test Cases/Dashboard/TC014-Verify user can click on continue button" time="32.905" classname="Test Cases/Dashboard/TC014-Verify user can click on continue button" status="PASSED">
         <system-out><![CDATA[2023-10-09 13:02:03 - [TEST_CASE][PASSED] - Test Cases/Dashboard/TC014-Verify user can click on continue button: Test Cases/Dashboard/TC014-Verify user can click on continue button

2023-10-09 13:02:05 - [TEST_STEP][PASSED] - openBrowser(""): Browser is opened with url: ''

2023-10-09 13:02:05 - [MESSAGE][WARNING] - A browser is already opened. Closing browser and opening a new one

2023-10-09 13:02:06 - [MESSAGE][INFO] - Starting 'Chrome' driver

2023-10-09 13:02:06 - [MESSAGE][INFO] - Action delay is set to 0 milliseconds

2023-10-09 13:02:09 - [MESSAGE][PASSED] - Browser is opened with url: ''

2023-10-09 13:02:09 - [TEST_STEP][PASSED] - navigateToUrl("https://app.landingly.com/"): Navigate to 'https://app.landingly.com/' successfully

2023-10-09 13:02:20 - [MESSAGE][PASSED] - Navigate to 'https://app.landingly.com/' successfully

2023-10-09 13:02:20 - [TEST_STEP][PASSED] - setText(findTestObject("Object Repository/Dashboard/TC014-Verify user can click on continue button/Page_Landingly  Login/input_Email_login-email"), "sqaahmadtahir@gmail.com"): Text 'sqaahmadtahir@gmail.com' is set on object 'Object Repository/Dashboard/TC014-Verify user can click on continue button/Page_Landingly  Login/input_Email_login-email'

2023-10-09 13:02:22 - [MESSAGE][PASSED] - Text 'sqaahmadtahir@gmail.com' is set on object 'Object Repository/Dashboard/TC014-Verify user can click on continue button/Page_Landingly  Login/input_Email_login-email'

2023-10-09 13:02:22 - [TEST_STEP][PASSED] - setEncryptedText(findTestObject("Object Repository/Dashboard/TC014-Verify user can click on continue button/Page_Landingly  Login/input_Forgot Password_login-password"), "/5S6MFFLcE5DAenbZpYNsQ=="): Text ****** has been set on object 'Object Repository/Dashboard/TC014-Verify user can click on continue button/Page_Landingly  Login/input_Forgot Password_login-password'

2023-10-09 13:02:22 - [MESSAGE][PASSED] - Text ****** has been set on object 'Object Repository/Dashboard/TC014-Verify user can click on continue button/Page_Landingly  Login/input_Forgot Password_login-password'

2023-10-09 13:02:22 - [TEST_STEP][PASSED] - click(findTestObject("Object Repository/Dashboard/TC014-Verify user can click on continue button/Page_Landingly  Login/button_Sign in")): Object: 'Object Repository/Dashboard/TC014-Verify user can click on continue button/Page_Landingly  Login/button_Sign in' is clicked on

2023-10-09 13:02:23 - [MESSAGE][PASSED] - Object: 'Object Repository/Dashboard/TC014-Verify user can click on continue button/Page_Landingly  Login/button_Sign in' is clicked on

2023-10-09 13:02:23 - [TEST_STEP][PASSED] - click(findTestObject("Object Repository/Dashboard/TC014-Verify user can click on continue button/Page_Landingly/button_Continue")): Object: 'Object Repository/Dashboard/TC014-Verify user can click on continue button/Page_Landingly/button_Continue' is clicked on

2023-10-09 13:02:25 - [MESSAGE][PASSED] - Object: 'Object Repository/Dashboard/TC014-Verify user can click on continue button/Page_Landingly/button_Continue' is clicked on

2023-10-09 13:02:25 - [TEST_STEP][PASSED] - verifyElementText(findTestObject("Object Repository/Dashboard/TC014-Verify user can click on continue button/Page_Landingly  Projects/h2_Projects"), "Projects"): Actual text and expected text of test object 'Object Repository/Dashboard/TC014-Verify user can click on continue button/Page_Landingly  Projects/h2_Projects' are matched.

2023-10-09 13:02:35 - [MESSAGE][PASSED] - Actual text and expected text of test object 'Object Repository/Dashboard/TC014-Verify user can click on continue button/Page_Landingly  Projects/h2_Projects' are matched.

2023-10-09 13:02:35 - [TEST_STEP][PASSED] - closeBrowser(): Browser is closed

2023-10-09 13:02:36 - [MESSAGE][PASSED] - Browser is closed]]></system-out>
         <system-err><![CDATA[]]></system-err>
      </testcase>
      <testcase name="Test Cases/Dashboard/TC015-Verify user can change theme dark-light" time="26.875" classname="Test Cases/Dashboard/TC015-Verify user can change theme dark-light" status="PASSED">
         <system-out><![CDATA[2023-10-09 13:02:36 - [TEST_CASE][PASSED] - Test Cases/Dashboard/TC015-Verify user can change theme dark-light: Test Cases/Dashboard/TC015-Verify user can change theme dark-light

2023-10-09 13:02:37 - [TEST_STEP][PASSED] - openBrowser(""): Browser is opened with url: ''

2023-10-09 13:02:37 - [MESSAGE][INFO] - Starting 'Chrome' driver

2023-10-09 13:02:37 - [MESSAGE][INFO] - Action delay is set to 0 milliseconds

2023-10-09 13:02:40 - [MESSAGE][PASSED] - Browser is opened with url: ''

2023-10-09 13:02:40 - [TEST_STEP][PASSED] - maximizeWindow(): Current window maximized

2023-10-09 13:02:40 - [MESSAGE][PASSED] - Current window maximized

2023-10-09 13:02:40 - [TEST_STEP][PASSED] - navigateToUrl("https://app.landingly.com/login"): Navigate to 'https://app.landingly.com/login' successfully

2023-10-09 13:02:46 - [MESSAGE][PASSED] - Navigate to 'https://app.landingly.com/login' successfully

2023-10-09 13:02:46 - [TEST_STEP][PASSED] - setText(findTestObject("Object Repository/Dashboard/TC015-Verify user can change theme dark-light/Page_Landingly  Login/input_Email_login-email"), "sqaahmadtahir@gmail.com"): Text 'sqaahmadtahir@gmail.com' is set on object 'Object Repository/Dashboard/TC015-Verify user can change theme dark-light/Page_Landingly  Login/input_Email_login-email'

2023-10-09 13:02:48 - [MESSAGE][PASSED] - Text 'sqaahmadtahir@gmail.com' is set on object 'Object Repository/Dashboard/TC015-Verify user can change theme dark-light/Page_Landingly  Login/input_Email_login-email'

2023-10-09 13:02:48 - [TEST_STEP][PASSED] - setEncryptedText(findTestObject("Object Repository/Dashboard/TC015-Verify user can change theme dark-light/Page_Landingly  Login/input_Forgot Password_login-password"), "/5S6MFFLcE5DAenbZpYNsQ=="): Text ****** has been set on object 'Object Repository/Dashboard/TC015-Verify user can change theme dark-light/Page_Landingly  Login/input_Forgot Password_login-password'

2023-10-09 13:02:48 - [MESSAGE][PASSED] - Text ****** has been set on object 'Object Repository/Dashboard/TC015-Verify user can change theme dark-light/Page_Landingly  Login/input_Forgot Password_login-password'

2023-10-09 13:02:48 - [TEST_STEP][PASSED] - click(findTestObject("Object Repository/Dashboard/TC015-Verify user can change theme dark-light/Page_Landingly  Login/button_Sign in")): Object: 'Object Repository/Dashboard/TC015-Verify user can change theme dark-light/Page_Landingly  Login/button_Sign in' is clicked on

2023-10-09 13:02:49 - [MESSAGE][PASSED] - Object: 'Object Repository/Dashboard/TC015-Verify user can change theme dark-light/Page_Landingly  Login/button_Sign in' is clicked on

2023-10-09 13:02:49 - [TEST_STEP][PASSED] - delay(10): Delayed 10 second(s)

2023-10-09 13:02:59 - [MESSAGE][PASSED] - Delayed 10 second(s)

2023-10-09 13:02:59 - [TEST_STEP][PASSED] - if (verifyElementPresent(findTestObject("Object Repository/Dashboard/TC015-Verify user can change theme dark-light/Page_Landingly/svg_Profile_feather feather-sun"), 10, CONTINUE_ON_FAILURE)): null

2023-10-09 13:03:00 - [MESSAGE][PASSED] - Object 'Object Repository/Dashboard/TC015-Verify user can change theme dark-light/Page_Landingly/svg_Profile_feather feather-sun' is present

2023-10-09 13:03:00 - [TEST_STEP][PASSED] - click(findTestObject("Object Repository/Dashboard/TC015-Verify user can change theme dark-light/Page_Landingly/svg_Profile_feather feather-sun")): Object: 'Object Repository/Dashboard/TC015-Verify user can change theme dark-light/Page_Landingly/svg_Profile_feather feather-sun' is clicked on

2023-10-09 13:03:00 - [MESSAGE][PASSED] - Object: 'Object Repository/Dashboard/TC015-Verify user can change theme dark-light/Page_Landingly/svg_Profile_feather feather-sun' is clicked on

2023-10-09 13:03:00 - [TEST_STEP][PASSED] - click(findTestObject("Object Repository/Dashboard/TC015-Verify user can change theme dark-light/Page_Landingly/svg_Profile_feather feather-moon")): Object: 'Object Repository/Dashboard/TC015-Verify user can change theme dark-light/Page_Landingly/svg_Profile_feather feather-moon' is clicked on

2023-10-09 13:03:01 - [MESSAGE][PASSED] - Object: 'Object Repository/Dashboard/TC015-Verify user can change theme dark-light/Page_Landingly/svg_Profile_feather feather-moon' is clicked on

2023-10-09 13:03:01 - [TEST_STEP][PASSED] - closeBrowser(): Browser is closed

2023-10-09 13:03:03 - [MESSAGE][PASSED] - Browser is closed]]></system-out>
         <system-err><![CDATA[]]></system-err>
      </testcase>
      <testcase name="Test Cases/Login/TC001-Validlogin" time="52.671" classname="Test Cases/Login/TC001-Validlogin" status="PASSED">
         <system-out><![CDATA[2023-10-09 13:03:03 - [TEST_CASE][PASSED] - Test Cases/Login/TC001-Validlogin: Test Cases/Login/TC001-Validlogin

2023-10-09 13:03:04 - [TEST_STEP][PASSED] - openBrowser(""): Browser is opened with url: ''

2023-10-09 13:03:04 - [MESSAGE][INFO] - Starting 'Chrome' driver

2023-10-09 13:03:04 - [MESSAGE][INFO] - Action delay is set to 0 milliseconds

2023-10-09 13:03:07 - [MESSAGE][PASSED] - Browser is opened with url: ''

2023-10-09 13:03:07 - [TEST_STEP][PASSED] - maximizeWindow(): Current window maximized

2023-10-09 13:03:07 - [MESSAGE][PASSED] - Current window maximized

2023-10-09 13:03:07 - [TEST_STEP][PASSED] - navigateToUrl("https://app.landingly.com/"): Navigate to 'https://app.landingly.com/' successfully

2023-10-09 13:03:52 - [MESSAGE][PASSED] - Navigate to 'https://app.landingly.com/' successfully

2023-10-09 13:03:52 - [TEST_STEP][PASSED] - setText(findTestObject("Object Repository/Login/TC001-Validlogin/Page_Landingly  Login/input_Email_login-email"), "sqaahmadtahir@gmail.com"): Text 'sqaahmadtahir@gmail.com' is set on object 'Object Repository/Login/TC001-Validlogin/Page_Landingly  Login/input_Email_login-email'

2023-10-09 13:03:53 - [MESSAGE][PASSED] - Text 'sqaahmadtahir@gmail.com' is set on object 'Object Repository/Login/TC001-Validlogin/Page_Landingly  Login/input_Email_login-email'

2023-10-09 13:03:53 - [TEST_STEP][PASSED] - setEncryptedText(findTestObject("Object Repository/Login/TC001-Validlogin/Page_Landingly  Login/input_Forgot Password_login-password"), "/5S6MFFLcE5DAenbZpYNsQ=="): Text ****** has been set on object 'Object Repository/Login/TC001-Validlogin/Page_Landingly  Login/input_Forgot Password_login-password'

2023-10-09 13:03:54 - [MESSAGE][PASSED] - Text ****** has been set on object 'Object Repository/Login/TC001-Validlogin/Page_Landingly  Login/input_Forgot Password_login-password'

2023-10-09 13:03:54 - [TEST_STEP][PASSED] - click(findTestObject("Object Repository/Login/TC001-Validlogin/Page_Landingly  Login/button_Sign in")): Object: 'Object Repository/Login/TC001-Validlogin/Page_Landingly  Login/button_Sign in' is clicked on

2023-10-09 13:03:54 - [MESSAGE][PASSED] - Object: 'Object Repository/Login/TC001-Validlogin/Page_Landingly  Login/button_Sign in' is clicked on

2023-10-09 13:03:54 - [TEST_STEP][PASSED] - closeBrowser(): Browser is closed

2023-10-09 13:03:56 - [MESSAGE][PASSED] - Browser is closed]]></system-out>
         <system-err><![CDATA[]]></system-err>
      </testcase>
      <testcase name="Test Cases/Login/TC002-Valid Email and Invalid Password" time="20.982" classname="Test Cases/Login/TC002-Valid Email and Invalid Password" status="PASSED">
         <system-out><![CDATA[2023-10-09 13:03:56 - [TEST_CASE][PASSED] - Test Cases/Login/TC002-Valid Email and Invalid Password: Test Cases/Login/TC002-Valid Email and Invalid Password

2023-10-09 13:03:57 - [TEST_STEP][PASSED] - openBrowser(""): Browser is opened with url: ''

2023-10-09 13:03:57 - [MESSAGE][INFO] - Starting 'Chrome' driver

2023-10-09 13:03:57 - [MESSAGE][INFO] - Action delay is set to 0 milliseconds

2023-10-09 13:03:59 - [MESSAGE][PASSED] - Browser is opened with url: ''

2023-10-09 13:03:59 - [TEST_STEP][PASSED] - maximizeWindow(): Current window maximized

2023-10-09 13:04:00 - [MESSAGE][PASSED] - Current window maximized

2023-10-09 13:04:00 - [TEST_STEP][PASSED] - navigateToUrl("https://app.landingly.com/"): Navigate to 'https://app.landingly.com/' successfully

2023-10-09 13:04:07 - [MESSAGE][PASSED] - Navigate to 'https://app.landingly.com/' successfully

2023-10-09 13:04:07 - [TEST_STEP][PASSED] - setText(findTestObject("Object Repository/Login/TC002-Valid Email and Invalid Password/Page_Landingly  Login/input_Email_login-email"), "sqaahmadtahir@gmail.com"): Text 'sqaahmadtahir@gmail.com' is set on object 'Object Repository/Login/TC002-Valid Email and Invalid Password/Page_Landingly  Login/input_Email_login-email'

2023-10-09 13:04:08 - [MESSAGE][PASSED] - Text 'sqaahmadtahir@gmail.com' is set on object 'Object Repository/Login/TC002-Valid Email and Invalid Password/Page_Landingly  Login/input_Email_login-email'

2023-10-09 13:04:08 - [TEST_STEP][PASSED] - setEncryptedText(findTestObject("Object Repository/Login/TC002-Valid Email and Invalid Password/Page_Landingly  Login/input_Forgot Password_login-password"), "aeHFOx8jV/A="): Text ****** has been set on object 'Object Repository/Login/TC002-Valid Email and Invalid Password/Page_Landingly  Login/input_Forgot Password_login-password'

2023-10-09 13:04:09 - [MESSAGE][PASSED] - Text ****** has been set on object 'Object Repository/Login/TC002-Valid Email and Invalid Password/Page_Landingly  Login/input_Forgot Password_login-password'

2023-10-09 13:04:09 - [TEST_STEP][PASSED] - click(findTestObject("Object Repository/Login/TC002-Valid Email and Invalid Password/Page_Landingly  Login/button_Sign in")): Object: 'Object Repository/Login/TC002-Valid Email and Invalid Password/Page_Landingly  Login/button_Sign in' is clicked on

2023-10-09 13:04:10 - [MESSAGE][PASSED] - Object: 'Object Repository/Login/TC002-Valid Email and Invalid Password/Page_Landingly  Login/button_Sign in' is clicked on

2023-10-09 13:04:10 - [TEST_STEP][PASSED] - verifyElementText(findTestObject("Object Repository/Login/TC002-Valid Email and Invalid Password/Page_Landingly  Login/h5_Invalid Login Attempt"), "Invalid Login Attempt"): Actual text and expected text of test object 'Object Repository/Login/TC002-Valid Email and Invalid Password/Page_Landingly  Login/h5_Invalid Login Attempt' are matched.

2023-10-09 13:04:16 - [MESSAGE][PASSED] - Actual text and expected text of test object 'Object Repository/Login/TC002-Valid Email and Invalid Password/Page_Landingly  Login/h5_Invalid Login Attempt' are matched.

2023-10-09 13:04:16 - [TEST_STEP][PASSED] - closeBrowser(): Browser is closed

2023-10-09 13:04:17 - [MESSAGE][PASSED] - Browser is closed]]></system-out>
         <system-err><![CDATA[]]></system-err>
      </testcase>
      <testcase name="Test Cases/Login/TC003-Invalid Email and valid Password" time="16.434" classname="Test Cases/Login/TC003-Invalid Email and valid Password" status="PASSED">
         <system-out><![CDATA[2023-10-09 13:04:17 - [TEST_CASE][PASSED] - Test Cases/Login/TC003-Invalid Email and valid Password: Test Cases/Login/TC003-Invalid Email and valid Password

2023-10-09 13:04:18 - [TEST_STEP][PASSED] - openBrowser(""): Browser is opened with url: ''

2023-10-09 13:04:18 - [MESSAGE][INFO] - Starting 'Chrome' driver

2023-10-09 13:04:18 - [MESSAGE][INFO] - Action delay is set to 0 milliseconds

2023-10-09 13:04:21 - [MESSAGE][PASSED] - Browser is opened with url: ''

2023-10-09 13:04:21 - [TEST_STEP][PASSED] - maximizeWindow(): Current window maximized

2023-10-09 13:04:21 - [MESSAGE][PASSED] - Current window maximized

2023-10-09 13:04:21 - [TEST_STEP][PASSED] - navigateToUrl("https://app.landingly.com/"): Navigate to 'https://app.landingly.com/' successfully

2023-10-09 13:04:27 - [MESSAGE][PASSED] - Navigate to 'https://app.landingly.com/' successfully

2023-10-09 13:04:27 - [TEST_STEP][PASSED] - setText(findTestObject("Object Repository/Login/TC003-Invalid Email and valid Password/Page_Landingly  Login/input_Email_login-email"), "sqahmadtahir@gmail.com"): Text 'sqahmadtahir@gmail.com' is set on object 'Object Repository/Login/TC003-Invalid Email and valid Password/Page_Landingly  Login/input_Email_login-email'

2023-10-09 13:04:28 - [MESSAGE][PASSED] - Text 'sqahmadtahir@gmail.com' is set on object 'Object Repository/Login/TC003-Invalid Email and valid Password/Page_Landingly  Login/input_Email_login-email'

2023-10-09 13:04:28 - [TEST_STEP][PASSED] - setEncryptedText(findTestObject("Object Repository/Login/TC003-Invalid Email and valid Password/Page_Landingly  Login/input_Forgot Password_login-password"), "/5S6MFFLcE5DAenbZpYNsQ=="): Text ****** has been set on object 'Object Repository/Login/TC003-Invalid Email and valid Password/Page_Landingly  Login/input_Forgot Password_login-password'

2023-10-09 13:04:29 - [MESSAGE][PASSED] - Text ****** has been set on object 'Object Repository/Login/TC003-Invalid Email and valid Password/Page_Landingly  Login/input_Forgot Password_login-password'

2023-10-09 13:04:29 - [TEST_STEP][PASSED] - click(findTestObject("Login/TC003-Invalid Email and valid Password/Page_Landingly  Login/button_Sign in")): Object: 'Object Repository/Login/TC003-Invalid Email and valid Password/Page_Landingly  Login/button_Sign in' is clicked on

2023-10-09 13:04:30 - [MESSAGE][PASSED] - Object: 'Object Repository/Login/TC003-Invalid Email and valid Password/Page_Landingly  Login/button_Sign in' is clicked on

2023-10-09 13:04:30 - [TEST_STEP][PASSED] - verifyElementText(findTestObject("Object Repository/Login/TC003-Invalid Email and valid Password/Page_Landingly  Login/h5_Invalid Login Attempt"), "Invalid Login Attempt"): Actual text and expected text of test object 'Object Repository/Login/TC003-Invalid Email and valid Password/Page_Landingly  Login/h5_Invalid Login Attempt' are matched.

2023-10-09 13:04:32 - [MESSAGE][PASSED] - Actual text and expected text of test object 'Object Repository/Login/TC003-Invalid Email and valid Password/Page_Landingly  Login/h5_Invalid Login Attempt' are matched.

2023-10-09 13:04:32 - [TEST_STEP][PASSED] - closeBrowser(): Browser is closed

2023-10-09 13:04:33 - [MESSAGE][PASSED] - Browser is closed]]></system-out>
         <system-err><![CDATA[]]></system-err>
      </testcase>
      <testcase name="Test Cases/Login/TC004-Empty Login Fields" time="11.584" classname="Test Cases/Login/TC004-Empty Login Fields" status="FAILED">
         <failure type="FAILED" message="Test Cases/Login/TC004-Empty Login Fields FAILED.
Reason:
com.kms.katalon.core.exception.StepFailedException: Unable to verify object 'Object Repository/Login/TC004-Empty Login Fields/Page_Landingly  Login/button_Sign in' to be clickable
	at com.kms.katalon.core.webui.keyword.internal.WebUIKeywordMain.stepFailed(WebUIKeywordMain.groovy:64)
	at com.kms.katalon.core.webui.keyword.internal.WebUIKeywordMain.runKeyword(WebUIKeywordMain.groovy:26)
	at com.kms.katalon.core.webui.keyword.builtin.VerifyElementClickableKeyword.verifyElementClickable(VerifyElementClickableKeyword.groovy:96)
	at com.kms.katalon.core.webui.keyword.builtin.VerifyElementClickableKeyword.execute(VerifyElementClickableKeyword.groovy:67)
	at com.kms.katalon.core.keyword.internal.KeywordExecutor.executeKeywordForPlatform(KeywordExecutor.groovy:74)
	at com.kms.katalon.core.webui.keyword.WebUiBuiltInKeywords.verifyElementClickable(WebUiBuiltInKeywords.groovy:566)
	at com.kms.katalon.core.webui.keyword.WebUiBuiltInKeywords$verifyElementClickable$8.call(Unknown Source)
	at TC004-Empty Login Fields.run(TC004-Empty Login Fields:26)
	at com.kms.katalon.core.main.ScriptEngine.run(ScriptEngine.java:194)
	at com.kms.katalon.core.main.ScriptEngine.runScriptAsRawText(ScriptEngine.java:119)
	at com.kms.katalon.core.main.TestCaseExecutor.runScript(TestCaseExecutor.java:448)
	at com.kms.katalon.core.main.TestCaseExecutor.doExecute(TestCaseExecutor.java:439)
	at com.kms.katalon.core.main.TestCaseExecutor.processExecutionPhase(TestCaseExecutor.java:418)
	at com.kms.katalon.core.main.TestCaseExecutor.accessMainPhase(TestCaseExecutor.java:410)
	at com.kms.katalon.core.main.TestCaseExecutor.execute(TestCaseExecutor.java:285)
	at com.kms.katalon.core.common.CommonExecutor.accessTestCaseMainPhase(CommonExecutor.java:65)
	at com.kms.katalon.core.main.TestSuiteExecutor.accessTestSuiteMainPhase(TestSuiteExecutor.java:148)
	at com.kms.katalon.core.main.TestSuiteExecutor.execute(TestSuiteExecutor.java:106)
	at com.kms.katalon.core.main.TestCaseMain.startTestSuite(TestCaseMain.java:187)
	at com.kms.katalon.core.main.TestCaseMain$startTestSuite$0.call(Unknown Source)
	at TempTestSuite1696838480513.run(TempTestSuite1696838480513.groovy:36)
Caused by: com.kms.katalon.core.exception.StepFailedException: Object 'Object Repository/Login/TC004-Empty Login Fields/Page_Landingly  Login/button_Sign in' is NOT clickable
	at com.kms.katalon.core.webui.keyword.internal.WebUIKeywordMain.stepFailed(WebUIKeywordMain.groovy:64)
	at com.kms.katalon.core.webui.keyword.builtin.VerifyElementClickableKeyword$_verifyElementClickable_closure1.doCall(VerifyElementClickableKeyword.groovy:83)
	at com.kms.katalon.core.webui.keyword.builtin.VerifyElementClickableKeyword$_verifyElementClickable_closure1.call(VerifyElementClickableKeyword.groovy)
	at com.kms.katalon.core.webui.keyword.internal.WebUIKeywordMain.runKeyword(WebUIKeywordMain.groovy:20)
	... 19 more
"/>
         <system-out><![CDATA[2023-10-09 13:04:33 - [TEST_CASE][FAILED] - Test Cases/Login/TC004-Empty Login Fields: Test Cases/Login/TC004-Empty Login Fields FAILED.
Reason:
com.kms.katalon.core.exception.StepFailedException: Unable to verify object 'Object Repository/Login/TC004-Empty Login Fields/Page_Landingly  Login/button_Sign in' to be clickable
	at com.kms.katalon.core.webui.keyword.internal.WebUIKeywordMain.stepFailed(WebUIKeywordMain.groovy:64)
	at com.kms.katalon.core.webui.keyword.internal.WebUIKeywordMain.runKeyword(WebUIKeywordMain.groovy:26)
	at com.kms.katalon.core.webui.keyword.builtin.VerifyElementClickableKeyword.verifyElementClickable(VerifyElementClickableKeyword.groovy:96)
	at com.kms.katalon.core.webui.keyword.builtin.VerifyElementClickableKeyword.execute(VerifyElementClickableKeyword.groovy:67)
	at com.kms.katalon.core.keyword.internal.KeywordExecutor.executeKeywordForPlatform(KeywordExecutor.groovy:74)
	at com.kms.katalon.core.webui.keyword.WebUiBuiltInKeywords.verifyElementClickable(WebUiBuiltInKeywords.groovy:566)
	at com.kms.katalon.core.webui.keyword.WebUiBuiltInKeywords$verifyElementClickable$8.call(Unknown Source)
	at TC004-Empty Login Fields.run(TC004-Empty Login Fields:26)
	at com.kms.katalon.core.main.ScriptEngine.run(ScriptEngine.java:194)
	at com.kms.katalon.core.main.ScriptEngine.runScriptAsRawText(ScriptEngine.java:119)
	at com.kms.katalon.core.main.TestCaseExecutor.runScript(TestCaseExecutor.java:448)
	at com.kms.katalon.core.main.TestCaseExecutor.doExecute(TestCaseExecutor.java:439)
	at com.kms.katalon.core.main.TestCaseExecutor.processExecutionPhase(TestCaseExecutor.java:418)
	at com.kms.katalon.core.main.TestCaseExecutor.accessMainPhase(TestCaseExecutor.java:410)
	at com.kms.katalon.core.main.TestCaseExecutor.execute(TestCaseExecutor.java:285)
	at com.kms.katalon.core.common.CommonExecutor.accessTestCaseMainPhase(CommonExecutor.java:65)
	at com.kms.katalon.core.main.TestSuiteExecutor.accessTestSuiteMainPhase(TestSuiteExecutor.java:148)
	at com.kms.katalon.core.main.TestSuiteExecutor.execute(TestSuiteExecutor.java:106)
	at com.kms.katalon.core.main.TestCaseMain.startTestSuite(TestCaseMain.java:187)
	at com.kms.katalon.core.main.TestCaseMain$startTestSuite$0.call(Unknown Source)
	at TempTestSuite1696838480513.run(TempTestSuite1696838480513.groovy:36)
Caused by: com.kms.katalon.core.exception.StepFailedException: Object 'Object Repository/Login/TC004-Empty Login Fields/Page_Landingly  Login/button_Sign in' is NOT clickable
	at com.kms.katalon.core.webui.keyword.internal.WebUIKeywordMain.stepFailed(WebUIKeywordMain.groovy:64)
	at com.kms.katalon.core.webui.keyword.builtin.VerifyElementClickableKeyword$_verifyElementClickable_closure1.doCall(VerifyElementClickableKeyword.groovy:83)
	at com.kms.katalon.core.webui.keyword.builtin.VerifyElementClickableKeyword$_verifyElementClickable_closure1.call(VerifyElementClickableKeyword.groovy)
	at com.kms.katalon.core.webui.keyword.internal.WebUIKeywordMain.runKeyword(WebUIKeywordMain.groovy:20)
	... 19 more


2023-10-09 13:04:34 - [TEST_STEP][PASSED] - openBrowser(""): Browser is opened with url: ''

2023-10-09 13:04:34 - [MESSAGE][INFO] - Starting 'Chrome' driver

2023-10-09 13:04:34 - [MESSAGE][INFO] - Action delay is set to 0 milliseconds

2023-10-09 13:04:37 - [MESSAGE][PASSED] - Browser is opened with url: ''

2023-10-09 13:04:37 - [TEST_STEP][PASSED] - maximizeWindow(): Current window maximized

2023-10-09 13:04:37 - [MESSAGE][PASSED] - Current window maximized

2023-10-09 13:04:37 - [TEST_STEP][PASSED] - navigateToUrl("https://app.landingly.com/"): Navigate to 'https://app.landingly.com/' successfully

2023-10-09 13:04:43 - [MESSAGE][PASSED] - Navigate to 'https://app.landingly.com/' successfully

2023-10-09 13:04:43 - [TEST_STEP][FAILED] - verifyElementClickable(findTestObject("Object Repository/Login/TC004-Empty Login Fields/Page_Landingly  Login/button_Sign in")): Unable to verify object 'Object Repository/Login/TC004-Empty Login Fields/Page_Landingly  Login/button_Sign in' to be clickable (Root cause: com.kms.katalon.core.exception.StepFailedException: Unable to verify object 'Object Repository/Login/TC004-Empty Login Fields/Page_Landingly  Login/button_Sign in' to be clickable
	at com.kms.katalon.core.webui.keyword.internal.WebUIKeywordMain.stepFailed(WebUIKeywordMain.groovy:64)
	at com.kms.katalon.core.webui.keyword.internal.WebUIKeywordMain.runKeyword(WebUIKeywordMain.groovy:26)
	at com.kms.katalon.core.webui.keyword.builtin.VerifyElementClickableKeyword.verifyElementClickable(VerifyElementClickableKeyword.groovy:96)
	at com.kms.katalon.core.webui.keyword.builtin.VerifyElementClickableKeyword.execute(VerifyElementClickableKeyword.groovy:67)
	at com.kms.katalon.core.keyword.internal.KeywordExecutor.executeKeywordForPlatform(KeywordExecutor.groovy:74)
	at com.kms.katalon.core.webui.keyword.WebUiBuiltInKeywords.verifyElementClickable(WebUiBuiltInKeywords.groovy:566)
	at com.kms.katalon.core.webui.keyword.WebUiBuiltInKeywords$verifyElementClickable$8.call(Unknown Source)
	at TC004-Empty Login Fields.run(TC004-Empty Login Fields:26)
	at com.kms.katalon.core.main.ScriptEngine.run(ScriptEngine.java:194)
	at com.kms.katalon.core.main.ScriptEngine.runScriptAsRawText(ScriptEngine.java:119)
	at com.kms.katalon.core.main.TestCaseExecutor.runScript(TestCaseExecutor.java:448)
	at com.kms.katalon.core.main.TestCaseExecutor.doExecute(TestCaseExecutor.java:439)
	at com.kms.katalon.core.main.TestCaseExecutor.processExecutionPhase(TestCaseExecutor.java:418)
	at com.kms.katalon.core.main.TestCaseExecutor.accessMainPhase(TestCaseExecutor.java:410)
	at com.kms.katalon.core.main.TestCaseExecutor.execute(TestCaseExecutor.java:285)
	at com.kms.katalon.core.common.CommonExecutor.accessTestCaseMainPhase(CommonExecutor.java:65)
	at com.kms.katalon.core.main.TestSuiteExecutor.accessTestSuiteMainPhase(TestSuiteExecutor.java:148)
	at com.kms.katalon.core.main.TestSuiteExecutor.execute(TestSuiteExecutor.java:106)
	at com.kms.katalon.core.main.TestCaseMain.startTestSuite(TestCaseMain.java:187)
	at com.kms.katalon.core.main.TestCaseMain$startTestSuite$0.call(Unknown Source)
	at TempTestSuite1696838480513.run(TempTestSuite1696838480513.groovy:36)
Caused by: com.kms.katalon.core.exception.StepFailedException: Object 'Object Repository/Login/TC004-Empty Login Fields/Page_Landingly  Login/button_Sign in' is NOT clickable
	at com.kms.katalon.core.webui.keyword.internal.WebUIKeywordMain.stepFailed(WebUIKeywordMain.groovy:64)
	at com.kms.katalon.core.webui.keyword.builtin.VerifyElementClickableKeyword$_verifyElementClickable_closure1.doCall(VerifyElementClickableKeyword.groovy:83)
	at com.kms.katalon.core.webui.keyword.builtin.VerifyElementClickableKeyword$_verifyElementClickable_closure1.call(VerifyElementClickableKeyword.groovy)
	at com.kms.katalon.core.webui.keyword.internal.WebUIKeywordMain.runKeyword(WebUIKeywordMain.groovy:20)
	... 19 more
)

2023-10-09 13:04:44 - [MESSAGE][FAILED] - Object 'Object Repository/Login/TC004-Empty Login Fields/Page_Landingly  Login/button_Sign in' is NOT clickable (Root cause: com.kms.katalon.core.exception.StepFailedException: Object 'Object Repository/Login/TC004-Empty Login Fields/Page_Landingly  Login/button_Sign in' is NOT clickable
	at com.kms.katalon.core.webui.keyword.internal.WebUIKeywordMain.stepFailed(WebUIKeywordMain.groovy:64)
	at com.kms.katalon.core.webui.keyword.builtin.VerifyElementClickableKeyword$_verifyElementClickable_closure1.doCall(VerifyElementClickableKeyword.groovy:83)
	at com.kms.katalon.core.webui.keyword.builtin.VerifyElementClickableKeyword$_verifyElementClickable_closure1.call(VerifyElementClickableKeyword.groovy)
	at com.kms.katalon.core.webui.keyword.internal.WebUIKeywordMain.runKeyword(WebUIKeywordMain.groovy:20)
	at com.kms.katalon.core.webui.keyword.builtin.VerifyElementClickableKeyword.verifyElementClickable(VerifyElementClickableKeyword.groovy:96)
	at com.kms.katalon.core.webui.keyword.builtin.VerifyElementClickableKeyword.execute(VerifyElementClickableKeyword.groovy:67)
	at com.kms.katalon.core.keyword.internal.KeywordExecutor.executeKeywordForPlatform(KeywordExecutor.groovy:74)
	at com.kms.katalon.core.webui.keyword.WebUiBuiltInKeywords.verifyElementClickable(WebUiBuiltInKeywords.groovy:566)
	at com.kms.katalon.core.webui.keyword.WebUiBuiltInKeywords$verifyElementClickable$8.call(Unknown Source)
	at TC004-Empty Login Fields.run(TC004-Empty Login Fields:26)
	at com.kms.katalon.core.main.ScriptEngine.run(ScriptEngine.java:194)
	at com.kms.katalon.core.main.ScriptEngine.runScriptAsRawText(ScriptEngine.java:119)
	at com.kms.katalon.core.main.TestCaseExecutor.runScript(TestCaseExecutor.java:448)
	at com.kms.katalon.core.main.TestCaseExecutor.doExecute(TestCaseExecutor.java:439)
	at com.kms.katalon.core.main.TestCaseExecutor.processExecutionPhase(TestCaseExecutor.java:418)
	at com.kms.katalon.core.main.TestCaseExecutor.accessMainPhase(TestCaseExecutor.java:410)
	at com.kms.katalon.core.main.TestCaseExecutor.execute(TestCaseExecutor.java:285)
	at com.kms.katalon.core.common.CommonExecutor.accessTestCaseMainPhase(CommonExecutor.java:65)
	at com.kms.katalon.core.main.TestSuiteExecutor.accessTestSuiteMainPhase(TestSuiteExecutor.java:148)
	at com.kms.katalon.core.main.TestSuiteExecutor.execute(TestSuiteExecutor.java:106)
	at com.kms.katalon.core.main.TestCaseMain.startTestSuite(TestCaseMain.java:187)
	at com.kms.katalon.core.main.TestCaseMain$startTestSuite$0.call(Unknown Source)
	at TempTestSuite1696838480513.run(TempTestSuite1696838480513.groovy:36)
)
[[ATTACHMENT|C:\\Users\\TDS\\git\\Landingly\\Reports\\20231009_130120\\Landingly\\20231009_130120\\1696838684557.png]]

2023-10-09 13:04:45 - [MESSAGE][FAILED] - Unable to verify object 'Object Repository/Login/TC004-Empty Login Fields/Page_Landingly  Login/button_Sign in' to be clickable (Root cause: com.kms.katalon.core.exception.StepFailedException: Unable to verify object 'Object Repository/Login/TC004-Empty Login Fields/Page_Landingly  Login/button_Sign in' to be clickable
	at com.kms.katalon.core.webui.keyword.internal.WebUIKeywordMain.stepFailed(WebUIKeywordMain.groovy:64)
	at com.kms.katalon.core.webui.keyword.internal.WebUIKeywordMain.runKeyword(WebUIKeywordMain.groovy:26)
	at com.kms.katalon.core.webui.keyword.builtin.VerifyElementClickableKeyword.verifyElementClickable(VerifyElementClickableKeyword.groovy:96)
	at com.kms.katalon.core.webui.keyword.builtin.VerifyElementClickableKeyword.execute(VerifyElementClickableKeyword.groovy:67)
	at com.kms.katalon.core.keyword.internal.KeywordExecutor.executeKeywordForPlatform(KeywordExecutor.groovy:74)
	at com.kms.katalon.core.webui.keyword.WebUiBuiltInKeywords.verifyElementClickable(WebUiBuiltInKeywords.groovy:566)
	at com.kms.katalon.core.webui.keyword.WebUiBuiltInKeywords$verifyElementClickable$8.call(Unknown Source)
	at TC004-Empty Login Fields.run(TC004-Empty Login Fields:26)
	at com.kms.katalon.core.main.ScriptEngine.run(ScriptEngine.java:194)
	at com.kms.katalon.core.main.ScriptEngine.runScriptAsRawText(ScriptEngine.java:119)
	at com.kms.katalon.core.main.TestCaseExecutor.runScript(TestCaseExecutor.java:448)
	at com.kms.katalon.core.main.TestCaseExecutor.doExecute(TestCaseExecutor.java:439)
	at com.kms.katalon.core.main.TestCaseExecutor.processExecutionPhase(TestCaseExecutor.java:418)
	at com.kms.katalon.core.main.TestCaseExecutor.accessMainPhase(TestCaseExecutor.java:410)
	at com.kms.katalon.core.main.TestCaseExecutor.execute(TestCaseExecutor.java:285)
	at com.kms.katalon.core.common.CommonExecutor.accessTestCaseMainPhase(CommonExecutor.java:65)
	at com.kms.katalon.core.main.TestSuiteExecutor.accessTestSuiteMainPhase(TestSuiteExecutor.java:148)
	at com.kms.katalon.core.main.TestSuiteExecutor.execute(TestSuiteExecutor.java:106)
	at com.kms.katalon.core.main.TestCaseMain.startTestSuite(TestCaseMain.java:187)
	at com.kms.katalon.core.main.TestCaseMain$startTestSuite$0.call(Unknown Source)
	at TempTestSuite1696838480513.run(TempTestSuite1696838480513.groovy:36)
Caused by: com.kms.katalon.core.exception.StepFailedException: Object 'Object Repository/Login/TC004-Empty Login Fields/Page_Landingly  Login/button_Sign in' is NOT clickable
	at com.kms.katalon.core.webui.keyword.internal.WebUIKeywordMain.stepFailed(WebUIKeywordMain.groovy:64)
	at com.kms.katalon.core.webui.keyword.builtin.VerifyElementClickableKeyword$_verifyElementClickable_closure1.doCall(VerifyElementClickableKeyword.groovy:83)
	at com.kms.katalon.core.webui.keyword.builtin.VerifyElementClickableKeyword$_verifyElementClickable_closure1.call(VerifyElementClickableKeyword.groovy)
	at com.kms.katalon.core.webui.keyword.internal.WebUIKeywordMain.runKeyword(WebUIKeywordMain.groovy:20)
	... 19 more
)
[[ATTACHMENT|C:\\Users\\TDS\\git\\Landingly\\Reports\\20231009_130120\\Landingly\\20231009_130120\\1696838684828.png]]]]></system-out>
         <system-err><![CDATA[2023-10-09 13:04:33 - [TEST_CASE][FAILED] - Test Cases/Login/TC004-Empty Login Fields: Test Cases/Login/TC004-Empty Login Fields FAILED.
Reason:
com.kms.katalon.core.exception.StepFailedException: Unable to verify object 'Object Repository/Login/TC004-Empty Login Fields/Page_Landingly  Login/button_Sign in' to be clickable
	at com.kms.katalon.core.webui.keyword.internal.WebUIKeywordMain.stepFailed(WebUIKeywordMain.groovy:64)
	at com.kms.katalon.core.webui.keyword.internal.WebUIKeywordMain.runKeyword(WebUIKeywordMain.groovy:26)
	at com.kms.katalon.core.webui.keyword.builtin.VerifyElementClickableKeyword.verifyElementClickable(VerifyElementClickableKeyword.groovy:96)
	at com.kms.katalon.core.webui.keyword.builtin.VerifyElementClickableKeyword.execute(VerifyElementClickableKeyword.groovy:67)
	at com.kms.katalon.core.keyword.internal.KeywordExecutor.executeKeywordForPlatform(KeywordExecutor.groovy:74)
	at com.kms.katalon.core.webui.keyword.WebUiBuiltInKeywords.verifyElementClickable(WebUiBuiltInKeywords.groovy:566)
	at com.kms.katalon.core.webui.keyword.WebUiBuiltInKeywords$verifyElementClickable$8.call(Unknown Source)
	at TC004-Empty Login Fields.run(TC004-Empty Login Fields:26)
	at com.kms.katalon.core.main.ScriptEngine.run(ScriptEngine.java:194)
	at com.kms.katalon.core.main.ScriptEngine.runScriptAsRawText(ScriptEngine.java:119)
	at com.kms.katalon.core.main.TestCaseExecutor.runScript(TestCaseExecutor.java:448)
	at com.kms.katalon.core.main.TestCaseExecutor.doExecute(TestCaseExecutor.java:439)
	at com.kms.katalon.core.main.TestCaseExecutor.processExecutionPhase(TestCaseExecutor.java:418)
	at com.kms.katalon.core.main.TestCaseExecutor.accessMainPhase(TestCaseExecutor.java:410)
	at com.kms.katalon.core.main.TestCaseExecutor.execute(TestCaseExecutor.java:285)
	at com.kms.katalon.core.common.CommonExecutor.accessTestCaseMainPhase(CommonExecutor.java:65)
	at com.kms.katalon.core.main.TestSuiteExecutor.accessTestSuiteMainPhase(TestSuiteExecutor.java:148)
	at com.kms.katalon.core.main.TestSuiteExecutor.execute(TestSuiteExecutor.java:106)
	at com.kms.katalon.core.main.TestCaseMain.startTestSuite(TestCaseMain.java:187)
	at com.kms.katalon.core.main.TestCaseMain$startTestSuite$0.call(Unknown Source)
	at TempTestSuite1696838480513.run(TempTestSuite1696838480513.groovy:36)
Caused by: com.kms.katalon.core.exception.StepFailedException: Object 'Object Repository/Login/TC004-Empty Login Fields/Page_Landingly  Login/button_Sign in' is NOT clickable
	at com.kms.katalon.core.webui.keyword.internal.WebUIKeywordMain.stepFailed(WebUIKeywordMain.groovy:64)
	at com.kms.katalon.core.webui.keyword.builtin.VerifyElementClickableKeyword$_verifyElementClickable_closure1.doCall(VerifyElementClickableKeyword.groovy:83)
	at com.kms.katalon.core.webui.keyword.builtin.VerifyElementClickableKeyword$_verifyElementClickable_closure1.call(VerifyElementClickableKeyword.groovy)
	at com.kms.katalon.core.webui.keyword.internal.WebUIKeywordMain.runKeyword(WebUIKeywordMain.groovy:20)
	... 19 more]]></system-err>
      </testcase>
      <testcase name="Test Cases/Login/TC005-Invalid Email and invalid Password" time="16.72" classname="Test Cases/Login/TC005-Invalid Email and invalid Password" status="PASSED">
         <system-out><![CDATA[2023-10-09 13:04:45 - [TEST_CASE][PASSED] - Test Cases/Login/TC005-Invalid Email and invalid Password: Test Cases/Login/TC005-Invalid Email and invalid Password

2023-10-09 13:04:46 - [TEST_STEP][PASSED] - openBrowser(""): Browser is opened with url: ''

2023-10-09 13:04:46 - [MESSAGE][WARNING] - A browser is already opened. Closing browser and opening a new one

2023-10-09 13:04:47 - [MESSAGE][INFO] - Starting 'Chrome' driver

2023-10-09 13:04:47 - [MESSAGE][INFO] - Action delay is set to 0 milliseconds

2023-10-09 13:04:50 - [MESSAGE][PASSED] - Browser is opened with url: ''

2023-10-09 13:04:50 - [TEST_STEP][PASSED] - navigateToUrl("https://app.landingly.com/"): Navigate to 'https://app.landingly.com/' successfully

2023-10-09 13:04:56 - [MESSAGE][PASSED] - Navigate to 'https://app.landingly.com/' successfully

2023-10-09 13:04:56 - [TEST_STEP][PASSED] - setText(findTestObject("Object Repository/Login/TC005-Invalid Email and invalid Password/Page_Landingly  Login/input_Email_login-email"), "sqahmadtahri@gmail.com"): Text 'sqahmadtahri@gmail.com' is set on object 'Object Repository/Login/TC005-Invalid Email and invalid Password/Page_Landingly  Login/input_Email_login-email'

2023-10-09 13:04:57 - [MESSAGE][PASSED] - Text 'sqahmadtahri@gmail.com' is set on object 'Object Repository/Login/TC005-Invalid Email and invalid Password/Page_Landingly  Login/input_Email_login-email'

2023-10-09 13:04:57 - [TEST_STEP][PASSED] - setEncryptedText(findTestObject("Object Repository/Login/TC005-Invalid Email and invalid Password/Page_Landingly  Login/input_Forgot Password_login-password"), "iGDxf8hSRT4="): Text ****** has been set on object 'Object Repository/Login/TC005-Invalid Email and invalid Password/Page_Landingly  Login/input_Forgot Password_login-password'

2023-10-09 13:04:58 - [MESSAGE][PASSED] - Text ****** has been set on object 'Object Repository/Login/TC005-Invalid Email and invalid Password/Page_Landingly  Login/input_Forgot Password_login-password'

2023-10-09 13:04:58 - [TEST_STEP][PASSED] - click(findTestObject("Object Repository/Login/TC005-Invalid Email and invalid Password/Page_Landingly  Login/button_Sign in")): Object: 'Object Repository/Login/TC005-Invalid Email and invalid Password/Page_Landingly  Login/button_Sign in' is clicked on

2023-10-09 13:04:58 - [MESSAGE][PASSED] - Object: 'Object Repository/Login/TC005-Invalid Email and invalid Password/Page_Landingly  Login/button_Sign in' is clicked on

2023-10-09 13:04:58 - [TEST_STEP][PASSED] - verifyElementText(findTestObject("Object Repository/Login/TC005-Invalid Email and invalid Password/Page_Landingly  Login/h5_Invalid Login Attempt"), "Invalid Login Attempt"): Actual text and expected text of test object 'Object Repository/Login/TC005-Invalid Email and invalid Password/Page_Landingly  Login/h5_Invalid Login Attempt' are matched.

2023-10-09 13:05:00 - [MESSAGE][PASSED] - Actual text and expected text of test object 'Object Repository/Login/TC005-Invalid Email and invalid Password/Page_Landingly  Login/h5_Invalid Login Attempt' are matched.

2023-10-09 13:05:00 - [TEST_STEP][PASSED] - closeBrowser(): Browser is closed

2023-10-09 13:05:01 - [MESSAGE][PASSED] - Browser is closed]]></system-out>
         <system-err><![CDATA[]]></system-err>
      </testcase>
      <testcase name="Test Cases/Login/TC006-Empty Username and Valid Password" time="14.341" classname="Test Cases/Login/TC006-Empty Username and Valid Password" status="PASSED">
         <system-out><![CDATA[2023-10-09 13:05:01 - [TEST_CASE][PASSED] - Test Cases/Login/TC006-Empty Username and Valid Password: Test Cases/Login/TC006-Empty Username and Valid Password

2023-10-09 13:05:02 - [TEST_STEP][PASSED] - openBrowser(""): Browser is opened with url: ''

2023-10-09 13:05:02 - [MESSAGE][INFO] - Starting 'Chrome' driver

2023-10-09 13:05:02 - [MESSAGE][INFO] - Action delay is set to 0 milliseconds

2023-10-09 13:05:05 - [MESSAGE][PASSED] - Browser is opened with url: ''

2023-10-09 13:05:05 - [TEST_STEP][PASSED] - navigateToUrl("https://app.landingly.com/"): Navigate to 'https://app.landingly.com/' successfully

2023-10-09 13:05:12 - [MESSAGE][PASSED] - Navigate to 'https://app.landingly.com/' successfully

2023-10-09 13:05:12 - [TEST_STEP][PASSED] - setEncryptedText(findTestObject("Object Repository/Login/TC006-Empty Username and Valid Password/Page_Landingly  Login/input_Forgot Password_login-password"), "7Dxoto1EjKfQbGop/Ov+1g=="): Text ****** has been set on object 'Object Repository/Login/TC006-Empty Username and Valid Password/Page_Landingly  Login/input_Forgot Password_login-password'

2023-10-09 13:05:13 - [MESSAGE][PASSED] - Text ****** has been set on object 'Object Repository/Login/TC006-Empty Username and Valid Password/Page_Landingly  Login/input_Forgot Password_login-password'

2023-10-09 13:05:13 - [TEST_STEP][PASSED] - verifyElementText(findTestObject("Object Repository/Login/TC006-Empty Username and Valid Password/Page_Landingly  Login/input_Email_login-email"), ""): Actual text and expected text of test object 'Object Repository/Login/TC006-Empty Username and Valid Password/Page_Landingly  Login/input_Email_login-email' are matched.

2023-10-09 13:05:14 - [MESSAGE][PASSED] - Actual text and expected text of test object 'Object Repository/Login/TC006-Empty Username and Valid Password/Page_Landingly  Login/input_Email_login-email' are matched.

2023-10-09 13:05:14 - [TEST_STEP][PASSED] - verifyElementNotClickable(findTestObject("Login/TC006-Empty Username and Valid Password/Page_Landingly  Login/button_Sign in")): Object 'Object Repository/Login/TC006-Empty Username and Valid Password/Page_Landingly  Login/button_Sign in' is NOT clickable

2023-10-09 13:05:14 - [MESSAGE][PASSED] - Object 'Object Repository/Login/TC006-Empty Username and Valid Password/Page_Landingly  Login/button_Sign in' is NOT clickable

2023-10-09 13:05:14 - [TEST_STEP][PASSED] - closeBrowser(): Browser is closed

2023-10-09 13:05:16 - [MESSAGE][PASSED] - Browser is closed]]></system-out>
         <system-err><![CDATA[]]></system-err>
      </testcase>
      <testcase name="Test Cases/Login/TC007-Valid Username and Empty Password" time="14.661" classname="Test Cases/Login/TC007-Valid Username and Empty Password" status="PASSED">
         <system-out><![CDATA[2023-10-09 13:05:16 - [TEST_CASE][PASSED] - Test Cases/Login/TC007-Valid Username and Empty Password: Test Cases/Login/TC007-Valid Username and Empty Password

2023-10-09 13:05:17 - [TEST_STEP][PASSED] - openBrowser(""): Browser is opened with url: ''

2023-10-09 13:05:17 - [MESSAGE][INFO] - Starting 'Chrome' driver

2023-10-09 13:05:17 - [MESSAGE][INFO] - Action delay is set to 0 milliseconds

2023-10-09 13:05:19 - [MESSAGE][PASSED] - Browser is opened with url: ''

2023-10-09 13:05:19 - [TEST_STEP][PASSED] - navigateToUrl("https://app.landingly.com/"): Navigate to 'https://app.landingly.com/' successfully

2023-10-09 13:05:27 - [MESSAGE][PASSED] - Navigate to 'https://app.landingly.com/' successfully

2023-10-09 13:05:27 - [TEST_STEP][PASSED] - setText(findTestObject("Login/TC007-Valid Username and Empty Password/Page_Landingly  Login/input_Email_login-email"), "sqaahmadtahir@gmail.com"): Text 'sqaahmadtahir@gmail.com' is set on object 'Object Repository/Login/TC007-Valid Username and Empty Password/Page_Landingly  Login/input_Email_login-email'

2023-10-09 13:05:28 - [MESSAGE][PASSED] - Text 'sqaahmadtahir@gmail.com' is set on object 'Object Repository/Login/TC007-Valid Username and Empty Password/Page_Landingly  Login/input_Email_login-email'

2023-10-09 13:05:28 - [TEST_STEP][PASSED] - verifyElementText(findTestObject("Object Repository/Login/TC006-Empty Username and Valid Password/Page_Landingly  Login/input_Forgot Password_login-password"), ""): Actual text and expected text of test object 'Object Repository/Login/TC006-Empty Username and Valid Password/Page_Landingly  Login/input_Forgot Password_login-password' are matched.

2023-10-09 13:05:29 - [MESSAGE][PASSED] - Actual text and expected text of test object 'Object Repository/Login/TC006-Empty Username and Valid Password/Page_Landingly  Login/input_Forgot Password_login-password' are matched.

2023-10-09 13:05:29 - [TEST_STEP][PASSED] - verifyElementNotClickable(findTestObject("Object Repository/Login/TC007-Valid Username and Empty Password/Page_Landingly  Login/button_Sign in")): Object 'Object Repository/Login/TC007-Valid Username and Empty Password/Page_Landingly  Login/button_Sign in' is NOT clickable

2023-10-09 13:05:29 - [MESSAGE][PASSED] - Object 'Object Repository/Login/TC007-Valid Username and Empty Password/Page_Landingly  Login/button_Sign in' is NOT clickable

2023-10-09 13:05:29 - [TEST_STEP][PASSED] - closeBrowser(): Browser is closed

2023-10-09 13:05:30 - [MESSAGE][PASSED] - Browser is closed]]></system-out>
         <system-err><![CDATA[]]></system-err>
      </testcase>
      <testcase name="Test Cases/Login/TC008-Verify user can logout" time="24.383" classname="Test Cases/Login/TC008-Verify user can logout" status="PASSED">
         <system-out><![CDATA[2023-10-09 13:05:30 - [TEST_CASE][PASSED] - Test Cases/Login/TC008-Verify user can logout: Test Cases/Login/TC008-Verify user can logout

2023-10-09 13:05:31 - [TEST_STEP][PASSED] - openBrowser(""): Browser is opened with url: ''

2023-10-09 13:05:31 - [MESSAGE][INFO] - Starting 'Chrome' driver

2023-10-09 13:05:31 - [MESSAGE][INFO] - Action delay is set to 0 milliseconds

2023-10-09 13:05:34 - [MESSAGE][PASSED] - Browser is opened with url: ''

2023-10-09 13:05:34 - [TEST_STEP][PASSED] - navigateToUrl("https://app.landingly.com/"): Navigate to 'https://app.landingly.com/' successfully

2023-10-09 13:05:42 - [MESSAGE][PASSED] - Navigate to 'https://app.landingly.com/' successfully

2023-10-09 13:05:42 - [TEST_STEP][PASSED] - setText(findTestObject("Object Repository/Login/TC008-Verify user can logout/Page_Landingly  Login/input_Email_login-email"), "sqaahmadtahir@gmail.com"): Text 'sqaahmadtahir@gmail.com' is set on object 'Object Repository/Login/TC008-Verify user can logout/Page_Landingly  Login/input_Email_login-email'

2023-10-09 13:05:43 - [MESSAGE][PASSED] - Text 'sqaahmadtahir@gmail.com' is set on object 'Object Repository/Login/TC008-Verify user can logout/Page_Landingly  Login/input_Email_login-email'

2023-10-09 13:05:43 - [TEST_STEP][PASSED] - setEncryptedText(findTestObject("Object Repository/Login/TC008-Verify user can logout/Page_Landingly  Login/input_Forgot Password_login-password"), "/5S6MFFLcE5DAenbZpYNsQ=="): Text ****** has been set on object 'Object Repository/Login/TC008-Verify user can logout/Page_Landingly  Login/input_Forgot Password_login-password'

2023-10-09 13:05:44 - [MESSAGE][PASSED] - Text ****** has been set on object 'Object Repository/Login/TC008-Verify user can logout/Page_Landingly  Login/input_Forgot Password_login-password'

2023-10-09 13:05:44 - [TEST_STEP][PASSED] - click(findTestObject("Login/TC008-Verify user can logout/Page_Landingly  Login/button_Sign in")): Object: 'Object Repository/Login/TC008-Verify user can logout/Page_Landingly  Login/button_Sign in' is clicked on

2023-10-09 13:05:44 - [MESSAGE][PASSED] - Object: 'Object Repository/Login/TC008-Verify user can logout/Page_Landingly  Login/button_Sign in' is clicked on

2023-10-09 13:05:44 - [TEST_STEP][PASSED] - verifyElementText(findTestObject("Object Repository/Login/TC008-Verify user can logout/Page_Landingly/h5_Welcome Muhammad Ahmad Tahir"), "Welcome Muhammad Ahmad Tahir"): Actual text and expected text of test object 'Object Repository/Login/TC008-Verify user can logout/Page_Landingly/h5_Welcome Muhammad Ahmad Tahir' are matched.

2023-10-09 13:05:47 - [MESSAGE][PASSED] - Actual text and expected text of test object 'Object Repository/Login/TC008-Verify user can logout/Page_Landingly/h5_Welcome Muhammad Ahmad Tahir' are matched.

2023-10-09 13:05:47 - [TEST_STEP][PASSED] - click(findTestObject("Object Repository/Login/TC008-Verify user can logout/Page_Landingly/img")): Object: 'Object Repository/Login/TC008-Verify user can logout/Page_Landingly/img' is clicked on

2023-10-09 13:05:50 - [MESSAGE][PASSED] - Object: 'Object Repository/Login/TC008-Verify user can logout/Page_Landingly/img' is clicked on

2023-10-09 13:05:50 - [TEST_STEP][PASSED] - click(findTestObject("Object Repository/Login/TC008-Verify user can logout/Page_Landingly/span_Logout")): Object: 'Object Repository/Login/TC008-Verify user can logout/Page_Landingly/span_Logout' is clicked on

2023-10-09 13:05:53 - [MESSAGE][PASSED] - Object: 'Object Repository/Login/TC008-Verify user can logout/Page_Landingly/span_Logout' is clicked on

2023-10-09 13:05:53 - [TEST_STEP][PASSED] - verifyElementText(findTestObject("Object Repository/Login/TC008-Verify user can logout/Page_Landingly  Login/p_Please sign-in to your account"), "Please sign-in to your account"): Actual text and expected text of test object 'Object Repository/Login/TC008-Verify user can logout/Page_Landingly  Login/p_Please sign-in to your account' are matched.

2023-10-09 13:05:54 - [MESSAGE][PASSED] - Actual text and expected text of test object 'Object Repository/Login/TC008-Verify user can logout/Page_Landingly  Login/p_Please sign-in to your account' are matched.

2023-10-09 13:05:54 - [TEST_STEP][PASSED] - closeBrowser(): Browser is closed

2023-10-09 13:05:55 - [MESSAGE][PASSED] - Browser is closed]]></system-out>
         <system-err><![CDATA[]]></system-err>
      </testcase>
      <testcase name="Test Cases/Login/TC009-Verify forget password working fine" time="17.155" classname="Test Cases/Login/TC009-Verify forget password working fine" status="PASSED">
         <system-out><![CDATA[2023-10-09 13:05:55 - [TEST_CASE][PASSED] - Test Cases/Login/TC009-Verify forget password working fine: Test Cases/Login/TC009-Verify forget password working fine

2023-10-09 13:05:56 - [TEST_STEP][PASSED] - openBrowser(""): Browser is opened with url: ''

2023-10-09 13:05:56 - [MESSAGE][INFO] - Starting 'Chrome' driver

2023-10-09 13:05:56 - [MESSAGE][INFO] - Action delay is set to 0 milliseconds

2023-10-09 13:05:58 - [MESSAGE][PASSED] - Browser is opened with url: ''

2023-10-09 13:05:58 - [TEST_STEP][PASSED] - navigateToUrl("https://app.landingly.com/"): Navigate to 'https://app.landingly.com/' successfully

2023-10-09 13:06:06 - [MESSAGE][PASSED] - Navigate to 'https://app.landingly.com/' successfully

2023-10-09 13:06:06 - [TEST_STEP][PASSED] - click(findTestObject("Object Repository/Login/TC009-Verify forget password working fine/Page_Landingly  Login/small_Forgot Password")): Object: 'Object Repository/Login/TC009-Verify forget password working fine/Page_Landingly  Login/small_Forgot Password' is clicked on

2023-10-09 13:06:06 - [MESSAGE][PASSED] - Object: 'Object Repository/Login/TC009-Verify forget password working fine/Page_Landingly  Login/small_Forgot Password' is clicked on

2023-10-09 13:06:06 - [TEST_STEP][PASSED] - setText(findTestObject("Object Repository/Login/TC009-Verify forget password working fine/Page_Landingly  Login/input_Email_useremail"), "sqaahmadtahir@gmail.com"): Text 'sqaahmadtahir@gmail.com' is set on object 'Object Repository/Login/TC009-Verify forget password working fine/Page_Landingly  Login/input_Email_useremail'

2023-10-09 13:06:08 - [MESSAGE][PASSED] - Text 'sqaahmadtahir@gmail.com' is set on object 'Object Repository/Login/TC009-Verify forget password working fine/Page_Landingly  Login/input_Email_useremail'

2023-10-09 13:06:08 - [TEST_STEP][PASSED] - click(findTestObject("Object Repository/Login/TC009-Verify forget password working fine/Page_Landingly  Login/button_Send password reset link")): Object: 'Object Repository/Login/TC009-Verify forget password working fine/Page_Landingly  Login/button_Send password reset link' is clicked on

2023-10-09 13:06:08 - [MESSAGE][PASSED] - Object: 'Object Repository/Login/TC009-Verify forget password working fine/Page_Landingly  Login/button_Send password reset link' is clicked on

2023-10-09 13:06:08 - [TEST_STEP][PASSED] - verifyElementText(findTestObject("Object Repository/Login/TC009-Verify forget password working fine/Page_Landingly  Login/h5_Please check your email to reset a new password"), "Please check your email to reset a new password."): Actual text and expected text of test object 'Object Repository/Login/TC009-Verify forget password working fine/Page_Landingly  Login/h5_Please check your email to reset a new password' are matched.

2023-10-09 13:06:11 - [MESSAGE][PASSED] - Actual text and expected text of test object 'Object Repository/Login/TC009-Verify forget password working fine/Page_Landingly  Login/h5_Please check your email to reset a new password' are matched.

2023-10-09 13:06:11 - [TEST_STEP][PASSED] - closeBrowser(): Browser is closed

2023-10-09 13:06:12 - [MESSAGE][PASSED] - Browser is closed]]></system-out>
         <system-err><![CDATA[]]></system-err>
      </testcase>
      <testcase name="Test Cases/Profile/TC010-Verify user can upload profile picture" time="37.791" classname="Test Cases/Profile/TC010-Verify user can upload profile picture" status="PASSED">
         <system-out><![CDATA[2023-10-09 13:06:12 - [TEST_CASE][PASSED] - Test Cases/Profile/TC010-Verify user can upload profile picture: Test Cases/Profile/TC010-Verify user can upload profile picture

2023-10-09 13:06:13 - [TEST_STEP][PASSED] - openBrowser(""): Browser is opened with url: ''

2023-10-09 13:06:13 - [MESSAGE][INFO] - Starting 'Chrome' driver

2023-10-09 13:06:13 - [MESSAGE][INFO] - Action delay is set to 0 milliseconds

2023-10-09 13:06:16 - [MESSAGE][PASSED] - Browser is opened with url: ''

2023-10-09 13:06:16 - [TEST_STEP][PASSED] - maximizeWindow(): Current window maximized

2023-10-09 13:06:16 - [MESSAGE][PASSED] - Current window maximized

2023-10-09 13:06:16 - [TEST_STEP][PASSED] - navigateToUrl("https://app.landingly.com/"): Navigate to 'https://app.landingly.com/' successfully

2023-10-09 13:06:25 - [MESSAGE][PASSED] - Navigate to 'https://app.landingly.com/' successfully

2023-10-09 13:06:25 - [TEST_STEP][PASSED] - setText(findTestObject("Object Repository/Profile/TC010-Verify user can upload profile picture/Page_Landingly  Login/input_Email_login-email"), "sqaahmadtahir@gmail.com"): Text 'sqaahmadtahir@gmail.com' is set on object 'Object Repository/Profile/TC010-Verify user can upload profile picture/Page_Landingly  Login/input_Email_login-email'

2023-10-09 13:06:26 - [MESSAGE][PASSED] - Text 'sqaahmadtahir@gmail.com' is set on object 'Object Repository/Profile/TC010-Verify user can upload profile picture/Page_Landingly  Login/input_Email_login-email'

2023-10-09 13:06:26 - [TEST_STEP][PASSED] - setEncryptedText(findTestObject("Object Repository/Profile/TC010-Verify user can upload profile picture/Page_Landingly  Login/input_Forgot Password_login-password"), "/5S6MFFLcE5DAenbZpYNsQ=="): Text ****** has been set on object 'Object Repository/Profile/TC010-Verify user can upload profile picture/Page_Landingly  Login/input_Forgot Password_login-password'

2023-10-09 13:06:27 - [MESSAGE][PASSED] - Text ****** has been set on object 'Object Repository/Profile/TC010-Verify user can upload profile picture/Page_Landingly  Login/input_Forgot Password_login-password'

2023-10-09 13:06:27 - [TEST_STEP][PASSED] - click(findTestObject("Object Repository/Profile/TC010-Verify user can upload profile picture/Page_Landingly  Login/button_Sign in")): Object: 'Object Repository/Profile/TC010-Verify user can upload profile picture/Page_Landingly  Login/button_Sign in' is clicked on

2023-10-09 13:06:28 - [MESSAGE][PASSED] - Object: 'Object Repository/Profile/TC010-Verify user can upload profile picture/Page_Landingly  Login/button_Sign in' is clicked on

2023-10-09 13:06:28 - [TEST_STEP][PASSED] - click(findTestObject("Object Repository/Profile/TC010-Verify user can upload profile picture/Page_Landingly/img")): Object: 'Object Repository/Profile/TC010-Verify user can upload profile picture/Page_Landingly/img' is clicked on

2023-10-09 13:06:34 - [MESSAGE][PASSED] - Object: 'Object Repository/Profile/TC010-Verify user can upload profile picture/Page_Landingly/img' is clicked on

2023-10-09 13:06:34 - [TEST_STEP][PASSED] - click(findTestObject("Object Repository/Profile/TC010-Verify user can upload profile picture/Page_Landingly/span_Profile")): Object: 'Object Repository/Profile/TC010-Verify user can upload profile picture/Page_Landingly/span_Profile' is clicked on

2023-10-09 13:06:35 - [MESSAGE][PASSED] - Object: 'Object Repository/Profile/TC010-Verify user can upload profile picture/Page_Landingly/span_Profile' is clicked on

2023-10-09 13:06:35 - [TEST_STEP][PASSED] - uploadFile(findTestObject("Profile/TC010-Verify user can upload profile picture/Page_Landingly  Profile/uploadimage"), "C:/Users/TDS/git/Landingly/images/linkedin(2).png"): File 'C:/Users/TDS/git/Landingly/images/linkedin(2).png' sent to object: 'Object Repository/Profile/TC010-Verify user can upload profile picture/Page_Landingly  Profile/uploadimage'

2023-10-09 13:06:38 - [MESSAGE][PASSED] - File 'C:/Users/TDS/git/Landingly/images/linkedin(2).png' sent to object: 'Object Repository/Profile/TC010-Verify user can upload profile picture/Page_Landingly  Profile/uploadimage'

2023-10-09 13:06:38 - [TEST_STEP][PASSED] - delay(10): Delayed 10 second(s)

2023-10-09 13:06:48 - [MESSAGE][PASSED] - Delayed 10 second(s)

2023-10-09 13:06:48 - [TEST_STEP][PASSED] - attribute = getAttribute(findTestObject("Profile/TC010-Verify user can upload profile picture/Page_Landingly  Profile/varifyimageuploaded"), "src"): Attribute 'src' of object 'Object Repository/Profile/TC010-Verify user can upload profile picture/Page_Landingly  Profile/varifyimageuploaded' is: 'https://api.landingly.com/Images/ProfilePics/3def73ec-074c-4973-a741-1b7a0673b606/1e26492a-2871-41bb-8e0c-5c184f7ec0c9.png'

2023-10-09 13:06:49 - [MESSAGE][PASSED] - Attribute 'src' of object 'Object Repository/Profile/TC010-Verify user can upload profile picture/Page_Landingly  Profile/varifyimageuploaded' is: 'https://api.landingly.com/Images/ProfilePics/3def73ec-074c-4973-a741-1b7a0673b606/1e26492a-2871-41bb-8e0c-5c184f7ec0c9.png'

2023-10-09 13:06:49 - [TEST_STEP][PASSED] - verifyNotMatch(attribute, "https://api.landingly.com/Images/profile.png", false): Actual text 'https://api.landingly.com/Images/ProfilePics/3def73ec-074c-4973-a741-1b7a0673b606/1e26492a-2871-41bb-8e0c-5c184f7ec0c9.png' and expected text 'https://api.landingly.com/Images/profile.png' are not matched 

2023-10-09 13:06:49 - [MESSAGE][PASSED] - Actual text 'https://api.landingly.com/Images/ProfilePics/3def73ec-074c-4973-a741-1b7a0673b606/1e26492a-2871-41bb-8e0c-5c184f7ec0c9.png' and expected text 'https://api.landingly.com/Images/profile.png' are not matched 

2023-10-09 13:06:49 - [TEST_STEP][PASSED] - closeBrowser(): Browser is closed

2023-10-09 13:06:50 - [MESSAGE][PASSED] - Browser is closed]]></system-out>
         <system-err><![CDATA[]]></system-err>
      </testcase>
      <testcase name="Test Cases/Profile/TC011-Verify user can remove profile picture" time="59.464" classname="Test Cases/Profile/TC011-Verify user can remove profile picture" status="FAILED">
         <failure type="FAILED" message="Test Cases/Profile/TC011-Verify user can remove profile picture FAILED.
Reason:
com.kms.katalon.core.exception.StepFailedException: Unable to click on object 'Object Repository/Profile/TC011-Verify user can remove profile picture/Page_Landingly  Profile/rect - Copy'
	at com.kms.katalon.core.webui.keyword.internal.WebUIKeywordMain.stepFailed(WebUIKeywordMain.groovy:64)
	at com.kms.katalon.core.webui.keyword.internal.WebUIKeywordMain.runKeyword(WebUIKeywordMain.groovy:26)
	at com.kms.katalon.core.webui.keyword.builtin.ClickKeyword.click(ClickKeyword.groovy:74)
	at com.kms.katalon.core.webui.keyword.builtin.ClickKeyword.execute(ClickKeyword.groovy:40)
	at com.kms.katalon.core.keyword.internal.KeywordExecutor.executeKeywordForPlatform(KeywordExecutor.groovy:74)
	at com.kms.katalon.core.webui.keyword.WebUiBuiltInKeywords.click(WebUiBuiltInKeywords.groovy:620)
	at com.kms.katalon.core.webui.keyword.WebUiBuiltInKeywords$click$3.call(Unknown Source)
	at TC011-Verify user can remove profile picture.run(TC011-Verify user can remove profile picture:40)
	at com.kms.katalon.core.main.ScriptEngine.run(ScriptEngine.java:194)
	at com.kms.katalon.core.main.ScriptEngine.runScriptAsRawText(ScriptEngine.java:119)
	at com.kms.katalon.core.main.TestCaseExecutor.runScript(TestCaseExecutor.java:448)
	at com.kms.katalon.core.main.TestCaseExecutor.doExecute(TestCaseExecutor.java:439)
	at com.kms.katalon.core.main.TestCaseExecutor.processExecutionPhase(TestCaseExecutor.java:418)
	at com.kms.katalon.core.main.TestCaseExecutor.accessMainPhase(TestCaseExecutor.java:410)
	at com.kms.katalon.core.main.TestCaseExecutor.execute(TestCaseExecutor.java:285)
	at com.kms.katalon.core.common.CommonExecutor.accessTestCaseMainPhase(CommonExecutor.java:65)
	at com.kms.katalon.core.main.TestSuiteExecutor.accessTestSuiteMainPhase(TestSuiteExecutor.java:148)
	at com.kms.katalon.core.main.TestSuiteExecutor.execute(TestSuiteExecutor.java:106)
	at com.kms.katalon.core.main.TestCaseMain.startTestSuite(TestCaseMain.java:187)
	at com.kms.katalon.core.main.TestCaseMain$startTestSuite$0.call(Unknown Source)
	at TempTestSuite1696838480513.run(TempTestSuite1696838480513.groovy:36)
Caused by: org.openqa.selenium.ElementClickInterceptedException: element click intercepted: Element &lt;img data-v-550f6774=&quot;&quot; width=&quot;100&quot; height=&quot;80&quot; class=&quot;rounded&quot; src=&quot;https://api.landingly.com/Images/ProfilePics/3def73ec-074c-4973-a741-1b7a0673b606/1e26492a-2871-41bb-8e0c-5c184f7ec0c9.png&quot;> is not clickable at point (687, 219). Other element would receive the click: &lt;line data-v-550f6774=&quot;&quot; x1=&quot;10&quot; y1=&quot;12&quot; x2=&quot;14&quot; y2=&quot;12&quot;>&lt;/line>
  (Session info: chrome=117.0.5938.149)
Build info: version: '3.141.59', revision: 'e82be7d358', time: '2018-11-14T08:25:53'
System info: host: 'DESKTOP-3BHH4MD', ip: '192.168.0.108', os.name: 'Windows 10', os.arch: 'amd64', os.version: '10.0', java.version: '1.8.0_362'
Driver info: com.kms.katalon.selenium.driver.CChromeDriver
Capabilities {acceptInsecureCerts: false, browserName: chrome, browserVersion: 117.0.5938.149, chrome: {chromedriverVersion: 116.0.5845.96 (1a3918166880..., userDataDir: C:\Users\TDS\AppData\Local\...}, fedcm:accounts: true, goog:chromeOptions: {debuggerAddress: localhost:54889}, javascriptEnabled: true, networkConnectionEnabled: false, pageLoadStrategy: normal, platform: WINDOWS, platformName: WINDOWS, proxy: Proxy(), setWindowRect: true, strictFileInteractability: false, timeouts: {implicit: 0, pageLoad: 300000, script: 30000}, unhandledPromptBehavior: dismiss and notify, webauthn:extension:credBlob: true, webauthn:extension:largeBlob: true, webauthn:extension:minPinLength: true, webauthn:extension:prf: true, webauthn:virtualAuthenticators: true}
Session ID: 3b97683039dc516aa2286282334d65af
	at org.openqa.selenium.remote.http.W3CHttpResponseCodec.createException(W3CHttpResponseCodec.java:187)
	at org.openqa.selenium.remote.http.W3CHttpResponseCodec.decode(W3CHttpResponseCodec.java:122)
	at org.openqa.selenium.remote.http.W3CHttpResponseCodec.decode(W3CHttpResponseCodec.java:49)
	at org.openqa.selenium.remote.HttpCommandExecutor.execute(HttpCommandExecutor.java:158)
	at org.openqa.selenium.remote.service.DriverCommandExecutor.execute(DriverCommandExecutor.java:83)
	at org.openqa.selenium.remote.RemoteWebDriver.execute(RemoteWebDriver.java:552)
	at com.kms.katalon.selenium.driver.CChromeDriver.execute(CChromeDriver.java:19)
	at org.openqa.selenium.remote.RemoteWebElement.execute(RemoteWebElement.java:285)
	at org.openqa.selenium.remote.RemoteWebElement.click(RemoteWebElement.java:84)
	at org.openqa.selenium.support.events.EventFiringWebDriver$EventFiringWebElement.lambda$new$0(EventFiringWebDriver.java:404)
	at com.sun.proxy.$Proxy11.click(Unknown Source)
	at org.openqa.selenium.support.events.EventFiringWebDriver$EventFiringWebElement.click(EventFiringWebDriver.java:417)
	at org.openqa.selenium.WebElement$click.call(Unknown Source)
	at com.kms.katalon.core.webui.keyword.builtin.ClickKeyword.clickUntilSuccessWithTimeout(ClickKeyword.groovy:81)
	at com.kms.katalon.core.webui.keyword.builtin.ClickKeyword.clickUntilSuccessWithTimeout(ClickKeyword.groovy)
	at com.kms.katalon.core.webui.keyword.builtin.ClickKeyword$_click_closure1.doCall(ClickKeyword.groovy:67)
	at com.kms.katalon.core.webui.keyword.builtin.ClickKeyword$_click_closure1.call(ClickKeyword.groovy)
	at com.kms.katalon.core.webui.keyword.internal.WebUIKeywordMain.runKeyword(WebUIKeywordMain.groovy:20)
	... 19 more
"/>
         <system-out><![CDATA[2023-10-09 13:06:50 - [TEST_CASE][FAILED] - Test Cases/Profile/TC011-Verify user can remove profile picture: Test Cases/Profile/TC011-Verify user can remove profile picture FAILED.
Reason:
com.kms.katalon.core.exception.StepFailedException: Unable to click on object 'Object Repository/Profile/TC011-Verify user can remove profile picture/Page_Landingly  Profile/rect - Copy'
	at com.kms.katalon.core.webui.keyword.internal.WebUIKeywordMain.stepFailed(WebUIKeywordMain.groovy:64)
	at com.kms.katalon.core.webui.keyword.internal.WebUIKeywordMain.runKeyword(WebUIKeywordMain.groovy:26)
	at com.kms.katalon.core.webui.keyword.builtin.ClickKeyword.click(ClickKeyword.groovy:74)
	at com.kms.katalon.core.webui.keyword.builtin.ClickKeyword.execute(ClickKeyword.groovy:40)
	at com.kms.katalon.core.keyword.internal.KeywordExecutor.executeKeywordForPlatform(KeywordExecutor.groovy:74)
	at com.kms.katalon.core.webui.keyword.WebUiBuiltInKeywords.click(WebUiBuiltInKeywords.groovy:620)
	at com.kms.katalon.core.webui.keyword.WebUiBuiltInKeywords$click$3.call(Unknown Source)
	at TC011-Verify user can remove profile picture.run(TC011-Verify user can remove profile picture:40)
	at com.kms.katalon.core.main.ScriptEngine.run(ScriptEngine.java:194)
	at com.kms.katalon.core.main.ScriptEngine.runScriptAsRawText(ScriptEngine.java:119)
	at com.kms.katalon.core.main.TestCaseExecutor.runScript(TestCaseExecutor.java:448)
	at com.kms.katalon.core.main.TestCaseExecutor.doExecute(TestCaseExecutor.java:439)
	at com.kms.katalon.core.main.TestCaseExecutor.processExecutionPhase(TestCaseExecutor.java:418)
	at com.kms.katalon.core.main.TestCaseExecutor.accessMainPhase(TestCaseExecutor.java:410)
	at com.kms.katalon.core.main.TestCaseExecutor.execute(TestCaseExecutor.java:285)
	at com.kms.katalon.core.common.CommonExecutor.accessTestCaseMainPhase(CommonExecutor.java:65)
	at com.kms.katalon.core.main.TestSuiteExecutor.accessTestSuiteMainPhase(TestSuiteExecutor.java:148)
	at com.kms.katalon.core.main.TestSuiteExecutor.execute(TestSuiteExecutor.java:106)
	at com.kms.katalon.core.main.TestCaseMain.startTestSuite(TestCaseMain.java:187)
	at com.kms.katalon.core.main.TestCaseMain$startTestSuite$0.call(Unknown Source)
	at TempTestSuite1696838480513.run(TempTestSuite1696838480513.groovy:36)
Caused by: org.openqa.selenium.ElementClickInterceptedException: element click intercepted: Element <img data-v-550f6774="" width="100" height="80" class="rounded" src="https://api.landingly.com/Images/ProfilePics/3def73ec-074c-4973-a741-1b7a0673b606/1e26492a-2871-41bb-8e0c-5c184f7ec0c9.png"> is not clickable at point (687, 219). Other element would receive the click: <line data-v-550f6774="" x1="10" y1="12" x2="14" y2="12"></line>
  (Session info: chrome=117.0.5938.149)
Build info: version: '3.141.59', revision: 'e82be7d358', time: '2018-11-14T08:25:53'
System info: host: 'DESKTOP-3BHH4MD', ip: '192.168.0.108', os.name: 'Windows 10', os.arch: 'amd64', os.version: '10.0', java.version: '1.8.0_362'
Driver info: com.kms.katalon.selenium.driver.CChromeDriver
Capabilities {acceptInsecureCerts: false, browserName: chrome, browserVersion: 117.0.5938.149, chrome: {chromedriverVersion: 116.0.5845.96 (1a3918166880..., userDataDir: C:\Users\TDS\AppData\Local\...}, fedcm:accounts: true, goog:chromeOptions: {debuggerAddress: localhost:54889}, javascriptEnabled: true, networkConnectionEnabled: false, pageLoadStrategy: normal, platform: WINDOWS, platformName: WINDOWS, proxy: Proxy(), setWindowRect: true, strictFileInteractability: false, timeouts: {implicit: 0, pageLoad: 300000, script: 30000}, unhandledPromptBehavior: dismiss and notify, webauthn:extension:credBlob: true, webauthn:extension:largeBlob: true, webauthn:extension:minPinLength: true, webauthn:extension:prf: true, webauthn:virtualAuthenticators: true}
Session ID: 3b97683039dc516aa2286282334d65af
	at org.openqa.selenium.remote.http.W3CHttpResponseCodec.createException(W3CHttpResponseCodec.java:187)
	at org.openqa.selenium.remote.http.W3CHttpResponseCodec.decode(W3CHttpResponseCodec.java:122)
	at org.openqa.selenium.remote.http.W3CHttpResponseCodec.decode(W3CHttpResponseCodec.java:49)
	at org.openqa.selenium.remote.HttpCommandExecutor.execute(HttpCommandExecutor.java:158)
	at org.openqa.selenium.remote.service.DriverCommandExecutor.execute(DriverCommandExecutor.java:83)
	at org.openqa.selenium.remote.RemoteWebDriver.execute(RemoteWebDriver.java:552)
	at com.kms.katalon.selenium.driver.CChromeDriver.execute(CChromeDriver.java:19)
	at org.openqa.selenium.remote.RemoteWebElement.execute(RemoteWebElement.java:285)
	at org.openqa.selenium.remote.RemoteWebElement.click(RemoteWebElement.java:84)
	at org.openqa.selenium.support.events.EventFiringWebDriver$EventFiringWebElement.lambda$new$0(EventFiringWebDriver.java:404)
	at com.sun.proxy.$Proxy11.click(Unknown Source)
	at org.openqa.selenium.support.events.EventFiringWebDriver$EventFiringWebElement.click(EventFiringWebDriver.java:417)
	at org.openqa.selenium.WebElement$click.call(Unknown Source)
	at com.kms.katalon.core.webui.keyword.builtin.ClickKeyword.clickUntilSuccessWithTimeout(ClickKeyword.groovy:81)
	at com.kms.katalon.core.webui.keyword.builtin.ClickKeyword.clickUntilSuccessWithTimeout(ClickKeyword.groovy)
	at com.kms.katalon.core.webui.keyword.builtin.ClickKeyword$_click_closure1.doCall(ClickKeyword.groovy:67)
	at com.kms.katalon.core.webui.keyword.builtin.ClickKeyword$_click_closure1.call(ClickKeyword.groovy)
	at com.kms.katalon.core.webui.keyword.internal.WebUIKeywordMain.runKeyword(WebUIKeywordMain.groovy:20)
	... 19 more


2023-10-09 13:06:51 - [TEST_STEP][PASSED] - openBrowser(""): Browser is opened with url: ''

2023-10-09 13:06:51 - [MESSAGE][INFO] - Starting 'Chrome' driver

2023-10-09 13:06:51 - [MESSAGE][INFO] - Action delay is set to 0 milliseconds

2023-10-09 13:06:54 - [MESSAGE][PASSED] - Browser is opened with url: ''

2023-10-09 13:06:54 - [TEST_STEP][PASSED] - maximizeWindow(): Current window maximized

2023-10-09 13:06:54 - [MESSAGE][PASSED] - Current window maximized

2023-10-09 13:06:54 - [TEST_STEP][PASSED] - navigateToUrl("https://app.landingly.com/"): Navigate to 'https://app.landingly.com/' successfully

2023-10-09 13:07:04 - [MESSAGE][PASSED] - Navigate to 'https://app.landingly.com/' successfully

2023-10-09 13:07:04 - [TEST_STEP][PASSED] - setText(findTestObject("Object Repository/Profile/TC011-Verify user can remove profile picture/Page_Landingly  Login/input_Email_login-email"), "sqaahmadtahir@gmail.com"): Text 'sqaahmadtahir@gmail.com' is set on object 'Object Repository/Profile/TC011-Verify user can remove profile picture/Page_Landingly  Login/input_Email_login-email'

2023-10-09 13:07:05 - [MESSAGE][PASSED] - Text 'sqaahmadtahir@gmail.com' is set on object 'Object Repository/Profile/TC011-Verify user can remove profile picture/Page_Landingly  Login/input_Email_login-email'

2023-10-09 13:07:05 - [TEST_STEP][PASSED] - setEncryptedText(findTestObject("Object Repository/Profile/TC011-Verify user can remove profile picture/Page_Landingly  Login/input_Forgot Password_login-password"), "/5S6MFFLcE5DAenbZpYNsQ=="): Text ****** has been set on object 'Object Repository/Profile/TC011-Verify user can remove profile picture/Page_Landingly  Login/input_Forgot Password_login-password'

2023-10-09 13:07:06 - [MESSAGE][PASSED] - Text ****** has been set on object 'Object Repository/Profile/TC011-Verify user can remove profile picture/Page_Landingly  Login/input_Forgot Password_login-password'

2023-10-09 13:07:06 - [TEST_STEP][PASSED] - click(findTestObject("Object Repository/Profile/TC011-Verify user can remove profile picture/Page_Landingly  Login/button_Sign in")): Object: 'Object Repository/Profile/TC011-Verify user can remove profile picture/Page_Landingly  Login/button_Sign in' is clicked on

2023-10-09 13:07:07 - [MESSAGE][PASSED] - Object: 'Object Repository/Profile/TC011-Verify user can remove profile picture/Page_Landingly  Login/button_Sign in' is clicked on

2023-10-09 13:07:07 - [TEST_STEP][PASSED] - click(findTestObject("Object Repository/Profile/TC011-Verify user can remove profile picture/Page_Landingly/img")): Object: 'Object Repository/Profile/TC011-Verify user can remove profile picture/Page_Landingly/img' is clicked on

2023-10-09 13:07:13 - [MESSAGE][PASSED] - Object: 'Object Repository/Profile/TC011-Verify user can remove profile picture/Page_Landingly/img' is clicked on

2023-10-09 13:07:13 - [TEST_STEP][PASSED] - click(findTestObject("Object Repository/Profile/TC011-Verify user can remove profile picture/Page_Landingly/span_Profile")): Object: 'Object Repository/Profile/TC011-Verify user can remove profile picture/Page_Landingly/span_Profile' is clicked on

2023-10-09 13:07:14 - [MESSAGE][PASSED] - Object: 'Object Repository/Profile/TC011-Verify user can remove profile picture/Page_Landingly/span_Profile' is clicked on

2023-10-09 13:07:14 - [TEST_STEP][PASSED] - mouseOver(findTestObject("Object Repository/Profile/TC011-Verify user can remove profile picture/Page_Landingly  Profile/rect")): Object: 'Object Repository/Profile/TC011-Verify user can remove profile picture/Page_Landingly  Profile/rect' is hovered

2023-10-09 13:07:16 - [MESSAGE][PASSED] - Object: 'Object Repository/Profile/TC011-Verify user can remove profile picture/Page_Landingly  Profile/rect' is hovered

2023-10-09 13:07:16 - [TEST_STEP][FAILED] - click(findTestObject("Profile/TC011-Verify user can remove profile picture/Page_Landingly  Profile/rect - Copy")): Unable to click on object 'Object Repository/Profile/TC011-Verify user can remove profile picture/Page_Landingly  Profile/rect - Copy' (Root cause: com.kms.katalon.core.exception.StepFailedException: Unable to click on object 'Object Repository/Profile/TC011-Verify user can remove profile picture/Page_Landingly  Profile/rect - Copy'
	at com.kms.katalon.core.webui.keyword.internal.WebUIKeywordMain.stepFailed(WebUIKeywordMain.groovy:64)
	at com.kms.katalon.core.webui.keyword.internal.WebUIKeywordMain.runKeyword(WebUIKeywordMain.groovy:26)
	at com.kms.katalon.core.webui.keyword.builtin.ClickKeyword.click(ClickKeyword.groovy:74)
	at com.kms.katalon.core.webui.keyword.builtin.ClickKeyword.execute(ClickKeyword.groovy:40)
	at com.kms.katalon.core.keyword.internal.KeywordExecutor.executeKeywordForPlatform(KeywordExecutor.groovy:74)
	at com.kms.katalon.core.webui.keyword.WebUiBuiltInKeywords.click(WebUiBuiltInKeywords.groovy:620)
	at com.kms.katalon.core.webui.keyword.WebUiBuiltInKeywords$click$3.call(Unknown Source)
	at TC011-Verify user can remove profile picture.run(TC011-Verify user can remove profile picture:40)
	at com.kms.katalon.core.main.ScriptEngine.run(ScriptEngine.java:194)
	at com.kms.katalon.core.main.ScriptEngine.runScriptAsRawText(ScriptEngine.java:119)
	at com.kms.katalon.core.main.TestCaseExecutor.runScript(TestCaseExecutor.java:448)
	at com.kms.katalon.core.main.TestCaseExecutor.doExecute(TestCaseExecutor.java:439)
	at com.kms.katalon.core.main.TestCaseExecutor.processExecutionPhase(TestCaseExecutor.java:418)
	at com.kms.katalon.core.main.TestCaseExecutor.accessMainPhase(TestCaseExecutor.java:410)
	at com.kms.katalon.core.main.TestCaseExecutor.execute(TestCaseExecutor.java:285)
	at com.kms.katalon.core.common.CommonExecutor.accessTestCaseMainPhase(CommonExecutor.java:65)
	at com.kms.katalon.core.main.TestSuiteExecutor.accessTestSuiteMainPhase(TestSuiteExecutor.java:148)
	at com.kms.katalon.core.main.TestSuiteExecutor.execute(TestSuiteExecutor.java:106)
	at com.kms.katalon.core.main.TestCaseMain.startTestSuite(TestCaseMain.java:187)
	at com.kms.katalon.core.main.TestCaseMain$startTestSuite$0.call(Unknown Source)
	at TempTestSuite1696838480513.run(TempTestSuite1696838480513.groovy:36)
Caused by: org.openqa.selenium.ElementClickInterceptedException: element click intercepted: Element <img data-v-550f6774="" width="100" height="80" class="rounded" src="https://api.landingly.com/Images/ProfilePics/3def73ec-074c-4973-a741-1b7a0673b606/1e26492a-2871-41bb-8e0c-5c184f7ec0c9.png"> is not clickable at point (687, 219). Other element would receive the click: <line data-v-550f6774="" x1="10" y1="12" x2="14" y2="12"></line>
  (Session info: chrome=117.0.5938.149)
Build info: version: '3.141.59', revision: 'e82be7d358', time: '2018-11-14T08:25:53'
System info: host: 'DESKTOP-3BHH4MD', ip: '192.168.0.108', os.name: 'Windows 10', os.arch: 'amd64', os.version: '10.0', java.version: '1.8.0_362'
Driver info: com.kms.katalon.selenium.driver.CChromeDriver
Capabilities {acceptInsecureCerts: false, browserName: chrome, browserVersion: 117.0.5938.149, chrome: {chromedriverVersion: 116.0.5845.96 (1a3918166880..., userDataDir: C:\Users\TDS\AppData\Local\...}, fedcm:accounts: true, goog:chromeOptions: {debuggerAddress: localhost:54889}, javascriptEnabled: true, networkConnectionEnabled: false, pageLoadStrategy: normal, platform: WINDOWS, platformName: WINDOWS, proxy: Proxy(), setWindowRect: true, strictFileInteractability: false, timeouts: {implicit: 0, pageLoad: 300000, script: 30000}, unhandledPromptBehavior: dismiss and notify, webauthn:extension:credBlob: true, webauthn:extension:largeBlob: true, webauthn:extension:minPinLength: true, webauthn:extension:prf: true, webauthn:virtualAuthenticators: true}
Session ID: 3b97683039dc516aa2286282334d65af
	at org.openqa.selenium.remote.http.W3CHttpResponseCodec.createException(W3CHttpResponseCodec.java:187)
	at org.openqa.selenium.remote.http.W3CHttpResponseCodec.decode(W3CHttpResponseCodec.java:122)
	at org.openqa.selenium.remote.http.W3CHttpResponseCodec.decode(W3CHttpResponseCodec.java:49)
	at org.openqa.selenium.remote.HttpCommandExecutor.execute(HttpCommandExecutor.java:158)
	at org.openqa.selenium.remote.service.DriverCommandExecutor.execute(DriverCommandExecutor.java:83)
	at org.openqa.selenium.remote.RemoteWebDriver.execute(RemoteWebDriver.java:552)
	at com.kms.katalon.selenium.driver.CChromeDriver.execute(CChromeDriver.java:19)
	at org.openqa.selenium.remote.RemoteWebElement.execute(RemoteWebElement.java:285)
	at org.openqa.selenium.remote.RemoteWebElement.click(RemoteWebElement.java:84)
	at org.openqa.selenium.support.events.EventFiringWebDriver$EventFiringWebElement.lambda$new$0(EventFiringWebDriver.java:404)
	at com.sun.proxy.$Proxy11.click(Unknown Source)
	at org.openqa.selenium.support.events.EventFiringWebDriver$EventFiringWebElement.click(EventFiringWebDriver.java:417)
	at org.openqa.selenium.WebElement$click.call(Unknown Source)
	at com.kms.katalon.core.webui.keyword.builtin.ClickKeyword.clickUntilSuccessWithTimeout(ClickKeyword.groovy:81)
	at com.kms.katalon.core.webui.keyword.builtin.ClickKeyword.clickUntilSuccessWithTimeout(ClickKeyword.groovy)
	at com.kms.katalon.core.webui.keyword.builtin.ClickKeyword$_click_closure1.doCall(ClickKeyword.groovy:67)
	at com.kms.katalon.core.webui.keyword.builtin.ClickKeyword$_click_closure1.call(ClickKeyword.groovy)
	at com.kms.katalon.core.webui.keyword.internal.WebUIKeywordMain.runKeyword(WebUIKeywordMain.groovy:20)
	at com.kms.katalon.core.webui.keyword.builtin.ClickKeyword.click(ClickKeyword.groovy:74)
	at com.kms.katalon.core.webui.keyword.builtin.ClickKeyword.execute(ClickKeyword.groovy:40)
	at com.kms.katalon.core.keyword.internal.KeywordExecutor.executeKeywordForPlatform(KeywordExecutor.groovy:74)
	at com.kms.katalon.core.webui.keyword.WebUiBuiltInKeywords.click(WebUiBuiltInKeywords.groovy:620)
	at com.kms.katalon.core.webui.keyword.WebUiBuiltInKeywords$click$3.call(Unknown Source)
	at Script1695737237836.run(Script1695737237836.groovy:40)
	... 13 more
)

2023-10-09 13:07:49 - [MESSAGE][FAILED] - Unable to click on object 'Object Repository/Profile/TC011-Verify user can remove profile picture/Page_Landingly  Profile/rect - Copy' (Root cause: com.kms.katalon.core.exception.StepFailedException: Unable to click on object 'Object Repository/Profile/TC011-Verify user can remove profile picture/Page_Landingly  Profile/rect - Copy'
	at com.kms.katalon.core.webui.keyword.internal.WebUIKeywordMain.stepFailed(WebUIKeywordMain.groovy:64)
	at com.kms.katalon.core.webui.keyword.internal.WebUIKeywordMain.runKeyword(WebUIKeywordMain.groovy:26)
	at com.kms.katalon.core.webui.keyword.builtin.ClickKeyword.click(ClickKeyword.groovy:74)
	at com.kms.katalon.core.webui.keyword.builtin.ClickKeyword.execute(ClickKeyword.groovy:40)
	at com.kms.katalon.core.keyword.internal.KeywordExecutor.executeKeywordForPlatform(KeywordExecutor.groovy:74)
	at com.kms.katalon.core.webui.keyword.WebUiBuiltInKeywords.click(WebUiBuiltInKeywords.groovy:620)
	at com.kms.katalon.core.webui.keyword.WebUiBuiltInKeywords$click$3.call(Unknown Source)
	at TC011-Verify user can remove profile picture.run(TC011-Verify user can remove profile picture:40)
	at com.kms.katalon.core.main.ScriptEngine.run(ScriptEngine.java:194)
	at com.kms.katalon.core.main.ScriptEngine.runScriptAsRawText(ScriptEngine.java:119)
	at com.kms.katalon.core.main.TestCaseExecutor.runScript(TestCaseExecutor.java:448)
	at com.kms.katalon.core.main.TestCaseExecutor.doExecute(TestCaseExecutor.java:439)
	at com.kms.katalon.core.main.TestCaseExecutor.processExecutionPhase(TestCaseExecutor.java:418)
	at com.kms.katalon.core.main.TestCaseExecutor.accessMainPhase(TestCaseExecutor.java:410)
	at com.kms.katalon.core.main.TestCaseExecutor.execute(TestCaseExecutor.java:285)
	at com.kms.katalon.core.common.CommonExecutor.accessTestCaseMainPhase(CommonExecutor.java:65)
	at com.kms.katalon.core.main.TestSuiteExecutor.accessTestSuiteMainPhase(TestSuiteExecutor.java:148)
	at com.kms.katalon.core.main.TestSuiteExecutor.execute(TestSuiteExecutor.java:106)
	at com.kms.katalon.core.main.TestCaseMain.startTestSuite(TestCaseMain.java:187)
	at com.kms.katalon.core.main.TestCaseMain$startTestSuite$0.call(Unknown Source)
	at TempTestSuite1696838480513.run(TempTestSuite1696838480513.groovy:36)
Caused by: org.openqa.selenium.ElementClickInterceptedException: element click intercepted: Element <img data-v-550f6774="" width="100" height="80" class="rounded" src="https://api.landingly.com/Images/ProfilePics/3def73ec-074c-4973-a741-1b7a0673b606/1e26492a-2871-41bb-8e0c-5c184f7ec0c9.png"> is not clickable at point (687, 219). Other element would receive the click: <line data-v-550f6774="" x1="10" y1="12" x2="14" y2="12"></line>
  (Session info: chrome=117.0.5938.149)
Build info: version: '3.141.59', revision: 'e82be7d358', time: '2018-11-14T08:25:53'
System info: host: 'DESKTOP-3BHH4MD', ip: '192.168.0.108', os.name: 'Windows 10', os.arch: 'amd64', os.version: '10.0', java.version: '1.8.0_362'
Driver info: com.kms.katalon.selenium.driver.CChromeDriver
Capabilities {acceptInsecureCerts: false, browserName: chrome, browserVersion: 117.0.5938.149, chrome: {chromedriverVersion: 116.0.5845.96 (1a3918166880..., userDataDir: C:\Users\TDS\AppData\Local\...}, fedcm:accounts: true, goog:chromeOptions: {debuggerAddress: localhost:54889}, javascriptEnabled: true, networkConnectionEnabled: false, pageLoadStrategy: normal, platform: WINDOWS, platformName: WINDOWS, proxy: Proxy(), setWindowRect: true, strictFileInteractability: false, timeouts: {implicit: 0, pageLoad: 300000, script: 30000}, unhandledPromptBehavior: dismiss and notify, webauthn:extension:credBlob: true, webauthn:extension:largeBlob: true, webauthn:extension:minPinLength: true, webauthn:extension:prf: true, webauthn:virtualAuthenticators: true}
Session ID: 3b97683039dc516aa2286282334d65af
	at org.openqa.selenium.remote.http.W3CHttpResponseCodec.createException(W3CHttpResponseCodec.java:187)
	at org.openqa.selenium.remote.http.W3CHttpResponseCodec.decode(W3CHttpResponseCodec.java:122)
	at org.openqa.selenium.remote.http.W3CHttpResponseCodec.decode(W3CHttpResponseCodec.java:49)
	at org.openqa.selenium.remote.HttpCommandExecutor.execute(HttpCommandExecutor.java:158)
	at org.openqa.selenium.remote.service.DriverCommandExecutor.execute(DriverCommandExecutor.java:83)
	at org.openqa.selenium.remote.RemoteWebDriver.execute(RemoteWebDriver.java:552)
	at com.kms.katalon.selenium.driver.CChromeDriver.execute(CChromeDriver.java:19)
	at org.openqa.selenium.remote.RemoteWebElement.execute(RemoteWebElement.java:285)
	at org.openqa.selenium.remote.RemoteWebElement.click(RemoteWebElement.java:84)
	at org.openqa.selenium.support.events.EventFiringWebDriver$EventFiringWebElement.lambda$new$0(EventFiringWebDriver.java:404)
	at com.sun.proxy.$Proxy11.click(Unknown Source)
	at org.openqa.selenium.support.events.EventFiringWebDriver$EventFiringWebElement.click(EventFiringWebDriver.java:417)
	at org.openqa.selenium.WebElement$click.call(Unknown Source)
	at com.kms.katalon.core.webui.keyword.builtin.ClickKeyword.clickUntilSuccessWithTimeout(ClickKeyword.groovy:81)
	at com.kms.katalon.core.webui.keyword.builtin.ClickKeyword.clickUntilSuccessWithTimeout(ClickKeyword.groovy)
	at com.kms.katalon.core.webui.keyword.builtin.ClickKeyword$_click_closure1.doCall(ClickKeyword.groovy:67)
	at com.kms.katalon.core.webui.keyword.builtin.ClickKeyword$_click_closure1.call(ClickKeyword.groovy)
	at com.kms.katalon.core.webui.keyword.internal.WebUIKeywordMain.runKeyword(WebUIKeywordMain.groovy:20)
	at com.kms.katalon.core.webui.keyword.builtin.ClickKeyword.click(ClickKeyword.groovy:74)
	at com.kms.katalon.core.webui.keyword.builtin.ClickKeyword.execute(ClickKeyword.groovy:40)
	at com.kms.katalon.core.keyword.internal.KeywordExecutor.executeKeywordForPlatform(KeywordExecutor.groovy:74)
	at com.kms.katalon.core.webui.keyword.WebUiBuiltInKeywords.click(WebUiBuiltInKeywords.groovy:620)
	at com.kms.katalon.core.webui.keyword.WebUiBuiltInKeywords$click$3.call(Unknown Source)
	at Script1695737237836.run(Script1695737237836.groovy:40)
	... 13 more
)
[[ATTACHMENT|C:\\Users\\TDS\\git\\Landingly\\Reports\\20231009_130120\\Landingly\\20231009_130120\\1696838869416.png]]]]></system-out>
         <system-err><![CDATA[2023-10-09 13:06:50 - [TEST_CASE][FAILED] - Test Cases/Profile/TC011-Verify user can remove profile picture: Test Cases/Profile/TC011-Verify user can remove profile picture FAILED.
Reason:
com.kms.katalon.core.exception.StepFailedException: Unable to click on object 'Object Repository/Profile/TC011-Verify user can remove profile picture/Page_Landingly  Profile/rect - Copy'
	at com.kms.katalon.core.webui.keyword.internal.WebUIKeywordMain.stepFailed(WebUIKeywordMain.groovy:64)
	at com.kms.katalon.core.webui.keyword.internal.WebUIKeywordMain.runKeyword(WebUIKeywordMain.groovy:26)
	at com.kms.katalon.core.webui.keyword.builtin.ClickKeyword.click(ClickKeyword.groovy:74)
	at com.kms.katalon.core.webui.keyword.builtin.ClickKeyword.execute(ClickKeyword.groovy:40)
	at com.kms.katalon.core.keyword.internal.KeywordExecutor.executeKeywordForPlatform(KeywordExecutor.groovy:74)
	at com.kms.katalon.core.webui.keyword.WebUiBuiltInKeywords.click(WebUiBuiltInKeywords.groovy:620)
	at com.kms.katalon.core.webui.keyword.WebUiBuiltInKeywords$click$3.call(Unknown Source)
	at TC011-Verify user can remove profile picture.run(TC011-Verify user can remove profile picture:40)
	at com.kms.katalon.core.main.ScriptEngine.run(ScriptEngine.java:194)
	at com.kms.katalon.core.main.ScriptEngine.runScriptAsRawText(ScriptEngine.java:119)
	at com.kms.katalon.core.main.TestCaseExecutor.runScript(TestCaseExecutor.java:448)
	at com.kms.katalon.core.main.TestCaseExecutor.doExecute(TestCaseExecutor.java:439)
	at com.kms.katalon.core.main.TestCaseExecutor.processExecutionPhase(TestCaseExecutor.java:418)
	at com.kms.katalon.core.main.TestCaseExecutor.accessMainPhase(TestCaseExecutor.java:410)
	at com.kms.katalon.core.main.TestCaseExecutor.execute(TestCaseExecutor.java:285)
	at com.kms.katalon.core.common.CommonExecutor.accessTestCaseMainPhase(CommonExecutor.java:65)
	at com.kms.katalon.core.main.TestSuiteExecutor.accessTestSuiteMainPhase(TestSuiteExecutor.java:148)
	at com.kms.katalon.core.main.TestSuiteExecutor.execute(TestSuiteExecutor.java:106)
	at com.kms.katalon.core.main.TestCaseMain.startTestSuite(TestCaseMain.java:187)
	at com.kms.katalon.core.main.TestCaseMain$startTestSuite$0.call(Unknown Source)
	at TempTestSuite1696838480513.run(TempTestSuite1696838480513.groovy:36)
Caused by: org.openqa.selenium.ElementClickInterceptedException: element click intercepted: Element <img data-v-550f6774="" width="100" height="80" class="rounded" src="https://api.landingly.com/Images/ProfilePics/3def73ec-074c-4973-a741-1b7a0673b606/1e26492a-2871-41bb-8e0c-5c184f7ec0c9.png"> is not clickable at point (687, 219). Other element would receive the click: <line data-v-550f6774="" x1="10" y1="12" x2="14" y2="12"></line>
  (Session info: chrome=117.0.5938.149)
Build info: version: '3.141.59', revision: 'e82be7d358', time: '2018-11-14T08:25:53'
System info: host: 'DESKTOP-3BHH4MD', ip: '192.168.0.108', os.name: 'Windows 10', os.arch: 'amd64', os.version: '10.0', java.version: '1.8.0_362'
Driver info: com.kms.katalon.selenium.driver.CChromeDriver
Capabilities {acceptInsecureCerts: false, browserName: chrome, browserVersion: 117.0.5938.149, chrome: {chromedriverVersion: 116.0.5845.96 (1a3918166880..., userDataDir: C:\Users\TDS\AppData\Local\...}, fedcm:accounts: true, goog:chromeOptions: {debuggerAddress: localhost:54889}, javascriptEnabled: true, networkConnectionEnabled: false, pageLoadStrategy: normal, platform: WINDOWS, platformName: WINDOWS, proxy: Proxy(), setWindowRect: true, strictFileInteractability: false, timeouts: {implicit: 0, pageLoad: 300000, script: 30000}, unhandledPromptBehavior: dismiss and notify, webauthn:extension:credBlob: true, webauthn:extension:largeBlob: true, webauthn:extension:minPinLength: true, webauthn:extension:prf: true, webauthn:virtualAuthenticators: true}
Session ID: 3b97683039dc516aa2286282334d65af
	at org.openqa.selenium.remote.http.W3CHttpResponseCodec.createException(W3CHttpResponseCodec.java:187)
	at org.openqa.selenium.remote.http.W3CHttpResponseCodec.decode(W3CHttpResponseCodec.java:122)
	at org.openqa.selenium.remote.http.W3CHttpResponseCodec.decode(W3CHttpResponseCodec.java:49)
	at org.openqa.selenium.remote.HttpCommandExecutor.execute(HttpCommandExecutor.java:158)
	at org.openqa.selenium.remote.service.DriverCommandExecutor.execute(DriverCommandExecutor.java:83)
	at org.openqa.selenium.remote.RemoteWebDriver.execute(RemoteWebDriver.java:552)
	at com.kms.katalon.selenium.driver.CChromeDriver.execute(CChromeDriver.java:19)
	at org.openqa.selenium.remote.RemoteWebElement.execute(RemoteWebElement.java:285)
	at org.openqa.selenium.remote.RemoteWebElement.click(RemoteWebElement.java:84)
	at org.openqa.selenium.support.events.EventFiringWebDriver$EventFiringWebElement.lambda$new$0(EventFiringWebDriver.java:404)
	at com.sun.proxy.$Proxy11.click(Unknown Source)
	at org.openqa.selenium.support.events.EventFiringWebDriver$EventFiringWebElement.click(EventFiringWebDriver.java:417)
	at org.openqa.selenium.WebElement$click.call(Unknown Source)
	at com.kms.katalon.core.webui.keyword.builtin.ClickKeyword.clickUntilSuccessWithTimeout(ClickKeyword.groovy:81)
	at com.kms.katalon.core.webui.keyword.builtin.ClickKeyword.clickUntilSuccessWithTimeout(ClickKeyword.groovy)
	at com.kms.katalon.core.webui.keyword.builtin.ClickKeyword$_click_closure1.doCall(ClickKeyword.groovy:67)
	at com.kms.katalon.core.webui.keyword.builtin.ClickKeyword$_click_closure1.call(ClickKeyword.groovy)
	at com.kms.katalon.core.webui.keyword.internal.WebUIKeywordMain.runKeyword(WebUIKeywordMain.groovy:20)
	... 19 more]]></system-err>
      </testcase>
      <testcase name="Test Cases/Profile/TC012-Verify user can change profile name and save" time="34.475" classname="Test Cases/Profile/TC012-Verify user can change profile name and save" status="PASSED">
         <system-out><![CDATA[2023-10-09 13:07:49 - [TEST_CASE][PASSED] - Test Cases/Profile/TC012-Verify user can change profile name and save: Test Cases/Profile/TC012-Verify user can change profile name and save

2023-10-09 13:07:50 - [TEST_STEP][PASSED] - openBrowser(""): Browser is opened with url: ''

2023-10-09 13:07:50 - [MESSAGE][WARNING] - A browser is already opened. Closing browser and opening a new one

2023-10-09 13:07:51 - [MESSAGE][INFO] - Starting 'Chrome' driver

2023-10-09 13:07:51 - [MESSAGE][INFO] - Action delay is set to 0 milliseconds

2023-10-09 13:07:54 - [MESSAGE][PASSED] - Browser is opened with url: ''

2023-10-09 13:07:54 - [TEST_STEP][PASSED] - navigateToUrl("https://app.landingly.com/"): Navigate to 'https://app.landingly.com/' successfully

2023-10-09 13:08:01 - [MESSAGE][PASSED] - Navigate to 'https://app.landingly.com/' successfully

2023-10-09 13:08:01 - [TEST_STEP][PASSED] - setText(findTestObject("Object Repository/Profile/TC012-Verify user can change profile name and save/Page_Landingly  Login/input_Email_login-email"), "sqaahmadtahir@gmail.com"): Text 'sqaahmadtahir@gmail.com' is set on object 'Object Repository/Profile/TC012-Verify user can change profile name and save/Page_Landingly  Login/input_Email_login-email'

2023-10-09 13:08:02 - [MESSAGE][PASSED] - Text 'sqaahmadtahir@gmail.com' is set on object 'Object Repository/Profile/TC012-Verify user can change profile name and save/Page_Landingly  Login/input_Email_login-email'

2023-10-09 13:08:02 - [TEST_STEP][PASSED] - setEncryptedText(findTestObject("Object Repository/Profile/TC012-Verify user can change profile name and save/Page_Landingly  Login/input_Forgot Password_login-password"), "/5S6MFFLcE5DAenbZpYNsQ=="): Text ****** has been set on object 'Object Repository/Profile/TC012-Verify user can change profile name and save/Page_Landingly  Login/input_Forgot Password_login-password'

2023-10-09 13:08:03 - [MESSAGE][PASSED] - Text ****** has been set on object 'Object Repository/Profile/TC012-Verify user can change profile name and save/Page_Landingly  Login/input_Forgot Password_login-password'

2023-10-09 13:08:03 - [TEST_STEP][PASSED] - click(findTestObject("Object Repository/Profile/TC012-Verify user can change profile name and save/Page_Landingly  Login/button_Sign in")): Object: 'Object Repository/Profile/TC012-Verify user can change profile name and save/Page_Landingly  Login/button_Sign in' is clicked on

2023-10-09 13:08:03 - [MESSAGE][PASSED] - Object: 'Object Repository/Profile/TC012-Verify user can change profile name and save/Page_Landingly  Login/button_Sign in' is clicked on

2023-10-09 13:08:03 - [TEST_STEP][PASSED] - click(findTestObject("Object Repository/Profile/TC012-Verify user can change profile name and save/Page_Landingly/svg_Profile_bi-person-fill b-icon bi")): Object: 'Object Repository/Profile/TC012-Verify user can change profile name and save/Page_Landingly/svg_Profile_bi-person-fill b-icon bi' is clicked on

2023-10-09 13:08:11 - [MESSAGE][PASSED] - Object: 'Object Repository/Profile/TC012-Verify user can change profile name and save/Page_Landingly/svg_Profile_bi-person-fill b-icon bi' is clicked on

2023-10-09 13:08:11 - [TEST_STEP][PASSED] - click(findTestObject("Object Repository/Profile/TC012-Verify user can change profile name and save/Page_Landingly/span_Profile")): Object: 'Object Repository/Profile/TC012-Verify user can change profile name and save/Page_Landingly/span_Profile' is clicked on

2023-10-09 13:08:11 - [MESSAGE][PASSED] - Object: 'Object Repository/Profile/TC012-Verify user can change profile name and save/Page_Landingly/span_Profile' is clicked on

2023-10-09 13:08:11 - [TEST_STEP][PASSED] - setText(findTestObject("Object Repository/Profile/TC012-Verify user can change profile name and save/Page_Landingly  Profile/input__FirstName"), "Muhammad"): Text 'Muhammad' is set on object 'Object Repository/Profile/TC012-Verify user can change profile name and save/Page_Landingly  Profile/input__FirstName'

2023-10-09 13:08:18 - [MESSAGE][PASSED] - Text 'Muhammad' is set on object 'Object Repository/Profile/TC012-Verify user can change profile name and save/Page_Landingly  Profile/input__FirstName'

2023-10-09 13:08:18 - [TEST_STEP][PASSED] - setText(findTestObject("Object Repository/Profile/TC012-Verify user can change profile name and save/Page_Landingly  Profile/input__LastName"), "Ahmad Tahir"): Text 'Ahmad Tahir' is set on object 'Object Repository/Profile/TC012-Verify user can change profile name and save/Page_Landingly  Profile/input__LastName'

2023-10-09 13:08:20 - [MESSAGE][PASSED] - Text 'Ahmad Tahir' is set on object 'Object Repository/Profile/TC012-Verify user can change profile name and save/Page_Landingly  Profile/input__LastName'

2023-10-09 13:08:20 - [TEST_STEP][PASSED] - click(findTestObject("Object Repository/Profile/TC012-Verify user can change profile name and save/Page_Landingly  Profile/button_Save")): Object: 'Object Repository/Profile/TC012-Verify user can change profile name and save/Page_Landingly  Profile/button_Save' is clicked on

2023-10-09 13:08:20 - [MESSAGE][PASSED] - Object: 'Object Repository/Profile/TC012-Verify user can change profile name and save/Page_Landingly  Profile/button_Save' is clicked on

2023-10-09 13:08:20 - [TEST_STEP][PASSED] - verifyElementText(findTestObject("Object Repository/Profile/TC012-Verify user can change profile name and save/Page_Landingly  Profile/h2_Success"), "Success"): Actual text and expected text of test object 'Object Repository/Profile/TC012-Verify user can change profile name and save/Page_Landingly  Profile/h2_Success' are matched.

2023-10-09 13:08:22 - [MESSAGE][PASSED] - Actual text and expected text of test object 'Object Repository/Profile/TC012-Verify user can change profile name and save/Page_Landingly  Profile/h2_Success' are matched.

2023-10-09 13:08:22 - [TEST_STEP][PASSED] - click(findTestObject("Object Repository/Profile/TC012-Verify user can change profile name and save/Page_Landingly  Profile/button_OK")): Object: 'Object Repository/Profile/TC012-Verify user can change profile name and save/Page_Landingly  Profile/button_OK' is clicked on

2023-10-09 13:08:23 - [MESSAGE][PASSED] - Object: 'Object Repository/Profile/TC012-Verify user can change profile name and save/Page_Landingly  Profile/button_OK' is clicked on

2023-10-09 13:08:23 - [TEST_STEP][PASSED] - closeBrowser(): Browser is closed

2023-10-09 13:08:24 - [MESSAGE][PASSED] - Browser is closed]]></system-out>
         <system-err><![CDATA[]]></system-err>
      </testcase>
      <testcase name="Test Cases/Profile/TC013-Verify change password working fine" time="49.968" classname="Test Cases/Profile/TC013-Verify change password working fine" status="PASSED">
         <system-out><![CDATA[2023-10-09 13:08:24 - [TEST_CASE][PASSED] - Test Cases/Profile/TC013-Verify change password working fine: Test Cases/Profile/TC013-Verify change password working fine

2023-10-09 13:08:25 - [TEST_STEP][PASSED] - openBrowser(""): Browser is opened with url: ''

2023-10-09 13:08:25 - [MESSAGE][INFO] - Starting 'Chrome' driver

2023-10-09 13:08:25 - [MESSAGE][INFO] - Action delay is set to 0 milliseconds

2023-10-09 13:08:27 - [MESSAGE][PASSED] - Browser is opened with url: ''

2023-10-09 13:08:27 - [TEST_STEP][PASSED] - navigateToUrl("https://app.landingly.com/"): Navigate to 'https://app.landingly.com/' successfully

2023-10-09 13:08:57 - [MESSAGE][PASSED] - Navigate to 'https://app.landingly.com/' successfully

2023-10-09 13:08:57 - [TEST_STEP][PASSED] - setText(findTestObject("Object Repository/Profile/TC013-Verify change password working fine/Page_Landingly  Login/input_Email_login-email"), "sqaahmadtahir@gmail.com"): Text 'sqaahmadtahir@gmail.com' is set on object 'Object Repository/Profile/TC013-Verify change password working fine/Page_Landingly  Login/input_Email_login-email'

2023-10-09 13:08:58 - [MESSAGE][PASSED] - Text 'sqaahmadtahir@gmail.com' is set on object 'Object Repository/Profile/TC013-Verify change password working fine/Page_Landingly  Login/input_Email_login-email'

2023-10-09 13:08:58 - [TEST_STEP][PASSED] - setEncryptedText(findTestObject("Object Repository/Profile/TC013-Verify change password working fine/Page_Landingly  Login/input_Forgot Password_login-password"), "/5S6MFFLcE5DAenbZpYNsQ=="): Text ****** has been set on object 'Object Repository/Profile/TC013-Verify change password working fine/Page_Landingly  Login/input_Forgot Password_login-password'

2023-10-09 13:08:59 - [MESSAGE][PASSED] - Text ****** has been set on object 'Object Repository/Profile/TC013-Verify change password working fine/Page_Landingly  Login/input_Forgot Password_login-password'

2023-10-09 13:08:59 - [TEST_STEP][PASSED] - click(findTestObject("Object Repository/Profile/TC013-Verify change password working fine/Page_Landingly  Login/button_Sign in")): Object: 'Object Repository/Profile/TC013-Verify change password working fine/Page_Landingly  Login/button_Sign in' is clicked on

2023-10-09 13:09:00 - [MESSAGE][PASSED] - Object: 'Object Repository/Profile/TC013-Verify change password working fine/Page_Landingly  Login/button_Sign in' is clicked on

2023-10-09 13:09:00 - [TEST_STEP][PASSED] - click(findTestObject("Object Repository/Profile/TC013-Verify change password working fine/Page_Landingly/img")): Object: 'Object Repository/Profile/TC013-Verify change password working fine/Page_Landingly/img' is clicked on

2023-10-09 13:09:06 - [MESSAGE][PASSED] - Object: 'Object Repository/Profile/TC013-Verify change password working fine/Page_Landingly/img' is clicked on

2023-10-09 13:09:06 - [TEST_STEP][PASSED] - click(findTestObject("Object Repository/Profile/TC013-Verify change password working fine/Page_Landingly/a_Profile")): Object: 'Object Repository/Profile/TC013-Verify change password working fine/Page_Landingly/a_Profile' is clicked on

2023-10-09 13:09:06 - [MESSAGE][PASSED] - Object: 'Object Repository/Profile/TC013-Verify change password working fine/Page_Landingly/a_Profile' is clicked on

2023-10-09 13:09:06 - [TEST_STEP][PASSED] - click(findTestObject("Object Repository/Profile/TC013-Verify change password working fine/Page_Landingly  Profile/a_Change Password")): Object: 'Object Repository/Profile/TC013-Verify change password working fine/Page_Landingly  Profile/a_Change Password' is clicked on

2023-10-09 13:09:08 - [MESSAGE][PASSED] - Object: 'Object Repository/Profile/TC013-Verify change password working fine/Page_Landingly  Profile/a_Change Password' is clicked on

2023-10-09 13:09:08 - [TEST_STEP][PASSED] - setEncryptedText(findTestObject("Object Repository/Profile/TC013-Verify change password working fine/Page_Landingly  Profile/input__old-password"), "/5S6MFFLcE5DAenbZpYNsQ=="): Text ****** has been set on object 'Object Repository/Profile/TC013-Verify change password working fine/Page_Landingly  Profile/input__old-password'

2023-10-09 13:09:08 - [MESSAGE][PASSED] - Text ****** has been set on object 'Object Repository/Profile/TC013-Verify change password working fine/Page_Landingly  Profile/input__old-password'

2023-10-09 13:09:08 - [TEST_STEP][PASSED] - setEncryptedText(findTestObject("Object Repository/Profile/TC013-Verify change password working fine/Page_Landingly  Profile/input__new-password"), "/5S6MFFLcE5DAenbZpYNsQ=="): Text ****** has been set on object 'Object Repository/Profile/TC013-Verify change password working fine/Page_Landingly  Profile/input__new-password'

2023-10-09 13:09:09 - [MESSAGE][PASSED] - Text ****** has been set on object 'Object Repository/Profile/TC013-Verify change password working fine/Page_Landingly  Profile/input__new-password'

2023-10-09 13:09:09 - [TEST_STEP][PASSED] - setEncryptedText(findTestObject("Object Repository/Profile/TC013-Verify change password working fine/Page_Landingly  Profile/input__retype-password"), "/5S6MFFLcE5DAenbZpYNsQ=="): Text ****** has been set on object 'Object Repository/Profile/TC013-Verify change password working fine/Page_Landingly  Profile/input__retype-password'

2023-10-09 13:09:10 - [MESSAGE][PASSED] - Text ****** has been set on object 'Object Repository/Profile/TC013-Verify change password working fine/Page_Landingly  Profile/input__retype-password'

2023-10-09 13:09:10 - [TEST_STEP][PASSED] - click(findTestObject("Object Repository/Profile/TC013-Verify change password working fine/Page_Landingly  Profile/button_Update")): Object: 'Object Repository/Profile/TC013-Verify change password working fine/Page_Landingly  Profile/button_Update' is clicked on

2023-10-09 13:09:10 - [MESSAGE][PASSED] - Object: 'Object Repository/Profile/TC013-Verify change password working fine/Page_Landingly  Profile/button_Update' is clicked on

2023-10-09 13:09:10 - [TEST_STEP][PASSED] - verifyElementText(findTestObject("Profile/TC013-Verify change password working fine/Page_Landingly  Profile/h2_Success"), "Success"): Actual text and expected text of test object 'Object Repository/Profile/TC013-Verify change password working fine/Page_Landingly  Profile/h2_Success' are matched.

2023-10-09 13:09:12 - [MESSAGE][PASSED] - Actual text and expected text of test object 'Object Repository/Profile/TC013-Verify change password working fine/Page_Landingly  Profile/h2_Success' are matched.

2023-10-09 13:09:12 - [TEST_STEP][PASSED] - click(findTestObject("Profile/TC013-Verify change password working fine/Page_Landingly  Profile/button_OK")): Object: 'Object Repository/Profile/TC013-Verify change password working fine/Page_Landingly  Profile/button_OK' is clicked on

2023-10-09 13:09:12 - [MESSAGE][PASSED] - Object: 'Object Repository/Profile/TC013-Verify change password working fine/Page_Landingly  Profile/button_OK' is clicked on

2023-10-09 13:09:12 - [TEST_STEP][PASSED] - closeBrowser(): Browser is closed

2023-10-09 13:09:14 - [MESSAGE][PASSED] - Browser is closed]]></system-out>
         <system-err><![CDATA[]]></system-err>
      </testcase>
      <testcase name="Test Cases/Projects/TC016-Verify user can create new project sales" time="108.341" classname="Test Cases/Projects/TC016-Verify user can create new project sales" status="FAILED">
         <failure type="FAILED" message="Test Cases/Projects/TC016-Verify user can create new project sales FAILED.
Reason:
com.kms.katalon.core.exception.StepFailedException: Unable to set text 'new sales prject' of object 'Object Repository/Projects/TC016-Verify user can create new project sales/Page_Landingly  Projects/input__ProjectName'
	at com.kms.katalon.core.webui.keyword.internal.WebUIKeywordMain.stepFailed(WebUIKeywordMain.groovy:64)
	at com.kms.katalon.core.webui.keyword.internal.WebUIKeywordMain.runKeyword(WebUIKeywordMain.groovy:26)
	at com.kms.katalon.core.webui.keyword.builtin.SetTextKeyword.setText(SetTextKeyword.groovy:66)
	at com.kms.katalon.core.webui.keyword.builtin.SetTextKeyword.execute(SetTextKeyword.groovy:37)
	at com.kms.katalon.core.keyword.internal.KeywordExecutor.executeKeywordForPlatform(KeywordExecutor.groovy:74)
	at com.kms.katalon.core.webui.keyword.WebUiBuiltInKeywords.setText(WebUiBuiltInKeywords.groovy:980)
	at com.kms.katalon.core.webui.keyword.WebUiBuiltInKeywords$setText$1.call(Unknown Source)
	at TC016-Verify user can create new project sales.run(TC016-Verify user can create new project sales:38)
	at com.kms.katalon.core.main.ScriptEngine.run(ScriptEngine.java:194)
	at com.kms.katalon.core.main.ScriptEngine.runScriptAsRawText(ScriptEngine.java:119)
	at com.kms.katalon.core.main.TestCaseExecutor.runScript(TestCaseExecutor.java:448)
	at com.kms.katalon.core.main.TestCaseExecutor.doExecute(TestCaseExecutor.java:439)
	at com.kms.katalon.core.main.TestCaseExecutor.processExecutionPhase(TestCaseExecutor.java:418)
	at com.kms.katalon.core.main.TestCaseExecutor.accessMainPhase(TestCaseExecutor.java:410)
	at com.kms.katalon.core.main.TestCaseExecutor.execute(TestCaseExecutor.java:285)
	at com.kms.katalon.core.common.CommonExecutor.accessTestCaseMainPhase(CommonExecutor.java:65)
	at com.kms.katalon.core.main.TestSuiteExecutor.accessTestSuiteMainPhase(TestSuiteExecutor.java:148)
	at com.kms.katalon.core.main.TestSuiteExecutor.execute(TestSuiteExecutor.java:106)
	at com.kms.katalon.core.main.TestCaseMain.startTestSuite(TestCaseMain.java:187)
	at com.kms.katalon.core.main.TestCaseMain$startTestSuite$0.call(Unknown Source)
	at TempTestSuite1696838480513.run(TempTestSuite1696838480513.groovy:36)
Caused by: com.kms.katalon.core.webui.exception.WebElementNotFoundException: Web element with id: 'Object Repository/Projects/TC016-Verify user can create new project sales/Page_Landingly  Projects/input__ProjectName' located by '//input[@id='ProjectName']' not found
	at com.kms.katalon.core.webui.common.WebUiCommonHelper.findWebElement(WebUiCommonHelper.java:1381)
	at com.kms.katalon.core.webui.keyword.internal.WebUIAbstractKeyword.findWebElement(WebUIAbstractKeyword.groovy:27)
	at com.kms.katalon.core.webui.keyword.internal.WebUIAbstractKeyword.findWebElement(WebUIAbstractKeyword.groovy:26)
	at com.kms.katalon.core.webui.keyword.builtin.SetTextKeyword$_setText_closure1.doCall(SetTextKeyword.groovy:51)
	at com.kms.katalon.core.webui.keyword.builtin.SetTextKeyword$_setText_closure1.call(SetTextKeyword.groovy)
	at com.kms.katalon.core.webui.keyword.internal.WebUIKeywordMain.runKeyword(WebUIKeywordMain.groovy:20)
	... 19 more
"/>
         <system-out><![CDATA[2023-10-09 13:09:14 - [TEST_CASE][FAILED] - Test Cases/Projects/TC016-Verify user can create new project sales: Test Cases/Projects/TC016-Verify user can create new project sales FAILED.
Reason:
com.kms.katalon.core.exception.StepFailedException: Unable to set text 'new sales prject' of object 'Object Repository/Projects/TC016-Verify user can create new project sales/Page_Landingly  Projects/input__ProjectName'
	at com.kms.katalon.core.webui.keyword.internal.WebUIKeywordMain.stepFailed(WebUIKeywordMain.groovy:64)
	at com.kms.katalon.core.webui.keyword.internal.WebUIKeywordMain.runKeyword(WebUIKeywordMain.groovy:26)
	at com.kms.katalon.core.webui.keyword.builtin.SetTextKeyword.setText(SetTextKeyword.groovy:66)
	at com.kms.katalon.core.webui.keyword.builtin.SetTextKeyword.execute(SetTextKeyword.groovy:37)
	at com.kms.katalon.core.keyword.internal.KeywordExecutor.executeKeywordForPlatform(KeywordExecutor.groovy:74)
	at com.kms.katalon.core.webui.keyword.WebUiBuiltInKeywords.setText(WebUiBuiltInKeywords.groovy:980)
	at com.kms.katalon.core.webui.keyword.WebUiBuiltInKeywords$setText$1.call(Unknown Source)
	at TC016-Verify user can create new project sales.run(TC016-Verify user can create new project sales:38)
	at com.kms.katalon.core.main.ScriptEngine.run(ScriptEngine.java:194)
	at com.kms.katalon.core.main.ScriptEngine.runScriptAsRawText(ScriptEngine.java:119)
	at com.kms.katalon.core.main.TestCaseExecutor.runScript(TestCaseExecutor.java:448)
	at com.kms.katalon.core.main.TestCaseExecutor.doExecute(TestCaseExecutor.java:439)
	at com.kms.katalon.core.main.TestCaseExecutor.processExecutionPhase(TestCaseExecutor.java:418)
	at com.kms.katalon.core.main.TestCaseExecutor.accessMainPhase(TestCaseExecutor.java:410)
	at com.kms.katalon.core.main.TestCaseExecutor.execute(TestCaseExecutor.java:285)
	at com.kms.katalon.core.common.CommonExecutor.accessTestCaseMainPhase(CommonExecutor.java:65)
	at com.kms.katalon.core.main.TestSuiteExecutor.accessTestSuiteMainPhase(TestSuiteExecutor.java:148)
	at com.kms.katalon.core.main.TestSuiteExecutor.execute(TestSuiteExecutor.java:106)
	at com.kms.katalon.core.main.TestCaseMain.startTestSuite(TestCaseMain.java:187)
	at com.kms.katalon.core.main.TestCaseMain$startTestSuite$0.call(Unknown Source)
	at TempTestSuite1696838480513.run(TempTestSuite1696838480513.groovy:36)
Caused by: com.kms.katalon.core.webui.exception.WebElementNotFoundException: Web element with id: 'Object Repository/Projects/TC016-Verify user can create new project sales/Page_Landingly  Projects/input__ProjectName' located by '//input[@id='ProjectName']' not found
	at com.kms.katalon.core.webui.common.WebUiCommonHelper.findWebElement(WebUiCommonHelper.java:1381)
	at com.kms.katalon.core.webui.keyword.internal.WebUIAbstractKeyword.findWebElement(WebUIAbstractKeyword.groovy:27)
	at com.kms.katalon.core.webui.keyword.internal.WebUIAbstractKeyword.findWebElement(WebUIAbstractKeyword.groovy:26)
	at com.kms.katalon.core.webui.keyword.builtin.SetTextKeyword$_setText_closure1.doCall(SetTextKeyword.groovy:51)
	at com.kms.katalon.core.webui.keyword.builtin.SetTextKeyword$_setText_closure1.call(SetTextKeyword.groovy)
	at com.kms.katalon.core.webui.keyword.internal.WebUIKeywordMain.runKeyword(WebUIKeywordMain.groovy:20)
	... 19 more


2023-10-09 13:09:15 - [TEST_STEP][PASSED] - openBrowser(""): Browser is opened with url: ''

2023-10-09 13:09:15 - [MESSAGE][INFO] - Starting 'Chrome' driver

2023-10-09 13:09:15 - [MESSAGE][INFO] - Action delay is set to 0 milliseconds

2023-10-09 13:09:17 - [MESSAGE][PASSED] - Browser is opened with url: ''

2023-10-09 13:09:17 - [TEST_STEP][PASSED] - maximizeWindow(): Current window maximized

2023-10-09 13:09:18 - [MESSAGE][PASSED] - Current window maximized

2023-10-09 13:09:18 - [TEST_STEP][PASSED] - navigateToUrl("https://app.landingly.com/"): Navigate to 'https://app.landingly.com/' successfully

2023-10-09 13:10:24 - [MESSAGE][PASSED] - Navigate to 'https://app.landingly.com/' successfully

2023-10-09 13:10:24 - [TEST_STEP][PASSED] - setText(findTestObject("Object Repository/Projects/TC016-Verify user can create new project sales/Page_Landingly  Login/input_Email_login-email"), "sqaahmadtahir@gmail.com"): Text 'sqaahmadtahir@gmail.com' is set on object 'Object Repository/Projects/TC016-Verify user can create new project sales/Page_Landingly  Login/input_Email_login-email'

2023-10-09 13:10:25 - [MESSAGE][PASSED] - Text 'sqaahmadtahir@gmail.com' is set on object 'Object Repository/Projects/TC016-Verify user can create new project sales/Page_Landingly  Login/input_Email_login-email'

2023-10-09 13:10:25 - [TEST_STEP][PASSED] - setEncryptedText(findTestObject("Object Repository/Projects/TC016-Verify user can create new project sales/Page_Landingly  Login/input_Forgot Password_login-password"), "/5S6MFFLcE5DAenbZpYNsQ=="): Text ****** has been set on object 'Object Repository/Projects/TC016-Verify user can create new project sales/Page_Landingly  Login/input_Forgot Password_login-password'

2023-10-09 13:10:26 - [MESSAGE][PASSED] - Text ****** has been set on object 'Object Repository/Projects/TC016-Verify user can create new project sales/Page_Landingly  Login/input_Forgot Password_login-password'

2023-10-09 13:10:26 - [TEST_STEP][PASSED] - click(findTestObject("Object Repository/Projects/TC016-Verify user can create new project sales/Page_Landingly  Login/button_Sign in")): Object: 'Object Repository/Projects/TC016-Verify user can create new project sales/Page_Landingly  Login/button_Sign in' is clicked on

2023-10-09 13:10:27 - [MESSAGE][PASSED] - Object: 'Object Repository/Projects/TC016-Verify user can create new project sales/Page_Landingly  Login/button_Sign in' is clicked on

2023-10-09 13:10:27 - [TEST_STEP][PASSED] - click(findTestObject("Object Repository/Projects/TC016-Verify user can create new project sales/Page_Landingly/a_Projects")): Object: 'Object Repository/Projects/TC016-Verify user can create new project sales/Page_Landingly/a_Projects' is clicked on

2023-10-09 13:10:29 - [MESSAGE][PASSED] - Object: 'Object Repository/Projects/TC016-Verify user can create new project sales/Page_Landingly/a_Projects' is clicked on

2023-10-09 13:10:29 - [TEST_STEP][PASSED] - click(findTestObject("Object Repository/Projects/TC016-Verify user can create new project sales/Page_Landingly  Projects/button_New Project")): Object: 'Object Repository/Projects/TC016-Verify user can create new project sales/Page_Landingly  Projects/button_New Project' is clicked on

2023-10-09 13:10:30 - [MESSAGE][PASSED] - Object: 'Object Repository/Projects/TC016-Verify user can create new project sales/Page_Landingly  Projects/button_New Project' is clicked on

2023-10-09 13:10:30 - [TEST_STEP][FAILED] - setText(findTestObject("Object Repository/Projects/TC016-Verify user can create new project sales/Page_Landingly  Projects/input__ProjectName"), "new sales prject"): Unable to set text 'new sales prject' of object 'Object Repository/Projects/TC016-Verify user can create new project sales/Page_Landingly  Projects/input__ProjectName' (Root cause: com.kms.katalon.core.exception.StepFailedException: Unable to set text 'new sales prject' of object 'Object Repository/Projects/TC016-Verify user can create new project sales/Page_Landingly  Projects/input__ProjectName'
	at com.kms.katalon.core.webui.keyword.internal.WebUIKeywordMain.stepFailed(WebUIKeywordMain.groovy:64)
	at com.kms.katalon.core.webui.keyword.internal.WebUIKeywordMain.runKeyword(WebUIKeywordMain.groovy:26)
	at com.kms.katalon.core.webui.keyword.builtin.SetTextKeyword.setText(SetTextKeyword.groovy:66)
	at com.kms.katalon.core.webui.keyword.builtin.SetTextKeyword.execute(SetTextKeyword.groovy:37)
	at com.kms.katalon.core.keyword.internal.KeywordExecutor.executeKeywordForPlatform(KeywordExecutor.groovy:74)
	at com.kms.katalon.core.webui.keyword.WebUiBuiltInKeywords.setText(WebUiBuiltInKeywords.groovy:980)
	at com.kms.katalon.core.webui.keyword.WebUiBuiltInKeywords$setText$1.call(Unknown Source)
	at TC016-Verify user can create new project sales.run(TC016-Verify user can create new project sales:38)
	at com.kms.katalon.core.main.ScriptEngine.run(ScriptEngine.java:194)
	at com.kms.katalon.core.main.ScriptEngine.runScriptAsRawText(ScriptEngine.java:119)
	at com.kms.katalon.core.main.TestCaseExecutor.runScript(TestCaseExecutor.java:448)
	at com.kms.katalon.core.main.TestCaseExecutor.doExecute(TestCaseExecutor.java:439)
	at com.kms.katalon.core.main.TestCaseExecutor.processExecutionPhase(TestCaseExecutor.java:418)
	at com.kms.katalon.core.main.TestCaseExecutor.accessMainPhase(TestCaseExecutor.java:410)
	at com.kms.katalon.core.main.TestCaseExecutor.execute(TestCaseExecutor.java:285)
	at com.kms.katalon.core.common.CommonExecutor.accessTestCaseMainPhase(CommonExecutor.java:65)
	at com.kms.katalon.core.main.TestSuiteExecutor.accessTestSuiteMainPhase(TestSuiteExecutor.java:148)
	at com.kms.katalon.core.main.TestSuiteExecutor.execute(TestSuiteExecutor.java:106)
	at com.kms.katalon.core.main.TestCaseMain.startTestSuite(TestCaseMain.java:187)
	at com.kms.katalon.core.main.TestCaseMain$startTestSuite$0.call(Unknown Source)
	at TempTestSuite1696838480513.run(TempTestSuite1696838480513.groovy:36)
Caused by: com.kms.katalon.core.webui.exception.WebElementNotFoundException: Web element with id: 'Object Repository/Projects/TC016-Verify user can create new project sales/Page_Landingly  Projects/input__ProjectName' located by '//input[@id='ProjectName']' not found
	at com.kms.katalon.core.webui.common.WebUiCommonHelper.findWebElement(WebUiCommonHelper.java:1381)
	at com.kms.katalon.core.webui.keyword.internal.WebUIAbstractKeyword.findWebElement(WebUIAbstractKeyword.groovy:27)
	at com.kms.katalon.core.webui.keyword.internal.WebUIAbstractKeyword.findWebElement(WebUIAbstractKeyword.groovy:26)
	at com.kms.katalon.core.webui.keyword.builtin.SetTextKeyword$_setText_closure1.doCall(SetTextKeyword.groovy:51)
	at com.kms.katalon.core.webui.keyword.builtin.SetTextKeyword$_setText_closure1.call(SetTextKeyword.groovy)
	at com.kms.katalon.core.webui.keyword.internal.WebUIKeywordMain.runKeyword(WebUIKeywordMain.groovy:20)
	at com.kms.katalon.core.webui.keyword.builtin.SetTextKeyword.setText(SetTextKeyword.groovy:66)
	at com.kms.katalon.core.webui.keyword.builtin.SetTextKeyword.execute(SetTextKeyword.groovy:37)
	at com.kms.katalon.core.keyword.internal.KeywordExecutor.executeKeywordForPlatform(KeywordExecutor.groovy:74)
	at com.kms.katalon.core.webui.keyword.WebUiBuiltInKeywords.setText(WebUiBuiltInKeywords.groovy:980)
	at com.kms.katalon.core.webui.keyword.WebUiBuiltInKeywords$setText$1.call(Unknown Source)
	at Script1695814079142.run(Script1695814079142.groovy:38)
	... 13 more
)

2023-10-09 13:11:02 - [MESSAGE][INFO] - Unable to find the element located by 'By.xpath: //input[@id='ProjectName']'. Please recheck the objects properties to make sure the desired element is located. 

2023-10-09 13:11:02 - [MESSAGE][FAILED] - Unable to set text 'new sales prject' of object 'Object Repository/Projects/TC016-Verify user can create new project sales/Page_Landingly  Projects/input__ProjectName' (Root cause: com.kms.katalon.core.exception.StepFailedException: Unable to set text 'new sales prject' of object 'Object Repository/Projects/TC016-Verify user can create new project sales/Page_Landingly  Projects/input__ProjectName'
	at com.kms.katalon.core.webui.keyword.internal.WebUIKeywordMain.stepFailed(WebUIKeywordMain.groovy:64)
	at com.kms.katalon.core.webui.keyword.internal.WebUIKeywordMain.runKeyword(WebUIKeywordMain.groovy:26)
	at com.kms.katalon.core.webui.keyword.builtin.SetTextKeyword.setText(SetTextKeyword.groovy:66)
	at com.kms.katalon.core.webui.keyword.builtin.SetTextKeyword.execute(SetTextKeyword.groovy:37)
	at com.kms.katalon.core.keyword.internal.KeywordExecutor.executeKeywordForPlatform(KeywordExecutor.groovy:74)
	at com.kms.katalon.core.webui.keyword.WebUiBuiltInKeywords.setText(WebUiBuiltInKeywords.groovy:980)
	at com.kms.katalon.core.webui.keyword.WebUiBuiltInKeywords$setText$1.call(Unknown Source)
	at TC016-Verify user can create new project sales.run(TC016-Verify user can create new project sales:38)
	at com.kms.katalon.core.main.ScriptEngine.run(ScriptEngine.java:194)
	at com.kms.katalon.core.main.ScriptEngine.runScriptAsRawText(ScriptEngine.java:119)
	at com.kms.katalon.core.main.TestCaseExecutor.runScript(TestCaseExecutor.java:448)
	at com.kms.katalon.core.main.TestCaseExecutor.doExecute(TestCaseExecutor.java:439)
	at com.kms.katalon.core.main.TestCaseExecutor.processExecutionPhase(TestCaseExecutor.java:418)
	at com.kms.katalon.core.main.TestCaseExecutor.accessMainPhase(TestCaseExecutor.java:410)
	at com.kms.katalon.core.main.TestCaseExecutor.execute(TestCaseExecutor.java:285)
	at com.kms.katalon.core.common.CommonExecutor.accessTestCaseMainPhase(CommonExecutor.java:65)
	at com.kms.katalon.core.main.TestSuiteExecutor.accessTestSuiteMainPhase(TestSuiteExecutor.java:148)
	at com.kms.katalon.core.main.TestSuiteExecutor.execute(TestSuiteExecutor.java:106)
	at com.kms.katalon.core.main.TestCaseMain.startTestSuite(TestCaseMain.java:187)
	at com.kms.katalon.core.main.TestCaseMain$startTestSuite$0.call(Unknown Source)
	at TempTestSuite1696838480513.run(TempTestSuite1696838480513.groovy:36)
Caused by: com.kms.katalon.core.webui.exception.WebElementNotFoundException: Web element with id: 'Object Repository/Projects/TC016-Verify user can create new project sales/Page_Landingly  Projects/input__ProjectName' located by '//input[@id='ProjectName']' not found
	at com.kms.katalon.core.webui.common.WebUiCommonHelper.findWebElement(WebUiCommonHelper.java:1381)
	at com.kms.katalon.core.webui.keyword.internal.WebUIAbstractKeyword.findWebElement(WebUIAbstractKeyword.groovy:27)
	at com.kms.katalon.core.webui.keyword.internal.WebUIAbstractKeyword.findWebElement(WebUIAbstractKeyword.groovy:26)
	at com.kms.katalon.core.webui.keyword.builtin.SetTextKeyword$_setText_closure1.doCall(SetTextKeyword.groovy:51)
	at com.kms.katalon.core.webui.keyword.builtin.SetTextKeyword$_setText_closure1.call(SetTextKeyword.groovy)
	at com.kms.katalon.core.webui.keyword.internal.WebUIKeywordMain.runKeyword(WebUIKeywordMain.groovy:20)
	at com.kms.katalon.core.webui.keyword.builtin.SetTextKeyword.setText(SetTextKeyword.groovy:66)
	at com.kms.katalon.core.webui.keyword.builtin.SetTextKeyword.execute(SetTextKeyword.groovy:37)
	at com.kms.katalon.core.keyword.internal.KeywordExecutor.executeKeywordForPlatform(KeywordExecutor.groovy:74)
	at com.kms.katalon.core.webui.keyword.WebUiBuiltInKeywords.setText(WebUiBuiltInKeywords.groovy:980)
	at com.kms.katalon.core.webui.keyword.WebUiBuiltInKeywords$setText$1.call(Unknown Source)
	at Script1695814079142.run(Script1695814079142.groovy:38)
	... 13 more
)
[[ATTACHMENT|C:\\Users\\TDS\\git\\Landingly\\Reports\\20231009_130120\\Landingly\\20231009_130120\\1696839062194.png]]]]></system-out>
         <system-err><![CDATA[2023-10-09 13:09:14 - [TEST_CASE][FAILED] - Test Cases/Projects/TC016-Verify user can create new project sales: Test Cases/Projects/TC016-Verify user can create new project sales FAILED.
Reason:
com.kms.katalon.core.exception.StepFailedException: Unable to set text 'new sales prject' of object 'Object Repository/Projects/TC016-Verify user can create new project sales/Page_Landingly  Projects/input__ProjectName'
	at com.kms.katalon.core.webui.keyword.internal.WebUIKeywordMain.stepFailed(WebUIKeywordMain.groovy:64)
	at com.kms.katalon.core.webui.keyword.internal.WebUIKeywordMain.runKeyword(WebUIKeywordMain.groovy:26)
	at com.kms.katalon.core.webui.keyword.builtin.SetTextKeyword.setText(SetTextKeyword.groovy:66)
	at com.kms.katalon.core.webui.keyword.builtin.SetTextKeyword.execute(SetTextKeyword.groovy:37)
	at com.kms.katalon.core.keyword.internal.KeywordExecutor.executeKeywordForPlatform(KeywordExecutor.groovy:74)
	at com.kms.katalon.core.webui.keyword.WebUiBuiltInKeywords.setText(WebUiBuiltInKeywords.groovy:980)
	at com.kms.katalon.core.webui.keyword.WebUiBuiltInKeywords$setText$1.call(Unknown Source)
	at TC016-Verify user can create new project sales.run(TC016-Verify user can create new project sales:38)
	at com.kms.katalon.core.main.ScriptEngine.run(ScriptEngine.java:194)
	at com.kms.katalon.core.main.ScriptEngine.runScriptAsRawText(ScriptEngine.java:119)
	at com.kms.katalon.core.main.TestCaseExecutor.runScript(TestCaseExecutor.java:448)
	at com.kms.katalon.core.main.TestCaseExecutor.doExecute(TestCaseExecutor.java:439)
	at com.kms.katalon.core.main.TestCaseExecutor.processExecutionPhase(TestCaseExecutor.java:418)
	at com.kms.katalon.core.main.TestCaseExecutor.accessMainPhase(TestCaseExecutor.java:410)
	at com.kms.katalon.core.main.TestCaseExecutor.execute(TestCaseExecutor.java:285)
	at com.kms.katalon.core.common.CommonExecutor.accessTestCaseMainPhase(CommonExecutor.java:65)
	at com.kms.katalon.core.main.TestSuiteExecutor.accessTestSuiteMainPhase(TestSuiteExecutor.java:148)
	at com.kms.katalon.core.main.TestSuiteExecutor.execute(TestSuiteExecutor.java:106)
	at com.kms.katalon.core.main.TestCaseMain.startTestSuite(TestCaseMain.java:187)
	at com.kms.katalon.core.main.TestCaseMain$startTestSuite$0.call(Unknown Source)
	at TempTestSuite1696838480513.run(TempTestSuite1696838480513.groovy:36)
Caused by: com.kms.katalon.core.webui.exception.WebElementNotFoundException: Web element with id: 'Object Repository/Projects/TC016-Verify user can create new project sales/Page_Landingly  Projects/input__ProjectName' located by '//input[@id='ProjectName']' not found
	at com.kms.katalon.core.webui.common.WebUiCommonHelper.findWebElement(WebUiCommonHelper.java:1381)
	at com.kms.katalon.core.webui.keyword.internal.WebUIAbstractKeyword.findWebElement(WebUIAbstractKeyword.groovy:27)
	at com.kms.katalon.core.webui.keyword.internal.WebUIAbstractKeyword.findWebElement(WebUIAbstractKeyword.groovy:26)
	at com.kms.katalon.core.webui.keyword.builtin.SetTextKeyword$_setText_closure1.doCall(SetTextKeyword.groovy:51)
	at com.kms.katalon.core.webui.keyword.builtin.SetTextKeyword$_setText_closure1.call(SetTextKeyword.groovy)
	at com.kms.katalon.core.webui.keyword.internal.WebUIKeywordMain.runKeyword(WebUIKeywordMain.groovy:20)
	... 19 more]]></system-err>
      </testcase>
      <testcase name="Test Cases/Projects/TC017-Verify user can create new project optin" time="35.66" classname="Test Cases/Projects/TC017-Verify user can create new project optin" status="PASSED">
         <system-out><![CDATA[2023-10-09 13:11:02 - [TEST_CASE][PASSED] - Test Cases/Projects/TC017-Verify user can create new project optin: Test Cases/Projects/TC017-Verify user can create new project optin

2023-10-09 13:11:03 - [TEST_STEP][PASSED] - openBrowser(""): Browser is opened with url: ''

2023-10-09 13:11:03 - [MESSAGE][WARNING] - A browser is already opened. Closing browser and opening a new one

2023-10-09 13:11:04 - [MESSAGE][INFO] - Starting 'Chrome' driver

2023-10-09 13:11:04 - [MESSAGE][INFO] - Action delay is set to 0 milliseconds

2023-10-09 13:11:07 - [MESSAGE][PASSED] - Browser is opened with url: ''

2023-10-09 13:11:07 - [TEST_STEP][PASSED] - maximizeWindow(): Current window maximized

2023-10-09 13:11:07 - [MESSAGE][PASSED] - Current window maximized

2023-10-09 13:11:07 - [TEST_STEP][PASSED] - navigateToUrl("https://app.landingly.com/"): Navigate to 'https://app.landingly.com/' successfully

2023-10-09 13:11:15 - [MESSAGE][PASSED] - Navigate to 'https://app.landingly.com/' successfully

2023-10-09 13:11:15 - [TEST_STEP][PASSED] - setText(findTestObject("Object Repository/Projects/TC017-Verify user can create new project optin/Page_Landingly  Login/input_Email_login-email"), "sqaahmadtahir@gmail.com"): Text 'sqaahmadtahir@gmail.com' is set on object 'Object Repository/Projects/TC017-Verify user can create new project optin/Page_Landingly  Login/input_Email_login-email'

2023-10-09 13:11:16 - [MESSAGE][PASSED] - Text 'sqaahmadtahir@gmail.com' is set on object 'Object Repository/Projects/TC017-Verify user can create new project optin/Page_Landingly  Login/input_Email_login-email'

2023-10-09 13:11:16 - [TEST_STEP][PASSED] - setEncryptedText(findTestObject("Object Repository/Projects/TC017-Verify user can create new project optin/Page_Landingly  Login/input_Forgot Password_login-password"), "/5S6MFFLcE5DAenbZpYNsQ=="): Text ****** has been set on object 'Object Repository/Projects/TC017-Verify user can create new project optin/Page_Landingly  Login/input_Forgot Password_login-password'

2023-10-09 13:11:17 - [MESSAGE][PASSED] - Text ****** has been set on object 'Object Repository/Projects/TC017-Verify user can create new project optin/Page_Landingly  Login/input_Forgot Password_login-password'

2023-10-09 13:11:17 - [TEST_STEP][PASSED] - click(findTestObject("Object Repository/Projects/TC017-Verify user can create new project optin/Page_Landingly  Login/button_Sign in")): Object: 'Object Repository/Projects/TC017-Verify user can create new project optin/Page_Landingly  Login/button_Sign in' is clicked on

2023-10-09 13:11:17 - [MESSAGE][PASSED] - Object: 'Object Repository/Projects/TC017-Verify user can create new project optin/Page_Landingly  Login/button_Sign in' is clicked on

2023-10-09 13:11:17 - [TEST_STEP][PASSED] - click(findTestObject("Object Repository/Projects/TC017-Verify user can create new project optin/Page_Landingly/a_Projects")): Object: 'Object Repository/Projects/TC017-Verify user can create new project optin/Page_Landingly/a_Projects' is clicked on

2023-10-09 13:11:19 - [MESSAGE][PASSED] - Object: 'Object Repository/Projects/TC017-Verify user can create new project optin/Page_Landingly/a_Projects' is clicked on

2023-10-09 13:11:19 - [TEST_STEP][PASSED] - click(findTestObject("Object Repository/Projects/TC017-Verify user can create new project optin/Page_Landingly  Projects/button_New Project")): Object: 'Object Repository/Projects/TC017-Verify user can create new project optin/Page_Landingly  Projects/button_New Project' is clicked on

2023-10-09 13:11:24 - [MESSAGE][PASSED] - Object: 'Object Repository/Projects/TC017-Verify user can create new project optin/Page_Landingly  Projects/button_New Project' is clicked on

2023-10-09 13:11:24 - [TEST_STEP][PASSED] - setText(findTestObject("Object Repository/Projects/TC017-Verify user can create new project optin/Page_Landingly  Projects/input__ProjectName"), "new optin project"): Text 'new optin project' is set on object 'Object Repository/Projects/TC017-Verify user can create new project optin/Page_Landingly  Projects/input__ProjectName'

2023-10-09 13:11:26 - [MESSAGE][PASSED] - Text 'new optin project' is set on object 'Object Repository/Projects/TC017-Verify user can create new project optin/Page_Landingly  Projects/input__ProjectName'

2023-10-09 13:11:26 - [TEST_STEP][PASSED] - click(findTestObject("Object Repository/Projects/TC017-Verify user can create new project optin/Page_Landingly  Projects/button_Build Project")): Object: 'Object Repository/Projects/TC017-Verify user can create new project optin/Page_Landingly  Projects/button_Build Project' is clicked on

2023-10-09 13:11:27 - [MESSAGE][PASSED] - Object: 'Object Repository/Projects/TC017-Verify user can create new project optin/Page_Landingly  Projects/button_Build Project' is clicked on

2023-10-09 13:11:27 - [TEST_STEP][PASSED] - click(findTestObject("Object Repository/Projects/TC017-Verify user can create new project optin/Page_Landingly  Project Detail/span_Use This")): Object: 'Object Repository/Projects/TC017-Verify user can create new project optin/Page_Landingly  Project Detail/span_Use This' is clicked on

2023-10-09 13:11:32 - [MESSAGE][PASSED] - Object: 'Object Repository/Projects/TC017-Verify user can create new project optin/Page_Landingly  Project Detail/span_Use This' is clicked on

2023-10-09 13:11:32 - [TEST_STEP][PASSED] - click(findTestObject("Object Repository/Projects/TC017-Verify user can create new project optin/Page_Landingly  Project Detail/a_Use This")): Object: 'Object Repository/Projects/TC017-Verify user can create new project optin/Page_Landingly  Project Detail/a_Use This' is clicked on

2023-10-09 13:11:34 - [MESSAGE][PASSED] - Object: 'Object Repository/Projects/TC017-Verify user can create new project optin/Page_Landingly  Project Detail/a_Use This' is clicked on

2023-10-09 13:11:34 - [TEST_STEP][PASSED] - verifyElementText(findTestObject("Object Repository/Projects/TC017-Verify user can create new project optin/Page_Landingly  Project Detail/span_new optin project"), "new optin project"): Actual text and expected text of test object 'Object Repository/Projects/TC017-Verify user can create new project optin/Page_Landingly  Project Detail/span_new optin project' are matched.

2023-10-09 13:11:36 - [MESSAGE][PASSED] - Actual text and expected text of test object 'Object Repository/Projects/TC017-Verify user can create new project optin/Page_Landingly  Project Detail/span_new optin project' are matched.

2023-10-09 13:11:36 - [TEST_STEP][PASSED] - closeBrowser(): Browser is closed

2023-10-09 13:11:38 - [MESSAGE][PASSED] - Browser is closed]]></system-out>
         <system-err><![CDATA[]]></system-err>
      </testcase>
      <testcase name="Test Cases/Projects/TC018-Verify user can view project" time="29.514" classname="Test Cases/Projects/TC018-Verify user can view project" status="FAILED">
         <failure type="FAILED" message="Test Cases/Projects/TC018-Verify user can view project FAILED.
Reason:
com.kms.katalon.core.exception.StepFailedException: Unable to click on object 'Object Repository/Projects/TC018-Verify user can view project/Page_Landingly/a_Projects'
	at com.kms.katalon.core.webui.keyword.internal.WebUIKeywordMain.stepFailed(WebUIKeywordMain.groovy:64)
	at com.kms.katalon.core.webui.keyword.internal.WebUIKeywordMain.runKeyword(WebUIKeywordMain.groovy:26)
	at com.kms.katalon.core.webui.keyword.builtin.ClickKeyword.click(ClickKeyword.groovy:74)
	at com.kms.katalon.core.webui.keyword.builtin.ClickKeyword.execute(ClickKeyword.groovy:40)
	at com.kms.katalon.core.keyword.internal.KeywordExecutor.executeKeywordForPlatform(KeywordExecutor.groovy:74)
	at com.kms.katalon.core.webui.keyword.WebUiBuiltInKeywords.click(WebUiBuiltInKeywords.groovy:620)
	at com.kms.katalon.core.webui.keyword.WebUiBuiltInKeywords$click$3.call(Unknown Source)
	at TC018-Verify user can view project.run(TC018-Verify user can view project:34)
	at com.kms.katalon.core.main.ScriptEngine.run(ScriptEngine.java:194)
	at com.kms.katalon.core.main.ScriptEngine.runScriptAsRawText(ScriptEngine.java:119)
	at com.kms.katalon.core.main.TestCaseExecutor.runScript(TestCaseExecutor.java:448)
	at com.kms.katalon.core.main.TestCaseExecutor.doExecute(TestCaseExecutor.java:439)
	at com.kms.katalon.core.main.TestCaseExecutor.processExecutionPhase(TestCaseExecutor.java:418)
	at com.kms.katalon.core.main.TestCaseExecutor.accessMainPhase(TestCaseExecutor.java:410)
	at com.kms.katalon.core.main.TestCaseExecutor.execute(TestCaseExecutor.java:285)
	at com.kms.katalon.core.common.CommonExecutor.accessTestCaseMainPhase(CommonExecutor.java:65)
	at com.kms.katalon.core.main.TestSuiteExecutor.accessTestSuiteMainPhase(TestSuiteExecutor.java:148)
	at com.kms.katalon.core.main.TestSuiteExecutor.execute(TestSuiteExecutor.java:106)
	at com.kms.katalon.core.main.TestCaseMain.startTestSuite(TestCaseMain.java:187)
	at com.kms.katalon.core.main.TestCaseMain$startTestSuite$0.call(Unknown Source)
	at TempTestSuite1696838480513.run(TempTestSuite1696838480513.groovy:36)
Caused by: org.openqa.selenium.ElementNotInteractableException: element not interactable
  (Session info: chrome=117.0.5938.149)
Build info: version: '3.141.59', revision: 'e82be7d358', time: '2018-11-14T08:25:53'
System info: host: 'DESKTOP-3BHH4MD', ip: '192.168.0.108', os.name: 'Windows 10', os.arch: 'amd64', os.version: '10.0', java.version: '1.8.0_362'
Driver info: com.kms.katalon.selenium.driver.CChromeDriver
Capabilities {acceptInsecureCerts: false, browserName: chrome, browserVersion: 117.0.5938.149, chrome: {chromedriverVersion: 116.0.5845.96 (1a3918166880..., userDataDir: C:\Users\TDS\AppData\Local\...}, fedcm:accounts: true, goog:chromeOptions: {debuggerAddress: localhost:55480}, javascriptEnabled: true, networkConnectionEnabled: false, pageLoadStrategy: normal, platform: WINDOWS, platformName: WINDOWS, proxy: Proxy(), setWindowRect: true, strictFileInteractability: false, timeouts: {implicit: 0, pageLoad: 300000, script: 30000}, unhandledPromptBehavior: dismiss and notify, webauthn:extension:credBlob: true, webauthn:extension:largeBlob: true, webauthn:extension:minPinLength: true, webauthn:extension:prf: true, webauthn:virtualAuthenticators: true}
Session ID: 952500831fde22952fe669781005c0bd
	at org.openqa.selenium.remote.http.W3CHttpResponseCodec.createException(W3CHttpResponseCodec.java:187)
	at org.openqa.selenium.remote.http.W3CHttpResponseCodec.decode(W3CHttpResponseCodec.java:122)
	at org.openqa.selenium.remote.http.W3CHttpResponseCodec.decode(W3CHttpResponseCodec.java:49)
	at org.openqa.selenium.remote.HttpCommandExecutor.execute(HttpCommandExecutor.java:158)
	at org.openqa.selenium.remote.service.DriverCommandExecutor.execute(DriverCommandExecutor.java:83)
	at org.openqa.selenium.remote.RemoteWebDriver.execute(RemoteWebDriver.java:552)
	at com.kms.katalon.selenium.driver.CChromeDriver.execute(CChromeDriver.java:19)
	at org.openqa.selenium.remote.RemoteWebElement.execute(RemoteWebElement.java:285)
	at org.openqa.selenium.remote.RemoteWebElement.click(RemoteWebElement.java:84)
	at org.openqa.selenium.support.events.EventFiringWebDriver$EventFiringWebElement.lambda$new$0(EventFiringWebDriver.java:404)
	at com.sun.proxy.$Proxy11.click(Unknown Source)
	at org.openqa.selenium.support.events.EventFiringWebDriver$EventFiringWebElement.click(EventFiringWebDriver.java:417)
	at org.openqa.selenium.WebElement$click.call(Unknown Source)
	at com.kms.katalon.core.webui.keyword.builtin.ClickKeyword.clickUntilSuccessWithTimeout(ClickKeyword.groovy:81)
	at com.kms.katalon.core.webui.keyword.builtin.ClickKeyword.clickUntilSuccessWithTimeout(ClickKeyword.groovy)
	at com.kms.katalon.core.webui.keyword.builtin.ClickKeyword$_click_closure1.doCall(ClickKeyword.groovy:67)
	at com.kms.katalon.core.webui.keyword.builtin.ClickKeyword$_click_closure1.call(ClickKeyword.groovy)
	at com.kms.katalon.core.webui.keyword.internal.WebUIKeywordMain.runKeyword(WebUIKeywordMain.groovy:20)
	... 19 more
"/>
         <system-out><![CDATA[2023-10-09 13:11:38 - [TEST_CASE][FAILED] - Test Cases/Projects/TC018-Verify user can view project: Test Cases/Projects/TC018-Verify user can view project FAILED.
Reason:
com.kms.katalon.core.exception.StepFailedException: Unable to click on object 'Object Repository/Projects/TC018-Verify user can view project/Page_Landingly/a_Projects'
	at com.kms.katalon.core.webui.keyword.internal.WebUIKeywordMain.stepFailed(WebUIKeywordMain.groovy:64)
	at com.kms.katalon.core.webui.keyword.internal.WebUIKeywordMain.runKeyword(WebUIKeywordMain.groovy:26)
	at com.kms.katalon.core.webui.keyword.builtin.ClickKeyword.click(ClickKeyword.groovy:74)
	at com.kms.katalon.core.webui.keyword.builtin.ClickKeyword.execute(ClickKeyword.groovy:40)
	at com.kms.katalon.core.keyword.internal.KeywordExecutor.executeKeywordForPlatform(KeywordExecutor.groovy:74)
	at com.kms.katalon.core.webui.keyword.WebUiBuiltInKeywords.click(WebUiBuiltInKeywords.groovy:620)
	at com.kms.katalon.core.webui.keyword.WebUiBuiltInKeywords$click$3.call(Unknown Source)
	at TC018-Verify user can view project.run(TC018-Verify user can view project:34)
	at com.kms.katalon.core.main.ScriptEngine.run(ScriptEngine.java:194)
	at com.kms.katalon.core.main.ScriptEngine.runScriptAsRawText(ScriptEngine.java:119)
	at com.kms.katalon.core.main.TestCaseExecutor.runScript(TestCaseExecutor.java:448)
	at com.kms.katalon.core.main.TestCaseExecutor.doExecute(TestCaseExecutor.java:439)
	at com.kms.katalon.core.main.TestCaseExecutor.processExecutionPhase(TestCaseExecutor.java:418)
	at com.kms.katalon.core.main.TestCaseExecutor.accessMainPhase(TestCaseExecutor.java:410)
	at com.kms.katalon.core.main.TestCaseExecutor.execute(TestCaseExecutor.java:285)
	at com.kms.katalon.core.common.CommonExecutor.accessTestCaseMainPhase(CommonExecutor.java:65)
	at com.kms.katalon.core.main.TestSuiteExecutor.accessTestSuiteMainPhase(TestSuiteExecutor.java:148)
	at com.kms.katalon.core.main.TestSuiteExecutor.execute(TestSuiteExecutor.java:106)
	at com.kms.katalon.core.main.TestCaseMain.startTestSuite(TestCaseMain.java:187)
	at com.kms.katalon.core.main.TestCaseMain$startTestSuite$0.call(Unknown Source)
	at TempTestSuite1696838480513.run(TempTestSuite1696838480513.groovy:36)
Caused by: org.openqa.selenium.ElementNotInteractableException: element not interactable
  (Session info: chrome=117.0.5938.149)
Build info: version: '3.141.59', revision: 'e82be7d358', time: '2018-11-14T08:25:53'
System info: host: 'DESKTOP-3BHH4MD', ip: '192.168.0.108', os.name: 'Windows 10', os.arch: 'amd64', os.version: '10.0', java.version: '1.8.0_362'
Driver info: com.kms.katalon.selenium.driver.CChromeDriver
Capabilities {acceptInsecureCerts: false, browserName: chrome, browserVersion: 117.0.5938.149, chrome: {chromedriverVersion: 116.0.5845.96 (1a3918166880..., userDataDir: C:\Users\TDS\AppData\Local\...}, fedcm:accounts: true, goog:chromeOptions: {debuggerAddress: localhost:55480}, javascriptEnabled: true, networkConnectionEnabled: false, pageLoadStrategy: normal, platform: WINDOWS, platformName: WINDOWS, proxy: Proxy(), setWindowRect: true, strictFileInteractability: false, timeouts: {implicit: 0, pageLoad: 300000, script: 30000}, unhandledPromptBehavior: dismiss and notify, webauthn:extension:credBlob: true, webauthn:extension:largeBlob: true, webauthn:extension:minPinLength: true, webauthn:extension:prf: true, webauthn:virtualAuthenticators: true}
Session ID: 952500831fde22952fe669781005c0bd
	at org.openqa.selenium.remote.http.W3CHttpResponseCodec.createException(W3CHttpResponseCodec.java:187)
	at org.openqa.selenium.remote.http.W3CHttpResponseCodec.decode(W3CHttpResponseCodec.java:122)
	at org.openqa.selenium.remote.http.W3CHttpResponseCodec.decode(W3CHttpResponseCodec.java:49)
	at org.openqa.selenium.remote.HttpCommandExecutor.execute(HttpCommandExecutor.java:158)
	at org.openqa.selenium.remote.service.DriverCommandExecutor.execute(DriverCommandExecutor.java:83)
	at org.openqa.selenium.remote.RemoteWebDriver.execute(RemoteWebDriver.java:552)
	at com.kms.katalon.selenium.driver.CChromeDriver.execute(CChromeDriver.java:19)
	at org.openqa.selenium.remote.RemoteWebElement.execute(RemoteWebElement.java:285)
	at org.openqa.selenium.remote.RemoteWebElement.click(RemoteWebElement.java:84)
	at org.openqa.selenium.support.events.EventFiringWebDriver$EventFiringWebElement.lambda$new$0(EventFiringWebDriver.java:404)
	at com.sun.proxy.$Proxy11.click(Unknown Source)
	at org.openqa.selenium.support.events.EventFiringWebDriver$EventFiringWebElement.click(EventFiringWebDriver.java:417)
	at org.openqa.selenium.WebElement$click.call(Unknown Source)
	at com.kms.katalon.core.webui.keyword.builtin.ClickKeyword.clickUntilSuccessWithTimeout(ClickKeyword.groovy:81)
	at com.kms.katalon.core.webui.keyword.builtin.ClickKeyword.clickUntilSuccessWithTimeout(ClickKeyword.groovy)
	at com.kms.katalon.core.webui.keyword.builtin.ClickKeyword$_click_closure1.doCall(ClickKeyword.groovy:67)
	at com.kms.katalon.core.webui.keyword.builtin.ClickKeyword$_click_closure1.call(ClickKeyword.groovy)
	at com.kms.katalon.core.webui.keyword.internal.WebUIKeywordMain.runKeyword(WebUIKeywordMain.groovy:20)
	... 19 more


2023-10-09 13:11:39 - [TEST_STEP][PASSED] - openBrowser(""): Browser is opened with url: ''

2023-10-09 13:11:39 - [MESSAGE][INFO] - Starting 'Chrome' driver

2023-10-09 13:11:39 - [MESSAGE][INFO] - Action delay is set to 0 milliseconds

2023-10-09 13:11:42 - [MESSAGE][PASSED] - Browser is opened with url: ''

2023-10-09 13:11:42 - [TEST_STEP][PASSED] - navigateToUrl("https://app.landingly.com/"): Navigate to 'https://app.landingly.com/' successfully

2023-10-09 13:11:54 - [MESSAGE][PASSED] - Navigate to 'https://app.landingly.com/' successfully

2023-10-09 13:11:54 - [TEST_STEP][PASSED] - setText(findTestObject("Object Repository/Projects/TC018-Verify user can view project/Page_Landingly  Login/input_Email_login-email"), "sqaahmadtahir@gmail.com"): Text 'sqaahmadtahir@gmail.com' is set on object 'Object Repository/Projects/TC018-Verify user can view project/Page_Landingly  Login/input_Email_login-email'

2023-10-09 13:11:55 - [MESSAGE][PASSED] - Text 'sqaahmadtahir@gmail.com' is set on object 'Object Repository/Projects/TC018-Verify user can view project/Page_Landingly  Login/input_Email_login-email'

2023-10-09 13:11:55 - [TEST_STEP][PASSED] - setEncryptedText(findTestObject("Object Repository/Projects/TC018-Verify user can view project/Page_Landingly  Login/input_Forgot Password_login-password"), "/5S6MFFLcE5DAenbZpYNsQ=="): Text ****** has been set on object 'Object Repository/Projects/TC018-Verify user can view project/Page_Landingly  Login/input_Forgot Password_login-password'

2023-10-09 13:11:56 - [MESSAGE][PASSED] - Text ****** has been set on object 'Object Repository/Projects/TC018-Verify user can view project/Page_Landingly  Login/input_Forgot Password_login-password'

2023-10-09 13:11:56 - [TEST_STEP][PASSED] - click(findTestObject("Object Repository/Projects/TC018-Verify user can view project/Page_Landingly  Login/button_Sign in")): Object: 'Object Repository/Projects/TC018-Verify user can view project/Page_Landingly  Login/button_Sign in' is clicked on

2023-10-09 13:11:57 - [MESSAGE][PASSED] - Object: 'Object Repository/Projects/TC018-Verify user can view project/Page_Landingly  Login/button_Sign in' is clicked on

2023-10-09 13:11:57 - [TEST_STEP][PASSED] - delay(10): Delayed 10 second(s)

2023-10-09 13:12:07 - [MESSAGE][PASSED] - Delayed 10 second(s)

2023-10-09 13:12:07 - [TEST_STEP][FAILED] - click(findTestObject("Object Repository/Projects/TC018-Verify user can view project/Page_Landingly/a_Projects")): Unable to click on object 'Object Repository/Projects/TC018-Verify user can view project/Page_Landingly/a_Projects' (Root cause: com.kms.katalon.core.exception.StepFailedException: Unable to click on object 'Object Repository/Projects/TC018-Verify user can view project/Page_Landingly/a_Projects'
	at com.kms.katalon.core.webui.keyword.internal.WebUIKeywordMain.stepFailed(WebUIKeywordMain.groovy:64)
	at com.kms.katalon.core.webui.keyword.internal.WebUIKeywordMain.runKeyword(WebUIKeywordMain.groovy:26)
	at com.kms.katalon.core.webui.keyword.builtin.ClickKeyword.click(ClickKeyword.groovy:74)
	at com.kms.katalon.core.webui.keyword.builtin.ClickKeyword.execute(ClickKeyword.groovy:40)
	at com.kms.katalon.core.keyword.internal.KeywordExecutor.executeKeywordForPlatform(KeywordExecutor.groovy:74)
	at com.kms.katalon.core.webui.keyword.WebUiBuiltInKeywords.click(WebUiBuiltInKeywords.groovy:620)
	at com.kms.katalon.core.webui.keyword.WebUiBuiltInKeywords$click$3.call(Unknown Source)
	at TC018-Verify user can view project.run(TC018-Verify user can view project:34)
	at com.kms.katalon.core.main.ScriptEngine.run(ScriptEngine.java:194)
	at com.kms.katalon.core.main.ScriptEngine.runScriptAsRawText(ScriptEngine.java:119)
	at com.kms.katalon.core.main.TestCaseExecutor.runScript(TestCaseExecutor.java:448)
	at com.kms.katalon.core.main.TestCaseExecutor.doExecute(TestCaseExecutor.java:439)
	at com.kms.katalon.core.main.TestCaseExecutor.processExecutionPhase(TestCaseExecutor.java:418)
	at com.kms.katalon.core.main.TestCaseExecutor.accessMainPhase(TestCaseExecutor.java:410)
	at com.kms.katalon.core.main.TestCaseExecutor.execute(TestCaseExecutor.java:285)
	at com.kms.katalon.core.common.CommonExecutor.accessTestCaseMainPhase(CommonExecutor.java:65)
	at com.kms.katalon.core.main.TestSuiteExecutor.accessTestSuiteMainPhase(TestSuiteExecutor.java:148)
	at com.kms.katalon.core.main.TestSuiteExecutor.execute(TestSuiteExecutor.java:106)
	at com.kms.katalon.core.main.TestCaseMain.startTestSuite(TestCaseMain.java:187)
	at com.kms.katalon.core.main.TestCaseMain$startTestSuite$0.call(Unknown Source)
	at TempTestSuite1696838480513.run(TempTestSuite1696838480513.groovy:36)
Caused by: org.openqa.selenium.ElementNotInteractableException: element not interactable
  (Session info: chrome=117.0.5938.149)
Build info: version: '3.141.59', revision: 'e82be7d358', time: '2018-11-14T08:25:53'
System info: host: 'DESKTOP-3BHH4MD', ip: '192.168.0.108', os.name: 'Windows 10', os.arch: 'amd64', os.version: '10.0', java.version: '1.8.0_362'
Driver info: com.kms.katalon.selenium.driver.CChromeDriver
Capabilities {acceptInsecureCerts: false, browserName: chrome, browserVersion: 117.0.5938.149, chrome: {chromedriverVersion: 116.0.5845.96 (1a3918166880..., userDataDir: C:\Users\TDS\AppData\Local\...}, fedcm:accounts: true, goog:chromeOptions: {debuggerAddress: localhost:55480}, javascriptEnabled: true, networkConnectionEnabled: false, pageLoadStrategy: normal, platform: WINDOWS, platformName: WINDOWS, proxy: Proxy(), setWindowRect: true, strictFileInteractability: false, timeouts: {implicit: 0, pageLoad: 300000, script: 30000}, unhandledPromptBehavior: dismiss and notify, webauthn:extension:credBlob: true, webauthn:extension:largeBlob: true, webauthn:extension:minPinLength: true, webauthn:extension:prf: true, webauthn:virtualAuthenticators: true}
Session ID: 952500831fde22952fe669781005c0bd
	at org.openqa.selenium.remote.http.W3CHttpResponseCodec.createException(W3CHttpResponseCodec.java:187)
	at org.openqa.selenium.remote.http.W3CHttpResponseCodec.decode(W3CHttpResponseCodec.java:122)
	at org.openqa.selenium.remote.http.W3CHttpResponseCodec.decode(W3CHttpResponseCodec.java:49)
	at org.openqa.selenium.remote.HttpCommandExecutor.execute(HttpCommandExecutor.java:158)
	at org.openqa.selenium.remote.service.DriverCommandExecutor.execute(DriverCommandExecutor.java:83)
	at org.openqa.selenium.remote.RemoteWebDriver.execute(RemoteWebDriver.java:552)
	at com.kms.katalon.selenium.driver.CChromeDriver.execute(CChromeDriver.java:19)
	at org.openqa.selenium.remote.RemoteWebElement.execute(RemoteWebElement.java:285)
	at org.openqa.selenium.remote.RemoteWebElement.click(RemoteWebElement.java:84)
	at org.openqa.selenium.support.events.EventFiringWebDriver$EventFiringWebElement.lambda$new$0(EventFiringWebDriver.java:404)
	at com.sun.proxy.$Proxy11.click(Unknown Source)
	at org.openqa.selenium.support.events.EventFiringWebDriver$EventFiringWebElement.click(EventFiringWebDriver.java:417)
	at org.openqa.selenium.WebElement$click.call(Unknown Source)
	at com.kms.katalon.core.webui.keyword.builtin.ClickKeyword.clickUntilSuccessWithTimeout(ClickKeyword.groovy:81)
	at com.kms.katalon.core.webui.keyword.builtin.ClickKeyword.clickUntilSuccessWithTimeout(ClickKeyword.groovy)
	at com.kms.katalon.core.webui.keyword.builtin.ClickKeyword$_click_closure1.doCall(ClickKeyword.groovy:67)
	at com.kms.katalon.core.webui.keyword.builtin.ClickKeyword$_click_closure1.call(ClickKeyword.groovy)
	at com.kms.katalon.core.webui.keyword.internal.WebUIKeywordMain.runKeyword(WebUIKeywordMain.groovy:20)
	at com.kms.katalon.core.webui.keyword.builtin.ClickKeyword.click(ClickKeyword.groovy:74)
	at com.kms.katalon.core.webui.keyword.builtin.ClickKeyword.execute(ClickKeyword.groovy:40)
	at com.kms.katalon.core.keyword.internal.KeywordExecutor.executeKeywordForPlatform(KeywordExecutor.groovy:74)
	at com.kms.katalon.core.webui.keyword.WebUiBuiltInKeywords.click(WebUiBuiltInKeywords.groovy:620)
	at com.kms.katalon.core.webui.keyword.WebUiBuiltInKeywords$click$3.call(Unknown Source)
	at Script1695815232505.run(Script1695815232505.groovy:34)
	... 13 more
)

2023-10-09 13:12:07 - [MESSAGE][FAILED] - Unable to click on object 'Object Repository/Projects/TC018-Verify user can view project/Page_Landingly/a_Projects' (Root cause: com.kms.katalon.core.exception.StepFailedException: Unable to click on object 'Object Repository/Projects/TC018-Verify user can view project/Page_Landingly/a_Projects'
	at com.kms.katalon.core.webui.keyword.internal.WebUIKeywordMain.stepFailed(WebUIKeywordMain.groovy:64)
	at com.kms.katalon.core.webui.keyword.internal.WebUIKeywordMain.runKeyword(WebUIKeywordMain.groovy:26)
	at com.kms.katalon.core.webui.keyword.builtin.ClickKeyword.click(ClickKeyword.groovy:74)
	at com.kms.katalon.core.webui.keyword.builtin.ClickKeyword.execute(ClickKeyword.groovy:40)
	at com.kms.katalon.core.keyword.internal.KeywordExecutor.executeKeywordForPlatform(KeywordExecutor.groovy:74)
	at com.kms.katalon.core.webui.keyword.WebUiBuiltInKeywords.click(WebUiBuiltInKeywords.groovy:620)
	at com.kms.katalon.core.webui.keyword.WebUiBuiltInKeywords$click$3.call(Unknown Source)
	at TC018-Verify user can view project.run(TC018-Verify user can view project:34)
	at com.kms.katalon.core.main.ScriptEngine.run(ScriptEngine.java:194)
	at com.kms.katalon.core.main.ScriptEngine.runScriptAsRawText(ScriptEngine.java:119)
	at com.kms.katalon.core.main.TestCaseExecutor.runScript(TestCaseExecutor.java:448)
	at com.kms.katalon.core.main.TestCaseExecutor.doExecute(TestCaseExecutor.java:439)
	at com.kms.katalon.core.main.TestCaseExecutor.processExecutionPhase(TestCaseExecutor.java:418)
	at com.kms.katalon.core.main.TestCaseExecutor.accessMainPhase(TestCaseExecutor.java:410)
	at com.kms.katalon.core.main.TestCaseExecutor.execute(TestCaseExecutor.java:285)
	at com.kms.katalon.core.common.CommonExecutor.accessTestCaseMainPhase(CommonExecutor.java:65)
	at com.kms.katalon.core.main.TestSuiteExecutor.accessTestSuiteMainPhase(TestSuiteExecutor.java:148)
	at com.kms.katalon.core.main.TestSuiteExecutor.execute(TestSuiteExecutor.java:106)
	at com.kms.katalon.core.main.TestCaseMain.startTestSuite(TestCaseMain.java:187)
	at com.kms.katalon.core.main.TestCaseMain$startTestSuite$0.call(Unknown Source)
	at TempTestSuite1696838480513.run(TempTestSuite1696838480513.groovy:36)
Caused by: org.openqa.selenium.ElementNotInteractableException: element not interactable
  (Session info: chrome=117.0.5938.149)
Build info: version: '3.141.59', revision: 'e82be7d358', time: '2018-11-14T08:25:53'
System info: host: 'DESKTOP-3BHH4MD', ip: '192.168.0.108', os.name: 'Windows 10', os.arch: 'amd64', os.version: '10.0', java.version: '1.8.0_362'
Driver info: com.kms.katalon.selenium.driver.CChromeDriver
Capabilities {acceptInsecureCerts: false, browserName: chrome, browserVersion: 117.0.5938.149, chrome: {chromedriverVersion: 116.0.5845.96 (1a3918166880..., userDataDir: C:\Users\TDS\AppData\Local\...}, fedcm:accounts: true, goog:chromeOptions: {debuggerAddress: localhost:55480}, javascriptEnabled: true, networkConnectionEnabled: false, pageLoadStrategy: normal, platform: WINDOWS, platformName: WINDOWS, proxy: Proxy(), setWindowRect: true, strictFileInteractability: false, timeouts: {implicit: 0, pageLoad: 300000, script: 30000}, unhandledPromptBehavior: dismiss and notify, webauthn:extension:credBlob: true, webauthn:extension:largeBlob: true, webauthn:extension:minPinLength: true, webauthn:extension:prf: true, webauthn:virtualAuthenticators: true}
Session ID: 952500831fde22952fe669781005c0bd
	at org.openqa.selenium.remote.http.W3CHttpResponseCodec.createException(W3CHttpResponseCodec.java:187)
	at org.openqa.selenium.remote.http.W3CHttpResponseCodec.decode(W3CHttpResponseCodec.java:122)
	at org.openqa.selenium.remote.http.W3CHttpResponseCodec.decode(W3CHttpResponseCodec.java:49)
	at org.openqa.selenium.remote.HttpCommandExecutor.execute(HttpCommandExecutor.java:158)
	at org.openqa.selenium.remote.service.DriverCommandExecutor.execute(DriverCommandExecutor.java:83)
	at org.openqa.selenium.remote.RemoteWebDriver.execute(RemoteWebDriver.java:552)
	at com.kms.katalon.selenium.driver.CChromeDriver.execute(CChromeDriver.java:19)
	at org.openqa.selenium.remote.RemoteWebElement.execute(RemoteWebElement.java:285)
	at org.openqa.selenium.remote.RemoteWebElement.click(RemoteWebElement.java:84)
	at org.openqa.selenium.support.events.EventFiringWebDriver$EventFiringWebElement.lambda$new$0(EventFiringWebDriver.java:404)
	at com.sun.proxy.$Proxy11.click(Unknown Source)
	at org.openqa.selenium.support.events.EventFiringWebDriver$EventFiringWebElement.click(EventFiringWebDriver.java:417)
	at org.openqa.selenium.WebElement$click.call(Unknown Source)
	at com.kms.katalon.core.webui.keyword.builtin.ClickKeyword.clickUntilSuccessWithTimeout(ClickKeyword.groovy:81)
	at com.kms.katalon.core.webui.keyword.builtin.ClickKeyword.clickUntilSuccessWithTimeout(ClickKeyword.groovy)
	at com.kms.katalon.core.webui.keyword.builtin.ClickKeyword$_click_closure1.doCall(ClickKeyword.groovy:67)
	at com.kms.katalon.core.webui.keyword.builtin.ClickKeyword$_click_closure1.call(ClickKeyword.groovy)
	at com.kms.katalon.core.webui.keyword.internal.WebUIKeywordMain.runKeyword(WebUIKeywordMain.groovy:20)
	at com.kms.katalon.core.webui.keyword.builtin.ClickKeyword.click(ClickKeyword.groovy:74)
	at com.kms.katalon.core.webui.keyword.builtin.ClickKeyword.execute(ClickKeyword.groovy:40)
	at com.kms.katalon.core.keyword.internal.KeywordExecutor.executeKeywordForPlatform(KeywordExecutor.groovy:74)
	at com.kms.katalon.core.webui.keyword.WebUiBuiltInKeywords.click(WebUiBuiltInKeywords.groovy:620)
	at com.kms.katalon.core.webui.keyword.WebUiBuiltInKeywords$click$3.call(Unknown Source)
	at Script1695815232505.run(Script1695815232505.groovy:34)
	... 13 more
)
[[ATTACHMENT|C:\\Users\\TDS\\git\\Landingly\\Reports\\20231009_130120\\Landingly\\20231009_130120\\1696839127541.png]]]]></system-out>
         <system-err><![CDATA[2023-10-09 13:11:38 - [TEST_CASE][FAILED] - Test Cases/Projects/TC018-Verify user can view project: Test Cases/Projects/TC018-Verify user can view project FAILED.
Reason:
com.kms.katalon.core.exception.StepFailedException: Unable to click on object 'Object Repository/Projects/TC018-Verify user can view project/Page_Landingly/a_Projects'
	at com.kms.katalon.core.webui.keyword.internal.WebUIKeywordMain.stepFailed(WebUIKeywordMain.groovy:64)
	at com.kms.katalon.core.webui.keyword.internal.WebUIKeywordMain.runKeyword(WebUIKeywordMain.groovy:26)
	at com.kms.katalon.core.webui.keyword.builtin.ClickKeyword.click(ClickKeyword.groovy:74)
	at com.kms.katalon.core.webui.keyword.builtin.ClickKeyword.execute(ClickKeyword.groovy:40)
	at com.kms.katalon.core.keyword.internal.KeywordExecutor.executeKeywordForPlatform(KeywordExecutor.groovy:74)
	at com.kms.katalon.core.webui.keyword.WebUiBuiltInKeywords.click(WebUiBuiltInKeywords.groovy:620)
	at com.kms.katalon.core.webui.keyword.WebUiBuiltInKeywords$click$3.call(Unknown Source)
	at TC018-Verify user can view project.run(TC018-Verify user can view project:34)
	at com.kms.katalon.core.main.ScriptEngine.run(ScriptEngine.java:194)
	at com.kms.katalon.core.main.ScriptEngine.runScriptAsRawText(ScriptEngine.java:119)
	at com.kms.katalon.core.main.TestCaseExecutor.runScript(TestCaseExecutor.java:448)
	at com.kms.katalon.core.main.TestCaseExecutor.doExecute(TestCaseExecutor.java:439)
	at com.kms.katalon.core.main.TestCaseExecutor.processExecutionPhase(TestCaseExecutor.java:418)
	at com.kms.katalon.core.main.TestCaseExecutor.accessMainPhase(TestCaseExecutor.java:410)
	at com.kms.katalon.core.main.TestCaseExecutor.execute(TestCaseExecutor.java:285)
	at com.kms.katalon.core.common.CommonExecutor.accessTestCaseMainPhase(CommonExecutor.java:65)
	at com.kms.katalon.core.main.TestSuiteExecutor.accessTestSuiteMainPhase(TestSuiteExecutor.java:148)
	at com.kms.katalon.core.main.TestSuiteExecutor.execute(TestSuiteExecutor.java:106)
	at com.kms.katalon.core.main.TestCaseMain.startTestSuite(TestCaseMain.java:187)
	at com.kms.katalon.core.main.TestCaseMain$startTestSuite$0.call(Unknown Source)
	at TempTestSuite1696838480513.run(TempTestSuite1696838480513.groovy:36)
Caused by: org.openqa.selenium.ElementNotInteractableException: element not interactable
  (Session info: chrome=117.0.5938.149)
Build info: version: '3.141.59', revision: 'e82be7d358', time: '2018-11-14T08:25:53'
System info: host: 'DESKTOP-3BHH4MD', ip: '192.168.0.108', os.name: 'Windows 10', os.arch: 'amd64', os.version: '10.0', java.version: '1.8.0_362'
Driver info: com.kms.katalon.selenium.driver.CChromeDriver
Capabilities {acceptInsecureCerts: false, browserName: chrome, browserVersion: 117.0.5938.149, chrome: {chromedriverVersion: 116.0.5845.96 (1a3918166880..., userDataDir: C:\Users\TDS\AppData\Local\...}, fedcm:accounts: true, goog:chromeOptions: {debuggerAddress: localhost:55480}, javascriptEnabled: true, networkConnectionEnabled: false, pageLoadStrategy: normal, platform: WINDOWS, platformName: WINDOWS, proxy: Proxy(), setWindowRect: true, strictFileInteractability: false, timeouts: {implicit: 0, pageLoad: 300000, script: 30000}, unhandledPromptBehavior: dismiss and notify, webauthn:extension:credBlob: true, webauthn:extension:largeBlob: true, webauthn:extension:minPinLength: true, webauthn:extension:prf: true, webauthn:virtualAuthenticators: true}
Session ID: 952500831fde22952fe669781005c0bd
	at org.openqa.selenium.remote.http.W3CHttpResponseCodec.createException(W3CHttpResponseCodec.java:187)
	at org.openqa.selenium.remote.http.W3CHttpResponseCodec.decode(W3CHttpResponseCodec.java:122)
	at org.openqa.selenium.remote.http.W3CHttpResponseCodec.decode(W3CHttpResponseCodec.java:49)
	at org.openqa.selenium.remote.HttpCommandExecutor.execute(HttpCommandExecutor.java:158)
	at org.openqa.selenium.remote.service.DriverCommandExecutor.execute(DriverCommandExecutor.java:83)
	at org.openqa.selenium.remote.RemoteWebDriver.execute(RemoteWebDriver.java:552)
	at com.kms.katalon.selenium.driver.CChromeDriver.execute(CChromeDriver.java:19)
	at org.openqa.selenium.remote.RemoteWebElement.execute(RemoteWebElement.java:285)
	at org.openqa.selenium.remote.RemoteWebElement.click(RemoteWebElement.java:84)
	at org.openqa.selenium.support.events.EventFiringWebDriver$EventFiringWebElement.lambda$new$0(EventFiringWebDriver.java:404)
	at com.sun.proxy.$Proxy11.click(Unknown Source)
	at org.openqa.selenium.support.events.EventFiringWebDriver$EventFiringWebElement.click(EventFiringWebDriver.java:417)
	at org.openqa.selenium.WebElement$click.call(Unknown Source)
	at com.kms.katalon.core.webui.keyword.builtin.ClickKeyword.clickUntilSuccessWithTimeout(ClickKeyword.groovy:81)
	at com.kms.katalon.core.webui.keyword.builtin.ClickKeyword.clickUntilSuccessWithTimeout(ClickKeyword.groovy)
	at com.kms.katalon.core.webui.keyword.builtin.ClickKeyword$_click_closure1.doCall(ClickKeyword.groovy:67)
	at com.kms.katalon.core.webui.keyword.builtin.ClickKeyword$_click_closure1.call(ClickKeyword.groovy)
	at com.kms.katalon.core.webui.keyword.internal.WebUIKeywordMain.runKeyword(WebUIKeywordMain.groovy:20)
	... 19 more]]></system-err>
      </testcase>
      <testcase name="Test Cases/Projects/TC019-Verify user can archive a project" time="25.013" classname="Test Cases/Projects/TC019-Verify user can archive a project" status="FAILED">
         <failure type="FAILED" message="Test Cases/Projects/TC019-Verify user can archive a project FAILED.
Reason:
com.kms.katalon.core.exception.StepFailedException: Unable to click on object 'Object Repository/Projects/TC019-Verify user can archive a project/Page_Landingly  Projects/button_Archive'
	at com.kms.katalon.core.webui.keyword.internal.WebUIKeywordMain.stepFailed(WebUIKeywordMain.groovy:64)
	at com.kms.katalon.core.webui.keyword.internal.WebUIKeywordMain.runKeyword(WebUIKeywordMain.groovy:26)
	at com.kms.katalon.core.webui.keyword.builtin.ClickKeyword.click(ClickKeyword.groovy:74)
	at com.kms.katalon.core.webui.keyword.builtin.ClickKeyword.execute(ClickKeyword.groovy:40)
	at com.kms.katalon.core.keyword.internal.KeywordExecutor.executeKeywordForPlatform(KeywordExecutor.groovy:74)
	at com.kms.katalon.core.webui.keyword.WebUiBuiltInKeywords.click(WebUiBuiltInKeywords.groovy:620)
	at com.kms.katalon.core.webui.keyword.WebUiBuiltInKeywords$click$3.call(Unknown Source)
	at TC019-Verify user can archive a project.run(TC019-Verify user can archive a project:38)
	at com.kms.katalon.core.main.ScriptEngine.run(ScriptEngine.java:194)
	at com.kms.katalon.core.main.ScriptEngine.runScriptAsRawText(ScriptEngine.java:119)
	at com.kms.katalon.core.main.TestCaseExecutor.runScript(TestCaseExecutor.java:448)
	at com.kms.katalon.core.main.TestCaseExecutor.doExecute(TestCaseExecutor.java:439)
	at com.kms.katalon.core.main.TestCaseExecutor.processExecutionPhase(TestCaseExecutor.java:418)
	at com.kms.katalon.core.main.TestCaseExecutor.accessMainPhase(TestCaseExecutor.java:410)
	at com.kms.katalon.core.main.TestCaseExecutor.execute(TestCaseExecutor.java:285)
	at com.kms.katalon.core.common.CommonExecutor.accessTestCaseMainPhase(CommonExecutor.java:65)
	at com.kms.katalon.core.main.TestSuiteExecutor.accessTestSuiteMainPhase(TestSuiteExecutor.java:148)
	at com.kms.katalon.core.main.TestSuiteExecutor.execute(TestSuiteExecutor.java:106)
	at com.kms.katalon.core.main.TestCaseMain.startTestSuite(TestCaseMain.java:187)
	at com.kms.katalon.core.main.TestCaseMain$startTestSuite$0.call(Unknown Source)
	at TempTestSuite1696838480513.run(TempTestSuite1696838480513.groovy:36)
Caused by: org.openqa.selenium.ElementNotInteractableException: element not interactable
  (Session info: chrome=117.0.5938.149)
Build info: version: '3.141.59', revision: 'e82be7d358', time: '2018-11-14T08:25:53'
System info: host: 'DESKTOP-3BHH4MD', ip: '192.168.0.108', os.name: 'Windows 10', os.arch: 'amd64', os.version: '10.0', java.version: '1.8.0_362'
Driver info: com.kms.katalon.selenium.driver.CChromeDriver
Capabilities {acceptInsecureCerts: false, browserName: chrome, browserVersion: 117.0.5938.149, chrome: {chromedriverVersion: 116.0.5845.96 (1a3918166880..., userDataDir: C:\Users\TDS\AppData\Local\...}, fedcm:accounts: true, goog:chromeOptions: {debuggerAddress: localhost:55564}, javascriptEnabled: true, networkConnectionEnabled: false, pageLoadStrategy: normal, platform: WINDOWS, platformName: WINDOWS, proxy: Proxy(), setWindowRect: true, strictFileInteractability: false, timeouts: {implicit: 0, pageLoad: 300000, script: 30000}, unhandledPromptBehavior: dismiss and notify, webauthn:extension:credBlob: true, webauthn:extension:largeBlob: true, webauthn:extension:minPinLength: true, webauthn:extension:prf: true, webauthn:virtualAuthenticators: true}
Session ID: 44fb9ecc4ad88434e040f57379a997c5
	at org.openqa.selenium.remote.http.W3CHttpResponseCodec.createException(W3CHttpResponseCodec.java:187)
	at org.openqa.selenium.remote.http.W3CHttpResponseCodec.decode(W3CHttpResponseCodec.java:122)
	at org.openqa.selenium.remote.http.W3CHttpResponseCodec.decode(W3CHttpResponseCodec.java:49)
	at org.openqa.selenium.remote.HttpCommandExecutor.execute(HttpCommandExecutor.java:158)
	at org.openqa.selenium.remote.service.DriverCommandExecutor.execute(DriverCommandExecutor.java:83)
	at org.openqa.selenium.remote.RemoteWebDriver.execute(RemoteWebDriver.java:552)
	at com.kms.katalon.selenium.driver.CChromeDriver.execute(CChromeDriver.java:19)
	at org.openqa.selenium.remote.RemoteWebElement.execute(RemoteWebElement.java:285)
	at org.openqa.selenium.remote.RemoteWebElement.click(RemoteWebElement.java:84)
	at org.openqa.selenium.support.events.EventFiringWebDriver$EventFiringWebElement.lambda$new$0(EventFiringWebDriver.java:404)
	at com.sun.proxy.$Proxy11.click(Unknown Source)
	at org.openqa.selenium.support.events.EventFiringWebDriver$EventFiringWebElement.click(EventFiringWebDriver.java:417)
	at org.openqa.selenium.WebElement$click.call(Unknown Source)
	at com.kms.katalon.core.webui.keyword.builtin.ClickKeyword.clickUntilSuccessWithTimeout(ClickKeyword.groovy:81)
	at com.kms.katalon.core.webui.keyword.builtin.ClickKeyword.clickUntilSuccessWithTimeout(ClickKeyword.groovy)
	at com.kms.katalon.core.webui.keyword.builtin.ClickKeyword$_click_closure1.doCall(ClickKeyword.groovy:67)
	at com.kms.katalon.core.webui.keyword.builtin.ClickKeyword$_click_closure1.call(ClickKeyword.groovy)
	at com.kms.katalon.core.webui.keyword.internal.WebUIKeywordMain.runKeyword(WebUIKeywordMain.groovy:20)
	... 19 more
"/>
         <system-out><![CDATA[2023-10-09 13:12:07 - [TEST_CASE][FAILED] - Test Cases/Projects/TC019-Verify user can archive a project: Test Cases/Projects/TC019-Verify user can archive a project FAILED.
Reason:
com.kms.katalon.core.exception.StepFailedException: Unable to click on object 'Object Repository/Projects/TC019-Verify user can archive a project/Page_Landingly  Projects/button_Archive'
	at com.kms.katalon.core.webui.keyword.internal.WebUIKeywordMain.stepFailed(WebUIKeywordMain.groovy:64)
	at com.kms.katalon.core.webui.keyword.internal.WebUIKeywordMain.runKeyword(WebUIKeywordMain.groovy:26)
	at com.kms.katalon.core.webui.keyword.builtin.ClickKeyword.click(ClickKeyword.groovy:74)
	at com.kms.katalon.core.webui.keyword.builtin.ClickKeyword.execute(ClickKeyword.groovy:40)
	at com.kms.katalon.core.keyword.internal.KeywordExecutor.executeKeywordForPlatform(KeywordExecutor.groovy:74)
	at com.kms.katalon.core.webui.keyword.WebUiBuiltInKeywords.click(WebUiBuiltInKeywords.groovy:620)
	at com.kms.katalon.core.webui.keyword.WebUiBuiltInKeywords$click$3.call(Unknown Source)
	at TC019-Verify user can archive a project.run(TC019-Verify user can archive a project:38)
	at com.kms.katalon.core.main.ScriptEngine.run(ScriptEngine.java:194)
	at com.kms.katalon.core.main.ScriptEngine.runScriptAsRawText(ScriptEngine.java:119)
	at com.kms.katalon.core.main.TestCaseExecutor.runScript(TestCaseExecutor.java:448)
	at com.kms.katalon.core.main.TestCaseExecutor.doExecute(TestCaseExecutor.java:439)
	at com.kms.katalon.core.main.TestCaseExecutor.processExecutionPhase(TestCaseExecutor.java:418)
	at com.kms.katalon.core.main.TestCaseExecutor.accessMainPhase(TestCaseExecutor.java:410)
	at com.kms.katalon.core.main.TestCaseExecutor.execute(TestCaseExecutor.java:285)
	at com.kms.katalon.core.common.CommonExecutor.accessTestCaseMainPhase(CommonExecutor.java:65)
	at com.kms.katalon.core.main.TestSuiteExecutor.accessTestSuiteMainPhase(TestSuiteExecutor.java:148)
	at com.kms.katalon.core.main.TestSuiteExecutor.execute(TestSuiteExecutor.java:106)
	at com.kms.katalon.core.main.TestCaseMain.startTestSuite(TestCaseMain.java:187)
	at com.kms.katalon.core.main.TestCaseMain$startTestSuite$0.call(Unknown Source)
	at TempTestSuite1696838480513.run(TempTestSuite1696838480513.groovy:36)
Caused by: org.openqa.selenium.ElementNotInteractableException: element not interactable
  (Session info: chrome=117.0.5938.149)
Build info: version: '3.141.59', revision: 'e82be7d358', time: '2018-11-14T08:25:53'
System info: host: 'DESKTOP-3BHH4MD', ip: '192.168.0.108', os.name: 'Windows 10', os.arch: 'amd64', os.version: '10.0', java.version: '1.8.0_362'
Driver info: com.kms.katalon.selenium.driver.CChromeDriver
Capabilities {acceptInsecureCerts: false, browserName: chrome, browserVersion: 117.0.5938.149, chrome: {chromedriverVersion: 116.0.5845.96 (1a3918166880..., userDataDir: C:\Users\TDS\AppData\Local\...}, fedcm:accounts: true, goog:chromeOptions: {debuggerAddress: localhost:55564}, javascriptEnabled: true, networkConnectionEnabled: false, pageLoadStrategy: normal, platform: WINDOWS, platformName: WINDOWS, proxy: Proxy(), setWindowRect: true, strictFileInteractability: false, timeouts: {implicit: 0, pageLoad: 300000, script: 30000}, unhandledPromptBehavior: dismiss and notify, webauthn:extension:credBlob: true, webauthn:extension:largeBlob: true, webauthn:extension:minPinLength: true, webauthn:extension:prf: true, webauthn:virtualAuthenticators: true}
Session ID: 44fb9ecc4ad88434e040f57379a997c5
	at org.openqa.selenium.remote.http.W3CHttpResponseCodec.createException(W3CHttpResponseCodec.java:187)
	at org.openqa.selenium.remote.http.W3CHttpResponseCodec.decode(W3CHttpResponseCodec.java:122)
	at org.openqa.selenium.remote.http.W3CHttpResponseCodec.decode(W3CHttpResponseCodec.java:49)
	at org.openqa.selenium.remote.HttpCommandExecutor.execute(HttpCommandExecutor.java:158)
	at org.openqa.selenium.remote.service.DriverCommandExecutor.execute(DriverCommandExecutor.java:83)
	at org.openqa.selenium.remote.RemoteWebDriver.execute(RemoteWebDriver.java:552)
	at com.kms.katalon.selenium.driver.CChromeDriver.execute(CChromeDriver.java:19)
	at org.openqa.selenium.remote.RemoteWebElement.execute(RemoteWebElement.java:285)
	at org.openqa.selenium.remote.RemoteWebElement.click(RemoteWebElement.java:84)
	at org.openqa.selenium.support.events.EventFiringWebDriver$EventFiringWebElement.lambda$new$0(EventFiringWebDriver.java:404)
	at com.sun.proxy.$Proxy11.click(Unknown Source)
	at org.openqa.selenium.support.events.EventFiringWebDriver$EventFiringWebElement.click(EventFiringWebDriver.java:417)
	at org.openqa.selenium.WebElement$click.call(Unknown Source)
	at com.kms.katalon.core.webui.keyword.builtin.ClickKeyword.clickUntilSuccessWithTimeout(ClickKeyword.groovy:81)
	at com.kms.katalon.core.webui.keyword.builtin.ClickKeyword.clickUntilSuccessWithTimeout(ClickKeyword.groovy)
	at com.kms.katalon.core.webui.keyword.builtin.ClickKeyword$_click_closure1.doCall(ClickKeyword.groovy:67)
	at com.kms.katalon.core.webui.keyword.builtin.ClickKeyword$_click_closure1.call(ClickKeyword.groovy)
	at com.kms.katalon.core.webui.keyword.internal.WebUIKeywordMain.runKeyword(WebUIKeywordMain.groovy:20)
	... 19 more


2023-10-09 13:12:08 - [TEST_STEP][PASSED] - openBrowser(""): Browser is opened with url: ''

2023-10-09 13:12:08 - [MESSAGE][WARNING] - A browser is already opened. Closing browser and opening a new one

2023-10-09 13:12:09 - [MESSAGE][INFO] - Starting 'Chrome' driver

2023-10-09 13:12:09 - [MESSAGE][INFO] - Action delay is set to 0 milliseconds

2023-10-09 13:12:12 - [MESSAGE][PASSED] - Browser is opened with url: ''

2023-10-09 13:12:12 - [TEST_STEP][PASSED] - maximizeWindow(): Current window maximized

2023-10-09 13:12:12 - [MESSAGE][PASSED] - Current window maximized

2023-10-09 13:12:12 - [TEST_STEP][PASSED] - navigateToUrl("https://app.landingly.com/"): Navigate to 'https://app.landingly.com/' successfully

2023-10-09 13:12:20 - [MESSAGE][PASSED] - Navigate to 'https://app.landingly.com/' successfully

2023-10-09 13:12:20 - [TEST_STEP][PASSED] - setText(findTestObject("Object Repository/Projects/TC019-Verify user can archive a project/Page_Landingly  Login/input_Email_login-email"), "sqaahmadtahir@gmail.com"): Text 'sqaahmadtahir@gmail.com' is set on object 'Object Repository/Projects/TC019-Verify user can archive a project/Page_Landingly  Login/input_Email_login-email'

2023-10-09 13:12:21 - [MESSAGE][PASSED] - Text 'sqaahmadtahir@gmail.com' is set on object 'Object Repository/Projects/TC019-Verify user can archive a project/Page_Landingly  Login/input_Email_login-email'

2023-10-09 13:12:21 - [TEST_STEP][PASSED] - setEncryptedText(findTestObject("Object Repository/Projects/TC019-Verify user can archive a project/Page_Landingly  Login/input_Forgot Password_login-password"), "/5S6MFFLcE5DAenbZpYNsQ=="): Text ****** has been set on object 'Object Repository/Projects/TC019-Verify user can archive a project/Page_Landingly  Login/input_Forgot Password_login-password'

2023-10-09 13:12:22 - [MESSAGE][PASSED] - Text ****** has been set on object 'Object Repository/Projects/TC019-Verify user can archive a project/Page_Landingly  Login/input_Forgot Password_login-password'

2023-10-09 13:12:22 - [TEST_STEP][PASSED] - click(findTestObject("Object Repository/Projects/TC019-Verify user can archive a project/Page_Landingly  Login/button_Sign in")): Object: 'Object Repository/Projects/TC019-Verify user can archive a project/Page_Landingly  Login/button_Sign in' is clicked on

2023-10-09 13:12:22 - [MESSAGE][PASSED] - Object: 'Object Repository/Projects/TC019-Verify user can archive a project/Page_Landingly  Login/button_Sign in' is clicked on

2023-10-09 13:12:22 - [TEST_STEP][PASSED] - click(findTestObject("Object Repository/Projects/TC019-Verify user can archive a project/Page_Landingly/a_Projects")): Object: 'Object Repository/Projects/TC019-Verify user can archive a project/Page_Landingly/a_Projects' is clicked on

2023-10-09 13:12:26 - [MESSAGE][PASSED] - Object: 'Object Repository/Projects/TC019-Verify user can archive a project/Page_Landingly/a_Projects' is clicked on

2023-10-09 13:12:26 - [TEST_STEP][PASSED] - click(findTestObject("Object Repository/Projects/TC019-Verify user can archive a project/Page_Landingly  Projects/button_View Project_btn btn-icon pull-right_ab2ff2")): Object: 'Object Repository/Projects/TC019-Verify user can archive a project/Page_Landingly  Projects/button_View Project_btn btn-icon pull-right_ab2ff2' is clicked on

2023-10-09 13:12:30 - [MESSAGE][PASSED] - Object: 'Object Repository/Projects/TC019-Verify user can archive a project/Page_Landingly  Projects/button_View Project_btn btn-icon pull-right_ab2ff2' is clicked on

2023-10-09 13:12:30 - [TEST_STEP][FAILED] - click(findTestObject("Object Repository/Projects/TC019-Verify user can archive a project/Page_Landingly  Projects/button_Archive")): Unable to click on object 'Object Repository/Projects/TC019-Verify user can archive a project/Page_Landingly  Projects/button_Archive' (Root cause: com.kms.katalon.core.exception.StepFailedException: Unable to click on object 'Object Repository/Projects/TC019-Verify user can archive a project/Page_Landingly  Projects/button_Archive'
	at com.kms.katalon.core.webui.keyword.internal.WebUIKeywordMain.stepFailed(WebUIKeywordMain.groovy:64)
	at com.kms.katalon.core.webui.keyword.internal.WebUIKeywordMain.runKeyword(WebUIKeywordMain.groovy:26)
	at com.kms.katalon.core.webui.keyword.builtin.ClickKeyword.click(ClickKeyword.groovy:74)
	at com.kms.katalon.core.webui.keyword.builtin.ClickKeyword.execute(ClickKeyword.groovy:40)
	at com.kms.katalon.core.keyword.internal.KeywordExecutor.executeKeywordForPlatform(KeywordExecutor.groovy:74)
	at com.kms.katalon.core.webui.keyword.WebUiBuiltInKeywords.click(WebUiBuiltInKeywords.groovy:620)
	at com.kms.katalon.core.webui.keyword.WebUiBuiltInKeywords$click$3.call(Unknown Source)
	at TC019-Verify user can archive a project.run(TC019-Verify user can archive a project:38)
	at com.kms.katalon.core.main.ScriptEngine.run(ScriptEngine.java:194)
	at com.kms.katalon.core.main.ScriptEngine.runScriptAsRawText(ScriptEngine.java:119)
	at com.kms.katalon.core.main.TestCaseExecutor.runScript(TestCaseExecutor.java:448)
	at com.kms.katalon.core.main.TestCaseExecutor.doExecute(TestCaseExecutor.java:439)
	at com.kms.katalon.core.main.TestCaseExecutor.processExecutionPhase(TestCaseExecutor.java:418)
	at com.kms.katalon.core.main.TestCaseExecutor.accessMainPhase(TestCaseExecutor.java:410)
	at com.kms.katalon.core.main.TestCaseExecutor.execute(TestCaseExecutor.java:285)
	at com.kms.katalon.core.common.CommonExecutor.accessTestCaseMainPhase(CommonExecutor.java:65)
	at com.kms.katalon.core.main.TestSuiteExecutor.accessTestSuiteMainPhase(TestSuiteExecutor.java:148)
	at com.kms.katalon.core.main.TestSuiteExecutor.execute(TestSuiteExecutor.java:106)
	at com.kms.katalon.core.main.TestCaseMain.startTestSuite(TestCaseMain.java:187)
	at com.kms.katalon.core.main.TestCaseMain$startTestSuite$0.call(Unknown Source)
	at TempTestSuite1696838480513.run(TempTestSuite1696838480513.groovy:36)
Caused by: org.openqa.selenium.ElementNotInteractableException: element not interactable
  (Session info: chrome=117.0.5938.149)
Build info: version: '3.141.59', revision: 'e82be7d358', time: '2018-11-14T08:25:53'
System info: host: 'DESKTOP-3BHH4MD', ip: '192.168.0.108', os.name: 'Windows 10', os.arch: 'amd64', os.version: '10.0', java.version: '1.8.0_362'
Driver info: com.kms.katalon.selenium.driver.CChromeDriver
Capabilities {acceptInsecureCerts: false, browserName: chrome, browserVersion: 117.0.5938.149, chrome: {chromedriverVersion: 116.0.5845.96 (1a3918166880..., userDataDir: C:\Users\TDS\AppData\Local\...}, fedcm:accounts: true, goog:chromeOptions: {debuggerAddress: localhost:55564}, javascriptEnabled: true, networkConnectionEnabled: false, pageLoadStrategy: normal, platform: WINDOWS, platformName: WINDOWS, proxy: Proxy(), setWindowRect: true, strictFileInteractability: false, timeouts: {implicit: 0, pageLoad: 300000, script: 30000}, unhandledPromptBehavior: dismiss and notify, webauthn:extension:credBlob: true, webauthn:extension:largeBlob: true, webauthn:extension:minPinLength: true, webauthn:extension:prf: true, webauthn:virtualAuthenticators: true}
Session ID: 44fb9ecc4ad88434e040f57379a997c5
	at org.openqa.selenium.remote.http.W3CHttpResponseCodec.createException(W3CHttpResponseCodec.java:187)
	at org.openqa.selenium.remote.http.W3CHttpResponseCodec.decode(W3CHttpResponseCodec.java:122)
	at org.openqa.selenium.remote.http.W3CHttpResponseCodec.decode(W3CHttpResponseCodec.java:49)
	at org.openqa.selenium.remote.HttpCommandExecutor.execute(HttpCommandExecutor.java:158)
	at org.openqa.selenium.remote.service.DriverCommandExecutor.execute(DriverCommandExecutor.java:83)
	at org.openqa.selenium.remote.RemoteWebDriver.execute(RemoteWebDriver.java:552)
	at com.kms.katalon.selenium.driver.CChromeDriver.execute(CChromeDriver.java:19)
	at org.openqa.selenium.remote.RemoteWebElement.execute(RemoteWebElement.java:285)
	at org.openqa.selenium.remote.RemoteWebElement.click(RemoteWebElement.java:84)
	at org.openqa.selenium.support.events.EventFiringWebDriver$EventFiringWebElement.lambda$new$0(EventFiringWebDriver.java:404)
	at com.sun.proxy.$Proxy11.click(Unknown Source)
	at org.openqa.selenium.support.events.EventFiringWebDriver$EventFiringWebElement.click(EventFiringWebDriver.java:417)
	at org.openqa.selenium.WebElement$click.call(Unknown Source)
	at com.kms.katalon.core.webui.keyword.builtin.ClickKeyword.clickUntilSuccessWithTimeout(ClickKeyword.groovy:81)
	at com.kms.katalon.core.webui.keyword.builtin.ClickKeyword.clickUntilSuccessWithTimeout(ClickKeyword.groovy)
	at com.kms.katalon.core.webui.keyword.builtin.ClickKeyword$_click_closure1.doCall(ClickKeyword.groovy:67)
	at com.kms.katalon.core.webui.keyword.builtin.ClickKeyword$_click_closure1.call(ClickKeyword.groovy)
	at com.kms.katalon.core.webui.keyword.internal.WebUIKeywordMain.runKeyword(WebUIKeywordMain.groovy:20)
	at com.kms.katalon.core.webui.keyword.builtin.ClickKeyword.click(ClickKeyword.groovy:74)
	at com.kms.katalon.core.webui.keyword.builtin.ClickKeyword.execute(ClickKeyword.groovy:40)
	at com.kms.katalon.core.keyword.internal.KeywordExecutor.executeKeywordForPlatform(KeywordExecutor.groovy:74)
	at com.kms.katalon.core.webui.keyword.WebUiBuiltInKeywords.click(WebUiBuiltInKeywords.groovy:620)
	at com.kms.katalon.core.webui.keyword.WebUiBuiltInKeywords$click$3.call(Unknown Source)
	at Script1695815524414.run(Script1695815524414.groovy:38)
	... 13 more
)

2023-10-09 13:12:32 - [MESSAGE][FAILED] - Unable to click on object 'Object Repository/Projects/TC019-Verify user can archive a project/Page_Landingly  Projects/button_Archive' (Root cause: com.kms.katalon.core.exception.StepFailedException: Unable to click on object 'Object Repository/Projects/TC019-Verify user can archive a project/Page_Landingly  Projects/button_Archive'
	at com.kms.katalon.core.webui.keyword.internal.WebUIKeywordMain.stepFailed(WebUIKeywordMain.groovy:64)
	at com.kms.katalon.core.webui.keyword.internal.WebUIKeywordMain.runKeyword(WebUIKeywordMain.groovy:26)
	at com.kms.katalon.core.webui.keyword.builtin.ClickKeyword.click(ClickKeyword.groovy:74)
	at com.kms.katalon.core.webui.keyword.builtin.ClickKeyword.execute(ClickKeyword.groovy:40)
	at com.kms.katalon.core.keyword.internal.KeywordExecutor.executeKeywordForPlatform(KeywordExecutor.groovy:74)
	at com.kms.katalon.core.webui.keyword.WebUiBuiltInKeywords.click(WebUiBuiltInKeywords.groovy:620)
	at com.kms.katalon.core.webui.keyword.WebUiBuiltInKeywords$click$3.call(Unknown Source)
	at TC019-Verify user can archive a project.run(TC019-Verify user can archive a project:38)
	at com.kms.katalon.core.main.ScriptEngine.run(ScriptEngine.java:194)
	at com.kms.katalon.core.main.ScriptEngine.runScriptAsRawText(ScriptEngine.java:119)
	at com.kms.katalon.core.main.TestCaseExecutor.runScript(TestCaseExecutor.java:448)
	at com.kms.katalon.core.main.TestCaseExecutor.doExecute(TestCaseExecutor.java:439)
	at com.kms.katalon.core.main.TestCaseExecutor.processExecutionPhase(TestCaseExecutor.java:418)
	at com.kms.katalon.core.main.TestCaseExecutor.accessMainPhase(TestCaseExecutor.java:410)
	at com.kms.katalon.core.main.TestCaseExecutor.execute(TestCaseExecutor.java:285)
	at com.kms.katalon.core.common.CommonExecutor.accessTestCaseMainPhase(CommonExecutor.java:65)
	at com.kms.katalon.core.main.TestSuiteExecutor.accessTestSuiteMainPhase(TestSuiteExecutor.java:148)
	at com.kms.katalon.core.main.TestSuiteExecutor.execute(TestSuiteExecutor.java:106)
	at com.kms.katalon.core.main.TestCaseMain.startTestSuite(TestCaseMain.java:187)
	at com.kms.katalon.core.main.TestCaseMain$startTestSuite$0.call(Unknown Source)
	at TempTestSuite1696838480513.run(TempTestSuite1696838480513.groovy:36)
Caused by: org.openqa.selenium.ElementNotInteractableException: element not interactable
  (Session info: chrome=117.0.5938.149)
Build info: version: '3.141.59', revision: 'e82be7d358', time: '2018-11-14T08:25:53'
System info: host: 'DESKTOP-3BHH4MD', ip: '192.168.0.108', os.name: 'Windows 10', os.arch: 'amd64', os.version: '10.0', java.version: '1.8.0_362'
Driver info: com.kms.katalon.selenium.driver.CChromeDriver
Capabilities {acceptInsecureCerts: false, browserName: chrome, browserVersion: 117.0.5938.149, chrome: {chromedriverVersion: 116.0.5845.96 (1a3918166880..., userDataDir: C:\Users\TDS\AppData\Local\...}, fedcm:accounts: true, goog:chromeOptions: {debuggerAddress: localhost:55564}, javascriptEnabled: true, networkConnectionEnabled: false, pageLoadStrategy: normal, platform: WINDOWS, platformName: WINDOWS, proxy: Proxy(), setWindowRect: true, strictFileInteractability: false, timeouts: {implicit: 0, pageLoad: 300000, script: 30000}, unhandledPromptBehavior: dismiss and notify, webauthn:extension:credBlob: true, webauthn:extension:largeBlob: true, webauthn:extension:minPinLength: true, webauthn:extension:prf: true, webauthn:virtualAuthenticators: true}
Session ID: 44fb9ecc4ad88434e040f57379a997c5
	at org.openqa.selenium.remote.http.W3CHttpResponseCodec.createException(W3CHttpResponseCodec.java:187)
	at org.openqa.selenium.remote.http.W3CHttpResponseCodec.decode(W3CHttpResponseCodec.java:122)
	at org.openqa.selenium.remote.http.W3CHttpResponseCodec.decode(W3CHttpResponseCodec.java:49)
	at org.openqa.selenium.remote.HttpCommandExecutor.execute(HttpCommandExecutor.java:158)
	at org.openqa.selenium.remote.service.DriverCommandExecutor.execute(DriverCommandExecutor.java:83)
	at org.openqa.selenium.remote.RemoteWebDriver.execute(RemoteWebDriver.java:552)
	at com.kms.katalon.selenium.driver.CChromeDriver.execute(CChromeDriver.java:19)
	at org.openqa.selenium.remote.RemoteWebElement.execute(RemoteWebElement.java:285)
	at org.openqa.selenium.remote.RemoteWebElement.click(RemoteWebElement.java:84)
	at org.openqa.selenium.support.events.EventFiringWebDriver$EventFiringWebElement.lambda$new$0(EventFiringWebDriver.java:404)
	at com.sun.proxy.$Proxy11.click(Unknown Source)
	at org.openqa.selenium.support.events.EventFiringWebDriver$EventFiringWebElement.click(EventFiringWebDriver.java:417)
	at org.openqa.selenium.WebElement$click.call(Unknown Source)
	at com.kms.katalon.core.webui.keyword.builtin.ClickKeyword.clickUntilSuccessWithTimeout(ClickKeyword.groovy:81)
	at com.kms.katalon.core.webui.keyword.builtin.ClickKeyword.clickUntilSuccessWithTimeout(ClickKeyword.groovy)
	at com.kms.katalon.core.webui.keyword.builtin.ClickKeyword$_click_closure1.doCall(ClickKeyword.groovy:67)
	at com.kms.katalon.core.webui.keyword.builtin.ClickKeyword$_click_closure1.call(ClickKeyword.groovy)
	at com.kms.katalon.core.webui.keyword.internal.WebUIKeywordMain.runKeyword(WebUIKeywordMain.groovy:20)
	at com.kms.katalon.core.webui.keyword.builtin.ClickKeyword.click(ClickKeyword.groovy:74)
	at com.kms.katalon.core.webui.keyword.builtin.ClickKeyword.execute(ClickKeyword.groovy:40)
	at com.kms.katalon.core.keyword.internal.KeywordExecutor.executeKeywordForPlatform(KeywordExecutor.groovy:74)
	at com.kms.katalon.core.webui.keyword.WebUiBuiltInKeywords.click(WebUiBuiltInKeywords.groovy:620)
	at com.kms.katalon.core.webui.keyword.WebUiBuiltInKeywords$click$3.call(Unknown Source)
	at Script1695815524414.run(Script1695815524414.groovy:38)
	... 13 more
)
[[ATTACHMENT|C:\\Users\\TDS\\git\\Landingly\\Reports\\20231009_130120\\Landingly\\20231009_130120\\1696839152224.png]]]]></system-out>
         <system-err><![CDATA[2023-10-09 13:12:07 - [TEST_CASE][FAILED] - Test Cases/Projects/TC019-Verify user can archive a project: Test Cases/Projects/TC019-Verify user can archive a project FAILED.
Reason:
com.kms.katalon.core.exception.StepFailedException: Unable to click on object 'Object Repository/Projects/TC019-Verify user can archive a project/Page_Landingly  Projects/button_Archive'
	at com.kms.katalon.core.webui.keyword.internal.WebUIKeywordMain.stepFailed(WebUIKeywordMain.groovy:64)
	at com.kms.katalon.core.webui.keyword.internal.WebUIKeywordMain.runKeyword(WebUIKeywordMain.groovy:26)
	at com.kms.katalon.core.webui.keyword.builtin.ClickKeyword.click(ClickKeyword.groovy:74)
	at com.kms.katalon.core.webui.keyword.builtin.ClickKeyword.execute(ClickKeyword.groovy:40)
	at com.kms.katalon.core.keyword.internal.KeywordExecutor.executeKeywordForPlatform(KeywordExecutor.groovy:74)
	at com.kms.katalon.core.webui.keyword.WebUiBuiltInKeywords.click(WebUiBuiltInKeywords.groovy:620)
	at com.kms.katalon.core.webui.keyword.WebUiBuiltInKeywords$click$3.call(Unknown Source)
	at TC019-Verify user can archive a project.run(TC019-Verify user can archive a project:38)
	at com.kms.katalon.core.main.ScriptEngine.run(ScriptEngine.java:194)
	at com.kms.katalon.core.main.ScriptEngine.runScriptAsRawText(ScriptEngine.java:119)
	at com.kms.katalon.core.main.TestCaseExecutor.runScript(TestCaseExecutor.java:448)
	at com.kms.katalon.core.main.TestCaseExecutor.doExecute(TestCaseExecutor.java:439)
	at com.kms.katalon.core.main.TestCaseExecutor.processExecutionPhase(TestCaseExecutor.java:418)
	at com.kms.katalon.core.main.TestCaseExecutor.accessMainPhase(TestCaseExecutor.java:410)
	at com.kms.katalon.core.main.TestCaseExecutor.execute(TestCaseExecutor.java:285)
	at com.kms.katalon.core.common.CommonExecutor.accessTestCaseMainPhase(CommonExecutor.java:65)
	at com.kms.katalon.core.main.TestSuiteExecutor.accessTestSuiteMainPhase(TestSuiteExecutor.java:148)
	at com.kms.katalon.core.main.TestSuiteExecutor.execute(TestSuiteExecutor.java:106)
	at com.kms.katalon.core.main.TestCaseMain.startTestSuite(TestCaseMain.java:187)
	at com.kms.katalon.core.main.TestCaseMain$startTestSuite$0.call(Unknown Source)
	at TempTestSuite1696838480513.run(TempTestSuite1696838480513.groovy:36)
Caused by: org.openqa.selenium.ElementNotInteractableException: element not interactable
  (Session info: chrome=117.0.5938.149)
Build info: version: '3.141.59', revision: 'e82be7d358', time: '2018-11-14T08:25:53'
System info: host: 'DESKTOP-3BHH4MD', ip: '192.168.0.108', os.name: 'Windows 10', os.arch: 'amd64', os.version: '10.0', java.version: '1.8.0_362'
Driver info: com.kms.katalon.selenium.driver.CChromeDriver
Capabilities {acceptInsecureCerts: false, browserName: chrome, browserVersion: 117.0.5938.149, chrome: {chromedriverVersion: 116.0.5845.96 (1a3918166880..., userDataDir: C:\Users\TDS\AppData\Local\...}, fedcm:accounts: true, goog:chromeOptions: {debuggerAddress: localhost:55564}, javascriptEnabled: true, networkConnectionEnabled: false, pageLoadStrategy: normal, platform: WINDOWS, platformName: WINDOWS, proxy: Proxy(), setWindowRect: true, strictFileInteractability: false, timeouts: {implicit: 0, pageLoad: 300000, script: 30000}, unhandledPromptBehavior: dismiss and notify, webauthn:extension:credBlob: true, webauthn:extension:largeBlob: true, webauthn:extension:minPinLength: true, webauthn:extension:prf: true, webauthn:virtualAuthenticators: true}
Session ID: 44fb9ecc4ad88434e040f57379a997c5
	at org.openqa.selenium.remote.http.W3CHttpResponseCodec.createException(W3CHttpResponseCodec.java:187)
	at org.openqa.selenium.remote.http.W3CHttpResponseCodec.decode(W3CHttpResponseCodec.java:122)
	at org.openqa.selenium.remote.http.W3CHttpResponseCodec.decode(W3CHttpResponseCodec.java:49)
	at org.openqa.selenium.remote.HttpCommandExecutor.execute(HttpCommandExecutor.java:158)
	at org.openqa.selenium.remote.service.DriverCommandExecutor.execute(DriverCommandExecutor.java:83)
	at org.openqa.selenium.remote.RemoteWebDriver.execute(RemoteWebDriver.java:552)
	at com.kms.katalon.selenium.driver.CChromeDriver.execute(CChromeDriver.java:19)
	at org.openqa.selenium.remote.RemoteWebElement.execute(RemoteWebElement.java:285)
	at org.openqa.selenium.remote.RemoteWebElement.click(RemoteWebElement.java:84)
	at org.openqa.selenium.support.events.EventFiringWebDriver$EventFiringWebElement.lambda$new$0(EventFiringWebDriver.java:404)
	at com.sun.proxy.$Proxy11.click(Unknown Source)
	at org.openqa.selenium.support.events.EventFiringWebDriver$EventFiringWebElement.click(EventFiringWebDriver.java:417)
	at org.openqa.selenium.WebElement$click.call(Unknown Source)
	at com.kms.katalon.core.webui.keyword.builtin.ClickKeyword.clickUntilSuccessWithTimeout(ClickKeyword.groovy:81)
	at com.kms.katalon.core.webui.keyword.builtin.ClickKeyword.clickUntilSuccessWithTimeout(ClickKeyword.groovy)
	at com.kms.katalon.core.webui.keyword.builtin.ClickKeyword$_click_closure1.doCall(ClickKeyword.groovy:67)
	at com.kms.katalon.core.webui.keyword.builtin.ClickKeyword$_click_closure1.call(ClickKeyword.groovy)
	at com.kms.katalon.core.webui.keyword.internal.WebUIKeywordMain.runKeyword(WebUIKeywordMain.groovy:20)
	... 19 more]]></system-err>
      </testcase>
      <testcase name="Test Cases/Projects/TC020-Verify user can restore a archived project" time="57.332" classname="Test Cases/Projects/TC020-Verify user can restore a archived project" status="FAILED">
         <failure type="FAILED" message="Test Cases/Projects/TC020-Verify user can restore a archived project FAILED.
Reason:
com.kms.katalon.core.exception.StepFailedException: Unable to click on object 'Object Repository/Projects/TC020-Verify user can restore a archived project/Page_Landingly  Projects/svg_new optin project_feather feather-corne_a5ecad'
	at com.kms.katalon.core.webui.keyword.internal.WebUIKeywordMain.stepFailed(WebUIKeywordMain.groovy:64)
	at com.kms.katalon.core.webui.keyword.internal.WebUIKeywordMain.runKeyword(WebUIKeywordMain.groovy:26)
	at com.kms.katalon.core.webui.keyword.builtin.ClickKeyword.click(ClickKeyword.groovy:74)
	at com.kms.katalon.core.webui.keyword.builtin.ClickKeyword.execute(ClickKeyword.groovy:40)
	at com.kms.katalon.core.keyword.internal.KeywordExecutor.executeKeywordForPlatform(KeywordExecutor.groovy:74)
	at com.kms.katalon.core.webui.keyword.WebUiBuiltInKeywords.click(WebUiBuiltInKeywords.groovy:620)
	at com.kms.katalon.core.webui.keyword.WebUiBuiltInKeywords$click$3.call(Unknown Source)
	at TC020-Verify user can restore a archived project.run(TC020-Verify user can restore a archived project:38)
	at com.kms.katalon.core.main.ScriptEngine.run(ScriptEngine.java:194)
	at com.kms.katalon.core.main.ScriptEngine.runScriptAsRawText(ScriptEngine.java:119)
	at com.kms.katalon.core.main.TestCaseExecutor.runScript(TestCaseExecutor.java:448)
	at com.kms.katalon.core.main.TestCaseExecutor.doExecute(TestCaseExecutor.java:439)
	at com.kms.katalon.core.main.TestCaseExecutor.processExecutionPhase(TestCaseExecutor.java:418)
	at com.kms.katalon.core.main.TestCaseExecutor.accessMainPhase(TestCaseExecutor.java:410)
	at com.kms.katalon.core.main.TestCaseExecutor.execute(TestCaseExecutor.java:285)
	at com.kms.katalon.core.common.CommonExecutor.accessTestCaseMainPhase(CommonExecutor.java:65)
	at com.kms.katalon.core.main.TestSuiteExecutor.accessTestSuiteMainPhase(TestSuiteExecutor.java:148)
	at com.kms.katalon.core.main.TestSuiteExecutor.execute(TestSuiteExecutor.java:106)
	at com.kms.katalon.core.main.TestCaseMain.startTestSuite(TestCaseMain.java:187)
	at com.kms.katalon.core.main.TestCaseMain$startTestSuite$0.call(Unknown Source)
	at TempTestSuite1696838480513.run(TempTestSuite1696838480513.groovy:36)
Caused by: com.kms.katalon.core.webui.exception.WebElementNotFoundException: Web element with id: 'Object Repository/Projects/TC020-Verify user can restore a archived project/Page_Landingly  Projects/svg_new optin project_feather feather-corne_a5ecad' located by '//button[@class='btn btn-icon mr-1 btn-outline-primary']' not found
	at com.kms.katalon.core.webui.common.WebUiCommonHelper.findWebElement(WebUiCommonHelper.java:1381)
	at com.kms.katalon.core.webui.keyword.internal.WebUIAbstractKeyword.findWebElement(WebUIAbstractKeyword.groovy:27)
	at com.kms.katalon.core.webui.keyword.builtin.ClickKeyword$_click_closure1.doCall(ClickKeyword.groovy:65)
	at com.kms.katalon.core.webui.keyword.builtin.ClickKeyword$_click_closure1.call(ClickKeyword.groovy)
	at com.kms.katalon.core.webui.keyword.internal.WebUIKeywordMain.runKeyword(WebUIKeywordMain.groovy:20)
	... 19 more
"/>
         <system-out><![CDATA[2023-10-09 13:12:32 - [TEST_CASE][FAILED] - Test Cases/Projects/TC020-Verify user can restore a archived project: Test Cases/Projects/TC020-Verify user can restore a archived project FAILED.
Reason:
com.kms.katalon.core.exception.StepFailedException: Unable to click on object 'Object Repository/Projects/TC020-Verify user can restore a archived project/Page_Landingly  Projects/svg_new optin project_feather feather-corne_a5ecad'
	at com.kms.katalon.core.webui.keyword.internal.WebUIKeywordMain.stepFailed(WebUIKeywordMain.groovy:64)
	at com.kms.katalon.core.webui.keyword.internal.WebUIKeywordMain.runKeyword(WebUIKeywordMain.groovy:26)
	at com.kms.katalon.core.webui.keyword.builtin.ClickKeyword.click(ClickKeyword.groovy:74)
	at com.kms.katalon.core.webui.keyword.builtin.ClickKeyword.execute(ClickKeyword.groovy:40)
	at com.kms.katalon.core.keyword.internal.KeywordExecutor.executeKeywordForPlatform(KeywordExecutor.groovy:74)
	at com.kms.katalon.core.webui.keyword.WebUiBuiltInKeywords.click(WebUiBuiltInKeywords.groovy:620)
	at com.kms.katalon.core.webui.keyword.WebUiBuiltInKeywords$click$3.call(Unknown Source)
	at TC020-Verify user can restore a archived project.run(TC020-Verify user can restore a archived project:38)
	at com.kms.katalon.core.main.ScriptEngine.run(ScriptEngine.java:194)
	at com.kms.katalon.core.main.ScriptEngine.runScriptAsRawText(ScriptEngine.java:119)
	at com.kms.katalon.core.main.TestCaseExecutor.runScript(TestCaseExecutor.java:448)
	at com.kms.katalon.core.main.TestCaseExecutor.doExecute(TestCaseExecutor.java:439)
	at com.kms.katalon.core.main.TestCaseExecutor.processExecutionPhase(TestCaseExecutor.java:418)
	at com.kms.katalon.core.main.TestCaseExecutor.accessMainPhase(TestCaseExecutor.java:410)
	at com.kms.katalon.core.main.TestCaseExecutor.execute(TestCaseExecutor.java:285)
	at com.kms.katalon.core.common.CommonExecutor.accessTestCaseMainPhase(CommonExecutor.java:65)
	at com.kms.katalon.core.main.TestSuiteExecutor.accessTestSuiteMainPhase(TestSuiteExecutor.java:148)
	at com.kms.katalon.core.main.TestSuiteExecutor.execute(TestSuiteExecutor.java:106)
	at com.kms.katalon.core.main.TestCaseMain.startTestSuite(TestCaseMain.java:187)
	at com.kms.katalon.core.main.TestCaseMain$startTestSuite$0.call(Unknown Source)
	at TempTestSuite1696838480513.run(TempTestSuite1696838480513.groovy:36)
Caused by: com.kms.katalon.core.webui.exception.WebElementNotFoundException: Web element with id: 'Object Repository/Projects/TC020-Verify user can restore a archived project/Page_Landingly  Projects/svg_new optin project_feather feather-corne_a5ecad' located by '//button[@class='btn btn-icon mr-1 btn-outline-primary']' not found
	at com.kms.katalon.core.webui.common.WebUiCommonHelper.findWebElement(WebUiCommonHelper.java:1381)
	at com.kms.katalon.core.webui.keyword.internal.WebUIAbstractKeyword.findWebElement(WebUIAbstractKeyword.groovy:27)
	at com.kms.katalon.core.webui.keyword.builtin.ClickKeyword$_click_closure1.doCall(ClickKeyword.groovy:65)
	at com.kms.katalon.core.webui.keyword.builtin.ClickKeyword$_click_closure1.call(ClickKeyword.groovy)
	at com.kms.katalon.core.webui.keyword.internal.WebUIKeywordMain.runKeyword(WebUIKeywordMain.groovy:20)
	... 19 more


2023-10-09 13:12:34 - [TEST_STEP][PASSED] - openBrowser(""): Browser is opened with url: ''

2023-10-09 13:12:34 - [MESSAGE][WARNING] - A browser is already opened. Closing browser and opening a new one

2023-10-09 13:12:35 - [MESSAGE][INFO] - Starting 'Chrome' driver

2023-10-09 13:12:35 - [MESSAGE][INFO] - Action delay is set to 0 milliseconds

2023-10-09 13:12:38 - [MESSAGE][PASSED] - Browser is opened with url: ''

2023-10-09 13:12:38 - [TEST_STEP][PASSED] - maximizeWindow(): Current window maximized

2023-10-09 13:12:38 - [MESSAGE][PASSED] - Current window maximized

2023-10-09 13:12:38 - [TEST_STEP][PASSED] - navigateToUrl("https://app.landingly.com/"): Navigate to 'https://app.landingly.com/' successfully

2023-10-09 13:12:47 - [MESSAGE][PASSED] - Navigate to 'https://app.landingly.com/' successfully

2023-10-09 13:12:47 - [TEST_STEP][PASSED] - setText(findTestObject("Object Repository/Projects/TC020-Verify user can restore a archived project/Page_Landingly  Login/input_Email_login-email"), "sqaahmadtahir@gmail.com"): Text 'sqaahmadtahir@gmail.com' is set on object 'Object Repository/Projects/TC020-Verify user can restore a archived project/Page_Landingly  Login/input_Email_login-email'

2023-10-09 13:12:48 - [MESSAGE][PASSED] - Text 'sqaahmadtahir@gmail.com' is set on object 'Object Repository/Projects/TC020-Verify user can restore a archived project/Page_Landingly  Login/input_Email_login-email'

2023-10-09 13:12:48 - [TEST_STEP][PASSED] - setEncryptedText(findTestObject("Object Repository/Projects/TC020-Verify user can restore a archived project/Page_Landingly  Login/input_Forgot Password_login-password"), "/5S6MFFLcE5DAenbZpYNsQ=="): Text ****** has been set on object 'Object Repository/Projects/TC020-Verify user can restore a archived project/Page_Landingly  Login/input_Forgot Password_login-password'

2023-10-09 13:12:49 - [MESSAGE][PASSED] - Text ****** has been set on object 'Object Repository/Projects/TC020-Verify user can restore a archived project/Page_Landingly  Login/input_Forgot Password_login-password'

2023-10-09 13:12:49 - [TEST_STEP][PASSED] - click(findTestObject("Object Repository/Projects/TC020-Verify user can restore a archived project/Page_Landingly  Login/button_Sign in")): Object: 'Object Repository/Projects/TC020-Verify user can restore a archived project/Page_Landingly  Login/button_Sign in' is clicked on

2023-10-09 13:12:50 - [MESSAGE][PASSED] - Object: 'Object Repository/Projects/TC020-Verify user can restore a archived project/Page_Landingly  Login/button_Sign in' is clicked on

2023-10-09 13:12:50 - [TEST_STEP][PASSED] - click(findTestObject("Object Repository/Projects/TC020-Verify user can restore a archived project/Page_Landingly/a_Projects")): Object: 'Object Repository/Projects/TC020-Verify user can restore a archived project/Page_Landingly/a_Projects' is clicked on

2023-10-09 13:12:53 - [MESSAGE][PASSED] - Object: 'Object Repository/Projects/TC020-Verify user can restore a archived project/Page_Landingly/a_Projects' is clicked on

2023-10-09 13:12:53 - [TEST_STEP][PASSED] - click(findTestObject("Object Repository/Projects/TC020-Verify user can restore a archived project/Page_Landingly  Projects/button_Archived Projects")): Object: 'Object Repository/Projects/TC020-Verify user can restore a archived project/Page_Landingly  Projects/button_Archived Projects' is clicked on

2023-10-09 13:12:58 - [MESSAGE][PASSED] - Object: 'Object Repository/Projects/TC020-Verify user can restore a archived project/Page_Landingly  Projects/button_Archived Projects' is clicked on

2023-10-09 13:12:58 - [TEST_STEP][FAILED] - click(findTestObject("Object Repository/Projects/TC020-Verify user can restore a archived project/Page_Landingly  Projects/svg_new optin project_feather feather-corne_a5ecad")): Unable to click on object 'Object Repository/Projects/TC020-Verify user can restore a archived project/Page_Landingly  Projects/svg_new optin project_feather feather-corne_a5ecad' (Root cause: com.kms.katalon.core.exception.StepFailedException: Unable to click on object 'Object Repository/Projects/TC020-Verify user can restore a archived project/Page_Landingly  Projects/svg_new optin project_feather feather-corne_a5ecad'
	at com.kms.katalon.core.webui.keyword.internal.WebUIKeywordMain.stepFailed(WebUIKeywordMain.groovy:64)
	at com.kms.katalon.core.webui.keyword.internal.WebUIKeywordMain.runKeyword(WebUIKeywordMain.groovy:26)
	at com.kms.katalon.core.webui.keyword.builtin.ClickKeyword.click(ClickKeyword.groovy:74)
	at com.kms.katalon.core.webui.keyword.builtin.ClickKeyword.execute(ClickKeyword.groovy:40)
	at com.kms.katalon.core.keyword.internal.KeywordExecutor.executeKeywordForPlatform(KeywordExecutor.groovy:74)
	at com.kms.katalon.core.webui.keyword.WebUiBuiltInKeywords.click(WebUiBuiltInKeywords.groovy:620)
	at com.kms.katalon.core.webui.keyword.WebUiBuiltInKeywords$click$3.call(Unknown Source)
	at TC020-Verify user can restore a archived project.run(TC020-Verify user can restore a archived project:38)
	at com.kms.katalon.core.main.ScriptEngine.run(ScriptEngine.java:194)
	at com.kms.katalon.core.main.ScriptEngine.runScriptAsRawText(ScriptEngine.java:119)
	at com.kms.katalon.core.main.TestCaseExecutor.runScript(TestCaseExecutor.java:448)
	at com.kms.katalon.core.main.TestCaseExecutor.doExecute(TestCaseExecutor.java:439)
	at com.kms.katalon.core.main.TestCaseExecutor.processExecutionPhase(TestCaseExecutor.java:418)
	at com.kms.katalon.core.main.TestCaseExecutor.accessMainPhase(TestCaseExecutor.java:410)
	at com.kms.katalon.core.main.TestCaseExecutor.execute(TestCaseExecutor.java:285)
	at com.kms.katalon.core.common.CommonExecutor.accessTestCaseMainPhase(CommonExecutor.java:65)
	at com.kms.katalon.core.main.TestSuiteExecutor.accessTestSuiteMainPhase(TestSuiteExecutor.java:148)
	at com.kms.katalon.core.main.TestSuiteExecutor.execute(TestSuiteExecutor.java:106)
	at com.kms.katalon.core.main.TestCaseMain.startTestSuite(TestCaseMain.java:187)
	at com.kms.katalon.core.main.TestCaseMain$startTestSuite$0.call(Unknown Source)
	at TempTestSuite1696838480513.run(TempTestSuite1696838480513.groovy:36)
Caused by: com.kms.katalon.core.webui.exception.WebElementNotFoundException: Web element with id: 'Object Repository/Projects/TC020-Verify user can restore a archived project/Page_Landingly  Projects/svg_new optin project_feather feather-corne_a5ecad' located by '//button[@class='btn btn-icon mr-1 btn-outline-primary']' not found
	at com.kms.katalon.core.webui.common.WebUiCommonHelper.findWebElement(WebUiCommonHelper.java:1381)
	at com.kms.katalon.core.webui.keyword.internal.WebUIAbstractKeyword.findWebElement(WebUIAbstractKeyword.groovy:27)
	at com.kms.katalon.core.webui.keyword.builtin.ClickKeyword$_click_closure1.doCall(ClickKeyword.groovy:65)
	at com.kms.katalon.core.webui.keyword.builtin.ClickKeyword$_click_closure1.call(ClickKeyword.groovy)
	at com.kms.katalon.core.webui.keyword.internal.WebUIKeywordMain.runKeyword(WebUIKeywordMain.groovy:20)
	at com.kms.katalon.core.webui.keyword.builtin.ClickKeyword.click(ClickKeyword.groovy:74)
	at com.kms.katalon.core.webui.keyword.builtin.ClickKeyword.execute(ClickKeyword.groovy:40)
	at com.kms.katalon.core.keyword.internal.KeywordExecutor.executeKeywordForPlatform(KeywordExecutor.groovy:74)
	at com.kms.katalon.core.webui.keyword.WebUiBuiltInKeywords.click(WebUiBuiltInKeywords.groovy:620)
	at com.kms.katalon.core.webui.keyword.WebUiBuiltInKeywords$click$3.call(Unknown Source)
	at Script1695816008180.run(Script1695816008180.groovy:38)
	... 13 more
)

2023-10-09 13:13:29 - [MESSAGE][INFO] - Unable to find the element located by 'By.xpath: //button[@class='btn btn-icon mr-1 btn-outline-primary']'. Please recheck the objects properties to make sure the desired element is located. 

2023-10-09 13:13:30 - [MESSAGE][FAILED] - Unable to click on object 'Object Repository/Projects/TC020-Verify user can restore a archived project/Page_Landingly  Projects/svg_new optin project_feather feather-corne_a5ecad' (Root cause: com.kms.katalon.core.exception.StepFailedException: Unable to click on object 'Object Repository/Projects/TC020-Verify user can restore a archived project/Page_Landingly  Projects/svg_new optin project_feather feather-corne_a5ecad'
	at com.kms.katalon.core.webui.keyword.internal.WebUIKeywordMain.stepFailed(WebUIKeywordMain.groovy:64)
	at com.kms.katalon.core.webui.keyword.internal.WebUIKeywordMain.runKeyword(WebUIKeywordMain.groovy:26)
	at com.kms.katalon.core.webui.keyword.builtin.ClickKeyword.click(ClickKeyword.groovy:74)
	at com.kms.katalon.core.webui.keyword.builtin.ClickKeyword.execute(ClickKeyword.groovy:40)
	at com.kms.katalon.core.keyword.internal.KeywordExecutor.executeKeywordForPlatform(KeywordExecutor.groovy:74)
	at com.kms.katalon.core.webui.keyword.WebUiBuiltInKeywords.click(WebUiBuiltInKeywords.groovy:620)
	at com.kms.katalon.core.webui.keyword.WebUiBuiltInKeywords$click$3.call(Unknown Source)
	at TC020-Verify user can restore a archived project.run(TC020-Verify user can restore a archived project:38)
	at com.kms.katalon.core.main.ScriptEngine.run(ScriptEngine.java:194)
	at com.kms.katalon.core.main.ScriptEngine.runScriptAsRawText(ScriptEngine.java:119)
	at com.kms.katalon.core.main.TestCaseExecutor.runScript(TestCaseExecutor.java:448)
	at com.kms.katalon.core.main.TestCaseExecutor.doExecute(TestCaseExecutor.java:439)
	at com.kms.katalon.core.main.TestCaseExecutor.processExecutionPhase(TestCaseExecutor.java:418)
	at com.kms.katalon.core.main.TestCaseExecutor.accessMainPhase(TestCaseExecutor.java:410)
	at com.kms.katalon.core.main.TestCaseExecutor.execute(TestCaseExecutor.java:285)
	at com.kms.katalon.core.common.CommonExecutor.accessTestCaseMainPhase(CommonExecutor.java:65)
	at com.kms.katalon.core.main.TestSuiteExecutor.accessTestSuiteMainPhase(TestSuiteExecutor.java:148)
	at com.kms.katalon.core.main.TestSuiteExecutor.execute(TestSuiteExecutor.java:106)
	at com.kms.katalon.core.main.TestCaseMain.startTestSuite(TestCaseMain.java:187)
	at com.kms.katalon.core.main.TestCaseMain$startTestSuite$0.call(Unknown Source)
	at TempTestSuite1696838480513.run(TempTestSuite1696838480513.groovy:36)
Caused by: com.kms.katalon.core.webui.exception.WebElementNotFoundException: Web element with id: 'Object Repository/Projects/TC020-Verify user can restore a archived project/Page_Landingly  Projects/svg_new optin project_feather feather-corne_a5ecad' located by '//button[@class='btn btn-icon mr-1 btn-outline-primary']' not found
	at com.kms.katalon.core.webui.common.WebUiCommonHelper.findWebElement(WebUiCommonHelper.java:1381)
	at com.kms.katalon.core.webui.keyword.internal.WebUIAbstractKeyword.findWebElement(WebUIAbstractKeyword.groovy:27)
	at com.kms.katalon.core.webui.keyword.builtin.ClickKeyword$_click_closure1.doCall(ClickKeyword.groovy:65)
	at com.kms.katalon.core.webui.keyword.builtin.ClickKeyword$_click_closure1.call(ClickKeyword.groovy)
	at com.kms.katalon.core.webui.keyword.internal.WebUIKeywordMain.runKeyword(WebUIKeywordMain.groovy:20)
	at com.kms.katalon.core.webui.keyword.builtin.ClickKeyword.click(ClickKeyword.groovy:74)
	at com.kms.katalon.core.webui.keyword.builtin.ClickKeyword.execute(ClickKeyword.groovy:40)
	at com.kms.katalon.core.keyword.internal.KeywordExecutor.executeKeywordForPlatform(KeywordExecutor.groovy:74)
	at com.kms.katalon.core.webui.keyword.WebUiBuiltInKeywords.click(WebUiBuiltInKeywords.groovy:620)
	at com.kms.katalon.core.webui.keyword.WebUiBuiltInKeywords$click$3.call(Unknown Source)
	at Script1695816008180.run(Script1695816008180.groovy:38)
	... 13 more
)
[[ATTACHMENT|C:\\Users\\TDS\\git\\Landingly\\Reports\\20231009_130120\\Landingly\\20231009_130120\\1696839209805.png]]]]></system-out>
         <system-err><![CDATA[2023-10-09 13:12:32 - [TEST_CASE][FAILED] - Test Cases/Projects/TC020-Verify user can restore a archived project: Test Cases/Projects/TC020-Verify user can restore a archived project FAILED.
Reason:
com.kms.katalon.core.exception.StepFailedException: Unable to click on object 'Object Repository/Projects/TC020-Verify user can restore a archived project/Page_Landingly  Projects/svg_new optin project_feather feather-corne_a5ecad'
	at com.kms.katalon.core.webui.keyword.internal.WebUIKeywordMain.stepFailed(WebUIKeywordMain.groovy:64)
	at com.kms.katalon.core.webui.keyword.internal.WebUIKeywordMain.runKeyword(WebUIKeywordMain.groovy:26)
	at com.kms.katalon.core.webui.keyword.builtin.ClickKeyword.click(ClickKeyword.groovy:74)
	at com.kms.katalon.core.webui.keyword.builtin.ClickKeyword.execute(ClickKeyword.groovy:40)
	at com.kms.katalon.core.keyword.internal.KeywordExecutor.executeKeywordForPlatform(KeywordExecutor.groovy:74)
	at com.kms.katalon.core.webui.keyword.WebUiBuiltInKeywords.click(WebUiBuiltInKeywords.groovy:620)
	at com.kms.katalon.core.webui.keyword.WebUiBuiltInKeywords$click$3.call(Unknown Source)
	at TC020-Verify user can restore a archived project.run(TC020-Verify user can restore a archived project:38)
	at com.kms.katalon.core.main.ScriptEngine.run(ScriptEngine.java:194)
	at com.kms.katalon.core.main.ScriptEngine.runScriptAsRawText(ScriptEngine.java:119)
	at com.kms.katalon.core.main.TestCaseExecutor.runScript(TestCaseExecutor.java:448)
	at com.kms.katalon.core.main.TestCaseExecutor.doExecute(TestCaseExecutor.java:439)
	at com.kms.katalon.core.main.TestCaseExecutor.processExecutionPhase(TestCaseExecutor.java:418)
	at com.kms.katalon.core.main.TestCaseExecutor.accessMainPhase(TestCaseExecutor.java:410)
	at com.kms.katalon.core.main.TestCaseExecutor.execute(TestCaseExecutor.java:285)
	at com.kms.katalon.core.common.CommonExecutor.accessTestCaseMainPhase(CommonExecutor.java:65)
	at com.kms.katalon.core.main.TestSuiteExecutor.accessTestSuiteMainPhase(TestSuiteExecutor.java:148)
	at com.kms.katalon.core.main.TestSuiteExecutor.execute(TestSuiteExecutor.java:106)
	at com.kms.katalon.core.main.TestCaseMain.startTestSuite(TestCaseMain.java:187)
	at com.kms.katalon.core.main.TestCaseMain$startTestSuite$0.call(Unknown Source)
	at TempTestSuite1696838480513.run(TempTestSuite1696838480513.groovy:36)
Caused by: com.kms.katalon.core.webui.exception.WebElementNotFoundException: Web element with id: 'Object Repository/Projects/TC020-Verify user can restore a archived project/Page_Landingly  Projects/svg_new optin project_feather feather-corne_a5ecad' located by '//button[@class='btn btn-icon mr-1 btn-outline-primary']' not found
	at com.kms.katalon.core.webui.common.WebUiCommonHelper.findWebElement(WebUiCommonHelper.java:1381)
	at com.kms.katalon.core.webui.keyword.internal.WebUIAbstractKeyword.findWebElement(WebUIAbstractKeyword.groovy:27)
	at com.kms.katalon.core.webui.keyword.builtin.ClickKeyword$_click_closure1.doCall(ClickKeyword.groovy:65)
	at com.kms.katalon.core.webui.keyword.builtin.ClickKeyword$_click_closure1.call(ClickKeyword.groovy)
	at com.kms.katalon.core.webui.keyword.internal.WebUIKeywordMain.runKeyword(WebUIKeywordMain.groovy:20)
	... 19 more]]></system-err>
      </testcase>
      <testcase name="Test Cases/Projects/TC021-Verify user can clone a project" time="52.753" classname="Test Cases/Projects/TC021-Verify user can clone a project" status="FAILED">
         <failure type="FAILED" message="Test Cases/Projects/TC021-Verify user can clone a project FAILED.
Reason:
com.kms.katalon.core.exception.StepFailedException: Unable to click on object 'Object Repository/Projects/TC021-Verify user can clone a project/Page_Landingly  Projects/button_Clone'
	at com.kms.katalon.core.webui.keyword.internal.WebUIKeywordMain.stepFailed(WebUIKeywordMain.groovy:64)
	at com.kms.katalon.core.webui.keyword.internal.WebUIKeywordMain.runKeyword(WebUIKeywordMain.groovy:26)
	at com.kms.katalon.core.webui.keyword.builtin.ClickKeyword.click(ClickKeyword.groovy:74)
	at com.kms.katalon.core.webui.keyword.builtin.ClickKeyword.execute(ClickKeyword.groovy:40)
	at com.kms.katalon.core.keyword.internal.KeywordExecutor.executeKeywordForPlatform(KeywordExecutor.groovy:74)
	at com.kms.katalon.core.webui.keyword.WebUiBuiltInKeywords.click(WebUiBuiltInKeywords.groovy:620)
	at com.kms.katalon.core.webui.keyword.WebUiBuiltInKeywords$click$3.call(Unknown Source)
	at TC021-Verify user can clone a project.run(TC021-Verify user can clone a project:38)
	at com.kms.katalon.core.main.ScriptEngine.run(ScriptEngine.java:194)
	at com.kms.katalon.core.main.ScriptEngine.runScriptAsRawText(ScriptEngine.java:119)
	at com.kms.katalon.core.main.TestCaseExecutor.runScript(TestCaseExecutor.java:448)
	at com.kms.katalon.core.main.TestCaseExecutor.doExecute(TestCaseExecutor.java:439)
	at com.kms.katalon.core.main.TestCaseExecutor.processExecutionPhase(TestCaseExecutor.java:418)
	at com.kms.katalon.core.main.TestCaseExecutor.accessMainPhase(TestCaseExecutor.java:410)
	at com.kms.katalon.core.main.TestCaseExecutor.execute(TestCaseExecutor.java:285)
	at com.kms.katalon.core.common.CommonExecutor.accessTestCaseMainPhase(CommonExecutor.java:65)
	at com.kms.katalon.core.main.TestSuiteExecutor.accessTestSuiteMainPhase(TestSuiteExecutor.java:148)
	at com.kms.katalon.core.main.TestSuiteExecutor.execute(TestSuiteExecutor.java:106)
	at com.kms.katalon.core.main.TestCaseMain.startTestSuite(TestCaseMain.java:187)
	at com.kms.katalon.core.main.TestCaseMain$startTestSuite$0.call(Unknown Source)
	at TempTestSuite1696838480513.run(TempTestSuite1696838480513.groovy:36)
Caused by: com.kms.katalon.core.webui.exception.WebElementNotFoundException: Web element with id: 'Object Repository/Projects/TC021-Verify user can clone a project/Page_Landingly  Projects/button_Clone' located by '' not found
	at com.kms.katalon.core.webui.common.WebUiCommonHelper.findWebElement(WebUiCommonHelper.java:1381)
	at com.kms.katalon.core.webui.keyword.internal.WebUIAbstractKeyword.findWebElement(WebUIAbstractKeyword.groovy:27)
	at com.kms.katalon.core.webui.keyword.builtin.ClickKeyword$_click_closure1.doCall(ClickKeyword.groovy:65)
	at com.kms.katalon.core.webui.keyword.builtin.ClickKeyword$_click_closure1.call(ClickKeyword.groovy)
	at com.kms.katalon.core.webui.keyword.internal.WebUIKeywordMain.runKeyword(WebUIKeywordMain.groovy:20)
	... 19 more
"/>
         <system-out><![CDATA[2023-10-09 13:13:30 - [TEST_CASE][FAILED] - Test Cases/Projects/TC021-Verify user can clone a project: Test Cases/Projects/TC021-Verify user can clone a project FAILED.
Reason:
com.kms.katalon.core.exception.StepFailedException: Unable to click on object 'Object Repository/Projects/TC021-Verify user can clone a project/Page_Landingly  Projects/button_Clone'
	at com.kms.katalon.core.webui.keyword.internal.WebUIKeywordMain.stepFailed(WebUIKeywordMain.groovy:64)
	at com.kms.katalon.core.webui.keyword.internal.WebUIKeywordMain.runKeyword(WebUIKeywordMain.groovy:26)
	at com.kms.katalon.core.webui.keyword.builtin.ClickKeyword.click(ClickKeyword.groovy:74)
	at com.kms.katalon.core.webui.keyword.builtin.ClickKeyword.execute(ClickKeyword.groovy:40)
	at com.kms.katalon.core.keyword.internal.KeywordExecutor.executeKeywordForPlatform(KeywordExecutor.groovy:74)
	at com.kms.katalon.core.webui.keyword.WebUiBuiltInKeywords.click(WebUiBuiltInKeywords.groovy:620)
	at com.kms.katalon.core.webui.keyword.WebUiBuiltInKeywords$click$3.call(Unknown Source)
	at TC021-Verify user can clone a project.run(TC021-Verify user can clone a project:38)
	at com.kms.katalon.core.main.ScriptEngine.run(ScriptEngine.java:194)
	at com.kms.katalon.core.main.ScriptEngine.runScriptAsRawText(ScriptEngine.java:119)
	at com.kms.katalon.core.main.TestCaseExecutor.runScript(TestCaseExecutor.java:448)
	at com.kms.katalon.core.main.TestCaseExecutor.doExecute(TestCaseExecutor.java:439)
	at com.kms.katalon.core.main.TestCaseExecutor.processExecutionPhase(TestCaseExecutor.java:418)
	at com.kms.katalon.core.main.TestCaseExecutor.accessMainPhase(TestCaseExecutor.java:410)
	at com.kms.katalon.core.main.TestCaseExecutor.execute(TestCaseExecutor.java:285)
	at com.kms.katalon.core.common.CommonExecutor.accessTestCaseMainPhase(CommonExecutor.java:65)
	at com.kms.katalon.core.main.TestSuiteExecutor.accessTestSuiteMainPhase(TestSuiteExecutor.java:148)
	at com.kms.katalon.core.main.TestSuiteExecutor.execute(TestSuiteExecutor.java:106)
	at com.kms.katalon.core.main.TestCaseMain.startTestSuite(TestCaseMain.java:187)
	at com.kms.katalon.core.main.TestCaseMain$startTestSuite$0.call(Unknown Source)
	at TempTestSuite1696838480513.run(TempTestSuite1696838480513.groovy:36)
Caused by: com.kms.katalon.core.webui.exception.WebElementNotFoundException: Web element with id: 'Object Repository/Projects/TC021-Verify user can clone a project/Page_Landingly  Projects/button_Clone' located by '' not found
	at com.kms.katalon.core.webui.common.WebUiCommonHelper.findWebElement(WebUiCommonHelper.java:1381)
	at com.kms.katalon.core.webui.keyword.internal.WebUIAbstractKeyword.findWebElement(WebUIAbstractKeyword.groovy:27)
	at com.kms.katalon.core.webui.keyword.builtin.ClickKeyword$_click_closure1.doCall(ClickKeyword.groovy:65)
	at com.kms.katalon.core.webui.keyword.builtin.ClickKeyword$_click_closure1.call(ClickKeyword.groovy)
	at com.kms.katalon.core.webui.keyword.internal.WebUIKeywordMain.runKeyword(WebUIKeywordMain.groovy:20)
	... 19 more


2023-10-09 13:13:31 - [TEST_STEP][PASSED] - openBrowser(""): Browser is opened with url: ''

2023-10-09 13:13:31 - [MESSAGE][WARNING] - A browser is already opened. Closing browser and opening a new one

2023-10-09 13:13:32 - [MESSAGE][INFO] - Starting 'Chrome' driver

2023-10-09 13:13:32 - [MESSAGE][INFO] - Action delay is set to 0 milliseconds

2023-10-09 13:13:35 - [MESSAGE][PASSED] - Browser is opened with url: ''

2023-10-09 13:13:35 - [TEST_STEP][PASSED] - maximizeWindow(): Current window maximized

2023-10-09 13:13:35 - [MESSAGE][PASSED] - Current window maximized

2023-10-09 13:13:35 - [TEST_STEP][PASSED] - navigateToUrl("https://app.landingly.com/"): Navigate to 'https://app.landingly.com/' successfully

2023-10-09 13:13:42 - [MESSAGE][PASSED] - Navigate to 'https://app.landingly.com/' successfully

2023-10-09 13:13:42 - [TEST_STEP][PASSED] - setText(findTestObject("Object Repository/Projects/TC021-Verify user can clone a project/Page_Landingly  Login/input_Email_login-email"), "sqaahmadtahir@gmail.com"): Text 'sqaahmadtahir@gmail.com' is set on object 'Object Repository/Projects/TC021-Verify user can clone a project/Page_Landingly  Login/input_Email_login-email'

2023-10-09 13:13:43 - [MESSAGE][PASSED] - Text 'sqaahmadtahir@gmail.com' is set on object 'Object Repository/Projects/TC021-Verify user can clone a project/Page_Landingly  Login/input_Email_login-email'

2023-10-09 13:13:43 - [TEST_STEP][PASSED] - setEncryptedText(findTestObject("Object Repository/Projects/TC021-Verify user can clone a project/Page_Landingly  Login/input_Forgot Password_login-password"), "/5S6MFFLcE5DAenbZpYNsQ=="): Text ****** has been set on object 'Object Repository/Projects/TC021-Verify user can clone a project/Page_Landingly  Login/input_Forgot Password_login-password'

2023-10-09 13:13:44 - [MESSAGE][PASSED] - Text ****** has been set on object 'Object Repository/Projects/TC021-Verify user can clone a project/Page_Landingly  Login/input_Forgot Password_login-password'

2023-10-09 13:13:44 - [TEST_STEP][PASSED] - click(findTestObject("Object Repository/Projects/TC021-Verify user can clone a project/Page_Landingly  Login/button_Sign in")): Object: 'Object Repository/Projects/TC021-Verify user can clone a project/Page_Landingly  Login/button_Sign in' is clicked on

2023-10-09 13:13:44 - [MESSAGE][PASSED] - Object: 'Object Repository/Projects/TC021-Verify user can clone a project/Page_Landingly  Login/button_Sign in' is clicked on

2023-10-09 13:13:44 - [TEST_STEP][PASSED] - click(findTestObject("Object Repository/Projects/TC021-Verify user can clone a project/Page_Landingly/a_Projects")): Object: 'Object Repository/Projects/TC021-Verify user can clone a project/Page_Landingly/a_Projects' is clicked on

2023-10-09 13:13:46 - [MESSAGE][PASSED] - Object: 'Object Repository/Projects/TC021-Verify user can clone a project/Page_Landingly/a_Projects' is clicked on

2023-10-09 13:13:46 - [TEST_STEP][PASSED] - click(findTestObject("Object Repository/Projects/TC021-Verify user can clone a project/Page_Landingly  Projects/button_View Project_btn btn-icon pull-right_e2b191")): Object: 'Object Repository/Projects/TC021-Verify user can clone a project/Page_Landingly  Projects/button_View Project_btn btn-icon pull-right_e2b191' is clicked on

2023-10-09 13:13:50 - [MESSAGE][PASSED] - Object: 'Object Repository/Projects/TC021-Verify user can clone a project/Page_Landingly  Projects/button_View Project_btn btn-icon pull-right_e2b191' is clicked on

2023-10-09 13:13:50 - [TEST_STEP][FAILED] - click(findTestObject("Object Repository/Projects/TC021-Verify user can clone a project/Page_Landingly  Projects/button_Clone")): Unable to click on object 'Object Repository/Projects/TC021-Verify user can clone a project/Page_Landingly  Projects/button_Clone' (Root cause: com.kms.katalon.core.exception.StepFailedException: Unable to click on object 'Object Repository/Projects/TC021-Verify user can clone a project/Page_Landingly  Projects/button_Clone'
	at com.kms.katalon.core.webui.keyword.internal.WebUIKeywordMain.stepFailed(WebUIKeywordMain.groovy:64)
	at com.kms.katalon.core.webui.keyword.internal.WebUIKeywordMain.runKeyword(WebUIKeywordMain.groovy:26)
	at com.kms.katalon.core.webui.keyword.builtin.ClickKeyword.click(ClickKeyword.groovy:74)
	at com.kms.katalon.core.webui.keyword.builtin.ClickKeyword.execute(ClickKeyword.groovy:40)
	at com.kms.katalon.core.keyword.internal.KeywordExecutor.executeKeywordForPlatform(KeywordExecutor.groovy:74)
	at com.kms.katalon.core.webui.keyword.WebUiBuiltInKeywords.click(WebUiBuiltInKeywords.groovy:620)
	at com.kms.katalon.core.webui.keyword.WebUiBuiltInKeywords$click$3.call(Unknown Source)
	at TC021-Verify user can clone a project.run(TC021-Verify user can clone a project:38)
	at com.kms.katalon.core.main.ScriptEngine.run(ScriptEngine.java:194)
	at com.kms.katalon.core.main.ScriptEngine.runScriptAsRawText(ScriptEngine.java:119)
	at com.kms.katalon.core.main.TestCaseExecutor.runScript(TestCaseExecutor.java:448)
	at com.kms.katalon.core.main.TestCaseExecutor.doExecute(TestCaseExecutor.java:439)
	at com.kms.katalon.core.main.TestCaseExecutor.processExecutionPhase(TestCaseExecutor.java:418)
	at com.kms.katalon.core.main.TestCaseExecutor.accessMainPhase(TestCaseExecutor.java:410)
	at com.kms.katalon.core.main.TestCaseExecutor.execute(TestCaseExecutor.java:285)
	at com.kms.katalon.core.common.CommonExecutor.accessTestCaseMainPhase(CommonExecutor.java:65)
	at com.kms.katalon.core.main.TestSuiteExecutor.accessTestSuiteMainPhase(TestSuiteExecutor.java:148)
	at com.kms.katalon.core.main.TestSuiteExecutor.execute(TestSuiteExecutor.java:106)
	at com.kms.katalon.core.main.TestCaseMain.startTestSuite(TestCaseMain.java:187)
	at com.kms.katalon.core.main.TestCaseMain$startTestSuite$0.call(Unknown Source)
	at TempTestSuite1696838480513.run(TempTestSuite1696838480513.groovy:36)
Caused by: com.kms.katalon.core.webui.exception.WebElementNotFoundException: Web element with id: 'Object Repository/Projects/TC021-Verify user can clone a project/Page_Landingly  Projects/button_Clone' located by '' not found
	at com.kms.katalon.core.webui.common.WebUiCommonHelper.findWebElement(WebUiCommonHelper.java:1381)
	at com.kms.katalon.core.webui.keyword.internal.WebUIAbstractKeyword.findWebElement(WebUIAbstractKeyword.groovy:27)
	at com.kms.katalon.core.webui.keyword.builtin.ClickKeyword$_click_closure1.doCall(ClickKeyword.groovy:65)
	at com.kms.katalon.core.webui.keyword.builtin.ClickKeyword$_click_closure1.call(ClickKeyword.groovy)
	at com.kms.katalon.core.webui.keyword.internal.WebUIKeywordMain.runKeyword(WebUIKeywordMain.groovy:20)
	at com.kms.katalon.core.webui.keyword.builtin.ClickKeyword.click(ClickKeyword.groovy:74)
	at com.kms.katalon.core.webui.keyword.builtin.ClickKeyword.execute(ClickKeyword.groovy:40)
	at com.kms.katalon.core.keyword.internal.KeywordExecutor.executeKeywordForPlatform(KeywordExecutor.groovy:74)
	at com.kms.katalon.core.webui.keyword.WebUiBuiltInKeywords.click(WebUiBuiltInKeywords.groovy:620)
	at com.kms.katalon.core.webui.keyword.WebUiBuiltInKeywords$click$3.call(Unknown Source)
	at Script1696313426064.run(Script1696313426064.groovy:38)
	... 13 more
)

2023-10-09 13:14:22 - [MESSAGE][INFO] - Unable to find the element located by 'By.xpath: '. Please recheck the objects properties to make sure the desired element is located. 

2023-10-09 13:14:22 - [MESSAGE][FAILED] - Unable to click on object 'Object Repository/Projects/TC021-Verify user can clone a project/Page_Landingly  Projects/button_Clone' (Root cause: com.kms.katalon.core.exception.StepFailedException: Unable to click on object 'Object Repository/Projects/TC021-Verify user can clone a project/Page_Landingly  Projects/button_Clone'
	at com.kms.katalon.core.webui.keyword.internal.WebUIKeywordMain.stepFailed(WebUIKeywordMain.groovy:64)
	at com.kms.katalon.core.webui.keyword.internal.WebUIKeywordMain.runKeyword(WebUIKeywordMain.groovy:26)
	at com.kms.katalon.core.webui.keyword.builtin.ClickKeyword.click(ClickKeyword.groovy:74)
	at com.kms.katalon.core.webui.keyword.builtin.ClickKeyword.execute(ClickKeyword.groovy:40)
	at com.kms.katalon.core.keyword.internal.KeywordExecutor.executeKeywordForPlatform(KeywordExecutor.groovy:74)
	at com.kms.katalon.core.webui.keyword.WebUiBuiltInKeywords.click(WebUiBuiltInKeywords.groovy:620)
	at com.kms.katalon.core.webui.keyword.WebUiBuiltInKeywords$click$3.call(Unknown Source)
	at TC021-Verify user can clone a project.run(TC021-Verify user can clone a project:38)
	at com.kms.katalon.core.main.ScriptEngine.run(ScriptEngine.java:194)
	at com.kms.katalon.core.main.ScriptEngine.runScriptAsRawText(ScriptEngine.java:119)
	at com.kms.katalon.core.main.TestCaseExecutor.runScript(TestCaseExecutor.java:448)
	at com.kms.katalon.core.main.TestCaseExecutor.doExecute(TestCaseExecutor.java:439)
	at com.kms.katalon.core.main.TestCaseExecutor.processExecutionPhase(TestCaseExecutor.java:418)
	at com.kms.katalon.core.main.TestCaseExecutor.accessMainPhase(TestCaseExecutor.java:410)
	at com.kms.katalon.core.main.TestCaseExecutor.execute(TestCaseExecutor.java:285)
	at com.kms.katalon.core.common.CommonExecutor.accessTestCaseMainPhase(CommonExecutor.java:65)
	at com.kms.katalon.core.main.TestSuiteExecutor.accessTestSuiteMainPhase(TestSuiteExecutor.java:148)
	at com.kms.katalon.core.main.TestSuiteExecutor.execute(TestSuiteExecutor.java:106)
	at com.kms.katalon.core.main.TestCaseMain.startTestSuite(TestCaseMain.java:187)
	at com.kms.katalon.core.main.TestCaseMain$startTestSuite$0.call(Unknown Source)
	at TempTestSuite1696838480513.run(TempTestSuite1696838480513.groovy:36)
Caused by: com.kms.katalon.core.webui.exception.WebElementNotFoundException: Web element with id: 'Object Repository/Projects/TC021-Verify user can clone a project/Page_Landingly  Projects/button_Clone' located by '' not found
	at com.kms.katalon.core.webui.common.WebUiCommonHelper.findWebElement(WebUiCommonHelper.java:1381)
	at com.kms.katalon.core.webui.keyword.internal.WebUIAbstractKeyword.findWebElement(WebUIAbstractKeyword.groovy:27)
	at com.kms.katalon.core.webui.keyword.builtin.ClickKeyword$_click_closure1.doCall(ClickKeyword.groovy:65)
	at com.kms.katalon.core.webui.keyword.builtin.ClickKeyword$_click_closure1.call(ClickKeyword.groovy)
	at com.kms.katalon.core.webui.keyword.internal.WebUIKeywordMain.runKeyword(WebUIKeywordMain.groovy:20)
	at com.kms.katalon.core.webui.keyword.builtin.ClickKeyword.click(ClickKeyword.groovy:74)
	at com.kms.katalon.core.webui.keyword.builtin.ClickKeyword.execute(ClickKeyword.groovy:40)
	at com.kms.katalon.core.keyword.internal.KeywordExecutor.executeKeywordForPlatform(KeywordExecutor.groovy:74)
	at com.kms.katalon.core.webui.keyword.WebUiBuiltInKeywords.click(WebUiBuiltInKeywords.groovy:620)
	at com.kms.katalon.core.webui.keyword.WebUiBuiltInKeywords$click$3.call(Unknown Source)
	at Script1696313426064.run(Script1696313426064.groovy:38)
	... 13 more
)
[[ATTACHMENT|C:\\Users\\TDS\\git\\Landingly\\Reports\\20231009_130120\\Landingly\\20231009_130120\\1696839262558.png]]]]></system-out>
         <system-err><![CDATA[2023-10-09 13:13:30 - [TEST_CASE][FAILED] - Test Cases/Projects/TC021-Verify user can clone a project: Test Cases/Projects/TC021-Verify user can clone a project FAILED.
Reason:
com.kms.katalon.core.exception.StepFailedException: Unable to click on object 'Object Repository/Projects/TC021-Verify user can clone a project/Page_Landingly  Projects/button_Clone'
	at com.kms.katalon.core.webui.keyword.internal.WebUIKeywordMain.stepFailed(WebUIKeywordMain.groovy:64)
	at com.kms.katalon.core.webui.keyword.internal.WebUIKeywordMain.runKeyword(WebUIKeywordMain.groovy:26)
	at com.kms.katalon.core.webui.keyword.builtin.ClickKeyword.click(ClickKeyword.groovy:74)
	at com.kms.katalon.core.webui.keyword.builtin.ClickKeyword.execute(ClickKeyword.groovy:40)
	at com.kms.katalon.core.keyword.internal.KeywordExecutor.executeKeywordForPlatform(KeywordExecutor.groovy:74)
	at com.kms.katalon.core.webui.keyword.WebUiBuiltInKeywords.click(WebUiBuiltInKeywords.groovy:620)
	at com.kms.katalon.core.webui.keyword.WebUiBuiltInKeywords$click$3.call(Unknown Source)
	at TC021-Verify user can clone a project.run(TC021-Verify user can clone a project:38)
	at com.kms.katalon.core.main.ScriptEngine.run(ScriptEngine.java:194)
	at com.kms.katalon.core.main.ScriptEngine.runScriptAsRawText(ScriptEngine.java:119)
	at com.kms.katalon.core.main.TestCaseExecutor.runScript(TestCaseExecutor.java:448)
	at com.kms.katalon.core.main.TestCaseExecutor.doExecute(TestCaseExecutor.java:439)
	at com.kms.katalon.core.main.TestCaseExecutor.processExecutionPhase(TestCaseExecutor.java:418)
	at com.kms.katalon.core.main.TestCaseExecutor.accessMainPhase(TestCaseExecutor.java:410)
	at com.kms.katalon.core.main.TestCaseExecutor.execute(TestCaseExecutor.java:285)
	at com.kms.katalon.core.common.CommonExecutor.accessTestCaseMainPhase(CommonExecutor.java:65)
	at com.kms.katalon.core.main.TestSuiteExecutor.accessTestSuiteMainPhase(TestSuiteExecutor.java:148)
	at com.kms.katalon.core.main.TestSuiteExecutor.execute(TestSuiteExecutor.java:106)
	at com.kms.katalon.core.main.TestCaseMain.startTestSuite(TestCaseMain.java:187)
	at com.kms.katalon.core.main.TestCaseMain$startTestSuite$0.call(Unknown Source)
	at TempTestSuite1696838480513.run(TempTestSuite1696838480513.groovy:36)
Caused by: com.kms.katalon.core.webui.exception.WebElementNotFoundException: Web element with id: 'Object Repository/Projects/TC021-Verify user can clone a project/Page_Landingly  Projects/button_Clone' located by '' not found
	at com.kms.katalon.core.webui.common.WebUiCommonHelper.findWebElement(WebUiCommonHelper.java:1381)
	at com.kms.katalon.core.webui.keyword.internal.WebUIAbstractKeyword.findWebElement(WebUIAbstractKeyword.groovy:27)
	at com.kms.katalon.core.webui.keyword.builtin.ClickKeyword$_click_closure1.doCall(ClickKeyword.groovy:65)
	at com.kms.katalon.core.webui.keyword.builtin.ClickKeyword$_click_closure1.call(ClickKeyword.groovy)
	at com.kms.katalon.core.webui.keyword.internal.WebUIKeywordMain.runKeyword(WebUIKeywordMain.groovy:20)
	... 19 more]]></system-err>
      </testcase>
      <testcase name="Test Cases/Projects/TC022-Verify user can edit template for sales or optin page" time="28.002" classname="Test Cases/Projects/TC022-Verify user can edit template for sales or optin page" status="PASSED">
         <system-out><![CDATA[2023-10-09 13:14:22 - [TEST_CASE][PASSED] - Test Cases/Projects/TC022-Verify user can edit template for sales or optin page: Test Cases/Projects/TC022-Verify user can edit template for sales or optin page

2023-10-09 13:14:23 - [TEST_STEP][PASSED] - openBrowser(""): Browser is opened with url: ''

2023-10-09 13:14:23 - [MESSAGE][WARNING] - A browser is already opened. Closing browser and opening a new one

2023-10-09 13:14:25 - [MESSAGE][INFO] - Starting 'Chrome' driver

2023-10-09 13:14:25 - [MESSAGE][INFO] - Action delay is set to 0 milliseconds

2023-10-09 13:14:27 - [MESSAGE][PASSED] - Browser is opened with url: ''

2023-10-09 13:14:27 - [TEST_STEP][PASSED] - maximizeWindow(): Current window maximized

2023-10-09 13:14:27 - [MESSAGE][PASSED] - Current window maximized

2023-10-09 13:14:27 - [TEST_STEP][PASSED] - navigateToUrl("https://app.landingly.com/"): Navigate to 'https://app.landingly.com/' successfully

2023-10-09 13:14:35 - [MESSAGE][PASSED] - Navigate to 'https://app.landingly.com/' successfully

2023-10-09 13:14:35 - [TEST_STEP][PASSED] - setText(findTestObject("Object Repository/Projects/TC022-Verify user can edit template for sales or optin page/Page_Landingly  Login/input_Email_login-email"), "sqaahmadtahir@gmail.com"): Text 'sqaahmadtahir@gmail.com' is set on object 'Object Repository/Projects/TC022-Verify user can edit template for sales or optin page/Page_Landingly  Login/input_Email_login-email'

2023-10-09 13:14:36 - [MESSAGE][PASSED] - Text 'sqaahmadtahir@gmail.com' is set on object 'Object Repository/Projects/TC022-Verify user can edit template for sales or optin page/Page_Landingly  Login/input_Email_login-email'

2023-10-09 13:14:36 - [TEST_STEP][PASSED] - setEncryptedText(findTestObject("Object Repository/Projects/TC022-Verify user can edit template for sales or optin page/Page_Landingly  Login/input_Forgot Password_login-password"), "/5S6MFFLcE5DAenbZpYNsQ=="): Text ****** has been set on object 'Object Repository/Projects/TC022-Verify user can edit template for sales or optin page/Page_Landingly  Login/input_Forgot Password_login-password'

2023-10-09 13:14:37 - [MESSAGE][PASSED] - Text ****** has been set on object 'Object Repository/Projects/TC022-Verify user can edit template for sales or optin page/Page_Landingly  Login/input_Forgot Password_login-password'

2023-10-09 13:14:37 - [TEST_STEP][PASSED] - click(findTestObject("Object Repository/Projects/TC022-Verify user can edit template for sales or optin page/Page_Landingly  Login/button_Sign in")): Object: 'Object Repository/Projects/TC022-Verify user can edit template for sales or optin page/Page_Landingly  Login/button_Sign in' is clicked on

2023-10-09 13:14:37 - [MESSAGE][PASSED] - Object: 'Object Repository/Projects/TC022-Verify user can edit template for sales or optin page/Page_Landingly  Login/button_Sign in' is clicked on

2023-10-09 13:14:37 - [TEST_STEP][PASSED] - click(findTestObject("Object Repository/Projects/TC022-Verify user can edit template for sales or optin page/Page_Landingly/a_Projects")): Object: 'Object Repository/Projects/TC022-Verify user can edit template for sales or optin page/Page_Landingly/a_Projects' is clicked on

2023-10-09 13:14:40 - [MESSAGE][PASSED] - Object: 'Object Repository/Projects/TC022-Verify user can edit template for sales or optin page/Page_Landingly/a_Projects' is clicked on

2023-10-09 13:14:40 - [TEST_STEP][PASSED] - click(findTestObject("Object Repository/Projects/TC022-Verify user can edit template for sales or optin page/Page_Landingly  Projects/a_View Project")): Object: 'Object Repository/Projects/TC022-Verify user can edit template for sales or optin page/Page_Landingly  Projects/a_View Project' is clicked on

2023-10-09 13:14:43 - [MESSAGE][PASSED] - Object: 'Object Repository/Projects/TC022-Verify user can edit template for sales or optin page/Page_Landingly  Projects/a_View Project' is clicked on

2023-10-09 13:14:43 - [TEST_STEP][PASSED] - click(findTestObject("Object Repository/Projects/TC022-Verify user can edit template for sales or optin page/Page_Landingly  Project Detail/a_Contacts_btn btn-icon btn-flat-primary")): Object: 'Object Repository/Projects/TC022-Verify user can edit template for sales or optin page/Page_Landingly  Project Detail/a_Contacts_btn btn-icon btn-flat-primary' is clicked on

2023-10-09 13:14:47 - [MESSAGE][PASSED] - Object: 'Object Repository/Projects/TC022-Verify user can edit template for sales or optin page/Page_Landingly  Project Detail/a_Contacts_btn btn-icon btn-flat-primary' is clicked on

2023-10-09 13:14:47 - [TEST_STEP][PASSED] - verifyElementText(findTestObject("Object Repository/Projects/TC022-Verify user can edit template for sales or optin page/Page_Landingly  Edit Project/span_Edit Project"), "Edit Project"): Actual text and expected text of test object 'Object Repository/Projects/TC022-Verify user can edit template for sales or optin page/Page_Landingly  Edit Project/span_Edit Project' are matched.

2023-10-09 13:14:49 - [MESSAGE][PASSED] - Actual text and expected text of test object 'Object Repository/Projects/TC022-Verify user can edit template for sales or optin page/Page_Landingly  Edit Project/span_Edit Project' are matched.

2023-10-09 13:14:49 - [TEST_STEP][PASSED] - closeBrowser(): Browser is closed

2023-10-09 13:14:50 - [MESSAGE][PASSED] - Browser is closed]]></system-out>
         <system-err><![CDATA[]]></system-err>
      </testcase>
      <testcase name="Test Cases/Projects/TC023-Verify user can edit template for both pages optin" time="28.105" classname="Test Cases/Projects/TC023-Verify user can edit template for both pages optin" status="FAILED">
         <failure type="FAILED" message="Test Cases/Projects/TC023-Verify user can edit template for both pages optin FAILED.
Reason:
com.kms.katalon.core.exception.StepFailedException: Unable to click on object 'Object Repository/Projects/TC023-Verify user can edit template for thankyou page/Page_Landingly/a_Projects'
	at com.kms.katalon.core.webui.keyword.internal.WebUIKeywordMain.stepFailed(WebUIKeywordMain.groovy:64)
	at com.kms.katalon.core.webui.keyword.internal.WebUIKeywordMain.runKeyword(WebUIKeywordMain.groovy:26)
	at com.kms.katalon.core.webui.keyword.builtin.ClickKeyword.click(ClickKeyword.groovy:74)
	at com.kms.katalon.core.webui.keyword.builtin.ClickKeyword.execute(ClickKeyword.groovy:40)
	at com.kms.katalon.core.keyword.internal.KeywordExecutor.executeKeywordForPlatform(KeywordExecutor.groovy:74)
	at com.kms.katalon.core.webui.keyword.WebUiBuiltInKeywords.click(WebUiBuiltInKeywords.groovy:620)
	at com.kms.katalon.core.webui.keyword.WebUiBuiltInKeywords$click$3.call(Unknown Source)
	at TC023-Verify user can edit template for both pages optin.run(TC023-Verify user can edit template for both pages optin:32)
	at com.kms.katalon.core.main.ScriptEngine.run(ScriptEngine.java:194)
	at com.kms.katalon.core.main.ScriptEngine.runScriptAsRawText(ScriptEngine.java:119)
	at com.kms.katalon.core.main.TestCaseExecutor.runScript(TestCaseExecutor.java:448)
	at com.kms.katalon.core.main.TestCaseExecutor.doExecute(TestCaseExecutor.java:439)
	at com.kms.katalon.core.main.TestCaseExecutor.processExecutionPhase(TestCaseExecutor.java:418)
	at com.kms.katalon.core.main.TestCaseExecutor.accessMainPhase(TestCaseExecutor.java:410)
	at com.kms.katalon.core.main.TestCaseExecutor.execute(TestCaseExecutor.java:285)
	at com.kms.katalon.core.common.CommonExecutor.accessTestCaseMainPhase(CommonExecutor.java:65)
	at com.kms.katalon.core.main.TestSuiteExecutor.accessTestSuiteMainPhase(TestSuiteExecutor.java:148)
	at com.kms.katalon.core.main.TestSuiteExecutor.execute(TestSuiteExecutor.java:106)
	at com.kms.katalon.core.main.TestCaseMain.startTestSuite(TestCaseMain.java:187)
	at com.kms.katalon.core.main.TestCaseMain$startTestSuite$0.call(Unknown Source)
	at TempTestSuite1696838480513.run(TempTestSuite1696838480513.groovy:36)
Caused by: org.openqa.selenium.ElementNotInteractableException: element not interactable
  (Session info: chrome=117.0.5938.149)
Build info: version: '3.141.59', revision: 'e82be7d358', time: '2018-11-14T08:25:53'
System info: host: 'DESKTOP-3BHH4MD', ip: '192.168.0.108', os.name: 'Windows 10', os.arch: 'amd64', os.version: '10.0', java.version: '1.8.0_362'
Driver info: com.kms.katalon.selenium.driver.CChromeDriver
Capabilities {acceptInsecureCerts: false, browserName: chrome, browserVersion: 117.0.5938.149, chrome: {chromedriverVersion: 116.0.5845.96 (1a3918166880..., userDataDir: C:\Users\TDS\AppData\Local\...}, fedcm:accounts: true, goog:chromeOptions: {debuggerAddress: localhost:55950}, javascriptEnabled: true, networkConnectionEnabled: false, pageLoadStrategy: normal, platform: WINDOWS, platformName: WINDOWS, proxy: Proxy(), setWindowRect: true, strictFileInteractability: false, timeouts: {implicit: 0, pageLoad: 300000, script: 30000}, unhandledPromptBehavior: dismiss and notify, webauthn:extension:credBlob: true, webauthn:extension:largeBlob: true, webauthn:extension:minPinLength: true, webauthn:extension:prf: true, webauthn:virtualAuthenticators: true}
Session ID: 0bc6af61d939fe80c5af6e7f568bea21
	at org.openqa.selenium.remote.http.W3CHttpResponseCodec.createException(W3CHttpResponseCodec.java:187)
	at org.openqa.selenium.remote.http.W3CHttpResponseCodec.decode(W3CHttpResponseCodec.java:122)
	at org.openqa.selenium.remote.http.W3CHttpResponseCodec.decode(W3CHttpResponseCodec.java:49)
	at org.openqa.selenium.remote.HttpCommandExecutor.execute(HttpCommandExecutor.java:158)
	at org.openqa.selenium.remote.service.DriverCommandExecutor.execute(DriverCommandExecutor.java:83)
	at org.openqa.selenium.remote.RemoteWebDriver.execute(RemoteWebDriver.java:552)
	at com.kms.katalon.selenium.driver.CChromeDriver.execute(CChromeDriver.java:19)
	at org.openqa.selenium.remote.RemoteWebElement.execute(RemoteWebElement.java:285)
	at org.openqa.selenium.remote.RemoteWebElement.click(RemoteWebElement.java:84)
	at org.openqa.selenium.support.events.EventFiringWebDriver$EventFiringWebElement.lambda$new$0(EventFiringWebDriver.java:404)
	at com.sun.proxy.$Proxy11.click(Unknown Source)
	at org.openqa.selenium.support.events.EventFiringWebDriver$EventFiringWebElement.click(EventFiringWebDriver.java:417)
	at org.openqa.selenium.WebElement$click.call(Unknown Source)
	at com.kms.katalon.core.webui.keyword.builtin.ClickKeyword.clickUntilSuccessWithTimeout(ClickKeyword.groovy:81)
	at com.kms.katalon.core.webui.keyword.builtin.ClickKeyword.clickUntilSuccessWithTimeout(ClickKeyword.groovy)
	at com.kms.katalon.core.webui.keyword.builtin.ClickKeyword$_click_closure1.doCall(ClickKeyword.groovy:67)
	at com.kms.katalon.core.webui.keyword.builtin.ClickKeyword$_click_closure1.call(ClickKeyword.groovy)
	at com.kms.katalon.core.webui.keyword.internal.WebUIKeywordMain.runKeyword(WebUIKeywordMain.groovy:20)
	... 19 more
"/>
         <system-out><![CDATA[2023-10-09 13:14:50 - [TEST_CASE][FAILED] - Test Cases/Projects/TC023-Verify user can edit template for both pages optin: Test Cases/Projects/TC023-Verify user can edit template for both pages optin FAILED.
Reason:
com.kms.katalon.core.exception.StepFailedException: Unable to click on object 'Object Repository/Projects/TC023-Verify user can edit template for thankyou page/Page_Landingly/a_Projects'
	at com.kms.katalon.core.webui.keyword.internal.WebUIKeywordMain.stepFailed(WebUIKeywordMain.groovy:64)
	at com.kms.katalon.core.webui.keyword.internal.WebUIKeywordMain.runKeyword(WebUIKeywordMain.groovy:26)
	at com.kms.katalon.core.webui.keyword.builtin.ClickKeyword.click(ClickKeyword.groovy:74)
	at com.kms.katalon.core.webui.keyword.builtin.ClickKeyword.execute(ClickKeyword.groovy:40)
	at com.kms.katalon.core.keyword.internal.KeywordExecutor.executeKeywordForPlatform(KeywordExecutor.groovy:74)
	at com.kms.katalon.core.webui.keyword.WebUiBuiltInKeywords.click(WebUiBuiltInKeywords.groovy:620)
	at com.kms.katalon.core.webui.keyword.WebUiBuiltInKeywords$click$3.call(Unknown Source)
	at TC023-Verify user can edit template for both pages optin.run(TC023-Verify user can edit template for both pages optin:32)
	at com.kms.katalon.core.main.ScriptEngine.run(ScriptEngine.java:194)
	at com.kms.katalon.core.main.ScriptEngine.runScriptAsRawText(ScriptEngine.java:119)
	at com.kms.katalon.core.main.TestCaseExecutor.runScript(TestCaseExecutor.java:448)
	at com.kms.katalon.core.main.TestCaseExecutor.doExecute(TestCaseExecutor.java:439)
	at com.kms.katalon.core.main.TestCaseExecutor.processExecutionPhase(TestCaseExecutor.java:418)
	at com.kms.katalon.core.main.TestCaseExecutor.accessMainPhase(TestCaseExecutor.java:410)
	at com.kms.katalon.core.main.TestCaseExecutor.execute(TestCaseExecutor.java:285)
	at com.kms.katalon.core.common.CommonExecutor.accessTestCaseMainPhase(CommonExecutor.java:65)
	at com.kms.katalon.core.main.TestSuiteExecutor.accessTestSuiteMainPhase(TestSuiteExecutor.java:148)
	at com.kms.katalon.core.main.TestSuiteExecutor.execute(TestSuiteExecutor.java:106)
	at com.kms.katalon.core.main.TestCaseMain.startTestSuite(TestCaseMain.java:187)
	at com.kms.katalon.core.main.TestCaseMain$startTestSuite$0.call(Unknown Source)
	at TempTestSuite1696838480513.run(TempTestSuite1696838480513.groovy:36)
Caused by: org.openqa.selenium.ElementNotInteractableException: element not interactable
  (Session info: chrome=117.0.5938.149)
Build info: version: '3.141.59', revision: 'e82be7d358', time: '2018-11-14T08:25:53'
System info: host: 'DESKTOP-3BHH4MD', ip: '192.168.0.108', os.name: 'Windows 10', os.arch: 'amd64', os.version: '10.0', java.version: '1.8.0_362'
Driver info: com.kms.katalon.selenium.driver.CChromeDriver
Capabilities {acceptInsecureCerts: false, browserName: chrome, browserVersion: 117.0.5938.149, chrome: {chromedriverVersion: 116.0.5845.96 (1a3918166880..., userDataDir: C:\Users\TDS\AppData\Local\...}, fedcm:accounts: true, goog:chromeOptions: {debuggerAddress: localhost:55950}, javascriptEnabled: true, networkConnectionEnabled: false, pageLoadStrategy: normal, platform: WINDOWS, platformName: WINDOWS, proxy: Proxy(), setWindowRect: true, strictFileInteractability: false, timeouts: {implicit: 0, pageLoad: 300000, script: 30000}, unhandledPromptBehavior: dismiss and notify, webauthn:extension:credBlob: true, webauthn:extension:largeBlob: true, webauthn:extension:minPinLength: true, webauthn:extension:prf: true, webauthn:virtualAuthenticators: true}
Session ID: 0bc6af61d939fe80c5af6e7f568bea21
	at org.openqa.selenium.remote.http.W3CHttpResponseCodec.createException(W3CHttpResponseCodec.java:187)
	at org.openqa.selenium.remote.http.W3CHttpResponseCodec.decode(W3CHttpResponseCodec.java:122)
	at org.openqa.selenium.remote.http.W3CHttpResponseCodec.decode(W3CHttpResponseCodec.java:49)
	at org.openqa.selenium.remote.HttpCommandExecutor.execute(HttpCommandExecutor.java:158)
	at org.openqa.selenium.remote.service.DriverCommandExecutor.execute(DriverCommandExecutor.java:83)
	at org.openqa.selenium.remote.RemoteWebDriver.execute(RemoteWebDriver.java:552)
	at com.kms.katalon.selenium.driver.CChromeDriver.execute(CChromeDriver.java:19)
	at org.openqa.selenium.remote.RemoteWebElement.execute(RemoteWebElement.java:285)
	at org.openqa.selenium.remote.RemoteWebElement.click(RemoteWebElement.java:84)
	at org.openqa.selenium.support.events.EventFiringWebDriver$EventFiringWebElement.lambda$new$0(EventFiringWebDriver.java:404)
	at com.sun.proxy.$Proxy11.click(Unknown Source)
	at org.openqa.selenium.support.events.EventFiringWebDriver$EventFiringWebElement.click(EventFiringWebDriver.java:417)
	at org.openqa.selenium.WebElement$click.call(Unknown Source)
	at com.kms.katalon.core.webui.keyword.builtin.ClickKeyword.clickUntilSuccessWithTimeout(ClickKeyword.groovy:81)
	at com.kms.katalon.core.webui.keyword.builtin.ClickKeyword.clickUntilSuccessWithTimeout(ClickKeyword.groovy)
	at com.kms.katalon.core.webui.keyword.builtin.ClickKeyword$_click_closure1.doCall(ClickKeyword.groovy:67)
	at com.kms.katalon.core.webui.keyword.builtin.ClickKeyword$_click_closure1.call(ClickKeyword.groovy)
	at com.kms.katalon.core.webui.keyword.internal.WebUIKeywordMain.runKeyword(WebUIKeywordMain.groovy:20)
	... 19 more


2023-10-09 13:14:52 - [TEST_STEP][PASSED] - openBrowser(""): Browser is opened with url: ''

2023-10-09 13:14:52 - [MESSAGE][INFO] - Starting 'Chrome' driver

2023-10-09 13:14:52 - [MESSAGE][INFO] - Action delay is set to 0 milliseconds

2023-10-09 13:14:54 - [MESSAGE][PASSED] - Browser is opened with url: ''

2023-10-09 13:14:54 - [TEST_STEP][PASSED] - navigateToUrl("https://app.landingly.com/"): Navigate to 'https://app.landingly.com/' successfully

2023-10-09 13:15:11 - [MESSAGE][PASSED] - Navigate to 'https://app.landingly.com/' successfully

2023-10-09 13:15:11 - [TEST_STEP][PASSED] - setText(findTestObject("Object Repository/Projects/TC023-Verify user can edit template for thankyou page/Page_Landingly  Login/input_Email_login-email"), "sqaahmadtahir@gmail.com"): Text 'sqaahmadtahir@gmail.com' is set on object 'Object Repository/Projects/TC023-Verify user can edit template for thankyou page/Page_Landingly  Login/input_Email_login-email'

2023-10-09 13:15:13 - [MESSAGE][PASSED] - Text 'sqaahmadtahir@gmail.com' is set on object 'Object Repository/Projects/TC023-Verify user can edit template for thankyou page/Page_Landingly  Login/input_Email_login-email'

2023-10-09 13:15:13 - [TEST_STEP][PASSED] - setEncryptedText(findTestObject("Object Repository/Projects/TC023-Verify user can edit template for thankyou page/Page_Landingly  Login/input_Forgot Password_login-password"), "/5S6MFFLcE5DAenbZpYNsQ=="): Text ****** has been set on object 'Object Repository/Projects/TC023-Verify user can edit template for thankyou page/Page_Landingly  Login/input_Forgot Password_login-password'

2023-10-09 13:15:13 - [MESSAGE][PASSED] - Text ****** has been set on object 'Object Repository/Projects/TC023-Verify user can edit template for thankyou page/Page_Landingly  Login/input_Forgot Password_login-password'

2023-10-09 13:15:13 - [TEST_STEP][PASSED] - click(findTestObject("Object Repository/Projects/TC023-Verify user can edit template for thankyou page/Page_Landingly  Login/button_Sign in")): Object: 'Object Repository/Projects/TC023-Verify user can edit template for thankyou page/Page_Landingly  Login/button_Sign in' is clicked on

2023-10-09 13:15:14 - [MESSAGE][PASSED] - Object: 'Object Repository/Projects/TC023-Verify user can edit template for thankyou page/Page_Landingly  Login/button_Sign in' is clicked on

2023-10-09 13:15:14 - [TEST_STEP][FAILED] - click(findTestObject("Object Repository/Projects/TC023-Verify user can edit template for thankyou page/Page_Landingly/a_Projects")): Unable to click on object 'Object Repository/Projects/TC023-Verify user can edit template for thankyou page/Page_Landingly/a_Projects' (Root cause: com.kms.katalon.core.exception.StepFailedException: Unable to click on object 'Object Repository/Projects/TC023-Verify user can edit template for thankyou page/Page_Landingly/a_Projects'
	at com.kms.katalon.core.webui.keyword.internal.WebUIKeywordMain.stepFailed(WebUIKeywordMain.groovy:64)
	at com.kms.katalon.core.webui.keyword.internal.WebUIKeywordMain.runKeyword(WebUIKeywordMain.groovy:26)
	at com.kms.katalon.core.webui.keyword.builtin.ClickKeyword.click(ClickKeyword.groovy:74)
	at com.kms.katalon.core.webui.keyword.builtin.ClickKeyword.execute(ClickKeyword.groovy:40)
	at com.kms.katalon.core.keyword.internal.KeywordExecutor.executeKeywordForPlatform(KeywordExecutor.groovy:74)
	at com.kms.katalon.core.webui.keyword.WebUiBuiltInKeywords.click(WebUiBuiltInKeywords.groovy:620)
	at com.kms.katalon.core.webui.keyword.WebUiBuiltInKeywords$click$3.call(Unknown Source)
	at TC023-Verify user can edit template for both pages optin.run(TC023-Verify user can edit template for both pages optin:32)
	at com.kms.katalon.core.main.ScriptEngine.run(ScriptEngine.java:194)
	at com.kms.katalon.core.main.ScriptEngine.runScriptAsRawText(ScriptEngine.java:119)
	at com.kms.katalon.core.main.TestCaseExecutor.runScript(TestCaseExecutor.java:448)
	at com.kms.katalon.core.main.TestCaseExecutor.doExecute(TestCaseExecutor.java:439)
	at com.kms.katalon.core.main.TestCaseExecutor.processExecutionPhase(TestCaseExecutor.java:418)
	at com.kms.katalon.core.main.TestCaseExecutor.accessMainPhase(TestCaseExecutor.java:410)
	at com.kms.katalon.core.main.TestCaseExecutor.execute(TestCaseExecutor.java:285)
	at com.kms.katalon.core.common.CommonExecutor.accessTestCaseMainPhase(CommonExecutor.java:65)
	at com.kms.katalon.core.main.TestSuiteExecutor.accessTestSuiteMainPhase(TestSuiteExecutor.java:148)
	at com.kms.katalon.core.main.TestSuiteExecutor.execute(TestSuiteExecutor.java:106)
	at com.kms.katalon.core.main.TestCaseMain.startTestSuite(TestCaseMain.java:187)
	at com.kms.katalon.core.main.TestCaseMain$startTestSuite$0.call(Unknown Source)
	at TempTestSuite1696838480513.run(TempTestSuite1696838480513.groovy:36)
Caused by: org.openqa.selenium.ElementNotInteractableException: element not interactable
  (Session info: chrome=117.0.5938.149)
Build info: version: '3.141.59', revision: 'e82be7d358', time: '2018-11-14T08:25:53'
System info: host: 'DESKTOP-3BHH4MD', ip: '192.168.0.108', os.name: 'Windows 10', os.arch: 'amd64', os.version: '10.0', java.version: '1.8.0_362'
Driver info: com.kms.katalon.selenium.driver.CChromeDriver
Capabilities {acceptInsecureCerts: false, browserName: chrome, browserVersion: 117.0.5938.149, chrome: {chromedriverVersion: 116.0.5845.96 (1a3918166880..., userDataDir: C:\Users\TDS\AppData\Local\...}, fedcm:accounts: true, goog:chromeOptions: {debuggerAddress: localhost:55950}, javascriptEnabled: true, networkConnectionEnabled: false, pageLoadStrategy: normal, platform: WINDOWS, platformName: WINDOWS, proxy: Proxy(), setWindowRect: true, strictFileInteractability: false, timeouts: {implicit: 0, pageLoad: 300000, script: 30000}, unhandledPromptBehavior: dismiss and notify, webauthn:extension:credBlob: true, webauthn:extension:largeBlob: true, webauthn:extension:minPinLength: true, webauthn:extension:prf: true, webauthn:virtualAuthenticators: true}
Session ID: 0bc6af61d939fe80c5af6e7f568bea21
	at org.openqa.selenium.remote.http.W3CHttpResponseCodec.createException(W3CHttpResponseCodec.java:187)
	at org.openqa.selenium.remote.http.W3CHttpResponseCodec.decode(W3CHttpResponseCodec.java:122)
	at org.openqa.selenium.remote.http.W3CHttpResponseCodec.decode(W3CHttpResponseCodec.java:49)
	at org.openqa.selenium.remote.HttpCommandExecutor.execute(HttpCommandExecutor.java:158)
	at org.openqa.selenium.remote.service.DriverCommandExecutor.execute(DriverCommandExecutor.java:83)
	at org.openqa.selenium.remote.RemoteWebDriver.execute(RemoteWebDriver.java:552)
	at com.kms.katalon.selenium.driver.CChromeDriver.execute(CChromeDriver.java:19)
	at org.openqa.selenium.remote.RemoteWebElement.execute(RemoteWebElement.java:285)
	at org.openqa.selenium.remote.RemoteWebElement.click(RemoteWebElement.java:84)
	at org.openqa.selenium.support.events.EventFiringWebDriver$EventFiringWebElement.lambda$new$0(EventFiringWebDriver.java:404)
	at com.sun.proxy.$Proxy11.click(Unknown Source)
	at org.openqa.selenium.support.events.EventFiringWebDriver$EventFiringWebElement.click(EventFiringWebDriver.java:417)
	at org.openqa.selenium.WebElement$click.call(Unknown Source)
	at com.kms.katalon.core.webui.keyword.builtin.ClickKeyword.clickUntilSuccessWithTimeout(ClickKeyword.groovy:81)
	at com.kms.katalon.core.webui.keyword.builtin.ClickKeyword.clickUntilSuccessWithTimeout(ClickKeyword.groovy)
	at com.kms.katalon.core.webui.keyword.builtin.ClickKeyword$_click_closure1.doCall(ClickKeyword.groovy:67)
	at com.kms.katalon.core.webui.keyword.builtin.ClickKeyword$_click_closure1.call(ClickKeyword.groovy)
	at com.kms.katalon.core.webui.keyword.internal.WebUIKeywordMain.runKeyword(WebUIKeywordMain.groovy:20)
	at com.kms.katalon.core.webui.keyword.builtin.ClickKeyword.click(ClickKeyword.groovy:74)
	at com.kms.katalon.core.webui.keyword.builtin.ClickKeyword.execute(ClickKeyword.groovy:40)
	at com.kms.katalon.core.keyword.internal.KeywordExecutor.executeKeywordForPlatform(KeywordExecutor.groovy:74)
	at com.kms.katalon.core.webui.keyword.WebUiBuiltInKeywords.click(WebUiBuiltInKeywords.groovy:620)
	at com.kms.katalon.core.webui.keyword.WebUiBuiltInKeywords$click$3.call(Unknown Source)
	at Script1696315061031.run(Script1696315061031.groovy:32)
	... 13 more
)

2023-10-09 13:15:18 - [MESSAGE][FAILED] - Unable to click on object 'Object Repository/Projects/TC023-Verify user can edit template for thankyou page/Page_Landingly/a_Projects' (Root cause: com.kms.katalon.core.exception.StepFailedException: Unable to click on object 'Object Repository/Projects/TC023-Verify user can edit template for thankyou page/Page_Landingly/a_Projects'
	at com.kms.katalon.core.webui.keyword.internal.WebUIKeywordMain.stepFailed(WebUIKeywordMain.groovy:64)
	at com.kms.katalon.core.webui.keyword.internal.WebUIKeywordMain.runKeyword(WebUIKeywordMain.groovy:26)
	at com.kms.katalon.core.webui.keyword.builtin.ClickKeyword.click(ClickKeyword.groovy:74)
	at com.kms.katalon.core.webui.keyword.builtin.ClickKeyword.execute(ClickKeyword.groovy:40)
	at com.kms.katalon.core.keyword.internal.KeywordExecutor.executeKeywordForPlatform(KeywordExecutor.groovy:74)
	at com.kms.katalon.core.webui.keyword.WebUiBuiltInKeywords.click(WebUiBuiltInKeywords.groovy:620)
	at com.kms.katalon.core.webui.keyword.WebUiBuiltInKeywords$click$3.call(Unknown Source)
	at TC023-Verify user can edit template for both pages optin.run(TC023-Verify user can edit template for both pages optin:32)
	at com.kms.katalon.core.main.ScriptEngine.run(ScriptEngine.java:194)
	at com.kms.katalon.core.main.ScriptEngine.runScriptAsRawText(ScriptEngine.java:119)
	at com.kms.katalon.core.main.TestCaseExecutor.runScript(TestCaseExecutor.java:448)
	at com.kms.katalon.core.main.TestCaseExecutor.doExecute(TestCaseExecutor.java:439)
	at com.kms.katalon.core.main.TestCaseExecutor.processExecutionPhase(TestCaseExecutor.java:418)
	at com.kms.katalon.core.main.TestCaseExecutor.accessMainPhase(TestCaseExecutor.java:410)
	at com.kms.katalon.core.main.TestCaseExecutor.execute(TestCaseExecutor.java:285)
	at com.kms.katalon.core.common.CommonExecutor.accessTestCaseMainPhase(CommonExecutor.java:65)
	at com.kms.katalon.core.main.TestSuiteExecutor.accessTestSuiteMainPhase(TestSuiteExecutor.java:148)
	at com.kms.katalon.core.main.TestSuiteExecutor.execute(TestSuiteExecutor.java:106)
	at com.kms.katalon.core.main.TestCaseMain.startTestSuite(TestCaseMain.java:187)
	at com.kms.katalon.core.main.TestCaseMain$startTestSuite$0.call(Unknown Source)
	at TempTestSuite1696838480513.run(TempTestSuite1696838480513.groovy:36)
Caused by: org.openqa.selenium.ElementNotInteractableException: element not interactable
  (Session info: chrome=117.0.5938.149)
Build info: version: '3.141.59', revision: 'e82be7d358', time: '2018-11-14T08:25:53'
System info: host: 'DESKTOP-3BHH4MD', ip: '192.168.0.108', os.name: 'Windows 10', os.arch: 'amd64', os.version: '10.0', java.version: '1.8.0_362'
Driver info: com.kms.katalon.selenium.driver.CChromeDriver
Capabilities {acceptInsecureCerts: false, browserName: chrome, browserVersion: 117.0.5938.149, chrome: {chromedriverVersion: 116.0.5845.96 (1a3918166880..., userDataDir: C:\Users\TDS\AppData\Local\...}, fedcm:accounts: true, goog:chromeOptions: {debuggerAddress: localhost:55950}, javascriptEnabled: true, networkConnectionEnabled: false, pageLoadStrategy: normal, platform: WINDOWS, platformName: WINDOWS, proxy: Proxy(), setWindowRect: true, strictFileInteractability: false, timeouts: {implicit: 0, pageLoad: 300000, script: 30000}, unhandledPromptBehavior: dismiss and notify, webauthn:extension:credBlob: true, webauthn:extension:largeBlob: true, webauthn:extension:minPinLength: true, webauthn:extension:prf: true, webauthn:virtualAuthenticators: true}
Session ID: 0bc6af61d939fe80c5af6e7f568bea21
	at org.openqa.selenium.remote.http.W3CHttpResponseCodec.createException(W3CHttpResponseCodec.java:187)
	at org.openqa.selenium.remote.http.W3CHttpResponseCodec.decode(W3CHttpResponseCodec.java:122)
	at org.openqa.selenium.remote.http.W3CHttpResponseCodec.decode(W3CHttpResponseCodec.java:49)
	at org.openqa.selenium.remote.HttpCommandExecutor.execute(HttpCommandExecutor.java:158)
	at org.openqa.selenium.remote.service.DriverCommandExecutor.execute(DriverCommandExecutor.java:83)
	at org.openqa.selenium.remote.RemoteWebDriver.execute(RemoteWebDriver.java:552)
	at com.kms.katalon.selenium.driver.CChromeDriver.execute(CChromeDriver.java:19)
	at org.openqa.selenium.remote.RemoteWebElement.execute(RemoteWebElement.java:285)
	at org.openqa.selenium.remote.RemoteWebElement.click(RemoteWebElement.java:84)
	at org.openqa.selenium.support.events.EventFiringWebDriver$EventFiringWebElement.lambda$new$0(EventFiringWebDriver.java:404)
	at com.sun.proxy.$Proxy11.click(Unknown Source)
	at org.openqa.selenium.support.events.EventFiringWebDriver$EventFiringWebElement.click(EventFiringWebDriver.java:417)
	at org.openqa.selenium.WebElement$click.call(Unknown Source)
	at com.kms.katalon.core.webui.keyword.builtin.ClickKeyword.clickUntilSuccessWithTimeout(ClickKeyword.groovy:81)
	at com.kms.katalon.core.webui.keyword.builtin.ClickKeyword.clickUntilSuccessWithTimeout(ClickKeyword.groovy)
	at com.kms.katalon.core.webui.keyword.builtin.ClickKeyword$_click_closure1.doCall(ClickKeyword.groovy:67)
	at com.kms.katalon.core.webui.keyword.builtin.ClickKeyword$_click_closure1.call(ClickKeyword.groovy)
	at com.kms.katalon.core.webui.keyword.internal.WebUIKeywordMain.runKeyword(WebUIKeywordMain.groovy:20)
	at com.kms.katalon.core.webui.keyword.builtin.ClickKeyword.click(ClickKeyword.groovy:74)
	at com.kms.katalon.core.webui.keyword.builtin.ClickKeyword.execute(ClickKeyword.groovy:40)
	at com.kms.katalon.core.keyword.internal.KeywordExecutor.executeKeywordForPlatform(KeywordExecutor.groovy:74)
	at com.kms.katalon.core.webui.keyword.WebUiBuiltInKeywords.click(WebUiBuiltInKeywords.groovy:620)
	at com.kms.katalon.core.webui.keyword.WebUiBuiltInKeywords$click$3.call(Unknown Source)
	at Script1696315061031.run(Script1696315061031.groovy:32)
	... 13 more
)
[[ATTACHMENT|C:\\Users\\TDS\\git\\Landingly\\Reports\\20231009_130120\\Landingly\\20231009_130120\\1696839318718.png]]]]></system-out>
         <system-err><![CDATA[2023-10-09 13:14:50 - [TEST_CASE][FAILED] - Test Cases/Projects/TC023-Verify user can edit template for both pages optin: Test Cases/Projects/TC023-Verify user can edit template for both pages optin FAILED.
Reason:
com.kms.katalon.core.exception.StepFailedException: Unable to click on object 'Object Repository/Projects/TC023-Verify user can edit template for thankyou page/Page_Landingly/a_Projects'
	at com.kms.katalon.core.webui.keyword.internal.WebUIKeywordMain.stepFailed(WebUIKeywordMain.groovy:64)
	at com.kms.katalon.core.webui.keyword.internal.WebUIKeywordMain.runKeyword(WebUIKeywordMain.groovy:26)
	at com.kms.katalon.core.webui.keyword.builtin.ClickKeyword.click(ClickKeyword.groovy:74)
	at com.kms.katalon.core.webui.keyword.builtin.ClickKeyword.execute(ClickKeyword.groovy:40)
	at com.kms.katalon.core.keyword.internal.KeywordExecutor.executeKeywordForPlatform(KeywordExecutor.groovy:74)
	at com.kms.katalon.core.webui.keyword.WebUiBuiltInKeywords.click(WebUiBuiltInKeywords.groovy:620)
	at com.kms.katalon.core.webui.keyword.WebUiBuiltInKeywords$click$3.call(Unknown Source)
	at TC023-Verify user can edit template for both pages optin.run(TC023-Verify user can edit template for both pages optin:32)
	at com.kms.katalon.core.main.ScriptEngine.run(ScriptEngine.java:194)
	at com.kms.katalon.core.main.ScriptEngine.runScriptAsRawText(ScriptEngine.java:119)
	at com.kms.katalon.core.main.TestCaseExecutor.runScript(TestCaseExecutor.java:448)
	at com.kms.katalon.core.main.TestCaseExecutor.doExecute(TestCaseExecutor.java:439)
	at com.kms.katalon.core.main.TestCaseExecutor.processExecutionPhase(TestCaseExecutor.java:418)
	at com.kms.katalon.core.main.TestCaseExecutor.accessMainPhase(TestCaseExecutor.java:410)
	at com.kms.katalon.core.main.TestCaseExecutor.execute(TestCaseExecutor.java:285)
	at com.kms.katalon.core.common.CommonExecutor.accessTestCaseMainPhase(CommonExecutor.java:65)
	at com.kms.katalon.core.main.TestSuiteExecutor.accessTestSuiteMainPhase(TestSuiteExecutor.java:148)
	at com.kms.katalon.core.main.TestSuiteExecutor.execute(TestSuiteExecutor.java:106)
	at com.kms.katalon.core.main.TestCaseMain.startTestSuite(TestCaseMain.java:187)
	at com.kms.katalon.core.main.TestCaseMain$startTestSuite$0.call(Unknown Source)
	at TempTestSuite1696838480513.run(TempTestSuite1696838480513.groovy:36)
Caused by: org.openqa.selenium.ElementNotInteractableException: element not interactable
  (Session info: chrome=117.0.5938.149)
Build info: version: '3.141.59', revision: 'e82be7d358', time: '2018-11-14T08:25:53'
System info: host: 'DESKTOP-3BHH4MD', ip: '192.168.0.108', os.name: 'Windows 10', os.arch: 'amd64', os.version: '10.0', java.version: '1.8.0_362'
Driver info: com.kms.katalon.selenium.driver.CChromeDriver
Capabilities {acceptInsecureCerts: false, browserName: chrome, browserVersion: 117.0.5938.149, chrome: {chromedriverVersion: 116.0.5845.96 (1a3918166880..., userDataDir: C:\Users\TDS\AppData\Local\...}, fedcm:accounts: true, goog:chromeOptions: {debuggerAddress: localhost:55950}, javascriptEnabled: true, networkConnectionEnabled: false, pageLoadStrategy: normal, platform: WINDOWS, platformName: WINDOWS, proxy: Proxy(), setWindowRect: true, strictFileInteractability: false, timeouts: {implicit: 0, pageLoad: 300000, script: 30000}, unhandledPromptBehavior: dismiss and notify, webauthn:extension:credBlob: true, webauthn:extension:largeBlob: true, webauthn:extension:minPinLength: true, webauthn:extension:prf: true, webauthn:virtualAuthenticators: true}
Session ID: 0bc6af61d939fe80c5af6e7f568bea21
	at org.openqa.selenium.remote.http.W3CHttpResponseCodec.createException(W3CHttpResponseCodec.java:187)
	at org.openqa.selenium.remote.http.W3CHttpResponseCodec.decode(W3CHttpResponseCodec.java:122)
	at org.openqa.selenium.remote.http.W3CHttpResponseCodec.decode(W3CHttpResponseCodec.java:49)
	at org.openqa.selenium.remote.HttpCommandExecutor.execute(HttpCommandExecutor.java:158)
	at org.openqa.selenium.remote.service.DriverCommandExecutor.execute(DriverCommandExecutor.java:83)
	at org.openqa.selenium.remote.RemoteWebDriver.execute(RemoteWebDriver.java:552)
	at com.kms.katalon.selenium.driver.CChromeDriver.execute(CChromeDriver.java:19)
	at org.openqa.selenium.remote.RemoteWebElement.execute(RemoteWebElement.java:285)
	at org.openqa.selenium.remote.RemoteWebElement.click(RemoteWebElement.java:84)
	at org.openqa.selenium.support.events.EventFiringWebDriver$EventFiringWebElement.lambda$new$0(EventFiringWebDriver.java:404)
	at com.sun.proxy.$Proxy11.click(Unknown Source)
	at org.openqa.selenium.support.events.EventFiringWebDriver$EventFiringWebElement.click(EventFiringWebDriver.java:417)
	at org.openqa.selenium.WebElement$click.call(Unknown Source)
	at com.kms.katalon.core.webui.keyword.builtin.ClickKeyword.clickUntilSuccessWithTimeout(ClickKeyword.groovy:81)
	at com.kms.katalon.core.webui.keyword.builtin.ClickKeyword.clickUntilSuccessWithTimeout(ClickKeyword.groovy)
	at com.kms.katalon.core.webui.keyword.builtin.ClickKeyword$_click_closure1.doCall(ClickKeyword.groovy:67)
	at com.kms.katalon.core.webui.keyword.builtin.ClickKeyword$_click_closure1.call(ClickKeyword.groovy)
	at com.kms.katalon.core.webui.keyword.internal.WebUIKeywordMain.runKeyword(WebUIKeywordMain.groovy:20)
	... 19 more]]></system-err>
      </testcase>
      <testcase name="Test Cases/Projects/TC024-Verify user can view template for sales or optin page" time="35.118" classname="Test Cases/Projects/TC024-Verify user can view template for sales or optin page" status="PASSED">
         <system-out><![CDATA[2023-10-09 13:15:19 - [TEST_CASE][PASSED] - Test Cases/Projects/TC024-Verify user can view template for sales or optin page: Test Cases/Projects/TC024-Verify user can view template for sales or optin page

2023-10-09 13:15:20 - [TEST_STEP][PASSED] - openBrowser(""): Browser is opened with url: ''

2023-10-09 13:15:20 - [MESSAGE][WARNING] - A browser is already opened. Closing browser and opening a new one

2023-10-09 13:15:21 - [MESSAGE][INFO] - Starting 'Chrome' driver

2023-10-09 13:15:21 - [MESSAGE][INFO] - Action delay is set to 0 milliseconds

2023-10-09 13:15:24 - [MESSAGE][PASSED] - Browser is opened with url: ''

2023-10-09 13:15:24 - [TEST_STEP][PASSED] - maximizeWindow(): Current window maximized

2023-10-09 13:15:24 - [MESSAGE][PASSED] - Current window maximized

2023-10-09 13:15:24 - [TEST_STEP][PASSED] - navigateToUrl("https://app.landingly.com/"): Navigate to 'https://app.landingly.com/' successfully

2023-10-09 13:15:30 - [MESSAGE][PASSED] - Navigate to 'https://app.landingly.com/' successfully

2023-10-09 13:15:30 - [TEST_STEP][PASSED] - setText(findTestObject("Object Repository/Projects/TC024-Verify user can view template for sales or optin page/Page_Landingly  Login/input_Email_login-email"), "sqaahmadtahir@gmail.com"): Text 'sqaahmadtahir@gmail.com' is set on object 'Object Repository/Projects/TC024-Verify user can view template for sales or optin page/Page_Landingly  Login/input_Email_login-email'

2023-10-09 13:15:31 - [MESSAGE][PASSED] - Text 'sqaahmadtahir@gmail.com' is set on object 'Object Repository/Projects/TC024-Verify user can view template for sales or optin page/Page_Landingly  Login/input_Email_login-email'

2023-10-09 13:15:31 - [TEST_STEP][PASSED] - setEncryptedText(findTestObject("Object Repository/Projects/TC024-Verify user can view template for sales or optin page/Page_Landingly  Login/input_Forgot Password_login-password"), "/5S6MFFLcE5DAenbZpYNsQ=="): Text ****** has been set on object 'Object Repository/Projects/TC024-Verify user can view template for sales or optin page/Page_Landingly  Login/input_Forgot Password_login-password'

2023-10-09 13:15:32 - [MESSAGE][PASSED] - Text ****** has been set on object 'Object Repository/Projects/TC024-Verify user can view template for sales or optin page/Page_Landingly  Login/input_Forgot Password_login-password'

2023-10-09 13:15:32 - [TEST_STEP][PASSED] - click(findTestObject("Object Repository/Projects/TC024-Verify user can view template for sales or optin page/Page_Landingly  Login/button_Sign in")): Object: 'Object Repository/Projects/TC024-Verify user can view template for sales or optin page/Page_Landingly  Login/button_Sign in' is clicked on

2023-10-09 13:15:32 - [MESSAGE][PASSED] - Object: 'Object Repository/Projects/TC024-Verify user can view template for sales or optin page/Page_Landingly  Login/button_Sign in' is clicked on

2023-10-09 13:15:32 - [TEST_STEP][PASSED] - click(findTestObject("Object Repository/Projects/TC024-Verify user can view template for sales or optin page/Page_Landingly/a_Projects")): Object: 'Object Repository/Projects/TC024-Verify user can view template for sales or optin page/Page_Landingly/a_Projects' is clicked on

2023-10-09 13:15:35 - [MESSAGE][PASSED] - Object: 'Object Repository/Projects/TC024-Verify user can view template for sales or optin page/Page_Landingly/a_Projects' is clicked on

2023-10-09 13:15:35 - [TEST_STEP][PASSED] - click(findTestObject("Object Repository/Projects/TC024-Verify user can view template for sales or optin page/Page_Landingly  Projects/a_View Project")): Object: 'Object Repository/Projects/TC024-Verify user can view template for sales or optin page/Page_Landingly  Projects/a_View Project' is clicked on

2023-10-09 13:15:38 - [MESSAGE][PASSED] - Object: 'Object Repository/Projects/TC024-Verify user can view template for sales or optin page/Page_Landingly  Projects/a_View Project' is clicked on

2023-10-09 13:15:38 - [TEST_STEP][PASSED] - switchToWindowTitle("Landingly | Project Detail"): Switched to window with title: 'Landingly | Project Detail'

2023-10-09 13:15:41 - [MESSAGE][PASSED] - Switched to window with title: 'Landingly | Project Detail'

2023-10-09 13:15:41 - [TEST_STEP][PASSED] - click(findTestObject("Object Repository/Projects/TC024-Verify user can view template for sales or optin page/Page_Landingly  Project Detail/a_Contacts_btn btn-icon btn-flat-warning")): Object: 'Object Repository/Projects/TC024-Verify user can view template for sales or optin page/Page_Landingly  Project Detail/a_Contacts_btn btn-icon btn-flat-warning' is clicked on

2023-10-09 13:15:42 - [MESSAGE][PASSED] - Object: 'Object Repository/Projects/TC024-Verify user can view template for sales or optin page/Page_Landingly  Project Detail/a_Contacts_btn btn-icon btn-flat-warning' is clicked on

2023-10-09 13:15:42 - [TEST_STEP][PASSED] - switchToWindowIndex(1): Switched to window with index: '1'

2023-10-09 13:15:42 - [MESSAGE][PASSED] - Switched to window with index: '1'

2023-10-09 13:15:42 - [TEST_STEP][PASSED] - delay(10): Delayed 10 second(s)

2023-10-09 13:15:52 - [MESSAGE][PASSED] - Delayed 10 second(s)

2023-10-09 13:15:52 - [TEST_STEP][PASSED] - closeBrowser(): Browser is closed

2023-10-09 13:15:54 - [MESSAGE][PASSED] - Browser is closed]]></system-out>
         <system-err><![CDATA[]]></system-err>
      </testcase>
      <testcase name="Test Cases/Projects/TC025-Verify user can view template for thankyou page" time="41.651" classname="Test Cases/Projects/TC025-Verify user can view template for thankyou page" status="PASSED">
         <system-out><![CDATA[2023-10-09 13:15:54 - [TEST_CASE][PASSED] - Test Cases/Projects/TC025-Verify user can view template for thankyou page: Test Cases/Projects/TC025-Verify user can view template for thankyou page

2023-10-09 13:15:55 - [TEST_STEP][PASSED] - openBrowser(""): Browser is opened with url: ''

2023-10-09 13:15:55 - [MESSAGE][INFO] - Starting 'Chrome' driver

2023-10-09 13:15:55 - [MESSAGE][INFO] - Action delay is set to 0 milliseconds

2023-10-09 13:15:58 - [MESSAGE][PASSED] - Browser is opened with url: ''

2023-10-09 13:15:58 - [TEST_STEP][PASSED] - maximizeWindow(): Current window maximized

2023-10-09 13:15:58 - [MESSAGE][PASSED] - Current window maximized

2023-10-09 13:15:58 - [TEST_STEP][PASSED] - navigateToUrl("https://app.landingly.com/"): Navigate to 'https://app.landingly.com/' successfully

2023-10-09 13:16:06 - [MESSAGE][PASSED] - Navigate to 'https://app.landingly.com/' successfully

2023-10-09 13:16:06 - [TEST_STEP][PASSED] - setText(findTestObject("Object Repository/Projects/TC025-Verify user can view template for thankyou page/Page_Landingly  Login/input_Email_login-email"), "sqaahmadtahir@gmail.com"): Text 'sqaahmadtahir@gmail.com' is set on object 'Object Repository/Projects/TC025-Verify user can view template for thankyou page/Page_Landingly  Login/input_Email_login-email'

2023-10-09 13:16:07 - [MESSAGE][PASSED] - Text 'sqaahmadtahir@gmail.com' is set on object 'Object Repository/Projects/TC025-Verify user can view template for thankyou page/Page_Landingly  Login/input_Email_login-email'

2023-10-09 13:16:07 - [TEST_STEP][PASSED] - setEncryptedText(findTestObject("Object Repository/Projects/TC025-Verify user can view template for thankyou page/Page_Landingly  Login/input_Forgot Password_login-password"), "/5S6MFFLcE5DAenbZpYNsQ=="): Text ****** has been set on object 'Object Repository/Projects/TC025-Verify user can view template for thankyou page/Page_Landingly  Login/input_Forgot Password_login-password'

2023-10-09 13:16:08 - [MESSAGE][PASSED] - Text ****** has been set on object 'Object Repository/Projects/TC025-Verify user can view template for thankyou page/Page_Landingly  Login/input_Forgot Password_login-password'

2023-10-09 13:16:08 - [TEST_STEP][PASSED] - click(findTestObject("Object Repository/Projects/TC025-Verify user can view template for thankyou page/Page_Landingly  Login/button_Sign in")): Object: 'Object Repository/Projects/TC025-Verify user can view template for thankyou page/Page_Landingly  Login/button_Sign in' is clicked on

2023-10-09 13:16:09 - [MESSAGE][PASSED] - Object: 'Object Repository/Projects/TC025-Verify user can view template for thankyou page/Page_Landingly  Login/button_Sign in' is clicked on

2023-10-09 13:16:09 - [TEST_STEP][PASSED] - click(findTestObject("Object Repository/Projects/TC025-Verify user can view template for thankyou page/Page_Landingly/a_Projects")): Object: 'Object Repository/Projects/TC025-Verify user can view template for thankyou page/Page_Landingly/a_Projects' is clicked on

2023-10-09 13:16:17 - [MESSAGE][PASSED] - Object: 'Object Repository/Projects/TC025-Verify user can view template for thankyou page/Page_Landingly/a_Projects' is clicked on

2023-10-09 13:16:17 - [TEST_STEP][PASSED] - click(findTestObject("Object Repository/Projects/TC025-Verify user can view template for thankyou page/Page_Landingly  Projects/a_View Project")): Object: 'Object Repository/Projects/TC025-Verify user can view template for thankyou page/Page_Landingly  Projects/a_View Project' is clicked on

2023-10-09 13:16:21 - [MESSAGE][PASSED] - Object: 'Object Repository/Projects/TC025-Verify user can view template for thankyou page/Page_Landingly  Projects/a_View Project' is clicked on

2023-10-09 13:16:21 - [TEST_STEP][PASSED] - switchToWindowTitle("Landingly | Project Detail"): Switched to window with title: 'Landingly | Project Detail'

2023-10-09 13:16:23 - [MESSAGE][PASSED] - Switched to window with title: 'Landingly | Project Detail'

2023-10-09 13:16:23 - [TEST_STEP][PASSED] - click(findTestObject("Object Repository/Projects/TC025-Verify user can view template for thankyou page/Page_Landingly  Project Detail/a_Contacts_btn btn-icon btn-flat-warning")): Object: 'Object Repository/Projects/TC025-Verify user can view template for thankyou page/Page_Landingly  Project Detail/a_Contacts_btn btn-icon btn-flat-warning' is clicked on

2023-10-09 13:16:25 - [MESSAGE][PASSED] - Object: 'Object Repository/Projects/TC025-Verify user can view template for thankyou page/Page_Landingly  Project Detail/a_Contacts_btn btn-icon btn-flat-warning' is clicked on

2023-10-09 13:16:25 - [TEST_STEP][PASSED] - switchToWindowIndex(1): Switched to window with index: '1'

2023-10-09 13:16:25 - [MESSAGE][PASSED] - Switched to window with index: '1'

2023-10-09 13:16:25 - [TEST_STEP][PASSED] - titleWindow = getWindowTitle(): Current window's title is: 'Template View'

2023-10-09 13:16:34 - [MESSAGE][PASSED] - Current window's title is: 'Template View'

2023-10-09 13:16:34 - [TEST_STEP][PASSED] - verifyMatch(titleWindow, "Template View", true): Actual text 'Template View' and expected text 'Template View' are matched  using regular expression

2023-10-09 13:16:34 - [MESSAGE][PASSED] - Actual text 'Template View' and expected text 'Template View' are matched  using regular expression

2023-10-09 13:16:34 - [TEST_STEP][PASSED] - closeBrowser(): Browser is closed

2023-10-09 13:16:35 - [MESSAGE][PASSED] - Browser is closed]]></system-out>
         <system-err><![CDATA[]]></system-err>
      </testcase>
      <testcase name="Test Cases/Projects/TC026-Verify user can download HTML for sales-optin page" time="43.378" classname="Test Cases/Projects/TC026-Verify user can download HTML for sales-optin page" status="PASSED">
         <system-out><![CDATA[2023-10-09 13:16:35 - [TEST_CASE][PASSED] - Test Cases/Projects/TC026-Verify user can download HTML for sales-optin page: Test Cases/Projects/TC026-Verify user can download HTML for sales-optin page

2023-10-09 13:16:37 - [TEST_STEP][PASSED] - openBrowser(""): Browser is opened with url: ''

2023-10-09 13:16:37 - [MESSAGE][INFO] - Starting 'Chrome' driver

2023-10-09 13:16:37 - [MESSAGE][INFO] - Action delay is set to 0 milliseconds

2023-10-09 13:16:39 - [MESSAGE][PASSED] - Browser is opened with url: ''

2023-10-09 13:16:39 - [TEST_STEP][PASSED] - maximizeWindow(): Current window maximized

2023-10-09 13:16:40 - [MESSAGE][PASSED] - Current window maximized

2023-10-09 13:16:40 - [TEST_STEP][PASSED] - navigateToUrl("https://app.landingly.com/"): Navigate to 'https://app.landingly.com/' successfully

2023-10-09 13:16:46 - [MESSAGE][PASSED] - Navigate to 'https://app.landingly.com/' successfully

2023-10-09 13:16:46 - [TEST_STEP][PASSED] - setText(findTestObject("Object Repository/Projects/TC026-Verify user can download HTML for sale-optin page/Page_Landingly  Login/input_Email_login-email"), "sqaahmadtahir@gmail.com"): Text 'sqaahmadtahir@gmail.com' is set on object 'Object Repository/Projects/TC026-Verify user can download HTML for sale-optin page/Page_Landingly  Login/input_Email_login-email'

2023-10-09 13:16:48 - [MESSAGE][PASSED] - Text 'sqaahmadtahir@gmail.com' is set on object 'Object Repository/Projects/TC026-Verify user can download HTML for sale-optin page/Page_Landingly  Login/input_Email_login-email'

2023-10-09 13:16:48 - [TEST_STEP][PASSED] - setEncryptedText(findTestObject("Object Repository/Projects/TC026-Verify user can download HTML for sale-optin page/Page_Landingly  Login/input_Forgot Password_login-password"), "/5S6MFFLcE5DAenbZpYNsQ=="): Text ****** has been set on object 'Object Repository/Projects/TC026-Verify user can download HTML for sale-optin page/Page_Landingly  Login/input_Forgot Password_login-password'

2023-10-09 13:16:48 - [MESSAGE][PASSED] - Text ****** has been set on object 'Object Repository/Projects/TC026-Verify user can download HTML for sale-optin page/Page_Landingly  Login/input_Forgot Password_login-password'

2023-10-09 13:16:48 - [TEST_STEP][PASSED] - click(findTestObject("Object Repository/Projects/TC026-Verify user can download HTML for sale-optin page/Page_Landingly  Login/button_Sign in")): Object: 'Object Repository/Projects/TC026-Verify user can download HTML for sale-optin page/Page_Landingly  Login/button_Sign in' is clicked on

2023-10-09 13:16:49 - [MESSAGE][PASSED] - Object: 'Object Repository/Projects/TC026-Verify user can download HTML for sale-optin page/Page_Landingly  Login/button_Sign in' is clicked on

2023-10-09 13:16:49 - [TEST_STEP][PASSED] - click(findTestObject("Object Repository/Projects/TC026-Verify user can download HTML for sale-optin page/Page_Landingly/a_Projects")): Object: 'Object Repository/Projects/TC026-Verify user can download HTML for sale-optin page/Page_Landingly/a_Projects' is clicked on

2023-10-09 13:16:51 - [MESSAGE][PASSED] - Object: 'Object Repository/Projects/TC026-Verify user can download HTML for sale-optin page/Page_Landingly/a_Projects' is clicked on

2023-10-09 13:16:51 - [TEST_STEP][PASSED] - click(findTestObject("Object Repository/Projects/TC026-Verify user can download HTML for sale-optin page/Page_Landingly  Projects/a_View Project")): Object: 'Object Repository/Projects/TC026-Verify user can download HTML for sale-optin page/Page_Landingly  Projects/a_View Project' is clicked on

2023-10-09 13:16:56 - [MESSAGE][PASSED] - Object: 'Object Repository/Projects/TC026-Verify user can download HTML for sale-optin page/Page_Landingly  Projects/a_View Project' is clicked on

2023-10-09 13:16:56 - [TEST_STEP][PASSED] - delay(10): Delayed 10 second(s)

2023-10-09 13:17:06 - [MESSAGE][PASSED] - Delayed 10 second(s)

2023-10-09 13:17:06 - [TEST_STEP][PASSED] - address = getText(findTestObject("Projects/TC026-Verify user can download HTML for sale-optin page/Page_Landingly  Project Detail/span_new optin project")): Text of object 'Object Repository/Projects/TC026-Verify user can download HTML for sale-optin page/Page_Landingly  Project Detail/span_new optin project' is: 'new optin project'

2023-10-09 13:17:06 - [MESSAGE][PASSED] - Text of object 'Object Repository/Projects/TC026-Verify user can download HTML for sale-optin page/Page_Landingly  Project Detail/span_new optin project' is: 'new optin project'

2023-10-09 13:17:06 - [TEST_STEP][PASSED] - click(findTestObject("Object Repository/Projects/TC026-Verify user can download HTML for sale-optin page/Page_Landingly  Project Detail/button_Contacts_btn btn-icon btn-flat-info")): Object: 'Object Repository/Projects/TC026-Verify user can download HTML for sale-optin page/Page_Landingly  Project Detail/button_Contacts_btn btn-icon btn-flat-info' is clicked on

2023-10-09 13:17:07 - [MESSAGE][PASSED] - Object: 'Object Repository/Projects/TC026-Verify user can download HTML for sale-optin page/Page_Landingly  Project Detail/button_Contacts_btn btn-icon btn-flat-info' is clicked on

2023-10-09 13:17:07 - [TEST_STEP][PASSED] - delay(10): Delayed 10 second(s)

2023-10-09 13:17:17 - [MESSAGE][PASSED] - Delayed 10 second(s)

2023-10-09 13:17:17 - [TEST_STEP][PASSED] - cusKeyword.isFileDownloaded.isFileDownloaded(address): cusKeyword.isFileDownloaded.isFileDownloaded is PASSED

2023-10-09 13:17:17 - [MESSAGE][PASSED] - cusKeyword.isFileDownloaded.isFileDownloaded is PASSED

2023-10-09 13:17:17 - [TEST_STEP][PASSED] - closeBrowser(): Browser is closed

2023-10-09 13:17:19 - [MESSAGE][PASSED] - Browser is closed]]></system-out>
         <system-err><![CDATA[]]></system-err>
      </testcase>
      <testcase name="Test Cases/Projects/TC027-Verify user can download HTML for thankyou page" time="41.566" classname="Test Cases/Projects/TC027-Verify user can download HTML for thankyou page" status="PASSED">
         <system-out><![CDATA[2023-10-09 13:17:19 - [TEST_CASE][PASSED] - Test Cases/Projects/TC027-Verify user can download HTML for thankyou page: Test Cases/Projects/TC027-Verify user can download HTML for thankyou page

2023-10-09 13:17:20 - [TEST_STEP][PASSED] - openBrowser(""): Browser is opened with url: ''

2023-10-09 13:17:20 - [MESSAGE][INFO] - Starting 'Chrome' driver

2023-10-09 13:17:20 - [MESSAGE][INFO] - Action delay is set to 0 milliseconds

2023-10-09 13:17:22 - [MESSAGE][PASSED] - Browser is opened with url: ''

2023-10-09 13:17:22 - [TEST_STEP][PASSED] - maximizeWindow(): Current window maximized

2023-10-09 13:17:23 - [MESSAGE][PASSED] - Current window maximized

2023-10-09 13:17:23 - [TEST_STEP][PASSED] - navigateToUrl("https://app.landingly.com/"): Navigate to 'https://app.landingly.com/' successfully

2023-10-09 13:17:29 - [MESSAGE][PASSED] - Navigate to 'https://app.landingly.com/' successfully

2023-10-09 13:17:29 - [TEST_STEP][PASSED] - setText(findTestObject("Projects/TC027-Verify user can download HTML for thankyou page/Page_Landingly  Login/input_Email_login-email"), "sqaahmadtahir@gmail.com"): Text 'sqaahmadtahir@gmail.com' is set on object 'Object Repository/Projects/TC027-Verify user can download HTML for thankyou page/Page_Landingly  Login/input_Email_login-email'

2023-10-09 13:17:30 - [MESSAGE][PASSED] - Text 'sqaahmadtahir@gmail.com' is set on object 'Object Repository/Projects/TC027-Verify user can download HTML for thankyou page/Page_Landingly  Login/input_Email_login-email'

2023-10-09 13:17:30 - [TEST_STEP][PASSED] - setEncryptedText(findTestObject("Projects/TC027-Verify user can download HTML for thankyou page/Page_Landingly  Login/input_Forgot Password_login-password"), "/5S6MFFLcE5DAenbZpYNsQ=="): Text ****** has been set on object 'Object Repository/Projects/TC027-Verify user can download HTML for thankyou page/Page_Landingly  Login/input_Forgot Password_login-password'

2023-10-09 13:17:31 - [MESSAGE][PASSED] - Text ****** has been set on object 'Object Repository/Projects/TC027-Verify user can download HTML for thankyou page/Page_Landingly  Login/input_Forgot Password_login-password'

2023-10-09 13:17:31 - [TEST_STEP][PASSED] - click(findTestObject("Projects/TC027-Verify user can download HTML for thankyou page/Page_Landingly  Login/button_Sign in")): Object: 'Object Repository/Projects/TC027-Verify user can download HTML for thankyou page/Page_Landingly  Login/button_Sign in' is clicked on

2023-10-09 13:17:32 - [MESSAGE][PASSED] - Object: 'Object Repository/Projects/TC027-Verify user can download HTML for thankyou page/Page_Landingly  Login/button_Sign in' is clicked on

2023-10-09 13:17:32 - [TEST_STEP][PASSED] - click(findTestObject("Projects/TC027-Verify user can download HTML for thankyou page/Page_Landingly/a_Projects")): Object: 'Object Repository/Projects/TC027-Verify user can download HTML for thankyou page/Page_Landingly/a_Projects' is clicked on

2023-10-09 13:17:34 - [MESSAGE][PASSED] - Object: 'Object Repository/Projects/TC027-Verify user can download HTML for thankyou page/Page_Landingly/a_Projects' is clicked on

2023-10-09 13:17:34 - [TEST_STEP][PASSED] - click(findTestObject("Projects/TC027-Verify user can download HTML for thankyou page/Page_Landingly  Projects/a_View Project")): Object: 'Object Repository/Projects/TC027-Verify user can download HTML for thankyou page/Page_Landingly  Projects/a_View Project' is clicked on

2023-10-09 13:17:38 - [MESSAGE][PASSED] - Object: 'Object Repository/Projects/TC027-Verify user can download HTML for thankyou page/Page_Landingly  Projects/a_View Project' is clicked on

2023-10-09 13:17:38 - [TEST_STEP][PASSED] - delay(10): Delayed 10 second(s)

2023-10-09 13:17:48 - [MESSAGE][PASSED] - Delayed 10 second(s)

2023-10-09 13:17:48 - [TEST_STEP][PASSED] - address = getText(findTestObject("Projects/TC027-Verify user can download HTML for thankyou page/Page_Landingly  Project Detail/span_new optin project")): Text of object 'Object Repository/Projects/TC027-Verify user can download HTML for thankyou page/Page_Landingly  Project Detail/span_new optin project' is: 'new optin project'

2023-10-09 13:17:48 - [MESSAGE][PASSED] - Text of object 'Object Repository/Projects/TC027-Verify user can download HTML for thankyou page/Page_Landingly  Project Detail/span_new optin project' is: 'new optin project'

2023-10-09 13:17:48 - [TEST_STEP][PASSED] - click(findTestObject("Projects/TC027-Verify user can download HTML for thankyou page/Page_Landingly  Project Detail/button_Contacts_btn btn-icon btn-flat-info")): Object: 'Object Repository/Projects/TC027-Verify user can download HTML for thankyou page/Page_Landingly  Project Detail/button_Contacts_btn btn-icon btn-flat-info' is clicked on

2023-10-09 13:17:49 - [MESSAGE][PASSED] - Object: 'Object Repository/Projects/TC027-Verify user can download HTML for thankyou page/Page_Landingly  Project Detail/button_Contacts_btn btn-icon btn-flat-info' is clicked on

2023-10-09 13:17:49 - [TEST_STEP][PASSED] - delay(10): Delayed 10 second(s)

2023-10-09 13:17:59 - [MESSAGE][PASSED] - Delayed 10 second(s)

2023-10-09 13:17:59 - [TEST_STEP][PASSED] - cusKeyword.isFileDownloaded.isFileDownloaded(address): cusKeyword.isFileDownloaded.isFileDownloaded is PASSED

2023-10-09 13:17:59 - [MESSAGE][PASSED] - cusKeyword.isFileDownloaded.isFileDownloaded is PASSED

2023-10-09 13:17:59 - [TEST_STEP][PASSED] - closeBrowser(): Browser is closed

2023-10-09 13:18:00 - [MESSAGE][PASSED] - Browser is closed]]></system-out>
         <system-err><![CDATA[]]></system-err>
      </testcase>
      <testcase name="Test Cases/Projects/TC028-Verify user can reset template for sales-optin page" time="97.378" classname="Test Cases/Projects/TC028-Verify user can reset template for sales-optin page" status="FAILED">
         <failure type="FAILED" message="Test Cases/Projects/TC028-Verify user can reset template for sales-optin page FAILED.
Reason:
com.kms.katalon.core.exception.StepFailedException: Unable to click on object 'Object Repository/Projects/TC028-Verify user can reset template for sales-optin page/Page_Landingly  Project Detail/button_Reset'
	at com.kms.katalon.core.webui.keyword.internal.WebUIKeywordMain.stepFailed(WebUIKeywordMain.groovy:64)
	at com.kms.katalon.core.webui.keyword.internal.WebUIKeywordMain.runKeyword(WebUIKeywordMain.groovy:26)
	at com.kms.katalon.core.webui.keyword.builtin.ClickKeyword.click(ClickKeyword.groovy:74)
	at com.kms.katalon.core.webui.keyword.builtin.ClickKeyword.execute(ClickKeyword.groovy:40)
	at com.kms.katalon.core.keyword.internal.KeywordExecutor.executeKeywordForPlatform(KeywordExecutor.groovy:74)
	at com.kms.katalon.core.webui.keyword.WebUiBuiltInKeywords.click(WebUiBuiltInKeywords.groovy:620)
	at com.kms.katalon.core.webui.keyword.WebUiBuiltInKeywords$click$3.call(Unknown Source)
	at TC028-Verify user can reset template for sales-optin page.run(TC028-Verify user can reset template for sales-optin page:40)
	at com.kms.katalon.core.main.ScriptEngine.run(ScriptEngine.java:194)
	at com.kms.katalon.core.main.ScriptEngine.runScriptAsRawText(ScriptEngine.java:119)
	at com.kms.katalon.core.main.TestCaseExecutor.runScript(TestCaseExecutor.java:448)
	at com.kms.katalon.core.main.TestCaseExecutor.doExecute(TestCaseExecutor.java:439)
	at com.kms.katalon.core.main.TestCaseExecutor.processExecutionPhase(TestCaseExecutor.java:418)
	at com.kms.katalon.core.main.TestCaseExecutor.accessMainPhase(TestCaseExecutor.java:410)
	at com.kms.katalon.core.main.TestCaseExecutor.execute(TestCaseExecutor.java:285)
	at com.kms.katalon.core.common.CommonExecutor.accessTestCaseMainPhase(CommonExecutor.java:65)
	at com.kms.katalon.core.main.TestSuiteExecutor.accessTestSuiteMainPhase(TestSuiteExecutor.java:148)
	at com.kms.katalon.core.main.TestSuiteExecutor.execute(TestSuiteExecutor.java:106)
	at com.kms.katalon.core.main.TestCaseMain.startTestSuite(TestCaseMain.java:187)
	at com.kms.katalon.core.main.TestCaseMain$startTestSuite$0.call(Unknown Source)
	at TempTestSuite1696838480513.run(TempTestSuite1696838480513.groovy:36)
Caused by: com.kms.katalon.core.webui.exception.WebElementNotFoundException: Web element with id: 'Object Repository/Projects/TC028-Verify user can reset template for sales-optin page/Page_Landingly  Project Detail/button_Reset' located by '(//button[@type='button'])[17]' not found
	at com.kms.katalon.core.webui.common.WebUiCommonHelper.findWebElement(WebUiCommonHelper.java:1381)
	at com.kms.katalon.core.webui.keyword.internal.WebUIAbstractKeyword.findWebElement(WebUIAbstractKeyword.groovy:27)
	at com.kms.katalon.core.webui.keyword.builtin.ClickKeyword$_click_closure1.doCall(ClickKeyword.groovy:65)
	at com.kms.katalon.core.webui.keyword.builtin.ClickKeyword$_click_closure1.call(ClickKeyword.groovy)
	at com.kms.katalon.core.webui.keyword.internal.WebUIKeywordMain.runKeyword(WebUIKeywordMain.groovy:20)
	... 19 more
"/>
         <system-out><![CDATA[2023-10-09 13:18:00 - [TEST_CASE][FAILED] - Test Cases/Projects/TC028-Verify user can reset template for sales-optin page: Test Cases/Projects/TC028-Verify user can reset template for sales-optin page FAILED.
Reason:
com.kms.katalon.core.exception.StepFailedException: Unable to click on object 'Object Repository/Projects/TC028-Verify user can reset template for sales-optin page/Page_Landingly  Project Detail/button_Reset'
	at com.kms.katalon.core.webui.keyword.internal.WebUIKeywordMain.stepFailed(WebUIKeywordMain.groovy:64)
	at com.kms.katalon.core.webui.keyword.internal.WebUIKeywordMain.runKeyword(WebUIKeywordMain.groovy:26)
	at com.kms.katalon.core.webui.keyword.builtin.ClickKeyword.click(ClickKeyword.groovy:74)
	at com.kms.katalon.core.webui.keyword.builtin.ClickKeyword.execute(ClickKeyword.groovy:40)
	at com.kms.katalon.core.keyword.internal.KeywordExecutor.executeKeywordForPlatform(KeywordExecutor.groovy:74)
	at com.kms.katalon.core.webui.keyword.WebUiBuiltInKeywords.click(WebUiBuiltInKeywords.groovy:620)
	at com.kms.katalon.core.webui.keyword.WebUiBuiltInKeywords$click$3.call(Unknown Source)
	at TC028-Verify user can reset template for sales-optin page.run(TC028-Verify user can reset template for sales-optin page:40)
	at com.kms.katalon.core.main.ScriptEngine.run(ScriptEngine.java:194)
	at com.kms.katalon.core.main.ScriptEngine.runScriptAsRawText(ScriptEngine.java:119)
	at com.kms.katalon.core.main.TestCaseExecutor.runScript(TestCaseExecutor.java:448)
	at com.kms.katalon.core.main.TestCaseExecutor.doExecute(TestCaseExecutor.java:439)
	at com.kms.katalon.core.main.TestCaseExecutor.processExecutionPhase(TestCaseExecutor.java:418)
	at com.kms.katalon.core.main.TestCaseExecutor.accessMainPhase(TestCaseExecutor.java:410)
	at com.kms.katalon.core.main.TestCaseExecutor.execute(TestCaseExecutor.java:285)
	at com.kms.katalon.core.common.CommonExecutor.accessTestCaseMainPhase(CommonExecutor.java:65)
	at com.kms.katalon.core.main.TestSuiteExecutor.accessTestSuiteMainPhase(TestSuiteExecutor.java:148)
	at com.kms.katalon.core.main.TestSuiteExecutor.execute(TestSuiteExecutor.java:106)
	at com.kms.katalon.core.main.TestCaseMain.startTestSuite(TestCaseMain.java:187)
	at com.kms.katalon.core.main.TestCaseMain$startTestSuite$0.call(Unknown Source)
	at TempTestSuite1696838480513.run(TempTestSuite1696838480513.groovy:36)
Caused by: com.kms.katalon.core.webui.exception.WebElementNotFoundException: Web element with id: 'Object Repository/Projects/TC028-Verify user can reset template for sales-optin page/Page_Landingly  Project Detail/button_Reset' located by '(//button[@type='button'])[17]' not found
	at com.kms.katalon.core.webui.common.WebUiCommonHelper.findWebElement(WebUiCommonHelper.java:1381)
	at com.kms.katalon.core.webui.keyword.internal.WebUIAbstractKeyword.findWebElement(WebUIAbstractKeyword.groovy:27)
	at com.kms.katalon.core.webui.keyword.builtin.ClickKeyword$_click_closure1.doCall(ClickKeyword.groovy:65)
	at com.kms.katalon.core.webui.keyword.builtin.ClickKeyword$_click_closure1.call(ClickKeyword.groovy)
	at com.kms.katalon.core.webui.keyword.internal.WebUIKeywordMain.runKeyword(WebUIKeywordMain.groovy:20)
	... 19 more


2023-10-09 13:18:01 - [TEST_STEP][PASSED] - openBrowser(""): Browser is opened with url: ''

2023-10-09 13:18:01 - [MESSAGE][INFO] - Starting 'Chrome' driver

2023-10-09 13:18:01 - [MESSAGE][INFO] - Action delay is set to 0 milliseconds

2023-10-09 13:18:04 - [MESSAGE][PASSED] - Browser is opened with url: ''

2023-10-09 13:18:04 - [TEST_STEP][PASSED] - maximizeWindow(): Current window maximized

2023-10-09 13:18:04 - [MESSAGE][PASSED] - Current window maximized

2023-10-09 13:18:04 - [TEST_STEP][PASSED] - navigateToUrl("https://app.landingly.com/"): Navigate to 'https://app.landingly.com/' successfully

2023-10-09 13:18:17 - [MESSAGE][PASSED] - Navigate to 'https://app.landingly.com/' successfully

2023-10-09 13:18:17 - [TEST_STEP][PASSED] - setText(findTestObject("Object Repository/Projects/TC028-Verify user can reset template for sales-optin page/Page_Landingly  Login/input_Email_login-email"), "sqaahmadtahir@gmail.com"): Text 'sqaahmadtahir@gmail.com' is set on object 'Object Repository/Projects/TC028-Verify user can reset template for sales-optin page/Page_Landingly  Login/input_Email_login-email'

2023-10-09 13:18:19 - [MESSAGE][PASSED] - Text 'sqaahmadtahir@gmail.com' is set on object 'Object Repository/Projects/TC028-Verify user can reset template for sales-optin page/Page_Landingly  Login/input_Email_login-email'

2023-10-09 13:18:19 - [TEST_STEP][PASSED] - setEncryptedText(findTestObject("Object Repository/Projects/TC028-Verify user can reset template for sales-optin page/Page_Landingly  Login/input_Forgot Password_login-password"), "/5S6MFFLcE5DAenbZpYNsQ=="): Text ****** has been set on object 'Object Repository/Projects/TC028-Verify user can reset template for sales-optin page/Page_Landingly  Login/input_Forgot Password_login-password'

2023-10-09 13:18:19 - [MESSAGE][PASSED] - Text ****** has been set on object 'Object Repository/Projects/TC028-Verify user can reset template for sales-optin page/Page_Landingly  Login/input_Forgot Password_login-password'

2023-10-09 13:18:19 - [TEST_STEP][PASSED] - click(findTestObject("Object Repository/Projects/TC028-Verify user can reset template for sales-optin page/Page_Landingly  Login/button_Sign in")): Object: 'Object Repository/Projects/TC028-Verify user can reset template for sales-optin page/Page_Landingly  Login/button_Sign in' is clicked on

2023-10-09 13:18:20 - [MESSAGE][PASSED] - Object: 'Object Repository/Projects/TC028-Verify user can reset template for sales-optin page/Page_Landingly  Login/button_Sign in' is clicked on

2023-10-09 13:18:20 - [TEST_STEP][PASSED] - click(findTestObject("Object Repository/Projects/TC028-Verify user can reset template for sales-optin page/Page_Landingly/a_Projects")): Object: 'Object Repository/Projects/TC028-Verify user can reset template for sales-optin page/Page_Landingly/a_Projects' is clicked on

2023-10-09 13:18:21 - [MESSAGE][PASSED] - Object: 'Object Repository/Projects/TC028-Verify user can reset template for sales-optin page/Page_Landingly/a_Projects' is clicked on

2023-10-09 13:18:21 - [TEST_STEP][PASSED] - click(findTestObject("Object Repository/Projects/TC028-Verify user can reset template for sales-optin page/Page_Landingly  Projects/a_View Project")): Object: 'Object Repository/Projects/TC028-Verify user can reset template for sales-optin page/Page_Landingly  Projects/a_View Project' is clicked on

2023-10-09 13:19:02 - [MESSAGE][PASSED] - Object: 'Object Repository/Projects/TC028-Verify user can reset template for sales-optin page/Page_Landingly  Projects/a_View Project' is clicked on

2023-10-09 13:19:02 - [TEST_STEP][PASSED] - click(findTestObject("Object Repository/Projects/TC028-Verify user can reset template for sales-optin page/Page_Landingly  Project Detail/button_Contacts_btn btn-icon btn-flat-danger")): Object: 'Object Repository/Projects/TC028-Verify user can reset template for sales-optin page/Page_Landingly  Project Detail/button_Contacts_btn btn-icon btn-flat-danger' is clicked on

2023-10-09 13:19:06 - [MESSAGE][PASSED] - Object: 'Object Repository/Projects/TC028-Verify user can reset template for sales-optin page/Page_Landingly  Project Detail/button_Contacts_btn btn-icon btn-flat-danger' is clicked on

2023-10-09 13:19:06 - [TEST_STEP][FAILED] - click(findTestObject("Object Repository/Projects/TC028-Verify user can reset template for sales-optin page/Page_Landingly  Project Detail/button_Reset")): Unable to click on object 'Object Repository/Projects/TC028-Verify user can reset template for sales-optin page/Page_Landingly  Project Detail/button_Reset' (Root cause: com.kms.katalon.core.exception.StepFailedException: Unable to click on object 'Object Repository/Projects/TC028-Verify user can reset template for sales-optin page/Page_Landingly  Project Detail/button_Reset'
	at com.kms.katalon.core.webui.keyword.internal.WebUIKeywordMain.stepFailed(WebUIKeywordMain.groovy:64)
	at com.kms.katalon.core.webui.keyword.internal.WebUIKeywordMain.runKeyword(WebUIKeywordMain.groovy:26)
	at com.kms.katalon.core.webui.keyword.builtin.ClickKeyword.click(ClickKeyword.groovy:74)
	at com.kms.katalon.core.webui.keyword.builtin.ClickKeyword.execute(ClickKeyword.groovy:40)
	at com.kms.katalon.core.keyword.internal.KeywordExecutor.executeKeywordForPlatform(KeywordExecutor.groovy:74)
	at com.kms.katalon.core.webui.keyword.WebUiBuiltInKeywords.click(WebUiBuiltInKeywords.groovy:620)
	at com.kms.katalon.core.webui.keyword.WebUiBuiltInKeywords$click$3.call(Unknown Source)
	at TC028-Verify user can reset template for sales-optin page.run(TC028-Verify user can reset template for sales-optin page:40)
	at com.kms.katalon.core.main.ScriptEngine.run(ScriptEngine.java:194)
	at com.kms.katalon.core.main.ScriptEngine.runScriptAsRawText(ScriptEngine.java:119)
	at com.kms.katalon.core.main.TestCaseExecutor.runScript(TestCaseExecutor.java:448)
	at com.kms.katalon.core.main.TestCaseExecutor.doExecute(TestCaseExecutor.java:439)
	at com.kms.katalon.core.main.TestCaseExecutor.processExecutionPhase(TestCaseExecutor.java:418)
	at com.kms.katalon.core.main.TestCaseExecutor.accessMainPhase(TestCaseExecutor.java:410)
	at com.kms.katalon.core.main.TestCaseExecutor.execute(TestCaseExecutor.java:285)
	at com.kms.katalon.core.common.CommonExecutor.accessTestCaseMainPhase(CommonExecutor.java:65)
	at com.kms.katalon.core.main.TestSuiteExecutor.accessTestSuiteMainPhase(TestSuiteExecutor.java:148)
	at com.kms.katalon.core.main.TestSuiteExecutor.execute(TestSuiteExecutor.java:106)
	at com.kms.katalon.core.main.TestCaseMain.startTestSuite(TestCaseMain.java:187)
	at com.kms.katalon.core.main.TestCaseMain$startTestSuite$0.call(Unknown Source)
	at TempTestSuite1696838480513.run(TempTestSuite1696838480513.groovy:36)
Caused by: com.kms.katalon.core.webui.exception.WebElementNotFoundException: Web element with id: 'Object Repository/Projects/TC028-Verify user can reset template for sales-optin page/Page_Landingly  Project Detail/button_Reset' located by '(//button[@type='button'])[17]' not found
	at com.kms.katalon.core.webui.common.WebUiCommonHelper.findWebElement(WebUiCommonHelper.java:1381)
	at com.kms.katalon.core.webui.keyword.internal.WebUIAbstractKeyword.findWebElement(WebUIAbstractKeyword.groovy:27)
	at com.kms.katalon.core.webui.keyword.builtin.ClickKeyword$_click_closure1.doCall(ClickKeyword.groovy:65)
	at com.kms.katalon.core.webui.keyword.builtin.ClickKeyword$_click_closure1.call(ClickKeyword.groovy)
	at com.kms.katalon.core.webui.keyword.internal.WebUIKeywordMain.runKeyword(WebUIKeywordMain.groovy:20)
	at com.kms.katalon.core.webui.keyword.builtin.ClickKeyword.click(ClickKeyword.groovy:74)
	at com.kms.katalon.core.webui.keyword.builtin.ClickKeyword.execute(ClickKeyword.groovy:40)
	at com.kms.katalon.core.keyword.internal.KeywordExecutor.executeKeywordForPlatform(KeywordExecutor.groovy:74)
	at com.kms.katalon.core.webui.keyword.WebUiBuiltInKeywords.click(WebUiBuiltInKeywords.groovy:620)
	at com.kms.katalon.core.webui.keyword.WebUiBuiltInKeywords$click$3.call(Unknown Source)
	at Script1696491203079.run(Script1696491203079.groovy:40)
	... 13 more
)

2023-10-09 13:19:37 - [MESSAGE][INFO] - Unable to find the element located by 'By.xpath: (//button[@type='button'])[17]'. Please recheck the objects properties to make sure the desired element is located. 

2023-10-09 13:19:38 - [MESSAGE][FAILED] - Unable to click on object 'Object Repository/Projects/TC028-Verify user can reset template for sales-optin page/Page_Landingly  Project Detail/button_Reset' (Root cause: com.kms.katalon.core.exception.StepFailedException: Unable to click on object 'Object Repository/Projects/TC028-Verify user can reset template for sales-optin page/Page_Landingly  Project Detail/button_Reset'
	at com.kms.katalon.core.webui.keyword.internal.WebUIKeywordMain.stepFailed(WebUIKeywordMain.groovy:64)
	at com.kms.katalon.core.webui.keyword.internal.WebUIKeywordMain.runKeyword(WebUIKeywordMain.groovy:26)
	at com.kms.katalon.core.webui.keyword.builtin.ClickKeyword.click(ClickKeyword.groovy:74)
	at com.kms.katalon.core.webui.keyword.builtin.ClickKeyword.execute(ClickKeyword.groovy:40)
	at com.kms.katalon.core.keyword.internal.KeywordExecutor.executeKeywordForPlatform(KeywordExecutor.groovy:74)
	at com.kms.katalon.core.webui.keyword.WebUiBuiltInKeywords.click(WebUiBuiltInKeywords.groovy:620)
	at com.kms.katalon.core.webui.keyword.WebUiBuiltInKeywords$click$3.call(Unknown Source)
	at TC028-Verify user can reset template for sales-optin page.run(TC028-Verify user can reset template for sales-optin page:40)
	at com.kms.katalon.core.main.ScriptEngine.run(ScriptEngine.java:194)
	at com.kms.katalon.core.main.ScriptEngine.runScriptAsRawText(ScriptEngine.java:119)
	at com.kms.katalon.core.main.TestCaseExecutor.runScript(TestCaseExecutor.java:448)
	at com.kms.katalon.core.main.TestCaseExecutor.doExecute(TestCaseExecutor.java:439)
	at com.kms.katalon.core.main.TestCaseExecutor.processExecutionPhase(TestCaseExecutor.java:418)
	at com.kms.katalon.core.main.TestCaseExecutor.accessMainPhase(TestCaseExecutor.java:410)
	at com.kms.katalon.core.main.TestCaseExecutor.execute(TestCaseExecutor.java:285)
	at com.kms.katalon.core.common.CommonExecutor.accessTestCaseMainPhase(CommonExecutor.java:65)
	at com.kms.katalon.core.main.TestSuiteExecutor.accessTestSuiteMainPhase(TestSuiteExecutor.java:148)
	at com.kms.katalon.core.main.TestSuiteExecutor.execute(TestSuiteExecutor.java:106)
	at com.kms.katalon.core.main.TestCaseMain.startTestSuite(TestCaseMain.java:187)
	at com.kms.katalon.core.main.TestCaseMain$startTestSuite$0.call(Unknown Source)
	at TempTestSuite1696838480513.run(TempTestSuite1696838480513.groovy:36)
Caused by: com.kms.katalon.core.webui.exception.WebElementNotFoundException: Web element with id: 'Object Repository/Projects/TC028-Verify user can reset template for sales-optin page/Page_Landingly  Project Detail/button_Reset' located by '(//button[@type='button'])[17]' not found
	at com.kms.katalon.core.webui.common.WebUiCommonHelper.findWebElement(WebUiCommonHelper.java:1381)
	at com.kms.katalon.core.webui.keyword.internal.WebUIAbstractKeyword.findWebElement(WebUIAbstractKeyword.groovy:27)
	at com.kms.katalon.core.webui.keyword.builtin.ClickKeyword$_click_closure1.doCall(ClickKeyword.groovy:65)
	at com.kms.katalon.core.webui.keyword.builtin.ClickKeyword$_click_closure1.call(ClickKeyword.groovy)
	at com.kms.katalon.core.webui.keyword.internal.WebUIKeywordMain.runKeyword(WebUIKeywordMain.groovy:20)
	at com.kms.katalon.core.webui.keyword.builtin.ClickKeyword.click(ClickKeyword.groovy:74)
	at com.kms.katalon.core.webui.keyword.builtin.ClickKeyword.execute(ClickKeyword.groovy:40)
	at com.kms.katalon.core.keyword.internal.KeywordExecutor.executeKeywordForPlatform(KeywordExecutor.groovy:74)
	at com.kms.katalon.core.webui.keyword.WebUiBuiltInKeywords.click(WebUiBuiltInKeywords.groovy:620)
	at com.kms.katalon.core.webui.keyword.WebUiBuiltInKeywords$click$3.call(Unknown Source)
	at Script1696491203079.run(Script1696491203079.groovy:40)
	... 13 more
)
[[ATTACHMENT|C:\\Users\\TDS\\git\\Landingly\\Reports\\20231009_130120\\Landingly\\20231009_130120\\1696839577818.png]]]]></system-out>
         <system-err><![CDATA[2023-10-09 13:18:00 - [TEST_CASE][FAILED] - Test Cases/Projects/TC028-Verify user can reset template for sales-optin page: Test Cases/Projects/TC028-Verify user can reset template for sales-optin page FAILED.
Reason:
com.kms.katalon.core.exception.StepFailedException: Unable to click on object 'Object Repository/Projects/TC028-Verify user can reset template for sales-optin page/Page_Landingly  Project Detail/button_Reset'
	at com.kms.katalon.core.webui.keyword.internal.WebUIKeywordMain.stepFailed(WebUIKeywordMain.groovy:64)
	at com.kms.katalon.core.webui.keyword.internal.WebUIKeywordMain.runKeyword(WebUIKeywordMain.groovy:26)
	at com.kms.katalon.core.webui.keyword.builtin.ClickKeyword.click(ClickKeyword.groovy:74)
	at com.kms.katalon.core.webui.keyword.builtin.ClickKeyword.execute(ClickKeyword.groovy:40)
	at com.kms.katalon.core.keyword.internal.KeywordExecutor.executeKeywordForPlatform(KeywordExecutor.groovy:74)
	at com.kms.katalon.core.webui.keyword.WebUiBuiltInKeywords.click(WebUiBuiltInKeywords.groovy:620)
	at com.kms.katalon.core.webui.keyword.WebUiBuiltInKeywords$click$3.call(Unknown Source)
	at TC028-Verify user can reset template for sales-optin page.run(TC028-Verify user can reset template for sales-optin page:40)
	at com.kms.katalon.core.main.ScriptEngine.run(ScriptEngine.java:194)
	at com.kms.katalon.core.main.ScriptEngine.runScriptAsRawText(ScriptEngine.java:119)
	at com.kms.katalon.core.main.TestCaseExecutor.runScript(TestCaseExecutor.java:448)
	at com.kms.katalon.core.main.TestCaseExecutor.doExecute(TestCaseExecutor.java:439)
	at com.kms.katalon.core.main.TestCaseExecutor.processExecutionPhase(TestCaseExecutor.java:418)
	at com.kms.katalon.core.main.TestCaseExecutor.accessMainPhase(TestCaseExecutor.java:410)
	at com.kms.katalon.core.main.TestCaseExecutor.execute(TestCaseExecutor.java:285)
	at com.kms.katalon.core.common.CommonExecutor.accessTestCaseMainPhase(CommonExecutor.java:65)
	at com.kms.katalon.core.main.TestSuiteExecutor.accessTestSuiteMainPhase(TestSuiteExecutor.java:148)
	at com.kms.katalon.core.main.TestSuiteExecutor.execute(TestSuiteExecutor.java:106)
	at com.kms.katalon.core.main.TestCaseMain.startTestSuite(TestCaseMain.java:187)
	at com.kms.katalon.core.main.TestCaseMain$startTestSuite$0.call(Unknown Source)
	at TempTestSuite1696838480513.run(TempTestSuite1696838480513.groovy:36)
Caused by: com.kms.katalon.core.webui.exception.WebElementNotFoundException: Web element with id: 'Object Repository/Projects/TC028-Verify user can reset template for sales-optin page/Page_Landingly  Project Detail/button_Reset' located by '(//button[@type='button'])[17]' not found
	at com.kms.katalon.core.webui.common.WebUiCommonHelper.findWebElement(WebUiCommonHelper.java:1381)
	at com.kms.katalon.core.webui.keyword.internal.WebUIAbstractKeyword.findWebElement(WebUIAbstractKeyword.groovy:27)
	at com.kms.katalon.core.webui.keyword.builtin.ClickKeyword$_click_closure1.doCall(ClickKeyword.groovy:65)
	at com.kms.katalon.core.webui.keyword.builtin.ClickKeyword$_click_closure1.call(ClickKeyword.groovy)
	at com.kms.katalon.core.webui.keyword.internal.WebUIKeywordMain.runKeyword(WebUIKeywordMain.groovy:20)
	... 19 more]]></system-err>
      </testcase>
      <testcase name="Test Cases/Projects/TC029-Verify user can reset template for thankyou page" time="55.039" classname="Test Cases/Projects/TC029-Verify user can reset template for thankyou page" status="FAILED">
         <failure type="FAILED" message="Test Cases/Projects/TC029-Verify user can reset template for thankyou page FAILED.
Reason:
com.kms.katalon.core.exception.StepFailedException: Unable to click on object 'Object Repository/Projects/TC029-Verify user can reset template for thankyou page/Page_Landingly  Project Detail/button_Reset'
	at com.kms.katalon.core.webui.keyword.internal.WebUIKeywordMain.stepFailed(WebUIKeywordMain.groovy:64)
	at com.kms.katalon.core.webui.keyword.internal.WebUIKeywordMain.runKeyword(WebUIKeywordMain.groovy:26)
	at com.kms.katalon.core.webui.keyword.builtin.ClickKeyword.click(ClickKeyword.groovy:74)
	at com.kms.katalon.core.webui.keyword.builtin.ClickKeyword.execute(ClickKeyword.groovy:40)
	at com.kms.katalon.core.keyword.internal.KeywordExecutor.executeKeywordForPlatform(KeywordExecutor.groovy:74)
	at com.kms.katalon.core.webui.keyword.WebUiBuiltInKeywords.click(WebUiBuiltInKeywords.groovy:620)
	at com.kms.katalon.core.webui.keyword.WebUiBuiltInKeywords$click$3.call(Unknown Source)
	at TC029-Verify user can reset template for thankyou page.run(TC029-Verify user can reset template for thankyou page:40)
	at com.kms.katalon.core.main.ScriptEngine.run(ScriptEngine.java:194)
	at com.kms.katalon.core.main.ScriptEngine.runScriptAsRawText(ScriptEngine.java:119)
	at com.kms.katalon.core.main.TestCaseExecutor.runScript(TestCaseExecutor.java:448)
	at com.kms.katalon.core.main.TestCaseExecutor.doExecute(TestCaseExecutor.java:439)
	at com.kms.katalon.core.main.TestCaseExecutor.processExecutionPhase(TestCaseExecutor.java:418)
	at com.kms.katalon.core.main.TestCaseExecutor.accessMainPhase(TestCaseExecutor.java:410)
	at com.kms.katalon.core.main.TestCaseExecutor.execute(TestCaseExecutor.java:285)
	at com.kms.katalon.core.common.CommonExecutor.accessTestCaseMainPhase(CommonExecutor.java:65)
	at com.kms.katalon.core.main.TestSuiteExecutor.accessTestSuiteMainPhase(TestSuiteExecutor.java:148)
	at com.kms.katalon.core.main.TestSuiteExecutor.execute(TestSuiteExecutor.java:106)
	at com.kms.katalon.core.main.TestCaseMain.startTestSuite(TestCaseMain.java:187)
	at com.kms.katalon.core.main.TestCaseMain$startTestSuite$0.call(Unknown Source)
	at TempTestSuite1696838480513.run(TempTestSuite1696838480513.groovy:36)
Caused by: com.kms.katalon.core.webui.exception.WebElementNotFoundException: Web element with id: 'Object Repository/Projects/TC029-Verify user can reset template for thankyou page/Page_Landingly  Project Detail/button_Reset' located by '(//button[@type='button'])[17]' not found
	at com.kms.katalon.core.webui.common.WebUiCommonHelper.findWebElement(WebUiCommonHelper.java:1381)
	at com.kms.katalon.core.webui.keyword.internal.WebUIAbstractKeyword.findWebElement(WebUIAbstractKeyword.groovy:27)
	at com.kms.katalon.core.webui.keyword.builtin.ClickKeyword$_click_closure1.doCall(ClickKeyword.groovy:65)
	at com.kms.katalon.core.webui.keyword.builtin.ClickKeyword$_click_closure1.call(ClickKeyword.groovy)
	at com.kms.katalon.core.webui.keyword.internal.WebUIKeywordMain.runKeyword(WebUIKeywordMain.groovy:20)
	... 19 more
"/>
         <system-out><![CDATA[2023-10-09 13:19:38 - [TEST_CASE][FAILED] - Test Cases/Projects/TC029-Verify user can reset template for thankyou page: Test Cases/Projects/TC029-Verify user can reset template for thankyou page FAILED.
Reason:
com.kms.katalon.core.exception.StepFailedException: Unable to click on object 'Object Repository/Projects/TC029-Verify user can reset template for thankyou page/Page_Landingly  Project Detail/button_Reset'
	at com.kms.katalon.core.webui.keyword.internal.WebUIKeywordMain.stepFailed(WebUIKeywordMain.groovy:64)
	at com.kms.katalon.core.webui.keyword.internal.WebUIKeywordMain.runKeyword(WebUIKeywordMain.groovy:26)
	at com.kms.katalon.core.webui.keyword.builtin.ClickKeyword.click(ClickKeyword.groovy:74)
	at com.kms.katalon.core.webui.keyword.builtin.ClickKeyword.execute(ClickKeyword.groovy:40)
	at com.kms.katalon.core.keyword.internal.KeywordExecutor.executeKeywordForPlatform(KeywordExecutor.groovy:74)
	at com.kms.katalon.core.webui.keyword.WebUiBuiltInKeywords.click(WebUiBuiltInKeywords.groovy:620)
	at com.kms.katalon.core.webui.keyword.WebUiBuiltInKeywords$click$3.call(Unknown Source)
	at TC029-Verify user can reset template for thankyou page.run(TC029-Verify user can reset template for thankyou page:40)
	at com.kms.katalon.core.main.ScriptEngine.run(ScriptEngine.java:194)
	at com.kms.katalon.core.main.ScriptEngine.runScriptAsRawText(ScriptEngine.java:119)
	at com.kms.katalon.core.main.TestCaseExecutor.runScript(TestCaseExecutor.java:448)
	at com.kms.katalon.core.main.TestCaseExecutor.doExecute(TestCaseExecutor.java:439)
	at com.kms.katalon.core.main.TestCaseExecutor.processExecutionPhase(TestCaseExecutor.java:418)
	at com.kms.katalon.core.main.TestCaseExecutor.accessMainPhase(TestCaseExecutor.java:410)
	at com.kms.katalon.core.main.TestCaseExecutor.execute(TestCaseExecutor.java:285)
	at com.kms.katalon.core.common.CommonExecutor.accessTestCaseMainPhase(CommonExecutor.java:65)
	at com.kms.katalon.core.main.TestSuiteExecutor.accessTestSuiteMainPhase(TestSuiteExecutor.java:148)
	at com.kms.katalon.core.main.TestSuiteExecutor.execute(TestSuiteExecutor.java:106)
	at com.kms.katalon.core.main.TestCaseMain.startTestSuite(TestCaseMain.java:187)
	at com.kms.katalon.core.main.TestCaseMain$startTestSuite$0.call(Unknown Source)
	at TempTestSuite1696838480513.run(TempTestSuite1696838480513.groovy:36)
Caused by: com.kms.katalon.core.webui.exception.WebElementNotFoundException: Web element with id: 'Object Repository/Projects/TC029-Verify user can reset template for thankyou page/Page_Landingly  Project Detail/button_Reset' located by '(//button[@type='button'])[17]' not found
	at com.kms.katalon.core.webui.common.WebUiCommonHelper.findWebElement(WebUiCommonHelper.java:1381)
	at com.kms.katalon.core.webui.keyword.internal.WebUIAbstractKeyword.findWebElement(WebUIAbstractKeyword.groovy:27)
	at com.kms.katalon.core.webui.keyword.builtin.ClickKeyword$_click_closure1.doCall(ClickKeyword.groovy:65)
	at com.kms.katalon.core.webui.keyword.builtin.ClickKeyword$_click_closure1.call(ClickKeyword.groovy)
	at com.kms.katalon.core.webui.keyword.internal.WebUIKeywordMain.runKeyword(WebUIKeywordMain.groovy:20)
	... 19 more


2023-10-09 13:19:39 - [TEST_STEP][PASSED] - openBrowser(""): Browser is opened with url: ''

2023-10-09 13:19:39 - [MESSAGE][WARNING] - A browser is already opened. Closing browser and opening a new one

2023-10-09 13:19:40 - [MESSAGE][INFO] - Starting 'Chrome' driver

2023-10-09 13:19:40 - [MESSAGE][INFO] - Action delay is set to 0 milliseconds

2023-10-09 13:19:43 - [MESSAGE][PASSED] - Browser is opened with url: ''

2023-10-09 13:19:43 - [TEST_STEP][PASSED] - maximizeWindow(): Current window maximized

2023-10-09 13:19:43 - [MESSAGE][PASSED] - Current window maximized

2023-10-09 13:19:43 - [TEST_STEP][PASSED] - navigateToUrl("https://app.landingly.com/"): Navigate to 'https://app.landingly.com/' successfully

2023-10-09 13:19:49 - [MESSAGE][PASSED] - Navigate to 'https://app.landingly.com/' successfully

2023-10-09 13:19:49 - [TEST_STEP][PASSED] - setText(findTestObject("Object Repository/Projects/TC029-Verify user can reset template for thankyou page/Page_Landingly  Login/input_Email_login-email"), "sqaahmadtahir@gmail.com"): Text 'sqaahmadtahir@gmail.com' is set on object 'Object Repository/Projects/TC029-Verify user can reset template for thankyou page/Page_Landingly  Login/input_Email_login-email'

2023-10-09 13:19:50 - [MESSAGE][PASSED] - Text 'sqaahmadtahir@gmail.com' is set on object 'Object Repository/Projects/TC029-Verify user can reset template for thankyou page/Page_Landingly  Login/input_Email_login-email'

2023-10-09 13:19:50 - [TEST_STEP][PASSED] - setEncryptedText(findTestObject("Object Repository/Projects/TC029-Verify user can reset template for thankyou page/Page_Landingly  Login/input_Forgot Password_login-password"), "/5S6MFFLcE5DAenbZpYNsQ=="): Text ****** has been set on object 'Object Repository/Projects/TC029-Verify user can reset template for thankyou page/Page_Landingly  Login/input_Forgot Password_login-password'

2023-10-09 13:19:51 - [MESSAGE][PASSED] - Text ****** has been set on object 'Object Repository/Projects/TC029-Verify user can reset template for thankyou page/Page_Landingly  Login/input_Forgot Password_login-password'

2023-10-09 13:19:51 - [TEST_STEP][PASSED] - click(findTestObject("Object Repository/Projects/TC029-Verify user can reset template for thankyou page/Page_Landingly  Login/button_Sign in")): Object: 'Object Repository/Projects/TC029-Verify user can reset template for thankyou page/Page_Landingly  Login/button_Sign in' is clicked on

2023-10-09 13:19:51 - [MESSAGE][PASSED] - Object: 'Object Repository/Projects/TC029-Verify user can reset template for thankyou page/Page_Landingly  Login/button_Sign in' is clicked on

2023-10-09 13:19:51 - [TEST_STEP][PASSED] - click(findTestObject("Object Repository/Projects/TC029-Verify user can reset template for thankyou page/Page_Landingly/a_Projects")): Object: 'Object Repository/Projects/TC029-Verify user can reset template for thankyou page/Page_Landingly/a_Projects' is clicked on

2023-10-09 13:19:54 - [MESSAGE][PASSED] - Object: 'Object Repository/Projects/TC029-Verify user can reset template for thankyou page/Page_Landingly/a_Projects' is clicked on

2023-10-09 13:19:54 - [TEST_STEP][PASSED] - click(findTestObject("Object Repository/Projects/TC029-Verify user can reset template for thankyou page/Page_Landingly  Projects/a_View Project")): Object: 'Object Repository/Projects/TC029-Verify user can reset template for thankyou page/Page_Landingly  Projects/a_View Project' is clicked on

2023-10-09 13:19:58 - [MESSAGE][PASSED] - Object: 'Object Repository/Projects/TC029-Verify user can reset template for thankyou page/Page_Landingly  Projects/a_View Project' is clicked on

2023-10-09 13:19:58 - [TEST_STEP][PASSED] - click(findTestObject("Object Repository/Projects/TC029-Verify user can reset template for thankyou page/Page_Landingly  Project Detail/button_Contacts_btn btn-icon btn-flat-danger")): Object: 'Object Repository/Projects/TC029-Verify user can reset template for thankyou page/Page_Landingly  Project Detail/button_Contacts_btn btn-icon btn-flat-danger' is clicked on

2023-10-09 13:20:01 - [MESSAGE][PASSED] - Object: 'Object Repository/Projects/TC029-Verify user can reset template for thankyou page/Page_Landingly  Project Detail/button_Contacts_btn btn-icon btn-flat-danger' is clicked on

2023-10-09 13:20:01 - [TEST_STEP][FAILED] - click(findTestObject("Object Repository/Projects/TC029-Verify user can reset template for thankyou page/Page_Landingly  Project Detail/button_Reset")): Unable to click on object 'Object Repository/Projects/TC029-Verify user can reset template for thankyou page/Page_Landingly  Project Detail/button_Reset' (Root cause: com.kms.katalon.core.exception.StepFailedException: Unable to click on object 'Object Repository/Projects/TC029-Verify user can reset template for thankyou page/Page_Landingly  Project Detail/button_Reset'
	at com.kms.katalon.core.webui.keyword.internal.WebUIKeywordMain.stepFailed(WebUIKeywordMain.groovy:64)
	at com.kms.katalon.core.webui.keyword.internal.WebUIKeywordMain.runKeyword(WebUIKeywordMain.groovy:26)
	at com.kms.katalon.core.webui.keyword.builtin.ClickKeyword.click(ClickKeyword.groovy:74)
	at com.kms.katalon.core.webui.keyword.builtin.ClickKeyword.execute(ClickKeyword.groovy:40)
	at com.kms.katalon.core.keyword.internal.KeywordExecutor.executeKeywordForPlatform(KeywordExecutor.groovy:74)
	at com.kms.katalon.core.webui.keyword.WebUiBuiltInKeywords.click(WebUiBuiltInKeywords.groovy:620)
	at com.kms.katalon.core.webui.keyword.WebUiBuiltInKeywords$click$3.call(Unknown Source)
	at TC029-Verify user can reset template for thankyou page.run(TC029-Verify user can reset template for thankyou page:40)
	at com.kms.katalon.core.main.ScriptEngine.run(ScriptEngine.java:194)
	at com.kms.katalon.core.main.ScriptEngine.runScriptAsRawText(ScriptEngine.java:119)
	at com.kms.katalon.core.main.TestCaseExecutor.runScript(TestCaseExecutor.java:448)
	at com.kms.katalon.core.main.TestCaseExecutor.doExecute(TestCaseExecutor.java:439)
	at com.kms.katalon.core.main.TestCaseExecutor.processExecutionPhase(TestCaseExecutor.java:418)
	at com.kms.katalon.core.main.TestCaseExecutor.accessMainPhase(TestCaseExecutor.java:410)
	at com.kms.katalon.core.main.TestCaseExecutor.execute(TestCaseExecutor.java:285)
	at com.kms.katalon.core.common.CommonExecutor.accessTestCaseMainPhase(CommonExecutor.java:65)
	at com.kms.katalon.core.main.TestSuiteExecutor.accessTestSuiteMainPhase(TestSuiteExecutor.java:148)
	at com.kms.katalon.core.main.TestSuiteExecutor.execute(TestSuiteExecutor.java:106)
	at com.kms.katalon.core.main.TestCaseMain.startTestSuite(TestCaseMain.java:187)
	at com.kms.katalon.core.main.TestCaseMain$startTestSuite$0.call(Unknown Source)
	at TempTestSuite1696838480513.run(TempTestSuite1696838480513.groovy:36)
Caused by: com.kms.katalon.core.webui.exception.WebElementNotFoundException: Web element with id: 'Object Repository/Projects/TC029-Verify user can reset template for thankyou page/Page_Landingly  Project Detail/button_Reset' located by '(//button[@type='button'])[17]' not found
	at com.kms.katalon.core.webui.common.WebUiCommonHelper.findWebElement(WebUiCommonHelper.java:1381)
	at com.kms.katalon.core.webui.keyword.internal.WebUIAbstractKeyword.findWebElement(WebUIAbstractKeyword.groovy:27)
	at com.kms.katalon.core.webui.keyword.builtin.ClickKeyword$_click_closure1.doCall(ClickKeyword.groovy:65)
	at com.kms.katalon.core.webui.keyword.builtin.ClickKeyword$_click_closure1.call(ClickKeyword.groovy)
	at com.kms.katalon.core.webui.keyword.internal.WebUIKeywordMain.runKeyword(WebUIKeywordMain.groovy:20)
	at com.kms.katalon.core.webui.keyword.builtin.ClickKeyword.click(ClickKeyword.groovy:74)
	at com.kms.katalon.core.webui.keyword.builtin.ClickKeyword.execute(ClickKeyword.groovy:40)
	at com.kms.katalon.core.keyword.internal.KeywordExecutor.executeKeywordForPlatform(KeywordExecutor.groovy:74)
	at com.kms.katalon.core.webui.keyword.WebUiBuiltInKeywords.click(WebUiBuiltInKeywords.groovy:620)
	at com.kms.katalon.core.webui.keyword.WebUiBuiltInKeywords$click$3.call(Unknown Source)
	at Script1696491401563.run(Script1696491401563.groovy:40)
	... 13 more
)

2023-10-09 13:20:32 - [MESSAGE][INFO] - Unable to find the element located by 'By.xpath: (//button[@type='button'])[17]'. Please recheck the objects properties to make sure the desired element is located. 

2023-10-09 13:20:33 - [MESSAGE][FAILED] - Unable to click on object 'Object Repository/Projects/TC029-Verify user can reset template for thankyou page/Page_Landingly  Project Detail/button_Reset' (Root cause: com.kms.katalon.core.exception.StepFailedException: Unable to click on object 'Object Repository/Projects/TC029-Verify user can reset template for thankyou page/Page_Landingly  Project Detail/button_Reset'
	at com.kms.katalon.core.webui.keyword.internal.WebUIKeywordMain.stepFailed(WebUIKeywordMain.groovy:64)
	at com.kms.katalon.core.webui.keyword.internal.WebUIKeywordMain.runKeyword(WebUIKeywordMain.groovy:26)
	at com.kms.katalon.core.webui.keyword.builtin.ClickKeyword.click(ClickKeyword.groovy:74)
	at com.kms.katalon.core.webui.keyword.builtin.ClickKeyword.execute(ClickKeyword.groovy:40)
	at com.kms.katalon.core.keyword.internal.KeywordExecutor.executeKeywordForPlatform(KeywordExecutor.groovy:74)
	at com.kms.katalon.core.webui.keyword.WebUiBuiltInKeywords.click(WebUiBuiltInKeywords.groovy:620)
	at com.kms.katalon.core.webui.keyword.WebUiBuiltInKeywords$click$3.call(Unknown Source)
	at TC029-Verify user can reset template for thankyou page.run(TC029-Verify user can reset template for thankyou page:40)
	at com.kms.katalon.core.main.ScriptEngine.run(ScriptEngine.java:194)
	at com.kms.katalon.core.main.ScriptEngine.runScriptAsRawText(ScriptEngine.java:119)
	at com.kms.katalon.core.main.TestCaseExecutor.runScript(TestCaseExecutor.java:448)
	at com.kms.katalon.core.main.TestCaseExecutor.doExecute(TestCaseExecutor.java:439)
	at com.kms.katalon.core.main.TestCaseExecutor.processExecutionPhase(TestCaseExecutor.java:418)
	at com.kms.katalon.core.main.TestCaseExecutor.accessMainPhase(TestCaseExecutor.java:410)
	at com.kms.katalon.core.main.TestCaseExecutor.execute(TestCaseExecutor.java:285)
	at com.kms.katalon.core.common.CommonExecutor.accessTestCaseMainPhase(CommonExecutor.java:65)
	at com.kms.katalon.core.main.TestSuiteExecutor.accessTestSuiteMainPhase(TestSuiteExecutor.java:148)
	at com.kms.katalon.core.main.TestSuiteExecutor.execute(TestSuiteExecutor.java:106)
	at com.kms.katalon.core.main.TestCaseMain.startTestSuite(TestCaseMain.java:187)
	at com.kms.katalon.core.main.TestCaseMain$startTestSuite$0.call(Unknown Source)
	at TempTestSuite1696838480513.run(TempTestSuite1696838480513.groovy:36)
Caused by: com.kms.katalon.core.webui.exception.WebElementNotFoundException: Web element with id: 'Object Repository/Projects/TC029-Verify user can reset template for thankyou page/Page_Landingly  Project Detail/button_Reset' located by '(//button[@type='button'])[17]' not found
	at com.kms.katalon.core.webui.common.WebUiCommonHelper.findWebElement(WebUiCommonHelper.java:1381)
	at com.kms.katalon.core.webui.keyword.internal.WebUIAbstractKeyword.findWebElement(WebUIAbstractKeyword.groovy:27)
	at com.kms.katalon.core.webui.keyword.builtin.ClickKeyword$_click_closure1.doCall(ClickKeyword.groovy:65)
	at com.kms.katalon.core.webui.keyword.builtin.ClickKeyword$_click_closure1.call(ClickKeyword.groovy)
	at com.kms.katalon.core.webui.keyword.internal.WebUIKeywordMain.runKeyword(WebUIKeywordMain.groovy:20)
	at com.kms.katalon.core.webui.keyword.builtin.ClickKeyword.click(ClickKeyword.groovy:74)
	at com.kms.katalon.core.webui.keyword.builtin.ClickKeyword.execute(ClickKeyword.groovy:40)
	at com.kms.katalon.core.keyword.internal.KeywordExecutor.executeKeywordForPlatform(KeywordExecutor.groovy:74)
	at com.kms.katalon.core.webui.keyword.WebUiBuiltInKeywords.click(WebUiBuiltInKeywords.groovy:620)
	at com.kms.katalon.core.webui.keyword.WebUiBuiltInKeywords$click$3.call(Unknown Source)
	at Script1696491401563.run(Script1696491401563.groovy:40)
	... 13 more
)
[[ATTACHMENT|C:\\Users\\TDS\\git\\Landingly\\Reports\\20231009_130120\\Landingly\\20231009_130120\\1696839632749.png]]]]></system-out>
         <system-err><![CDATA[2023-10-09 13:19:38 - [TEST_CASE][FAILED] - Test Cases/Projects/TC029-Verify user can reset template for thankyou page: Test Cases/Projects/TC029-Verify user can reset template for thankyou page FAILED.
Reason:
com.kms.katalon.core.exception.StepFailedException: Unable to click on object 'Object Repository/Projects/TC029-Verify user can reset template for thankyou page/Page_Landingly  Project Detail/button_Reset'
	at com.kms.katalon.core.webui.keyword.internal.WebUIKeywordMain.stepFailed(WebUIKeywordMain.groovy:64)
	at com.kms.katalon.core.webui.keyword.internal.WebUIKeywordMain.runKeyword(WebUIKeywordMain.groovy:26)
	at com.kms.katalon.core.webui.keyword.builtin.ClickKeyword.click(ClickKeyword.groovy:74)
	at com.kms.katalon.core.webui.keyword.builtin.ClickKeyword.execute(ClickKeyword.groovy:40)
	at com.kms.katalon.core.keyword.internal.KeywordExecutor.executeKeywordForPlatform(KeywordExecutor.groovy:74)
	at com.kms.katalon.core.webui.keyword.WebUiBuiltInKeywords.click(WebUiBuiltInKeywords.groovy:620)
	at com.kms.katalon.core.webui.keyword.WebUiBuiltInKeywords$click$3.call(Unknown Source)
	at TC029-Verify user can reset template for thankyou page.run(TC029-Verify user can reset template for thankyou page:40)
	at com.kms.katalon.core.main.ScriptEngine.run(ScriptEngine.java:194)
	at com.kms.katalon.core.main.ScriptEngine.runScriptAsRawText(ScriptEngine.java:119)
	at com.kms.katalon.core.main.TestCaseExecutor.runScript(TestCaseExecutor.java:448)
	at com.kms.katalon.core.main.TestCaseExecutor.doExecute(TestCaseExecutor.java:439)
	at com.kms.katalon.core.main.TestCaseExecutor.processExecutionPhase(TestCaseExecutor.java:418)
	at com.kms.katalon.core.main.TestCaseExecutor.accessMainPhase(TestCaseExecutor.java:410)
	at com.kms.katalon.core.main.TestCaseExecutor.execute(TestCaseExecutor.java:285)
	at com.kms.katalon.core.common.CommonExecutor.accessTestCaseMainPhase(CommonExecutor.java:65)
	at com.kms.katalon.core.main.TestSuiteExecutor.accessTestSuiteMainPhase(TestSuiteExecutor.java:148)
	at com.kms.katalon.core.main.TestSuiteExecutor.execute(TestSuiteExecutor.java:106)
	at com.kms.katalon.core.main.TestCaseMain.startTestSuite(TestCaseMain.java:187)
	at com.kms.katalon.core.main.TestCaseMain$startTestSuite$0.call(Unknown Source)
	at TempTestSuite1696838480513.run(TempTestSuite1696838480513.groovy:36)
Caused by: com.kms.katalon.core.webui.exception.WebElementNotFoundException: Web element with id: 'Object Repository/Projects/TC029-Verify user can reset template for thankyou page/Page_Landingly  Project Detail/button_Reset' located by '(//button[@type='button'])[17]' not found
	at com.kms.katalon.core.webui.common.WebUiCommonHelper.findWebElement(WebUiCommonHelper.java:1381)
	at com.kms.katalon.core.webui.keyword.internal.WebUIAbstractKeyword.findWebElement(WebUIAbstractKeyword.groovy:27)
	at com.kms.katalon.core.webui.keyword.builtin.ClickKeyword$_click_closure1.doCall(ClickKeyword.groovy:65)
	at com.kms.katalon.core.webui.keyword.builtin.ClickKeyword$_click_closure1.call(ClickKeyword.groovy)
	at com.kms.katalon.core.webui.keyword.internal.WebUIKeywordMain.runKeyword(WebUIKeywordMain.groovy:20)
	... 19 more]]></system-err>
      </testcase>
      <testcase name="Test Cases/Projects/TC030-Verify user can add new product" time="57.382" classname="Test Cases/Projects/TC030-Verify user can add new product" status="PASSED">
         <system-out><![CDATA[2023-10-09 13:20:33 - [TEST_CASE][PASSED] - Test Cases/Projects/TC030-Verify user can add new product: Test Cases/Projects/TC030-Verify user can add new product

2023-10-09 13:20:34 - [TEST_STEP][PASSED] - openBrowser(""): Browser is opened with url: ''

2023-10-09 13:20:34 - [MESSAGE][WARNING] - A browser is already opened. Closing browser and opening a new one

2023-10-09 13:20:36 - [MESSAGE][INFO] - Starting 'Chrome' driver

2023-10-09 13:20:36 - [MESSAGE][INFO] - Action delay is set to 0 milliseconds

2023-10-09 13:20:38 - [MESSAGE][PASSED] - Browser is opened with url: ''

2023-10-09 13:20:38 - [TEST_STEP][PASSED] - maximizeWindow(): Current window maximized

2023-10-09 13:20:39 - [MESSAGE][PASSED] - Current window maximized

2023-10-09 13:20:39 - [TEST_STEP][PASSED] - navigateToUrl("https://app.landingly.com/"): Navigate to 'https://app.landingly.com/' successfully

2023-10-09 13:20:46 - [MESSAGE][PASSED] - Navigate to 'https://app.landingly.com/' successfully

2023-10-09 13:20:46 - [TEST_STEP][PASSED] - setText(findTestObject("Object Repository/Projects/TC030-Verify user can add new product/Page_Landingly  Login/input_Email_login-email"), "sqaahmadtahir@gmail.com"): Text 'sqaahmadtahir@gmail.com' is set on object 'Object Repository/Projects/TC030-Verify user can add new product/Page_Landingly  Login/input_Email_login-email'

2023-10-09 13:20:47 - [MESSAGE][PASSED] - Text 'sqaahmadtahir@gmail.com' is set on object 'Object Repository/Projects/TC030-Verify user can add new product/Page_Landingly  Login/input_Email_login-email'

2023-10-09 13:20:47 - [TEST_STEP][PASSED] - setEncryptedText(findTestObject("Object Repository/Projects/TC030-Verify user can add new product/Page_Landingly  Login/input_Forgot Password_login-password"), "/5S6MFFLcE5DAenbZpYNsQ=="): Text ****** has been set on object 'Object Repository/Projects/TC030-Verify user can add new product/Page_Landingly  Login/input_Forgot Password_login-password'

2023-10-09 13:20:48 - [MESSAGE][PASSED] - Text ****** has been set on object 'Object Repository/Projects/TC030-Verify user can add new product/Page_Landingly  Login/input_Forgot Password_login-password'

2023-10-09 13:20:48 - [TEST_STEP][PASSED] - click(findTestObject("Object Repository/Projects/TC030-Verify user can add new product/Page_Landingly  Login/button_Sign in")): Object: 'Object Repository/Projects/TC030-Verify user can add new product/Page_Landingly  Login/button_Sign in' is clicked on

2023-10-09 13:20:48 - [MESSAGE][PASSED] - Object: 'Object Repository/Projects/TC030-Verify user can add new product/Page_Landingly  Login/button_Sign in' is clicked on

2023-10-09 13:20:48 - [TEST_STEP][PASSED] - click(findTestObject("Object Repository/Projects/TC030-Verify user can add new product/Page_Landingly/a_Projects")): Object: 'Object Repository/Projects/TC030-Verify user can add new product/Page_Landingly/a_Projects' is clicked on

2023-10-09 13:20:52 - [MESSAGE][PASSED] - Object: 'Object Repository/Projects/TC030-Verify user can add new product/Page_Landingly/a_Projects' is clicked on

2023-10-09 13:20:52 - [TEST_STEP][PASSED] - click(findTestObject("Object Repository/Projects/TC030-Verify user can add new product/Page_Landingly  Projects/button_New Project")): Object: 'Object Repository/Projects/TC030-Verify user can add new product/Page_Landingly  Projects/button_New Project' is clicked on

2023-10-09 13:20:56 - [MESSAGE][PASSED] - Object: 'Object Repository/Projects/TC030-Verify user can add new product/Page_Landingly  Projects/button_New Project' is clicked on

2023-10-09 13:20:56 - [TEST_STEP][PASSED] - setText(findTestObject("Object Repository/Projects/TC030-Verify user can add new product/Page_Landingly  Projects/input__ProjectName"), "sales"): Text 'sales' is set on object 'Object Repository/Projects/TC030-Verify user can add new product/Page_Landingly  Projects/input__ProjectName'

2023-10-09 13:20:58 - [MESSAGE][PASSED] - Text 'sales' is set on object 'Object Repository/Projects/TC030-Verify user can add new product/Page_Landingly  Projects/input__ProjectName'

2023-10-09 13:20:58 - [TEST_STEP][PASSED] - click(findTestObject("Object Repository/Projects/TC030-Verify user can add new product/Page_Landingly  Projects/label_Sales Funnel")): Object: 'Object Repository/Projects/TC030-Verify user can add new product/Page_Landingly  Projects/label_Sales Funnel' is clicked on

2023-10-09 13:20:59 - [MESSAGE][PASSED] - Object: 'Object Repository/Projects/TC030-Verify user can add new product/Page_Landingly  Projects/label_Sales Funnel' is clicked on

2023-10-09 13:20:59 - [TEST_STEP][PASSED] - click(findTestObject("Object Repository/Projects/TC030-Verify user can add new product/Page_Landingly  Projects/button_Build Project")): Object: 'Object Repository/Projects/TC030-Verify user can add new product/Page_Landingly  Projects/button_Build Project' is clicked on

2023-10-09 13:21:00 - [MESSAGE][PASSED] - Object: 'Object Repository/Projects/TC030-Verify user can add new product/Page_Landingly  Projects/button_Build Project' is clicked on

2023-10-09 13:21:00 - [TEST_STEP][PASSED] - click(findTestObject("Object Repository/Projects/TC030-Verify user can add new product/Page_Landingly  Project Detail/a_Use This")): Object: 'Object Repository/Projects/TC030-Verify user can add new product/Page_Landingly  Project Detail/a_Use This' is clicked on

2023-10-09 13:21:07 - [MESSAGE][PASSED] - Object: 'Object Repository/Projects/TC030-Verify user can add new product/Page_Landingly  Project Detail/a_Use This' is clicked on

2023-10-09 13:21:07 - [TEST_STEP][PASSED] - click(findTestObject("Object Repository/Projects/TC030-Verify user can add new product/Page_Landingly  Project Detail/a_Use This")): Object: 'Object Repository/Projects/TC030-Verify user can add new product/Page_Landingly  Project Detail/a_Use This' is clicked on

2023-10-09 13:21:10 - [MESSAGE][PASSED] - Object: 'Object Repository/Projects/TC030-Verify user can add new product/Page_Landingly  Project Detail/a_Use This' is clicked on

2023-10-09 13:21:10 - [TEST_STEP][PASSED] - click(findTestObject("Object Repository/Projects/TC030-Verify user can add new product/Page_Landingly  Project Detail/button_Add New Product")): Object: 'Object Repository/Projects/TC030-Verify user can add new product/Page_Landingly  Project Detail/button_Add New Product' is clicked on

2023-10-09 13:21:12 - [MESSAGE][PASSED] - Object: 'Object Repository/Projects/TC030-Verify user can add new product/Page_Landingly  Project Detail/button_Add New Product' is clicked on

2023-10-09 13:21:12 - [TEST_STEP][PASSED] - populateSalesProjectName = customKeywords.Emailautomation.populateSalesProjectName(): customKeywords.Emailautomation.populateSalesProjectName is PASSED

2023-10-09 13:21:12 - [MESSAGE][PASSED] - customKeywords.Emailautomation.populateSalesProjectName is PASSED

2023-10-09 13:21:12 - [TEST_STEP][PASSED] - setText(findTestObject("Object Repository/Projects/TC030-Verify user can add new product/Page_Landingly  Project Detail/input__ProductName"), populateSalesProjectName): Text 'sales1559559675207800' is set on object 'Object Repository/Projects/TC030-Verify user can add new product/Page_Landingly  Project Detail/input__ProductName'

2023-10-09 13:21:14 - [MESSAGE][PASSED] - Text 'sales1559559675207800' is set on object 'Object Repository/Projects/TC030-Verify user can add new product/Page_Landingly  Project Detail/input__ProductName'

2023-10-09 13:21:14 - [TEST_STEP][PASSED] - setText(findTestObject("Object Repository/Projects/TC030-Verify user can add new product/Page_Landingly  Project Detail/input__ProductPrice"), "02"): Text '02' is set on object 'Object Repository/Projects/TC030-Verify user can add new product/Page_Landingly  Project Detail/input__ProductPrice'

2023-10-09 13:21:16 - [MESSAGE][PASSED] - Text '02' is set on object 'Object Repository/Projects/TC030-Verify user can add new product/Page_Landingly  Project Detail/input__ProductPrice'

2023-10-09 13:21:16 - [TEST_STEP][PASSED] - selectOptionByValue(findTestObject("Object Repository/Projects/TC030-Verify user can add new product/Page_Landingly  Project Detail/select_Select Payment Method PayPal  Stripe_d0e314"), "Select Payment Method", true): All options with value 'Select Payment Method' are selected in object 'Object Repository/Projects/TC030-Verify user can add new product/Page_Landingly  Project Detail/select_Select Payment Method PayPal  Stripe_d0e314'  using regular expression

2023-10-09 13:21:17 - [MESSAGE][PASSED] - All options with value 'Select Payment Method' are selected in object 'Object Repository/Projects/TC030-Verify user can add new product/Page_Landingly  Project Detail/select_Select Payment Method PayPal  Stripe_d0e314'  using regular expression

2023-10-09 13:21:17 - [TEST_STEP][PASSED] - selectOptionByValue(findTestObject("Object Repository/Projects/TC030-Verify user can add new product/Page_Landingly  Project Detail/select_Select Payment Method PayPal  Stripe_d0e314"), "Select Payment Method", true): All options with value 'Select Payment Method' are selected in object 'Object Repository/Projects/TC030-Verify user can add new product/Page_Landingly  Project Detail/select_Select Payment Method PayPal  Stripe_d0e314'  using regular expression

2023-10-09 13:21:19 - [MESSAGE][PASSED] - All options with value 'Select Payment Method' are selected in object 'Object Repository/Projects/TC030-Verify user can add new product/Page_Landingly  Project Detail/select_Select Payment Method PayPal  Stripe_d0e314'  using regular expression

2023-10-09 13:21:19 - [TEST_STEP][PASSED] - selectOptionByValue(findTestObject("Object Repository/Projects/TC030-Verify user can add new product/Page_Landingly  Project Detail/select_Select Payment Method PayPal  Stripe_d0e314"), "2", true): All options with value '2' are selected in object 'Object Repository/Projects/TC030-Verify user can add new product/Page_Landingly  Project Detail/select_Select Payment Method PayPal  Stripe_d0e314'  using regular expression

2023-10-09 13:21:20 - [MESSAGE][PASSED] - All options with value '2' are selected in object 'Object Repository/Projects/TC030-Verify user can add new product/Page_Landingly  Project Detail/select_Select Payment Method PayPal  Stripe_d0e314'  using regular expression

2023-10-09 13:21:20 - [TEST_STEP][PASSED] - selectOptionByValue(findTestObject("Object Repository/Projects/TC030-Verify user can add new product/Page_Landingly  Project Detail/select_Select Payment Method PayPal  Stripe_d0e314"), "2", true): All options with value '2' are selected in object 'Object Repository/Projects/TC030-Verify user can add new product/Page_Landingly  Project Detail/select_Select Payment Method PayPal  Stripe_d0e314'  using regular expression

2023-10-09 13:21:23 - [MESSAGE][PASSED] - All options with value '2' are selected in object 'Object Repository/Projects/TC030-Verify user can add new product/Page_Landingly  Project Detail/select_Select Payment Method PayPal  Stripe_d0e314'  using regular expression

2023-10-09 13:21:23 - [TEST_STEP][PASSED] - click(findTestObject("Object Repository/Projects/TC030-Verify user can add new product/Page_Landingly  Project Detail/a_Checkout Page Settings")): Object: 'Object Repository/Projects/TC030-Verify user can add new product/Page_Landingly  Project Detail/a_Checkout Page Settings' is clicked on

2023-10-09 13:21:24 - [MESSAGE][PASSED] - Object: 'Object Repository/Projects/TC030-Verify user can add new product/Page_Landingly  Project Detail/a_Checkout Page Settings' is clicked on

2023-10-09 13:21:24 - [TEST_STEP][PASSED] - click(findTestObject("Object Repository/Projects/TC030-Verify user can add new product/Page_Landingly  Project Detail/a_Use This")): Object: 'Object Repository/Projects/TC030-Verify user can add new product/Page_Landingly  Project Detail/a_Use This' is clicked on

2023-10-09 13:21:25 - [MESSAGE][PASSED] - Object: 'Object Repository/Projects/TC030-Verify user can add new product/Page_Landingly  Project Detail/a_Use This' is clicked on

2023-10-09 13:21:25 - [TEST_STEP][PASSED] - click(findTestObject("Object Repository/Projects/TC030-Verify user can add new product/Page_Landingly  Project Detail/button_Save")): Object: 'Object Repository/Projects/TC030-Verify user can add new product/Page_Landingly  Project Detail/button_Save' is clicked on

2023-10-09 13:21:27 - [MESSAGE][PASSED] - Object: 'Object Repository/Projects/TC030-Verify user can add new product/Page_Landingly  Project Detail/button_Save' is clicked on

2023-10-09 13:21:27 - [TEST_STEP][PASSED] - verifyElementText(findTestObject("Object Repository/Projects/TC030-Verify user can add new product/Page_Landingly  Project Detail/td_new product"), populateSalesProjectName): Actual text and expected text of test object 'Object Repository/Projects/TC030-Verify user can add new product/Page_Landingly  Project Detail/td_new product' are matched.

2023-10-09 13:21:29 - [MESSAGE][PASSED] - Actual text and expected text of test object 'Object Repository/Projects/TC030-Verify user can add new product/Page_Landingly  Project Detail/td_new product' are matched.

2023-10-09 13:21:29 - [TEST_STEP][PASSED] - closeBrowser(): Browser is closed

2023-10-09 13:21:30 - [MESSAGE][PASSED] - Browser is closed]]></system-out>
         <system-err><![CDATA[]]></system-err>
      </testcase>
      <testcase name="Test Cases/Projects/TC031-Verify user can edit product" time="90.712" classname="Test Cases/Projects/TC031-Verify user can edit product" status="PASSED">
         <system-out><![CDATA[2023-10-09 13:21:30 - [TEST_CASE][PASSED] - Test Cases/Projects/TC031-Verify user can edit product: Test Cases/Projects/TC031-Verify user can edit product

2023-10-09 13:21:31 - [TEST_STEP][PASSED] - openBrowser(""): Browser is opened with url: ''

2023-10-09 13:21:31 - [MESSAGE][INFO] - Starting 'Chrome' driver

2023-10-09 13:21:31 - [MESSAGE][INFO] - Action delay is set to 0 milliseconds

2023-10-09 13:21:34 - [MESSAGE][PASSED] - Browser is opened with url: ''

2023-10-09 13:21:34 - [TEST_STEP][PASSED] - maximizeWindow(): Current window maximized

2023-10-09 13:21:34 - [MESSAGE][PASSED] - Current window maximized

2023-10-09 13:21:34 - [TEST_STEP][PASSED] - navigateToUrl("https://app.landingly.com/"): Navigate to 'https://app.landingly.com/' successfully

2023-10-09 13:21:41 - [MESSAGE][PASSED] - Navigate to 'https://app.landingly.com/' successfully

2023-10-09 13:21:41 - [TEST_STEP][PASSED] - setText(findTestObject("Projects/TC031-Verify user can edit product/Page_Landingly  Login/input_Email_login-email"), "sqaahmadtahir@gmail.com"): Text 'sqaahmadtahir@gmail.com' is set on object 'Object Repository/Projects/TC031-Verify user can edit product/Page_Landingly  Login/input_Email_login-email'

2023-10-09 13:21:42 - [MESSAGE][PASSED] - Text 'sqaahmadtahir@gmail.com' is set on object 'Object Repository/Projects/TC031-Verify user can edit product/Page_Landingly  Login/input_Email_login-email'

2023-10-09 13:21:42 - [TEST_STEP][PASSED] - setEncryptedText(findTestObject("Projects/TC031-Verify user can edit product/Page_Landingly  Login/input_Forgot Password_login-password"), "/5S6MFFLcE5DAenbZpYNsQ=="): Text ****** has been set on object 'Object Repository/Projects/TC031-Verify user can edit product/Page_Landingly  Login/input_Forgot Password_login-password'

2023-10-09 13:21:43 - [MESSAGE][PASSED] - Text ****** has been set on object 'Object Repository/Projects/TC031-Verify user can edit product/Page_Landingly  Login/input_Forgot Password_login-password'

2023-10-09 13:21:43 - [TEST_STEP][PASSED] - click(findTestObject("Projects/TC031-Verify user can edit product/Page_Landingly  Login/button_Sign in")): Object: 'Object Repository/Projects/TC031-Verify user can edit product/Page_Landingly  Login/button_Sign in' is clicked on

2023-10-09 13:21:44 - [MESSAGE][PASSED] - Object: 'Object Repository/Projects/TC031-Verify user can edit product/Page_Landingly  Login/button_Sign in' is clicked on

2023-10-09 13:21:44 - [TEST_STEP][PASSED] - click(findTestObject("Projects/TC031-Verify user can edit product/Page_Landingly/a_Projects")): Object: 'Object Repository/Projects/TC031-Verify user can edit product/Page_Landingly/a_Projects' is clicked on

2023-10-09 13:21:46 - [MESSAGE][PASSED] - Object: 'Object Repository/Projects/TC031-Verify user can edit product/Page_Landingly/a_Projects' is clicked on

2023-10-09 13:21:46 - [TEST_STEP][PASSED] - click(findTestObject("Projects/TC031-Verify user can edit product/Page_Landingly  Projects/button_New Project")): Object: 'Object Repository/Projects/TC031-Verify user can edit product/Page_Landingly  Projects/button_New Project' is clicked on

2023-10-09 13:21:50 - [MESSAGE][PASSED] - Object: 'Object Repository/Projects/TC031-Verify user can edit product/Page_Landingly  Projects/button_New Project' is clicked on

2023-10-09 13:21:50 - [TEST_STEP][PASSED] - setText(findTestObject("Projects/TC031-Verify user can edit product/Page_Landingly  Projects/input__ProjectName"), "sales"): Text 'sales' is set on object 'Object Repository/Projects/TC031-Verify user can edit product/Page_Landingly  Projects/input__ProjectName'

2023-10-09 13:21:52 - [MESSAGE][PASSED] - Text 'sales' is set on object 'Object Repository/Projects/TC031-Verify user can edit product/Page_Landingly  Projects/input__ProjectName'

2023-10-09 13:21:52 - [TEST_STEP][PASSED] - click(findTestObject("Projects/TC031-Verify user can edit product/Page_Landingly  Projects/label_Sales Funnel")): Object: 'Object Repository/Projects/TC031-Verify user can edit product/Page_Landingly  Projects/label_Sales Funnel' is clicked on

2023-10-09 13:21:53 - [MESSAGE][PASSED] - Object: 'Object Repository/Projects/TC031-Verify user can edit product/Page_Landingly  Projects/label_Sales Funnel' is clicked on

2023-10-09 13:21:53 - [TEST_STEP][PASSED] - click(findTestObject("Projects/TC031-Verify user can edit product/Page_Landingly  Projects/button_Build Project")): Object: 'Object Repository/Projects/TC031-Verify user can edit product/Page_Landingly  Projects/button_Build Project' is clicked on

2023-10-09 13:21:54 - [MESSAGE][PASSED] - Object: 'Object Repository/Projects/TC031-Verify user can edit product/Page_Landingly  Projects/button_Build Project' is clicked on

2023-10-09 13:21:54 - [TEST_STEP][PASSED] - click(findTestObject("Projects/TC031-Verify user can edit product/Page_Landingly  Project Detail/a_Use This")): Object: 'Object Repository/Projects/TC031-Verify user can edit product/Page_Landingly  Project Detail/a_Use This' is clicked on

2023-10-09 13:22:00 - [MESSAGE][PASSED] - Object: 'Object Repository/Projects/TC031-Verify user can edit product/Page_Landingly  Project Detail/a_Use This' is clicked on

2023-10-09 13:22:00 - [TEST_STEP][PASSED] - click(findTestObject("Projects/TC031-Verify user can edit product/Page_Landingly  Project Detail/a_Use This")): Object: 'Object Repository/Projects/TC031-Verify user can edit product/Page_Landingly  Project Detail/a_Use This' is clicked on

2023-10-09 13:22:02 - [MESSAGE][PASSED] - Object: 'Object Repository/Projects/TC031-Verify user can edit product/Page_Landingly  Project Detail/a_Use This' is clicked on

2023-10-09 13:22:02 - [TEST_STEP][PASSED] - click(findTestObject("Projects/TC031-Verify user can edit product/Page_Landingly  Project Detail/button_Add New Product")): Object: 'Object Repository/Projects/TC031-Verify user can edit product/Page_Landingly  Project Detail/button_Add New Product' is clicked on

2023-10-09 13:22:04 - [MESSAGE][PASSED] - Object: 'Object Repository/Projects/TC031-Verify user can edit product/Page_Landingly  Project Detail/button_Add New Product' is clicked on

2023-10-09 13:22:04 - [TEST_STEP][PASSED] - populateSalesProjectName = customKeywords.Emailautomation.populateSalesProjectName(): customKeywords.Emailautomation.populateSalesProjectName is PASSED

2023-10-09 13:22:04 - [MESSAGE][PASSED] - customKeywords.Emailautomation.populateSalesProjectName is PASSED

2023-10-09 13:22:04 - [TEST_STEP][PASSED] - setText(findTestObject("Projects/TC031-Verify user can edit product/Page_Landingly  Project Detail/input__ProductName"), populateSalesProjectName): Text 'sales1559612320237000' is set on object 'Object Repository/Projects/TC031-Verify user can edit product/Page_Landingly  Project Detail/input__ProductName'

2023-10-09 13:22:07 - [MESSAGE][PASSED] - Text 'sales1559612320237000' is set on object 'Object Repository/Projects/TC031-Verify user can edit product/Page_Landingly  Project Detail/input__ProductName'

2023-10-09 13:22:07 - [TEST_STEP][PASSED] - setText(findTestObject("Projects/TC031-Verify user can edit product/Page_Landingly  Project Detail/input__ProductPrice"), "02"): Text '02' is set on object 'Object Repository/Projects/TC031-Verify user can edit product/Page_Landingly  Project Detail/input__ProductPrice'

2023-10-09 13:22:08 - [MESSAGE][PASSED] - Text '02' is set on object 'Object Repository/Projects/TC031-Verify user can edit product/Page_Landingly  Project Detail/input__ProductPrice'

2023-10-09 13:22:08 - [TEST_STEP][PASSED] - selectOptionByValue(findTestObject("Projects/TC031-Verify user can edit product/Page_Landingly  Project Detail/select_Select Payment Method PayPal  Stripe_d0e314"), "Select Payment Method", true): All options with value 'Select Payment Method' are selected in object 'Object Repository/Projects/TC031-Verify user can edit product/Page_Landingly  Project Detail/select_Select Payment Method PayPal  Stripe_d0e314'  using regular expression

2023-10-09 13:22:10 - [MESSAGE][PASSED] - All options with value 'Select Payment Method' are selected in object 'Object Repository/Projects/TC031-Verify user can edit product/Page_Landingly  Project Detail/select_Select Payment Method PayPal  Stripe_d0e314'  using regular expression

2023-10-09 13:22:10 - [TEST_STEP][PASSED] - selectOptionByValue(findTestObject("Projects/TC031-Verify user can edit product/Page_Landingly  Project Detail/select_Select Payment Method PayPal  Stripe_d0e314"), "Select Payment Method", true): All options with value 'Select Payment Method' are selected in object 'Object Repository/Projects/TC031-Verify user can edit product/Page_Landingly  Project Detail/select_Select Payment Method PayPal  Stripe_d0e314'  using regular expression

2023-10-09 13:22:11 - [MESSAGE][PASSED] - All options with value 'Select Payment Method' are selected in object 'Object Repository/Projects/TC031-Verify user can edit product/Page_Landingly  Project Detail/select_Select Payment Method PayPal  Stripe_d0e314'  using regular expression

2023-10-09 13:22:11 - [TEST_STEP][PASSED] - selectOptionByValue(findTestObject("Projects/TC031-Verify user can edit product/Page_Landingly  Project Detail/select_Select Payment Method PayPal  Stripe_d0e314"), "2", true): All options with value '2' are selected in object 'Object Repository/Projects/TC031-Verify user can edit product/Page_Landingly  Project Detail/select_Select Payment Method PayPal  Stripe_d0e314'  using regular expression

2023-10-09 13:22:12 - [MESSAGE][PASSED] - All options with value '2' are selected in object 'Object Repository/Projects/TC031-Verify user can edit product/Page_Landingly  Project Detail/select_Select Payment Method PayPal  Stripe_d0e314'  using regular expression

2023-10-09 13:22:12 - [TEST_STEP][PASSED] - selectOptionByValue(findTestObject("Projects/TC031-Verify user can edit product/Page_Landingly  Project Detail/select_Select Payment Method PayPal  Stripe_d0e314"), "2", true): All options with value '2' are selected in object 'Object Repository/Projects/TC031-Verify user can edit product/Page_Landingly  Project Detail/select_Select Payment Method PayPal  Stripe_d0e314'  using regular expression

2023-10-09 13:22:15 - [MESSAGE][PASSED] - All options with value '2' are selected in object 'Object Repository/Projects/TC031-Verify user can edit product/Page_Landingly  Project Detail/select_Select Payment Method PayPal  Stripe_d0e314'  using regular expression

2023-10-09 13:22:15 - [TEST_STEP][PASSED] - click(findTestObject("Projects/TC031-Verify user can edit product/Page_Landingly  Project Detail/a_Checkout Page Settings")): Object: 'Object Repository/Projects/TC031-Verify user can edit product/Page_Landingly  Project Detail/a_Checkout Page Settings' is clicked on

2023-10-09 13:22:16 - [MESSAGE][PASSED] - Object: 'Object Repository/Projects/TC031-Verify user can edit product/Page_Landingly  Project Detail/a_Checkout Page Settings' is clicked on

2023-10-09 13:22:16 - [TEST_STEP][PASSED] - click(findTestObject("Projects/TC031-Verify user can edit product/Page_Landingly  Project Detail/a_Use This")): Object: 'Object Repository/Projects/TC031-Verify user can edit product/Page_Landingly  Project Detail/a_Use This' is clicked on

2023-10-09 13:22:17 - [MESSAGE][PASSED] - Object: 'Object Repository/Projects/TC031-Verify user can edit product/Page_Landingly  Project Detail/a_Use This' is clicked on

2023-10-09 13:22:17 - [TEST_STEP][PASSED] - click(findTestObject("Projects/TC031-Verify user can edit product/Page_Landingly  Project Detail/button_Save")): Object: 'Object Repository/Projects/TC031-Verify user can edit product/Page_Landingly  Project Detail/button_Save' is clicked on

2023-10-09 13:22:19 - [MESSAGE][PASSED] - Object: 'Object Repository/Projects/TC031-Verify user can edit product/Page_Landingly  Project Detail/button_Save' is clicked on

2023-10-09 13:22:19 - [TEST_STEP][PASSED] - verifyElementText(findTestObject("Projects/TC031-Verify user can edit product/Page_Landingly  Project Detail/td_new product"), populateSalesProjectName): Actual text and expected text of test object 'Object Repository/Projects/TC031-Verify user can edit product/Page_Landingly  Project Detail/td_new product' are matched.

2023-10-09 13:22:21 - [MESSAGE][PASSED] - Actual text and expected text of test object 'Object Repository/Projects/TC031-Verify user can edit product/Page_Landingly  Project Detail/td_new product' are matched.

2023-10-09 13:22:21 - [TEST_STEP][PASSED] - click(findTestObject("Projects/TC031-Verify user can edit product/Page_Landingly  Project Detail/btnedit")): Object: 'Object Repository/Projects/TC031-Verify user can edit product/Page_Landingly  Project Detail/btnedit' is clicked on

2023-10-09 13:22:22 - [MESSAGE][PASSED] - Object: 'Object Repository/Projects/TC031-Verify user can edit product/Page_Landingly  Project Detail/btnedit' is clicked on

2023-10-09 13:22:22 - [TEST_STEP][PASSED] - populateProjectName = customKeywords.Emailautomation.populateSalesProjectName(): customKeywords.Emailautomation.populateSalesProjectName is PASSED

2023-10-09 13:22:22 - [MESSAGE][PASSED] - customKeywords.Emailautomation.populateSalesProjectName is PASSED

2023-10-09 13:22:22 - [TEST_STEP][PASSED] - setText(findTestObject("Projects/TC031-Verify user can edit product/Page_Landingly  Project Detail/input__ProductName"), populateProjectName): Text 'sales1559630473196300' is set on object 'Object Repository/Projects/TC031-Verify user can edit product/Page_Landingly  Project Detail/input__ProductName'

2023-10-09 13:22:26 - [MESSAGE][PASSED] - Text 'sales1559630473196300' is set on object 'Object Repository/Projects/TC031-Verify user can edit product/Page_Landingly  Project Detail/input__ProductName'

2023-10-09 13:22:26 - [TEST_STEP][PASSED] - setText(findTestObject("Projects/TC031-Verify user can edit product/Page_Landingly  Project Detail/input__ProductPrice"), "05"): Text '05' is set on object 'Object Repository/Projects/TC031-Verify user can edit product/Page_Landingly  Project Detail/input__ProductPrice'

2023-10-09 13:22:28 - [MESSAGE][PASSED] - Text '05' is set on object 'Object Repository/Projects/TC031-Verify user can edit product/Page_Landingly  Project Detail/input__ProductPrice'

2023-10-09 13:22:28 - [TEST_STEP][PASSED] - selectOptionByValue(findTestObject("Projects/TC031-Verify user can edit product/Page_Landingly  Project Detail/select_Select Payment Method PayPal  Stripe_d0e314"), "Select Payment Method", true): All options with value 'Select Payment Method' are selected in object 'Object Repository/Projects/TC031-Verify user can edit product/Page_Landingly  Project Detail/select_Select Payment Method PayPal  Stripe_d0e314'  using regular expression

2023-10-09 13:22:30 - [MESSAGE][PASSED] - All options with value 'Select Payment Method' are selected in object 'Object Repository/Projects/TC031-Verify user can edit product/Page_Landingly  Project Detail/select_Select Payment Method PayPal  Stripe_d0e314'  using regular expression

2023-10-09 13:22:30 - [TEST_STEP][PASSED] - selectOptionByValue(findTestObject("Projects/TC031-Verify user can edit product/Page_Landingly  Project Detail/select_Select Payment Method PayPal  Stripe_d0e314"), "Select Payment Method", true): All options with value 'Select Payment Method' are selected in object 'Object Repository/Projects/TC031-Verify user can edit product/Page_Landingly  Project Detail/select_Select Payment Method PayPal  Stripe_d0e314'  using regular expression

2023-10-09 13:22:40 - [MESSAGE][PASSED] - All options with value 'Select Payment Method' are selected in object 'Object Repository/Projects/TC031-Verify user can edit product/Page_Landingly  Project Detail/select_Select Payment Method PayPal  Stripe_d0e314'  using regular expression

2023-10-09 13:22:40 - [TEST_STEP][PASSED] - selectOptionByValue(findTestObject("Projects/TC031-Verify user can edit product/Page_Landingly  Project Detail/select_Select Payment Method PayPal  Stripe_d0e314"), "3", true): All options with value '3' are selected in object 'Object Repository/Projects/TC031-Verify user can edit product/Page_Landingly  Project Detail/select_Select Payment Method PayPal  Stripe_d0e314'  using regular expression

2023-10-09 13:22:43 - [MESSAGE][PASSED] - All options with value '3' are selected in object 'Object Repository/Projects/TC031-Verify user can edit product/Page_Landingly  Project Detail/select_Select Payment Method PayPal  Stripe_d0e314'  using regular expression

2023-10-09 13:22:43 - [TEST_STEP][PASSED] - selectOptionByValue(findTestObject("Projects/TC031-Verify user can edit product/Page_Landingly  Project Detail/select_Select Payment Method PayPal  Stripe_d0e314"), "3", true): All options with value '3' are selected in object 'Object Repository/Projects/TC031-Verify user can edit product/Page_Landingly  Project Detail/select_Select Payment Method PayPal  Stripe_d0e314'  using regular expression

2023-10-09 13:22:46 - [MESSAGE][PASSED] - All options with value '3' are selected in object 'Object Repository/Projects/TC031-Verify user can edit product/Page_Landingly  Project Detail/select_Select Payment Method PayPal  Stripe_d0e314'  using regular expression

2023-10-09 13:22:46 - [TEST_STEP][PASSED] - click(findTestObject("Projects/TC031-Verify user can edit product/Page_Landingly  Project Detail/a_Checkout Page Settings")): Object: 'Object Repository/Projects/TC031-Verify user can edit product/Page_Landingly  Project Detail/a_Checkout Page Settings' is clicked on

2023-10-09 13:22:47 - [MESSAGE][PASSED] - Object: 'Object Repository/Projects/TC031-Verify user can edit product/Page_Landingly  Project Detail/a_Checkout Page Settings' is clicked on

2023-10-09 13:22:47 - [TEST_STEP][PASSED] - click(findTestObject("Projects/TC031-Verify user can edit product/Page_Landingly  Project Detail/a_Use This - Copy")): Object: 'Object Repository/Projects/TC031-Verify user can edit product/Page_Landingly  Project Detail/a_Use This - Copy' is clicked on

2023-10-09 13:22:47 - [MESSAGE][PASSED] - Object: 'Object Repository/Projects/TC031-Verify user can edit product/Page_Landingly  Project Detail/a_Use This - Copy' is clicked on

2023-10-09 13:22:47 - [TEST_STEP][PASSED] - click(findTestObject("Projects/TC031-Verify user can edit product/Page_Landingly  Project Detail/button_Save - Copy")): Object: 'Object Repository/Projects/TC031-Verify user can edit product/Page_Landingly  Project Detail/button_Save - Copy' is clicked on

2023-10-09 13:22:49 - [MESSAGE][PASSED] - Object: 'Object Repository/Projects/TC031-Verify user can edit product/Page_Landingly  Project Detail/button_Save - Copy' is clicked on

2023-10-09 13:22:49 - [TEST_STEP][PASSED] - delay(10): Delayed 10 second(s)

2023-10-09 13:22:59 - [MESSAGE][PASSED] - Delayed 10 second(s)

2023-10-09 13:22:59 - [TEST_STEP][PASSED] - verifyElementText(findTestObject("Projects/TC031-Verify user can edit product/Page_Landingly  Project Detail/td_new product"), populateProjectName): Actual text and expected text of test object 'Object Repository/Projects/TC031-Verify user can edit product/Page_Landingly  Project Detail/td_new product' are matched.

2023-10-09 13:23:00 - [MESSAGE][PASSED] - Actual text and expected text of test object 'Object Repository/Projects/TC031-Verify user can edit product/Page_Landingly  Project Detail/td_new product' are matched.

2023-10-09 13:23:00 - [TEST_STEP][PASSED] - closeBrowser(): Browser is closed

2023-10-09 13:23:01 - [MESSAGE][PASSED] - Browser is closed]]></system-out>
         <system-err><![CDATA[]]></system-err>
      </testcase>
      <testcase name="Test Cases/Projects/TC032-Verify user can delete product" time="57.93" classname="Test Cases/Projects/TC032-Verify user can delete product" status="PASSED">
         <system-out><![CDATA[2023-10-09 13:23:01 - [TEST_CASE][PASSED] - Test Cases/Projects/TC032-Verify user can delete product: Test Cases/Projects/TC032-Verify user can delete product

2023-10-09 13:23:02 - [TEST_STEP][PASSED] - openBrowser(""): Browser is opened with url: ''

2023-10-09 13:23:02 - [MESSAGE][INFO] - Starting 'Chrome' driver

2023-10-09 13:23:02 - [MESSAGE][INFO] - Action delay is set to 0 milliseconds

2023-10-09 13:23:05 - [MESSAGE][PASSED] - Browser is opened with url: ''

2023-10-09 13:23:05 - [TEST_STEP][PASSED] - maximizeWindow(): Current window maximized

2023-10-09 13:23:05 - [MESSAGE][PASSED] - Current window maximized

2023-10-09 13:23:05 - [TEST_STEP][PASSED] - navigateToUrl("https://app.landingly.com/"): Navigate to 'https://app.landingly.com/' successfully

2023-10-09 13:23:11 - [MESSAGE][PASSED] - Navigate to 'https://app.landingly.com/' successfully

2023-10-09 13:23:11 - [TEST_STEP][PASSED] - setText(findTestObject("Projects/TC032-Verify user can delete product/Page_Landingly  Login/input_Email_login-email"), "sqaahmadtahir@gmail.com"): Text 'sqaahmadtahir@gmail.com' is set on object 'Object Repository/Projects/TC032-Verify user can delete product/Page_Landingly  Login/input_Email_login-email'

2023-10-09 13:23:12 - [MESSAGE][PASSED] - Text 'sqaahmadtahir@gmail.com' is set on object 'Object Repository/Projects/TC032-Verify user can delete product/Page_Landingly  Login/input_Email_login-email'

2023-10-09 13:23:12 - [TEST_STEP][PASSED] - setEncryptedText(findTestObject("Projects/TC032-Verify user can delete product/Page_Landingly  Login/input_Forgot Password_login-password"), "/5S6MFFLcE5DAenbZpYNsQ=="): Text ****** has been set on object 'Object Repository/Projects/TC032-Verify user can delete product/Page_Landingly  Login/input_Forgot Password_login-password'

2023-10-09 13:23:13 - [MESSAGE][PASSED] - Text ****** has been set on object 'Object Repository/Projects/TC032-Verify user can delete product/Page_Landingly  Login/input_Forgot Password_login-password'

2023-10-09 13:23:13 - [TEST_STEP][PASSED] - click(findTestObject("Projects/TC032-Verify user can delete product/Page_Landingly  Login/button_Sign in")): Object: 'Object Repository/Projects/TC032-Verify user can delete product/Page_Landingly  Login/button_Sign in' is clicked on

2023-10-09 13:23:13 - [MESSAGE][PASSED] - Object: 'Object Repository/Projects/TC032-Verify user can delete product/Page_Landingly  Login/button_Sign in' is clicked on

2023-10-09 13:23:13 - [TEST_STEP][PASSED] - click(findTestObject("Projects/TC032-Verify user can delete product/Page_Landingly/a_Projects")): Object: 'Object Repository/Projects/TC032-Verify user can delete product/Page_Landingly/a_Projects' is clicked on

2023-10-09 13:23:16 - [MESSAGE][PASSED] - Object: 'Object Repository/Projects/TC032-Verify user can delete product/Page_Landingly/a_Projects' is clicked on

2023-10-09 13:23:16 - [TEST_STEP][PASSED] - click(findTestObject("Projects/TC032-Verify user can delete product/Page_Landingly  Projects/button_New Project")): Object: 'Object Repository/Projects/TC032-Verify user can delete product/Page_Landingly  Projects/button_New Project' is clicked on

2023-10-09 13:23:20 - [MESSAGE][PASSED] - Object: 'Object Repository/Projects/TC032-Verify user can delete product/Page_Landingly  Projects/button_New Project' is clicked on

2023-10-09 13:23:20 - [TEST_STEP][PASSED] - setText(findTestObject("Projects/TC032-Verify user can delete product/Page_Landingly  Projects/input__ProjectName"), "sales"): Text 'sales' is set on object 'Object Repository/Projects/TC032-Verify user can delete product/Page_Landingly  Projects/input__ProjectName'

2023-10-09 13:23:22 - [MESSAGE][PASSED] - Text 'sales' is set on object 'Object Repository/Projects/TC032-Verify user can delete product/Page_Landingly  Projects/input__ProjectName'

2023-10-09 13:23:22 - [TEST_STEP][PASSED] - click(findTestObject("Projects/TC032-Verify user can delete product/Page_Landingly  Projects/label_Sales Funnel")): Object: 'Object Repository/Projects/TC032-Verify user can delete product/Page_Landingly  Projects/label_Sales Funnel' is clicked on

2023-10-09 13:23:23 - [MESSAGE][PASSED] - Object: 'Object Repository/Projects/TC032-Verify user can delete product/Page_Landingly  Projects/label_Sales Funnel' is clicked on

2023-10-09 13:23:23 - [TEST_STEP][PASSED] - click(findTestObject("Projects/TC032-Verify user can delete product/Page_Landingly  Projects/button_Build Project")): Object: 'Object Repository/Projects/TC032-Verify user can delete product/Page_Landingly  Projects/button_Build Project' is clicked on

2023-10-09 13:23:24 - [MESSAGE][PASSED] - Object: 'Object Repository/Projects/TC032-Verify user can delete product/Page_Landingly  Projects/button_Build Project' is clicked on

2023-10-09 13:23:24 - [TEST_STEP][PASSED] - click(findTestObject("Projects/TC032-Verify user can delete product/Page_Landingly  Project Detail/a_Use This")): Object: 'Object Repository/Projects/TC032-Verify user can delete product/Page_Landingly  Project Detail/a_Use This' is clicked on

2023-10-09 13:23:30 - [MESSAGE][PASSED] - Object: 'Object Repository/Projects/TC032-Verify user can delete product/Page_Landingly  Project Detail/a_Use This' is clicked on

2023-10-09 13:23:30 - [TEST_STEP][PASSED] - click(findTestObject("Projects/TC032-Verify user can delete product/Page_Landingly  Project Detail/a_Use This")): Object: 'Object Repository/Projects/TC032-Verify user can delete product/Page_Landingly  Project Detail/a_Use This' is clicked on

2023-10-09 13:23:33 - [MESSAGE][PASSED] - Object: 'Object Repository/Projects/TC032-Verify user can delete product/Page_Landingly  Project Detail/a_Use This' is clicked on

2023-10-09 13:23:33 - [TEST_STEP][PASSED] - click(findTestObject("Projects/TC032-Verify user can delete product/Page_Landingly  Project Detail/button_Add New Product")): Object: 'Object Repository/Projects/TC032-Verify user can delete product/Page_Landingly  Project Detail/button_Add New Product' is clicked on

2023-10-09 13:23:35 - [MESSAGE][PASSED] - Object: 'Object Repository/Projects/TC032-Verify user can delete product/Page_Landingly  Project Detail/button_Add New Product' is clicked on

2023-10-09 13:23:35 - [TEST_STEP][PASSED] - populateSalesProjectName = customKeywords.Emailautomation.populateSalesProjectName(): customKeywords.Emailautomation.populateSalesProjectName is PASSED

2023-10-09 13:23:35 - [MESSAGE][PASSED] - customKeywords.Emailautomation.populateSalesProjectName is PASSED

2023-10-09 13:23:35 - [TEST_STEP][PASSED] - setText(findTestObject("Projects/TC032-Verify user can delete product/Page_Landingly  Project Detail/input__ProductName"), populateSalesProjectName): Text 'sales1559702819892900' is set on object 'Object Repository/Projects/TC032-Verify user can delete product/Page_Landingly  Project Detail/input__ProductName'

2023-10-09 13:23:39 - [MESSAGE][PASSED] - Text 'sales1559702819892900' is set on object 'Object Repository/Projects/TC032-Verify user can delete product/Page_Landingly  Project Detail/input__ProductName'

2023-10-09 13:23:39 - [TEST_STEP][PASSED] - setText(findTestObject("Projects/TC032-Verify user can delete product/Page_Landingly  Project Detail/input__ProductPrice"), "02"): Text '02' is set on object 'Object Repository/Projects/TC032-Verify user can delete product/Page_Landingly  Project Detail/input__ProductPrice'

2023-10-09 13:23:40 - [MESSAGE][PASSED] - Text '02' is set on object 'Object Repository/Projects/TC032-Verify user can delete product/Page_Landingly  Project Detail/input__ProductPrice'

2023-10-09 13:23:40 - [TEST_STEP][PASSED] - selectOptionByValue(findTestObject("Projects/TC032-Verify user can delete product/Page_Landingly  Project Detail/select_Select Payment Method PayPal  Stripe_d0e314"), "Select Payment Method", true): All options with value 'Select Payment Method' are selected in object 'Object Repository/Projects/TC032-Verify user can delete product/Page_Landingly  Project Detail/select_Select Payment Method PayPal  Stripe_d0e314'  using regular expression

2023-10-09 13:23:41 - [MESSAGE][PASSED] - All options with value 'Select Payment Method' are selected in object 'Object Repository/Projects/TC032-Verify user can delete product/Page_Landingly  Project Detail/select_Select Payment Method PayPal  Stripe_d0e314'  using regular expression

2023-10-09 13:23:41 - [TEST_STEP][PASSED] - selectOptionByValue(findTestObject("Projects/TC032-Verify user can delete product/Page_Landingly  Project Detail/select_Select Payment Method PayPal  Stripe_d0e314"), "Select Payment Method", true): All options with value 'Select Payment Method' are selected in object 'Object Repository/Projects/TC032-Verify user can delete product/Page_Landingly  Project Detail/select_Select Payment Method PayPal  Stripe_d0e314'  using regular expression

2023-10-09 13:23:43 - [MESSAGE][PASSED] - All options with value 'Select Payment Method' are selected in object 'Object Repository/Projects/TC032-Verify user can delete product/Page_Landingly  Project Detail/select_Select Payment Method PayPal  Stripe_d0e314'  using regular expression

2023-10-09 13:23:43 - [TEST_STEP][PASSED] - selectOptionByValue(findTestObject("Projects/TC032-Verify user can delete product/Page_Landingly  Project Detail/select_Select Payment Method PayPal  Stripe_d0e314"), "2", true): All options with value '2' are selected in object 'Object Repository/Projects/TC032-Verify user can delete product/Page_Landingly  Project Detail/select_Select Payment Method PayPal  Stripe_d0e314'  using regular expression

2023-10-09 13:23:44 - [MESSAGE][PASSED] - All options with value '2' are selected in object 'Object Repository/Projects/TC032-Verify user can delete product/Page_Landingly  Project Detail/select_Select Payment Method PayPal  Stripe_d0e314'  using regular expression

2023-10-09 13:23:44 - [TEST_STEP][PASSED] - selectOptionByValue(findTestObject("Projects/TC032-Verify user can delete product/Page_Landingly  Project Detail/select_Select Payment Method PayPal  Stripe_d0e314"), "2", true): All options with value '2' are selected in object 'Object Repository/Projects/TC032-Verify user can delete product/Page_Landingly  Project Detail/select_Select Payment Method PayPal  Stripe_d0e314'  using regular expression

2023-10-09 13:23:46 - [MESSAGE][PASSED] - All options with value '2' are selected in object 'Object Repository/Projects/TC032-Verify user can delete product/Page_Landingly  Project Detail/select_Select Payment Method PayPal  Stripe_d0e314'  using regular expression

2023-10-09 13:23:46 - [TEST_STEP][PASSED] - click(findTestObject("Projects/TC032-Verify user can delete product/Page_Landingly  Project Detail/a_Checkout Page Settings")): Object: 'Object Repository/Projects/TC032-Verify user can delete product/Page_Landingly  Project Detail/a_Checkout Page Settings' is clicked on

2023-10-09 13:23:47 - [MESSAGE][PASSED] - Object: 'Object Repository/Projects/TC032-Verify user can delete product/Page_Landingly  Project Detail/a_Checkout Page Settings' is clicked on

2023-10-09 13:23:47 - [TEST_STEP][PASSED] - click(findTestObject("Projects/TC032-Verify user can delete product/Page_Landingly  Project Detail/a_Use This")): Object: 'Object Repository/Projects/TC032-Verify user can delete product/Page_Landingly  Project Detail/a_Use This' is clicked on

2023-10-09 13:23:48 - [MESSAGE][PASSED] - Object: 'Object Repository/Projects/TC032-Verify user can delete product/Page_Landingly  Project Detail/a_Use This' is clicked on

2023-10-09 13:23:48 - [TEST_STEP][PASSED] - click(findTestObject("Projects/TC032-Verify user can delete product/Page_Landingly  Project Detail/button_Save")): Object: 'Object Repository/Projects/TC032-Verify user can delete product/Page_Landingly  Project Detail/button_Save' is clicked on

2023-10-09 13:23:50 - [MESSAGE][PASSED] - Object: 'Object Repository/Projects/TC032-Verify user can delete product/Page_Landingly  Project Detail/button_Save' is clicked on

2023-10-09 13:23:50 - [TEST_STEP][PASSED] - verifyElementText(findTestObject("Projects/TC032-Verify user can delete product/Page_Landingly  Project Detail/td_new product"), populateSalesProjectName): Actual text and expected text of test object 'Object Repository/Projects/TC032-Verify user can delete product/Page_Landingly  Project Detail/td_new product' are matched.

2023-10-09 13:23:52 - [MESSAGE][PASSED] - Actual text and expected text of test object 'Object Repository/Projects/TC032-Verify user can delete product/Page_Landingly  Project Detail/td_new product' are matched.

2023-10-09 13:23:52 - [TEST_STEP][PASSED] - click(findTestObject("Projects/TC032-Verify user can delete product/Page_Landingly  Project Detail/btndelete")): Object: 'Object Repository/Projects/TC032-Verify user can delete product/Page_Landingly  Project Detail/btndelete' is clicked on

2023-10-09 13:23:53 - [MESSAGE][PASSED] - Object: 'Object Repository/Projects/TC032-Verify user can delete product/Page_Landingly  Project Detail/btndelete' is clicked on

2023-10-09 13:23:53 - [TEST_STEP][PASSED] - click(findTestObject("Projects/TC032-Verify user can delete product/Page_Landingly  Project Detail/popupdelete")): Object: 'Object Repository/Projects/TC032-Verify user can delete product/Page_Landingly  Project Detail/popupdelete' is clicked on

2023-10-09 13:23:55 - [MESSAGE][PASSED] - Object: 'Object Repository/Projects/TC032-Verify user can delete product/Page_Landingly  Project Detail/popupdelete' is clicked on

2023-10-09 13:23:55 - [TEST_STEP][PASSED] - verifyElementPresent(findTestObject("Projects/TC031-Verify user can edit product/Page_Landingly  Project Detail/td_new product"), 8): Object 'Object Repository/Projects/TC031-Verify user can edit product/Page_Landingly  Project Detail/td_new product' is present

2023-10-09 13:23:57 - [MESSAGE][PASSED] - Object 'Object Repository/Projects/TC031-Verify user can edit product/Page_Landingly  Project Detail/td_new product' is present

2023-10-09 13:23:57 - [TEST_STEP][PASSED] - closeBrowser(): Browser is closed

2023-10-09 13:23:59 - [MESSAGE][PASSED] - Browser is closed]]></system-out>
         <system-err><![CDATA[]]></system-err>
      </testcase>
      <testcase name="Test Cases/Projects/TC033-Verify user can add new email" time="71.498" classname="Test Cases/Projects/TC033-Verify user can add new email" status="FAILED">
         <failure type="FAILED" message="Test Cases/Projects/TC033-Verify user can add new email FAILED.
Reason:
com.kms.katalon.core.exception.StepFailedException: Unable to set text 'mail text automation' of object 'Object Repository/Projects/TC033-Verify user can add new email/Page_Landingly  Project Detail/input_mailbody'
	at com.kms.katalon.core.webui.keyword.internal.WebUIKeywordMain.stepFailed(WebUIKeywordMain.groovy:64)
	at com.kms.katalon.core.webui.keyword.internal.WebUIKeywordMain.runKeyword(WebUIKeywordMain.groovy:26)
	at com.kms.katalon.core.webui.keyword.builtin.SetTextKeyword.setText(SetTextKeyword.groovy:66)
	at com.kms.katalon.core.webui.keyword.builtin.SetTextKeyword.execute(SetTextKeyword.groovy:37)
	at com.kms.katalon.core.keyword.internal.KeywordExecutor.executeKeywordForPlatform(KeywordExecutor.groovy:74)
	at com.kms.katalon.core.webui.keyword.WebUiBuiltInKeywords.setText(WebUiBuiltInKeywords.groovy:980)
	at com.kms.katalon.core.webui.keyword.WebUiBuiltInKeywords$setText$1.call(Unknown Source)
	at TC033-Verify user can add new email.run(TC033-Verify user can add new email:58)
	at com.kms.katalon.core.main.ScriptEngine.run(ScriptEngine.java:194)
	at com.kms.katalon.core.main.ScriptEngine.runScriptAsRawText(ScriptEngine.java:119)
	at com.kms.katalon.core.main.TestCaseExecutor.runScript(TestCaseExecutor.java:448)
	at com.kms.katalon.core.main.TestCaseExecutor.doExecute(TestCaseExecutor.java:439)
	at com.kms.katalon.core.main.TestCaseExecutor.processExecutionPhase(TestCaseExecutor.java:418)
	at com.kms.katalon.core.main.TestCaseExecutor.accessMainPhase(TestCaseExecutor.java:410)
	at com.kms.katalon.core.main.TestCaseExecutor.execute(TestCaseExecutor.java:285)
	at com.kms.katalon.core.common.CommonExecutor.accessTestCaseMainPhase(CommonExecutor.java:65)
	at com.kms.katalon.core.main.TestSuiteExecutor.accessTestSuiteMainPhase(TestSuiteExecutor.java:148)
	at com.kms.katalon.core.main.TestSuiteExecutor.execute(TestSuiteExecutor.java:106)
	at com.kms.katalon.core.main.TestCaseMain.startTestSuite(TestCaseMain.java:187)
	at com.kms.katalon.core.main.TestCaseMain$startTestSuite$0.call(Unknown Source)
	at TempTestSuite1696838480513.run(TempTestSuite1696838480513.groovy:36)
Caused by: com.kms.katalon.core.webui.exception.WebElementNotFoundException: Web element with id: 'Object Repository/Projects/TC033-Verify user can add new email/Page_Landingly  Project Detail/input_mailbody' located by '//body/div[6]/div/div/div/div/span/form/div/div/div[9]/fieldset/div/span/div/div[2]/p' not found
	at com.kms.katalon.core.webui.common.WebUiCommonHelper.findWebElement(WebUiCommonHelper.java:1381)
	at com.kms.katalon.core.webui.keyword.internal.WebUIAbstractKeyword.findWebElement(WebUIAbstractKeyword.groovy:27)
	at com.kms.katalon.core.webui.keyword.internal.WebUIAbstractKeyword.findWebElement(WebUIAbstractKeyword.groovy:26)
	at com.kms.katalon.core.webui.keyword.builtin.SetTextKeyword$_setText_closure1.doCall(SetTextKeyword.groovy:51)
	at com.kms.katalon.core.webui.keyword.builtin.SetTextKeyword$_setText_closure1.call(SetTextKeyword.groovy)
	at com.kms.katalon.core.webui.keyword.internal.WebUIKeywordMain.runKeyword(WebUIKeywordMain.groovy:20)
	... 19 more
"/>
         <system-out><![CDATA[2023-10-09 13:23:59 - [TEST_CASE][FAILED] - Test Cases/Projects/TC033-Verify user can add new email: Test Cases/Projects/TC033-Verify user can add new email FAILED.
Reason:
com.kms.katalon.core.exception.StepFailedException: Unable to set text 'mail text automation' of object 'Object Repository/Projects/TC033-Verify user can add new email/Page_Landingly  Project Detail/input_mailbody'
	at com.kms.katalon.core.webui.keyword.internal.WebUIKeywordMain.stepFailed(WebUIKeywordMain.groovy:64)
	at com.kms.katalon.core.webui.keyword.internal.WebUIKeywordMain.runKeyword(WebUIKeywordMain.groovy:26)
	at com.kms.katalon.core.webui.keyword.builtin.SetTextKeyword.setText(SetTextKeyword.groovy:66)
	at com.kms.katalon.core.webui.keyword.builtin.SetTextKeyword.execute(SetTextKeyword.groovy:37)
	at com.kms.katalon.core.keyword.internal.KeywordExecutor.executeKeywordForPlatform(KeywordExecutor.groovy:74)
	at com.kms.katalon.core.webui.keyword.WebUiBuiltInKeywords.setText(WebUiBuiltInKeywords.groovy:980)
	at com.kms.katalon.core.webui.keyword.WebUiBuiltInKeywords$setText$1.call(Unknown Source)
	at TC033-Verify user can add new email.run(TC033-Verify user can add new email:58)
	at com.kms.katalon.core.main.ScriptEngine.run(ScriptEngine.java:194)
	at com.kms.katalon.core.main.ScriptEngine.runScriptAsRawText(ScriptEngine.java:119)
	at com.kms.katalon.core.main.TestCaseExecutor.runScript(TestCaseExecutor.java:448)
	at com.kms.katalon.core.main.TestCaseExecutor.doExecute(TestCaseExecutor.java:439)
	at com.kms.katalon.core.main.TestCaseExecutor.processExecutionPhase(TestCaseExecutor.java:418)
	at com.kms.katalon.core.main.TestCaseExecutor.accessMainPhase(TestCaseExecutor.java:410)
	at com.kms.katalon.core.main.TestCaseExecutor.execute(TestCaseExecutor.java:285)
	at com.kms.katalon.core.common.CommonExecutor.accessTestCaseMainPhase(CommonExecutor.java:65)
	at com.kms.katalon.core.main.TestSuiteExecutor.accessTestSuiteMainPhase(TestSuiteExecutor.java:148)
	at com.kms.katalon.core.main.TestSuiteExecutor.execute(TestSuiteExecutor.java:106)
	at com.kms.katalon.core.main.TestCaseMain.startTestSuite(TestCaseMain.java:187)
	at com.kms.katalon.core.main.TestCaseMain$startTestSuite$0.call(Unknown Source)
	at TempTestSuite1696838480513.run(TempTestSuite1696838480513.groovy:36)
Caused by: com.kms.katalon.core.webui.exception.WebElementNotFoundException: Web element with id: 'Object Repository/Projects/TC033-Verify user can add new email/Page_Landingly  Project Detail/input_mailbody' located by '//body/div[6]/div/div/div/div/span/form/div/div/div[9]/fieldset/div/span/div/div[2]/p' not found
	at com.kms.katalon.core.webui.common.WebUiCommonHelper.findWebElement(WebUiCommonHelper.java:1381)
	at com.kms.katalon.core.webui.keyword.internal.WebUIAbstractKeyword.findWebElement(WebUIAbstractKeyword.groovy:27)
	at com.kms.katalon.core.webui.keyword.internal.WebUIAbstractKeyword.findWebElement(WebUIAbstractKeyword.groovy:26)
	at com.kms.katalon.core.webui.keyword.builtin.SetTextKeyword$_setText_closure1.doCall(SetTextKeyword.groovy:51)
	at com.kms.katalon.core.webui.keyword.builtin.SetTextKeyword$_setText_closure1.call(SetTextKeyword.groovy)
	at com.kms.katalon.core.webui.keyword.internal.WebUIKeywordMain.runKeyword(WebUIKeywordMain.groovy:20)
	... 19 more


2023-10-09 13:24:00 - [TEST_STEP][PASSED] - openBrowser(""): Browser is opened with url: ''

2023-10-09 13:24:00 - [MESSAGE][INFO] - Starting 'Chrome' driver

2023-10-09 13:24:00 - [MESSAGE][INFO] - Action delay is set to 0 milliseconds

2023-10-09 13:24:02 - [MESSAGE][PASSED] - Browser is opened with url: ''

2023-10-09 13:24:02 - [TEST_STEP][PASSED] - maximizeWindow(): Current window maximized

2023-10-09 13:24:03 - [MESSAGE][PASSED] - Current window maximized

2023-10-09 13:24:03 - [TEST_STEP][PASSED] - navigateToUrl("https://app.landingly.com/"): Navigate to 'https://app.landingly.com/' successfully

2023-10-09 13:24:09 - [MESSAGE][PASSED] - Navigate to 'https://app.landingly.com/' successfully

2023-10-09 13:24:09 - [TEST_STEP][PASSED] - setText(findTestObject("Object Repository/Projects/TC033-Verify user can add new email/Page_Landingly  Login/input_Email_login-email"), "sqaahmadtahir@gmail.com"): Text 'sqaahmadtahir@gmail.com' is set on object 'Object Repository/Projects/TC033-Verify user can add new email/Page_Landingly  Login/input_Email_login-email'

2023-10-09 13:24:10 - [MESSAGE][PASSED] - Text 'sqaahmadtahir@gmail.com' is set on object 'Object Repository/Projects/TC033-Verify user can add new email/Page_Landingly  Login/input_Email_login-email'

2023-10-09 13:24:10 - [TEST_STEP][PASSED] - setEncryptedText(findTestObject("Object Repository/Projects/TC033-Verify user can add new email/Page_Landingly  Login/input_Forgot Password_login-password"), "/5S6MFFLcE5DAenbZpYNsQ=="): Text ****** has been set on object 'Object Repository/Projects/TC033-Verify user can add new email/Page_Landingly  Login/input_Forgot Password_login-password'

2023-10-09 13:24:10 - [MESSAGE][PASSED] - Text ****** has been set on object 'Object Repository/Projects/TC033-Verify user can add new email/Page_Landingly  Login/input_Forgot Password_login-password'

2023-10-09 13:24:10 - [TEST_STEP][PASSED] - click(findTestObject("Object Repository/Projects/TC033-Verify user can add new email/Page_Landingly  Login/button_Sign in")): Object: 'Object Repository/Projects/TC033-Verify user can add new email/Page_Landingly  Login/button_Sign in' is clicked on

2023-10-09 13:24:11 - [MESSAGE][PASSED] - Object: 'Object Repository/Projects/TC033-Verify user can add new email/Page_Landingly  Login/button_Sign in' is clicked on

2023-10-09 13:24:11 - [TEST_STEP][PASSED] - click(findTestObject("Object Repository/Projects/TC033-Verify user can add new email/Page_Landingly/a_Projects")): Object: 'Object Repository/Projects/TC033-Verify user can add new email/Page_Landingly/a_Projects' is clicked on

2023-10-09 13:24:16 - [MESSAGE][PASSED] - Object: 'Object Repository/Projects/TC033-Verify user can add new email/Page_Landingly/a_Projects' is clicked on

2023-10-09 13:24:16 - [TEST_STEP][PASSED] - click(findTestObject("Object Repository/Projects/TC033-Verify user can add new email/Page_Landingly  Projects/button_New Project")): Object: 'Object Repository/Projects/TC033-Verify user can add new email/Page_Landingly  Projects/button_New Project' is clicked on

2023-10-09 13:24:20 - [MESSAGE][PASSED] - Object: 'Object Repository/Projects/TC033-Verify user can add new email/Page_Landingly  Projects/button_New Project' is clicked on

2023-10-09 13:24:20 - [TEST_STEP][PASSED] - setText(findTestObject("Object Repository/Projects/TC033-Verify user can add new email/Page_Landingly  Projects/input__ProjectName"), "new project"): Text 'new project' is set on object 'Object Repository/Projects/TC033-Verify user can add new email/Page_Landingly  Projects/input__ProjectName'

2023-10-09 13:24:23 - [MESSAGE][PASSED] - Text 'new project' is set on object 'Object Repository/Projects/TC033-Verify user can add new email/Page_Landingly  Projects/input__ProjectName'

2023-10-09 13:24:23 - [TEST_STEP][PASSED] - click(findTestObject("Object Repository/Projects/TC033-Verify user can add new email/Page_Landingly  Projects/button_Build Project")): Object: 'Object Repository/Projects/TC033-Verify user can add new email/Page_Landingly  Projects/button_Build Project' is clicked on

2023-10-09 13:24:24 - [MESSAGE][PASSED] - Object: 'Object Repository/Projects/TC033-Verify user can add new email/Page_Landingly  Projects/button_Build Project' is clicked on

2023-10-09 13:24:24 - [TEST_STEP][PASSED] - click(findTestObject("Object Repository/Projects/TC033-Verify user can add new email/Page_Landingly  Project Detail/a_Use This")): Object: 'Object Repository/Projects/TC033-Verify user can add new email/Page_Landingly  Project Detail/a_Use This' is clicked on

2023-10-09 13:24:28 - [MESSAGE][PASSED] - Object: 'Object Repository/Projects/TC033-Verify user can add new email/Page_Landingly  Project Detail/a_Use This' is clicked on

2023-10-09 13:24:28 - [TEST_STEP][PASSED] - click(findTestObject("Object Repository/Projects/TC033-Verify user can add new email/Page_Landingly  Project Detail/a_Use This")): Object: 'Object Repository/Projects/TC033-Verify user can add new email/Page_Landingly  Project Detail/a_Use This' is clicked on

2023-10-09 13:24:30 - [MESSAGE][PASSED] - Object: 'Object Repository/Projects/TC033-Verify user can add new email/Page_Landingly  Project Detail/a_Use This' is clicked on

2023-10-09 13:24:30 - [TEST_STEP][PASSED] - click(findTestObject("Object Repository/Projects/TC033-Verify user can add new email/Page_Landingly  Project Detail/button_Add New Email")): Object: 'Object Repository/Projects/TC033-Verify user can add new email/Page_Landingly  Project Detail/button_Add New Email' is clicked on

2023-10-09 13:24:32 - [MESSAGE][PASSED] - Object: 'Object Repository/Projects/TC033-Verify user can add new email/Page_Landingly  Project Detail/button_Add New Email' is clicked on

2023-10-09 13:24:32 - [TEST_STEP][PASSED] - setText(findTestObject("Object Repository/Projects/TC033-Verify user can add new email/Page_Landingly  Project Detail/input__FromName"), "Ahmad"): Text 'Ahmad' is set on object 'Object Repository/Projects/TC033-Verify user can add new email/Page_Landingly  Project Detail/input__FromName'

2023-10-09 13:24:36 - [MESSAGE][PASSED] - Text 'Ahmad' is set on object 'Object Repository/Projects/TC033-Verify user can add new email/Page_Landingly  Project Detail/input__FromName'

2023-10-09 13:24:36 - [TEST_STEP][PASSED] - setText(findTestObject("Object Repository/Projects/TC033-Verify user can add new email/Page_Landingly  Project Detail/input__Subject"), "My subject"): Text 'My subject' is set on object 'Object Repository/Projects/TC033-Verify user can add new email/Page_Landingly  Project Detail/input__Subject'

2023-10-09 13:24:37 - [MESSAGE][PASSED] - Text 'My subject' is set on object 'Object Repository/Projects/TC033-Verify user can add new email/Page_Landingly  Project Detail/input__Subject'

2023-10-09 13:24:37 - [TEST_STEP][PASSED] - setText(findTestObject("Object Repository/Projects/TC033-Verify user can add new email/Page_Landingly  Project Detail/input__ReplyToEmail"), "sqaahmadtahir@gmail.com"): Text 'sqaahmadtahir@gmail.com' is set on object 'Object Repository/Projects/TC033-Verify user can add new email/Page_Landingly  Project Detail/input__ReplyToEmail'

2023-10-09 13:24:39 - [MESSAGE][PASSED] - Text 'sqaahmadtahir@gmail.com' is set on object 'Object Repository/Projects/TC033-Verify user can add new email/Page_Landingly  Project Detail/input__ReplyToEmail'

2023-10-09 13:24:39 - [TEST_STEP][FAILED] - setText(findTestObject("Projects/TC033-Verify user can add new email/Page_Landingly  Project Detail/input_mailbody"), "mail text automation"): Unable to set text 'mail text automation' of object 'Object Repository/Projects/TC033-Verify user can add new email/Page_Landingly  Project Detail/input_mailbody' (Root cause: com.kms.katalon.core.exception.StepFailedException: Unable to set text 'mail text automation' of object 'Object Repository/Projects/TC033-Verify user can add new email/Page_Landingly  Project Detail/input_mailbody'
	at com.kms.katalon.core.webui.keyword.internal.WebUIKeywordMain.stepFailed(WebUIKeywordMain.groovy:64)
	at com.kms.katalon.core.webui.keyword.internal.WebUIKeywordMain.runKeyword(WebUIKeywordMain.groovy:26)
	at com.kms.katalon.core.webui.keyword.builtin.SetTextKeyword.setText(SetTextKeyword.groovy:66)
	at com.kms.katalon.core.webui.keyword.builtin.SetTextKeyword.execute(SetTextKeyword.groovy:37)
	at com.kms.katalon.core.keyword.internal.KeywordExecutor.executeKeywordForPlatform(KeywordExecutor.groovy:74)
	at com.kms.katalon.core.webui.keyword.WebUiBuiltInKeywords.setText(WebUiBuiltInKeywords.groovy:980)
	at com.kms.katalon.core.webui.keyword.WebUiBuiltInKeywords$setText$1.call(Unknown Source)
	at TC033-Verify user can add new email.run(TC033-Verify user can add new email:58)
	at com.kms.katalon.core.main.ScriptEngine.run(ScriptEngine.java:194)
	at com.kms.katalon.core.main.ScriptEngine.runScriptAsRawText(ScriptEngine.java:119)
	at com.kms.katalon.core.main.TestCaseExecutor.runScript(TestCaseExecutor.java:448)
	at com.kms.katalon.core.main.TestCaseExecutor.doExecute(TestCaseExecutor.java:439)
	at com.kms.katalon.core.main.TestCaseExecutor.processExecutionPhase(TestCaseExecutor.java:418)
	at com.kms.katalon.core.main.TestCaseExecutor.accessMainPhase(TestCaseExecutor.java:410)
	at com.kms.katalon.core.main.TestCaseExecutor.execute(TestCaseExecutor.java:285)
	at com.kms.katalon.core.common.CommonExecutor.accessTestCaseMainPhase(CommonExecutor.java:65)
	at com.kms.katalon.core.main.TestSuiteExecutor.accessTestSuiteMainPhase(TestSuiteExecutor.java:148)
	at com.kms.katalon.core.main.TestSuiteExecutor.execute(TestSuiteExecutor.java:106)
	at com.kms.katalon.core.main.TestCaseMain.startTestSuite(TestCaseMain.java:187)
	at com.kms.katalon.core.main.TestCaseMain$startTestSuite$0.call(Unknown Source)
	at TempTestSuite1696838480513.run(TempTestSuite1696838480513.groovy:36)
Caused by: com.kms.katalon.core.webui.exception.WebElementNotFoundException: Web element with id: 'Object Repository/Projects/TC033-Verify user can add new email/Page_Landingly  Project Detail/input_mailbody' located by '//body/div[6]/div/div/div/div/span/form/div/div/div[9]/fieldset/div/span/div/div[2]/p' not found
	at com.kms.katalon.core.webui.common.WebUiCommonHelper.findWebElement(WebUiCommonHelper.java:1381)
	at com.kms.katalon.core.webui.keyword.internal.WebUIAbstractKeyword.findWebElement(WebUIAbstractKeyword.groovy:27)
	at com.kms.katalon.core.webui.keyword.internal.WebUIAbstractKeyword.findWebElement(WebUIAbstractKeyword.groovy:26)
	at com.kms.katalon.core.webui.keyword.builtin.SetTextKeyword$_setText_closure1.doCall(SetTextKeyword.groovy:51)
	at com.kms.katalon.core.webui.keyword.builtin.SetTextKeyword$_setText_closure1.call(SetTextKeyword.groovy)
	at com.kms.katalon.core.webui.keyword.internal.WebUIKeywordMain.runKeyword(WebUIKeywordMain.groovy:20)
	at com.kms.katalon.core.webui.keyword.builtin.SetTextKeyword.setText(SetTextKeyword.groovy:66)
	at com.kms.katalon.core.webui.keyword.builtin.SetTextKeyword.execute(SetTextKeyword.groovy:37)
	at com.kms.katalon.core.keyword.internal.KeywordExecutor.executeKeywordForPlatform(KeywordExecutor.groovy:74)
	at com.kms.katalon.core.webui.keyword.WebUiBuiltInKeywords.setText(WebUiBuiltInKeywords.groovy:980)
	at com.kms.katalon.core.webui.keyword.WebUiBuiltInKeywords$setText$1.call(Unknown Source)
	at Script1696509799536.run(Script1696509799536.groovy:58)
	... 13 more
)

2023-10-09 13:25:10 - [MESSAGE][INFO] - Unable to find the element located by 'By.xpath: //body/div[6]/div/div/div/div/span/form/div/div/div[9]/fieldset/div/span/div/div[2]/p'. Please recheck the objects properties to make sure the desired element is located. 

2023-10-09 13:25:10 - [MESSAGE][FAILED] - Unable to set text 'mail text automation' of object 'Object Repository/Projects/TC033-Verify user can add new email/Page_Landingly  Project Detail/input_mailbody' (Root cause: com.kms.katalon.core.exception.StepFailedException: Unable to set text 'mail text automation' of object 'Object Repository/Projects/TC033-Verify user can add new email/Page_Landingly  Project Detail/input_mailbody'
	at com.kms.katalon.core.webui.keyword.internal.WebUIKeywordMain.stepFailed(WebUIKeywordMain.groovy:64)
	at com.kms.katalon.core.webui.keyword.internal.WebUIKeywordMain.runKeyword(WebUIKeywordMain.groovy:26)
	at com.kms.katalon.core.webui.keyword.builtin.SetTextKeyword.setText(SetTextKeyword.groovy:66)
	at com.kms.katalon.core.webui.keyword.builtin.SetTextKeyword.execute(SetTextKeyword.groovy:37)
	at com.kms.katalon.core.keyword.internal.KeywordExecutor.executeKeywordForPlatform(KeywordExecutor.groovy:74)
	at com.kms.katalon.core.webui.keyword.WebUiBuiltInKeywords.setText(WebUiBuiltInKeywords.groovy:980)
	at com.kms.katalon.core.webui.keyword.WebUiBuiltInKeywords$setText$1.call(Unknown Source)
	at TC033-Verify user can add new email.run(TC033-Verify user can add new email:58)
	at com.kms.katalon.core.main.ScriptEngine.run(ScriptEngine.java:194)
	at com.kms.katalon.core.main.ScriptEngine.runScriptAsRawText(ScriptEngine.java:119)
	at com.kms.katalon.core.main.TestCaseExecutor.runScript(TestCaseExecutor.java:448)
	at com.kms.katalon.core.main.TestCaseExecutor.doExecute(TestCaseExecutor.java:439)
	at com.kms.katalon.core.main.TestCaseExecutor.processExecutionPhase(TestCaseExecutor.java:418)
	at com.kms.katalon.core.main.TestCaseExecutor.accessMainPhase(TestCaseExecutor.java:410)
	at com.kms.katalon.core.main.TestCaseExecutor.execute(TestCaseExecutor.java:285)
	at com.kms.katalon.core.common.CommonExecutor.accessTestCaseMainPhase(CommonExecutor.java:65)
	at com.kms.katalon.core.main.TestSuiteExecutor.accessTestSuiteMainPhase(TestSuiteExecutor.java:148)
	at com.kms.katalon.core.main.TestSuiteExecutor.execute(TestSuiteExecutor.java:106)
	at com.kms.katalon.core.main.TestCaseMain.startTestSuite(TestCaseMain.java:187)
	at com.kms.katalon.core.main.TestCaseMain$startTestSuite$0.call(Unknown Source)
	at TempTestSuite1696838480513.run(TempTestSuite1696838480513.groovy:36)
Caused by: com.kms.katalon.core.webui.exception.WebElementNotFoundException: Web element with id: 'Object Repository/Projects/TC033-Verify user can add new email/Page_Landingly  Project Detail/input_mailbody' located by '//body/div[6]/div/div/div/div/span/form/div/div/div[9]/fieldset/div/span/div/div[2]/p' not found
	at com.kms.katalon.core.webui.common.WebUiCommonHelper.findWebElement(WebUiCommonHelper.java:1381)
	at com.kms.katalon.core.webui.keyword.internal.WebUIAbstractKeyword.findWebElement(WebUIAbstractKeyword.groovy:27)
	at com.kms.katalon.core.webui.keyword.internal.WebUIAbstractKeyword.findWebElement(WebUIAbstractKeyword.groovy:26)
	at com.kms.katalon.core.webui.keyword.builtin.SetTextKeyword$_setText_closure1.doCall(SetTextKeyword.groovy:51)
	at com.kms.katalon.core.webui.keyword.builtin.SetTextKeyword$_setText_closure1.call(SetTextKeyword.groovy)
	at com.kms.katalon.core.webui.keyword.internal.WebUIKeywordMain.runKeyword(WebUIKeywordMain.groovy:20)
	at com.kms.katalon.core.webui.keyword.builtin.SetTextKeyword.setText(SetTextKeyword.groovy:66)
	at com.kms.katalon.core.webui.keyword.builtin.SetTextKeyword.execute(SetTextKeyword.groovy:37)
	at com.kms.katalon.core.keyword.internal.KeywordExecutor.executeKeywordForPlatform(KeywordExecutor.groovy:74)
	at com.kms.katalon.core.webui.keyword.WebUiBuiltInKeywords.setText(WebUiBuiltInKeywords.groovy:980)
	at com.kms.katalon.core.webui.keyword.WebUiBuiltInKeywords$setText$1.call(Unknown Source)
	at Script1696509799536.run(Script1696509799536.groovy:58)
	... 13 more
)
[[ATTACHMENT|C:\\Users\\TDS\\git\\Landingly\\Reports\\20231009_130120\\Landingly\\20231009_130120\\1696839910472.png]]]]></system-out>
         <system-err><![CDATA[2023-10-09 13:23:59 - [TEST_CASE][FAILED] - Test Cases/Projects/TC033-Verify user can add new email: Test Cases/Projects/TC033-Verify user can add new email FAILED.
Reason:
com.kms.katalon.core.exception.StepFailedException: Unable to set text 'mail text automation' of object 'Object Repository/Projects/TC033-Verify user can add new email/Page_Landingly  Project Detail/input_mailbody'
	at com.kms.katalon.core.webui.keyword.internal.WebUIKeywordMain.stepFailed(WebUIKeywordMain.groovy:64)
	at com.kms.katalon.core.webui.keyword.internal.WebUIKeywordMain.runKeyword(WebUIKeywordMain.groovy:26)
	at com.kms.katalon.core.webui.keyword.builtin.SetTextKeyword.setText(SetTextKeyword.groovy:66)
	at com.kms.katalon.core.webui.keyword.builtin.SetTextKeyword.execute(SetTextKeyword.groovy:37)
	at com.kms.katalon.core.keyword.internal.KeywordExecutor.executeKeywordForPlatform(KeywordExecutor.groovy:74)
	at com.kms.katalon.core.webui.keyword.WebUiBuiltInKeywords.setText(WebUiBuiltInKeywords.groovy:980)
	at com.kms.katalon.core.webui.keyword.WebUiBuiltInKeywords$setText$1.call(Unknown Source)
	at TC033-Verify user can add new email.run(TC033-Verify user can add new email:58)
	at com.kms.katalon.core.main.ScriptEngine.run(ScriptEngine.java:194)
	at com.kms.katalon.core.main.ScriptEngine.runScriptAsRawText(ScriptEngine.java:119)
	at com.kms.katalon.core.main.TestCaseExecutor.runScript(TestCaseExecutor.java:448)
	at com.kms.katalon.core.main.TestCaseExecutor.doExecute(TestCaseExecutor.java:439)
	at com.kms.katalon.core.main.TestCaseExecutor.processExecutionPhase(TestCaseExecutor.java:418)
	at com.kms.katalon.core.main.TestCaseExecutor.accessMainPhase(TestCaseExecutor.java:410)
	at com.kms.katalon.core.main.TestCaseExecutor.execute(TestCaseExecutor.java:285)
	at com.kms.katalon.core.common.CommonExecutor.accessTestCaseMainPhase(CommonExecutor.java:65)
	at com.kms.katalon.core.main.TestSuiteExecutor.accessTestSuiteMainPhase(TestSuiteExecutor.java:148)
	at com.kms.katalon.core.main.TestSuiteExecutor.execute(TestSuiteExecutor.java:106)
	at com.kms.katalon.core.main.TestCaseMain.startTestSuite(TestCaseMain.java:187)
	at com.kms.katalon.core.main.TestCaseMain$startTestSuite$0.call(Unknown Source)
	at TempTestSuite1696838480513.run(TempTestSuite1696838480513.groovy:36)
Caused by: com.kms.katalon.core.webui.exception.WebElementNotFoundException: Web element with id: 'Object Repository/Projects/TC033-Verify user can add new email/Page_Landingly  Project Detail/input_mailbody' located by '//body/div[6]/div/div/div/div/span/form/div/div/div[9]/fieldset/div/span/div/div[2]/p' not found
	at com.kms.katalon.core.webui.common.WebUiCommonHelper.findWebElement(WebUiCommonHelper.java:1381)
	at com.kms.katalon.core.webui.keyword.internal.WebUIAbstractKeyword.findWebElement(WebUIAbstractKeyword.groovy:27)
	at com.kms.katalon.core.webui.keyword.internal.WebUIAbstractKeyword.findWebElement(WebUIAbstractKeyword.groovy:26)
	at com.kms.katalon.core.webui.keyword.builtin.SetTextKeyword$_setText_closure1.doCall(SetTextKeyword.groovy:51)
	at com.kms.katalon.core.webui.keyword.builtin.SetTextKeyword$_setText_closure1.call(SetTextKeyword.groovy)
	at com.kms.katalon.core.webui.keyword.internal.WebUIKeywordMain.runKeyword(WebUIKeywordMain.groovy:20)
	... 19 more]]></system-err>
      </testcase>
      <system-out><![CDATA[2023-10-09 13:01:34 - [TEST_SUITE][FAILED] - Landingly: Test Cases/Contacts/TC001-contacts-Verify user can add new contact FAILED.
Reason:
com.kms.katalon.core.exception.StepFailedException: Unable to click on object 'Object Repository/Contacts/TC001-contacts-Verify user can add new contact/Page_Landingly/a_Contacts'
	at com.kms.katalon.core.webui.keyword.internal.WebUIKeywordMain.stepFailed(WebUIKeywordMain.groovy:64)
	at com.kms.katalon.core.webui.keyword.internal.WebUIKeywordMain.runKeyword(WebUIKeywordMain.groovy:26)
	at com.kms.katalon.core.webui.keyword.builtin.ClickKeyword.click(ClickKeyword.groovy:74)
	at com.kms.katalon.core.webui.keyword.builtin.ClickKeyword.execute(ClickKeyword.groovy:40)
	at com.kms.katalon.core.keyword.internal.KeywordExecutor.executeKeywordForPlatform(KeywordExecutor.groovy:74)
	at com.kms.katalon.core.webui.keyword.WebUiBuiltInKeywords.click(WebUiBuiltInKeywords.groovy:620)
	at com.kms.katalon.core.webui.keyword.WebUiBuiltInKeywords$click$3.call(Unknown Source)
	at TC001-contacts-Verify user can add new contact.run(TC001-contacts-Verify user can add new contact:32)
	at com.kms.katalon.core.main.ScriptEngine.run(ScriptEngine.java:194)
	at com.kms.katalon.core.main.ScriptEngine.runScriptAsRawText(ScriptEngine.java:119)
	at com.kms.katalon.core.main.TestCaseExecutor.runScript(TestCaseExecutor.java:448)
	at com.kms.katalon.core.main.TestCaseExecutor.doExecute(TestCaseExecutor.java:439)
	at com.kms.katalon.core.main.TestCaseExecutor.processExecutionPhase(TestCaseExecutor.java:418)
	at com.kms.katalon.core.main.TestCaseExecutor.accessMainPhase(TestCaseExecutor.java:410)
	at com.kms.katalon.core.main.TestCaseExecutor.execute(TestCaseExecutor.java:285)
	at com.kms.katalon.core.common.CommonExecutor.accessTestCaseMainPhase(CommonExecutor.java:65)
	at com.kms.katalon.core.main.TestSuiteExecutor.accessTestSuiteMainPhase(TestSuiteExecutor.java:148)
	at com.kms.katalon.core.main.TestSuiteExecutor.execute(TestSuiteExecutor.java:106)
	at com.kms.katalon.core.main.TestCaseMain.startTestSuite(TestCaseMain.java:187)
	at com.kms.katalon.core.main.TestCaseMain$startTestSuite$0.call(Unknown Source)
	at TempTestSuite1696838480513.run(TempTestSuite1696838480513.groovy:36)
Caused by: org.openqa.selenium.ElementNotInteractableException: element not interactable
  (Session info: chrome=117.0.5938.149)
Build info: version: '3.141.59', revision: 'e82be7d358', time: '2018-11-14T08:25:53'
System info: host: 'DESKTOP-3BHH4MD', ip: '192.168.0.108', os.name: 'Windows 10', os.arch: 'amd64', os.version: '10.0', java.version: '1.8.0_362'
Driver info: com.kms.katalon.selenium.driver.CChromeDriver
Capabilities {acceptInsecureCerts: false, browserName: chrome, browserVersion: 117.0.5938.149, chrome: {chromedriverVersion: 116.0.5845.96 (1a3918166880..., userDataDir: C:\Users\TDS\AppData\Local\...}, fedcm:accounts: true, goog:chromeOptions: {debuggerAddress: localhost:54084}, javascriptEnabled: true, networkConnectionEnabled: false, pageLoadStrategy: normal, platform: WINDOWS, platformName: WINDOWS, proxy: Proxy(), setWindowRect: true, strictFileInteractability: false, timeouts: {implicit: 0, pageLoad: 300000, script: 30000}, unhandledPromptBehavior: dismiss and notify, webauthn:extension:credBlob: true, webauthn:extension:largeBlob: true, webauthn:extension:minPinLength: true, webauthn:extension:prf: true, webauthn:virtualAuthenticators: true}
Session ID: c827db501cc6a4e55fb5cf1cb1fa8cf4
	at org.openqa.selenium.remote.http.W3CHttpResponseCodec.createException(W3CHttpResponseCodec.java:187)
	at org.openqa.selenium.remote.http.W3CHttpResponseCodec.decode(W3CHttpResponseCodec.java:122)
	at org.openqa.selenium.remote.http.W3CHttpResponseCodec.decode(W3CHttpResponseCodec.java:49)
	at org.openqa.selenium.remote.HttpCommandExecutor.execute(HttpCommandExecutor.java:158)
	at org.openqa.selenium.remote.service.DriverCommandExecutor.execute(DriverCommandExecutor.java:83)
	at org.openqa.selenium.remote.RemoteWebDriver.execute(RemoteWebDriver.java:552)
	at com.kms.katalon.selenium.driver.CChromeDriver.execute(CChromeDriver.java:19)
	at org.openqa.selenium.remote.RemoteWebElement.execute(RemoteWebElement.java:285)
	at org.openqa.selenium.remote.RemoteWebElement.click(RemoteWebElement.java:84)
	at org.openqa.selenium.support.events.EventFiringWebDriver$EventFiringWebElement.lambda$new$0(EventFiringWebDriver.java:404)
	at com.sun.proxy.$Proxy11.click(Unknown Source)
	at org.openqa.selenium.support.events.EventFiringWebDriver$EventFiringWebElement.click(EventFiringWebDriver.java:417)
	at org.openqa.selenium.WebElement$click.call(Unknown Source)
	at com.kms.katalon.core.webui.keyword.builtin.ClickKeyword.clickUntilSuccessWithTimeout(ClickKeyword.groovy:81)
	at com.kms.katalon.core.webui.keyword.builtin.ClickKeyword.clickUntilSuccessWithTimeout(ClickKeyword.groovy)
	at com.kms.katalon.core.webui.keyword.builtin.ClickKeyword$_click_closure1.doCall(ClickKeyword.groovy:67)
	at com.kms.katalon.core.webui.keyword.builtin.ClickKeyword$_click_closure1.call(ClickKeyword.groovy)
	at com.kms.katalon.core.webui.keyword.internal.WebUIKeywordMain.runKeyword(WebUIKeywordMain.groovy:20)
	... 19 more]]></system-out>
      <system-err><![CDATA[2023-10-09 13:01:34 - [TEST_SUITE][FAILED] - Landingly: Test Cases/Contacts/TC001-contacts-Verify user can add new contact FAILED.
Reason:
com.kms.katalon.core.exception.StepFailedException: Unable to click on object 'Object Repository/Contacts/TC001-contacts-Verify user can add new contact/Page_Landingly/a_Contacts'
	at com.kms.katalon.core.webui.keyword.internal.WebUIKeywordMain.stepFailed(WebUIKeywordMain.groovy:64)
	at com.kms.katalon.core.webui.keyword.internal.WebUIKeywordMain.runKeyword(WebUIKeywordMain.groovy:26)
	at com.kms.katalon.core.webui.keyword.builtin.ClickKeyword.click(ClickKeyword.groovy:74)
	at com.kms.katalon.core.webui.keyword.builtin.ClickKeyword.execute(ClickKeyword.groovy:40)
	at com.kms.katalon.core.keyword.internal.KeywordExecutor.executeKeywordForPlatform(KeywordExecutor.groovy:74)
	at com.kms.katalon.core.webui.keyword.WebUiBuiltInKeywords.click(WebUiBuiltInKeywords.groovy:620)
	at com.kms.katalon.core.webui.keyword.WebUiBuiltInKeywords$click$3.call(Unknown Source)
	at TC001-contacts-Verify user can add new contact.run(TC001-contacts-Verify user can add new contact:32)
	at com.kms.katalon.core.main.ScriptEngine.run(ScriptEngine.java:194)
	at com.kms.katalon.core.main.ScriptEngine.runScriptAsRawText(ScriptEngine.java:119)
	at com.kms.katalon.core.main.TestCaseExecutor.runScript(TestCaseExecutor.java:448)
	at com.kms.katalon.core.main.TestCaseExecutor.doExecute(TestCaseExecutor.java:439)
	at com.kms.katalon.core.main.TestCaseExecutor.processExecutionPhase(TestCaseExecutor.java:418)
	at com.kms.katalon.core.main.TestCaseExecutor.accessMainPhase(TestCaseExecutor.java:410)
	at com.kms.katalon.core.main.TestCaseExecutor.execute(TestCaseExecutor.java:285)
	at com.kms.katalon.core.common.CommonExecutor.accessTestCaseMainPhase(CommonExecutor.java:65)
	at com.kms.katalon.core.main.TestSuiteExecutor.accessTestSuiteMainPhase(TestSuiteExecutor.java:148)
	at com.kms.katalon.core.main.TestSuiteExecutor.execute(TestSuiteExecutor.java:106)
	at com.kms.katalon.core.main.TestCaseMain.startTestSuite(TestCaseMain.java:187)
	at com.kms.katalon.core.main.TestCaseMain$startTestSuite$0.call(Unknown Source)
	at TempTestSuite1696838480513.run(TempTestSuite1696838480513.groovy:36)
Caused by: org.openqa.selenium.ElementNotInteractableException: element not interactable
  (Session info: chrome=117.0.5938.149)
Build info: version: '3.141.59', revision: 'e82be7d358', time: '2018-11-14T08:25:53'
System info: host: 'DESKTOP-3BHH4MD', ip: '192.168.0.108', os.name: 'Windows 10', os.arch: 'amd64', os.version: '10.0', java.version: '1.8.0_362'
Driver info: com.kms.katalon.selenium.driver.CChromeDriver
Capabilities {acceptInsecureCerts: false, browserName: chrome, browserVersion: 117.0.5938.149, chrome: {chromedriverVersion: 116.0.5845.96 (1a3918166880..., userDataDir: C:\Users\TDS\AppData\Local\...}, fedcm:accounts: true, goog:chromeOptions: {debuggerAddress: localhost:54084}, javascriptEnabled: true, networkConnectionEnabled: false, pageLoadStrategy: normal, platform: WINDOWS, platformName: WINDOWS, proxy: Proxy(), setWindowRect: true, strictFileInteractability: false, timeouts: {implicit: 0, pageLoad: 300000, script: 30000}, unhandledPromptBehavior: dismiss and notify, webauthn:extension:credBlob: true, webauthn:extension:largeBlob: true, webauthn:extension:minPinLength: true, webauthn:extension:prf: true, webauthn:virtualAuthenticators: true}
Session ID: c827db501cc6a4e55fb5cf1cb1fa8cf4
	at org.openqa.selenium.remote.http.W3CHttpResponseCodec.createException(W3CHttpResponseCodec.java:187)
	at org.openqa.selenium.remote.http.W3CHttpResponseCodec.decode(W3CHttpResponseCodec.java:122)
	at org.openqa.selenium.remote.http.W3CHttpResponseCodec.decode(W3CHttpResponseCodec.java:49)
	at org.openqa.selenium.remote.HttpCommandExecutor.execute(HttpCommandExecutor.java:158)
	at org.openqa.selenium.remote.service.DriverCommandExecutor.execute(DriverCommandExecutor.java:83)
	at org.openqa.selenium.remote.RemoteWebDriver.execute(RemoteWebDriver.java:552)
	at com.kms.katalon.selenium.driver.CChromeDriver.execute(CChromeDriver.java:19)
	at org.openqa.selenium.remote.RemoteWebElement.execute(RemoteWebElement.java:285)
	at org.openqa.selenium.remote.RemoteWebElement.click(RemoteWebElement.java:84)
	at org.openqa.selenium.support.events.EventFiringWebDriver$EventFiringWebElement.lambda$new$0(EventFiringWebDriver.java:404)
	at com.sun.proxy.$Proxy11.click(Unknown Source)
	at org.openqa.selenium.support.events.EventFiringWebDriver$EventFiringWebElement.click(EventFiringWebDriver.java:417)
	at org.openqa.selenium.WebElement$click.call(Unknown Source)
	at com.kms.katalon.core.webui.keyword.builtin.ClickKeyword.clickUntilSuccessWithTimeout(ClickKeyword.groovy:81)
	at com.kms.katalon.core.webui.keyword.builtin.ClickKeyword.clickUntilSuccessWithTimeout(ClickKeyword.groovy)
	at com.kms.katalon.core.webui.keyword.builtin.ClickKeyword$_click_closure1.doCall(ClickKeyword.groovy:67)
	at com.kms.katalon.core.webui.keyword.builtin.ClickKeyword$_click_closure1.call(ClickKeyword.groovy)
	at com.kms.katalon.core.webui.keyword.internal.WebUIKeywordMain.runKeyword(WebUIKeywordMain.groovy:20)
	... 19 more]]></system-err>
   </testsuite>
</testsuites>
